2023-04-27 19:52:39.613: my pid: 23437
2023-04-27 19:52:39.613: model: model.general_recommender.GNNEC_longtail
2023-04-27 19:52:39.613: Dataset statistics:
Name: amazon-book
The number of users: 7928
The number of items: 29346
The number of ratings: 460224
Average actions of users: 58.05
Average actions of items: 15.68
The sparsity of the dataset: 99.802186%

The number of training: 417417
The number of validation: 0
The number of testing: 42807
2023-04-27 19:52:39.614: NeuRec:[NeuRec]:
recommender=GNNEC_longtail
dataset=amazon-book
file_column=UI
sep=','
gpu_id=0
gpu_mem=0.99
metric=["Precision", "Recall", "NDCG"]
top_k=[20]
test_thread=8
test_batch_size=128
seed=2021
start_testing_epoch=0

GNNEC_longtail:[hyperparameters]:
mf_reg=1e-4
svd_q=5
aug_type=ED
reg=1e-4
embed_size=64
n_layers=2
ssl_reg=0.02
ssl_ratio=0.5
ssl_temp=1
ssl_mode=both_side
lr=1e-3
learner=adam
adj_type=pre
epochs=200
batch_size=2048
num_negatives=1
param_init=xavier_uniform
stddev=0.01
verbose=1
stop_cnt=10
pretrain_flag=1
save_flag=0

Command line:
recommender=GNNEC_longtail
save_flag=0
pretrain_flag=1
dataset=amazon-book
epochs=200
batch_size=2048
embed_size=64
n_layers=2
lr=1e-3
aug_type=ED
reg=1e-4
ssl_reg=0.02
ssl_ratio=0.5
ssl_temp=1
mf_reg=1e-4
svd_q=5
2023-04-27 19:52:44.736: metrics:	Precision@20	Recall@20   	NDCG@20     
2023-04-27 19:52:44.736: best_result@epoch 0:

2023-04-27 19:52:44.911: user_inter_cnt:0~35, 		0.00030488  	0.00116349  	0.00068664  
2023-04-27 19:52:45.009: user_inter_cnt:35~40, 		0.00016353  	0.00086633  	0.00040617  
2023-04-27 19:52:45.137: user_inter_cnt:40~50, 		0.00025063  	0.00095725  	0.00106072  
2023-04-27 19:52:45.216: user_inter_cnt:50~60, 		0.00029412  	0.00103340  	0.00073141  
2023-04-27 19:52:45.268: user_inter_cnt:60~70, 		0.00008306  	0.00018457  	0.00013015  
