2023-05-03 21:23:47.558: my pid: 8591
2023-05-03 21:23:47.558: model: model.general_recommender.GNNEC_longtail
2023-05-03 21:23:47.559: Dataset statistics:
Name: amazon-book
The number of users: 7928
The number of items: 29346
The number of ratings: 460224
Average actions of users: 58.05
Average actions of items: 15.68
The sparsity of the dataset: 99.802186%

The number of training: 417417
The number of validation: 0
The number of testing: 42807
2023-05-03 21:23:47.559: NeuRec:[NeuRec]:
recommender=GNNEC_longtail
dataset=amazon-book
file_column=UI
sep=','
gpu_id=0
gpu_mem=0.99
metric=["Precision", "Recall", "NDCG"]
top_k=[20]
test_thread=8
test_batch_size=128
seed=2021
start_testing_epoch=0

GNNEC_longtail:[hyperparameters]:
mf_reg=1e-4
svd_q=5
aug_type=ND
reg=1e-4
embed_size=64
n_layers=2
ssl_reg=0.02
ssl_ratio=0.5
ssl_temp=0.8
ssl_mode=both_side
lr=1e-3
learner=adam
adj_type=pre
epochs=200
batch_size=2048
num_negatives=1
param_init=xavier_uniform
stddev=0.01
verbose=1
stop_cnt=10
pretrain_flag=1
save_flag=0

Command line:
recommender=GNNEC_longtail
save_flag=0
pretrain_flag=1
dataset=amazon-book
epochs=200
n_layers=2
embed_size=64
batch_size=2048
lr=1e-3
aug_type=ND
reg=1e-4
ssl_reg=0.02
ssl_ratio=0.5
ssl_temp=0.8
mf_reg=1e-4
svd_q=5
2023-05-03 21:23:54.110: metrics:	Precision@20	Recall@20   	NDCG@20     
2023-05-03 21:23:54.110: best_result@epoch 0:

2023-05-03 21:23:54.330: user_inter_cnt:0~35, 		0.03436786  	0.13761111  	0.09714663  
2023-05-03 21:23:54.458: user_inter_cnt:35~40, 		0.03336046  	0.14046906  	0.09617104  
2023-05-03 21:23:54.604: user_inter_cnt:40~50, 		0.03292588  	0.13319123  	0.09421343  
2023-05-03 21:23:54.713: user_inter_cnt:50~60, 		0.03279403  	0.12981012  	0.09434427  
2023-05-03 21:23:54.782: user_inter_cnt:60~70, 		0.03538206  	0.14142816  	0.09755202  
