2023-09-02 09:43:32.302: my pid: 31279
2023-09-02 09:43:32.302: model: model.general_recommender.GNNEC
2023-09-02 09:43:32.303: Dataset statistics:
Name: gowalla-20core
The number of users: 11113
The number of items: 18074
The number of ratings: 523315
Average actions of users: 47.09
Average actions of items: 28.95
The sparsity of the dataset: 99.739458%

The number of training: 475362
The number of validation: 0
The number of testing: 47953
2023-09-02 09:43:32.303: NeuRec:[NeuRec]:
recommender=GNNEC
dataset=gowalla-20core
file_column=UI
sep=','
gpu_id=0
gpu_mem=0.99
metric=["Precision", "Recall", "NDCG"]
top_k=[20]
test_thread=8
test_batch_size=128
seed=2021
start_testing_epoch=0

GNNEC:[hyperparameters]:
mf_reg=0.02
svd_q=5
aug_type=ND
reg=1e-4
embed_size=32
n_layers=2
ssl_reg=0.02
ssl_ratio=0.5
ssl_temp=2
ssl_mode=both_side
lr=1e-3
learner=adam
adj_type=pre
epochs=200
batch_size=2048
num_negatives=1
param_init=xavier_uniform
stddev=0.01
verbose=1
stop_cnt=10
pretrain_flag=0
save_flag=0

Command line:
recommender=GNNEC
dataset=gowalla-20core
epochs=200
n_layers=2
embed_size=32
batch_size=2048
lr=1e-3
aug_type=ND
reg=1e-4
ssl_reg=0.02
ssl_ratio=0.5
ssl_temp=2
mf_reg=0.02
svd_q=5
2023-09-02 09:43:45.029: metrics:	Precision@20	Recall@20   	NDCG@20     
2023-09-02 09:43:57.380: [iter 1 : loss : 1.3439 = 0.6107 + 0.3665 + 0.0000 + 0.3666, time: 12.350846]
2023-09-02 09:43:58.020: epoch 1:	0.01854640  	0.09718139  	0.06464666  
2023-09-02 09:43:58.026: Find a better model.
2023-09-02 09:44:10.059: [iter 2 : loss : 1.1110 = 0.4254 + 0.3424 + 0.0002 + 0.3430, time: 12.008086]
2023-09-02 09:44:10.674: epoch 2:	0.02008520  	0.10543384  	0.07144953  
2023-09-02 09:44:10.674: Find a better model.
2023-09-02 09:44:22.363: [iter 3 : loss : 1.0149 = 0.3518 + 0.3310 + 0.0003 + 0.3318, time: 11.666114]
2023-09-02 09:44:23.011: epoch 3:	0.02094010  	0.11042789  	0.07610080  
2023-09-02 09:44:23.012: Find a better model.
2023-09-02 09:44:34.763: [iter 4 : loss : 0.9601 = 0.3107 + 0.3241 + 0.0004 + 0.3249, time: 11.725362]
2023-09-02 09:44:35.402: epoch 4:	0.02174099  	0.11472852  	0.07955318  
2023-09-02 09:44:35.402: Find a better model.
2023-09-02 09:44:47.205: [iter 5 : loss : 0.9220 = 0.2826 + 0.3191 + 0.0005 + 0.3198, time: 11.784927]
2023-09-02 09:44:47.777: epoch 5:	0.02245189  	0.11836422  	0.08225570  
2023-09-02 09:44:47.777: Find a better model.
2023-09-02 09:44:59.176: [iter 6 : loss : 0.8944 = 0.2630 + 0.3151 + 0.0005 + 0.3157, time: 11.381105]
2023-09-02 09:44:59.802: epoch 6:	0.02312228  	0.12222850  	0.08467263  
2023-09-02 09:44:59.803: Find a better model.
2023-09-02 09:45:11.210: [iter 7 : loss : 0.8719 = 0.2473 + 0.3117 + 0.0006 + 0.3123, time: 11.392031]
2023-09-02 09:45:11.825: epoch 7:	0.02363511  	0.12483663  	0.08635321  
2023-09-02 09:45:11.825: Find a better model.
2023-09-02 09:45:23.540: [iter 8 : loss : 0.8557 = 0.2369 + 0.3088 + 0.0007 + 0.3093, time: 11.699564]
2023-09-02 09:45:24.180: epoch 8:	0.02400400  	0.12656367  	0.08750576  
2023-09-02 09:45:24.180: Find a better model.
2023-09-02 09:45:35.929: [iter 9 : loss : 0.8405 = 0.2270 + 0.3062 + 0.0007 + 0.3066, time: 11.729475]
2023-09-02 09:45:36.560: epoch 9:	0.02439537  	0.12851632  	0.08916715  
2023-09-02 09:45:36.560: Find a better model.
2023-09-02 09:45:48.241: [iter 10 : loss : 0.8278 = 0.2186 + 0.3040 + 0.0008 + 0.3044, time: 11.662441]
2023-09-02 09:45:48.873: epoch 10:	0.02459780  	0.12972535  	0.09008794  
2023-09-02 09:45:48.873: Find a better model.
2023-09-02 09:46:00.577: [iter 11 : loss : 0.8168 = 0.2120 + 0.3018 + 0.0009 + 0.3021, time: 11.685810]
2023-09-02 09:46:01.205: epoch 11:	0.02488571  	0.13101006  	0.09094745  
2023-09-02 09:46:01.205: Find a better model.
2023-09-02 09:46:12.945: [iter 12 : loss : 0.8062 = 0.2054 + 0.2999 + 0.0009 + 0.3000, time: 11.721559]
2023-09-02 09:46:13.594: epoch 12:	0.02505216  	0.13187782  	0.09181808  
2023-09-02 09:46:13.594: Find a better model.
2023-09-02 09:46:25.362: [iter 13 : loss : 0.7968 = 0.1997 + 0.2980 + 0.0010 + 0.2981, time: 11.747626]
2023-09-02 09:46:25.971: epoch 13:	0.02523660  	0.13335802  	0.09247300  
2023-09-02 09:46:25.971: Find a better model.
2023-09-02 09:46:37.719: [iter 14 : loss : 0.7893 = 0.1958 + 0.2963 + 0.0010 + 0.2962, time: 11.732203]
2023-09-02 09:46:38.290: epoch 14:	0.02540305  	0.13413386  	0.09304776  
2023-09-02 09:46:38.290: Find a better model.
2023-09-02 09:46:49.690: [iter 15 : loss : 0.7833 = 0.1929 + 0.2947 + 0.0011 + 0.2945, time: 11.387026]
2023-09-02 09:46:50.320: epoch 15:	0.02562348  	0.13508473  	0.09374396  
2023-09-02 09:46:50.320: Find a better model.
2023-09-02 09:47:02.105: [iter 16 : loss : 0.7772 = 0.1896 + 0.2934 + 0.0011 + 0.2930, time: 11.764785]
2023-09-02 09:47:02.745: epoch 16:	0.02578092  	0.13600820  	0.09432290  
2023-09-02 09:47:02.745: Find a better model.
2023-09-02 09:47:14.585: [iter 17 : loss : 0.7693 = 0.1847 + 0.2919 + 0.0012 + 0.2915, time: 11.821584]
2023-09-02 09:47:15.190: epoch 17:	0.02591587  	0.13629518  	0.09463543  
2023-09-02 09:47:15.190: Find a better model.
2023-09-02 09:47:26.884: [iter 18 : loss : 0.7644 = 0.1825 + 0.2906 + 0.0013 + 0.2900, time: 11.678737]
2023-09-02 09:47:27.513: epoch 18:	0.02611380  	0.13690545  	0.09514453  
2023-09-02 09:47:27.514: Find a better model.
2023-09-02 09:47:39.192: [iter 19 : loss : 0.7587 = 0.1794 + 0.2894 + 0.0013 + 0.2887, time: 11.660843]
2023-09-02 09:47:39.825: epoch 19:	0.02633872  	0.13817823  	0.09591445  
2023-09-02 09:47:39.826: Find a better model.
2023-09-02 09:47:51.556: [iter 20 : loss : 0.7548 = 0.1781 + 0.2880 + 0.0014 + 0.2873, time: 11.711918]
2023-09-02 09:47:52.146: epoch 20:	0.02654564  	0.13901597  	0.09645581  
2023-09-02 09:47:52.146: Find a better model.
2023-09-02 09:48:03.921: [iter 21 : loss : 0.7505 = 0.1761 + 0.2870 + 0.0014 + 0.2860, time: 11.754170]
2023-09-02 09:48:04.517: epoch 21:	0.02666261  	0.13977860  	0.09697545  
2023-09-02 09:48:04.517: Find a better model.
2023-09-02 09:48:16.314: [iter 22 : loss : 0.7440 = 0.1720 + 0.2858 + 0.0015 + 0.2847, time: 11.777891]
2023-09-02 09:48:16.959: epoch 22:	0.02681106  	0.14051974  	0.09743803  
2023-09-02 09:48:16.959: Find a better model.
2023-09-02 09:48:28.666: [iter 23 : loss : 0.7388 = 0.1692 + 0.2846 + 0.0015 + 0.2834, time: 11.690782]
2023-09-02 09:48:29.316: epoch 23:	0.02700450  	0.14138824  	0.09792792  
2023-09-02 09:48:29.317: Find a better model.
2023-09-02 09:48:41.054: [iter 24 : loss : 0.7341 = 0.1668 + 0.2835 + 0.0016 + 0.2822, time: 11.718684]
2023-09-02 09:48:41.670: epoch 24:	0.02713046  	0.14205338  	0.09846654  
2023-09-02 09:48:41.670: Find a better model.
2023-09-02 09:48:53.371: [iter 25 : loss : 0.7310 = 0.1659 + 0.2825 + 0.0016 + 0.2810, time: 11.683295]
2023-09-02 09:48:54.001: epoch 25:	0.02719793  	0.14238830  	0.09883095  
2023-09-02 09:48:54.001: Find a better model.
2023-09-02 09:49:05.796: [iter 26 : loss : 0.7271 = 0.1642 + 0.2814 + 0.0017 + 0.2799, time: 11.774717]
2023-09-02 09:49:06.427: epoch 26:	0.02732839  	0.14295056  	0.09929585  
2023-09-02 09:49:06.427: Find a better model.
2023-09-02 09:49:18.254: [iter 27 : loss : 0.7224 = 0.1616 + 0.2803 + 0.0017 + 0.2787, time: 11.810826]
2023-09-02 09:49:18.901: epoch 27:	0.02746783  	0.14355712  	0.09971037  
2023-09-02 09:49:18.901: Find a better model.
