2023-11-03 19:33:16.719: my pid: 3403
2023-11-03 19:33:16.719: model: model.general_recommender.GNNEC
2023-11-03 19:33:16.719: Dataset statistics:
Name: gowalla-20core
The number of users: 11113
The number of items: 18074
The number of ratings: 523315
Average actions of users: 47.09
Average actions of items: 28.95
The sparsity of the dataset: 99.739458%

The number of training: 475362
The number of validation: 0
The number of testing: 47953
2023-11-03 19:33:16.719: NeuRec:[NeuRec]:
recommender=GNNEC
dataset=gowalla-20core
file_column=UI
sep=','
gpu_id=0
gpu_mem=0.99
metric=["Precision", "Recall", "NDCG"]
top_k=[20]
test_thread=8
test_batch_size=128
seed=2021
start_testing_epoch=0

GNNEC:[hyperparameters]:
mf_reg=1e-4
svd_q=5
aug_type=ND
reg=1e-4
embed_size=64
n_layers=2
ssl_reg=0.02
ssl_ratio=0.5
ssl_temp=0.2
ssl_mode=both_side
lr=1e-3
learner=adam
adj_type=pre
epochs=200
batch_size=2048
num_negatives=1
param_init=xavier_uniform
stddev=0.01
verbose=1
stop_cnt=10
pretrain_flag=0
save_flag=0

Command line:
recommender=GNNEC
dataset=gowalla-20core
epochs=200
n_layers=2
embed_size=64
batch_size=2048
lr=1e-3
aug_type=ND
reg=1e-4
ssl_reg=0.02
ssl_ratio=0.5
ssl_temp=0.2
mf_reg=1e-4
svd_q=5
2023-11-03 19:33:20.767: metrics:	Precision@20	Recall@20   	NDCG@20     
2023-11-03 19:33:34.931: [iter 1 : loss : 0.8359 = 0.6037 + 0.2310 + 0.0000 + 0.0012, time: 14.163032]
2023-11-03 19:33:35.597: epoch 1:	0.02361262  	0.12521113  	0.08826799  
2023-11-03 19:33:35.597: Find a better model.
2023-11-03 19:33:48.975: [iter 2 : loss : 0.5142 = 0.4385 + 0.0752 + 0.0002 + 0.0003, time: 13.357060]
2023-11-03 19:33:49.602: epoch 2:	0.02591140  	0.13699363  	0.09683290  
2023-11-03 19:33:49.602: Find a better model.
2023-11-03 19:34:02.865: [iter 3 : loss : 0.3760 = 0.3673 + 0.0084 + 0.0003 + -0.0000, time: 13.246127]
2023-11-03 19:34:03.497: epoch 3:	0.02733293  	0.14431041  	0.10217042  
2023-11-03 19:34:03.497: Find a better model.
2023-11-03 19:34:16.788: [iter 4 : loss : 0.2810 = 0.3246 + -0.0438 + 0.0005 + -0.0003, time: 13.274241]
2023-11-03 19:34:17.441: epoch 4:	0.02836309  	0.14988755  	0.10570060  
2023-11-03 19:34:17.441: Find a better model.
2023-11-03 19:34:30.737: [iter 5 : loss : 0.2150 = 0.2979 + -0.0830 + 0.0006 + -0.0005, time: 13.273397]
2023-11-03 19:34:31.370: epoch 5:	0.02901091  	0.15314963  	0.10880821  
2023-11-03 19:34:31.370: Find a better model.
2023-11-03 19:34:44.540: [iter 6 : loss : 0.1638 = 0.2773 + -0.1135 + 0.0007 + -0.0007, time: 13.153465]
2023-11-03 19:34:45.171: epoch 6:	0.02981614  	0.15705733  	0.11072396  
2023-11-03 19:34:45.171: Find a better model.
2023-11-03 19:34:58.328: [iter 7 : loss : 0.1175 = 0.2618 + -0.1442 + 0.0009 + -0.0009, time: 13.140944]
2023-11-03 19:34:58.954: epoch 7:	0.03036050  	0.15953931  	0.11323767  
2023-11-03 19:34:58.955: Find a better model.
2023-11-03 19:35:12.085: [iter 8 : loss : 0.0730 = 0.2489 + -0.1759 + 0.0010 + -0.0010, time: 13.112675]
2023-11-03 19:35:12.715: epoch 8:	0.03103078  	0.16309211  	0.11468495  
2023-11-03 19:35:12.715: Find a better model.
2023-11-03 19:35:25.955: [iter 9 : loss : 0.0324 = 0.2389 + -0.2065 + 0.0011 + -0.0012, time: 13.218502]
2023-11-03 19:35:26.585: epoch 9:	0.03145815  	0.16520825  	0.11656895  
2023-11-03 19:35:26.585: Find a better model.
2023-11-03 19:35:39.933: [iter 10 : loss : -0.0022 = 0.2287 + -0.2308 + 0.0012 + -0.0013, time: 13.329271]
2023-11-03 19:35:40.553: epoch 10:	0.03193953  	0.16765945  	0.11822396  
2023-11-03 19:35:40.554: Find a better model.
2023-11-03 19:35:53.744: [iter 11 : loss : -0.0338 = 0.2224 + -0.2562 + 0.0014 + -0.0014, time: 13.169095]
2023-11-03 19:35:54.372: epoch 11:	0.03248838  	0.17041785  	0.11990691  
2023-11-03 19:35:54.372: Find a better model.
2023-11-03 19:36:07.945: [iter 12 : loss : -0.0705 = 0.2132 + -0.2837 + 0.0015 + -0.0015, time: 13.550789]
2023-11-03 19:36:08.539: epoch 12:	0.03285277  	0.17238641  	0.12165107  
2023-11-03 19:36:08.539: Find a better model.
2023-11-03 19:36:21.376: [iter 13 : loss : -0.0982 = 0.2076 + -0.3057 + 0.0017 + -0.0017, time: 12.815935]
2023-11-03 19:36:21.991: epoch 13:	0.03328014  	0.17413366  	0.12278908  
2023-11-03 19:36:21.992: Find a better model.
2023-11-03 19:36:35.187: [iter 14 : loss : -0.1289 = 0.2017 + -0.3307 + 0.0018 + -0.0018, time: 13.179081]
2023-11-03 19:36:35.811: epoch 14:	0.03356358  	0.17563199  	0.12381873  
2023-11-03 19:36:35.811: Find a better model.
2023-11-03 19:36:49.140: [iter 15 : loss : -0.1562 = 0.1971 + -0.3533 + 0.0020 + -0.0019, time: 13.311849]
2023-11-03 19:36:49.733: epoch 15:	0.03390097  	0.17714699  	0.12535323  
2023-11-03 19:36:49.733: Find a better model.
2023-11-03 19:37:03.017: [iter 16 : loss : -0.1827 = 0.1937 + -0.3765 + 0.0021 + -0.0020, time: 13.266059]
2023-11-03 19:37:03.647: epoch 16:	0.03434635  	0.17942476  	0.12676369  
2023-11-03 19:37:03.648: Find a better model.
2023-11-03 19:37:17.046: [iter 17 : loss : -0.2102 = 0.1876 + -0.3979 + 0.0023 + -0.0021, time: 13.377845]
2023-11-03 19:37:17.658: epoch 17:	0.03448582  	0.18023226  	0.12721860  
2023-11-03 19:37:17.658: Find a better model.
2023-11-03 19:37:30.779: [iter 18 : loss : -0.2364 = 0.1850 + -0.4216 + 0.0025 + -0.0023, time: 13.098346]
2023-11-03 19:37:31.380: epoch 18:	0.03472425  	0.18154313  	0.12751159  
2023-11-03 19:37:31.380: Find a better model.
2023-11-03 19:37:44.344: [iter 19 : loss : -0.2570 = 0.1827 + -0.4400 + 0.0027 + -0.0024, time: 12.946396]
2023-11-03 19:37:44.950: epoch 19:	0.03493568  	0.18215241  	0.12834147  
2023-11-03 19:37:44.950: Find a better model.
2023-11-03 19:37:58.129: [iter 20 : loss : -0.2827 = 0.1795 + -0.4626 + 0.0028 + -0.0025, time: 13.162145]
2023-11-03 19:37:58.760: epoch 20:	0.03514264  	0.18281011  	0.12937722  
2023-11-03 19:37:58.760: Find a better model.
2023-11-03 19:38:12.109: [iter 21 : loss : -0.3028 = 0.1787 + -0.4819 + 0.0030 + -0.0026, time: 13.330728]
2023-11-03 19:38:12.741: epoch 21:	0.03548453  	0.18405326  	0.13002378  
2023-11-03 19:38:12.741: Find a better model.
2023-11-03 19:38:26.094: [iter 22 : loss : -0.3239 = 0.1755 + -0.4998 + 0.0032 + -0.0027, time: 13.334554]
2023-11-03 19:38:26.685: epoch 22:	0.03580397  	0.18555751  	0.13068028  
2023-11-03 19:38:26.685: Find a better model.
2023-11-03 19:38:40.155: [iter 23 : loss : -0.3472 = 0.1715 + -0.5193 + 0.0034 + -0.0028, time: 13.451437]
2023-11-03 19:38:40.789: epoch 23:	0.03595242  	0.18627161  	0.13135566  
2023-11-03 19:38:40.790: Find a better model.
2023-11-03 19:38:54.010: [iter 24 : loss : -0.3659 = 0.1711 + -0.5377 + 0.0035 + -0.0029, time: 13.201779]
2023-11-03 19:38:54.623: epoch 24:	0.03604691  	0.18681435  	0.13213526  
2023-11-03 19:38:54.623: Find a better model.
2023-11-03 19:39:08.113: [iter 25 : loss : -0.3826 = 0.1710 + -0.5544 + 0.0037 + -0.0029, time: 13.473677]
2023-11-03 19:39:08.749: epoch 25:	0.03613238  	0.18706623  	0.13201967  
2023-11-03 19:39:08.749: Find a better model.
2023-11-03 19:39:21.923: [iter 26 : loss : -0.4030 = 0.1683 + -0.5722 + 0.0039 + -0.0030, time: 13.155801]
2023-11-03 19:39:22.543: epoch 26:	0.03639781  	0.18861626  	0.13282409  
2023-11-03 19:39:22.543: Find a better model.
2023-11-03 19:39:35.724: [iter 27 : loss : -0.4210 = 0.1673 + -0.5893 + 0.0041 + -0.0031, time: 13.164051]
2023-11-03 19:39:36.343: epoch 27:	0.03666323  	0.18991013  	0.13359828  
2023-11-03 19:39:36.344: Find a better model.
2023-11-03 19:39:49.673: [iter 28 : loss : -0.4364 = 0.1672 + -0.6047 + 0.0043 + -0.0032, time: 13.312438]
2023-11-03 19:39:50.291: epoch 28:	0.03694215  	0.19182159  	0.13453104  
2023-11-03 19:39:50.292: Find a better model.
2023-11-03 19:40:03.504: [iter 29 : loss : -0.4546 = 0.1651 + -0.6209 + 0.0045 + -0.0033, time: 13.195240]
2023-11-03 19:40:04.117: epoch 29:	0.03705011  	0.19214216  	0.13481471  
2023-11-03 19:40:04.117: Find a better model.
2023-11-03 19:40:17.509: [iter 30 : loss : -0.4696 = 0.1634 + -0.6344 + 0.0047 + -0.0034, time: 13.376251]
2023-11-03 19:40:18.155: epoch 30:	0.03712210  	0.19276078  	0.13553986  
2023-11-03 19:40:18.155: Find a better model.
2023-11-03 19:40:31.521: [iter 31 : loss : -0.4835 = 0.1639 + -0.6488 + 0.0049 + -0.0034, time: 13.343124]
2023-11-03 19:40:32.146: epoch 31:	0.03718958  	0.19307543  	0.13555910  
2023-11-03 19:40:32.147: Find a better model.
2023-11-03 19:40:45.540: [iter 32 : loss : -0.4994 = 0.1625 + -0.6634 + 0.0051 + -0.0035, time: 13.376756]
2023-11-03 19:40:46.135: epoch 32:	0.03739654  	0.19402139  	0.13635218  
2023-11-03 19:40:46.135: Find a better model.
2023-11-03 19:40:59.571: [iter 33 : loss : -0.5115 = 0.1649 + -0.6780 + 0.0053 + -0.0036, time: 13.421428]
2023-11-03 19:41:00.184: epoch 33:	0.03749998  	0.19453357  	0.13634351  
2023-11-03 19:41:00.185: Find a better model.
2023-11-03 19:41:13.567: [iter 34 : loss : -0.5247 = 0.1658 + -0.6923 + 0.0055 + -0.0036, time: 13.361774]
2023-11-03 19:41:14.189: epoch 34:	0.03765744  	0.19497706  	0.13693057  
2023-11-03 19:41:14.189: Find a better model.
2023-11-03 19:41:27.575: [iter 35 : loss : -0.5412 = 0.1631 + -0.7062 + 0.0056 + -0.0037, time: 13.368138]
2023-11-03 19:41:28.216: epoch 35:	0.03776992  	0.19590077  	0.13710026  
2023-11-03 19:41:28.216: Find a better model.
2023-11-03 19:41:41.552: [iter 36 : loss : -0.5511 = 0.1648 + -0.7180 + 0.0058 + -0.0038, time: 13.316299]
2023-11-03 19:41:42.186: epoch 36:	0.03780591  	0.19604099  	0.13744657  
2023-11-03 19:41:42.186: Find a better model.
2023-11-03 19:41:55.577: [iter 37 : loss : -0.5653 = 0.1638 + -0.7313 + 0.0060 + -0.0038, time: 13.373028]
2023-11-03 19:41:56.199: epoch 37:	0.03790038  	0.19625767  	0.13782570  
2023-11-03 19:41:56.199: Find a better model.
2023-11-03 19:42:09.487: [iter 38 : loss : -0.5772 = 0.1646 + -0.7442 + 0.0062 + -0.0039, time: 13.270475]
2023-11-03 19:42:10.115: epoch 38:	0.03805785  	0.19714858  	0.13826564  
2023-11-03 19:42:10.115: Find a better model.
2023-11-03 19:42:23.429: [iter 39 : loss : -0.5870 = 0.1661 + -0.7556 + 0.0064 + -0.0040, time: 13.298434]
2023-11-03 19:42:24.054: epoch 39:	0.03816135  	0.19760124  	0.13866155  
2023-11-03 19:42:24.054: Find a better model.
2023-11-03 19:42:37.474: [iter 40 : loss : -0.6012 = 0.1654 + -0.7692 + 0.0066 + -0.0040, time: 13.401192]
2023-11-03 19:42:38.099: epoch 40:	0.03813884  	0.19766679  	0.13851699  
2023-11-03 19:42:38.099: Find a better model.
2023-11-03 19:42:51.443: [iter 41 : loss : -0.6141 = 0.1638 + -0.7807 + 0.0068 + -0.0041, time: 13.327964]
2023-11-03 19:42:52.063: epoch 41:	0.03818383  	0.19778903  	0.13878682  
2023-11-03 19:42:52.063: Find a better model.
2023-11-03 19:43:05.453: [iter 42 : loss : -0.6230 = 0.1667 + -0.7926 + 0.0070 + -0.0042, time: 13.371769]
2023-11-03 19:43:06.078: epoch 42:	0.03826030  	0.19798627  	0.13922018  
2023-11-03 19:43:06.079: Find a better model.
2023-11-03 19:43:19.411: [iter 43 : loss : -0.6314 = 0.1691 + -0.8035 + 0.0072 + -0.0042, time: 13.316038]
2023-11-03 19:43:20.046: epoch 43:	0.03834578  	0.19842166  	0.13957006  
2023-11-03 19:43:20.046: Find a better model.
2023-11-03 19:43:33.288: [iter 44 : loss : -0.6466 = 0.1651 + -0.8148 + 0.0074 + -0.0043, time: 13.226658]
2023-11-03 19:43:33.913: epoch 44:	0.03835926  	0.19818780  	0.13992140  
2023-11-03 19:43:47.123: [iter 45 : loss : -0.6533 = 0.1679 + -0.8245 + 0.0076 + -0.0043, time: 13.192213]
2023-11-03 19:43:47.758: epoch 45:	0.03857072  	0.19922207  	0.14024541  
2023-11-03 19:43:47.758: Find a better model.
2023-11-03 19:44:01.043: [iter 46 : loss : -0.6660 = 0.1674 + -0.8369 + 0.0078 + -0.0044, time: 13.268147]
2023-11-03 19:44:01.669: epoch 46:	0.03857972  	0.19902001  	0.14013699  
2023-11-03 19:44:14.920: [iter 47 : loss : -0.6794 = 0.1648 + -0.8478 + 0.0080 + -0.0044, time: 13.231523]
2023-11-03 19:44:15.520: epoch 47:	0.03864271  	0.19969036  	0.14049865  
2023-11-03 19:44:15.520: Find a better model.
2023-11-03 19:44:28.752: [iter 48 : loss : -0.6841 = 0.1701 + -0.8580 + 0.0083 + -0.0045, time: 13.213928]
2023-11-03 19:44:29.347: epoch 48:	0.03859772  	0.19938882  	0.14070238  
2023-11-03 19:44:42.624: [iter 49 : loss : -0.6943 = 0.1700 + -0.8681 + 0.0085 + -0.0046, time: 13.262089]
2023-11-03 19:44:43.261: epoch 49:	0.03871018  	0.19982103  	0.14094993  
2023-11-03 19:44:43.262: Find a better model.
2023-11-03 19:44:56.562: [iter 50 : loss : -0.7090 = 0.1666 + -0.8796 + 0.0087 + -0.0046, time: 13.283740]
2023-11-03 19:44:57.180: epoch 50:	0.03876868  	0.20039995  	0.14132047  
2023-11-03 19:44:57.180: Find a better model.
2023-11-03 19:45:10.516: [iter 51 : loss : -0.7158 = 0.1706 + -0.8906 + 0.0089 + -0.0047, time: 13.320410]
2023-11-03 19:45:11.135: epoch 51:	0.03878667  	0.20060079  	0.14125793  
2023-11-03 19:45:11.135: Find a better model.
2023-11-03 19:45:24.412: [iter 52 : loss : -0.7228 = 0.1747 + -0.9018 + 0.0091 + -0.0047, time: 13.262780]
2023-11-03 19:45:25.010: epoch 52:	0.03883167  	0.20068124  	0.14140326  
2023-11-03 19:45:25.011: Find a better model.
2023-11-03 19:45:38.382: [iter 53 : loss : -0.7359 = 0.1711 + -0.9115 + 0.0093 + -0.0048, time: 13.350431]
2023-11-03 19:45:39.019: epoch 53:	0.03882267  	0.20057285  	0.14136621  
2023-11-03 19:45:52.355: [iter 54 : loss : -0.7419 = 0.1738 + -0.9204 + 0.0095 + -0.0048, time: 13.313797]
2023-11-03 19:45:52.991: epoch 54:	0.03894415  	0.20103566  	0.14175019  
2023-11-03 19:45:52.991: Find a better model.
2023-11-03 19:46:06.264: [iter 55 : loss : -0.7480 = 0.1785 + -0.9313 + 0.0097 + -0.0049, time: 13.252240]
2023-11-03 19:46:06.884: epoch 55:	0.03894415  	0.20130239  	0.14234605  
2023-11-03 19:46:06.885: Find a better model.
2023-11-03 19:46:20.186: [iter 56 : loss : -0.7637 = 0.1722 + -0.9409 + 0.0099 + -0.0049, time: 13.283974]
2023-11-03 19:46:20.818: epoch 56:	0.03889916  	0.20122460  	0.14206918  
2023-11-03 19:46:34.230: [iter 57 : loss : -0.7737 = 0.1719 + -0.9507 + 0.0101 + -0.0050, time: 13.395534]
2023-11-03 19:46:34.870: epoch 57:	0.03894414  	0.20162281  	0.14199191  
2023-11-03 19:46:34.870: Find a better model.
2023-11-03 19:46:48.131: [iter 58 : loss : -0.7768 = 0.1774 + -0.9595 + 0.0103 + -0.0050, time: 13.244823]
2023-11-03 19:46:48.731: epoch 58:	0.03907461  	0.20223053  	0.14241479  
2023-11-03 19:46:48.731: Find a better model.
2023-11-03 19:47:02.266: [iter 59 : loss : -0.7833 = 0.1803 + -0.9691 + 0.0105 + -0.0051, time: 13.515764]
2023-11-03 19:47:02.906: epoch 59:	0.03907463  	0.20237337  	0.14249988  
2023-11-03 19:47:02.906: Find a better model.
2023-11-03 19:47:16.247: [iter 60 : loss : -0.7974 = 0.1759 + -0.9789 + 0.0107 + -0.0051, time: 13.322788]
2023-11-03 19:47:16.816: epoch 60:	0.03921409  	0.20303354  	0.14273903  
2023-11-03 19:47:16.816: Find a better model.
2023-11-03 19:47:29.973: [iter 61 : loss : -0.8045 = 0.1780 + -0.9883 + 0.0109 + -0.0052, time: 13.139417]
2023-11-03 19:47:30.594: epoch 61:	0.03925009  	0.20328984  	0.14269811  
2023-11-03 19:47:30.594: Find a better model.
2023-11-03 19:47:43.884: [iter 62 : loss : -0.8123 = 0.1789 + -0.9971 + 0.0111 + -0.0052, time: 13.274283]
2023-11-03 19:47:44.448: epoch 62:	0.03924109  	0.20281523  	0.14266336  
2023-11-03 19:47:57.768: [iter 63 : loss : -0.8223 = 0.1772 + -1.0056 + 0.0114 + -0.0052, time: 13.302537]
2023-11-03 19:47:58.393: epoch 63:	0.03935807  	0.20358586  	0.14295632  
2023-11-03 19:47:58.393: Find a better model.
2023-11-03 19:48:11.685: [iter 64 : loss : -0.8291 = 0.1795 + -1.0149 + 0.0116 + -0.0053, time: 13.274063]
2023-11-03 19:48:12.291: epoch 64:	0.03945704  	0.20387654  	0.14300618  
2023-11-03 19:48:12.292: Find a better model.
2023-11-03 19:48:25.624: [iter 65 : loss : -0.8354 = 0.1802 + -1.0221 + 0.0118 + -0.0053, time: 13.318172]
2023-11-03 19:48:26.241: epoch 65:	0.03936707  	0.20349485  	0.14275308  
2023-11-03 19:48:39.528: [iter 66 : loss : -0.8433 = 0.1820 + -1.0319 + 0.0120 + -0.0054, time: 13.272835]
2023-11-03 19:48:40.146: epoch 66:	0.03938057  	0.20361143  	0.14296538  
2023-11-03 19:48:53.563: [iter 67 : loss : -0.8503 = 0.1844 + -1.0415 + 0.0122 + -0.0054, time: 13.400634]
2023-11-03 19:48:54.182: epoch 67:	0.03947955  	0.20389289  	0.14318645  
2023-11-03 19:48:54.182: Find a better model.
2023-11-03 19:49:07.559: [iter 68 : loss : -0.8566 = 0.1872 + -1.0507 + 0.0124 + -0.0055, time: 13.359272]
2023-11-03 19:49:08.208: epoch 68:	0.03956502  	0.20434242  	0.14331049  
2023-11-03 19:49:08.208: Find a better model.
2023-11-03 19:49:21.656: [iter 69 : loss : -0.8705 = 0.1804 + -1.0580 + 0.0126 + -0.0055, time: 13.428948]
2023-11-03 19:49:22.294: epoch 69:	0.03959651  	0.20415381  	0.14314236  
2023-11-03 19:49:35.627: [iter 70 : loss : -0.8715 = 0.1888 + -1.0676 + 0.0128 + -0.0056, time: 13.316731]
2023-11-03 19:49:36.259: epoch 70:	0.03953354  	0.20403263  	0.14311579  
2023-11-03 19:49:49.560: [iter 71 : loss : -0.8813 = 0.1869 + -1.0757 + 0.0131 + -0.0056, time: 13.283231]
2023-11-03 19:49:50.149: epoch 71:	0.03952453  	0.20403425  	0.14325757  
2023-11-03 19:50:03.488: [iter 72 : loss : -0.8883 = 0.1880 + -1.0839 + 0.0133 + -0.0056, time: 13.321171]
2023-11-03 19:50:04.127: epoch 72:	0.03964149  	0.20465009  	0.14356139  
2023-11-03 19:50:04.128: Find a better model.
2023-11-03 19:50:17.476: [iter 73 : loss : -0.8976 = 0.1875 + -1.0928 + 0.0135 + -0.0057, time: 13.332842]
2023-11-03 19:50:18.086: epoch 73:	0.03976746  	0.20550323  	0.14383295  
2023-11-03 19:50:18.087: Find a better model.
2023-11-03 19:50:31.260: [iter 74 : loss : -0.9021 = 0.1907 + -1.1007 + 0.0137 + -0.0057, time: 13.158231]
2023-11-03 19:50:31.891: epoch 74:	0.03977647  	0.20537101  	0.14409916  
2023-11-03 19:50:45.226: [iter 75 : loss : -0.9124 = 0.1896 + -1.1102 + 0.0139 + -0.0058, time: 13.318834]
2023-11-03 19:50:45.850: epoch 75:	0.03976747  	0.20515850  	0.14402157  
2023-11-03 19:50:59.142: [iter 76 : loss : -0.9179 = 0.1906 + -1.1168 + 0.0141 + -0.0058, time: 13.275215]
2023-11-03 19:50:59.783: epoch 76:	0.03979446  	0.20520139  	0.14393936  
2023-11-03 19:51:13.125: [iter 77 : loss : -0.9230 = 0.1926 + -1.1241 + 0.0143 + -0.0058, time: 13.323152]
2023-11-03 19:51:13.721: epoch 77:	0.03992491  	0.20603603  	0.14425561  
2023-11-03 19:51:13.722: Find a better model.
2023-11-03 19:51:26.996: [iter 78 : loss : -0.9310 = 0.1935 + -1.1332 + 0.0146 + -0.0059, time: 13.258538]
2023-11-03 19:51:27.641: epoch 78:	0.04002842  	0.20630692  	0.14448908  
2023-11-03 19:51:27.641: Find a better model.
2023-11-03 19:51:40.971: [iter 79 : loss : -0.9368 = 0.1956 + -1.1412 + 0.0148 + -0.0059, time: 13.311487]
2023-11-03 19:51:41.600: epoch 79:	0.03995195  	0.20591989  	0.14427985  
2023-11-03 19:51:54.921: [iter 80 : loss : -0.9451 = 0.1951 + -1.1492 + 0.0150 + -0.0060, time: 13.303894]
2023-11-03 19:51:55.561: epoch 80:	0.03993843  	0.20587684  	0.14436039  
2023-11-03 19:52:08.596: [iter 81 : loss : -0.9486 = 0.1997 + -1.1575 + 0.0152 + -0.0060, time: 13.018741]
2023-11-03 19:52:09.171: epoch 81:	0.03992494  	0.20580934  	0.14412510  
2023-11-03 19:52:22.599: [iter 82 : loss : -0.9592 = 0.1959 + -1.1644 + 0.0154 + -0.0060, time: 13.411431]
2023-11-03 19:52:23.219: epoch 82:	0.03998791  	0.20629086  	0.14450757  
2023-11-03 19:52:36.531: [iter 83 : loss : -0.9661 = 0.1960 + -1.1717 + 0.0156 + -0.0061, time: 13.294109]
2023-11-03 19:52:37.161: epoch 83:	0.04006439  	0.20654470  	0.14453597  
2023-11-03 19:52:37.162: Find a better model.
2023-11-03 19:52:50.457: [iter 84 : loss : -0.9698 = 0.1998 + -1.1793 + 0.0158 + -0.0061, time: 13.278162]
2023-11-03 19:52:51.031: epoch 84:	0.04005991  	0.20678358  	0.14473026  
2023-11-03 19:52:51.031: Find a better model.
2023-11-03 19:53:04.175: [iter 85 : loss : -0.9805 = 0.1969 + -1.1873 + 0.0161 + -0.0062, time: 13.126618]
2023-11-03 19:53:04.797: epoch 85:	0.04005989  	0.20680259  	0.14482906  
2023-11-03 19:53:04.797: Find a better model.
2023-11-03 19:53:18.200: [iter 86 : loss : -0.9840 = 0.2015 + -1.1955 + 0.0163 + -0.0062, time: 13.380709]
2023-11-03 19:53:18.825: epoch 86:	0.04008690  	0.20686574  	0.14487709  
2023-11-03 19:53:18.825: Find a better model.
2023-11-03 19:53:32.169: [iter 87 : loss : -0.9869 = 0.2053 + -1.2025 + 0.0165 + -0.0062, time: 13.328083]
2023-11-03 19:53:32.781: epoch 87:	0.04012739  	0.20696844  	0.14501213  
2023-11-03 19:53:32.781: Find a better model.
2023-11-03 19:53:46.080: [iter 88 : loss : -0.9945 = 0.2039 + -1.2088 + 0.0167 + -0.0063, time: 13.277660]
2023-11-03 19:53:46.703: epoch 88:	0.04010938  	0.20706686  	0.14516418  
2023-11-03 19:53:46.703: Find a better model.
2023-11-03 19:54:00.038: [iter 89 : loss : -0.9995 = 0.2074 + -1.2175 + 0.0169 + -0.0063, time: 13.316969]
2023-11-03 19:54:00.673: epoch 89:	0.04017237  	0.20726979  	0.14526565  
2023-11-03 19:54:00.673: Find a better model.
2023-11-03 19:54:13.875: [iter 90 : loss : -1.0119 = 0.2019 + -1.2246 + 0.0171 + -0.0064, time: 13.184698]
2023-11-03 19:54:14.488: epoch 90:	0.04017688  	0.20750986  	0.14546984  
2023-11-03 19:54:14.488: Find a better model.
2023-11-03 19:54:27.684: [iter 91 : loss : -1.0166 = 0.2041 + -1.2317 + 0.0173 + -0.0064, time: 13.181180]
2023-11-03 19:54:28.314: epoch 91:	0.04009588  	0.20718154  	0.14540043  
2023-11-03 19:54:41.648: [iter 92 : loss : -1.0187 = 0.2097 + -1.2396 + 0.0176 + -0.0064, time: 13.315794]
2023-11-03 19:54:42.273: epoch 92:	0.04016338  	0.20726989  	0.14525931  
2023-11-03 19:54:55.656: [iter 93 : loss : -1.0255 = 0.2083 + -1.2451 + 0.0178 + -0.0065, time: 13.363931]
2023-11-03 19:54:56.290: epoch 93:	0.04030284  	0.20800637  	0.14558263  
2023-11-03 19:54:56.291: Find a better model.
2023-11-03 19:55:09.608: [iter 94 : loss : -1.0325 = 0.2099 + -1.2538 + 0.0180 + -0.0065, time: 13.301526]
2023-11-03 19:55:10.237: epoch 94:	0.04030734  	0.20806417  	0.14564215  
2023-11-03 19:55:10.237: Find a better model.
2023-11-03 19:55:23.484: [iter 95 : loss : -1.0411 = 0.2063 + -1.2591 + 0.0182 + -0.0065, time: 13.231439]
2023-11-03 19:55:24.110: epoch 95:	0.04032985  	0.20807883  	0.14569823  
2023-11-03 19:55:24.110: Find a better model.
2023-11-03 19:55:37.438: [iter 96 : loss : nan = nan + nan + nan + nan, time: 13.311057]
2023-11-03 19:55:37.998: epoch 96:	0.00015297  	0.00062539  	0.00032772  
2023-11-03 19:55:51.285: [iter 97 : loss : nan = nan + nan + nan + nan, time: 13.268453]
2023-11-03 19:55:51.857: epoch 97:	0.00015297  	0.00062539  	0.00032772  
2023-11-03 19:56:04.996: [iter 98 : loss : nan = nan + nan + nan + nan, time: 13.120670]
2023-11-03 19:56:05.566: epoch 98:	0.00015297  	0.00062539  	0.00032772  
2023-11-03 19:56:18.785: [iter 99 : loss : nan = nan + nan + nan + nan, time: 13.201369]
2023-11-03 19:56:19.347: epoch 99:	0.00015297  	0.00062539  	0.00032772  
2023-11-03 19:56:32.591: [iter 100 : loss : nan = nan + nan + nan + nan, time: 13.228505]
2023-11-03 19:56:33.161: epoch 100:	0.00015297  	0.00062539  	0.00032772  
2023-11-03 19:56:46.328: [iter 101 : loss : nan = nan + nan + nan + nan, time: 13.151123]
2023-11-03 19:56:46.899: epoch 101:	0.00015297  	0.00062539  	0.00032772  
2023-11-03 19:57:00.224: [iter 102 : loss : nan = nan + nan + nan + nan, time: 13.305658]
2023-11-03 19:57:00.795: epoch 102:	0.00015297  	0.00062539  	0.00032772  
2023-11-03 19:57:13.972: [iter 103 : loss : nan = nan + nan + nan + nan, time: 13.158840]
2023-11-03 19:57:14.543: epoch 103:	0.00015297  	0.00062539  	0.00032772  
2023-11-03 19:57:27.828: [iter 104 : loss : nan = nan + nan + nan + nan, time: 13.265939]
2023-11-03 19:57:28.397: epoch 104:	0.00015297  	0.00062539  	0.00032772  
2023-11-03 19:57:41.732: [iter 105 : loss : nan = nan + nan + nan + nan, time: 13.317361]
2023-11-03 19:57:42.310: epoch 105:	0.00015297  	0.00062539  	0.00032772  
2023-11-03 19:57:42.310: Early stopping is trigger at epoch: 105
2023-11-03 19:57:42.310: best_result@epoch 95:

2023-11-03 19:57:42.310: 		0.0403      	0.2081      	0.1457      
