2023-09-02 09:59:21.795: my pid: 31171
2023-09-02 09:59:21.795: model: model.general_recommender.GNNEC
2023-09-02 09:59:21.795: Dataset statistics:
Name: gowalla-20core
The number of users: 11113
The number of items: 18074
The number of ratings: 523315
Average actions of users: 47.09
Average actions of items: 28.95
The sparsity of the dataset: 99.739458%

The number of training: 475362
The number of validation: 0
The number of testing: 47953
2023-09-02 09:59:21.795: NeuRec:[NeuRec]:
recommender=GNNEC
dataset=gowalla-20core
file_column=UI
sep=','
gpu_id=0
gpu_mem=0.99
metric=["Precision", "Recall", "NDCG"]
top_k=[20]
test_thread=8
test_batch_size=128
seed=2021
start_testing_epoch=0

GNNEC:[hyperparameters]:
mf_reg=0.02
svd_q=5
aug_type=ND
reg=1e-4
embed_size=32
n_layers=2
ssl_reg=0.02
ssl_ratio=0.2
ssl_temp=5
ssl_mode=both_side
lr=1e-3
learner=adam
adj_type=pre
epochs=300
batch_size=2048
num_negatives=1
param_init=xavier_uniform
stddev=0.01
verbose=1
stop_cnt=10
pretrain_flag=0
save_flag=0

Command line:
recommender=GNNEC
dataset=gowalla-20core
epochs=300
n_layers=2
embed_size=32
batch_size=2048
lr=1e-3
aug_type=ND
reg=1e-4
ssl_reg=0.02
ssl_ratio=0.2
ssl_temp=5
mf_reg=0.02
svd_q=5
2023-09-02 09:59:34.853: metrics:	Precision@20	Recall@20   	NDCG@20     
2023-09-02 09:59:47.951: [iter 1 : loss : 1.3654 = 0.6132 + 0.3761 + 0.0000 + 0.3761, time: 13.096906]
2023-09-02 09:59:48.640: epoch 1:	0.01758352  	0.09125417  	0.06089295  
2023-09-02 09:59:48.641: Find a better model.
2023-09-02 10:00:01.255: [iter 2 : loss : 1.1681 = 0.4349 + 0.3665 + 0.0002 + 0.3666, time: 12.590597]
2023-09-02 10:00:01.937: epoch 2:	0.01934730  	0.10129802  	0.06896508  
2023-09-02 10:00:01.937: Find a better model.
2023-09-02 10:00:14.435: [iter 3 : loss : 1.0834 = 0.3588 + 0.3621 + 0.0003 + 0.3622, time: 12.469664]
2023-09-02 10:00:15.094: epoch 3:	0.02077811  	0.10915691  	0.07563274  
2023-09-02 10:00:15.094: Find a better model.
2023-09-02 10:00:27.565: [iter 4 : loss : 1.0358 = 0.3164 + 0.3595 + 0.0004 + 0.3596, time: 12.453731]
2023-09-02 10:00:28.255: epoch 4:	0.02190747  	0.11495484  	0.07948216  
2023-09-02 10:00:28.255: Find a better model.
2023-09-02 10:00:40.760: [iter 5 : loss : 1.0023 = 0.2867 + 0.3575 + 0.0004 + 0.3576, time: 12.487135]
2023-09-02 10:00:41.419: epoch 5:	0.02254639  	0.11841246  	0.08200554  
2023-09-02 10:00:41.419: Find a better model.
2023-09-02 10:00:54.033: [iter 6 : loss : 0.9793 = 0.2667 + 0.3561 + 0.0005 + 0.3561, time: 12.594548]
2023-09-02 10:00:54.725: epoch 6:	0.02296033  	0.12052060  	0.08398975  
2023-09-02 10:00:54.725: Find a better model.
2023-09-02 10:01:07.282: [iter 7 : loss : 0.9598 = 0.2496 + 0.3548 + 0.0006 + 0.3549, time: 12.536536]
2023-09-02 10:01:07.918: epoch 7:	0.02321226  	0.12176163  	0.08521780  
2023-09-02 10:01:07.919: Find a better model.
2023-09-02 10:01:20.379: [iter 8 : loss : 0.9469 = 0.2387 + 0.3538 + 0.0006 + 0.3538, time: 12.438545]
2023-09-02 10:01:21.019: epoch 8:	0.02360812  	0.12401658  	0.08663253  
2023-09-02 10:01:21.019: Find a better model.
2023-09-02 10:01:33.611: [iter 9 : loss : 0.9346 = 0.2282 + 0.3528 + 0.0007 + 0.3529, time: 12.577803]
2023-09-02 10:01:34.239: epoch 9:	0.02395901  	0.12604542  	0.08790721  
2023-09-02 10:01:34.239: Find a better model.
2023-09-02 10:01:46.729: [iter 10 : loss : 0.9253 = 0.2204 + 0.3521 + 0.0007 + 0.3521, time: 12.471586]
2023-09-02 10:01:47.376: epoch 10:	0.02420193  	0.12745205  	0.08881257  
2023-09-02 10:01:47.376: Find a better model.
2023-09-02 10:01:59.847: [iter 11 : loss : 0.9159 = 0.2125 + 0.3514 + 0.0008 + 0.3513, time: 12.449263]
2023-09-02 10:02:00.509: epoch 11:	0.02454382  	0.12913455  	0.08983012  
2023-09-02 10:02:00.509: Find a better model.
2023-09-02 10:02:13.033: [iter 12 : loss : 0.9086 = 0.2064 + 0.3507 + 0.0008 + 0.3507, time: 12.502658]
2023-09-02 10:02:13.682: epoch 12:	0.02487223  	0.13085328  	0.09077175  
2023-09-02 10:02:13.682: Find a better model.
2023-09-02 10:02:26.126: [iter 13 : loss : 0.9026 = 0.2016 + 0.3501 + 0.0008 + 0.3501, time: 12.426331]
2023-09-02 10:02:26.740: epoch 13:	0.02504317  	0.13136978  	0.09142148  
2023-09-02 10:02:26.740: Find a better model.
2023-09-02 10:02:39.243: [iter 14 : loss : 0.8942 = 0.1942 + 0.3496 + 0.0009 + 0.3495, time: 12.487649]
2023-09-02 10:02:39.919: epoch 14:	0.02521411  	0.13236068  	0.09223274  
2023-09-02 10:02:39.919: Find a better model.
2023-09-02 10:02:52.627: [iter 15 : loss : 0.8904 = 0.1915 + 0.3490 + 0.0009 + 0.3489, time: 12.694029]
2023-09-02 10:02:53.225: epoch 15:	0.02553800  	0.13403349  	0.09321447  
2023-09-02 10:02:53.225: Find a better model.
2023-09-02 10:03:05.720: [iter 16 : loss : 0.8833 = 0.1853 + 0.3486 + 0.0010 + 0.3484, time: 12.477630]
2023-09-02 10:03:06.368: epoch 16:	0.02583041  	0.13544796  	0.09399404  
2023-09-02 10:03:06.368: Find a better model.
2023-09-02 10:03:18.805: [iter 17 : loss : 0.8800 = 0.1829 + 0.3482 + 0.0010 + 0.3480, time: 12.422441]
2023-09-02 10:03:19.457: epoch 17:	0.02595186  	0.13634805  	0.09467329  
2023-09-02 10:03:19.457: Find a better model.
2023-09-02 10:03:31.929: [iter 18 : loss : 0.8740 = 0.1777 + 0.3477 + 0.0011 + 0.3475, time: 12.456573]
2023-09-02 10:03:32.576: epoch 18:	0.02620379  	0.13732904  	0.09552916  
2023-09-02 10:03:32.576: Find a better model.
2023-09-02 10:03:45.162: [iter 19 : loss : 0.8687 = 0.1733 + 0.3473 + 0.0011 + 0.3470, time: 12.568517]
2023-09-02 10:03:45.833: epoch 19:	0.02635673  	0.13805306  	0.09610301  
2023-09-02 10:03:45.833: Find a better model.
2023-09-02 10:03:58.491: [iter 20 : loss : 0.8664 = 0.1718 + 0.3469 + 0.0011 + 0.3466, time: 12.636401]
2023-09-02 10:03:59.152: epoch 20:	0.02657267  	0.13923581  	0.09685356  
2023-09-02 10:03:59.152: Find a better model.
2023-09-02 10:04:11.626: [iter 21 : loss : 0.8630 = 0.1691 + 0.3465 + 0.0012 + 0.3462, time: 12.452523]
2023-09-02 10:04:12.283: epoch 21:	0.02672110  	0.13990682  	0.09723432  
2023-09-02 10:04:12.284: Find a better model.
2023-09-02 10:04:24.858: [iter 22 : loss : 0.8597 = 0.1664 + 0.3462 + 0.0012 + 0.3459, time: 12.553659]
2023-09-02 10:04:25.536: epoch 22:	0.02686507  	0.14071789  	0.09769846  
2023-09-02 10:04:25.536: Find a better model.
2023-09-02 10:04:38.063: [iter 23 : loss : 0.8560 = 0.1635 + 0.3458 + 0.0012 + 0.3455, time: 12.507325]
2023-09-02 10:04:38.733: epoch 23:	0.02703151  	0.14162174  	0.09836508  
2023-09-02 10:04:38.733: Find a better model.
2023-09-02 10:04:51.131: [iter 24 : loss : 0.8525 = 0.1605 + 0.3456 + 0.0013 + 0.3451, time: 12.373890]
2023-09-02 10:04:51.796: epoch 24:	0.02721146  	0.14228645  	0.09883119  
2023-09-02 10:04:51.796: Find a better model.
2023-09-02 10:05:04.328: [iter 25 : loss : 0.8483 = 0.1571 + 0.3452 + 0.0013 + 0.3448, time: 12.508212]
2023-09-02 10:05:05.023: epoch 25:	0.02734190  	0.14275739  	0.09929609  
2023-09-02 10:05:05.024: Find a better model.
2023-09-02 10:05:17.465: [iter 26 : loss : 0.8459 = 0.1552 + 0.3449 + 0.0014 + 0.3444, time: 12.424729]
2023-09-02 10:05:18.120: epoch 26:	0.02736889  	0.14311977  	0.09960470  
2023-09-02 10:05:18.120: Find a better model.
2023-09-02 10:05:30.600: [iter 27 : loss : 0.8435 = 0.1534 + 0.3447 + 0.0014 + 0.3441, time: 12.462216]
2023-09-02 10:05:31.247: epoch 27:	0.02748585  	0.14381731  	0.10015827  
2023-09-02 10:05:31.248: Find a better model.
2023-09-02 10:05:43.676: [iter 28 : loss : 0.8420 = 0.1523 + 0.3444 + 0.0014 + 0.3438, time: 12.412948]
2023-09-02 10:05:44.335: epoch 28:	0.02759381  	0.14408123  	0.10043636  
2023-09-02 10:05:44.335: Find a better model.
2023-09-02 10:05:56.804: [iter 29 : loss : 0.8380 = 0.1490 + 0.3441 + 0.0015 + 0.3435, time: 12.449952]
2023-09-02 10:05:57.474: epoch 29:	0.02770627  	0.14493579  	0.10102872  
2023-09-02 10:05:57.474: Find a better model.
2023-09-02 10:06:09.963: [iter 30 : loss : 0.8345 = 0.1459 + 0.3438 + 0.0015 + 0.3432, time: 12.468530]
2023-09-02 10:06:10.575: epoch 30:	0.02780973  	0.14551803  	0.10130556  
2023-09-02 10:06:10.575: Find a better model.
2023-09-02 10:06:23.059: [iter 31 : loss : 0.8334 = 0.1455 + 0.3435 + 0.0016 + 0.3429, time: 12.464196]
2023-09-02 10:06:23.722: epoch 31:	0.02798518  	0.14646408  	0.10178096  
2023-09-02 10:06:23.722: Find a better model.
2023-09-02 10:06:36.312: [iter 32 : loss : 0.8295 = 0.1421 + 0.3432 + 0.0016 + 0.3426, time: 12.569312]
2023-09-02 10:06:37.000: epoch 32:	0.02822358  	0.14790772  	0.10262559  
2023-09-02 10:06:37.000: Find a better model.
2023-09-02 10:06:49.459: [iter 33 : loss : 0.8290 = 0.1422 + 0.3429 + 0.0016 + 0.3423, time: 12.439329]
2023-09-02 10:06:50.144: epoch 33:	0.02830906  	0.14834718  	0.10293339  
2023-09-02 10:06:50.144: Find a better model.
2023-09-02 10:07:02.650: [iter 34 : loss : 0.8259 = 0.1394 + 0.3428 + 0.0017 + 0.3420, time: 12.483405]
2023-09-02 10:07:03.335: epoch 34:	0.02842153  	0.14873302  	0.10323837  
2023-09-02 10:07:03.335: Find a better model.
2023-09-02 10:07:15.903: [iter 35 : loss : 0.8236 = 0.1376 + 0.3425 + 0.0017 + 0.3417, time: 12.550941]
2023-09-02 10:07:16.569: epoch 35:	0.02860597  	0.14972700  	0.10370190  
2023-09-02 10:07:16.570: Find a better model.
2023-09-02 10:07:29.037: [iter 36 : loss : 0.8210 = 0.1355 + 0.3422 + 0.0017 + 0.3415, time: 12.445982]
2023-09-02 10:07:29.713: epoch 36:	0.02864195  	0.14964640  	0.10380609  
2023-09-02 10:07:42.297: [iter 37 : loss : 0.8199 = 0.1349 + 0.3420 + 0.0018 + 0.3412, time: 12.569167]
2023-09-02 10:07:42.942: epoch 37:	0.02880392  	0.15035926  	0.10419518  
2023-09-02 10:07:42.942: Find a better model.
2023-09-02 10:07:55.433: [iter 38 : loss : 0.8160 = 0.1315 + 0.3417 + 0.0018 + 0.3409, time: 12.473061]
2023-09-02 10:07:56.064: epoch 38:	0.02884441  	0.15063173  	0.10453353  
2023-09-02 10:07:56.064: Find a better model.
2023-09-02 10:08:08.481: [iter 39 : loss : 0.8136 = 0.1297 + 0.3415 + 0.0019 + 0.3406, time: 12.397676]
2023-09-02 10:08:09.147: epoch 39:	0.02899738  	0.15146317  	0.10496074  
2023-09-02 10:08:09.147: Find a better model.
2023-09-02 10:08:21.735: [iter 40 : loss : 0.8132 = 0.1297 + 0.3412 + 0.0019 + 0.3404, time: 12.564870]
2023-09-02 10:08:22.410: epoch 40:	0.02912784  	0.15188430  	0.10536323  
2023-09-02 10:08:22.410: Find a better model.
2023-09-02 10:08:34.994: [iter 41 : loss : 0.8106 = 0.1275 + 0.3410 + 0.0019 + 0.3401, time: 12.566396]
2023-09-02 10:08:35.673: epoch 41:	0.02921782  	0.15252177  	0.10563594  
2023-09-02 10:08:35.674: Find a better model.
2023-09-02 10:08:48.209: [iter 42 : loss : 0.8085 = 0.1259 + 0.3408 + 0.0020 + 0.3398, time: 12.517983]
2023-09-02 10:08:48.926: epoch 42:	0.02929429  	0.15289994  	0.10583200  
2023-09-02 10:08:48.926: Find a better model.
2023-09-02 10:09:01.463: [iter 43 : loss : 0.8075 = 0.1254 + 0.3406 + 0.0020 + 0.3396, time: 12.519344]
2023-09-02 10:09:02.087: epoch 43:	0.02941126  	0.15371922  	0.10621171  
2023-09-02 10:09:02.087: Find a better model.
2023-09-02 10:09:14.525: [iter 44 : loss : 0.8046 = 0.1229 + 0.3402 + 0.0020 + 0.3393, time: 12.421829]
2023-09-02 10:09:15.121: epoch 44:	0.02942926  	0.15359925  	0.10652755  
2023-09-02 10:09:27.665: [iter 45 : loss : 0.8040 = 0.1228 + 0.3400 + 0.0021 + 0.3391, time: 12.523736]
2023-09-02 10:09:28.319: epoch 45:	0.02957770  	0.15441552  	0.10688072  
2023-09-02 10:09:28.319: Find a better model.
2023-09-02 10:09:40.784: [iter 46 : loss : 0.8027 = 0.1218 + 0.3399 + 0.0021 + 0.3389, time: 12.445108]
2023-09-02 10:09:41.466: epoch 46:	0.02966320  	0.15487602  	0.10713306  
2023-09-02 10:09:41.466: Find a better model.
2023-09-02 10:09:54.058: [iter 47 : loss : 0.7995 = 0.1189 + 0.3397 + 0.0021 + 0.3386, time: 12.569360]
2023-09-02 10:09:54.711: epoch 47:	0.02973517  	0.15511657  	0.10743039  
2023-09-02 10:09:54.712: Find a better model.
2023-09-02 10:10:07.311: [iter 48 : loss : 0.8000 = 0.1198 + 0.3395 + 0.0022 + 0.3384, time: 12.582522]
2023-09-02 10:10:08.013: epoch 48:	0.02979365  	0.15554640  	0.10776569  
2023-09-02 10:10:08.013: Find a better model.
2023-09-02 10:10:20.520: [iter 49 : loss : 0.7997 = 0.1200 + 0.3392 + 0.0022 + 0.3382, time: 12.490079]
2023-09-02 10:10:21.219: epoch 49:	0.02988363  	0.15610667  	0.10802720  
2023-09-02 10:10:21.219: Find a better model.
2023-09-02 10:10:33.804: [iter 50 : loss : 0.7962 = 0.1169 + 0.3390 + 0.0023 + 0.3380, time: 12.563953]
2023-09-02 10:10:34.516: epoch 50:	0.03003659  	0.15671898  	0.10841366  
2023-09-02 10:10:34.517: Find a better model.
2023-09-02 10:10:46.916: [iter 51 : loss : 0.7956 = 0.1167 + 0.3388 + 0.0023 + 0.3378, time: 12.379506]
2023-09-02 10:10:47.606: epoch 51:	0.03009957  	0.15691908  	0.10871824  
2023-09-02 10:10:47.606: Find a better model.
2023-09-02 10:11:00.183: [iter 52 : loss : 0.7919 = 0.1134 + 0.3386 + 0.0023 + 0.3375, time: 12.555506]
2023-09-02 10:11:00.868: epoch 52:	0.03021203  	0.15742801  	0.10900544  
2023-09-02 10:11:00.868: Find a better model.
2023-09-02 10:11:13.779: [iter 53 : loss : 0.7926 = 0.1146 + 0.3383 + 0.0024 + 0.3373, time: 12.892498]
2023-09-02 10:11:14.423: epoch 53:	0.03032449  	0.15807129  	0.10950310  
2023-09-02 10:11:14.424: Find a better model.
2023-09-02 10:11:26.849: [iter 54 : loss : 0.7916 = 0.1139 + 0.3382 + 0.0024 + 0.3371, time: 12.407490]
2023-09-02 10:11:27.514: epoch 54:	0.03037398  	0.15835904  	0.10958714  
2023-09-02 10:11:27.514: Find a better model.
2023-09-02 10:11:39.954: [iter 55 : loss : 0.7886 = 0.1115 + 0.3379 + 0.0024 + 0.3369, time: 12.426199]
2023-09-02 10:11:40.552: epoch 55:	0.03040996  	0.15839685  	0.10972300  
2023-09-02 10:11:40.552: Find a better model.
2023-09-02 10:11:53.094: [iter 56 : loss : 0.7878 = 0.1110 + 0.3377 + 0.0025 + 0.3367, time: 12.522831]
2023-09-02 10:11:53.777: epoch 56:	0.03041445  	0.15862142  	0.10993526  
2023-09-02 10:11:53.778: Find a better model.
2023-09-02 10:12:06.212: [iter 57 : loss : 0.7859 = 0.1093 + 0.3376 + 0.0025 + 0.3364, time: 12.418049]
2023-09-02 10:12:06.863: epoch 57:	0.03057640  	0.15944842  	0.11044071  
2023-09-02 10:12:06.863: Find a better model.
2023-09-02 10:12:19.427: [iter 58 : loss : 0.7847 = 0.1086 + 0.3373 + 0.0025 + 0.3362, time: 12.550220]
2023-09-02 10:12:20.067: epoch 58:	0.03055841  	0.15935683  	0.11057662  
2023-09-02 10:12:32.611: [iter 59 : loss : 0.7845 = 0.1088 + 0.3371 + 0.0026 + 0.3360, time: 12.524903]
2023-09-02 10:12:33.274: epoch 59:	0.03056741  	0.15906405  	0.11067644  
2023-09-02 10:12:45.803: [iter 60 : loss : 0.7842 = 0.1087 + 0.3370 + 0.0026 + 0.3359, time: 12.504956]
2023-09-02 10:12:46.475: epoch 60:	0.03074286  	0.16006292  	0.11118841  
2023-09-02 10:12:46.475: Find a better model.
2023-09-02 10:12:58.868: [iter 61 : loss : 0.7815 = 0.1065 + 0.3367 + 0.0027 + 0.3356, time: 12.379425]
2023-09-02 10:12:59.476: epoch 61:	0.03092281  	0.16112360  	0.11164359  
2023-09-02 10:12:59.476: Find a better model.
2023-09-02 10:13:11.993: [iter 62 : loss : 0.7797 = 0.1049 + 0.3367 + 0.0027 + 0.3355, time: 12.497605]
2023-09-02 10:13:12.670: epoch 62:	0.03101729  	0.16148344  	0.11202454  
2023-09-02 10:13:12.670: Find a better model.
2023-09-02 10:13:25.187: [iter 63 : loss : 0.7781 = 0.1038 + 0.3364 + 0.0027 + 0.3352, time: 12.497296]
2023-09-02 10:13:25.862: epoch 63:	0.03108029  	0.16185416  	0.11221224  
2023-09-02 10:13:25.863: Find a better model.
2023-09-02 10:13:38.425: [iter 64 : loss : 0.7770 = 0.1030 + 0.3363 + 0.0028 + 0.3350, time: 12.546516]
2023-09-02 10:13:39.082: epoch 64:	0.03111179  	0.16174233  	0.11215891  
2023-09-02 10:13:51.586: [iter 65 : loss : 0.7766 = 0.1029 + 0.3361 + 0.0028 + 0.3348, time: 12.489794]
2023-09-02 10:13:52.227: epoch 65:	0.03123776  	0.16269568  	0.11259428  
2023-09-02 10:13:52.228: Find a better model.
2023-09-02 10:14:04.761: [iter 66 : loss : 0.7749 = 0.1015 + 0.3360 + 0.0028 + 0.3346, time: 12.513412]
2023-09-02 10:14:05.418: epoch 66:	0.03131423  	0.16298287  	0.11294480  
2023-09-02 10:14:05.418: Find a better model.
2023-09-02 10:14:17.899: [iter 67 : loss : 0.7755 = 0.1025 + 0.3357 + 0.0029 + 0.3345, time: 12.464157]
2023-09-02 10:14:18.576: epoch 67:	0.03142219  	0.16347294  	0.11332893  
2023-09-02 10:14:18.576: Find a better model.
2023-09-02 10:14:31.067: [iter 68 : loss : 0.7744 = 0.1017 + 0.3356 + 0.0029 + 0.3343, time: 12.470215]
2023-09-02 10:14:31.757: epoch 68:	0.03152567  	0.16404758  	0.11369856  
2023-09-02 10:14:31.757: Find a better model.
2023-09-02 10:14:44.268: [iter 69 : loss : 0.7721 = 0.0998 + 0.3353 + 0.0029 + 0.3341, time: 12.492062]
2023-09-02 10:14:44.935: epoch 69:	0.03157966  	0.16432990  	0.11386325  
2023-09-02 10:14:44.935: Find a better model.
2023-09-02 10:14:57.357: [iter 70 : loss : 0.7703 = 0.0983 + 0.3352 + 0.0030 + 0.3339, time: 12.405251]
2023-09-02 10:14:58.015: epoch 70:	0.03159766  	0.16440997  	0.11398801  
2023-09-02 10:14:58.015: Find a better model.
2023-09-02 10:15:10.478: [iter 71 : loss : 0.7706 = 0.0990 + 0.3349 + 0.0030 + 0.3337, time: 12.449283]
2023-09-02 10:15:11.178: epoch 71:	0.03164264  	0.16472982  	0.11419894  
2023-09-02 10:15:11.178: Find a better model.
2023-09-02 10:15:23.671: [iter 72 : loss : 0.7699 = 0.0986 + 0.3348 + 0.0031 + 0.3335, time: 12.478325]
2023-09-02 10:15:24.271: epoch 72:	0.03163365  	0.16503212  	0.11434850  
2023-09-02 10:15:24.271: Find a better model.
2023-09-02 10:15:36.814: [iter 73 : loss : 0.7689 = 0.0980 + 0.3345 + 0.0031 + 0.3333, time: 12.524290]
2023-09-02 10:15:37.492: epoch 73:	0.03175511  	0.16566297  	0.11468871  
2023-09-02 10:15:37.493: Find a better model.
2023-09-02 10:15:49.983: [iter 74 : loss : 0.7682 = 0.0974 + 0.3345 + 0.0031 + 0.3332, time: 12.468638]
2023-09-02 10:15:50.626: epoch 74:	0.03188108  	0.16627391  	0.11501448  
2023-09-02 10:15:50.626: Find a better model.
2023-09-02 10:16:03.030: [iter 75 : loss : 0.7661 = 0.0958 + 0.3342 + 0.0032 + 0.3330, time: 12.387568]
2023-09-02 10:16:03.697: epoch 75:	0.03204754  	0.16733591  	0.11545893  
2023-09-02 10:16:03.697: Find a better model.
2023-09-02 10:16:16.132: [iter 76 : loss : 0.7656 = 0.0956 + 0.3340 + 0.0032 + 0.3328, time: 12.421405]
2023-09-02 10:16:16.757: epoch 76:	0.03197554  	0.16715835  	0.11553731  
2023-09-02 10:16:28.552: [iter 77 : loss : 0.7654 = 0.0956 + 0.3339 + 0.0032 + 0.3326, time: 11.779340]
2023-09-02 10:16:29.166: epoch 77:	0.03212400  	0.16769260  	0.11582758  
2023-09-02 10:16:29.166: Find a better model.
2023-09-02 10:16:41.615: [iter 78 : loss : 0.7648 = 0.0951 + 0.3339 + 0.0033 + 0.3325, time: 12.433106]
2023-09-02 10:16:42.276: epoch 78:	0.03223197  	0.16832361  	0.11610264  
2023-09-02 10:16:42.276: Find a better model.
2023-09-02 10:16:54.760: [iter 79 : loss : 0.7631 = 0.0940 + 0.3335 + 0.0033 + 0.3323, time: 12.468196]
2023-09-02 10:16:55.434: epoch 79:	0.03220947  	0.16826122  	0.11609650  
2023-09-02 10:17:07.864: [iter 80 : loss : 0.7620 = 0.0932 + 0.3334 + 0.0033 + 0.3321, time: 12.411190]
2023-09-02 10:17:08.526: epoch 80:	0.03228145  	0.16864258  	0.11633731  
2023-09-02 10:17:08.526: Find a better model.
2023-09-02 10:17:20.961: [iter 81 : loss : 0.7603 = 0.0918 + 0.3331 + 0.0034 + 0.3319, time: 12.418468]
2023-09-02 10:17:21.575: epoch 81:	0.03228595  	0.16880679  	0.11644049  
2023-09-02 10:17:21.575: Find a better model.
2023-09-02 10:17:34.156: [iter 82 : loss : 0.7606 = 0.0924 + 0.3330 + 0.0034 + 0.3317, time: 12.562832]
2023-09-02 10:17:34.815: epoch 82:	0.03235343  	0.16913989  	0.11658785  
2023-09-02 10:17:34.815: Find a better model.
2023-09-02 10:17:47.211: [iter 83 : loss : 0.7589 = 0.0909 + 0.3330 + 0.0034 + 0.3315, time: 12.381699]
2023-09-02 10:17:47.860: epoch 83:	0.03253789  	0.16996787  	0.11698822  
2023-09-02 10:17:47.860: Find a better model.
2023-09-02 10:18:00.308: [iter 84 : loss : 0.7592 = 0.0916 + 0.3327 + 0.0035 + 0.3314, time: 12.431352]
2023-09-02 10:18:00.977: epoch 84:	0.03257836  	0.17031285  	0.11722379  
2023-09-02 10:18:00.978: Find a better model.
2023-09-02 10:18:13.491: [iter 85 : loss : 0.7577 = 0.0904 + 0.3326 + 0.0035 + 0.3312, time: 12.495429]
2023-09-02 10:18:14.183: epoch 85:	0.03264584  	0.17031591  	0.11719953  
2023-09-02 10:18:14.183: Find a better model.
2023-09-02 10:18:26.577: [iter 86 : loss : 0.7564 = 0.0894 + 0.3324 + 0.0035 + 0.3311, time: 12.376493]
2023-09-02 10:18:27.233: epoch 86:	0.03274032  	0.17094325  	0.11748377  
2023-09-02 10:18:27.233: Find a better model.
2023-09-02 10:18:39.601: [iter 87 : loss : 0.7560 = 0.0893 + 0.3323 + 0.0036 + 0.3309, time: 12.352777]
2023-09-02 10:18:40.279: epoch 87:	0.03275831  	0.17088497  	0.11756121  
2023-09-02 10:18:52.882: [iter 88 : loss : 0.7553 = 0.0889 + 0.3321 + 0.0036 + 0.3307, time: 12.584092]
2023-09-02 10:18:53.550: epoch 88:	0.03282130  	0.17127888  	0.11785267  
2023-09-02 10:18:53.551: Find a better model.
2023-09-02 10:19:05.929: [iter 89 : loss : 0.7545 = 0.0884 + 0.3320 + 0.0037 + 0.3305, time: 12.356716]
2023-09-02 10:19:06.612: epoch 89:	0.03292478  	0.17187858  	0.11801881  
2023-09-02 10:19:06.612: Find a better model.
2023-09-02 10:19:19.100: [iter 90 : loss : 0.7529 = 0.0872 + 0.3317 + 0.0037 + 0.3304, time: 12.458323]
2023-09-02 10:19:19.759: epoch 90:	0.03296526  	0.17190009  	0.11826283  
2023-09-02 10:19:19.759: Find a better model.
2023-09-02 10:19:32.258: [iter 91 : loss : 0.7519 = 0.0864 + 0.3315 + 0.0037 + 0.3302, time: 12.484080]
2023-09-02 10:19:32.920: epoch 91:	0.03303274  	0.17234173  	0.11837574  
2023-09-02 10:19:32.920: Find a better model.
2023-09-02 10:19:45.456: [iter 92 : loss : 0.7539 = 0.0885 + 0.3316 + 0.0038 + 0.3300, time: 12.518742]
2023-09-02 10:19:46.112: epoch 92:	0.03293828  	0.17198873  	0.11833763  
2023-09-02 10:19:58.570: [iter 93 : loss : 0.7522 = 0.0873 + 0.3312 + 0.0038 + 0.3299, time: 12.439650]
2023-09-02 10:19:59.261: epoch 93:	0.03296976  	0.17219603  	0.11843759  
2023-09-02 10:20:11.712: [iter 94 : loss : 0.7535 = 0.0886 + 0.3313 + 0.0038 + 0.3298, time: 12.429117]
2023-09-02 10:20:12.373: epoch 94:	0.03308223  	0.17300068  	0.11873838  
2023-09-02 10:20:12.373: Find a better model.
2023-09-02 10:20:25.014: [iter 95 : loss : 0.7497 = 0.0853 + 0.3310 + 0.0039 + 0.3296, time: 12.618208]
2023-09-02 10:20:25.688: epoch 95:	0.03314521  	0.17327099  	0.11900614  
2023-09-02 10:20:25.688: Find a better model.
2023-09-02 10:20:38.134: [iter 96 : loss : 0.7493 = 0.0851 + 0.3309 + 0.0039 + 0.3294, time: 12.428933]
2023-09-02 10:20:38.803: epoch 96:	0.03316771  	0.17326213  	0.11906005  
2023-09-02 10:20:51.384: [iter 97 : loss : 0.7490 = 0.0851 + 0.3307 + 0.0039 + 0.3293, time: 12.562653]
2023-09-02 10:20:52.057: epoch 97:	0.03326219  	0.17379685  	0.11939780  
2023-09-02 10:20:52.057: Find a better model.
2023-09-02 10:21:04.727: [iter 98 : loss : 0.7472 = 0.0836 + 0.3306 + 0.0040 + 0.3291, time: 12.649595]
2023-09-02 10:21:05.372: epoch 98:	0.03327568  	0.17382915  	0.11943873  
2023-09-02 10:21:05.372: Find a better model.
2023-09-02 10:21:17.846: [iter 99 : loss : 0.7482 = 0.0848 + 0.3305 + 0.0040 + 0.3289, time: 12.458370]
2023-09-02 10:21:18.496: epoch 99:	0.03334766  	0.17409898  	0.11969835  
2023-09-02 10:21:18.496: Find a better model.
2023-09-02 10:21:30.957: [iter 100 : loss : 0.7476 = 0.0846 + 0.3302 + 0.0040 + 0.3288, time: 12.444649]
2023-09-02 10:21:31.624: epoch 100:	0.03337464  	0.17456305  	0.11990616  
2023-09-02 10:21:31.624: Find a better model.
2023-09-02 10:21:44.114: [iter 101 : loss : 0.7469 = 0.0840 + 0.3302 + 0.0041 + 0.3286, time: 12.468979]
2023-09-02 10:21:44.783: epoch 101:	0.03348262  	0.17518504  	0.12009630  
2023-09-02 10:21:44.783: Find a better model.
2023-09-02 10:21:57.351: [iter 102 : loss : 0.7445 = 0.0820 + 0.3300 + 0.0041 + 0.3285, time: 12.546474]
2023-09-02 10:21:58.013: epoch 102:	0.03348260  	0.17486769  	0.12007215  
2023-09-02 10:22:10.459: [iter 103 : loss : 0.7450 = 0.0827 + 0.3299 + 0.0041 + 0.3283, time: 12.423783]
2023-09-02 10:22:11.149: epoch 103:	0.03352309  	0.17494997  	0.12026773  
2023-09-02 10:22:23.789: [iter 104 : loss : 0.7441 = 0.0821 + 0.3297 + 0.0042 + 0.3282, time: 12.619315]
2023-09-02 10:22:24.481: epoch 104:	0.03362205  	0.17551067  	0.12070390  
2023-09-02 10:22:24.482: Find a better model.
2023-09-02 10:22:37.000: [iter 105 : loss : 0.7437 = 0.0820 + 0.3295 + 0.0042 + 0.3280, time: 12.499685]
2023-09-02 10:22:37.651: epoch 105:	0.03368953  	0.17579280  	0.12069354  
2023-09-02 10:22:37.651: Find a better model.
2023-09-02 10:22:50.102: [iter 106 : loss : 0.7425 = 0.0811 + 0.3293 + 0.0043 + 0.3279, time: 12.434962]
2023-09-02 10:22:50.764: epoch 106:	0.03379750  	0.17655201  	0.12097605  
2023-09-02 10:22:50.764: Find a better model.
2023-09-02 10:23:03.303: [iter 107 : loss : 0.7415 = 0.0801 + 0.3294 + 0.0043 + 0.3277, time: 12.523294]
2023-09-02 10:23:03.975: epoch 107:	0.03378850  	0.17666623  	0.12106754  
2023-09-02 10:23:03.976: Find a better model.
2023-09-02 10:23:16.452: [iter 108 : loss : 0.7397 = 0.0787 + 0.3291 + 0.0043 + 0.3276, time: 12.447896]
2023-09-02 10:23:17.097: epoch 108:	0.03380200  	0.17663559  	0.12103753  
2023-09-02 10:23:29.614: [iter 109 : loss : 0.7395 = 0.0789 + 0.3289 + 0.0044 + 0.3274, time: 12.500505]
2023-09-02 10:23:30.312: epoch 109:	0.03382450  	0.17682174  	0.12110535  
2023-09-02 10:23:30.312: Find a better model.
2023-09-02 10:23:42.823: [iter 110 : loss : 0.7409 = 0.0806 + 0.3287 + 0.0044 + 0.3272, time: 12.497045]
2023-09-02 10:23:43.493: epoch 110:	0.03398196  	0.17734998  	0.12135764  
2023-09-02 10:23:43.493: Find a better model.
2023-09-02 10:23:55.987: [iter 111 : loss : 0.7396 = 0.0795 + 0.3285 + 0.0044 + 0.3271, time: 12.471471]
2023-09-02 10:23:56.675: epoch 111:	0.03406744  	0.17776144  	0.12156408  
2023-09-02 10:23:56.675: Find a better model.
2023-09-02 10:24:09.339: [iter 112 : loss : 0.7397 = 0.0798 + 0.3285 + 0.0045 + 0.3270, time: 12.649210]
2023-09-02 10:24:10.038: epoch 112:	0.03411242  	0.17799383  	0.12167858  
2023-09-02 10:24:10.038: Find a better model.
2023-09-02 10:24:22.582: [iter 113 : loss : 0.7379 = 0.0783 + 0.3283 + 0.0045 + 0.3268, time: 12.524485]
2023-09-02 10:24:23.211: epoch 113:	0.03413042  	0.17805430  	0.12177869  
2023-09-02 10:24:23.211: Find a better model.
2023-09-02 10:24:35.740: [iter 114 : loss : 0.7382 = 0.0790 + 0.3280 + 0.0045 + 0.3266, time: 12.509257]
2023-09-02 10:24:36.422: epoch 114:	0.03408994  	0.17766255  	0.12176169  
2023-09-02 10:24:48.988: [iter 115 : loss : 0.7377 = 0.0787 + 0.3280 + 0.0046 + 0.3265, time: 12.547594]
2023-09-02 10:24:49.668: epoch 115:	0.03424290  	0.17843479  	0.12206552  
2023-09-02 10:24:49.668: Find a better model.
2023-09-02 10:25:02.105: [iter 116 : loss : 0.7379 = 0.0790 + 0.3279 + 0.0046 + 0.3264, time: 12.411107]
2023-09-02 10:25:02.760: epoch 116:	0.03423392  	0.17859389  	0.12218520  
2023-09-02 10:25:02.760: Find a better model.
2023-09-02 10:25:15.326: [iter 117 : loss : 0.7349 = 0.0763 + 0.3278 + 0.0046 + 0.3262, time: 12.544238]
2023-09-02 10:25:16.002: epoch 117:	0.03422492  	0.17868103  	0.12221394  
2023-09-02 10:25:16.002: Find a better model.
2023-09-02 10:25:28.438: [iter 118 : loss : 0.7348 = 0.0765 + 0.3275 + 0.0047 + 0.3261, time: 12.420108]
2023-09-02 10:25:29.100: epoch 118:	0.03426541  	0.17864008  	0.12243415  
2023-09-02 10:25:41.577: [iter 119 : loss : 0.7354 = 0.0774 + 0.3274 + 0.0047 + 0.3259, time: 12.456616]
2023-09-02 10:25:42.249: epoch 119:	0.03435087  	0.17910416  	0.12249928  
2023-09-02 10:25:42.249: Find a better model.
2023-09-02 10:25:54.851: [iter 120 : loss : 0.7347 = 0.0767 + 0.3274 + 0.0047 + 0.3258, time: 12.582238]
2023-09-02 10:25:55.508: epoch 120:	0.03429238  	0.17855954  	0.12256030  
2023-09-02 10:26:07.918: [iter 121 : loss : 0.7338 = 0.0761 + 0.3273 + 0.0048 + 0.3256, time: 12.393592]
2023-09-02 10:26:08.578: epoch 121:	0.03440935  	0.17936629  	0.12281913  
2023-09-02 10:26:08.578: Find a better model.
2023-09-02 10:26:20.813: [iter 122 : loss : 0.7329 = 0.0755 + 0.3271 + 0.0048 + 0.3254, time: 12.219494]
2023-09-02 10:26:21.520: epoch 122:	0.03447682  	0.17968665  	0.12301347  
2023-09-02 10:26:21.520: Find a better model.
2023-09-02 10:26:33.953: [iter 123 : loss : 0.7325 = 0.0754 + 0.3269 + 0.0048 + 0.3254, time: 12.417666]
2023-09-02 10:26:34.632: epoch 123:	0.03449033  	0.17965838  	0.12307476  
2023-09-02 10:26:47.245: [iter 124 : loss : 0.7325 = 0.0755 + 0.3269 + 0.0049 + 0.3252, time: 12.589629]
2023-09-02 10:26:47.891: epoch 124:	0.03453080  	0.17989734  	0.12326663  
2023-09-02 10:26:47.891: Find a better model.
2023-09-02 10:27:00.498: [iter 125 : loss : 0.7311 = 0.0746 + 0.3266 + 0.0049 + 0.3250, time: 12.587658]
2023-09-02 10:27:01.183: epoch 125:	0.03461629  	0.18032220  	0.12345669  
2023-09-02 10:27:01.184: Find a better model.
2023-09-02 10:27:13.824: [iter 126 : loss : 0.7295 = 0.0734 + 0.3263 + 0.0050 + 0.3249, time: 12.626044]
2023-09-02 10:27:14.454: epoch 126:	0.03464326  	0.18065196  	0.12361950  
2023-09-02 10:27:14.454: Find a better model.
2023-09-02 10:27:26.964: [iter 127 : loss : 0.7306 = 0.0746 + 0.3263 + 0.0050 + 0.3248, time: 12.489896]
2023-09-02 10:27:27.631: epoch 127:	0.03464776  	0.18049103  	0.12356081  
2023-09-02 10:27:40.063: [iter 128 : loss : 0.7304 = 0.0746 + 0.3261 + 0.0050 + 0.3246, time: 12.412862]
2023-09-02 10:27:40.729: epoch 128:	0.03471976  	0.18093343  	0.12377876  
2023-09-02 10:27:40.729: Find a better model.
2023-09-02 10:27:53.195: [iter 129 : loss : 0.7299 = 0.0744 + 0.3260 + 0.0051 + 0.3245, time: 12.450792]
2023-09-02 10:27:53.880: epoch 129:	0.03484574  	0.18162151  	0.12407117  
2023-09-02 10:27:53.880: Find a better model.
2023-09-02 10:28:06.469: [iter 130 : loss : 0.7280 = 0.0726 + 0.3259 + 0.0051 + 0.3244, time: 12.570828]
2023-09-02 10:28:07.131: epoch 130:	0.03474675  	0.18113075  	0.12391841  
2023-09-02 10:28:19.615: [iter 131 : loss : 0.7266 = 0.0714 + 0.3258 + 0.0051 + 0.3242, time: 12.462286]
2023-09-02 10:28:20.259: epoch 131:	0.03477822  	0.18153273  	0.12401452  
2023-09-02 10:28:32.943: [iter 132 : loss : 0.7283 = 0.0735 + 0.3255 + 0.0052 + 0.3241, time: 12.667650]
2023-09-02 10:28:33.584: epoch 132:	0.03484571  	0.18199016  	0.12413619  
2023-09-02 10:28:33.584: Find a better model.
2023-09-02 10:28:46.148: [iter 133 : loss : 0.7274 = 0.0728 + 0.3255 + 0.0052 + 0.3239, time: 12.540935]
2023-09-02 10:28:46.865: epoch 133:	0.03484121  	0.18181102  	0.12410350  
2023-09-02 10:28:59.424: [iter 134 : loss : 0.7279 = 0.0734 + 0.3255 + 0.0052 + 0.3238, time: 12.535638]
2023-09-02 10:29:00.143: epoch 134:	0.03483222  	0.18184103  	0.12422448  
2023-09-02 10:29:12.712: [iter 135 : loss : 0.7278 = 0.0736 + 0.3253 + 0.0053 + 0.3237, time: 12.553809]
2023-09-02 10:29:13.386: epoch 135:	0.03494019  	0.18217701  	0.12433276  
2023-09-02 10:29:13.386: Find a better model.
2023-09-02 10:29:25.852: [iter 136 : loss : 0.7247 = 0.0706 + 0.3252 + 0.0053 + 0.3236, time: 12.449034]
2023-09-02 10:29:26.511: epoch 136:	0.03488170  	0.18191314  	0.12431236  
2023-09-02 10:29:39.481: [iter 137 : loss : 0.7249 = 0.0712 + 0.3250 + 0.0053 + 0.3234, time: 12.951362]
2023-09-02 10:29:40.157: epoch 137:	0.03479173  	0.18139279  	0.12405882  
2023-09-02 10:29:52.850: [iter 138 : loss : 0.7244 = 0.0709 + 0.3249 + 0.0054 + 0.3233, time: 12.675633]
2023-09-02 10:29:53.541: epoch 138:	0.03498968  	0.18267319  	0.12456308  
2023-09-02 10:29:53.542: Find a better model.
2023-09-02 10:30:06.016: [iter 139 : loss : 0.7232 = 0.0700 + 0.3247 + 0.0054 + 0.3231, time: 12.458077]
2023-09-02 10:30:06.677: epoch 139:	0.03498068  	0.18240084  	0.12460707  
2023-09-02 10:30:19.448: [iter 140 : loss : 0.7226 = 0.0697 + 0.3245 + 0.0054 + 0.3230, time: 12.757429]
2023-09-02 10:30:20.094: epoch 140:	0.03506616  	0.18267764  	0.12490749  
2023-09-02 10:30:20.094: Find a better model.
2023-09-02 10:30:32.729: [iter 141 : loss : 0.7237 = 0.0709 + 0.3245 + 0.0055 + 0.3228, time: 12.620062]
2023-09-02 10:30:33.422: epoch 141:	0.03515610  	0.18288597  	0.12501368  
2023-09-02 10:30:33.423: Find a better model.
2023-09-02 10:30:45.955: [iter 142 : loss : 0.7226 = 0.0701 + 0.3243 + 0.0055 + 0.3227, time: 12.514147]
2023-09-02 10:30:46.620: epoch 142:	0.03523708  	0.18339843  	0.12531491  
2023-09-02 10:30:46.620: Find a better model.
