2023-09-01 22:29:25.913: my pid: 15833
2023-09-01 22:29:25.914: model: model.general_recommender.GNNEC
2023-09-01 22:29:25.914: Dataset statistics:
Name: gowalla-20core
The number of users: 11113
The number of items: 18074
The number of ratings: 523315
Average actions of users: 47.09
Average actions of items: 28.95
The sparsity of the dataset: 99.739458%

The number of training: 475362
The number of validation: 0
The number of testing: 47953
2023-09-01 22:29:25.914: NeuRec:[NeuRec]:
recommender=GNNEC
dataset=gowalla-20core
file_column=UI
sep=','
gpu_id=0
gpu_mem=0.99
metric=["Precision", "Recall", "NDCG"]
top_k=[20]
test_thread=8
test_batch_size=128
seed=2021
start_testing_epoch=0

GNNEC:[hyperparameters]:
mf_reg=0.02
svd_q=5
aug_type=ND
reg=1e-4
embed_size=32
n_layers=2
ssl_reg=0.02
ssl_ratio=0.5
ssl_temp=5
ssl_mode=both_side
lr=1e-3
learner=adam
adj_type=pre
epochs=200
batch_size=2048
num_negatives=1
param_init=xavier_uniform
stddev=0.01
verbose=1
stop_cnt=10
pretrain_flag=0
save_flag=0

Command line:
recommender=GNNEC
dataset=gowalla-20core
epochs=200
n_layers=2
embed_size=32
batch_size=2048
lr=1e-3
aug_type=ND
reg=1e-4
ssl_reg=0.02
ssl_ratio=0.5
ssl_temp=5
mf_reg=0.02
svd_q=5
2023-09-01 22:29:38.303: metrics:	Precision@20	Recall@20   	NDCG@20     
2023-09-01 22:29:50.654: [iter 1 : loss : 1.3659 = 0.6136 + 0.3761 + 0.0000 + 0.3761, time: 12.350263]
2023-09-01 22:29:51.319: epoch 1:	0.01772750  	0.09169205  	0.06189006  
2023-09-01 22:29:51.319: Find a better model.
2023-09-01 22:30:03.142: [iter 2 : loss : 1.1696 = 0.4361 + 0.3666 + 0.0002 + 0.3667, time: 11.804082]
2023-09-01 22:30:03.805: epoch 2:	0.01970725  	0.10303066  	0.07001240  
2023-09-01 22:30:03.805: Find a better model.
2023-09-01 22:30:15.607: [iter 3 : loss : 1.0856 = 0.3607 + 0.3623 + 0.0003 + 0.3623, time: 11.782687]
2023-09-01 22:30:16.280: epoch 3:	0.02085911  	0.10930207  	0.07529177  
2023-09-01 22:30:16.280: Find a better model.
2023-09-01 22:30:28.105: [iter 4 : loss : 1.0369 = 0.3173 + 0.3596 + 0.0004 + 0.3596, time: 11.803639]
2023-09-01 22:30:28.772: epoch 4:	0.02167800  	0.11386979  	0.07864866  
2023-09-01 22:30:28.772: Find a better model.
2023-09-01 22:30:40.586: [iter 5 : loss : 1.0038 = 0.2880 + 0.3577 + 0.0004 + 0.3577, time: 11.792684]
2023-09-01 22:30:41.248: epoch 5:	0.02235290  	0.11758973  	0.08156107  
2023-09-01 22:30:41.248: Find a better model.
2023-09-01 22:30:53.062: [iter 6 : loss : 0.9799 = 0.2670 + 0.3563 + 0.0005 + 0.3562, time: 11.795613]
2023-09-01 22:30:53.674: epoch 6:	0.02296032  	0.12092154  	0.08382734  
2023-09-01 22:30:53.674: Find a better model.
2023-09-01 22:31:05.078: [iter 7 : loss : 0.9610 = 0.2505 + 0.3550 + 0.0006 + 0.3549, time: 11.385546]
2023-09-01 22:31:05.696: epoch 7:	0.02336970  	0.12257914  	0.08522253  
2023-09-01 22:31:05.697: Find a better model.
2023-09-01 22:31:17.486: [iter 8 : loss : 0.9475 = 0.2391 + 0.3540 + 0.0006 + 0.3539, time: 11.770485]
2023-09-01 22:31:18.154: epoch 8:	0.02368909  	0.12460051  	0.08659960  
2023-09-01 22:31:18.154: Find a better model.
2023-09-01 22:31:30.025: [iter 9 : loss : 0.9351 = 0.2285 + 0.3531 + 0.0007 + 0.3529, time: 11.842716]
2023-09-01 22:31:30.691: epoch 9:	0.02412995  	0.12707898  	0.08824668  
2023-09-01 22:31:30.691: Find a better model.
2023-09-01 22:31:42.460: [iter 10 : loss : 0.9248 = 0.2196 + 0.3524 + 0.0007 + 0.3521, time: 11.747455]
2023-09-01 22:31:43.110: epoch 10:	0.02440886  	0.12872118  	0.08933119  
2023-09-01 22:31:43.110: Find a better model.
2023-09-01 22:31:54.895: [iter 11 : loss : 0.9161 = 0.2124 + 0.3516 + 0.0008 + 0.3513, time: 11.768801]
2023-09-01 22:31:55.555: epoch 11:	0.02466078  	0.12974565  	0.09023295  
2023-09-01 22:31:55.555: Find a better model.
2023-09-01 22:32:07.440: [iter 12 : loss : 0.9075 = 0.2051 + 0.3510 + 0.0008 + 0.3507, time: 11.866975]
2023-09-01 22:32:08.093: epoch 12:	0.02487672  	0.13068095  	0.09113814  
2023-09-01 22:32:08.093: Find a better model.
2023-09-01 22:32:19.910: [iter 13 : loss : 0.9002 = 0.1990 + 0.3504 + 0.0008 + 0.3500, time: 11.801235]
2023-09-01 22:32:20.547: epoch 13:	0.02519611  	0.13247108  	0.09209883  
2023-09-01 22:32:20.548: Find a better model.
2023-09-01 22:32:32.265: [iter 14 : loss : 0.8944 = 0.1943 + 0.3498 + 0.0009 + 0.3494, time: 11.697114]
2023-09-01 22:32:32.945: epoch 14:	0.02524560  	0.13290513  	0.09248525  
2023-09-01 22:32:32.945: Find a better model.
2023-09-01 22:32:44.795: [iter 15 : loss : 0.8898 = 0.1907 + 0.3494 + 0.0009 + 0.3489, time: 11.834996]
2023-09-01 22:32:45.475: epoch 15:	0.02548852  	0.13420942  	0.09331857  
2023-09-01 22:32:45.476: Find a better model.
2023-09-01 22:32:57.025: [iter 16 : loss : 0.8852 = 0.1868 + 0.3490 + 0.0010 + 0.3484, time: 11.530311]
2023-09-01 22:32:57.672: epoch 16:	0.02570444  	0.13519299  	0.09394398  
2023-09-01 22:32:57.672: Find a better model.
2023-09-01 22:33:09.583: [iter 17 : loss : 0.8791 = 0.1816 + 0.3486 + 0.0010 + 0.3479, time: 11.887194]
2023-09-01 22:33:10.257: epoch 17:	0.02579441  	0.13589314  	0.09441397  
2023-09-01 22:33:10.258: Find a better model.
2023-09-01 22:33:22.061: [iter 18 : loss : 0.8757 = 0.1790 + 0.3482 + 0.0011 + 0.3475, time: 11.780439]
2023-09-01 22:33:22.719: epoch 18:	0.02596086  	0.13605250  	0.09494331  
2023-09-01 22:33:22.719: Find a better model.
2023-09-01 22:33:34.505: [iter 19 : loss : 0.8712 = 0.1752 + 0.3478 + 0.0011 + 0.3471, time: 11.769256]
2023-09-01 22:33:35.193: epoch 19:	0.02623525  	0.13747448  	0.09574988  
2023-09-01 22:33:35.193: Find a better model.
2023-09-01 22:33:47.128: [iter 20 : loss : 0.8684 = 0.1732 + 0.3475 + 0.0011 + 0.3466, time: 11.915773]
2023-09-01 22:33:47.806: epoch 20:	0.02637920  	0.13837773  	0.09618831  
2023-09-01 22:33:47.807: Find a better model.
2023-09-01 22:33:59.597: [iter 21 : loss : 0.8655 = 0.1709 + 0.3472 + 0.0012 + 0.3463, time: 11.773032]
2023-09-01 22:34:00.261: epoch 21:	0.02647815  	0.13886181  	0.09652528  
2023-09-01 22:34:00.262: Find a better model.
2023-09-01 22:34:11.993: [iter 22 : loss : 0.8605 = 0.1664 + 0.3469 + 0.0012 + 0.3459, time: 11.717357]
2023-09-01 22:34:12.609: epoch 22:	0.02662211  	0.13951285  	0.09694333  
2023-09-01 22:34:12.609: Find a better model.
2023-09-01 22:34:24.363: [iter 23 : loss : 0.8567 = 0.1634 + 0.3466 + 0.0012 + 0.3455, time: 11.739480]
2023-09-01 22:34:25.008: epoch 23:	0.02682005  	0.14077176  	0.09766236  
2023-09-01 22:34:25.009: Find a better model.
2023-09-01 22:34:36.746: [iter 24 : loss : 0.8533 = 0.1605 + 0.3463 + 0.0013 + 0.3451, time: 11.722534]
2023-09-01 22:34:37.408: epoch 24:	0.02688754  	0.14133714  	0.09806597  
2023-09-01 22:34:37.408: Find a better model.
2023-09-01 22:34:49.244: [iter 25 : loss : 0.8509 = 0.1588 + 0.3460 + 0.0013 + 0.3448, time: 11.816968]
2023-09-01 22:34:49.899: epoch 25:	0.02713045  	0.14244430  	0.09880023  
2023-09-01 22:34:49.900: Find a better model.
2023-09-01 22:35:01.690: [iter 26 : loss : 0.8483 = 0.1567 + 0.3458 + 0.0014 + 0.3445, time: 11.769807]
2023-09-01 22:35:02.373: epoch 26:	0.02732390  	0.14320238  	0.09933168  
2023-09-01 22:35:02.373: Find a better model.
2023-09-01 22:35:14.148: [iter 27 : loss : 0.8449 = 0.1538 + 0.3455 + 0.0014 + 0.3441, time: 11.755312]
2023-09-01 22:35:14.826: epoch 27:	0.02753982  	0.14446570  	0.09985058  
2023-09-01 22:35:14.826: Find a better model.
2023-09-01 22:35:26.539: [iter 28 : loss : 0.8424 = 0.1519 + 0.3452 + 0.0014 + 0.3438, time: 11.697289]
2023-09-01 22:35:27.204: epoch 28:	0.02766128  	0.14506972  	0.10031359  
2023-09-01 22:35:27.204: Find a better model.
2023-09-01 22:35:38.931: [iter 29 : loss : 0.8391 = 0.1492 + 0.3450 + 0.0015 + 0.3435, time: 11.709928]
2023-09-01 22:35:39.607: epoch 29:	0.02784122  	0.14600450  	0.10082061  
2023-09-01 22:35:39.607: Find a better model.
2023-09-01 22:35:51.444: [iter 30 : loss : 0.8352 = 0.1458 + 0.3448 + 0.0015 + 0.3432, time: 11.819987]
2023-09-01 22:35:52.107: epoch 30:	0.02799417  	0.14668593  	0.10123283  
2023-09-01 22:35:52.107: Find a better model.
2023-09-01 22:36:03.888: [iter 31 : loss : 0.8341 = 0.1452 + 0.3445 + 0.0015 + 0.3429, time: 11.766324]
2023-09-01 22:36:04.571: epoch 31:	0.02804365  	0.14672293  	0.10161638  
2023-09-01 22:36:04.571: Find a better model.
2023-09-01 22:36:16.407: [iter 32 : loss : 0.8306 = 0.1423 + 0.3442 + 0.0016 + 0.3426, time: 11.819018]
2023-09-01 22:36:17.082: epoch 32:	0.02812912  	0.14705561  	0.10192610  
2023-09-01 22:36:17.082: Find a better model.
2023-09-01 22:36:28.866: [iter 33 : loss : 0.8290 = 0.1412 + 0.3439 + 0.0016 + 0.3423, time: 11.768871]
2023-09-01 22:36:29.529: epoch 33:	0.02834956  	0.14818536  	0.10254085  
2023-09-01 22:36:29.529: Find a better model.
2023-09-01 22:36:41.311: [iter 34 : loss : 0.8276 = 0.1402 + 0.3438 + 0.0017 + 0.3420, time: 11.766122]
2023-09-01 22:36:42.003: epoch 34:	0.02845304  	0.14896326  	0.10311465  
2023-09-01 22:36:42.003: Find a better model.
2023-09-01 22:36:53.770: [iter 35 : loss : 0.8245 = 0.1376 + 0.3435 + 0.0017 + 0.3417, time: 11.748898]
2023-09-01 22:36:54.449: epoch 35:	0.02856100  	0.14923725  	0.10359300  
2023-09-01 22:36:54.449: Find a better model.
2023-09-01 22:37:06.153: [iter 36 : loss : 0.8223 = 0.1358 + 0.3433 + 0.0017 + 0.3414, time: 11.687045]
2023-09-01 22:37:06.822: epoch 36:	0.02865997  	0.14977941  	0.10392904  
2023-09-01 22:37:06.822: Find a better model.
2023-09-01 22:37:18.769: [iter 37 : loss : 0.8196 = 0.1335 + 0.3432 + 0.0018 + 0.3412, time: 11.931667]
2023-09-01 22:37:19.437: epoch 37:	0.02876345  	0.15016451  	0.10420790  
2023-09-01 22:37:19.437: Find a better model.
2023-09-01 22:37:31.316: [iter 38 : loss : 0.8184 = 0.1329 + 0.3428 + 0.0018 + 0.3409, time: 11.858485]
2023-09-01 22:37:31.937: epoch 38:	0.02896590  	0.15156300  	0.10490935  
2023-09-01 22:37:31.937: Find a better model.
2023-09-01 22:37:43.701: [iter 39 : loss : 0.8165 = 0.1314 + 0.3427 + 0.0018 + 0.3406, time: 11.743748]
2023-09-01 22:37:44.358: epoch 39:	0.02901537  	0.15175138  	0.10518378  
2023-09-01 22:37:44.358: Find a better model.
2023-09-01 22:37:56.169: [iter 40 : loss : 0.8152 = 0.1305 + 0.3424 + 0.0019 + 0.3404, time: 11.793017]
2023-09-01 22:37:56.847: epoch 40:	0.02918182  	0.15249455  	0.10567436  
2023-09-01 22:37:56.848: Find a better model.
2023-09-01 22:38:08.587: [iter 41 : loss : 0.8119 = 0.1276 + 0.3422 + 0.0019 + 0.3401, time: 11.725149]
2023-09-01 22:38:09.231: epoch 41:	0.02931228  	0.15316488  	0.10615676  
2023-09-01 22:38:09.231: Find a better model.
2023-09-01 22:38:21.053: [iter 42 : loss : 0.8110 = 0.1271 + 0.3420 + 0.0019 + 0.3399, time: 11.808289]
2023-09-01 22:38:21.727: epoch 42:	0.02945624  	0.15377074  	0.10664395  
2023-09-01 22:38:21.727: Find a better model.
2023-09-01 22:38:33.462: [iter 43 : loss : 0.8106 = 0.1271 + 0.3419 + 0.0020 + 0.3397, time: 11.719592]
2023-09-01 22:38:34.131: epoch 43:	0.02961819  	0.15468271  	0.10707116  
2023-09-01 22:38:34.131: Find a better model.
2023-09-01 22:38:45.844: [iter 44 : loss : 0.8066 = 0.1236 + 0.3416 + 0.0020 + 0.3394, time: 11.698843]
2023-09-01 22:38:46.507: epoch 44:	0.02976666  	0.15536489  	0.10754335  
2023-09-01 22:38:46.507: Find a better model.
2023-09-01 22:38:58.328: [iter 45 : loss : 0.8069 = 0.1242 + 0.3415 + 0.0020 + 0.3392, time: 11.807024]
2023-09-01 22:38:59.018: epoch 45:	0.02974865  	0.15528935  	0.10754607  
2023-09-01 22:39:10.797: [iter 46 : loss : 0.8043 = 0.1221 + 0.3412 + 0.0021 + 0.3390, time: 11.762836]
2023-09-01 22:39:11.456: epoch 46:	0.02984312  	0.15606259  	0.10821135  
2023-09-01 22:39:11.456: Find a better model.
2023-09-01 22:39:23.288: [iter 47 : loss : 0.8015 = 0.1196 + 0.3410 + 0.0021 + 0.3387, time: 11.812602]
2023-09-01 22:39:23.984: epoch 47:	0.02992859  	0.15656729  	0.10865814  
2023-09-01 22:39:23.984: Find a better model.
2023-09-01 22:39:35.702: [iter 48 : loss : 0.8021 = 0.1207 + 0.3408 + 0.0022 + 0.3385, time: 11.699666]
2023-09-01 22:39:36.348: epoch 48:	0.03004106  	0.15743014  	0.10897986  
2023-09-01 22:39:36.348: Find a better model.
2023-09-01 22:39:48.069: [iter 49 : loss : 0.8002 = 0.1191 + 0.3407 + 0.0022 + 0.3383, time: 11.701902]
2023-09-01 22:39:48.748: epoch 49:	0.03031099  	0.15875325  	0.10973763  
2023-09-01 22:39:48.748: Find a better model.
2023-09-01 22:40:00.465: [iter 50 : loss : 0.7967 = 0.1160 + 0.3404 + 0.0022 + 0.3380, time: 11.702137]
2023-09-01 22:40:01.122: epoch 50:	0.03030650  	0.15854253  	0.10985354  
2023-09-01 22:40:12.858: [iter 51 : loss : 0.7961 = 0.1159 + 0.3402 + 0.0023 + 0.3378, time: 11.718573]
2023-09-01 22:40:13.536: epoch 51:	0.03038747  	0.15910213  	0.11009789  
2023-09-01 22:40:13.536: Find a better model.
2023-09-01 22:40:25.366: [iter 52 : loss : 0.7962 = 0.1163 + 0.3401 + 0.0023 + 0.3375, time: 11.813260]
2023-09-01 22:40:26.040: epoch 52:	0.03046396  	0.15969285  	0.11044990  
2023-09-01 22:40:26.041: Find a better model.
2023-09-01 22:40:37.805: [iter 53 : loss : 0.7941 = 0.1146 + 0.3398 + 0.0023 + 0.3373, time: 11.747585]
2023-09-01 22:40:38.482: epoch 53:	0.03058992  	0.16015837  	0.11092065  
2023-09-01 22:40:38.482: Find a better model.
2023-09-01 22:40:50.230: [iter 54 : loss : 0.7925 = 0.1133 + 0.3396 + 0.0024 + 0.3372, time: 11.731881]
2023-09-01 22:40:50.908: epoch 54:	0.03054492  	0.15992731  	0.11095271  
2023-09-01 22:41:02.737: [iter 55 : loss : 0.7931 = 0.1143 + 0.3394 + 0.0024 + 0.3369, time: 11.811401]
2023-09-01 22:41:03.415: epoch 55:	0.03056741  	0.15993002  	0.11120640  
2023-09-01 22:41:15.497: [iter 56 : loss : 0.7897 = 0.1114 + 0.3392 + 0.0024 + 0.3367, time: 12.063843]
2023-09-01 22:41:16.172: epoch 56:	0.03063491  	0.16044194  	0.11142009  
2023-09-01 22:41:16.172: Find a better model.
2023-09-01 22:41:28.166: [iter 57 : loss : 0.7888 = 0.1107 + 0.3391 + 0.0025 + 0.3365, time: 11.974113]
2023-09-01 22:41:28.823: epoch 57:	0.03083283  	0.16136765  	0.11197395  
2023-09-01 22:41:28.823: Find a better model.
2023-09-01 22:41:40.751: [iter 58 : loss : 0.7878 = 0.1100 + 0.3390 + 0.0025 + 0.3363, time: 11.911230]
2023-09-01 22:41:41.416: epoch 58:	0.03076536  	0.16120785  	0.11198531  
2023-09-01 22:41:53.257: [iter 59 : loss : 0.7881 = 0.1106 + 0.3388 + 0.0025 + 0.3361, time: 11.825039]
2023-09-01 22:41:53.925: epoch 59:	0.03078335  	0.16122648  	0.11223021  
2023-09-01 22:42:05.919: [iter 60 : loss : 0.7852 = 0.1082 + 0.3385 + 0.0026 + 0.3359, time: 11.977843]
2023-09-01 22:42:06.600: epoch 60:	0.03095879  	0.16212615  	0.11262724  
2023-09-01 22:42:06.601: Find a better model.
2023-09-01 22:42:18.581: [iter 61 : loss : 0.7832 = 0.1065 + 0.3383 + 0.0026 + 0.3357, time: 11.963246]
2023-09-01 22:42:19.205: epoch 61:	0.03106675  	0.16265769  	0.11301324  
2023-09-01 22:42:19.205: Find a better model.
2023-09-01 22:42:31.006: [iter 62 : loss : 0.7817 = 0.1055 + 0.3381 + 0.0026 + 0.3355, time: 11.782939]
2023-09-01 22:42:31.669: epoch 62:	0.03109824  	0.16279581  	0.11311421  
2023-09-01 22:42:31.669: Find a better model.
2023-09-01 22:42:43.448: [iter 63 : loss : 0.7816 = 0.1056 + 0.3380 + 0.0027 + 0.3353, time: 11.761525]
2023-09-01 22:42:44.116: epoch 63:	0.03112074  	0.16293679  	0.11324961  
2023-09-01 22:42:44.116: Find a better model.
2023-09-01 22:42:55.866: [iter 64 : loss : 0.7801 = 0.1046 + 0.3378 + 0.0027 + 0.3351, time: 11.734052]
2023-09-01 22:42:56.543: epoch 64:	0.03127819  	0.16365828  	0.11350989  
2023-09-01 22:42:56.543: Find a better model.
2023-09-01 22:43:08.502: [iter 65 : loss : 0.7784 = 0.1029 + 0.3379 + 0.0027 + 0.3349, time: 11.942132]
2023-09-01 22:43:09.176: epoch 65:	0.03131868  	0.16364095  	0.11374044  
2023-09-01 22:43:21.110: [iter 66 : loss : 0.7782 = 0.1032 + 0.3376 + 0.0028 + 0.3347, time: 11.912978]
2023-09-01 22:43:21.783: epoch 66:	0.03130970  	0.16365153  	0.11388075  
2023-09-01 22:43:33.652: [iter 67 : loss : 0.7775 = 0.1029 + 0.3374 + 0.0028 + 0.3345, time: 11.850552]
2023-09-01 22:43:34.333: epoch 67:	0.03133669  	0.16384539  	0.11392073  
2023-09-01 22:43:34.333: Find a better model.
2023-09-01 22:43:46.236: [iter 68 : loss : 0.7766 = 0.1022 + 0.3372 + 0.0028 + 0.3343, time: 11.885243]
2023-09-01 22:43:46.909: epoch 68:	0.03144466  	0.16427729  	0.11419737  
2023-09-01 22:43:46.909: Find a better model.
2023-09-01 22:43:58.720: [iter 69 : loss : 0.7748 = 0.1007 + 0.3371 + 0.0029 + 0.3341, time: 11.788671]
2023-09-01 22:43:59.390: epoch 69:	0.03153913  	0.16484863  	0.11449672  
2023-09-01 22:43:59.390: Find a better model.
2023-09-01 22:44:11.180: [iter 70 : loss : 0.7746 = 0.1008 + 0.3369 + 0.0029 + 0.3339, time: 11.770880]
2023-09-01 22:44:11.819: epoch 70:	0.03162011  	0.16522889  	0.11472697  
2023-09-01 22:44:11.819: Find a better model.
2023-09-01 22:44:23.635: [iter 71 : loss : 0.7741 = 0.1006 + 0.3367 + 0.0029 + 0.3338, time: 11.798583]
2023-09-01 22:44:24.300: epoch 71:	0.03158861  	0.16519688  	0.11483663  
2023-09-01 22:44:35.718: [iter 72 : loss : 0.7722 = 0.0991 + 0.3365 + 0.0030 + 0.3336, time: 11.403406]
2023-09-01 22:44:36.392: epoch 72:	0.03169659  	0.16559987  	0.11499262  
2023-09-01 22:44:36.392: Find a better model.
2023-09-01 22:44:48.171: [iter 73 : loss : 0.7709 = 0.0981 + 0.3364 + 0.0030 + 0.3334, time: 11.759877]
2023-09-01 22:44:48.799: epoch 73:	0.03172807  	0.16592713  	0.11527520  
2023-09-01 22:44:48.800: Find a better model.
2023-09-01 22:45:00.581: [iter 74 : loss : 0.7715 = 0.0990 + 0.3362 + 0.0030 + 0.3332, time: 11.760837]
2023-09-01 22:45:01.255: epoch 74:	0.03184954  	0.16638094  	0.11550260  
2023-09-01 22:45:01.255: Find a better model.
2023-09-01 22:45:13.089: [iter 75 : loss : 0.7694 = 0.0971 + 0.3361 + 0.0031 + 0.3331, time: 11.817971]
2023-09-01 22:45:13.756: epoch 75:	0.03184506  	0.16633293  	0.11548907  
2023-09-01 22:45:25.541: [iter 76 : loss : 0.7688 = 0.0969 + 0.3359 + 0.0031 + 0.3329, time: 11.771471]
2023-09-01 22:45:26.204: epoch 76:	0.03193054  	0.16697328  	0.11582041  
2023-09-01 22:45:26.204: Find a better model.
2023-09-01 22:45:37.998: [iter 77 : loss : 0.7685 = 0.0969 + 0.3357 + 0.0031 + 0.3327, time: 11.773238]
2023-09-01 22:45:38.662: epoch 77:	0.03198902  	0.16726048  	0.11593159  
2023-09-01 22:45:38.662: Find a better model.
2023-09-01 22:45:50.425: [iter 78 : loss : 0.7662 = 0.0949 + 0.3356 + 0.0032 + 0.3325, time: 11.746253]
2023-09-01 22:45:51.076: epoch 78:	0.03213298  	0.16764779  	0.11611744  
2023-09-01 22:45:51.076: Find a better model.
2023-09-01 22:46:02.830: [iter 79 : loss : 0.7663 = 0.0953 + 0.3354 + 0.0032 + 0.3323, time: 11.736538]
2023-09-01 22:46:03.476: epoch 79:	0.03214647  	0.16767770  	0.11631008  
2023-09-01 22:46:03.476: Find a better model.
2023-09-01 22:46:15.269: [iter 80 : loss : 0.7649 = 0.0943 + 0.3352 + 0.0033 + 0.3322, time: 11.777647]
2023-09-01 22:46:15.930: epoch 80:	0.03219597  	0.16784450  	0.11659772  
2023-09-01 22:46:15.930: Find a better model.
2023-09-01 22:46:27.755: [iter 81 : loss : 0.7652 = 0.0949 + 0.3350 + 0.0033 + 0.3320, time: 11.808961]
2023-09-01 22:46:28.399: epoch 81:	0.03211048  	0.16749400  	0.11652377  
2023-09-01 22:46:40.236: [iter 82 : loss : 0.7624 = 0.0922 + 0.3350 + 0.0033 + 0.3318, time: 11.820659]
2023-09-01 22:46:40.861: epoch 82:	0.03222296  	0.16802900  	0.11671779  
2023-09-01 22:46:40.861: Find a better model.
2023-09-01 22:46:52.632: [iter 83 : loss : 0.7630 = 0.0933 + 0.3348 + 0.0034 + 0.3316, time: 11.757282]
2023-09-01 22:46:53.294: epoch 83:	0.03224096  	0.16831046  	0.11682126  
2023-09-01 22:46:53.294: Find a better model.
2023-09-01 22:47:05.007: [iter 84 : loss : 0.7623 = 0.0926 + 0.3348 + 0.0034 + 0.3315, time: 11.697982]
2023-09-01 22:47:05.696: epoch 84:	0.03233992  	0.16873567  	0.11721281  
2023-09-01 22:47:05.696: Find a better model.
2023-09-01 22:47:17.485: [iter 85 : loss : 0.7601 = 0.0909 + 0.3344 + 0.0034 + 0.3313, time: 11.767933]
2023-09-01 22:47:18.136: epoch 85:	0.03236242  	0.16927679  	0.11732870  
2023-09-01 22:47:18.136: Find a better model.
2023-09-01 22:47:29.979: [iter 86 : loss : 0.7603 = 0.0914 + 0.3343 + 0.0035 + 0.3311, time: 11.829271]
2023-09-01 22:47:30.640: epoch 86:	0.03231293  	0.16902162  	0.11732559  
2023-09-01 22:47:42.513: [iter 87 : loss : 0.7611 = 0.0925 + 0.3341 + 0.0035 + 0.3310, time: 11.852597]
2023-09-01 22:47:43.171: epoch 87:	0.03243439  	0.16979088  	0.11775990  
2023-09-01 22:47:43.171: Find a better model.
2023-09-01 22:47:54.815: [iter 88 : loss : 0.7596 = 0.0911 + 0.3341 + 0.0035 + 0.3308, time: 11.626165]
2023-09-01 22:47:55.491: epoch 88:	0.03249287  	0.17005645  	0.11794348  
2023-09-01 22:47:55.491: Find a better model.
2023-09-01 22:48:07.153: [iter 89 : loss : 0.7588 = 0.0908 + 0.3338 + 0.0035 + 0.3307, time: 11.644734]
2023-09-01 22:48:07.821: epoch 89:	0.03258284  	0.17041975  	0.11823164  
2023-09-01 22:48:07.822: Find a better model.
2023-09-01 22:48:19.572: [iter 90 : loss : 0.7566 = 0.0889 + 0.3336 + 0.0036 + 0.3305, time: 11.729110]
2023-09-01 22:48:20.239: epoch 90:	0.03265932  	0.17084330  	0.11833967  
2023-09-01 22:48:20.239: Find a better model.
2023-09-01 22:48:31.942: [iter 91 : loss : 0.7559 = 0.0884 + 0.3335 + 0.0036 + 0.3304, time: 11.687977]
2023-09-01 22:48:32.616: epoch 91:	0.03267282  	0.17089228  	0.11837967  
2023-09-01 22:48:32.616: Find a better model.
2023-09-01 22:48:44.468: [iter 92 : loss : 0.7561 = 0.0889 + 0.3334 + 0.0037 + 0.3302, time: 11.832827]
2023-09-01 22:48:45.098: epoch 92:	0.03267731  	0.17098510  	0.11852112  
2023-09-01 22:48:45.098: Find a better model.
2023-09-01 22:48:56.808: [iter 93 : loss : 0.7544 = 0.0873 + 0.3334 + 0.0037 + 0.3300, time: 11.692109]
2023-09-01 22:48:57.474: epoch 93:	0.03280329  	0.17151876  	0.11876329  
2023-09-01 22:48:57.474: Find a better model.
2023-09-01 22:49:09.116: [iter 94 : loss : 0.7550 = 0.0882 + 0.3332 + 0.0037 + 0.3298, time: 11.628101]
2023-09-01 22:49:09.783: epoch 94:	0.03284376  	0.17218012  	0.11893828  
2023-09-01 22:49:09.784: Find a better model.
2023-09-01 22:49:21.530: [iter 95 : loss : 0.7532 = 0.0866 + 0.3331 + 0.0037 + 0.3297, time: 11.730886]
2023-09-01 22:49:22.187: epoch 95:	0.03280778  	0.17164829  	0.11886582  
2023-09-01 22:49:33.897: [iter 96 : loss : 0.7511 = 0.0849 + 0.3329 + 0.0038 + 0.3295, time: 11.689595]
2023-09-01 22:49:34.551: epoch 96:	0.03296075  	0.17230625  	0.11918224  
2023-09-01 22:49:34.551: Find a better model.
2023-09-01 22:49:46.334: [iter 97 : loss : 0.7511 = 0.0852 + 0.3327 + 0.0038 + 0.3294, time: 11.766760]
2023-09-01 22:49:46.996: epoch 97:	0.03297874  	0.17263560  	0.11933564  
2023-09-01 22:49:46.996: Find a better model.
2023-09-01 22:49:58.731: [iter 98 : loss : 0.7524 = 0.0868 + 0.3325 + 0.0039 + 0.3292, time: 11.718570]
2023-09-01 22:49:59.395: epoch 98:	0.03299673  	0.17265306  	0.11947066  
2023-09-01 22:49:59.395: Find a better model.
2023-09-01 22:50:11.076: [iter 99 : loss : 0.7501 = 0.0847 + 0.3324 + 0.0039 + 0.3290, time: 11.666339]
2023-09-01 22:50:11.743: epoch 99:	0.03303721  	0.17267205  	0.11963066  
2023-09-01 22:50:11.743: Find a better model.
2023-09-01 22:50:23.532: [iter 100 : loss : 0.7501 = 0.0850 + 0.3323 + 0.0039 + 0.3289, time: 11.768478]
2023-09-01 22:50:24.189: epoch 100:	0.03316768  	0.17323290  	0.11991219  
2023-09-01 22:50:24.189: Find a better model.
2023-09-01 22:50:35.964: [iter 101 : loss : 0.7499 = 0.0851 + 0.3321 + 0.0040 + 0.3288, time: 11.760930]
2023-09-01 22:50:36.660: epoch 101:	0.03309572  	0.17313170  	0.11985992  
2023-09-01 22:50:48.564: [iter 102 : loss : 0.7494 = 0.0848 + 0.3320 + 0.0040 + 0.3286, time: 11.889483]
2023-09-01 22:50:49.219: epoch 102:	0.03321269  	0.17357714  	0.12015375  
2023-09-01 22:50:49.219: Find a better model.
2023-09-01 22:51:01.065: [iter 103 : loss : 0.7490 = 0.0847 + 0.3318 + 0.0040 + 0.3285, time: 11.827847]
2023-09-01 22:51:01.712: epoch 103:	0.03321268  	0.17375915  	0.12018456  
2023-09-01 22:51:01.713: Find a better model.
2023-09-01 22:51:13.544: [iter 104 : loss : 0.7469 = 0.0828 + 0.3317 + 0.0040 + 0.3283, time: 11.811106]
2023-09-01 22:51:14.214: epoch 104:	0.03331614  	0.17403316  	0.12033303  
2023-09-01 22:51:14.215: Find a better model.
2023-09-01 22:51:26.067: [iter 105 : loss : 0.7471 = 0.0833 + 0.3316 + 0.0041 + 0.3281, time: 11.834492]
2023-09-01 22:51:26.741: epoch 105:	0.03337462  	0.17439148  	0.12043556  
2023-09-01 22:51:26.741: Find a better model.
2023-09-01 22:51:38.578: [iter 106 : loss : 0.7444 = 0.0809 + 0.3314 + 0.0041 + 0.3280, time: 11.820861]
2023-09-01 22:51:39.255: epoch 106:	0.03333412  	0.17424011  	0.12055517  
2023-09-01 22:51:51.108: [iter 107 : loss : 0.7451 = 0.0819 + 0.3312 + 0.0041 + 0.3278, time: 11.832018]
2023-09-01 22:51:51.769: epoch 107:	0.03346910  	0.17457223  	0.12078229  
2023-09-01 22:51:51.769: Find a better model.
2023-09-01 22:52:03.553: [iter 108 : loss : 0.7460 = 0.0830 + 0.3311 + 0.0042 + 0.3277, time: 11.766464]
2023-09-01 22:52:04.230: epoch 108:	0.03351857  	0.17486174  	0.12074671  
2023-09-01 22:52:04.231: Find a better model.
2023-09-01 22:52:16.106: [iter 109 : loss : 0.7443 = 0.0815 + 0.3310 + 0.0042 + 0.3276, time: 11.856654]
2023-09-01 22:52:16.781: epoch 109:	0.03360855  	0.17528318  	0.12106667  
2023-09-01 22:52:16.781: Find a better model.
2023-09-01 22:52:28.708: [iter 110 : loss : 0.7439 = 0.0813 + 0.3309 + 0.0042 + 0.3274, time: 11.905162]
2023-09-01 22:52:29.360: epoch 110:	0.03369404  	0.17584363  	0.12118562  
2023-09-01 22:52:29.361: Find a better model.
2023-09-01 22:52:41.140: [iter 111 : loss : 0.7425 = 0.0802 + 0.3307 + 0.0043 + 0.3273, time: 11.757299]
2023-09-01 22:52:41.799: epoch 111:	0.03368504  	0.17588665  	0.12129609  
2023-09-01 22:52:41.799: Find a better model.
2023-09-01 22:52:53.675: [iter 112 : loss : 0.7413 = 0.0793 + 0.3305 + 0.0043 + 0.3271, time: 11.859371]
2023-09-01 22:52:54.335: epoch 112:	0.03376154  	0.17612645  	0.12151795  
2023-09-01 22:52:54.335: Find a better model.
2023-09-01 22:53:06.208: [iter 113 : loss : 0.7420 = 0.0804 + 0.3303 + 0.0044 + 0.3269, time: 11.858007]
2023-09-01 22:53:06.887: epoch 113:	0.03384700  	0.17660439  	0.12176198  
2023-09-01 22:53:06.887: Find a better model.
2023-09-01 22:53:18.700: [iter 114 : loss : 0.7417 = 0.0803 + 0.3303 + 0.0044 + 0.3268, time: 11.794410]
2023-09-01 22:53:19.365: epoch 114:	0.03394147  	0.17729472  	0.12208934  
2023-09-01 22:53:19.365: Find a better model.
2023-09-01 22:53:31.314: [iter 115 : loss : 0.7401 = 0.0788 + 0.3302 + 0.0044 + 0.3266, time: 11.922627]
2023-09-01 22:53:31.937: epoch 115:	0.03389200  	0.17720473  	0.12214171  
2023-09-01 22:53:43.751: [iter 116 : loss : 0.7404 = 0.0794 + 0.3300 + 0.0044 + 0.3265, time: 11.795084]
2023-09-01 22:53:44.417: epoch 116:	0.03395496  	0.17739944  	0.12223701  
2023-09-01 22:53:44.418: Find a better model.
2023-09-01 22:53:56.267: [iter 117 : loss : 0.7413 = 0.0805 + 0.3299 + 0.0045 + 0.3264, time: 11.831008]
2023-09-01 22:53:56.946: epoch 117:	0.03397746  	0.17742905  	0.12224812  
2023-09-01 22:53:56.946: Find a better model.
2023-09-01 22:54:08.797: [iter 118 : loss : 0.7387 = 0.0781 + 0.3299 + 0.0045 + 0.3263, time: 11.837014]
2023-09-01 22:54:09.466: epoch 118:	0.03400445  	0.17767465  	0.12234833  
2023-09-01 22:54:09.466: Find a better model.
2023-09-01 22:54:21.302: [iter 119 : loss : 0.7378 = 0.0776 + 0.3295 + 0.0045 + 0.3261, time: 11.817787]
2023-09-01 22:54:21.965: epoch 119:	0.03406743  	0.17800692  	0.12261926  
2023-09-01 22:54:21.965: Find a better model.
2023-09-01 22:54:33.858: [iter 120 : loss : 0.7373 = 0.0774 + 0.3294 + 0.0046 + 0.3260, time: 11.872426]
2023-09-01 22:54:34.552: epoch 120:	0.03410793  	0.17776532  	0.12260566  
2023-09-01 22:54:46.392: [iter 121 : loss : 0.7385 = 0.0786 + 0.3295 + 0.0046 + 0.3258, time: 11.819261]
2023-09-01 22:54:47.070: epoch 121:	0.03416190  	0.17840676  	0.12288819  
2023-09-01 22:54:47.070: Find a better model.
2023-09-01 22:54:58.923: [iter 122 : loss : 0.7378 = 0.0781 + 0.3294 + 0.0046 + 0.3257, time: 11.834206]
2023-09-01 22:54:59.606: epoch 122:	0.03418440  	0.17840250  	0.12292436  
2023-09-01 22:55:11.383: [iter 123 : loss : 0.7353 = 0.0759 + 0.3292 + 0.0047 + 0.3256, time: 11.756253]
2023-09-01 22:55:12.040: epoch 123:	0.03421138  	0.17862092  	0.12318629  
2023-09-01 22:55:12.040: Find a better model.
2023-09-01 22:55:23.887: [iter 124 : loss : 0.7348 = 0.0756 + 0.3291 + 0.0047 + 0.3254, time: 11.827921]
2023-09-01 22:55:24.521: epoch 124:	0.03427437  	0.17889825  	0.12335446  
2023-09-01 22:55:24.521: Find a better model.
2023-09-01 22:55:36.460: [iter 125 : loss : 0.7353 = 0.0765 + 0.3288 + 0.0047 + 0.3252, time: 11.917330]
2023-09-01 22:55:37.114: epoch 125:	0.03431036  	0.17888008  	0.12347077  
2023-09-01 22:55:48.862: [iter 126 : loss : 0.7345 = 0.0760 + 0.3286 + 0.0048 + 0.3251, time: 11.730827]
2023-09-01 22:55:49.530: epoch 126:	0.03435982  	0.17935972  	0.12370553  
2023-09-01 22:55:49.530: Find a better model.
2023-09-01 22:56:01.508: [iter 127 : loss : 0.7346 = 0.0763 + 0.3286 + 0.0048 + 0.3250, time: 11.958858]
2023-09-01 22:56:02.183: epoch 127:	0.03435984  	0.17927609  	0.12358598  
2023-09-01 22:56:14.062: [iter 128 : loss : 0.7328 = 0.0748 + 0.3284 + 0.0048 + 0.3248, time: 11.857225]
2023-09-01 22:56:14.736: epoch 128:	0.03434635  	0.17915075  	0.12359269  
2023-09-01 22:56:26.542: [iter 129 : loss : 0.7335 = 0.0756 + 0.3283 + 0.0049 + 0.3247, time: 11.786684]
2023-09-01 22:56:27.187: epoch 129:	0.03439582  	0.17926885  	0.12368947  
2023-09-01 22:56:38.991: [iter 130 : loss : 0.7339 = 0.0763 + 0.3281 + 0.0049 + 0.3245, time: 11.781465]
2023-09-01 22:56:39.663: epoch 130:	0.03459376  	0.18010603  	0.12401342  
2023-09-01 22:56:39.663: Find a better model.
2023-09-01 22:56:51.402: [iter 131 : loss : 0.7336 = 0.0762 + 0.3280 + 0.0049 + 0.3244, time: 11.719071]
2023-09-01 22:56:52.071: epoch 131:	0.03456226  	0.18017906  	0.12406385  
2023-09-01 22:56:52.072: Find a better model.
2023-09-01 22:57:03.918: [iter 132 : loss : 0.7306 = 0.0733 + 0.3280 + 0.0050 + 0.3243, time: 11.828987]
2023-09-01 22:57:04.576: epoch 132:	0.03457127  	0.18021704  	0.12407911  
2023-09-01 22:57:04.576: Find a better model.
2023-09-01 22:57:16.402: [iter 133 : loss : 0.7308 = 0.0737 + 0.3279 + 0.0050 + 0.3241, time: 11.807538]
2023-09-01 22:57:17.040: epoch 133:	0.03460727  	0.18051149  	0.12419687  
2023-09-01 22:57:17.040: Find a better model.
2023-09-01 22:57:28.800: [iter 134 : loss : 0.7333 = 0.0765 + 0.3278 + 0.0050 + 0.3240, time: 11.742361]
2023-09-01 22:57:29.478: epoch 134:	0.03465227  	0.18077295  	0.12425854  
2023-09-01 22:57:29.478: Find a better model.
2023-09-01 22:57:41.441: [iter 135 : loss : 0.7304 = 0.0738 + 0.3276 + 0.0051 + 0.3240, time: 11.938972]
2023-09-01 22:57:42.088: epoch 135:	0.03476023  	0.18134971  	0.12440547  
2023-09-01 22:57:42.088: Find a better model.
2023-09-01 22:57:53.958: [iter 136 : loss : 0.7298 = 0.0735 + 0.3274 + 0.0051 + 0.3238, time: 11.853420]
2023-09-01 22:57:54.640: epoch 136:	0.03473325  	0.18122165  	0.12431680  
2023-09-01 22:58:06.476: [iter 137 : loss : 0.7291 = 0.0730 + 0.3274 + 0.0051 + 0.3236, time: 11.810985]
2023-09-01 22:58:07.163: epoch 137:	0.03484570  	0.18189350  	0.12470639  
2023-09-01 22:58:07.163: Find a better model.
2023-09-01 22:58:18.972: [iter 138 : loss : 0.7291 = 0.0731 + 0.3273 + 0.0052 + 0.3235, time: 11.787009]
2023-09-01 22:58:19.651: epoch 138:	0.03489518  	0.18209754  	0.12468502  
2023-09-01 22:58:19.651: Find a better model.
2023-09-01 22:58:31.385: [iter 139 : loss : 0.7291 = 0.0735 + 0.3270 + 0.0052 + 0.3234, time: 11.713795]
2023-09-01 22:58:32.067: epoch 139:	0.03485021  	0.18173891  	0.12471700  
2023-09-01 22:58:43.911: [iter 140 : loss : 0.7283 = 0.0728 + 0.3270 + 0.0052 + 0.3233, time: 11.826415]
2023-09-01 22:58:44.564: epoch 140:	0.03491766  	0.18205629  	0.12481549  
2023-09-01 22:58:56.411: [iter 141 : loss : 0.7266 = 0.0715 + 0.3268 + 0.0053 + 0.3231, time: 11.827973]
2023-09-01 22:58:57.090: epoch 141:	0.03486367  	0.18167709  	0.12470365  
2023-09-01 22:59:09.027: [iter 142 : loss : 0.7261 = 0.0711 + 0.3268 + 0.0053 + 0.3230, time: 11.912861]
2023-09-01 22:59:09.694: epoch 142:	0.03495816  	0.18222143  	0.12499868  
2023-09-01 22:59:09.694: Find a better model.
2023-09-01 22:59:21.484: [iter 143 : loss : 0.7250 = 0.0703 + 0.3265 + 0.0053 + 0.3228, time: 11.771658]
2023-09-01 22:59:22.150: epoch 143:	0.03493566  	0.18217778  	0.12491564  
2023-09-01 22:59:33.968: [iter 144 : loss : 0.7260 = 0.0716 + 0.3264 + 0.0054 + 0.3227, time: 11.798949]
2023-09-01 22:59:34.633: epoch 144:	0.03496716  	0.18257424  	0.12512900  
2023-09-01 22:59:34.633: Find a better model.
2023-09-01 22:59:46.445: [iter 145 : loss : 0.7258 = 0.0714 + 0.3264 + 0.0054 + 0.3226, time: 11.793705]
2023-09-01 22:59:47.102: epoch 145:	0.03498967  	0.18265629  	0.12523143  
2023-09-01 22:59:47.103: Find a better model.
2023-09-01 22:59:58.927: [iter 146 : loss : 0.7254 = 0.0713 + 0.3262 + 0.0054 + 0.3224, time: 11.807494]
2023-09-01 22:59:59.602: epoch 146:	0.03504364  	0.18266214  	0.12539153  
2023-09-01 22:59:59.602: Find a better model.
2023-09-01 23:00:11.518: [iter 147 : loss : 0.7252 = 0.0712 + 0.3262 + 0.0055 + 0.3223, time: 11.897457]
2023-09-01 23:00:12.178: epoch 147:	0.03503014  	0.18219420  	0.12530097  
2023-09-01 23:00:24.017: [iter 148 : loss : 0.7244 = 0.0707 + 0.3260 + 0.0055 + 0.3222, time: 11.821662]
2023-09-01 23:00:24.672: epoch 148:	0.03511562  	0.18281828  	0.12556759  
2023-09-01 23:00:24.672: Find a better model.
2023-09-01 23:00:36.541: [iter 149 : loss : 0.7235 = 0.0702 + 0.3257 + 0.0055 + 0.3220, time: 11.850293]
2023-09-01 23:00:37.214: epoch 149:	0.03512012  	0.18315957  	0.12565860  
2023-09-01 23:00:37.214: Find a better model.
2023-09-01 23:00:49.054: [iter 150 : loss : 0.7233 = 0.0702 + 0.3256 + 0.0056 + 0.3219, time: 11.823947]
2023-09-01 23:00:49.720: epoch 150:	0.03510661  	0.18293343  	0.12561192  
2023-09-01 23:01:01.564: [iter 151 : loss : 0.7232 = 0.0701 + 0.3256 + 0.0056 + 0.3218, time: 11.824379]
2023-09-01 23:01:02.237: epoch 151:	0.03518759  	0.18297677  	0.12562875  
2023-09-01 23:01:14.166: [iter 152 : loss : 0.7227 = 0.0698 + 0.3256 + 0.0056 + 0.3217, time: 11.911718]
2023-09-01 23:01:14.830: epoch 152:	0.03517859  	0.18315467  	0.12581208  
2023-09-01 23:01:26.670: [iter 153 : loss : 0.7206 = 0.0680 + 0.3253 + 0.0057 + 0.3216, time: 11.822421]
2023-09-01 23:01:27.341: epoch 153:	0.03523707  	0.18324709  	0.12595800  
2023-09-01 23:01:27.342: Find a better model.
2023-09-01 23:01:39.153: [iter 154 : loss : 0.7210 = 0.0687 + 0.3252 + 0.0057 + 0.3214, time: 11.792735]
2023-09-01 23:01:39.786: epoch 154:	0.03529106  	0.18383679  	0.12617770  
2023-09-01 23:01:39.786: Find a better model.
2023-09-01 23:01:51.603: [iter 155 : loss : 0.7212 = 0.0690 + 0.3251 + 0.0057 + 0.3213, time: 11.801306]
2023-09-01 23:01:52.292: epoch 155:	0.03536754  	0.18423374  	0.12646984  
2023-09-01 23:01:52.293: Find a better model.
2023-09-01 23:02:04.159: [iter 156 : loss : 0.7214 = 0.0695 + 0.3250 + 0.0058 + 0.3212, time: 11.844398]
2023-09-01 23:02:04.824: epoch 156:	0.03534056  	0.18398869  	0.12630297  
2023-09-01 23:02:16.717: [iter 157 : loss : 0.7218 = 0.0701 + 0.3248 + 0.0058 + 0.3211, time: 11.873510]
2023-09-01 23:02:17.370: epoch 157:	0.03540804  	0.18436924  	0.12656425  
2023-09-01 23:02:17.370: Find a better model.
2023-09-01 23:02:29.177: [iter 158 : loss : 0.7195 = 0.0680 + 0.3248 + 0.0058 + 0.3209, time: 11.784951]
2023-09-01 23:02:29.843: epoch 158:	0.03543952  	0.18431106  	0.12666199  
2023-09-01 23:02:41.711: [iter 159 : loss : 0.7195 = 0.0682 + 0.3247 + 0.0058 + 0.3208, time: 11.845087]
2023-09-01 23:02:42.366: epoch 159:	0.03544403  	0.18445763  	0.12659732  
2023-09-01 23:02:42.367: Find a better model.
2023-09-01 23:02:54.239: [iter 160 : loss : 0.7200 = 0.0688 + 0.3246 + 0.0059 + 0.3207, time: 11.853741]
2023-09-01 23:02:54.924: epoch 160:	0.03544853  	0.18440732  	0.12661999  
2023-09-01 23:03:06.851: [iter 161 : loss : 0.7179 = 0.0670 + 0.3244 + 0.0059 + 0.3205, time: 11.908085]
2023-09-01 23:03:07.541: epoch 161:	0.03560149  	0.18550585  	0.12701955  
2023-09-01 23:03:07.541: Find a better model.
2023-09-01 23:03:19.571: [iter 162 : loss : 0.7193 = 0.0686 + 0.3243 + 0.0059 + 0.3204, time: 12.007361]
2023-09-01 23:03:20.260: epoch 162:	0.03563749  	0.18544175  	0.12717611  
2023-09-01 23:03:32.115: [iter 163 : loss : 0.7179 = 0.0675 + 0.3241 + 0.0060 + 0.3202, time: 11.832190]
2023-09-01 23:03:32.798: epoch 163:	0.03560600  	0.18525855  	0.12704046  
2023-09-01 23:03:44.665: [iter 164 : loss : 0.7180 = 0.0678 + 0.3241 + 0.0060 + 0.3201, time: 11.846079]
2023-09-01 23:03:45.320: epoch 164:	0.03563749  	0.18526711  	0.12720515  
2023-09-01 23:03:57.189: [iter 165 : loss : 0.7170 = 0.0669 + 0.3241 + 0.0060 + 0.3200, time: 11.852777]
2023-09-01 23:03:57.850: epoch 165:	0.03570047  	0.18608235  	0.12741670  
2023-09-01 23:03:57.850: Find a better model.
2023-09-01 23:04:09.733: [iter 166 : loss : 0.7166 = 0.0667 + 0.3239 + 0.0061 + 0.3199, time: 11.859092]
2023-09-01 23:04:10.405: epoch 166:	0.03577694  	0.18631917  	0.12756658  
2023-09-01 23:04:10.405: Find a better model.
2023-09-01 23:04:22.276: [iter 167 : loss : 0.7174 = 0.0680 + 0.3236 + 0.0061 + 0.3198, time: 11.853010]
2023-09-01 23:04:22.957: epoch 167:	0.03571847  	0.18613686  	0.12735361  
2023-09-01 23:04:34.713: [iter 168 : loss : 0.7168 = 0.0673 + 0.3236 + 0.0061 + 0.3196, time: 11.733030]
2023-09-01 23:04:35.393: epoch 168:	0.03566898  	0.18575494  	0.12735844  
2023-09-01 23:04:47.210: [iter 169 : loss : 0.7156 = 0.0665 + 0.3234 + 0.0062 + 0.3196, time: 11.796309]
2023-09-01 23:04:47.861: epoch 169:	0.03582644  	0.18657637  	0.12771565  
2023-09-01 23:04:47.861: Find a better model.
2023-09-01 23:04:59.788: [iter 170 : loss : 0.7155 = 0.0665 + 0.3234 + 0.0062 + 0.3194, time: 11.906718]
2023-09-01 23:05:00.451: epoch 170:	0.03580394  	0.18683283  	0.12775733  
2023-09-01 23:05:00.451: Find a better model.
2023-09-01 23:05:12.298: [iter 171 : loss : 0.7143 = 0.0656 + 0.3231 + 0.0062 + 0.3193, time: 11.830266]
2023-09-01 23:05:12.951: epoch 171:	0.03585790  	0.18685761  	0.12782346  
2023-09-01 23:05:12.951: Find a better model.
2023-09-01 23:05:24.928: [iter 172 : loss : 0.7150 = 0.0665 + 0.3230 + 0.0063 + 0.3192, time: 11.959345]
2023-09-01 23:05:25.598: epoch 172:	0.03584890  	0.18688327  	0.12784739  
2023-09-01 23:05:25.598: Find a better model.
2023-09-01 23:05:37.370: [iter 173 : loss : 0.7158 = 0.0676 + 0.3228 + 0.0063 + 0.3191, time: 11.754143]
2023-09-01 23:05:38.036: epoch 173:	0.03586239  	0.18712497  	0.12791227  
2023-09-01 23:05:38.036: Find a better model.
2023-09-01 23:05:49.887: [iter 174 : loss : 0.7142 = 0.0661 + 0.3229 + 0.0063 + 0.3190, time: 11.827583]
2023-09-01 23:05:50.564: epoch 174:	0.03587139  	0.18714955  	0.12804538  
2023-09-01 23:05:50.564: Find a better model.
2023-09-01 23:06:02.437: [iter 175 : loss : 0.7147 = 0.0669 + 0.3227 + 0.0064 + 0.3188, time: 11.854615]
2023-09-01 23:06:03.074: epoch 175:	0.03592988  	0.18733446  	0.12817203  
2023-09-01 23:06:03.075: Find a better model.
2023-09-01 23:06:15.036: [iter 176 : loss : 0.7130 = 0.0651 + 0.3227 + 0.0064 + 0.3187, time: 11.945493]
2023-09-01 23:06:15.650: epoch 176:	0.03593889  	0.18743843  	0.12822099  
2023-09-01 23:06:15.650: Find a better model.
2023-09-01 23:06:27.603: [iter 177 : loss : 0.7128 = 0.0653 + 0.3225 + 0.0064 + 0.3186, time: 11.934400]
2023-09-01 23:06:28.269: epoch 177:	0.03605136  	0.18817368  	0.12849756  
2023-09-01 23:06:28.269: Find a better model.
2023-09-01 23:06:40.068: [iter 178 : loss : 0.7132 = 0.0657 + 0.3225 + 0.0065 + 0.3185, time: 11.782871]
2023-09-01 23:06:40.742: epoch 178:	0.03602886  	0.18806212  	0.12850758  
2023-09-01 23:06:52.602: [iter 179 : loss : 0.7117 = 0.0645 + 0.3223 + 0.0065 + 0.3183, time: 11.833241]
2023-09-01 23:06:53.277: epoch 179:	0.03611433  	0.18823190  	0.12866154  
2023-09-01 23:06:53.278: Find a better model.
2023-09-01 23:07:05.180: [iter 180 : loss : 0.7120 = 0.0650 + 0.3222 + 0.0065 + 0.3182, time: 11.877976]
2023-09-01 23:07:05.770: epoch 180:	0.03612332  	0.18815626  	0.12866214  
2023-09-01 23:07:17.663: [iter 181 : loss : 0.7111 = 0.0645 + 0.3219 + 0.0066 + 0.3181, time: 11.876081]
2023-09-01 23:07:18.314: epoch 181:	0.03610533  	0.18812111  	0.12874097  
2023-09-01 23:07:30.269: [iter 182 : loss : 0.7119 = 0.0652 + 0.3220 + 0.0066 + 0.3180, time: 11.932917]
2023-09-01 23:07:30.914: epoch 182:	0.03618182  	0.18866517  	0.12878035  
2023-09-01 23:07:30.915: Find a better model.
2023-09-01 23:07:42.750: [iter 183 : loss : 0.7092 = 0.0628 + 0.3219 + 0.0066 + 0.3179, time: 11.814556]
2023-09-01 23:07:43.414: epoch 183:	0.03616833  	0.18848135  	0.12886597  
2023-09-01 23:07:55.230: [iter 184 : loss : 0.7103 = 0.0644 + 0.3216 + 0.0067 + 0.3177, time: 11.798955]
2023-09-01 23:07:55.906: epoch 184:	0.03625380  	0.18908772  	0.12897632  
2023-09-01 23:07:55.907: Find a better model.
2023-09-01 23:08:07.767: [iter 185 : loss : 0.7104 = 0.0644 + 0.3217 + 0.0067 + 0.3177, time: 11.842541]
2023-09-01 23:08:08.428: epoch 185:	0.03628980  	0.18931139  	0.12902904  
2023-09-01 23:08:08.428: Find a better model.
2023-09-01 23:08:20.327: [iter 186 : loss : 0.7103 = 0.0648 + 0.3213 + 0.0067 + 0.3175, time: 11.878468]
2023-09-01 23:08:20.997: epoch 186:	0.03626280  	0.18930013  	0.12914096  
2023-09-01 23:08:32.860: [iter 187 : loss : 0.7083 = 0.0630 + 0.3212 + 0.0068 + 0.3174, time: 11.844334]
2023-09-01 23:08:33.495: epoch 187:	0.03621779  	0.18920131  	0.12918191  
2023-09-01 23:08:45.292: [iter 188 : loss : 0.7091 = 0.0638 + 0.3212 + 0.0068 + 0.3172, time: 11.778718]
2023-09-01 23:08:45.963: epoch 188:	0.03628078  	0.18932030  	0.12933844  
2023-09-01 23:08:45.963: Find a better model.
2023-09-01 23:08:57.914: [iter 189 : loss : 0.7102 = 0.0650 + 0.3212 + 0.0068 + 0.3172, time: 11.931695]
2023-09-01 23:08:58.596: epoch 189:	0.03634374  	0.18980184  	0.12954986  
2023-09-01 23:08:58.596: Find a better model.
2023-09-01 23:09:10.463: [iter 190 : loss : 0.7084 = 0.0635 + 0.3210 + 0.0068 + 0.3170, time: 11.843122]
2023-09-01 23:09:11.117: epoch 190:	0.03635726  	0.18968338  	0.12949702  
2023-09-01 23:09:22.968: [iter 191 : loss : 0.7085 = 0.0638 + 0.3209 + 0.0069 + 0.3169, time: 11.831295]
2023-09-01 23:09:23.641: epoch 191:	0.03640672  	0.18993853  	0.12971438  
2023-09-01 23:09:23.641: Find a better model.
2023-09-01 23:09:35.553: [iter 192 : loss : 0.7073 = 0.0628 + 0.3208 + 0.0069 + 0.3168, time: 11.892792]
2023-09-01 23:09:36.228: epoch 192:	0.03637524  	0.18989019  	0.12962641  
2023-09-01 23:09:48.043: [iter 193 : loss : 0.7071 = 0.0628 + 0.3206 + 0.0069 + 0.3167, time: 11.796481]
2023-09-01 23:09:48.711: epoch 193:	0.03636622  	0.19006981  	0.12969339  
2023-09-01 23:09:48.711: Find a better model.
2023-09-01 23:10:00.520: [iter 194 : loss : 0.7080 = 0.0638 + 0.3207 + 0.0070 + 0.3166, time: 11.788801]
2023-09-01 23:10:01.183: epoch 194:	0.03639770  	0.18992631  	0.12975913  
2023-09-01 23:10:13.108: [iter 195 : loss : 0.7079 = 0.0638 + 0.3206 + 0.0070 + 0.3164, time: 11.903441]
2023-09-01 23:10:13.783: epoch 195:	0.03644272  	0.19041857  	0.12994055  
2023-09-01 23:10:13.784: Find a better model.
2023-09-01 23:10:25.660: [iter 196 : loss : 0.7060 = 0.0623 + 0.3203 + 0.0070 + 0.3163, time: 11.859311]
2023-09-01 23:10:26.313: epoch 196:	0.03641571  	0.19029857  	0.12990156  
2023-09-01 23:10:38.173: [iter 197 : loss : 0.7061 = 0.0624 + 0.3204 + 0.0071 + 0.3163, time: 11.840050]
2023-09-01 23:10:38.852: epoch 197:	0.03644270  	0.19041814  	0.12989932  
2023-09-01 23:10:50.685: [iter 198 : loss : 0.7069 = 0.0633 + 0.3203 + 0.0071 + 0.3161, time: 11.815009]
2023-09-01 23:10:51.342: epoch 198:	0.03658666  	0.19093801  	0.13013215  
2023-09-01 23:10:51.342: Find a better model.
2023-09-01 23:11:03.126: [iter 199 : loss : 0.7055 = 0.0623 + 0.3200 + 0.0071 + 0.3160, time: 11.764189]
2023-09-01 23:11:03.784: epoch 199:	0.03656866  	0.19078161  	0.13022400  
2023-09-01 23:11:15.715: [iter 200 : loss : 0.7039 = 0.0609 + 0.3199 + 0.0072 + 0.3159, time: 11.912671]
2023-09-01 23:11:16.370: epoch 200:	0.03663165  	0.19122611  	0.13033873  
2023-09-01 23:11:16.370: Find a better model.
2023-09-01 23:11:16.370: best_result@epoch 200:

2023-09-01 23:11:16.370: 		0.0366      	0.1912      	0.1303      
