2023-09-02 09:55:43.112: my pid: 23323
2023-09-02 09:55:43.112: model: model.general_recommender.GNNEC
2023-09-02 09:55:43.112: Dataset statistics:
Name: gowalla-20core
The number of users: 11113
The number of items: 18074
The number of ratings: 523315
Average actions of users: 47.09
Average actions of items: 28.95
The sparsity of the dataset: 99.739458%

The number of training: 475362
The number of validation: 0
The number of testing: 47953
2023-09-02 09:55:43.112: NeuRec:[NeuRec]:
recommender=GNNEC
dataset=gowalla-20core
file_column=UI
sep=','
gpu_id=0
gpu_mem=0.99
metric=["Precision", "Recall", "NDCG"]
top_k=[20]
test_thread=8
test_batch_size=128
seed=2021
start_testing_epoch=0

GNNEC:[hyperparameters]:
mf_reg=0
svd_q=5
aug_type=ND
reg=1e-4
embed_size=32
n_layers=2
ssl_reg=0
ssl_ratio=0.5
ssl_temp=5
ssl_mode=both_side
lr=1e-3
learner=adam
adj_type=pre
epochs=200
batch_size=2048
num_negatives=1
param_init=xavier_uniform
stddev=0.01
verbose=1
stop_cnt=10
pretrain_flag=0
save_flag=0

Command line:
recommender=GNNEC
dataset=gowalla-20core
epochs=200
n_layers=2
embed_size=32
batch_size=2048
lr=1e-3
aug_type=ND
reg=1e-4
ssl_reg=0
ssl_ratio=0.5
ssl_temp=5
mf_reg=0
svd_q=5
2023-09-02 09:55:56.285: metrics:	Precision@20	Recall@20   	NDCG@20     
2023-09-02 09:56:08.825: [iter 1 : loss : 0.6214 = 0.6214 + -0.0000 + 0.0000 + 0.0000, time: 12.539456]
2023-09-02 09:56:09.401: epoch 1:	0.01418193  	0.07280101  	0.04891352  
2023-09-02 09:56:09.401: Find a better model.
2023-09-02 09:56:21.479: [iter 2 : loss : 0.4638 = 0.4637 + -0.0000 + 0.0001 + 0.0000, time: 12.058157]
2023-09-02 09:56:22.136: epoch 2:	0.01723256  	0.08780937  	0.05956640  
2023-09-02 09:56:22.136: Find a better model.
2023-09-02 09:56:34.140: [iter 3 : loss : 0.3887 = 0.3885 + -0.0000 + 0.0002 + 0.0000, time: 11.980154]
2023-09-02 09:56:34.787: epoch 3:	0.01919881  	0.09959738  	0.06772499  
2023-09-02 09:56:34.787: Find a better model.
2023-09-02 09:56:46.735: [iter 4 : loss : 0.3413 = 0.3410 + -0.0000 + 0.0003 + 0.0000, time: 11.926413]
2023-09-02 09:56:47.382: epoch 4:	0.02045865  	0.10702422  	0.07343142  
2023-09-02 09:56:47.382: Find a better model.
2023-09-02 09:56:59.267: [iter 5 : loss : 0.3089 = 0.3086 + -0.0000 + 0.0004 + 0.0000, time: 11.860520]
2023-09-02 09:56:59.878: epoch 5:	0.02127754  	0.11152060  	0.07679585  
2023-09-02 09:56:59.878: Find a better model.
2023-09-02 09:57:11.948: [iter 6 : loss : 0.2855 = 0.2850 + -0.0000 + 0.0004 + 0.0000, time: 12.047685]
2023-09-02 09:57:12.601: epoch 6:	0.02194796  	0.11540575  	0.07959334  
2023-09-02 09:57:12.601: Find a better model.
2023-09-02 09:57:24.561: [iter 7 : loss : 0.2670 = 0.2665 + -0.0000 + 0.0005 + 0.0000, time: 11.938699]
2023-09-02 09:57:25.194: epoch 7:	0.02227642  	0.11725736  	0.08142735  
2023-09-02 09:57:25.195: Find a better model.
2023-09-02 09:57:37.201: [iter 8 : loss : 0.2532 = 0.2526 + -0.0000 + 0.0005 + 0.0000, time: 11.988315]
2023-09-02 09:57:37.862: epoch 8:	0.02278036  	0.11958978  	0.08330953  
2023-09-02 09:57:37.863: Find a better model.
2023-09-02 09:57:49.996: [iter 9 : loss : 0.2407 = 0.2401 + -0.0000 + 0.0006 + 0.0000, time: 12.114753]
2023-09-02 09:57:50.652: epoch 9:	0.02322575  	0.12186281  	0.08509284  
2023-09-02 09:57:50.652: Find a better model.
2023-09-02 09:58:02.637: [iter 10 : loss : 0.2303 = 0.2296 + -0.0000 + 0.0006 + 0.0000, time: 11.960733]
2023-09-02 09:58:03.293: epoch 10:	0.02372959  	0.12456271  	0.08659668  
2023-09-02 09:58:03.293: Find a better model.
2023-09-02 09:58:15.247: [iter 11 : loss : 0.2214 = 0.2207 + 0.0000 + 0.0007 + 0.0000, time: 11.929720]
2023-09-02 09:58:15.889: epoch 11:	0.02409847  	0.12638381  	0.08781222  
2023-09-02 09:58:15.889: Find a better model.
