2023-11-03 21:38:04.571: my pid: 35522
2023-11-03 21:38:04.571: model: model.general_recommender.GNNEC
2023-11-03 21:38:04.571: Dataset statistics:
Name: gowalla-20core
The number of users: 11113
The number of items: 18074
The number of ratings: 523315
Average actions of users: 47.09
Average actions of items: 28.95
The sparsity of the dataset: 99.739458%

The number of training: 475362
The number of validation: 0
The number of testing: 47953
2023-11-03 21:38:04.571: NeuRec:[NeuRec]:
recommender=GNNEC
dataset=gowalla-20core
file_column=UI
sep=','
gpu_id=0
gpu_mem=0.99
metric=["Precision", "Recall", "NDCG"]
top_k=[20]
test_thread=8
test_batch_size=128
seed=2021
start_testing_epoch=0

GNNEC:[hyperparameters]:
mf_reg=1e-4
svd_q=5
aug_type=ND
reg=1e-4
embed_size=64
n_layers=2
ssl_reg=1e-4
ssl_ratio=0.5
ssl_temp=1
ssl_mode=both_side
lr=1e-3
learner=adam
adj_type=pre
epochs=200
batch_size=2048
num_negatives=1
param_init=xavier_uniform
stddev=0.01
verbose=1
stop_cnt=10
pretrain_flag=0
save_flag=0

Command line:
recommender=GNNEC
dataset=gowalla-20core
epochs=200
n_layers=2
embed_size=64
batch_size=2048
lr=1e-3
aug_type=ND
reg=1e-4
ssl_reg=1e-4
ssl_ratio=0.5
ssl_temp=1
mf_reg=1e-4
svd_q=5
2023-11-03 21:38:08.768: metrics:	Precision@20	Recall@20   	NDCG@20     
2023-11-03 21:38:23.001: [iter 1 : loss : 0.6219 = 0.6184 + 0.0018 + 0.0000 + 0.0018, time: 14.231871]
2023-11-03 21:38:23.633: epoch 1:	0.01930680  	0.10041041  	0.06808073  
2023-11-03 21:38:23.633: Find a better model.
2023-11-03 21:38:37.232: [iter 2 : loss : 0.4725 = 0.4693 + 0.0016 + 0.0002 + 0.0016, time: 13.580007]
2023-11-03 21:38:37.889: epoch 2:	0.02150252  	0.11249772  	0.07815088  
2023-11-03 21:38:37.889: Find a better model.
2023-11-03 21:38:51.116: [iter 3 : loss : 0.4028 = 0.3995 + 0.0015 + 0.0003 + 0.0015, time: 13.206625]
2023-11-03 21:38:51.745: epoch 3:	0.02290634  	0.11965044  	0.08350005  
2023-11-03 21:38:51.745: Find a better model.
2023-11-03 21:39:05.435: [iter 4 : loss : 0.3585 = 0.3553 + 0.0014 + 0.0003 + 0.0014, time: 13.667104]
2023-11-03 21:39:06.080: epoch 4:	0.02358114  	0.12323182  	0.08651854  
2023-11-03 21:39:06.080: Find a better model.
2023-11-03 21:39:19.600: [iter 5 : loss : 0.3299 = 0.3267 + 0.0014 + 0.0004 + 0.0014, time: 13.501122]
2023-11-03 21:39:20.249: epoch 5:	0.02406697  	0.12609360  	0.08857573  
2023-11-03 21:39:20.249: Find a better model.
2023-11-03 21:39:33.698: [iter 6 : loss : 0.3095 = 0.3063 + 0.0014 + 0.0005 + 0.0013, time: 13.423542]
2023-11-03 21:39:34.299: epoch 6:	0.02458431  	0.12945081  	0.09046038  
2023-11-03 21:39:34.299: Find a better model.
2023-11-03 21:39:47.725: [iter 7 : loss : 0.2936 = 0.2904 + 0.0013 + 0.0006 + 0.0013, time: 13.404468]
2023-11-03 21:39:48.364: epoch 7:	0.02503865  	0.13172939  	0.09169038  
2023-11-03 21:39:48.364: Find a better model.
2023-11-03 21:40:01.665: [iter 8 : loss : 0.2814 = 0.2781 + 0.0013 + 0.0006 + 0.0013, time: 13.280670]
2023-11-03 21:40:02.311: epoch 8:	0.02550201  	0.13416436  	0.09384965  
2023-11-03 21:40:02.311: Find a better model.
2023-11-03 21:40:15.551: [iter 9 : loss : 0.2702 = 0.2669 + 0.0013 + 0.0007 + 0.0013, time: 13.217858]
2023-11-03 21:40:16.152: epoch 9:	0.02593387  	0.13590787  	0.09527438  
2023-11-03 21:40:16.152: Find a better model.
2023-11-03 21:40:29.106: [iter 10 : loss : 0.2599 = 0.2566 + 0.0013 + 0.0007 + 0.0013, time: 12.934465]
2023-11-03 21:40:29.726: epoch 10:	0.02637024  	0.13817237  	0.09656657  
2023-11-03 21:40:29.726: Find a better model.
2023-11-03 21:40:42.643: [iter 11 : loss : 0.2521 = 0.2487 + 0.0013 + 0.0008 + 0.0012, time: 12.899935]
2023-11-03 21:40:43.275: epoch 11:	0.02684259  	0.14086691  	0.09810311  
2023-11-03 21:40:43.275: Find a better model.
2023-11-03 21:40:56.521: [iter 12 : loss : 0.2427 = 0.2393 + 0.0013 + 0.0008 + 0.0012, time: 13.227119]
2023-11-03 21:40:57.122: epoch 12:	0.02723845  	0.14298169  	0.09939931  
2023-11-03 21:40:57.122: Find a better model.
2023-11-03 21:41:10.666: [iter 13 : loss : 0.2355 = 0.2321 + 0.0013 + 0.0009 + 0.0012, time: 13.524195]
2023-11-03 21:41:11.237: epoch 13:	0.02742287  	0.14375110  	0.10012202  
2023-11-03 21:41:11.238: Find a better model.
2023-11-03 21:41:24.345: [iter 14 : loss : 0.2285 = 0.2251 + 0.0013 + 0.0010 + 0.0012, time: 13.086571]
2023-11-03 21:41:24.966: epoch 14:	0.02775577  	0.14548770  	0.10097234  
2023-11-03 21:41:24.967: Find a better model.
2023-11-03 21:41:38.531: [iter 15 : loss : 0.2233 = 0.2198 + 0.0013 + 0.0010 + 0.0012, time: 13.548056]
2023-11-03 21:41:39.161: epoch 15:	0.02791321  	0.14651620  	0.10193744  
2023-11-03 21:41:39.161: Find a better model.
2023-11-03 21:41:52.453: [iter 16 : loss : 0.2186 = 0.2151 + 0.0013 + 0.0011 + 0.0012, time: 13.272805]
2023-11-03 21:41:53.091: epoch 16:	0.02815163  	0.14784837  	0.10282812  
2023-11-03 21:41:53.092: Find a better model.
2023-11-03 21:42:06.450: [iter 17 : loss : 0.2116 = 0.2081 + 0.0012 + 0.0011 + 0.0012, time: 13.336857]
2023-11-03 21:42:07.062: epoch 17:	0.02841256  	0.14882547  	0.10345063  
2023-11-03 21:42:07.062: Find a better model.
2023-11-03 21:42:20.586: [iter 18 : loss : 0.2076 = 0.2040 + 0.0012 + 0.0012 + 0.0012, time: 13.503453]
2023-11-03 21:42:21.188: epoch 18:	0.02860149  	0.14958559  	0.10415260  
2023-11-03 21:42:21.188: Find a better model.
2023-11-03 21:42:34.540: [iter 19 : loss : 0.2028 = 0.1992 + 0.0012 + 0.0012 + 0.0012, time: 13.328756]
2023-11-03 21:42:35.143: epoch 19:	0.02877244  	0.15021834  	0.10497204  
2023-11-03 21:42:35.143: Find a better model.
2023-11-03 21:42:48.674: [iter 20 : loss : 0.1990 = 0.1953 + 0.0012 + 0.0013 + 0.0011, time: 13.506451]
2023-11-03 21:42:49.267: epoch 20:	0.02895241  	0.15162651  	0.10535210  
2023-11-03 21:42:49.268: Find a better model.
2023-11-03 21:43:02.813: [iter 21 : loss : 0.1958 = 0.1922 + 0.0012 + 0.0013 + 0.0011, time: 13.525151]
2023-11-03 21:43:03.455: epoch 21:	0.02909186  	0.15195064  	0.10591168  
2023-11-03 21:43:03.455: Find a better model.
2023-11-03 21:43:17.131: [iter 22 : loss : 0.1913 = 0.1876 + 0.0012 + 0.0014 + 0.0011, time: 13.655124]
2023-11-03 21:43:17.778: epoch 22:	0.02928530  	0.15297882  	0.10669944  
2023-11-03 21:43:17.778: Find a better model.
2023-11-03 21:43:31.280: [iter 23 : loss : 0.1866 = 0.1829 + 0.0012 + 0.0014 + 0.0011, time: 13.476498]
2023-11-03 21:43:31.910: epoch 23:	0.02947424  	0.15411003  	0.10764147  
2023-11-03 21:43:31.911: Find a better model.
2023-11-03 21:43:45.463: [iter 24 : loss : 0.1836 = 0.1798 + 0.0012 + 0.0015 + 0.0011, time: 13.532346]
2023-11-03 21:43:46.091: epoch 24:	0.02973066  	0.15510924  	0.10856164  
2023-11-03 21:43:46.091: Find a better model.
2023-11-03 21:43:59.660: [iter 25 : loss : 0.1810 = 0.1772 + 0.0012 + 0.0015 + 0.0011, time: 13.548409]
2023-11-03 21:44:00.298: epoch 25:	0.02980714  	0.15577330  	0.10914788  
2023-11-03 21:44:00.298: Find a better model.
2023-11-03 21:44:13.639: [iter 26 : loss : 0.1779 = 0.1740 + 0.0012 + 0.0016 + 0.0011, time: 13.323205]
2023-11-03 21:44:14.228: epoch 26:	0.03000511  	0.15659107  	0.10958051  
2023-11-03 21:44:14.228: Find a better model.
2023-11-03 21:44:26.939: [iter 27 : loss : 0.1744 = 0.1705 + 0.0012 + 0.0016 + 0.0011, time: 12.692371]
2023-11-03 21:44:27.557: epoch 27:	0.03019855  	0.15780984  	0.11039417  
2023-11-03 21:44:27.557: Find a better model.
2023-11-03 21:44:40.330: [iter 28 : loss : 0.1718 = 0.1679 + 0.0012 + 0.0017 + 0.0011, time: 12.758216]
2023-11-03 21:44:40.886: epoch 28:	0.03037851  	0.15860364  	0.11096536  
2023-11-03 21:44:40.886: Find a better model.
2023-11-03 21:44:54.132: [iter 29 : loss : 0.1680 = 0.1640 + 0.0012 + 0.0017 + 0.0011, time: 13.229063]
2023-11-03 21:44:54.765: epoch 29:	0.03067990  	0.16043048  	0.11165849  
2023-11-03 21:44:54.765: Find a better model.
2023-11-03 21:45:08.260: [iter 30 : loss : 0.1649 = 0.1609 + 0.0012 + 0.0018 + 0.0011, time: 13.473490]
2023-11-03 21:45:08.870: epoch 30:	0.03084184  	0.16118386  	0.11243895  
2023-11-03 21:45:08.870: Find a better model.
2023-11-03 21:45:22.244: [iter 31 : loss : 0.1635 = 0.1594 + 0.0012 + 0.0018 + 0.0011, time: 13.351674]
2023-11-03 21:45:22.844: epoch 31:	0.03099930  	0.16219106  	0.11317011  
2023-11-03 21:45:22.844: Find a better model.
2023-11-03 21:45:36.331: [iter 32 : loss : 0.1602 = 0.1561 + 0.0012 + 0.0019 + 0.0011, time: 13.465528]
2023-11-03 21:45:36.960: epoch 32:	0.03110729  	0.16329329  	0.11346879  
2023-11-03 21:45:36.960: Find a better model.
2023-11-03 21:45:50.328: [iter 33 : loss : 0.1590 = 0.1548 + 0.0012 + 0.0019 + 0.0011, time: 13.346723]
2023-11-03 21:45:50.954: epoch 33:	0.03112078  	0.16317166  	0.11388896  
2023-11-03 21:46:04.507: [iter 34 : loss : 0.1571 = 0.1529 + 0.0012 + 0.0020 + 0.0010, time: 13.532166]
2023-11-03 21:46:05.143: epoch 34:	0.03128274  	0.16388421  	0.11427815  
2023-11-03 21:46:05.143: Find a better model.
2023-11-03 21:46:18.729: [iter 35 : loss : 0.1534 = 0.1492 + 0.0011 + 0.0020 + 0.0010, time: 13.564449]
2023-11-03 21:46:19.359: epoch 35:	0.03139972  	0.16406296  	0.11457311  
2023-11-03 21:46:19.359: Find a better model.
2023-11-03 21:46:32.981: [iter 36 : loss : 0.1517 = 0.1474 + 0.0011 + 0.0021 + 0.0010, time: 13.599638]
2023-11-03 21:46:33.617: epoch 36:	0.03154367  	0.16490486  	0.11511827  
2023-11-03 21:46:33.618: Find a better model.
2023-11-03 21:46:47.085: [iter 37 : loss : 0.1493 = 0.1450 + 0.0011 + 0.0021 + 0.0010, time: 13.446813]
2023-11-03 21:46:47.712: epoch 37:	0.03173264  	0.16615352  	0.11568121  
2023-11-03 21:46:47.712: Find a better model.
2023-11-03 21:47:01.109: [iter 38 : loss : 0.1481 = 0.1438 + 0.0011 + 0.0022 + 0.0010, time: 13.379690]
2023-11-03 21:47:01.738: epoch 38:	0.03181363  	0.16648474  	0.11601289  
2023-11-03 21:47:01.739: Find a better model.
2023-11-03 21:47:15.264: [iter 39 : loss : 0.1464 = 0.1421 + 0.0011 + 0.0022 + 0.0010, time: 13.502994]
2023-11-03 21:47:15.904: epoch 39:	0.03203855  	0.16719021  	0.11638915  
2023-11-03 21:47:15.904: Find a better model.
2023-11-03 21:47:29.459: [iter 40 : loss : 0.1450 = 0.1406 + 0.0011 + 0.0023 + 0.0010, time: 13.527394]
2023-11-03 21:47:30.104: epoch 40:	0.03227247  	0.16830513  	0.11714064  
2023-11-03 21:47:30.104: Find a better model.
2023-11-03 21:47:43.637: [iter 41 : loss : 0.1418 = 0.1374 + 0.0011 + 0.0023 + 0.0010, time: 13.509631]
2023-11-03 21:47:44.265: epoch 41:	0.03227700  	0.16825019  	0.11734192  
2023-11-03 21:47:57.955: [iter 42 : loss : 0.1405 = 0.1360 + 0.0011 + 0.0023 + 0.0010, time: 13.672030]
2023-11-03 21:47:58.599: epoch 42:	0.03253792  	0.16982006  	0.11798786  
2023-11-03 21:47:58.599: Find a better model.
2023-11-03 21:48:12.037: [iter 43 : loss : 0.1399 = 0.1354 + 0.0011 + 0.0024 + 0.0010, time: 13.414785]
2023-11-03 21:48:12.669: epoch 43:	0.03260990  	0.16993645  	0.11816027  
2023-11-03 21:48:12.669: Find a better model.
2023-11-03 21:48:26.179: [iter 44 : loss : 0.1362 = 0.1317 + 0.0011 + 0.0024 + 0.0010, time: 13.490833]
2023-11-03 21:48:26.815: epoch 44:	0.03292481  	0.17163427  	0.11876082  
2023-11-03 21:48:26.815: Find a better model.
2023-11-03 21:48:40.345: [iter 45 : loss : 0.1364 = 0.1317 + 0.0011 + 0.0025 + 0.0010, time: 13.511236]
2023-11-03 21:48:40.983: epoch 45:	0.03296980  	0.17214122  	0.11912549  
2023-11-03 21:48:40.983: Find a better model.
2023-11-03 21:48:54.586: [iter 46 : loss : 0.1344 = 0.1298 + 0.0011 + 0.0025 + 0.0010, time: 13.583975]
2023-11-03 21:48:55.238: epoch 46:	0.03296080  	0.17232828  	0.11938053  
2023-11-03 21:48:55.238: Find a better model.
2023-11-03 21:49:08.904: [iter 47 : loss : 0.1317 = 0.1271 + 0.0011 + 0.0026 + 0.0010, time: 13.643707]
2023-11-03 21:49:09.549: epoch 47:	0.03314075  	0.17309010  	0.11991918  
2023-11-03 21:49:09.549: Find a better model.
2023-11-03 21:49:22.870: [iter 48 : loss : 0.1318 = 0.1271 + 0.0011 + 0.0026 + 0.0010, time: 13.296523]
2023-11-03 21:49:23.473: epoch 48:	0.03319472  	0.17358658  	0.12039966  
2023-11-03 21:49:23.473: Find a better model.
2023-11-03 21:49:36.757: [iter 49 : loss : 0.1300 = 0.1253 + 0.0011 + 0.0027 + 0.0010, time: 13.267963]
2023-11-03 21:49:37.395: epoch 49:	0.03329821  	0.17434226  	0.12070668  
2023-11-03 21:49:37.395: Find a better model.
2023-11-03 21:49:50.692: [iter 50 : loss : 0.1269 = 0.1221 + 0.0011 + 0.0027 + 0.0010, time: 13.276272]
2023-11-03 21:49:51.327: epoch 50:	0.03338367  	0.17487624  	0.12105737  
2023-11-03 21:49:51.327: Find a better model.
2023-11-03 21:50:04.626: [iter 51 : loss : 0.1262 = 0.1214 + 0.0011 + 0.0028 + 0.0010, time: 13.282899]
2023-11-03 21:50:05.260: epoch 51:	0.03362660  	0.17612244  	0.12149051  
2023-11-03 21:50:05.260: Find a better model.
2023-11-03 21:50:18.883: [iter 52 : loss : 0.1261 = 0.1213 + 0.0011 + 0.0028 + 0.0010, time: 13.601548]
2023-11-03 21:50:19.530: epoch 52:	0.03389202  	0.17746848  	0.12206541  
2023-11-03 21:50:19.530: Find a better model.
2023-11-03 21:50:33.090: [iter 53 : loss : 0.1235 = 0.1186 + 0.0011 + 0.0029 + 0.0010, time: 13.539236]
2023-11-03 21:50:33.670: epoch 53:	0.03400899  	0.17816384  	0.12237133  
2023-11-03 21:50:33.670: Find a better model.
2023-11-03 21:50:47.183: [iter 54 : loss : 0.1228 = 0.1178 + 0.0011 + 0.0029 + 0.0009, time: 13.491572]
2023-11-03 21:50:47.799: epoch 54:	0.03397751  	0.17785326  	0.12261028  
2023-11-03 21:51:01.323: [iter 55 : loss : 0.1228 = 0.1179 + 0.0011 + 0.0029 + 0.0009, time: 13.508430]
2023-11-03 21:51:01.964: epoch 55:	0.03404497  	0.17796163  	0.12305894  
2023-11-03 21:51:15.506: [iter 56 : loss : 0.1201 = 0.1151 + 0.0011 + 0.0030 + 0.0009, time: 13.521425]
2023-11-03 21:51:16.139: epoch 56:	0.03400445  	0.17808783  	0.12301826  
2023-11-03 21:51:29.730: [iter 57 : loss : 0.1191 = 0.1141 + 0.0011 + 0.0030 + 0.0009, time: 13.571885]
2023-11-03 21:51:30.381: epoch 57:	0.03427888  	0.17913187  	0.12382177  
2023-11-03 21:51:30.382: Find a better model.
2023-11-03 21:51:43.844: [iter 58 : loss : 0.1182 = 0.1131 + 0.0011 + 0.0031 + 0.0009, time: 13.441695]
2023-11-03 21:51:44.487: epoch 58:	0.03427888  	0.17976362  	0.12419243  
2023-11-03 21:51:44.487: Find a better model.
2023-11-03 21:51:57.948: [iter 59 : loss : 0.1175 = 0.1124 + 0.0011 + 0.0031 + 0.0009, time: 13.441472]
2023-11-03 21:51:58.582: epoch 59:	0.03433286  	0.17955475  	0.12444117  
2023-11-03 21:52:12.093: [iter 60 : loss : 0.1158 = 0.1107 + 0.0011 + 0.0032 + 0.0009, time: 13.491745]
2023-11-03 21:52:12.738: epoch 60:	0.03446333  	0.18003215  	0.12483847  
2023-11-03 21:52:12.738: Find a better model.
2023-11-03 21:52:26.183: [iter 61 : loss : 0.1140 = 0.1088 + 0.0011 + 0.0032 + 0.0009, time: 13.425384]
2023-11-03 21:52:26.831: epoch 61:	0.03468827  	0.18131712  	0.12547535  
2023-11-03 21:52:26.831: Find a better model.
2023-11-03 21:52:40.406: [iter 62 : loss : 0.1126 = 0.1074 + 0.0010 + 0.0033 + 0.0009, time: 13.551373]
2023-11-03 21:52:41.036: epoch 62:	0.03471075  	0.18164322  	0.12559339  
2023-11-03 21:52:41.036: Find a better model.
2023-11-03 21:52:54.568: [iter 63 : loss : 0.1119 = 0.1066 + 0.0010 + 0.0033 + 0.0009, time: 13.511465]
2023-11-03 21:52:55.192: epoch 63:	0.03475574  	0.18184224  	0.12577242  
2023-11-03 21:52:55.192: Find a better model.
2023-11-03 21:53:08.634: [iter 64 : loss : 0.1112 = 0.1059 + 0.0010 + 0.0033 + 0.0009, time: 13.418929]
2023-11-03 21:53:09.241: epoch 64:	0.03497616  	0.18324216  	0.12614064  
2023-11-03 21:53:09.241: Find a better model.
2023-11-03 21:53:22.795: [iter 65 : loss : 0.1094 = 0.1040 + 0.0010 + 0.0034 + 0.0009, time: 13.527502]
2023-11-03 21:53:23.425: epoch 65:	0.03510663  	0.18328848  	0.12615550  
2023-11-03 21:53:23.425: Find a better model.
2023-11-03 21:53:36.910: [iter 66 : loss : 0.1093 = 0.1039 + 0.0011 + 0.0034 + 0.0009, time: 13.466391]
2023-11-03 21:53:37.538: epoch 66:	0.03525960  	0.18458097  	0.12664971  
2023-11-03 21:53:37.539: Find a better model.
2023-11-03 21:53:51.095: [iter 67 : loss : 0.1084 = 0.1030 + 0.0010 + 0.0035 + 0.0009, time: 13.536310]
2023-11-03 21:53:51.743: epoch 67:	0.03533607  	0.18520735  	0.12703234  
2023-11-03 21:53:51.743: Find a better model.
2023-11-03 21:54:05.279: [iter 68 : loss : 0.1077 = 0.1023 + 0.0010 + 0.0035 + 0.0009, time: 13.515113]
2023-11-03 21:54:05.919: epoch 68:	0.03553849  	0.18582581  	0.12743688  
2023-11-03 21:54:05.919: Find a better model.
2023-11-03 21:54:19.413: [iter 69 : loss : 0.1057 = 0.1002 + 0.0010 + 0.0036 + 0.0009, time: 13.473872]
2023-11-03 21:54:20.049: epoch 69:	0.03557451  	0.18620798  	0.12778704  
2023-11-03 21:54:20.049: Find a better model.
2023-11-03 21:54:33.650: [iter 70 : loss : 0.1056 = 0.1000 + 0.0010 + 0.0036 + 0.0009, time: 13.585635]
2023-11-03 21:54:34.297: epoch 70:	0.03561497  	0.18600780  	0.12795791  
2023-11-03 21:54:47.788: [iter 71 : loss : 0.1049 = 0.0994 + 0.0010 + 0.0036 + 0.0009, time: 13.473938]
2023-11-03 21:54:48.426: epoch 71:	0.03582193  	0.18769234  	0.12847646  
2023-11-03 21:54:48.426: Find a better model.
2023-11-03 21:55:01.987: [iter 72 : loss : 0.1033 = 0.0977 + 0.0010 + 0.0037 + 0.0009, time: 13.541379]
2023-11-03 21:55:02.614: epoch 72:	0.03593890  	0.18861210  	0.12892653  
2023-11-03 21:55:02.614: Find a better model.
2023-11-03 21:55:16.143: [iter 73 : loss : 0.1022 = 0.0966 + 0.0010 + 0.0037 + 0.0009, time: 13.503734]
2023-11-03 21:55:16.785: epoch 73:	0.03606037  	0.18884191  	0.12909672  
2023-11-03 21:55:16.786: Find a better model.
2023-11-03 21:55:30.356: [iter 74 : loss : 0.1024 = 0.0967 + 0.0010 + 0.0038 + 0.0009, time: 13.544878]
2023-11-03 21:55:30.979: epoch 74:	0.03614135  	0.18916503  	0.12946452  
2023-11-03 21:55:30.979: Find a better model.
2023-11-03 21:55:44.586: [iter 75 : loss : 0.1009 = 0.0952 + 0.0010 + 0.0038 + 0.0009, time: 13.587943]
2023-11-03 21:55:45.209: epoch 75:	0.03628082  	0.18945198  	0.12979795  
2023-11-03 21:55:45.209: Find a better model.
2023-11-03 21:55:58.815: [iter 76 : loss : 0.1007 = 0.0950 + 0.0010 + 0.0039 + 0.0009, time: 13.586119]
2023-11-03 21:55:59.462: epoch 76:	0.03623134  	0.18902166  	0.12992454  
2023-11-03 21:56:13.080: [iter 77 : loss : 0.1001 = 0.0943 + 0.0010 + 0.0039 + 0.0009, time: 13.602090]
2023-11-03 21:56:13.700: epoch 77:	0.03625384  	0.18942168  	0.13016543  
2023-11-03 21:56:27.260: [iter 78 : loss : 0.0982 = 0.0924 + 0.0010 + 0.0039 + 0.0009, time: 13.537197]
2023-11-03 21:56:27.898: epoch 78:	0.03642031  	0.19006646  	0.13041726  
2023-11-03 21:56:27.898: Find a better model.
2023-11-03 21:56:41.354: [iter 79 : loss : 0.0982 = 0.0924 + 0.0010 + 0.0040 + 0.0009, time: 13.435902]
2023-11-03 21:56:41.997: epoch 79:	0.03660476  	0.19149703  	0.13085458  
2023-11-03 21:56:41.997: Find a better model.
2023-11-03 21:56:55.540: [iter 80 : loss : 0.0972 = 0.0913 + 0.0010 + 0.0040 + 0.0009, time: 13.524915]
2023-11-03 21:56:56.189: epoch 80:	0.03659579  	0.19149846  	0.13108458  
2023-11-03 21:56:56.189: Find a better model.
2023-11-03 21:57:09.758: [iter 81 : loss : 0.0972 = 0.0914 + 0.0010 + 0.0041 + 0.0008, time: 13.550549]
2023-11-03 21:57:10.389: epoch 81:	0.03662274  	0.19172743  	0.13114399  
2023-11-03 21:57:10.389: Find a better model.
2023-11-03 21:57:23.961: [iter 82 : loss : 0.0952 = 0.0893 + 0.0010 + 0.0041 + 0.0008, time: 13.550592]
2023-11-03 21:57:24.599: epoch 82:	0.03683869  	0.19224167  	0.13165735  
2023-11-03 21:57:24.599: Find a better model.
2023-11-03 21:57:38.034: [iter 83 : loss : 0.0951 = 0.0891 + 0.0010 + 0.0041 + 0.0008, time: 13.415529]
2023-11-03 21:57:38.668: epoch 83:	0.03673071  	0.19230092  	0.13190217  
2023-11-03 21:57:38.668: Find a better model.
2023-11-03 21:57:52.162: [iter 84 : loss : 0.0945 = 0.0885 + 0.0010 + 0.0042 + 0.0008, time: 13.472846]
2023-11-03 21:57:52.774: epoch 84:	0.03688367  	0.19297045  	0.13237041  
2023-11-03 21:57:52.774: Find a better model.
2023-11-03 21:58:06.379: [iter 85 : loss : 0.0927 = 0.0867 + 0.0010 + 0.0042 + 0.0008, time: 13.587312]
2023-11-03 21:58:07.015: epoch 85:	0.03693314  	0.19352089  	0.13249053  
2023-11-03 21:58:07.015: Find a better model.
2023-11-03 21:58:20.510: [iter 86 : loss : 0.0930 = 0.0870 + 0.0010 + 0.0043 + 0.0008, time: 13.478541]
2023-11-03 21:58:21.161: epoch 86:	0.03696465  	0.19356002  	0.13289483  
2023-11-03 21:58:21.161: Find a better model.
2023-11-03 21:58:34.717: [iter 87 : loss : 0.0932 = 0.0871 + 0.0010 + 0.0043 + 0.0008, time: 13.530437]
2023-11-03 21:58:35.358: epoch 87:	0.03706363  	0.19392927  	0.13321607  
2023-11-03 21:58:35.358: Find a better model.
2023-11-03 21:58:48.893: [iter 88 : loss : 0.0922 = 0.0861 + 0.0010 + 0.0043 + 0.0008, time: 13.513680]
2023-11-03 21:58:49.547: epoch 88:	0.03725258  	0.19493145  	0.13380657  
2023-11-03 21:58:49.547: Find a better model.
2023-11-03 21:59:03.046: [iter 89 : loss : 0.0913 = 0.0851 + 0.0010 + 0.0044 + 0.0008, time: 13.475457]
2023-11-03 21:59:03.661: epoch 89:	0.03738303  	0.19520740  	0.13424304  
2023-11-03 21:59:03.661: Find a better model.
2023-11-03 21:59:17.157: [iter 90 : loss : 0.0899 = 0.0837 + 0.0010 + 0.0044 + 0.0008, time: 13.476121]
2023-11-03 21:59:17.810: epoch 90:	0.03741000  	0.19556969  	0.13444348  
2023-11-03 21:59:17.810: Find a better model.
2023-11-03 21:59:31.508: [iter 91 : loss : 0.0894 = 0.0832 + 0.0010 + 0.0045 + 0.0008, time: 13.677483]
2023-11-03 21:59:32.144: epoch 91:	0.03754948  	0.19644251  	0.13498048  
2023-11-03 21:59:32.144: Find a better model.
2023-11-03 21:59:45.493: [iter 92 : loss : 0.0894 = 0.0831 + 0.0010 + 0.0045 + 0.0008, time: 13.327417]
2023-11-03 21:59:46.070: epoch 92:	0.03767543  	0.19710420  	0.13497271  
2023-11-03 21:59:46.070: Find a better model.
2023-11-03 21:59:59.284: [iter 93 : loss : 0.0882 = 0.0819 + 0.0010 + 0.0045 + 0.0008, time: 13.196199]
2023-11-03 21:59:59.922: epoch 93:	0.03782389  	0.19767131  	0.13532180  
2023-11-03 21:59:59.922: Find a better model.
2023-11-03 22:00:13.417: [iter 94 : loss : 0.0884 = 0.0820 + 0.0010 + 0.0046 + 0.0008, time: 13.474611]
2023-11-03 22:00:14.066: epoch 94:	0.03779688  	0.19789158  	0.13552527  
2023-11-03 22:00:14.067: Find a better model.
2023-11-03 22:00:27.653: [iter 95 : loss : 0.0871 = 0.0807 + 0.0010 + 0.0046 + 0.0008, time: 13.565793]
2023-11-03 22:00:28.288: epoch 95:	0.03794987  	0.19830097  	0.13592477  
2023-11-03 22:00:28.288: Find a better model.
2023-11-03 22:00:41.784: [iter 96 : loss : 0.0850 = 0.0786 + 0.0009 + 0.0046 + 0.0008, time: 13.477103]
2023-11-03 22:00:42.440: epoch 96:	0.03795435  	0.19865993  	0.13611130  
2023-11-03 22:00:42.440: Find a better model.
2023-11-03 22:00:55.975: [iter 97 : loss : 0.0856 = 0.0792 + 0.0009 + 0.0047 + 0.0008, time: 13.514818]
2023-11-03 22:00:56.619: epoch 97:	0.03793635  	0.19840498  	0.13616747  
2023-11-03 22:01:10.119: [iter 98 : loss : 0.0866 = 0.0801 + 0.0009 + 0.0047 + 0.0008, time: 13.476755]
2023-11-03 22:01:10.769: epoch 98:	0.03805785  	0.19896448  	0.13660836  
2023-11-03 22:01:10.769: Find a better model.
2023-11-03 22:01:24.257: [iter 99 : loss : 0.0846 = 0.0781 + 0.0009 + 0.0048 + 0.0008, time: 13.463535]
2023-11-03 22:01:24.851: epoch 99:	0.03807134  	0.19878183  	0.13653305  
2023-11-03 22:01:38.493: [iter 100 : loss : 0.0846 = 0.0781 + 0.0009 + 0.0048 + 0.0008, time: 13.617817]
2023-11-03 22:01:39.095: epoch 100:	0.03822878  	0.19939104  	0.13685663  
2023-11-03 22:01:39.095: Find a better model.
2023-11-03 22:01:52.606: [iter 101 : loss : 0.0841 = 0.0775 + 0.0009 + 0.0048 + 0.0008, time: 13.490604]
2023-11-03 22:01:53.232: epoch 101:	0.03825130  	0.19967841  	0.13719070  
2023-11-03 22:01:53.233: Find a better model.
2023-11-03 22:02:06.850: [iter 102 : loss : 0.0832 = 0.0766 + 0.0009 + 0.0049 + 0.0008, time: 13.595695]
2023-11-03 22:02:07.494: epoch 102:	0.03845372  	0.20118915  	0.13770658  
2023-11-03 22:02:07.494: Find a better model.
2023-11-03 22:02:20.982: [iter 103 : loss : 0.0827 = 0.0761 + 0.0009 + 0.0049 + 0.0008, time: 13.469279]
2023-11-03 22:02:21.609: epoch 103:	0.03848971  	0.20143440  	0.13792214  
2023-11-03 22:02:21.609: Find a better model.
2023-11-03 22:02:35.128: [iter 104 : loss : 0.0819 = 0.0752 + 0.0009 + 0.0049 + 0.0008, time: 13.500436]
2023-11-03 22:02:35.753: epoch 104:	0.03857968  	0.20198752  	0.13806294  
2023-11-03 22:02:35.753: Find a better model.
2023-11-03 22:02:49.290: [iter 105 : loss : 0.0825 = 0.0758 + 0.0009 + 0.0050 + 0.0008, time: 13.520354]
2023-11-03 22:02:49.927: epoch 105:	0.03846721  	0.20132796  	0.13803029  
2023-11-03 22:03:03.623: [iter 106 : loss : 0.0804 = 0.0737 + 0.0009 + 0.0050 + 0.0008, time: 13.675043]
2023-11-03 22:03:04.251: epoch 106:	0.03858419  	0.20228027  	0.13844000  
2023-11-03 22:03:04.251: Find a better model.
2023-11-03 22:03:17.805: [iter 107 : loss : 0.0804 = 0.0737 + 0.0009 + 0.0051 + 0.0008, time: 13.533497]
2023-11-03 22:03:18.434: epoch 107:	0.03870567  	0.20279408  	0.13876495  
2023-11-03 22:03:18.434: Find a better model.
2023-11-03 22:03:31.958: [iter 108 : loss : 0.0809 = 0.0742 + 0.0009 + 0.0051 + 0.0008, time: 13.505949]
2023-11-03 22:03:32.539: epoch 108:	0.03875966  	0.20295028  	0.13885826  
2023-11-03 22:03:32.539: Find a better model.
2023-11-03 22:03:46.113: [iter 109 : loss : 0.0798 = 0.0730 + 0.0009 + 0.0051 + 0.0008, time: 13.553229]
2023-11-03 22:03:46.681: epoch 109:	0.03879115  	0.20270544  	0.13904127  
2023-11-03 22:04:00.202: [iter 110 : loss : 0.0794 = 0.0726 + 0.0009 + 0.0052 + 0.0008, time: 13.500724]
2023-11-03 22:04:00.859: epoch 110:	0.03900709  	0.20412643  	0.13971061  
2023-11-03 22:04:00.860: Find a better model.
2023-11-03 22:04:14.397: [iter 111 : loss : 0.0785 = 0.0716 + 0.0009 + 0.0052 + 0.0008, time: 13.514896]
2023-11-03 22:04:15.049: epoch 111:	0.03896663  	0.20397052  	0.13984776  
2023-11-03 22:04:28.634: [iter 112 : loss : 0.0777 = 0.0709 + 0.0009 + 0.0052 + 0.0008, time: 13.559574]
2023-11-03 22:04:29.234: epoch 112:	0.03899362  	0.20458461  	0.14005657  
2023-11-03 22:04:29.234: Find a better model.
2023-11-03 22:04:42.847: [iter 113 : loss : 0.0780 = 0.0711 + 0.0009 + 0.0053 + 0.0008, time: 13.594649]
2023-11-03 22:04:43.489: epoch 113:	0.03903860  	0.20472713  	0.14026269  
2023-11-03 22:04:43.489: Find a better model.
2023-11-03 22:04:57.024: [iter 114 : loss : 0.0781 = 0.0711 + 0.0009 + 0.0053 + 0.0008, time: 13.513588]
2023-11-03 22:04:57.664: epoch 114:	0.03910160  	0.20526974  	0.14042780  
2023-11-03 22:04:57.664: Find a better model.
2023-11-03 22:05:11.209: [iter 115 : loss : 0.0768 = 0.0698 + 0.0009 + 0.0053 + 0.0008, time: 13.527349]
2023-11-03 22:05:11.792: epoch 115:	0.03898912  	0.20472328  	0.14039211  
2023-11-03 22:05:25.401: [iter 116 : loss : 0.0767 = 0.0696 + 0.0009 + 0.0054 + 0.0008, time: 13.587780]
2023-11-03 22:05:26.028: epoch 116:	0.03915109  	0.20532995  	0.14083710  
2023-11-03 22:05:26.028: Find a better model.
2023-11-03 22:05:39.635: [iter 117 : loss : 0.0771 = 0.0700 + 0.0009 + 0.0054 + 0.0008, time: 13.589750]
2023-11-03 22:05:40.210: epoch 117:	0.03905662  	0.20479840  	0.14093293  
2023-11-03 22:05:53.470: [iter 118 : loss : 0.0759 = 0.0688 + 0.0009 + 0.0054 + 0.0007, time: 13.241277]
2023-11-03 22:05:54.100: epoch 118:	0.03922758  	0.20574510  	0.14137505  
2023-11-03 22:05:54.100: Find a better model.
2023-11-03 22:06:07.419: [iter 119 : loss : 0.0754 = 0.0683 + 0.0009 + 0.0055 + 0.0007, time: 13.301554]
2023-11-03 22:06:08.053: epoch 119:	0.03929506  	0.20596741  	0.14154646  
2023-11-03 22:06:08.053: Find a better model.
2023-11-03 22:06:21.379: [iter 120 : loss : 0.0749 = 0.0677 + 0.0009 + 0.0055 + 0.0007, time: 13.308846]
2023-11-03 22:06:22.012: epoch 120:	0.03946153  	0.20698832  	0.14216112  
2023-11-03 22:06:22.012: Find a better model.
2023-11-03 22:06:35.387: [iter 121 : loss : 0.0756 = 0.0684 + 0.0009 + 0.0056 + 0.0007, time: 13.356921]
2023-11-03 22:06:36.001: epoch 121:	0.03952451  	0.20726225  	0.14238437  
2023-11-03 22:06:36.001: Find a better model.
2023-11-03 22:06:49.348: [iter 122 : loss : 0.0750 = 0.0678 + 0.0009 + 0.0056 + 0.0007, time: 13.328788]
2023-11-03 22:06:49.984: epoch 122:	0.03955599  	0.20760280  	0.14244904  
2023-11-03 22:06:49.984: Find a better model.
2023-11-03 22:07:03.284: [iter 123 : loss : 0.0734 = 0.0661 + 0.0009 + 0.0056 + 0.0007, time: 13.283334]
2023-11-03 22:07:03.911: epoch 123:	0.03959201  	0.20771568  	0.14264412  
2023-11-03 22:07:03.911: Find a better model.
2023-11-03 22:07:17.074: [iter 124 : loss : 0.0731 = 0.0658 + 0.0009 + 0.0057 + 0.0007, time: 13.144969]
2023-11-03 22:07:17.699: epoch 124:	0.03957849  	0.20720333  	0.14263925  
2023-11-03 22:07:30.985: [iter 125 : loss : 0.0731 = 0.0658 + 0.0009 + 0.0057 + 0.0007, time: 13.270707]
2023-11-03 22:07:31.618: epoch 125:	0.03966849  	0.20773569  	0.14299116  
2023-11-03 22:07:31.618: Find a better model.
2023-11-03 22:07:44.920: [iter 126 : loss : 0.0732 = 0.0659 + 0.0009 + 0.0057 + 0.0007, time: 13.285633]
2023-11-03 22:07:45.559: epoch 126:	0.03993840  	0.20933874  	0.14337532  
2023-11-03 22:07:45.559: Find a better model.
2023-11-03 22:07:58.884: [iter 127 : loss : 0.0722 = 0.0649 + 0.0009 + 0.0058 + 0.0007, time: 13.306775]
2023-11-03 22:07:59.510: epoch 127:	0.03986192  	0.20901118  	0.14319633  
2023-11-03 22:08:12.717: [iter 128 : loss : 0.0718 = 0.0644 + 0.0009 + 0.0058 + 0.0007, time: 13.189623]
2023-11-03 22:08:13.309: epoch 128:	0.03983045  	0.20854546  	0.14305612  
2023-11-03 22:08:26.645: [iter 129 : loss : 0.0721 = 0.0647 + 0.0008 + 0.0058 + 0.0007, time: 13.318331]
2023-11-03 22:08:27.281: epoch 129:	0.04013640  	0.21036071  	0.14412834  
2023-11-03 22:08:27.281: Find a better model.
2023-11-03 22:08:40.651: [iter 130 : loss : 0.0720 = 0.0646 + 0.0008 + 0.0059 + 0.0007, time: 13.347744]
2023-11-03 22:08:41.284: epoch 130:	0.04013639  	0.21045376  	0.14428186  
2023-11-03 22:08:41.284: Find a better model.
2023-11-03 22:08:54.682: [iter 131 : loss : 0.0719 = 0.0644 + 0.0008 + 0.0059 + 0.0007, time: 13.377795]
2023-11-03 22:08:55.307: epoch 131:	0.04010488  	0.20997524  	0.14428091  
2023-11-03 22:09:08.765: [iter 132 : loss : 0.0702 = 0.0628 + 0.0009 + 0.0059 + 0.0007, time: 13.433166]
2023-11-03 22:09:09.389: epoch 132:	0.04008239  	0.20999442  	0.14445916  
2023-11-03 22:09:22.713: [iter 133 : loss : 0.0703 = 0.0628 + 0.0009 + 0.0060 + 0.0007, time: 13.308590]
2023-11-03 22:09:23.352: epoch 133:	0.04007339  	0.20986162  	0.14414662  
2023-11-03 22:09:36.637: [iter 134 : loss : 0.0712 = 0.0637 + 0.0009 + 0.0060 + 0.0007, time: 13.268922]
2023-11-03 22:09:37.279: epoch 134:	0.04015436  	0.21065408  	0.14440158  
2023-11-03 22:09:37.280: Find a better model.
2023-11-03 22:09:50.673: [iter 135 : loss : 0.0700 = 0.0624 + 0.0008 + 0.0060 + 0.0007, time: 13.372287]
2023-11-03 22:09:51.283: epoch 135:	0.04008688  	0.21026623  	0.14447276  
2023-11-03 22:10:04.488: [iter 136 : loss : 0.0694 = 0.0618 + 0.0008 + 0.0060 + 0.0007, time: 13.186487]
2023-11-03 22:10:05.116: epoch 136:	0.04032532  	0.21095720  	0.14482540  
2023-11-03 22:10:05.116: Find a better model.
2023-11-03 22:10:18.355: [iter 137 : loss : 0.0696 = 0.0619 + 0.0008 + 0.0061 + 0.0007, time: 13.221845]
2023-11-03 22:10:18.945: epoch 137:	0.04028487  	0.21086074  	0.14505054  
2023-11-03 22:10:31.598: [iter 138 : loss : 0.0691 = 0.0614 + 0.0008 + 0.0061 + 0.0007, time: 12.635772]
2023-11-03 22:10:32.170: epoch 138:	0.04025785  	0.21073061  	0.14502509  
2023-11-03 22:10:45.483: [iter 139 : loss : 0.0688 = 0.0611 + 0.0008 + 0.0061 + 0.0007, time: 13.297083]
2023-11-03 22:10:46.109: epoch 139:	0.04046482  	0.21198805  	0.14550261  
2023-11-03 22:10:46.109: Find a better model.
2023-11-03 22:10:59.388: [iter 140 : loss : 0.0683 = 0.0606 + 0.0008 + 0.0062 + 0.0007, time: 13.264240]
2023-11-03 22:10:59.981: epoch 140:	0.04054132  	0.21246292  	0.14574099  
2023-11-03 22:10:59.981: Find a better model.
2023-11-03 22:11:13.277: [iter 141 : loss : 0.0674 = 0.0596 + 0.0008 + 0.0062 + 0.0007, time: 13.280475]
2023-11-03 22:11:13.894: epoch 141:	0.04063125  	0.21267568  	0.14588912  
2023-11-03 22:11:13.895: Find a better model.
2023-11-03 22:11:27.149: [iter 142 : loss : 0.0671 = 0.0593 + 0.0008 + 0.0062 + 0.0007, time: 13.234266]
2023-11-03 22:11:27.746: epoch 142:	0.04058178  	0.21219744  	0.14587621  
2023-11-03 22:11:41.026: [iter 143 : loss : 0.0666 = 0.0589 + 0.0008 + 0.0063 + 0.0007, time: 13.259374]
2023-11-03 22:11:41.647: epoch 143:	0.04067175  	0.21280874  	0.14620368  
2023-11-03 22:11:41.647: Find a better model.
2023-11-03 22:11:54.836: [iter 144 : loss : 0.0669 = 0.0591 + 0.0008 + 0.0063 + 0.0007, time: 13.169934]
2023-11-03 22:11:55.406: epoch 144:	0.04076622  	0.21257664  	0.14631264  
2023-11-03 22:12:08.771: [iter 145 : loss : 0.0667 = 0.0589 + 0.0008 + 0.0063 + 0.0007, time: 13.349227]
2023-11-03 22:12:09.407: epoch 145:	0.04086068  	0.21384735  	0.14683661  
2023-11-03 22:12:09.407: Find a better model.
2023-11-03 22:12:22.750: [iter 146 : loss : 0.0664 = 0.0586 + 0.0008 + 0.0064 + 0.0007, time: 13.322140]
2023-11-03 22:12:23.337: epoch 146:	0.04087869  	0.21389049  	0.14678679  
2023-11-03 22:12:23.337: Find a better model.
2023-11-03 22:12:36.591: [iter 147 : loss : 0.0665 = 0.0586 + 0.0008 + 0.0064 + 0.0007, time: 13.240547]
2023-11-03 22:12:37.235: epoch 147:	0.04093268  	0.21421067  	0.14691062  
2023-11-03 22:12:37.235: Find a better model.
2023-11-03 22:12:50.606: [iter 148 : loss : 0.0662 = 0.0583 + 0.0008 + 0.0064 + 0.0007, time: 13.348481]
2023-11-03 22:12:51.239: epoch 148:	0.04104963  	0.21481919  	0.14715233  
2023-11-03 22:12:51.239: Find a better model.
2023-11-03 22:13:04.452: [iter 149 : loss : 0.0657 = 0.0578 + 0.0008 + 0.0065 + 0.0007, time: 13.196107]
2023-11-03 22:13:05.079: epoch 149:	0.04100015  	0.21484329  	0.14722687  
2023-11-03 22:13:05.079: Find a better model.
2023-11-03 22:13:18.453: [iter 150 : loss : 0.0652 = 0.0573 + 0.0008 + 0.0065 + 0.0007, time: 13.355452]
2023-11-03 22:13:19.089: epoch 150:	0.04101365  	0.21539807  	0.14743036  
2023-11-03 22:13:19.089: Find a better model.
2023-11-03 22:13:32.461: [iter 151 : loss : 0.0650 = 0.0570 + 0.0008 + 0.0065 + 0.0007, time: 13.354452]
2023-11-03 22:13:33.075: epoch 151:	0.04085616  	0.21468677  	0.14724316  
2023-11-03 22:13:46.326: [iter 152 : loss : 0.0651 = 0.0571 + 0.0008 + 0.0065 + 0.0007, time: 13.231022]
2023-11-03 22:13:46.923: epoch 152:	0.04095067  	0.21492259  	0.14722338  
2023-11-03 22:14:00.315: [iter 153 : loss : 0.0638 = 0.0558 + 0.0008 + 0.0066 + 0.0007, time: 13.374041]
2023-11-03 22:14:00.940: epoch 153:	0.04089668  	0.21452494  	0.14726111  
2023-11-03 22:14:14.326: [iter 154 : loss : 0.0635 = 0.0554 + 0.0008 + 0.0066 + 0.0007, time: 13.370096]
2023-11-03 22:14:14.964: epoch 154:	0.04108114  	0.21483278  	0.14765051  
2023-11-03 22:14:28.387: [iter 155 : loss : 0.0636 = 0.0555 + 0.0008 + 0.0066 + 0.0007, time: 13.405695]
2023-11-03 22:14:29.007: epoch 155:	0.04117111  	0.21545638  	0.14794131  
2023-11-03 22:14:29.007: Find a better model.
2023-11-03 22:14:42.362: [iter 156 : loss : 0.0637 = 0.0556 + 0.0008 + 0.0067 + 0.0007, time: 13.340416]
2023-11-03 22:14:43.010: epoch 156:	0.04127457  	0.21596502  	0.14820437  
2023-11-03 22:14:43.010: Find a better model.
2023-11-03 22:14:56.374: [iter 157 : loss : 0.0642 = 0.0560 + 0.0008 + 0.0067 + 0.0007, time: 13.345016]
2023-11-03 22:14:57.021: epoch 157:	0.04129258  	0.21610582  	0.14815727  
2023-11-03 22:14:57.021: Find a better model.
2023-11-03 22:15:10.046: [iter 158 : loss : 0.0632 = 0.0550 + 0.0008 + 0.0067 + 0.0007, time: 13.004214]
2023-11-03 22:15:10.673: epoch 158:	0.04128810  	0.21575476  	0.14812718  
2023-11-03 22:15:23.869: [iter 159 : loss : 0.0629 = 0.0547 + 0.0008 + 0.0068 + 0.0007, time: 13.172905]
2023-11-03 22:15:24.496: epoch 159:	0.04118462  	0.21561225  	0.14805418  
2023-11-03 22:15:37.661: [iter 160 : loss : 0.0629 = 0.0547 + 0.0008 + 0.0068 + 0.0007, time: 13.147417]
2023-11-03 22:15:38.286: epoch 160:	0.04134658  	0.21639298  	0.14852843  
2023-11-03 22:15:38.286: Find a better model.
2023-11-03 22:15:51.465: [iter 161 : loss : 0.0623 = 0.0540 + 0.0008 + 0.0068 + 0.0007, time: 13.164175]
2023-11-03 22:15:52.083: epoch 161:	0.04128362  	0.21623293  	0.14810768  
2023-11-03 22:16:05.346: [iter 162 : loss : 0.0631 = 0.0548 + 0.0008 + 0.0068 + 0.0007, time: 13.245213]
2023-11-03 22:16:05.943: epoch 162:	0.04137357  	0.21664810  	0.14840327  
2023-11-03 22:16:05.943: Find a better model.
2023-11-03 22:16:19.331: [iter 163 : loss : 0.0620 = 0.0537 + 0.0008 + 0.0069 + 0.0007, time: 13.371500]
2023-11-03 22:16:19.917: epoch 163:	0.04128360  	0.21608293  	0.14820720  
2023-11-03 22:16:33.217: [iter 164 : loss : 0.0620 = 0.0536 + 0.0008 + 0.0069 + 0.0006, time: 13.282655]
2023-11-03 22:16:33.820: epoch 164:	0.04145005  	0.21694463  	0.14857864  
2023-11-03 22:16:33.820: Find a better model.
2023-11-03 22:16:46.506: [iter 165 : loss : 0.0619 = 0.0536 + 0.0008 + 0.0069 + 0.0006, time: 12.666844]
2023-11-03 22:16:47.079: epoch 165:	0.04140057  	0.21681106  	0.14858924  
2023-11-03 22:17:00.307: [iter 166 : loss : 0.0611 = 0.0528 + 0.0008 + 0.0070 + 0.0006, time: 13.205709]
2023-11-03 22:17:00.929: epoch 166:	0.04145905  	0.21723156  	0.14877152  
2023-11-03 22:17:00.929: Find a better model.
2023-11-03 22:17:14.400: [iter 167 : loss : 0.0618 = 0.0534 + 0.0008 + 0.0070 + 0.0006, time: 13.452647]
2023-11-03 22:17:15.019: epoch 167:	0.04148604  	0.21745522  	0.14883339  
2023-11-03 22:17:15.019: Find a better model.
2023-11-03 22:17:28.355: [iter 168 : loss : 0.0615 = 0.0531 + 0.0008 + 0.0070 + 0.0006, time: 13.312371]
2023-11-03 22:17:28.971: epoch 168:	0.04154003  	0.21772091  	0.14909944  
2023-11-03 22:17:28.971: Find a better model.
2023-11-03 22:17:42.150: [iter 169 : loss : 0.0606 = 0.0521 + 0.0008 + 0.0070 + 0.0006, time: 13.162299]
2023-11-03 22:17:42.752: epoch 169:	0.04148157  	0.21754207  	0.14897338  
2023-11-03 22:17:56.115: [iter 170 : loss : 0.0607 = 0.0523 + 0.0008 + 0.0071 + 0.0006, time: 13.345812]
2023-11-03 22:17:56.727: epoch 170:	0.04145905  	0.21716323  	0.14896370  
2023-11-03 22:18:10.011: [iter 171 : loss : 0.0599 = 0.0514 + 0.0008 + 0.0071 + 0.0006, time: 13.266206]
2023-11-03 22:18:10.635: epoch 171:	0.04143658  	0.21697877  	0.14907271  
2023-11-03 22:18:23.971: [iter 172 : loss : 0.0605 = 0.0519 + 0.0008 + 0.0071 + 0.0006, time: 13.320027]
2023-11-03 22:18:24.589: epoch 172:	0.04158954  	0.21775900  	0.14933157  
2023-11-03 22:18:24.589: Find a better model.
2023-11-03 22:18:37.917: [iter 173 : loss : 0.0608 = 0.0522 + 0.0008 + 0.0071 + 0.0006, time: 13.308736]
2023-11-03 22:18:38.563: epoch 173:	0.04167951  	0.21862273  	0.15014976  
2023-11-03 22:18:38.563: Find a better model.
2023-11-03 22:18:51.796: [iter 174 : loss : 0.0593 = 0.0507 + 0.0008 + 0.0072 + 0.0006, time: 13.213100]
2023-11-03 22:18:52.421: epoch 174:	0.04171099  	0.21893869  	0.15023446  
2023-11-03 22:18:52.421: Find a better model.
2023-11-03 22:19:05.459: [iter 175 : loss : 0.0597 = 0.0511 + 0.0008 + 0.0072 + 0.0006, time: 13.021529]
2023-11-03 22:19:06.045: epoch 175:	0.04187297  	0.21936400  	0.15039194  
2023-11-03 22:19:06.045: Find a better model.
2023-11-03 22:19:19.320: [iter 176 : loss : 0.0594 = 0.0507 + 0.0008 + 0.0072 + 0.0006, time: 13.257911]
2023-11-03 22:19:19.941: epoch 176:	0.04192695  	0.21931572  	0.15048820  
2023-11-03 22:19:33.199: [iter 177 : loss : 0.0590 = 0.0504 + 0.0008 + 0.0073 + 0.0006, time: 13.238409]
2023-11-03 22:19:33.818: epoch 177:	0.04181445  	0.21932262  	0.15060884  
2023-11-03 22:19:47.092: [iter 178 : loss : 0.0593 = 0.0506 + 0.0008 + 0.0073 + 0.0006, time: 13.259127]
2023-11-03 22:19:47.734: epoch 178:	0.04200791  	0.22007743  	0.15078200  
2023-11-03 22:19:47.734: Find a better model.
2023-11-03 22:20:00.989: [iter 179 : loss : 0.0586 = 0.0499 + 0.0008 + 0.0073 + 0.0006, time: 13.234784]
2023-11-03 22:20:01.619: epoch 179:	0.04192242  	0.21992490  	0.15086392  
2023-11-03 22:20:14.842: [iter 180 : loss : 0.0588 = 0.0501 + 0.0008 + 0.0073 + 0.0006, time: 13.205305]
2023-11-03 22:20:15.465: epoch 180:	0.04172446  	0.21852934  	0.15031421  
2023-11-03 22:20:28.710: [iter 181 : loss : 0.0583 = 0.0496 + 0.0007 + 0.0074 + 0.0006, time: 13.230518]
2023-11-03 22:20:29.350: epoch 181:	0.04196744  	0.21976899  	0.15077470  
2023-11-03 22:20:42.585: [iter 182 : loss : 0.0584 = 0.0497 + 0.0008 + 0.0074 + 0.0006, time: 13.217286]
2023-11-03 22:20:43.189: epoch 182:	0.04193593  	0.21977474  	0.15085949  
2023-11-03 22:20:56.377: [iter 183 : loss : 0.0573 = 0.0485 + 0.0008 + 0.0074 + 0.0006, time: 13.167134]
2023-11-03 22:20:56.954: epoch 183:	0.04186847  	0.21940048  	0.15091220  
2023-11-03 22:21:10.285: [iter 184 : loss : 0.0581 = 0.0493 + 0.0007 + 0.0074 + 0.0006, time: 13.312305]
2023-11-03 22:21:10.925: epoch 184:	0.04194495  	0.21941926  	0.15088470  
2023-11-03 22:21:24.297: [iter 185 : loss : 0.0584 = 0.0495 + 0.0008 + 0.0075 + 0.0006, time: 13.353510]
2023-11-03 22:21:24.888: epoch 185:	0.04197194  	0.21949577  	0.15105787  
2023-11-03 22:21:38.129: [iter 186 : loss : 0.0581 = 0.0492 + 0.0007 + 0.0075 + 0.0006, time: 13.220821]
2023-11-03 22:21:38.751: epoch 186:	0.04201693  	0.21998051  	0.15147904  
2023-11-03 22:21:52.001: [iter 187 : loss : 0.0568 = 0.0479 + 0.0008 + 0.0075 + 0.0006, time: 13.231551]
2023-11-03 22:21:52.627: epoch 187:	0.04204394  	0.22030497  	0.15148304  
2023-11-03 22:21:52.627: Find a better model.
2023-11-03 22:22:05.920: [iter 188 : loss : 0.0572 = 0.0483 + 0.0007 + 0.0075 + 0.0006, time: 13.277481]
2023-11-03 22:22:06.559: epoch 188:	0.04203494  	0.21999295  	0.15159409  
2023-11-03 22:22:19.768: [iter 189 : loss : 0.0578 = 0.0489 + 0.0007 + 0.0076 + 0.0006, time: 13.191973]
2023-11-03 22:22:20.397: epoch 189:	0.04212041  	0.22072747  	0.15190850  
2023-11-03 22:22:20.397: Find a better model.
2023-11-03 22:22:33.711: [iter 190 : loss : 0.0568 = 0.0479 + 0.0007 + 0.0076 + 0.0006, time: 13.292999]
2023-11-03 22:22:34.341: epoch 190:	0.04221488  	0.22098751  	0.15220226  
2023-11-03 22:22:34.341: Find a better model.
2023-11-03 22:22:47.680: [iter 191 : loss : 0.0570 = 0.0481 + 0.0007 + 0.0076 + 0.0006, time: 13.320826]
2023-11-03 22:22:48.313: epoch 191:	0.04218340  	0.22071356  	0.15198913  
2023-11-03 22:23:01.620: [iter 192 : loss : 0.0565 = 0.0475 + 0.0007 + 0.0076 + 0.0006, time: 13.288824]
2023-11-03 22:23:02.228: epoch 192:	0.04212044  	0.22050975  	0.15203042  
2023-11-03 22:23:15.492: [iter 193 : loss : 0.0564 = 0.0474 + 0.0007 + 0.0077 + 0.0006, time: 13.246424]
2023-11-03 22:23:16.091: epoch 193:	0.04212494  	0.22066173  	0.15204386  
2023-11-03 22:23:29.330: [iter 194 : loss : 0.0563 = 0.0473 + 0.0007 + 0.0077 + 0.0006, time: 13.219893]
2023-11-03 22:23:29.942: epoch 194:	0.04215642  	0.22039631  	0.15217803  
2023-11-03 22:23:43.262: [iter 195 : loss : 0.0567 = 0.0476 + 0.0007 + 0.0077 + 0.0006, time: 13.304026]
2023-11-03 22:23:43.887: epoch 195:	0.04214294  	0.22047691  	0.15223779  
2023-11-03 22:23:57.140: [iter 196 : loss : 0.0558 = 0.0468 + 0.0007 + 0.0077 + 0.0006, time: 13.238033]
2023-11-03 22:23:57.738: epoch 196:	0.04203494  	0.21981235  	0.15194444  
2023-11-03 22:24:11.104: [iter 197 : loss : 0.0558 = 0.0467 + 0.0007 + 0.0078 + 0.0006, time: 13.351266]
2023-11-03 22:24:11.732: epoch 197:	0.04207993  	0.22042240  	0.15210482  
2023-11-03 22:24:24.934: [iter 198 : loss : 0.0558 = 0.0467 + 0.0007 + 0.0078 + 0.0006, time: 13.186149]
2023-11-03 22:24:25.563: epoch 198:	0.04221487  	0.22048783  	0.15198755  
2023-11-03 22:24:39.026: [iter 199 : loss : 0.0559 = 0.0468 + 0.0007 + 0.0078 + 0.0006, time: 13.444538]
2023-11-03 22:24:39.661: epoch 199:	0.04231836  	0.22095487  	0.15255606  
2023-11-03 22:24:53.024: [iter 200 : loss : 0.0548 = 0.0456 + 0.0007 + 0.0078 + 0.0006, time: 13.342189]
2023-11-03 22:24:53.670: epoch 200:	0.04226441  	0.22108579  	0.15248348  
2023-11-03 22:24:53.670: Find a better model.
2023-11-03 22:24:53.670: best_result@epoch 200:

2023-11-03 22:24:53.670: 		0.0423      	0.2211      	0.1525      
