2023-11-03 17:28:13.881: my pid: 32841
2023-11-03 17:28:13.882: model: model.general_recommender.GNNEC
2023-11-03 17:28:13.882: Dataset statistics:
Name: gowalla-20core
The number of users: 11113
The number of items: 18074
The number of ratings: 523315
Average actions of users: 47.09
Average actions of items: 28.95
The sparsity of the dataset: 99.739458%

The number of training: 475362
The number of validation: 0
The number of testing: 47953
2023-11-03 17:28:13.882: NeuRec:[NeuRec]:
recommender=GNNEC
dataset=gowalla-20core
file_column=UI
sep=','
gpu_id=0
gpu_mem=0.99
metric=["Precision", "Recall", "NDCG"]
top_k=[20]
test_thread=8
test_batch_size=128
seed=2021
start_testing_epoch=0

GNNEC:[hyperparameters]:
mf_reg=1e-4
svd_q=5
aug_type=ND
reg=1e-4
embed_size=64
n_layers=2
ssl_reg=0.02
ssl_ratio=0.5
ssl_temp=0.8
ssl_mode=both_side
lr=1e-3
learner=adam
adj_type=pre
epochs=200
batch_size=2048
num_negatives=1
param_init=xavier_uniform
stddev=0.01
verbose=1
stop_cnt=10
pretrain_flag=0
save_flag=0

Command line:
recommender=GNNEC
dataset=gowalla-20core
epochs=200
n_layers=2
embed_size=64
batch_size=2048
lr=1e-3
aug_type=ND
reg=1e-4
ssl_reg=0.02
ssl_ratio=0.5
ssl_temp=0.8
mf_reg=1e-4
svd_q=5
2023-11-03 17:28:17.924: metrics:	Precision@20	Recall@20   	NDCG@20     
2023-11-03 17:28:32.142: [iter 1 : loss : 0.9462 = 0.6056 + 0.3389 + 0.0000 + 0.0017, time: 14.217160]
2023-11-03 17:28:32.774: epoch 1:	0.02109757  	0.11046682  	0.07587904  
2023-11-03 17:28:32.774: Find a better model.
2023-11-03 17:28:46.336: [iter 2 : loss : 0.7388 = 0.4511 + 0.2860 + 0.0002 + 0.0014, time: 13.541429]
2023-11-03 17:28:46.996: epoch 2:	0.02296483  	0.12051690  	0.08393504  
2023-11-03 17:28:46.996: Find a better model.
2023-11-03 17:29:00.437: [iter 3 : loss : 0.6466 = 0.3825 + 0.2625 + 0.0003 + 0.0013, time: 13.413527]
2023-11-03 17:29:01.087: epoch 3:	0.02403100  	0.12635729  	0.08813120  
2023-11-03 17:29:01.087: Find a better model.
2023-11-03 17:29:14.620: [iter 4 : loss : 0.5898 = 0.3408 + 0.2473 + 0.0004 + 0.0012, time: 13.508510]
2023-11-03 17:29:15.265: epoch 4:	0.02480925  	0.13025056  	0.09111340  
2023-11-03 17:29:15.265: Find a better model.
2023-11-03 17:29:28.575: [iter 5 : loss : 0.5522 = 0.3147 + 0.2358 + 0.0005 + 0.0012, time: 13.289368]
2023-11-03 17:29:29.182: epoch 5:	0.02519610  	0.13267918  	0.09289216  
2023-11-03 17:29:29.182: Find a better model.
2023-11-03 17:29:42.365: [iter 6 : loss : 0.5246 = 0.2959 + 0.2270 + 0.0006 + 0.0011, time: 13.160755]
2023-11-03 17:29:43.004: epoch 6:	0.02564596  	0.13520584  	0.09459022  
2023-11-03 17:29:43.005: Find a better model.
2023-11-03 17:29:56.284: [iter 7 : loss : 0.5030 = 0.2817 + 0.2195 + 0.0007 + 0.0011, time: 13.254858]
2023-11-03 17:29:56.887: epoch 7:	0.02613630  	0.13750075  	0.09598249  
2023-11-03 17:29:56.888: Find a better model.
2023-11-03 17:30:09.467: [iter 8 : loss : 0.4856 = 0.2705 + 0.2133 + 0.0008 + 0.0011, time: 12.558749]
2023-11-03 17:30:10.019: epoch 8:	0.02658166  	0.13972564  	0.09768502  
2023-11-03 17:30:10.019: Find a better model.
2023-11-03 17:30:23.509: [iter 9 : loss : 0.4700 = 0.2606 + 0.2075 + 0.0008 + 0.0010, time: 13.471771]
2023-11-03 17:30:24.136: epoch 9:	0.02706749  	0.14151147  	0.09883474  
2023-11-03 17:30:24.136: Find a better model.
2023-11-03 17:30:37.724: [iter 10 : loss : 0.4558 = 0.2510 + 0.2029 + 0.0009 + 0.0010, time: 13.569689]
2023-11-03 17:30:38.356: epoch 10:	0.02741838  	0.14353009  	0.09973457  
2023-11-03 17:30:38.356: Find a better model.
2023-11-03 17:30:51.843: [iter 11 : loss : 0.4449 = 0.2451 + 0.1979 + 0.0010 + 0.0010, time: 13.468274]
2023-11-03 17:30:52.475: epoch 11:	0.02779627  	0.14584909  	0.10085724  
2023-11-03 17:30:52.475: Find a better model.
2023-11-03 17:31:06.017: [iter 12 : loss : 0.4316 = 0.2361 + 0.1935 + 0.0011 + 0.0010, time: 13.524615]
2023-11-03 17:31:06.653: epoch 12:	0.02822812  	0.14758815  	0.10210666  
2023-11-03 17:31:06.653: Find a better model.
2023-11-03 17:31:20.253: [iter 13 : loss : 0.4213 = 0.2300 + 0.1892 + 0.0011 + 0.0009, time: 13.580995]
2023-11-03 17:31:20.885: epoch 13:	0.02837656  	0.14835198  	0.10279173  
2023-11-03 17:31:20.886: Find a better model.
2023-11-03 17:31:34.366: [iter 14 : loss : 0.4114 = 0.2241 + 0.1852 + 0.0012 + 0.0009, time: 13.460853]
2023-11-03 17:31:34.952: epoch 14:	0.02865997  	0.14975570  	0.10369377  
2023-11-03 17:31:34.952: Find a better model.
2023-11-03 17:31:48.536: [iter 15 : loss : 0.4034 = 0.2198 + 0.1814 + 0.0013 + 0.0009, time: 13.561535]
2023-11-03 17:31:49.166: epoch 15:	0.02894341  	0.15096280  	0.10477009  
2023-11-03 17:31:49.166: Find a better model.
2023-11-03 17:32:02.710: [iter 16 : loss : 0.3968 = 0.2164 + 0.1781 + 0.0013 + 0.0009, time: 13.521299]
2023-11-03 17:32:03.345: epoch 16:	0.02922680  	0.15240194  	0.10569482  
2023-11-03 17:32:03.345: Find a better model.
2023-11-03 17:32:16.938: [iter 17 : loss : 0.3868 = 0.2097 + 0.1749 + 0.0014 + 0.0009, time: 13.567655]
2023-11-03 17:32:17.543: epoch 17:	0.02938878  	0.15308350  	0.10664321  
2023-11-03 17:32:17.543: Find a better model.
2023-11-03 17:32:30.828: [iter 18 : loss : 0.3796 = 0.2058 + 0.1714 + 0.0015 + 0.0008, time: 13.266535]
2023-11-03 17:32:31.455: epoch 18:	0.02960470  	0.15385647  	0.10737591  
2023-11-03 17:32:31.455: Find a better model.
2023-11-03 17:32:44.943: [iter 19 : loss : 0.3732 = 0.2025 + 0.1683 + 0.0016 + 0.0008, time: 13.469973]
2023-11-03 17:32:45.594: epoch 19:	0.02984314  	0.15500259  	0.10826925  
2023-11-03 17:32:45.595: Find a better model.
2023-11-03 17:32:58.912: [iter 20 : loss : 0.3663 = 0.1990 + 0.1649 + 0.0016 + 0.0008, time: 13.285432]
2023-11-03 17:32:59.542: epoch 20:	0.02996461  	0.15581356  	0.10898146  
2023-11-03 17:32:59.542: Find a better model.
2023-11-03 17:33:13.087: [iter 21 : loss : 0.3617 = 0.1971 + 0.1621 + 0.0017 + 0.0008, time: 13.528364]
2023-11-03 17:33:13.727: epoch 21:	0.03026152  	0.15744705  	0.10997146  
2023-11-03 17:33:13.727: Find a better model.
2023-11-03 17:33:27.337: [iter 22 : loss : 0.3545 = 0.1928 + 0.1591 + 0.0018 + 0.0008, time: 13.587814]
2023-11-03 17:33:27.980: epoch 22:	0.03052243  	0.15850663  	0.11060978  
2023-11-03 17:33:27.980: Find a better model.
2023-11-03 17:33:41.541: [iter 23 : loss : 0.3466 = 0.1880 + 0.1559 + 0.0018 + 0.0008, time: 13.537999]
2023-11-03 17:33:42.179: epoch 23:	0.03067090  	0.15948807  	0.11122745  
2023-11-03 17:33:42.179: Find a better model.
2023-11-03 17:33:55.709: [iter 24 : loss : 0.3416 = 0.1861 + 0.1528 + 0.0019 + 0.0007, time: 13.510990]
2023-11-03 17:33:56.346: epoch 24:	0.03073387  	0.15963544  	0.11177345  
2023-11-03 17:33:56.346: Find a better model.
2023-11-03 17:34:09.939: [iter 25 : loss : 0.3375 = 0.1846 + 0.1503 + 0.0020 + 0.0007, time: 13.567743]
2023-11-03 17:34:10.589: epoch 25:	0.03090482  	0.16043194  	0.11252134  
2023-11-03 17:34:10.590: Find a better model.
2023-11-03 17:34:24.052: [iter 26 : loss : 0.3322 = 0.1820 + 0.1474 + 0.0021 + 0.0007, time: 13.437922]
2023-11-03 17:34:24.696: epoch 26:	0.03111627  	0.16143857  	0.11325182  
2023-11-03 17:34:24.696: Find a better model.
2023-11-03 17:34:38.323: [iter 27 : loss : 0.3259 = 0.1786 + 0.1445 + 0.0021 + 0.0007, time: 13.609396]
2023-11-03 17:34:38.958: epoch 27:	0.03116127  	0.16202581  	0.11397495  
2023-11-03 17:34:38.958: Find a better model.
2023-11-03 17:34:52.535: [iter 28 : loss : 0.3215 = 0.1769 + 0.1417 + 0.0022 + 0.0007, time: 13.557959]
2023-11-03 17:34:53.153: epoch 28:	0.03150769  	0.16349870  	0.11481006  
2023-11-03 17:34:53.154: Find a better model.
2023-11-03 17:35:06.697: [iter 29 : loss : 0.3149 = 0.1731 + 0.1389 + 0.0023 + 0.0007, time: 13.522223]
2023-11-03 17:35:07.361: epoch 29:	0.03164715  	0.16402499  	0.11526845  
2023-11-03 17:35:07.361: Find a better model.
2023-11-03 17:35:20.957: [iter 30 : loss : 0.3104 = 0.1708 + 0.1365 + 0.0023 + 0.0007, time: 13.574946]
2023-11-03 17:35:21.608: epoch 30:	0.03175963  	0.16433953  	0.11589630  
2023-11-03 17:35:21.608: Find a better model.
2023-11-03 17:35:35.104: [iter 31 : loss : 0.3068 = 0.1701 + 0.1336 + 0.0024 + 0.0006, time: 13.474615]
2023-11-03 17:35:35.677: epoch 31:	0.03196657  	0.16561578  	0.11645216  
2023-11-03 17:35:35.678: Find a better model.
2023-11-03 17:35:49.300: [iter 32 : loss : 0.3009 = 0.1667 + 0.1311 + 0.0025 + 0.0006, time: 13.602569]
2023-11-03 17:35:49.927: epoch 32:	0.03213303  	0.16648261  	0.11678791  
2023-11-03 17:35:49.927: Find a better model.
2023-11-03 17:36:03.505: [iter 33 : loss : 0.2977 = 0.1663 + 0.1283 + 0.0026 + 0.0006, time: 13.558534]
2023-11-03 17:36:04.119: epoch 33:	0.03224997  	0.16717739  	0.11719514  
2023-11-03 17:36:04.119: Find a better model.
2023-11-03 17:36:17.679: [iter 34 : loss : 0.2948 = 0.1656 + 0.1260 + 0.0026 + 0.0006, time: 13.540625]
2023-11-03 17:36:18.316: epoch 34:	0.03245691  	0.16802773  	0.11773849  
2023-11-03 17:36:18.316: Find a better model.
2023-11-03 17:36:32.021: [iter 35 : loss : 0.2880 = 0.1611 + 0.1236 + 0.0027 + 0.0006, time: 13.682894]
2023-11-03 17:36:32.649: epoch 35:	0.03260085  	0.16886732  	0.11834310  
2023-11-03 17:36:32.649: Find a better model.
2023-11-03 17:36:46.159: [iter 36 : loss : 0.2858 = 0.1615 + 0.1209 + 0.0028 + 0.0006, time: 13.489066]
2023-11-03 17:36:46.790: epoch 36:	0.03265935  	0.16898055  	0.11862683  
2023-11-03 17:36:46.790: Find a better model.
2023-11-03 17:37:00.471: [iter 37 : loss : 0.2809 = 0.1587 + 0.1188 + 0.0029 + 0.0006, time: 13.667012]
2023-11-03 17:37:01.105: epoch 37:	0.03278983  	0.16980490  	0.11909961  
2023-11-03 17:37:01.105: Find a better model.
2023-11-03 17:37:14.675: [iter 38 : loss : 0.2772 = 0.1577 + 0.1161 + 0.0029 + 0.0005, time: 13.551479]
2023-11-03 17:37:15.311: epoch 38:	0.03300577  	0.17102258  	0.11978877  
2023-11-03 17:37:15.311: Find a better model.
2023-11-03 17:37:28.901: [iter 39 : loss : 0.2744 = 0.1571 + 0.1138 + 0.0030 + 0.0005, time: 13.573807]
2023-11-03 17:37:29.507: epoch 39:	0.03312271  	0.17148001  	0.12007388  
2023-11-03 17:37:29.507: Find a better model.
2023-11-03 17:37:43.133: [iter 40 : loss : 0.2702 = 0.1553 + 0.1113 + 0.0031 + 0.0005, time: 13.605971]
2023-11-03 17:37:43.740: epoch 40:	0.03318571  	0.17171153  	0.12041540  
2023-11-03 17:37:43.740: Find a better model.
2023-11-03 17:37:57.296: [iter 41 : loss : 0.2648 = 0.1522 + 0.1090 + 0.0031 + 0.0005, time: 13.534364]
2023-11-03 17:37:57.902: epoch 41:	0.03335214  	0.17260899  	0.12097760  
2023-11-03 17:37:57.902: Find a better model.
2023-11-03 17:38:11.514: [iter 42 : loss : 0.2624 = 0.1522 + 0.1065 + 0.0032 + 0.0005, time: 13.592703]
2023-11-03 17:38:12.145: epoch 42:	0.03350959  	0.17337601  	0.12145056  
2023-11-03 17:38:12.145: Find a better model.
2023-11-03 17:38:25.788: [iter 43 : loss : 0.2615 = 0.1529 + 0.1048 + 0.0033 + 0.0005, time: 13.626554]
2023-11-03 17:38:26.437: epoch 43:	0.03363558  	0.17415062  	0.12200804  
2023-11-03 17:38:26.438: Find a better model.
2023-11-03 17:38:40.059: [iter 44 : loss : 0.2534 = 0.1474 + 0.1021 + 0.0034 + 0.0005, time: 13.602265]
2023-11-03 17:38:40.710: epoch 44:	0.03375255  	0.17469348  	0.12242370  
2023-11-03 17:38:40.710: Find a better model.
2023-11-03 17:38:54.345: [iter 45 : loss : 0.2532 = 0.1494 + 0.0999 + 0.0034 + 0.0005, time: 13.613231]
2023-11-03 17:38:54.971: epoch 45:	0.03386502  	0.17522065  	0.12274838  
2023-11-03 17:38:54.971: Find a better model.
2023-11-03 17:39:08.639: [iter 46 : loss : 0.2486 = 0.1472 + 0.0975 + 0.0035 + 0.0004, time: 13.647835]
2023-11-03 17:39:09.290: epoch 46:	0.03395051  	0.17563723  	0.12319933  
2023-11-03 17:39:09.290: Find a better model.
2023-11-03 17:39:22.925: [iter 47 : loss : 0.2429 = 0.1434 + 0.0954 + 0.0036 + 0.0004, time: 13.611528]
2023-11-03 17:39:23.554: epoch 47:	0.03409446  	0.17654814  	0.12358830  
2023-11-03 17:39:23.554: Find a better model.
2023-11-03 17:39:37.200: [iter 48 : loss : 0.2426 = 0.1457 + 0.0929 + 0.0037 + 0.0004, time: 13.620036]
2023-11-03 17:39:37.859: epoch 48:	0.03422042  	0.17700613  	0.12411190  
2023-11-03 17:39:37.859: Find a better model.
2023-11-03 17:39:51.130: [iter 49 : loss : 0.2396 = 0.1442 + 0.0912 + 0.0037 + 0.0004, time: 13.252031]
2023-11-03 17:39:51.756: epoch 49:	0.03434638  	0.17770207  	0.12452237  
2023-11-03 17:39:51.757: Find a better model.
2023-11-03 17:40:05.429: [iter 50 : loss : 0.2329 = 0.1400 + 0.0887 + 0.0038 + 0.0004, time: 13.653389]
2023-11-03 17:40:06.076: epoch 50:	0.03451282  	0.17882399  	0.12494037  
2023-11-03 17:40:06.077: Find a better model.
2023-11-03 17:40:19.535: [iter 51 : loss : 0.2312 = 0.1406 + 0.0863 + 0.0039 + 0.0004, time: 13.437322]
2023-11-03 17:40:20.166: epoch 51:	0.03462978  	0.17917347  	0.12521042  
2023-11-03 17:40:20.166: Find a better model.
2023-11-03 17:40:33.834: [iter 52 : loss : 0.2305 = 0.1421 + 0.0840 + 0.0040 + 0.0004, time: 13.647763]
2023-11-03 17:40:34.460: epoch 52:	0.03475577  	0.17992155  	0.12558676  
2023-11-03 17:40:34.460: Find a better model.
2023-11-03 17:40:48.006: [iter 53 : loss : 0.2247 = 0.1384 + 0.0820 + 0.0040 + 0.0004, time: 13.523217]
2023-11-03 17:40:48.598: epoch 53:	0.03485923  	0.18043193  	0.12592217  
2023-11-03 17:40:48.598: Find a better model.
2023-11-03 17:41:02.099: [iter 54 : loss : 0.2232 = 0.1388 + 0.0799 + 0.0041 + 0.0004, time: 13.477517]
2023-11-03 17:41:02.703: epoch 54:	0.03494469  	0.18046786  	0.12623388  
2023-11-03 17:41:02.703: Find a better model.
2023-11-03 17:41:16.403: [iter 55 : loss : 0.2223 = 0.1402 + 0.0775 + 0.0042 + 0.0003, time: 13.679159]
2023-11-03 17:41:17.034: epoch 55:	0.03509314  	0.18116298  	0.12689207  
2023-11-03 17:41:17.034: Find a better model.
2023-11-03 17:41:30.613: [iter 56 : loss : 0.2153 = 0.1354 + 0.0753 + 0.0043 + 0.0003, time: 13.559687]
2023-11-03 17:41:31.249: epoch 56:	0.03518760  	0.18188541  	0.12717907  
2023-11-03 17:41:31.249: Find a better model.
2023-11-03 17:41:44.829: [iter 57 : loss : 0.2128 = 0.1346 + 0.0736 + 0.0043 + 0.0003, time: 13.560390]
2023-11-03 17:41:45.422: epoch 57:	0.03525509  	0.18227097  	0.12748887  
2023-11-03 17:41:45.422: Find a better model.
2023-11-03 17:41:58.948: [iter 58 : loss : 0.2108 = 0.1348 + 0.0713 + 0.0044 + 0.0003, time: 13.501913]
2023-11-03 17:41:59.589: epoch 58:	0.03539006  	0.18286480  	0.12791419  
2023-11-03 17:41:59.589: Find a better model.
2023-11-03 17:42:13.082: [iter 59 : loss : 0.2098 = 0.1356 + 0.0694 + 0.0045 + 0.0003, time: 13.475906]
2023-11-03 17:42:13.702: epoch 59:	0.03544402  	0.18309584  	0.12819895  
2023-11-03 17:42:13.702: Find a better model.
2023-11-03 17:42:27.344: [iter 60 : loss : 0.2042 = 0.1320 + 0.0673 + 0.0046 + 0.0003, time: 13.624547]
2023-11-03 17:42:27.960: epoch 60:	0.03553401  	0.18336937  	0.12837872  
2023-11-03 17:42:27.960: Find a better model.
2023-11-03 17:42:41.446: [iter 61 : loss : 0.2017 = 0.1317 + 0.0651 + 0.0047 + 0.0003, time: 13.467920]
2023-11-03 17:42:42.076: epoch 61:	0.03562400  	0.18383996  	0.12869951  
2023-11-03 17:42:42.077: Find a better model.
2023-11-03 17:42:55.706: [iter 62 : loss : 0.1978 = 0.1296 + 0.0632 + 0.0047 + 0.0003, time: 13.610490]
2023-11-03 17:42:56.346: epoch 62:	0.03565999  	0.18399066  	0.12905484  
2023-11-03 17:42:56.347: Find a better model.
2023-11-03 17:43:09.966: [iter 63 : loss : 0.1951 = 0.1286 + 0.0615 + 0.0048 + 0.0003, time: 13.600290]
2023-11-03 17:43:10.606: epoch 63:	0.03583092  	0.18494399  	0.12953834  
2023-11-03 17:43:10.606: Find a better model.
2023-11-03 17:43:24.192: [iter 64 : loss : 0.1931 = 0.1292 + 0.0588 + 0.0049 + 0.0002, time: 13.567281]
2023-11-03 17:43:24.846: epoch 64:	0.03593890  	0.18565211  	0.13002980  
2023-11-03 17:43:24.846: Find a better model.
2023-11-03 17:43:38.444: [iter 65 : loss : 0.1895 = 0.1267 + 0.0576 + 0.0050 + 0.0002, time: 13.576135]
2023-11-03 17:43:39.079: epoch 65:	0.03607385  	0.18607734  	0.13023283  
2023-11-03 17:43:39.079: Find a better model.
2023-11-03 17:43:52.606: [iter 66 : loss : 0.1887 = 0.1283 + 0.0551 + 0.0050 + 0.0002, time: 13.511819]
2023-11-03 17:43:53.252: epoch 66:	0.03612782  	0.18643449  	0.13057439  
2023-11-03 17:43:53.252: Find a better model.
2023-11-03 17:44:06.934: [iter 67 : loss : 0.1862 = 0.1281 + 0.0528 + 0.0051 + 0.0002, time: 13.659536]
2023-11-03 17:44:07.573: epoch 67:	0.03617281  	0.18668693  	0.13081251  
2023-11-03 17:44:07.573: Find a better model.
2023-11-03 17:44:21.141: [iter 68 : loss : 0.1839 = 0.1276 + 0.0509 + 0.0052 + 0.0002, time: 13.550977]
2023-11-03 17:44:21.795: epoch 68:	0.03632577  	0.18774080  	0.13141447  
2023-11-03 17:44:21.795: Find a better model.
2023-11-03 17:44:35.268: [iter 69 : loss : 0.1778 = 0.1230 + 0.0493 + 0.0053 + 0.0002, time: 13.449717]
2023-11-03 17:44:35.852: epoch 69:	0.03633927  	0.18782297  	0.13159800  
2023-11-03 17:44:35.852: Find a better model.
2023-11-03 17:44:49.412: [iter 70 : loss : 0.1790 = 0.1262 + 0.0472 + 0.0054 + 0.0002, time: 13.541369]
2023-11-03 17:44:49.993: epoch 70:	0.03638875  	0.18796211  	0.13190232  
2023-11-03 17:44:49.993: Find a better model.
2023-11-03 17:45:03.598: [iter 71 : loss : 0.1760 = 0.1253 + 0.0451 + 0.0054 + 0.0002, time: 13.585899]
2023-11-03 17:45:04.159: epoch 71:	0.03650122  	0.18862575  	0.13216382  
2023-11-03 17:45:04.159: Find a better model.
2023-11-03 17:45:17.697: [iter 72 : loss : 0.1732 = 0.1242 + 0.0433 + 0.0055 + 0.0002, time: 13.519783]
2023-11-03 17:45:18.327: epoch 72:	0.03659120  	0.18900768  	0.13228245  
2023-11-03 17:45:18.327: Find a better model.
2023-11-03 17:45:31.964: [iter 73 : loss : 0.1689 = 0.1218 + 0.0413 + 0.0056 + 0.0002, time: 13.618680]
2023-11-03 17:45:32.550: epoch 73:	0.03664971  	0.18944082  	0.13251553  
2023-11-03 17:45:32.550: Find a better model.
2023-11-03 17:45:46.176: [iter 74 : loss : 0.1682 = 0.1232 + 0.0391 + 0.0057 + 0.0001, time: 13.605114]
2023-11-03 17:45:46.821: epoch 74:	0.03674418  	0.19005819  	0.13303982  
2023-11-03 17:45:46.821: Find a better model.
2023-11-03 17:46:00.479: [iter 75 : loss : 0.1647 = 0.1215 + 0.0373 + 0.0058 + 0.0001, time: 13.637993]
2023-11-03 17:46:01.115: epoch 75:	0.03685215  	0.19053163  	0.13334732  
2023-11-03 17:46:01.115: Find a better model.
2023-11-03 17:46:14.704: [iter 76 : loss : 0.1629 = 0.1219 + 0.0351 + 0.0059 + 0.0001, time: 13.572552]
2023-11-03 17:46:15.343: epoch 76:	0.03686564  	0.19048199  	0.13335054  
2023-11-03 17:46:28.973: [iter 77 : loss : 0.1609 = 0.1216 + 0.0333 + 0.0059 + 0.0001, time: 13.610417]
2023-11-03 17:46:29.611: epoch 77:	0.03693314  	0.19068657  	0.13358560  
2023-11-03 17:46:29.611: Find a better model.
2023-11-03 17:46:43.239: [iter 78 : loss : 0.1573 = 0.1198 + 0.0314 + 0.0060 + 0.0001, time: 13.610037]
2023-11-03 17:46:43.817: epoch 78:	0.03706359  	0.19155081  	0.13392164  
2023-11-03 17:46:43.817: Find a better model.
2023-11-03 17:46:57.397: [iter 79 : loss : 0.1561 = 0.1205 + 0.0294 + 0.0061 + 0.0001, time: 13.560157]
2023-11-03 17:46:58.045: epoch 79:	0.03714457  	0.19171460  	0.13394797  
2023-11-03 17:46:58.045: Find a better model.
2023-11-03 17:47:11.684: [iter 80 : loss : 0.1544 = 0.1201 + 0.0281 + 0.0062 + 0.0001, time: 13.622688]
2023-11-03 17:47:12.309: epoch 80:	0.03725253  	0.19206724  	0.13424443  
2023-11-03 17:47:12.309: Find a better model.
2023-11-03 17:47:25.942: [iter 81 : loss : 0.1527 = 0.1206 + 0.0258 + 0.0063 + 0.0001, time: 13.614701]
2023-11-03 17:47:26.598: epoch 81:	0.03736948  	0.19278546  	0.13458657  
2023-11-03 17:47:26.598: Find a better model.
2023-11-03 17:47:40.205: [iter 82 : loss : 0.1480 = 0.1174 + 0.0242 + 0.0063 + 0.0001, time: 13.580712]
2023-11-03 17:47:40.803: epoch 82:	0.03745498  	0.19340658  	0.13490647  
2023-11-03 17:47:40.803: Find a better model.
2023-11-03 17:47:54.383: [iter 83 : loss : 0.1461 = 0.1176 + 0.0221 + 0.0064 + 0.0001, time: 13.561028]
2023-11-03 17:47:54.966: epoch 83:	0.03749997  	0.19369948  	0.13522872  
2023-11-03 17:47:54.966: Find a better model.
2023-11-03 17:48:08.519: [iter 84 : loss : 0.1463 = 0.1192 + 0.0206 + 0.0065 + 0.0001, time: 13.533038]
2023-11-03 17:48:09.178: epoch 84:	0.03757643  	0.19412275  	0.13536566  
2023-11-03 17:48:09.178: Find a better model.
2023-11-03 17:48:22.752: [iter 85 : loss : 0.1402 = 0.1154 + 0.0182 + 0.0066 + 0.0000, time: 13.549829]
2023-11-03 17:48:23.376: epoch 85:	0.03762595  	0.19433741  	0.13566734  
2023-11-03 17:48:23.377: Find a better model.
2023-11-03 17:48:37.045: [iter 86 : loss : 0.1404 = 0.1173 + 0.0164 + 0.0067 + 0.0000, time: 13.650204]
2023-11-03 17:48:37.698: epoch 86:	0.03767993  	0.19470268  	0.13595532  
2023-11-03 17:48:37.699: Find a better model.
2023-11-03 17:48:51.244: [iter 87 : loss : 0.1408 = 0.1192 + 0.0149 + 0.0068 + 0.0000, time: 13.525519]
2023-11-03 17:48:51.866: epoch 87:	0.03765292  	0.19491342  	0.13631119  
2023-11-03 17:48:51.866: Find a better model.
2023-11-03 17:49:05.488: [iter 88 : loss : 0.1374 = 0.1173 + 0.0132 + 0.0068 + 0.0000, time: 13.596636]
2023-11-03 17:49:06.124: epoch 88:	0.03782389  	0.19564813  	0.13662925  
2023-11-03 17:49:06.124: Find a better model.
2023-11-03 17:49:19.693: [iter 89 : loss : 0.1360 = 0.1179 + 0.0112 + 0.0069 + 0.0000, time: 13.549680]
2023-11-03 17:49:20.312: epoch 89:	0.03776538  	0.19526342  	0.13662134  
2023-11-03 17:49:33.813: [iter 90 : loss : 0.1304 = 0.1140 + 0.0094 + 0.0070 + -0.0000, time: 13.478720]
2023-11-03 17:49:34.432: epoch 90:	0.03789585  	0.19597948  	0.13693888  
2023-11-03 17:49:34.433: Find a better model.
2023-11-03 17:49:47.916: [iter 91 : loss : 0.1288 = 0.1143 + 0.0075 + 0.0071 + -0.0000, time: 13.462821]
2023-11-03 17:49:48.550: epoch 91:	0.03789136  	0.19598022  	0.13706823  
2023-11-03 17:49:48.551: Find a better model.
2023-11-03 17:50:02.225: [iter 92 : loss : 0.1281 = 0.1154 + 0.0055 + 0.0072 + -0.0000, time: 13.653720]
2023-11-03 17:50:02.838: epoch 92:	0.03798132  	0.19671175  	0.13733999  
2023-11-03 17:50:02.839: Find a better model.
2023-11-03 17:50:16.426: [iter 93 : loss : 0.1260 = 0.1147 + 0.0040 + 0.0073 + -0.0000, time: 13.567856]
2023-11-03 17:50:17.083: epoch 93:	0.03810281  	0.19735274  	0.13774888  
2023-11-03 17:50:17.083: Find a better model.
2023-11-03 17:50:30.491: [iter 94 : loss : 0.1243 = 0.1149 + 0.0021 + 0.0073 + -0.0000, time: 13.380187]
2023-11-03 17:50:31.084: epoch 94:	0.03816128  	0.19801000  	0.13803294  
2023-11-03 17:50:31.085: Find a better model.
2023-11-03 17:50:44.576: [iter 95 : loss : 0.1202 = 0.1124 + 0.0004 + 0.0074 + -0.0001, time: 13.471595]
2023-11-03 17:50:45.211: epoch 95:	0.03824677  	0.19822393  	0.13819893  
2023-11-03 17:50:45.211: Find a better model.
2023-11-03 17:50:58.799: [iter 96 : loss : 0.1160 = 0.1104 + -0.0018 + 0.0075 + -0.0001, time: 13.564522]
2023-11-03 17:50:59.440: epoch 96:	0.03831875  	0.19851708  	0.13859706  
2023-11-03 17:50:59.440: Find a better model.
2023-11-03 17:51:13.086: [iter 97 : loss : 0.1164 = 0.1121 + -0.0033 + 0.0076 + -0.0001, time: 13.626890]
2023-11-03 17:51:13.718: epoch 97:	0.03839075  	0.19900194  	0.13883024  
2023-11-03 17:51:13.718: Find a better model.
2023-11-03 17:51:27.276: [iter 98 : loss : 0.1182 = 0.1153 + -0.0047 + 0.0077 + -0.0001, time: 13.539264]
2023-11-03 17:51:27.906: epoch 98:	0.03827827  	0.19813648  	0.13865626  
2023-11-03 17:51:41.445: [iter 99 : loss : 0.1117 = 0.1107 + -0.0067 + 0.0078 + -0.0001, time: 13.519795]
2023-11-03 17:51:42.086: epoch 99:	0.03846272  	0.19916336  	0.13915755  
2023-11-03 17:51:42.086: Find a better model.
2023-11-03 17:51:55.689: [iter 100 : loss : 0.1118 = 0.1128 + -0.0088 + 0.0079 + -0.0001, time: 13.584600]
2023-11-03 17:51:56.326: epoch 100:	0.03846273  	0.19926967  	0.13927990  
2023-11-03 17:51:56.326: Find a better model.
2023-11-03 17:52:09.848: [iter 101 : loss : 0.1092 = 0.1115 + -0.0102 + 0.0080 + -0.0001, time: 13.503433]
2023-11-03 17:52:10.494: epoch 101:	0.03854371  	0.19950250  	0.13932815  
2023-11-03 17:52:10.494: Find a better model.
2023-11-03 17:52:24.174: [iter 102 : loss : 0.1066 = 0.1109 + -0.0122 + 0.0080 + -0.0001, time: 13.660207]
2023-11-03 17:52:24.778: epoch 102:	0.03853022  	0.19963881  	0.13940375  
2023-11-03 17:52:24.778: Find a better model.
2023-11-03 17:52:38.378: [iter 103 : loss : 0.1069 = 0.1128 + -0.0140 + 0.0081 + -0.0001, time: 13.581790]
2023-11-03 17:52:38.969: epoch 103:	0.03864268  	0.20029652  	0.13981625  
2023-11-03 17:52:38.969: Find a better model.
2023-11-03 17:52:52.573: [iter 104 : loss : 0.1035 = 0.1108 + -0.0153 + 0.0082 + -0.0001, time: 13.577195]
2023-11-03 17:52:53.220: epoch 104:	0.03876414  	0.20052575  	0.13990371  
2023-11-03 17:52:53.220: Find a better model.
2023-11-03 17:53:06.852: [iter 105 : loss : 0.1041 = 0.1134 + -0.0174 + 0.0083 + -0.0001, time: 13.609004]
2023-11-03 17:53:07.488: epoch 105:	0.03872816  	0.20043212  	0.13997363  
2023-11-03 17:53:21.081: [iter 106 : loss : 0.0971 = 0.1080 + -0.0191 + 0.0084 + -0.0001, time: 13.574555]
2023-11-03 17:53:21.722: epoch 106:	0.03884963  	0.20112057  	0.14037126  
2023-11-03 17:53:21.722: Find a better model.
2023-11-03 17:53:35.406: [iter 107 : loss : 0.0972 = 0.1097 + -0.0208 + 0.0085 + -0.0002, time: 13.661901]
2023-11-03 17:53:36.019: epoch 107:	0.03888113  	0.20105526  	0.14054614  
2023-11-03 17:53:49.503: [iter 108 : loss : 0.0976 = 0.1117 + -0.0225 + 0.0086 + -0.0002, time: 13.460806]
2023-11-03 17:53:50.131: epoch 108:	0.03903859  	0.20183076  	0.14073062  
2023-11-03 17:53:50.131: Find a better model.
2023-11-03 17:54:03.710: [iter 109 : loss : 0.0953 = 0.1111 + -0.0242 + 0.0087 + -0.0002, time: 13.558040]
2023-11-03 17:54:04.343: epoch 109:	0.03902959  	0.20191614  	0.14090899  
2023-11-03 17:54:04.344: Find a better model.
2023-11-03 17:54:17.896: [iter 110 : loss : 0.0918 = 0.1088 + -0.0256 + 0.0087 + -0.0002, time: 13.532548]
2023-11-03 17:54:18.521: epoch 110:	0.03901160  	0.20172557  	0.14103703  
2023-11-03 17:54:32.103: [iter 111 : loss : 0.0888 = 0.1074 + -0.0272 + 0.0088 + -0.0002, time: 13.563021]
2023-11-03 17:54:32.740: epoch 111:	0.03909708  	0.20216955  	0.14127682  
2023-11-03 17:54:32.740: Find a better model.
2023-11-03 17:54:46.232: [iter 112 : loss : 0.0875 = 0.1078 + -0.0290 + 0.0089 + -0.0002, time: 13.475711]
2023-11-03 17:54:46.864: epoch 112:	0.03911059  	0.20223686  	0.14146464  
2023-11-03 17:54:46.864: Find a better model.
2023-11-03 17:55:00.405: [iter 113 : loss : 0.0862 = 0.1086 + -0.0312 + 0.0090 + -0.0002, time: 13.519500]
2023-11-03 17:55:01.035: epoch 113:	0.03911956  	0.20232329  	0.14166285  
2023-11-03 17:55:01.035: Find a better model.
2023-11-03 17:55:14.592: [iter 114 : loss : 0.0881 = 0.1118 + -0.0326 + 0.0091 + -0.0002, time: 13.538943]
2023-11-03 17:55:15.223: epoch 114:	0.03928154  	0.20318636  	0.14201149  
2023-11-03 17:55:15.223: Find a better model.
2023-11-03 17:55:28.878: [iter 115 : loss : 0.0814 = 0.1067 + -0.0342 + 0.0092 + -0.0002, time: 13.635307]
2023-11-03 17:55:29.515: epoch 115:	0.03925004  	0.20298865  	0.14197230  
2023-11-03 17:55:42.979: [iter 116 : loss : 0.0822 = 0.1092 + -0.0360 + 0.0093 + -0.0002, time: 13.443306]
2023-11-03 17:55:43.612: epoch 116:	0.03931301  	0.20332816  	0.14200033  
2023-11-03 17:55:43.612: Find a better model.
2023-11-03 17:55:57.212: [iter 117 : loss : 0.0837 = 0.1118 + -0.0372 + 0.0094 + -0.0002, time: 13.580059]
2023-11-03 17:55:57.856: epoch 117:	0.03943000  	0.20428498  	0.14258163  
2023-11-03 17:55:57.857: Find a better model.
2023-11-03 17:56:11.450: [iter 118 : loss : 0.0798 = 0.1094 + -0.0388 + 0.0094 + -0.0003, time: 13.570835]
2023-11-03 17:56:12.028: epoch 118:	0.03941648  	0.20428471  	0.14259897  
2023-11-03 17:56:25.318: [iter 119 : loss : 0.0754 = 0.1071 + -0.0409 + 0.0095 + -0.0003, time: 13.272669]
2023-11-03 17:56:25.929: epoch 119:	0.03944347  	0.20413269  	0.14278242  
2023-11-03 17:56:39.494: [iter 120 : loss : 0.0732 = 0.1059 + -0.0421 + 0.0096 + -0.0003, time: 13.544085]
2023-11-03 17:56:40.110: epoch 120:	0.03952896  	0.20471068  	0.14301682  
2023-11-03 17:56:40.110: Find a better model.
2023-11-03 17:56:53.701: [iter 121 : loss : 0.0744 = 0.1088 + -0.0438 + 0.0097 + -0.0003, time: 13.565991]
2023-11-03 17:56:54.343: epoch 121:	0.03962344  	0.20528087  	0.14353219  
2023-11-03 17:56:54.343: Find a better model.
2023-11-03 17:57:07.966: [iter 122 : loss : 0.0740 = 0.1095 + -0.0450 + 0.0098 + -0.0003, time: 13.604935]
2023-11-03 17:57:08.540: epoch 122:	0.03962795  	0.20555784  	0.14372900  
2023-11-03 17:57:08.540: Find a better model.
2023-11-03 17:57:22.087: [iter 123 : loss : 0.0697 = 0.1070 + -0.0469 + 0.0099 + -0.0003, time: 13.528462]
2023-11-03 17:57:22.741: epoch 123:	0.03974492  	0.20595144  	0.14395626  
2023-11-03 17:57:22.741: Find a better model.
2023-11-03 17:57:36.255: [iter 124 : loss : 0.0684 = 0.1072 + -0.0485 + 0.0100 + -0.0003, time: 13.493946]
2023-11-03 17:57:36.882: epoch 124:	0.03983041  	0.20658295  	0.14436060  
2023-11-03 17:57:36.883: Find a better model.
2023-11-03 17:57:50.560: [iter 125 : loss : 0.0686 = 0.1092 + -0.0503 + 0.0101 + -0.0003, time: 13.658174]
2023-11-03 17:57:51.193: epoch 125:	0.03977191  	0.20613050  	0.14419627  
2023-11-03 17:58:04.476: [iter 126 : loss : 0.0666 = 0.1083 + -0.0516 + 0.0102 + -0.0003, time: 13.259163]
2023-11-03 17:58:05.098: epoch 126:	0.03992939  	0.20695688  	0.14461537  
2023-11-03 17:58:05.099: Find a better model.
2023-11-03 17:58:18.787: [iter 127 : loss : 0.0621 = 0.1054 + -0.0532 + 0.0102 + -0.0003, time: 13.672134]
2023-11-03 17:58:19.438: epoch 127:	0.03986191  	0.20668192  	0.14461307  
2023-11-03 17:58:33.066: [iter 128 : loss : 0.0612 = 0.1062 + -0.0550 + 0.0103 + -0.0003, time: 13.604046]
2023-11-03 17:58:33.659: epoch 128:	0.03985740  	0.20691364  	0.14458802  
2023-11-03 17:58:47.251: [iter 129 : loss : 0.0606 = 0.1073 + -0.0568 + 0.0104 + -0.0003, time: 13.575434]
2023-11-03 17:58:47.878: epoch 129:	0.04001489  	0.20763871  	0.14474458  
2023-11-03 17:58:47.878: Find a better model.
2023-11-03 17:59:01.493: [iter 130 : loss : 0.0617 = 0.1098 + -0.0582 + 0.0105 + -0.0003, time: 13.595171]
2023-11-03 17:59:02.129: epoch 130:	0.04000141  	0.20753159  	0.14484365  
2023-11-03 17:59:15.742: [iter 131 : loss : 0.0623 = 0.1115 + -0.0594 + 0.0106 + -0.0004, time: 13.595834]
2023-11-03 17:59:16.377: epoch 131:	0.04011839  	0.20796558  	0.14511012  
2023-11-03 17:59:16.377: Find a better model.
2023-11-03 17:59:30.001: [iter 132 : loss : 0.0530 = 0.1038 + -0.0611 + 0.0107 + -0.0004, time: 13.603292]
2023-11-03 17:59:30.644: epoch 132:	0.04013186  	0.20817930  	0.14519252  
2023-11-03 17:59:30.644: Find a better model.
2023-11-03 17:59:44.143: [iter 133 : loss : 0.0547 = 0.1070 + -0.0627 + 0.0108 + -0.0004, time: 13.478020]
2023-11-03 17:59:44.728: epoch 133:	0.04016336  	0.20888661  	0.14539067  
2023-11-03 17:59:44.728: Find a better model.
2023-11-03 17:59:58.192: [iter 134 : loss : 0.0580 = 0.1114 + -0.0639 + 0.0109 + -0.0004, time: 13.444963]
2023-11-03 17:59:58.826: epoch 134:	0.04024884  	0.20910299  	0.14564537  
2023-11-03 17:59:58.826: Find a better model.
2023-11-03 18:00:12.411: [iter 135 : loss : 0.0527 = 0.1076 + -0.0654 + 0.0110 + -0.0004, time: 13.564738]
2023-11-03 18:00:13.055: epoch 135:	0.04020834  	0.20880795  	0.14553122  
2023-11-03 18:00:26.621: [iter 136 : loss : 0.0505 = 0.1067 + -0.0669 + 0.0111 + -0.0004, time: 13.543914]
2023-11-03 18:00:27.251: epoch 136:	0.04032983  	0.20942156  	0.14585343  
2023-11-03 18:00:27.251: Find a better model.
2023-11-03 18:00:40.941: [iter 137 : loss : 0.0516 = 0.1088 + -0.0679 + 0.0111 + -0.0004, time: 13.669418]
2023-11-03 18:00:41.583: epoch 137:	0.04037481  	0.20977330  	0.14598668  
2023-11-03 18:00:41.583: Find a better model.
2023-11-03 18:00:55.040: [iter 138 : loss : 0.0473 = 0.1066 + -0.0701 + 0.0112 + -0.0004, time: 13.437695]
2023-11-03 18:00:55.691: epoch 138:	0.04037481  	0.20977177  	0.14622000  
2023-11-03 18:01:09.176: [iter 139 : loss : 0.0469 = 0.1072 + -0.0712 + 0.0113 + -0.0004, time: 13.463369]
2023-11-03 18:01:09.826: epoch 139:	0.04044230  	0.21023111  	0.14632031  
2023-11-03 18:01:09.826: Find a better model.
2023-11-03 18:01:23.078: [iter 140 : loss : 0.0447 = 0.1064 + -0.0726 + 0.0114 + -0.0004, time: 13.226711]
2023-11-03 18:01:23.677: epoch 140:	0.04049630  	0.21085232  	0.14671332  
2023-11-03 18:01:23.677: Find a better model.
2023-11-03 18:01:37.133: [iter 141 : loss : 0.0403 = 0.1033 + -0.0741 + 0.0115 + -0.0004, time: 13.437028]
2023-11-03 18:01:37.712: epoch 141:	0.04057727  	0.21094838  	0.14683923  
2023-11-03 18:01:37.712: Find a better model.
2023-11-03 18:01:51.280: [iter 142 : loss : 0.0407 = 0.1054 + -0.0758 + 0.0116 + -0.0004, time: 13.549965]
2023-11-03 18:01:51.923: epoch 142:	0.04057727  	0.21077979  	0.14691187  
2023-11-03 18:02:05.234: [iter 143 : loss : 0.0385 = 0.1047 + -0.0774 + 0.0117 + -0.0004, time: 13.284695]
2023-11-03 18:02:05.838: epoch 143:	0.04062225  	0.21107765  	0.14725719  
2023-11-03 18:02:05.838: Find a better model.
2023-11-03 18:02:19.149: [iter 144 : loss : 0.0376 = 0.1050 + -0.0788 + 0.0118 + -0.0005, time: 13.294082]
2023-11-03 18:02:19.781: epoch 144:	0.04071224  	0.21112637  	0.14721581  
2023-11-03 18:02:19.781: Find a better model.
2023-11-03 18:02:33.441: [iter 145 : loss : 0.0381 = 0.1069 + -0.0802 + 0.0119 + -0.0005, time: 13.642879]
2023-11-03 18:02:34.080: epoch 145:	0.04074821  	0.21146730  	0.14736079  
2023-11-03 18:02:34.080: Find a better model.
2023-11-03 18:02:47.419: [iter 146 : loss : 0.0361 = 0.1063 + -0.0816 + 0.0120 + -0.0005, time: 13.321141]
2023-11-03 18:02:48.049: epoch 146:	0.04077970  	0.21159174  	0.14759542  
2023-11-03 18:02:48.049: Find a better model.
2023-11-03 18:03:01.643: [iter 147 : loss : 0.0362 = 0.1076 + -0.0830 + 0.0120 + -0.0005, time: 13.575383]
2023-11-03 18:03:02.261: epoch 147:	0.04085169  	0.21199596  	0.14770268  
2023-11-03 18:03:02.261: Find a better model.
2023-11-03 18:03:15.587: [iter 148 : loss : 0.0337 = 0.1064 + -0.0844 + 0.0121 + -0.0005, time: 13.304739]
2023-11-03 18:03:16.215: epoch 148:	0.04089217  	0.21232158  	0.14784969  
2023-11-03 18:03:16.215: Find a better model.
2023-11-03 18:03:29.832: [iter 149 : loss : 0.0305 = 0.1049 + -0.0861 + 0.0122 + -0.0005, time: 13.598683]
2023-11-03 18:03:30.472: epoch 149:	0.04093717  	0.21294968  	0.14803182  
2023-11-03 18:03:30.472: Find a better model.
2023-11-03 18:03:44.107: [iter 150 : loss : 0.0299 = 0.1057 + -0.0877 + 0.0123 + -0.0005, time: 13.616194]
2023-11-03 18:03:44.758: epoch 150:	0.04095966  	0.21291953  	0.14805099  
2023-11-03 18:03:58.360: [iter 151 : loss : 0.0277 = 0.1045 + -0.0887 + 0.0124 + -0.0005, time: 13.577979]
2023-11-03 18:03:58.997: epoch 151:	0.04095066  	0.21297669  	0.14819399  
2023-11-03 18:03:58.997: Find a better model.
2023-11-03 18:04:12.577: [iter 152 : loss : 0.0268 = 0.1048 + -0.0900 + 0.0125 + -0.0005, time: 13.563913]
2023-11-03 18:04:13.200: epoch 152:	0.04093265  	0.21285224  	0.14821468  
2023-11-03 18:04:26.751: [iter 153 : loss : 0.0224 = 0.1020 + -0.0917 + 0.0126 + -0.0005, time: 13.532069]
2023-11-03 18:04:27.395: epoch 153:	0.04086965  	0.21250522  	0.14814922  
2023-11-03 18:04:40.940: [iter 154 : loss : 0.0232 = 0.1041 + -0.0931 + 0.0127 + -0.0005, time: 13.528495]
2023-11-03 18:04:41.599: epoch 154:	0.04100014  	0.21301551  	0.14835641  
2023-11-03 18:04:41.599: Find a better model.
2023-11-03 18:04:55.165: [iter 155 : loss : 0.0226 = 0.1047 + -0.0943 + 0.0128 + -0.0005, time: 13.541111]
2023-11-03 18:04:55.813: epoch 155:	0.04099564  	0.21276784  	0.14842165  
2023-11-03 18:05:09.295: [iter 156 : loss : 0.0229 = 0.1063 + -0.0958 + 0.0129 + -0.0005, time: 13.463799]
2023-11-03 18:05:09.927: epoch 156:	0.04107212  	0.21329659  	0.14857151  
2023-11-03 18:05:09.928: Find a better model.
2023-11-03 18:05:23.631: [iter 157 : loss : 0.0227 = 0.1075 + -0.0973 + 0.0130 + -0.0005, time: 13.681290]
2023-11-03 18:05:24.262: epoch 157:	0.04105411  	0.21320187  	0.14853945  
2023-11-03 18:05:37.779: [iter 158 : loss : 0.0184 = 0.1048 + -0.0988 + 0.0131 + -0.0006, time: 13.496125]
2023-11-03 18:05:38.423: epoch 158:	0.04117559  	0.21385899  	0.14894736  
2023-11-03 18:05:38.424: Find a better model.
2023-11-03 18:05:51.924: [iter 159 : loss : 0.0168 = 0.1042 + -0.1000 + 0.0131 + -0.0006, time: 13.479671]
2023-11-03 18:05:52.556: epoch 159:	0.04118012  	0.21410754  	0.14911607  
2023-11-03 18:05:52.557: Find a better model.
2023-11-03 18:06:06.154: [iter 160 : loss : 0.0171 = 0.1056 + -0.1012 + 0.0132 + -0.0006, time: 13.577956]
2023-11-03 18:06:06.805: epoch 160:	0.04122509  	0.21423754  	0.14908540  
2023-11-03 18:06:06.805: Find a better model.
2023-11-03 18:06:20.322: [iter 161 : loss : 0.0139 = 0.1039 + -0.1028 + 0.0133 + -0.0006, time: 13.492934]
2023-11-03 18:06:20.966: epoch 161:	0.04122511  	0.21413398  	0.14912698  
2023-11-03 18:06:34.503: [iter 162 : loss : 0.0164 = 0.1074 + -0.1039 + 0.0134 + -0.0006, time: 13.517300]
2023-11-03 18:06:35.142: epoch 162:	0.04126109  	0.21435492  	0.14944124  
2023-11-03 18:06:35.142: Find a better model.
2023-11-03 18:06:48.675: [iter 163 : loss : 0.0125 = 0.1051 + -0.1054 + 0.0135 + -0.0006, time: 13.510137]
2023-11-03 18:06:49.236: epoch 163:	0.04131958  	0.21489234  	0.14969142  
2023-11-03 18:06:49.236: Find a better model.
2023-11-03 18:07:02.525: [iter 164 : loss : 0.0119 = 0.1056 + -0.1067 + 0.0136 + -0.0006, time: 13.269555]
2023-11-03 18:07:03.102: epoch 164:	0.04125658  	0.21456833  	0.14970608  
2023-11-03 18:07:16.436: [iter 165 : loss : 0.0092 = 0.1042 + -0.1080 + 0.0137 + -0.0006, time: 13.314310]
2023-11-03 18:07:17.065: epoch 165:	0.04129259  	0.21465671  	0.14965481  
2023-11-03 18:07:30.536: [iter 166 : loss : 0.0077 = 0.1035 + -0.1090 + 0.0138 + -0.0006, time: 13.451584]
2023-11-03 18:07:31.170: epoch 166:	0.04137355  	0.21493314  	0.14979932  
2023-11-03 18:07:31.171: Find a better model.
2023-11-03 18:07:44.853: [iter 167 : loss : 0.0105 = 0.1081 + -0.1109 + 0.0139 + -0.0006, time: 13.659533]
2023-11-03 18:07:45.469: epoch 167:	0.04138256  	0.21513894  	0.14985342  
2023-11-03 18:07:45.469: Find a better model.
2023-11-03 18:07:58.895: [iter 168 : loss : 0.0091 = 0.1080 + -0.1122 + 0.0140 + -0.0006, time: 13.403447]
2023-11-03 18:07:59.521: epoch 168:	0.04147705  	0.21571513  	0.15013582  
2023-11-03 18:07:59.521: Find a better model.
2023-11-03 18:08:12.987: [iter 169 : loss : 0.0051 = 0.1048 + -0.1131 + 0.0141 + -0.0006, time: 13.447617]
2023-11-03 18:08:13.617: epoch 169:	0.04152651  	0.21559891  	0.15003870  
2023-11-03 18:08:27.172: [iter 170 : loss : 0.0042 = 0.1052 + -0.1145 + 0.0141 + -0.0006, time: 13.535814]
2023-11-03 18:08:27.756: epoch 170:	0.04151754  	0.21542090  	0.14998814  
2023-11-03 18:08:41.361: [iter 171 : loss : 0.0010 = 0.1032 + -0.1158 + 0.0142 + -0.0006, time: 13.585367]
2023-11-03 18:08:42.004: epoch 171:	0.04160750  	0.21589728  	0.15037914  
2023-11-03 18:08:42.004: Find a better model.
2023-11-03 18:08:55.504: [iter 172 : loss : 0.0037 = 0.1075 + -0.1174 + 0.0143 + -0.0007, time: 13.482187]
2023-11-03 18:08:56.143: epoch 172:	0.04158051  	0.21576472  	0.15038079  
2023-11-03 18:09:09.610: [iter 173 : loss : 0.0017 = 0.1064 + -0.1184 + 0.0144 + -0.0007, time: 13.446746]
2023-11-03 18:09:10.262: epoch 173:	0.04167951  	0.21630456  	0.15061036  
2023-11-03 18:09:10.262: Find a better model.
2023-11-03 18:09:23.756: [iter 174 : loss : -0.0014 = 0.1047 + -0.1199 + 0.0145 + -0.0007, time: 13.474941]
2023-11-03 18:09:24.382: epoch 174:	0.04173798  	0.21682134  	0.15080015  
2023-11-03 18:09:24.382: Find a better model.
2023-11-03 18:09:37.863: [iter 175 : loss : -0.0016 = 0.1053 + -0.1208 + 0.0146 + -0.0007, time: 13.461100]
2023-11-03 18:09:38.479: epoch 175:	0.04177397  	0.21693644  	0.15086697  
2023-11-03 18:09:38.479: Find a better model.
2023-11-03 18:09:52.044: [iter 176 : loss : -0.0043 = 0.1037 + -0.1220 + 0.0147 + -0.0007, time: 13.541674]
2023-11-03 18:09:52.681: epoch 176:	0.04178749  	0.21686143  	0.15098231  
2023-11-03 18:10:06.058: [iter 177 : loss : -0.0040 = 0.1055 + -0.1236 + 0.0148 + -0.0007, time: 13.352180]
2023-11-03 18:10:06.653: epoch 177:	0.04176499  	0.21703485  	0.15107939  
2023-11-03 18:10:06.653: Find a better model.
2023-11-03 18:10:20.179: [iter 178 : loss : -0.0063 = 0.1041 + -0.1246 + 0.0149 + -0.0007, time: 13.508500]
2023-11-03 18:10:20.790: epoch 178:	0.04170199  	0.21679187  	0.15099262  
2023-11-03 18:10:34.344: [iter 179 : loss : -0.0082 = 0.1035 + -0.1259 + 0.0150 + -0.0007, time: 13.534842]
2023-11-03 18:10:34.985: epoch 179:	0.04174699  	0.21682519  	0.15117204  
2023-11-03 18:10:48.533: [iter 180 : loss : -0.0065 = 0.1066 + -0.1274 + 0.0151 + -0.0007, time: 13.530459]
2023-11-03 18:10:49.166: epoch 180:	0.04177849  	0.21714225  	0.15133767  
2023-11-03 18:10:49.167: Find a better model.
2023-11-03 18:11:02.635: [iter 181 : loss : -0.0095 = 0.1046 + -0.1285 + 0.0151 + -0.0007, time: 13.448142]
2023-11-03 18:11:03.283: epoch 181:	0.04188646  	0.21773273  	0.15157704  
2023-11-03 18:11:03.283: Find a better model.
2023-11-03 18:11:16.822: [iter 182 : loss : -0.0098 = 0.1054 + -0.1297 + 0.0152 + -0.0007, time: 13.514223]
2023-11-03 18:11:17.439: epoch 182:	0.04192696  	0.21793115  	0.15159391  
2023-11-03 18:11:17.439: Find a better model.
2023-11-03 18:11:30.926: [iter 183 : loss : -0.0131 = 0.1031 + -0.1307 + 0.0153 + -0.0007, time: 13.464762]
2023-11-03 18:11:31.554: epoch 183:	0.04194045  	0.21799642  	0.15168267  
2023-11-03 18:11:31.555: Find a better model.
2023-11-03 18:11:45.044: [iter 184 : loss : -0.0117 = 0.1061 + -0.1325 + 0.0154 + -0.0007, time: 13.468770]
2023-11-03 18:11:45.691: epoch 184:	0.04199444  	0.21826950  	0.15185478  
2023-11-03 18:11:45.691: Find a better model.
2023-11-03 18:11:59.207: [iter 185 : loss : -0.0110 = 0.1074 + -0.1332 + 0.0155 + -0.0007, time: 13.492460]
2023-11-03 18:11:59.847: epoch 185:	0.04203493  	0.21807210  	0.15171231  
2023-11-03 18:12:13.383: [iter 186 : loss : -0.0115 = 0.1085 + -0.1348 + 0.0156 + -0.0007, time: 13.515923]
2023-11-03 18:12:13.992: epoch 186:	0.04207989  	0.21847051  	0.15197122  
2023-11-03 18:12:13.992: Find a better model.
2023-11-03 18:12:27.616: [iter 187 : loss : -0.0190 = 0.1021 + -0.1359 + 0.0157 + -0.0007, time: 13.603367]
2023-11-03 18:12:28.240: epoch 187:	0.04208441  	0.21870990  	0.15222056  
2023-11-03 18:12:28.241: Find a better model.
2023-11-03 18:12:41.766: [iter 188 : loss : -0.0167 = 0.1054 + -0.1371 + 0.0158 + -0.0008, time: 13.503421]
2023-11-03 18:12:42.396: epoch 188:	0.04209341  	0.21853699  	0.15233734  
2023-11-03 18:12:55.977: [iter 189 : loss : -0.0144 = 0.1082 + -0.1377 + 0.0159 + -0.0008, time: 13.558569]
2023-11-03 18:12:56.610: epoch 189:	0.04202595  	0.21822718  	0.15235293  
2023-11-03 18:13:10.152: [iter 190 : loss : -0.0185 = 0.1059 + -0.1395 + 0.0159 + -0.0008, time: 13.521107]
2023-11-03 18:13:10.754: epoch 190:	0.04208894  	0.21861942  	0.15254420  
2023-11-03 18:13:24.284: [iter 191 : loss : -0.0177 = 0.1074 + -0.1404 + 0.0160 + -0.0008, time: 13.507571]
2023-11-03 18:13:24.921: epoch 191:	0.04216091  	0.21885774  	0.15263249  
2023-11-03 18:13:24.922: Find a better model.
2023-11-03 18:13:38.509: [iter 192 : loss : -0.0249 = 0.1017 + -0.1419 + 0.0161 + -0.0008, time: 13.564120]
2023-11-03 18:13:39.087: epoch 192:	0.04224189  	0.21954374  	0.15287149  
2023-11-03 18:13:39.087: Find a better model.
2023-11-03 18:13:52.700: [iter 193 : loss : -0.0224 = 0.1050 + -0.1429 + 0.0162 + -0.0008, time: 13.593392]
2023-11-03 18:13:53.308: epoch 193:	0.04216542  	0.21898808  	0.15258104  
2023-11-03 18:14:06.901: [iter 194 : loss : -0.0224 = 0.1060 + -0.1439 + 0.0163 + -0.0008, time: 13.566737]
2023-11-03 18:14:07.511: epoch 194:	0.04221938  	0.21935853  	0.15259640  
2023-11-03 18:14:21.136: [iter 195 : loss : -0.0226 = 0.1065 + -0.1447 + 0.0164 + -0.0008, time: 13.603904]
2023-11-03 18:14:21.750: epoch 195:	0.04225539  	0.21944617  	0.15278754  
2023-11-03 18:14:35.252: [iter 196 : loss : -0.0257 = 0.1047 + -0.1461 + 0.0165 + -0.0008, time: 13.475903]
2023-11-03 18:14:35.861: epoch 196:	0.04231388  	0.21952114  	0.15303244  
2023-11-03 18:14:49.514: [iter 197 : loss : -0.0256 = 0.1060 + -0.1474 + 0.0166 + -0.0008, time: 13.629603]
2023-11-03 18:14:50.130: epoch 197:	0.04229137  	0.21963240  	0.15304111  
2023-11-03 18:14:50.131: Find a better model.
2023-11-03 18:15:03.707: [iter 198 : loss : -0.0260 = 0.1066 + -0.1484 + 0.0167 + -0.0008, time: 13.555923]
2023-11-03 18:15:04.340: epoch 198:	0.04225539  	0.21948498  	0.15304080  
2023-11-03 18:15:17.818: [iter 199 : loss : -0.0247 = 0.1090 + -0.1496 + 0.0168 + -0.0008, time: 13.461237]
2023-11-03 18:15:18.454: epoch 199:	0.04228687  	0.21923248  	0.15314415  
2023-11-03 18:15:32.044: [iter 200 : loss : -0.0313 = 0.1041 + -0.1514 + 0.0168 + -0.0008, time: 13.571500]
2023-11-03 18:15:32.662: epoch 200:	0.04223289  	0.21883704  	0.15312228  
2023-11-03 18:15:32.662: best_result@epoch 197:

2023-11-03 18:15:32.663: 		0.0423      	0.2196      	0.1530      
