2023-09-02 12:31:01.297: my pid: 36465
2023-09-02 12:31:01.298: model: model.general_recommender.GNNEC
2023-09-02 12:31:01.298: Dataset statistics:
Name: gowalla-20core
The number of users: 11113
The number of items: 18074
The number of ratings: 523315
Average actions of users: 47.09
Average actions of items: 28.95
The sparsity of the dataset: 99.739458%

The number of training: 475362
The number of validation: 0
The number of testing: 47953
2023-09-02 12:31:01.298: NeuRec:[NeuRec]:
recommender=GNNEC
dataset=gowalla-20core
file_column=UI
sep=','
gpu_id=0
gpu_mem=0.99
metric=["Precision", "Recall", "NDCG"]
top_k=[20]
test_thread=8
test_batch_size=128
seed=2021
start_testing_epoch=0

GNNEC:[hyperparameters]:
mf_reg=1e-4
svd_q=5
aug_type=ND
reg=1e-4
embed_size=64
n_layers=2
ssl_reg=0.02
ssl_ratio=0.5
ssl_temp=0.8
ssl_mode=both_side
lr=1e-3
learner=adam
adj_type=pre
epochs=300
batch_size=2048
num_negatives=1
param_init=xavier_uniform
stddev=0.01
verbose=1
stop_cnt=10
pretrain_flag=0
save_flag=0

Command line:
recommender=GNNEC
dataset=gowalla-20core
epochs=300
n_layers=2
embed_size=64
batch_size=2048
lr=1e-3
aug_type=ND
reg=1e-4
ssl_reg=0.02
ssl_ratio=0.5
ssl_temp=0.8
mf_reg=1e-4
svd_q=5
2023-09-02 12:31:06.191: metrics:	Precision@20	Recall@20   	NDCG@20     
2023-09-02 12:31:20.389: [iter 1 : loss : 0.9079 = 0.5734 + 0.3327 + 0.0001 + 0.0017, time: 14.196914]
2023-09-02 12:31:21.033: epoch 1:	0.02011221  	0.10575731  	0.07088768  
2023-09-02 12:31:21.034: Find a better model.
2023-09-02 12:31:34.375: [iter 2 : loss : 0.6417 = 0.3701 + 0.2700 + 0.0003 + 0.0014, time: 13.323380]
2023-09-02 12:31:34.990: epoch 2:	0.02185347  	0.11496330  	0.07964148  
2023-09-02 12:31:34.990: Find a better model.
2023-09-02 12:31:48.568: [iter 3 : loss : 0.5459 = 0.3009 + 0.2434 + 0.0004 + 0.0012, time: 13.552281]
2023-09-02 12:31:49.204: epoch 3:	0.02313578  	0.12173769  	0.08477124  
2023-09-02 12:31:49.204: Find a better model.
2023-09-02 12:32:02.660: [iter 4 : loss : 0.4922 = 0.2637 + 0.2268 + 0.0005 + 0.0012, time: 13.435158]
2023-09-02 12:32:03.291: epoch 4:	0.02399500  	0.12646425  	0.08777289  
2023-09-02 12:32:03.291: Find a better model.
2023-09-02 12:32:16.479: [iter 5 : loss : 0.4561 = 0.2399 + 0.2145 + 0.0006 + 0.0011, time: 13.170783]
2023-09-02 12:32:17.110: epoch 5:	0.02441337  	0.12898642  	0.09004043  
2023-09-02 12:32:17.110: Find a better model.
2023-09-02 12:32:30.499: [iter 6 : loss : 0.4309 = 0.2245 + 0.2047 + 0.0007 + 0.0010, time: 13.367155]
2023-09-02 12:32:31.119: epoch 6:	0.02484524  	0.13158628  	0.09180110  
2023-09-02 12:32:31.120: Find a better model.
2023-09-02 12:32:44.506: [iter 7 : loss : 0.4106 = 0.2123 + 0.1964 + 0.0008 + 0.0010, time: 13.370986]
2023-09-02 12:32:45.139: epoch 7:	0.02522311  	0.13324681  	0.09286535  
2023-09-02 12:32:45.139: Find a better model.
2023-09-02 12:32:58.472: [iter 8 : loss : 0.3954 = 0.2040 + 0.1895 + 0.0009 + 0.0010, time: 13.315192]
2023-09-02 12:32:59.101: epoch 8:	0.02571795  	0.13591054  	0.09476919  
2023-09-02 12:32:59.102: Find a better model.
2023-09-02 12:33:12.560: [iter 9 : loss : 0.3810 = 0.1962 + 0.1829 + 0.0010 + 0.0009, time: 13.441664]
2023-09-02 12:33:13.203: epoch 9:	0.02599684  	0.13693428  	0.09585003  
2023-09-02 12:33:13.204: Find a better model.
2023-09-02 12:33:26.428: [iter 10 : loss : 0.3690 = 0.1893 + 0.1777 + 0.0011 + 0.0009, time: 13.203098]
2023-09-02 12:33:27.009: epoch 10:	0.02644671  	0.13930507  	0.09695347  
2023-09-02 12:33:27.009: Find a better model.
2023-09-02 12:33:40.190: [iter 11 : loss : 0.3584 = 0.1842 + 0.1722 + 0.0012 + 0.0009, time: 13.164079]
2023-09-02 12:33:40.814: epoch 11:	0.02678411  	0.14086795  	0.09832573  
2023-09-02 12:33:40.814: Find a better model.
2023-09-02 12:33:54.139: [iter 12 : loss : 0.3466 = 0.1774 + 0.1671 + 0.0012 + 0.0009, time: 13.308656]
2023-09-02 12:33:54.729: epoch 12:	0.02727443  	0.14285354  	0.09938999  
2023-09-02 12:33:54.729: Find a better model.
2023-09-02 12:34:07.946: [iter 13 : loss : 0.3372 = 0.1727 + 0.1623 + 0.0013 + 0.0008, time: 13.198178]
2023-09-02 12:34:08.566: epoch 13:	0.02749487  	0.14418679  	0.10002311  
2023-09-02 12:34:08.566: Find a better model.
2023-09-02 12:34:21.895: [iter 14 : loss : 0.3287 = 0.1687 + 0.1578 + 0.0014 + 0.0008, time: 13.311482]
2023-09-02 12:34:22.531: epoch 14:	0.02771978  	0.14530696  	0.10081855  
2023-09-02 12:34:22.532: Find a better model.
2023-09-02 12:34:36.047: [iter 15 : loss : 0.3219 = 0.1662 + 0.1535 + 0.0015 + 0.0008, time: 13.493063]
2023-09-02 12:34:36.671: epoch 15:	0.02799870  	0.14661965  	0.10160909  
2023-09-02 12:34:36.671: Find a better model.
2023-09-02 12:34:50.017: [iter 16 : loss : 0.3154 = 0.1633 + 0.1498 + 0.0016 + 0.0008, time: 13.328765]
2023-09-02 12:34:50.609: epoch 16:	0.02830458  	0.14773244  	0.10261483  
2023-09-02 12:34:50.609: Find a better model.
2023-09-02 12:35:04.066: [iter 17 : loss : 0.3060 = 0.1577 + 0.1459 + 0.0016 + 0.0007, time: 13.444043]
2023-09-02 12:35:04.698: epoch 17:	0.02864199  	0.14990434  	0.10392572  
2023-09-02 12:35:04.698: Find a better model.
2023-09-02 12:35:18.118: [iter 18 : loss : 0.3005 = 0.1560 + 0.1420 + 0.0017 + 0.0007, time: 13.403868]
2023-09-02 12:35:18.749: epoch 18:	0.02895691  	0.15122527  	0.10482121  
2023-09-02 12:35:18.750: Find a better model.
2023-09-02 12:35:32.155: [iter 19 : loss : 0.2940 = 0.1529 + 0.1385 + 0.0018 + 0.0007, time: 13.387027]
2023-09-02 12:35:32.788: epoch 19:	0.02909186  	0.15126573  	0.10559372  
2023-09-02 12:35:32.789: Find a better model.
2023-09-02 12:35:46.086: [iter 20 : loss : 0.2882 = 0.1510 + 0.1347 + 0.0019 + 0.0007, time: 13.280558]
2023-09-02 12:35:46.692: epoch 20:	0.02928532  	0.15228213  	0.10643630  
2023-09-02 12:35:46.692: Find a better model.
2023-09-02 12:36:00.034: [iter 21 : loss : 0.2832 = 0.1492 + 0.1314 + 0.0020 + 0.0007, time: 13.323552]
2023-09-02 12:36:00.652: epoch 21:	0.02944728  	0.15324908  	0.10726187  
2023-09-02 12:36:00.652: Find a better model.
2023-09-02 12:36:14.110: [iter 22 : loss : 0.2761 = 0.1455 + 0.1279 + 0.0020 + 0.0006, time: 13.436167]
2023-09-02 12:36:14.742: epoch 22:	0.02964521  	0.15430397  	0.10777949  
2023-09-02 12:36:14.742: Find a better model.
2023-09-02 12:36:28.225: [iter 23 : loss : 0.2693 = 0.1423 + 0.1243 + 0.0021 + 0.0006, time: 13.465234]
2023-09-02 12:36:28.865: epoch 23:	0.02986564  	0.15538934  	0.10860316  
2023-09-02 12:36:28.865: Find a better model.
2023-09-02 12:36:42.450: [iter 24 : loss : 0.2647 = 0.1410 + 0.1209 + 0.0022 + 0.0006, time: 13.568420]
2023-09-02 12:36:43.111: epoch 24:	0.03010407  	0.15649238  	0.10954441  
2023-09-02 12:36:43.112: Find a better model.
2023-09-02 12:36:56.651: [iter 25 : loss : 0.2603 = 0.1396 + 0.1178 + 0.0023 + 0.0006, time: 13.514646]
2023-09-02 12:36:57.282: epoch 25:	0.03013106  	0.15646154  	0.11008242  
2023-09-02 12:37:10.921: [iter 26 : loss : 0.2550 = 0.1376 + 0.1144 + 0.0024 + 0.0006, time: 13.616560]
2023-09-02 12:37:11.543: epoch 26:	0.03033801  	0.15792026  	0.11089883  
2023-09-02 12:37:11.544: Find a better model.
2023-09-02 12:37:25.244: [iter 27 : loss : 0.2493 = 0.1352 + 0.1111 + 0.0024 + 0.0006, time: 13.683222]
2023-09-02 12:37:25.890: epoch 27:	0.03053147  	0.15917170  	0.11165371  
2023-09-02 12:37:25.890: Find a better model.
2023-09-02 12:37:39.380: [iter 28 : loss : 0.2457 = 0.1347 + 0.1079 + 0.0025 + 0.0005, time: 13.471891]
2023-09-02 12:37:40.028: epoch 28:	0.03083288  	0.16084972  	0.11249807  
2023-09-02 12:37:40.028: Find a better model.
2023-09-02 12:37:53.542: [iter 29 : loss : 0.2401 = 0.1322 + 0.1048 + 0.0026 + 0.0005, time: 13.489468]
2023-09-02 12:37:54.143: epoch 29:	0.03099034  	0.16145965  	0.11304193  
2023-09-02 12:37:54.143: Find a better model.
2023-09-02 12:38:07.728: [iter 30 : loss : 0.2344 = 0.1294 + 0.1018 + 0.0027 + 0.0005, time: 13.560563]
2023-09-02 12:38:08.363: epoch 30:	0.03104431  	0.16191785  	0.11359725  
2023-09-02 12:38:08.363: Find a better model.
2023-09-02 12:38:21.870: [iter 31 : loss : 0.2312 = 0.1293 + 0.0987 + 0.0028 + 0.0005, time: 13.486482]
2023-09-02 12:38:22.537: epoch 31:	0.03115230  	0.16245794  	0.11418115  
2023-09-02 12:38:22.537: Find a better model.
2023-09-02 12:38:36.164: [iter 32 : loss : 0.2260 = 0.1270 + 0.0957 + 0.0028 + 0.0005, time: 13.606423]
2023-09-02 12:38:36.790: epoch 32:	0.03130524  	0.16335656  	0.11483769  
2023-09-02 12:38:36.790: Find a better model.
2023-09-02 12:38:50.288: [iter 33 : loss : 0.2231 = 0.1272 + 0.0926 + 0.0029 + 0.0005, time: 13.479181]
2023-09-02 12:38:50.883: epoch 33:	0.03153018  	0.16456668  	0.11541316  
2023-09-02 12:38:50.883: Find a better model.
2023-09-02 12:39:04.387: [iter 34 : loss : 0.2204 = 0.1273 + 0.0897 + 0.0030 + 0.0004, time: 13.484761]
2023-09-02 12:39:05.044: epoch 34:	0.03173712  	0.16521841  	0.11582890  
2023-09-02 12:39:05.044: Find a better model.
2023-09-02 12:39:18.648: [iter 35 : loss : 0.2149 = 0.1245 + 0.0869 + 0.0031 + 0.0004, time: 13.574751]
2023-09-02 12:39:19.296: epoch 35:	0.03179111  	0.16567247  	0.11635598  
2023-09-02 12:39:19.297: Find a better model.
2023-09-02 12:39:32.792: [iter 36 : loss : 0.2115 = 0.1240 + 0.0839 + 0.0032 + 0.0004, time: 13.473468]
2023-09-02 12:39:33.391: epoch 36:	0.03189009  	0.16615586  	0.11696245  
2023-09-02 12:39:33.392: Find a better model.
2023-09-02 12:39:46.945: [iter 37 : loss : 0.2069 = 0.1220 + 0.0813 + 0.0033 + 0.0004, time: 13.532707]
2023-09-02 12:39:47.586: epoch 37:	0.03203856  	0.16686413  	0.11734977  
2023-09-02 12:39:47.586: Find a better model.
2023-09-02 12:40:01.161: [iter 38 : loss : 0.2038 = 0.1217 + 0.0783 + 0.0033 + 0.0004, time: 13.549726]
2023-09-02 12:40:01.797: epoch 38:	0.03223652  	0.16776846  	0.11787275  
2023-09-02 12:40:01.797: Find a better model.
2023-09-02 12:40:15.377: [iter 39 : loss : 0.2008 = 0.1214 + 0.0756 + 0.0034 + 0.0004, time: 13.555559]
2023-09-02 12:40:16.018: epoch 39:	0.03238495  	0.16846111  	0.11830741  
2023-09-02 12:40:16.019: Find a better model.
2023-09-02 12:40:29.644: [iter 40 : loss : 0.1968 = 0.1201 + 0.0728 + 0.0035 + 0.0004, time: 13.605661]
2023-09-02 12:40:30.253: epoch 40:	0.03253338  	0.16895097  	0.11890019  
2023-09-02 12:40:30.253: Find a better model.
2023-09-02 12:40:43.916: [iter 41 : loss : 0.1920 = 0.1179 + 0.0702 + 0.0036 + 0.0003, time: 13.647707]
2023-09-02 12:40:44.574: epoch 41:	0.03260987  	0.16946587  	0.11934752  
2023-09-02 12:40:44.574: Find a better model.
2023-09-02 12:40:58.187: [iter 42 : loss : 0.1898 = 0.1184 + 0.0674 + 0.0037 + 0.0003, time: 13.591791]
2023-09-02 12:40:58.822: epoch 42:	0.03279430  	0.17029236  	0.11990579  
2023-09-02 12:40:58.823: Find a better model.
2023-09-02 12:41:12.348: [iter 43 : loss : 0.1885 = 0.1192 + 0.0652 + 0.0038 + 0.0003, time: 13.505836]
2023-09-02 12:41:12.976: epoch 43:	0.03296527  	0.17118253  	0.12027506  
2023-09-02 12:41:12.976: Find a better model.
2023-09-02 12:41:26.548: [iter 44 : loss : 0.1816 = 0.1151 + 0.0624 + 0.0038 + 0.0003, time: 13.555120]
2023-09-02 12:41:27.190: epoch 44:	0.03302825  	0.17130560  	0.12062425  
2023-09-02 12:41:27.190: Find a better model.
2023-09-02 12:41:40.840: [iter 45 : loss : 0.1813 = 0.1174 + 0.0597 + 0.0039 + 0.0003, time: 13.633518]
2023-09-02 12:41:41.485: epoch 45:	0.03305525  	0.17168221  	0.12084772  
2023-09-02 12:41:41.485: Find a better model.
2023-09-02 12:41:55.040: [iter 46 : loss : 0.1766 = 0.1151 + 0.0573 + 0.0040 + 0.0003, time: 13.534114]
2023-09-02 12:41:55.689: epoch 46:	0.03322620  	0.17244998  	0.12131467  
2023-09-02 12:41:55.689: Find a better model.
2023-09-02 12:42:09.288: [iter 47 : loss : 0.1710 = 0.1120 + 0.0546 + 0.0041 + 0.0003, time: 13.581094]
2023-09-02 12:42:09.931: epoch 47:	0.03339266  	0.17357661  	0.12194899  
2023-09-02 12:42:09.931: Find a better model.
2023-09-02 12:42:23.573: [iter 48 : loss : 0.1715 = 0.1151 + 0.0520 + 0.0042 + 0.0002, time: 13.622173]
2023-09-02 12:42:24.210: epoch 48:	0.03348264  	0.17369956  	0.12235794  
2023-09-02 12:42:24.210: Find a better model.
2023-09-02 12:42:37.641: [iter 49 : loss : 0.1680 = 0.1138 + 0.0497 + 0.0043 + 0.0002, time: 13.410089]
2023-09-02 12:42:38.287: epoch 49:	0.03368509  	0.17520402  	0.12279382  
2023-09-02 12:42:38.287: Find a better model.
2023-09-02 12:42:51.946: [iter 50 : loss : 0.1621 = 0.1105 + 0.0471 + 0.0044 + 0.0002, time: 13.641707]
2023-09-02 12:42:52.553: epoch 50:	0.03385153  	0.17619491  	0.12352601  
2023-09-02 12:42:52.554: Find a better model.
2023-09-02 12:43:06.103: [iter 51 : loss : 0.1600 = 0.1110 + 0.0443 + 0.0044 + 0.0002, time: 13.531718]
2023-09-02 12:43:06.751: epoch 51:	0.03398201  	0.17708839  	0.12399875  
2023-09-02 12:43:06.751: Find a better model.
2023-09-02 12:43:20.404: [iter 52 : loss : 0.1597 = 0.1132 + 0.0417 + 0.0045 + 0.0002, time: 13.633516]
2023-09-02 12:43:21.037: epoch 52:	0.03400449  	0.17714798  	0.12422743  
2023-09-02 12:43:21.037: Find a better model.
2023-09-02 12:43:34.593: [iter 53 : loss : 0.1542 = 0.1101 + 0.0393 + 0.0046 + 0.0002, time: 13.537538]
2023-09-02 12:43:35.234: epoch 53:	0.03408097  	0.17756119  	0.12444279  
2023-09-02 12:43:35.234: Find a better model.
2023-09-02 12:43:48.752: [iter 54 : loss : 0.1520 = 0.1101 + 0.0370 + 0.0047 + 0.0002, time: 13.498489]
2023-09-02 12:43:49.402: epoch 54:	0.03420244  	0.17786494  	0.12503958  
2023-09-02 12:43:49.402: Find a better model.
2023-09-02 12:44:02.985: [iter 55 : loss : 0.1511 = 0.1119 + 0.0343 + 0.0048 + 0.0002, time: 13.562372]
2023-09-02 12:44:03.628: epoch 55:	0.03424294  	0.17816682  	0.12554343  
2023-09-02 12:44:03.628: Find a better model.
2023-09-02 12:44:17.171: [iter 56 : loss : 0.1456 = 0.1087 + 0.0318 + 0.0049 + 0.0001, time: 13.520220]
2023-09-02 12:44:17.820: epoch 56:	0.03435989  	0.17872308  	0.12582499  
2023-09-02 12:44:17.820: Find a better model.
2023-09-02 12:44:31.456: [iter 57 : loss : 0.1426 = 0.1076 + 0.0298 + 0.0050 + 0.0001, time: 13.613243]
2023-09-02 12:44:32.088: epoch 57:	0.03458031  	0.17993480  	0.12641333  
2023-09-02 12:44:32.088: Find a better model.
2023-09-02 12:44:45.666: [iter 58 : loss : 0.1405 = 0.1080 + 0.0273 + 0.0051 + 0.0001, time: 13.555571]
2023-09-02 12:44:46.299: epoch 58:	0.03470626  	0.18061271  	0.12676711  
2023-09-02 12:44:46.299: Find a better model.
2023-09-02 12:44:59.818: [iter 59 : loss : 0.1400 = 0.1098 + 0.0250 + 0.0052 + 0.0001, time: 13.498981]
2023-09-02 12:45:00.445: epoch 59:	0.03472874  	0.18043064  	0.12688279  
2023-09-02 12:45:13.980: [iter 60 : loss : 0.1339 = 0.1060 + 0.0226 + 0.0052 + 0.0001, time: 13.517632]
2023-09-02 12:45:14.634: epoch 60:	0.03492220  	0.18160194  	0.12747075  
2023-09-02 12:45:14.635: Find a better model.
2023-09-02 12:45:28.187: [iter 61 : loss : 0.1310 = 0.1053 + 0.0202 + 0.0053 + 0.0001, time: 13.532566]
2023-09-02 12:45:28.749: epoch 61:	0.03489970  	0.18165080  	0.12766095  
2023-09-02 12:45:28.749: Find a better model.
2023-09-02 12:45:42.274: [iter 62 : loss : 0.1284 = 0.1051 + 0.0179 + 0.0054 + 0.0001, time: 13.505080]
2023-09-02 12:45:42.848: epoch 62:	0.03504365  	0.18241470  	0.12797526  
2023-09-02 12:45:42.848: Find a better model.
2023-09-02 12:45:56.321: [iter 63 : loss : 0.1255 = 0.1042 + 0.0157 + 0.0055 + 0.0001, time: 13.451779]
2023-09-02 12:45:56.973: epoch 63:	0.03523707  	0.18318658  	0.12837473  
2023-09-02 12:45:56.973: Find a better model.
2023-09-02 12:46:10.476: [iter 64 : loss : 0.1229 = 0.1043 + 0.0129 + 0.0056 + 0.0000, time: 13.482031]
2023-09-02 12:46:11.086: epoch 64:	0.03525958  	0.18360199  	0.12872662  
2023-09-02 12:46:11.086: Find a better model.
2023-09-02 12:46:24.659: [iter 65 : loss : 0.1197 = 0.1029 + 0.0111 + 0.0057 + 0.0000, time: 13.555250]
2023-09-02 12:46:25.302: epoch 65:	0.03529558  	0.18371397  	0.12895514  
2023-09-02 12:46:25.303: Find a better model.
2023-09-02 12:46:38.735: [iter 66 : loss : 0.1184 = 0.1041 + 0.0085 + 0.0058 + 0.0000, time: 13.416028]
2023-09-02 12:46:39.375: epoch 66:	0.03543954  	0.18441996  	0.12937646  
2023-09-02 12:46:39.376: Find a better model.
2023-09-02 12:46:53.011: [iter 67 : loss : 0.1165 = 0.1046 + 0.0060 + 0.0059 + 0.0000, time: 13.616522]
2023-09-02 12:46:53.662: epoch 67:	0.03562399  	0.18532023  	0.12986568  
2023-09-02 12:46:53.662: Find a better model.
2023-09-02 12:47:07.319: [iter 68 : loss : 0.1129 = 0.1033 + 0.0036 + 0.0060 + -0.0000, time: 13.638130]
2023-09-02 12:47:07.966: epoch 68:	0.03574996  	0.18579569  	0.13011998  
2023-09-02 12:47:07.966: Find a better model.
2023-09-02 12:47:21.697: [iter 69 : loss : 0.1089 = 0.1011 + 0.0017 + 0.0061 + -0.0000, time: 13.712636]
2023-09-02 12:47:22.356: epoch 69:	0.03580844  	0.18621778  	0.13032553  
2023-09-02 12:47:22.356: Find a better model.
2023-09-02 12:47:36.026: [iter 70 : loss : 0.1086 = 0.1031 + -0.0007 + 0.0062 + -0.0000, time: 13.642806]
2023-09-02 12:47:36.653: epoch 70:	0.03596140  	0.18686402  	0.13071513  
2023-09-02 12:47:36.654: Find a better model.
2023-09-02 12:47:50.253: [iter 71 : loss : 0.1062 = 0.1029 + -0.0030 + 0.0063 + -0.0000, time: 13.579735]
2023-09-02 12:47:50.903: epoch 71:	0.03606937  	0.18724191  	0.13106373  
2023-09-02 12:47:50.903: Find a better model.
2023-09-02 12:48:04.467: [iter 72 : loss : 0.1034 = 0.1022 + -0.0051 + 0.0064 + -0.0000, time: 13.543862]
2023-09-02 12:48:05.101: epoch 72:	0.03612784  	0.18741946  	0.13133045  
2023-09-02 12:48:05.101: Find a better model.
2023-09-02 12:48:18.670: [iter 73 : loss : 0.0991 = 0.1003 + -0.0075 + 0.0065 + -0.0001, time: 13.550057]
2023-09-02 12:48:19.320: epoch 73:	0.03618181  	0.18787661  	0.13168196  
2023-09-02 12:48:19.321: Find a better model.
2023-09-02 12:48:32.873: [iter 74 : loss : 0.0987 = 0.1019 + -0.0097 + 0.0066 + -0.0001, time: 13.527972]
2023-09-02 12:48:33.509: epoch 74:	0.03624482  	0.18849462  	0.13208055  
2023-09-02 12:48:33.509: Find a better model.
2023-09-02 12:48:47.173: [iter 75 : loss : 0.0950 = 0.1004 + -0.0119 + 0.0067 + -0.0001, time: 13.645640]
2023-09-02 12:48:47.789: epoch 75:	0.03629427  	0.18884951  	0.13216472  
2023-09-02 12:48:47.789: Find a better model.
2023-09-02 12:49:01.376: [iter 76 : loss : 0.0928 = 0.1003 + -0.0142 + 0.0068 + -0.0001, time: 13.563890]
2023-09-02 12:49:02.023: epoch 76:	0.03636177  	0.18898819  	0.13238609  
2023-09-02 12:49:02.023: Find a better model.
2023-09-02 12:49:15.454: [iter 77 : loss : 0.0912 = 0.1008 + -0.0164 + 0.0068 + -0.0001, time: 13.414053]
2023-09-02 12:49:16.088: epoch 77:	0.03644726  	0.18922903  	0.13283044  
2023-09-02 12:49:16.088: Find a better model.
2023-09-02 12:49:29.593: [iter 78 : loss : 0.0874 = 0.0991 + -0.0185 + 0.0070 + -0.0001, time: 13.488854]
2023-09-02 12:49:30.256: epoch 78:	0.03658673  	0.18985164  	0.13318083  
2023-09-02 12:49:30.257: Find a better model.
2023-09-02 12:49:43.793: [iter 79 : loss : 0.0858 = 0.0999 + -0.0210 + 0.0071 + -0.0001, time: 13.515550]
2023-09-02 12:49:44.409: epoch 79:	0.03668570  	0.19011547  	0.13352497  
2023-09-02 12:49:44.409: Find a better model.
2023-09-02 12:49:57.986: [iter 80 : loss : 0.0829 = 0.0988 + -0.0229 + 0.0072 + -0.0001, time: 13.560190]
2023-09-02 12:49:58.628: epoch 80:	0.03678468  	0.19078183  	0.13380507  
2023-09-02 12:49:58.629: Find a better model.
2023-09-02 12:50:12.331: [iter 81 : loss : 0.0827 = 0.1007 + -0.0251 + 0.0072 + -0.0002, time: 13.684424]
2023-09-02 12:50:12.968: epoch 81:	0.03687013  	0.19139320  	0.13419285  
2023-09-02 12:50:12.968: Find a better model.
2023-09-02 12:50:26.512: [iter 82 : loss : 0.0771 = 0.0968 + -0.0270 + 0.0073 + -0.0002, time: 13.519289]
2023-09-02 12:50:27.166: epoch 82:	0.03705909  	0.19233422  	0.13453171  
2023-09-02 12:50:27.166: Find a better model.
2023-09-02 12:50:40.663: [iter 83 : loss : 0.0757 = 0.0980 + -0.0296 + 0.0075 + -0.0002, time: 13.477832]
2023-09-02 12:50:41.283: epoch 83:	0.03713107  	0.19290948  	0.13477233  
2023-09-02 12:50:41.283: Find a better model.
2023-09-02 12:50:54.731: [iter 84 : loss : 0.0748 = 0.0990 + -0.0315 + 0.0076 + -0.0002, time: 13.431569]
2023-09-02 12:50:55.340: epoch 84:	0.03714908  	0.19336377  	0.13484941  
2023-09-02 12:50:55.340: Find a better model.
2023-09-02 12:51:09.112: [iter 85 : loss : 0.0702 = 0.0968 + -0.0341 + 0.0076 + -0.0002, time: 13.757024]
2023-09-02 12:51:09.753: epoch 85:	0.03732453  	0.19406994  	0.13517193  
2023-09-02 12:51:09.753: Find a better model.
2023-09-02 12:51:23.364: [iter 86 : loss : 0.0698 = 0.0983 + -0.0360 + 0.0078 + -0.0002, time: 13.592252]
2023-09-02 12:51:23.985: epoch 86:	0.03733350  	0.19399495  	0.13540989  
2023-09-02 12:51:37.595: [iter 87 : loss : 0.0693 = 0.0998 + -0.0381 + 0.0078 + -0.0002, time: 13.591355]
2023-09-02 12:51:38.222: epoch 87:	0.03743247  	0.19426262  	0.13563678  
2023-09-02 12:51:38.222: Find a better model.
2023-09-02 12:51:51.713: [iter 88 : loss : 0.0655 = 0.0977 + -0.0399 + 0.0079 + -0.0002, time: 13.470244]
2023-09-02 12:51:52.330: epoch 88:	0.03748645  	0.19450651  	0.13578852  
2023-09-02 12:51:52.330: Find a better model.
2023-09-02 12:52:05.897: [iter 89 : loss : 0.0642 = 0.0986 + -0.0423 + 0.0081 + -0.0002, time: 13.544409]
2023-09-02 12:52:06.547: epoch 89:	0.03762140  	0.19544508  	0.13635929  
2023-09-02 12:52:06.547: Find a better model.
2023-09-02 12:52:20.232: [iter 90 : loss : 0.0600 = 0.0964 + -0.0443 + 0.0082 + -0.0002, time: 13.662346]
2023-09-02 12:52:20.888: epoch 90:	0.03767538  	0.19527578  	0.13633025  
2023-09-02 12:52:34.398: [iter 91 : loss : 0.0566 = 0.0951 + -0.0465 + 0.0083 + -0.0003, time: 13.487968]
2023-09-02 12:52:35.036: epoch 91:	0.03782386  	0.19595845  	0.13682200  
2023-09-02 12:52:35.036: Find a better model.
2023-09-02 12:52:48.661: [iter 92 : loss : 0.0566 = 0.0973 + -0.0487 + 0.0084 + -0.0003, time: 13.605812]
2023-09-02 12:52:49.299: epoch 92:	0.03780587  	0.19599819  	0.13670084  
2023-09-02 12:52:49.299: Find a better model.
2023-09-02 12:53:02.866: [iter 93 : loss : 0.0531 = 0.0956 + -0.0507 + 0.0085 + -0.0003, time: 13.547493]
2023-09-02 12:53:03.517: epoch 93:	0.03787786  	0.19640550  	0.13702449  
2023-09-02 12:53:03.518: Find a better model.
2023-09-02 12:53:17.017: [iter 94 : loss : 0.0528 = 0.0975 + -0.0530 + 0.0086 + -0.0003, time: 13.480654]
2023-09-02 12:53:17.680: epoch 94:	0.03791835  	0.19679305  	0.13723353  
2023-09-02 12:53:17.680: Find a better model.
2023-09-02 12:53:31.279: [iter 95 : loss : 0.0482 = 0.0948 + -0.0549 + 0.0087 + -0.0003, time: 13.579606]
2023-09-02 12:53:31.902: epoch 95:	0.03801284  	0.19743398  	0.13759056  
2023-09-02 12:53:31.903: Find a better model.
2023-09-02 12:53:45.519: [iter 96 : loss : 0.0445 = 0.0933 + -0.0573 + 0.0088 + -0.0003, time: 13.599802]
2023-09-02 12:53:46.157: epoch 96:	0.03800834  	0.19716428  	0.13759322  
2023-09-02 12:53:59.821: [iter 97 : loss : 0.0435 = 0.0940 + -0.0591 + 0.0089 + -0.0003, time: 13.642415]
2023-09-02 12:54:00.471: epoch 97:	0.03808033  	0.19748069  	0.13771418  
2023-09-02 12:54:00.471: Find a better model.
2023-09-02 12:54:13.955: [iter 98 : loss : 0.0448 = 0.0971 + -0.0610 + 0.0090 + -0.0003, time: 13.460990]
2023-09-02 12:54:14.610: epoch 98:	0.03811182  	0.19758378  	0.13797870  
2023-09-02 12:54:14.610: Find a better model.
2023-09-02 12:54:28.034: [iter 99 : loss : 0.0397 = 0.0943 + -0.0634 + 0.0091 + -0.0003, time: 13.400892]
2023-09-02 12:54:28.675: epoch 99:	0.03822429  	0.19816925  	0.13830706  
2023-09-02 12:54:28.675: Find a better model.
2023-09-02 12:54:42.221: [iter 100 : loss : 0.0383 = 0.0951 + -0.0656 + 0.0092 + -0.0004, time: 13.525284]
2023-09-02 12:54:42.871: epoch 100:	0.03827378  	0.19844928  	0.13858902  
2023-09-02 12:54:42.871: Find a better model.
2023-09-02 12:54:56.422: [iter 101 : loss : 0.0373 = 0.0957 + -0.0674 + 0.0093 + -0.0004, time: 13.529813]
2023-09-02 12:54:57.048: epoch 101:	0.03826479  	0.19857827  	0.13872163  
2023-09-02 12:54:57.048: Find a better model.
2023-09-02 12:55:10.708: [iter 102 : loss : 0.0343 = 0.0948 + -0.0695 + 0.0094 + -0.0004, time: 13.641913]
2023-09-02 12:55:11.344: epoch 102:	0.03843575  	0.19948387  	0.13912146  
2023-09-02 12:55:11.344: Find a better model.
2023-09-02 12:55:24.953: [iter 103 : loss : 0.0333 = 0.0959 + -0.0717 + 0.0095 + -0.0004, time: 13.585508]
2023-09-02 12:55:25.602: epoch 103:	0.03844475  	0.19945551  	0.13911283  
2023-09-02 12:55:39.066: [iter 104 : loss : 0.0301 = 0.0942 + -0.0733 + 0.0096 + -0.0004, time: 13.445373]
2023-09-02 12:55:39.715: epoch 104:	0.03850323  	0.19966623  	0.13941710  
2023-09-02 12:55:39.715: Find a better model.
2023-09-02 12:55:53.276: [iter 105 : loss : 0.0290 = 0.0953 + -0.0756 + 0.0097 + -0.0004, time: 13.541875]
2023-09-02 12:55:53.914: epoch 105:	0.03858870  	0.20022231  	0.13969044  
2023-09-02 12:55:53.914: Find a better model.
2023-09-02 12:56:07.511: [iter 106 : loss : 0.0229 = 0.0912 + -0.0777 + 0.0099 + -0.0004, time: 13.578336]
2023-09-02 12:56:08.164: epoch 106:	0.03862021  	0.20026724  	0.13990253  
2023-09-02 12:56:08.164: Find a better model.
2023-09-02 12:56:21.834: [iter 107 : loss : 0.0229 = 0.0932 + -0.0798 + 0.0100 + -0.0004, time: 13.647216]
2023-09-02 12:56:22.492: epoch 107:	0.03871018  	0.20074701  	0.14021935  
2023-09-02 12:56:22.492: Find a better model.
2023-09-02 12:56:36.122: [iter 108 : loss : 0.0234 = 0.0956 + -0.0818 + 0.0101 + -0.0004, time: 13.611426]
2023-09-02 12:56:36.775: epoch 108:	0.03872818  	0.20076841  	0.14040059  
2023-09-02 12:56:36.775: Find a better model.
2023-09-02 12:56:50.221: [iter 109 : loss : 0.0207 = 0.0946 + -0.0837 + 0.0102 + -0.0005, time: 13.422558]
2023-09-02 12:56:50.831: epoch 109:	0.03881815  	0.20116939  	0.14072806  
2023-09-02 12:56:50.832: Find a better model.
2023-09-02 12:57:04.449: [iter 110 : loss : 0.0174 = 0.0931 + -0.0855 + 0.0103 + -0.0005, time: 13.597308]
2023-09-02 12:57:05.086: epoch 110:	0.03884964  	0.20137043  	0.14077194  
2023-09-02 12:57:05.087: Find a better model.
2023-09-02 12:57:18.488: [iter 111 : loss : 0.0146 = 0.0921 + -0.0874 + 0.0104 + -0.0005, time: 13.382955]
2023-09-02 12:57:19.115: epoch 111:	0.03889014  	0.20142755  	0.14083448  
2023-09-02 12:57:19.116: Find a better model.
2023-09-02 12:57:32.716: [iter 112 : loss : 0.0121 = 0.0916 + -0.0895 + 0.0105 + -0.0005, time: 13.577142]
2023-09-02 12:57:33.367: epoch 112:	0.03897111  	0.20210949  	0.14125524  
2023-09-02 12:57:33.367: Find a better model.
2023-09-02 12:57:46.869: [iter 113 : loss : 0.0111 = 0.0928 + -0.0918 + 0.0106 + -0.0005, time: 13.481656]
2023-09-02 12:57:47.508: epoch 113:	0.03908359  	0.20258254  	0.14145480  
2023-09-02 12:57:47.509: Find a better model.
2023-09-02 12:58:01.100: [iter 114 : loss : 0.0123 = 0.0957 + -0.0936 + 0.0107 + -0.0005, time: 13.574172]
2023-09-02 12:58:01.736: epoch 114:	0.03911957  	0.20279062  	0.14157143  
2023-09-02 12:58:01.736: Find a better model.
2023-09-02 12:58:15.418: [iter 115 : loss : 0.0070 = 0.0923 + -0.0957 + 0.0108 + -0.0005, time: 13.663543]
2023-09-02 12:58:16.050: epoch 115:	0.03914206  	0.20283090  	0.14158814  
2023-09-02 12:58:16.050: Find a better model.
2023-09-02 12:58:29.461: [iter 116 : loss : 0.0059 = 0.0931 + -0.0976 + 0.0109 + -0.0005, time: 13.390542]
2023-09-02 12:58:30.082: epoch 116:	0.03917355  	0.20301887  	0.14175713  
2023-09-02 12:58:30.082: Find a better model.
2023-09-02 12:58:43.657: [iter 117 : loss : 0.0079 = 0.0965 + -0.0992 + 0.0111 + -0.0005, time: 13.557020]
2023-09-02 12:58:44.295: epoch 117:	0.03915106  	0.20276210  	0.14190082  
2023-09-02 12:58:57.870: [iter 118 : loss : 0.0027 = 0.0931 + -0.1010 + 0.0112 + -0.0005, time: 13.556772]
2023-09-02 12:58:58.511: epoch 118:	0.03915556  	0.20276952  	0.14197423  
2023-09-02 12:59:12.037: [iter 119 : loss : -0.0003 = 0.0923 + -0.1033 + 0.0113 + -0.0006, time: 13.506446]
2023-09-02 12:59:12.701: epoch 119:	0.03923653  	0.20348071  	0.14223628  
2023-09-02 12:59:12.701: Find a better model.
2023-09-02 12:59:26.294: [iter 120 : loss : -0.0028 = 0.0913 + -0.1050 + 0.0114 + -0.0006, time: 13.572092]
2023-09-02 12:59:26.878: epoch 120:	0.03930401  	0.20386229  	0.14244743  
2023-09-02 12:59:26.878: Find a better model.
2023-09-02 12:59:40.564: [iter 121 : loss : -0.0009 = 0.0950 + -0.1069 + 0.0115 + -0.0006, time: 13.670056]
2023-09-02 12:59:41.203: epoch 121:	0.03932201  	0.20395474  	0.14274916  
2023-09-02 12:59:41.203: Find a better model.
2023-09-02 12:59:54.840: [iter 122 : loss : -0.0041 = 0.0936 + -0.1087 + 0.0116 + -0.0006, time: 13.613630]
2023-09-02 12:59:55.488: epoch 122:	0.03933100  	0.20394732  	0.14265154  
2023-09-02 13:00:09.062: [iter 123 : loss : -0.0078 = 0.0917 + -0.1107 + 0.0117 + -0.0006, time: 13.556942]
2023-09-02 13:00:09.703: epoch 123:	0.03940749  	0.20445640  	0.14293331  
2023-09-02 13:00:09.703: Find a better model.
2023-09-02 13:00:23.246: [iter 124 : loss : -0.0093 = 0.0922 + -0.1127 + 0.0118 + -0.0006, time: 13.524187]
2023-09-02 13:00:23.901: epoch 124:	0.03952896  	0.20484972  	0.14322795  
2023-09-02 13:00:23.901: Find a better model.
2023-09-02 13:00:37.490: [iter 125 : loss : -0.0104 = 0.0930 + -0.1148 + 0.0120 + -0.0006, time: 13.572446]
2023-09-02 13:00:38.134: epoch 125:	0.03952896  	0.20510978  	0.14341359  
2023-09-02 13:00:38.135: Find a better model.
2023-09-02 13:00:51.614: [iter 126 : loss : -0.0122 = 0.0927 + -0.1163 + 0.0121 + -0.0006, time: 13.461064]
2023-09-02 13:00:52.221: epoch 126:	0.03956045  	0.20540906  	0.14349453  
2023-09-02 13:00:52.221: Find a better model.
2023-09-02 13:01:05.862: [iter 127 : loss : -0.0146 = 0.0920 + -0.1181 + 0.0122 + -0.0006, time: 13.626682]
2023-09-02 13:01:06.499: epoch 127:	0.03961444  	0.20540100  	0.14366807  
2023-09-02 13:01:20.082: [iter 128 : loss : -0.0171 = 0.0915 + -0.1202 + 0.0123 + -0.0006, time: 13.562831]
2023-09-02 13:01:20.726: epoch 128:	0.03967742  	0.20599248  	0.14389025  
2023-09-02 13:01:20.726: Find a better model.
2023-09-02 13:01:34.292: [iter 129 : loss : -0.0176 = 0.0931 + -0.1225 + 0.0124 + -0.0006, time: 13.549092]
2023-09-02 13:01:34.934: epoch 129:	0.03971792  	0.20630533  	0.14415859  
2023-09-02 13:01:34.934: Find a better model.
2023-09-02 13:01:48.541: [iter 130 : loss : -0.0176 = 0.0947 + -0.1242 + 0.0125 + -0.0007, time: 13.586836]
2023-09-02 13:01:49.157: epoch 130:	0.03980340  	0.20695375  	0.14452772  
2023-09-02 13:01:49.157: Find a better model.
2023-09-02 13:02:02.767: [iter 131 : loss : -0.0177 = 0.0960 + -0.1257 + 0.0126 + -0.0007, time: 13.590088]
2023-09-02 13:02:03.403: epoch 131:	0.03978992  	0.20674509  	0.14456171  
2023-09-02 13:02:17.018: [iter 132 : loss : -0.0249 = 0.0907 + -0.1277 + 0.0127 + -0.0007, time: 13.597524]
2023-09-02 13:02:17.650: epoch 132:	0.03980341  	0.20703638  	0.14464152  
2023-09-02 13:02:17.650: Find a better model.
2023-09-02 13:02:31.198: [iter 133 : loss : -0.0245 = 0.0927 + -0.1294 + 0.0129 + -0.0007, time: 13.529285]
2023-09-02 13:02:31.829: epoch 133:	0.03983039  	0.20702320  	0.14473253  
2023-09-02 13:02:45.263: [iter 134 : loss : -0.0219 = 0.0969 + -0.1310 + 0.0130 + -0.0007, time: 13.419637]
2023-09-02 13:02:45.903: epoch 134:	0.03996088  	0.20771793  	0.14510588  
2023-09-02 13:02:45.904: Find a better model.
2023-09-02 13:02:59.471: [iter 135 : loss : -0.0273 = 0.0930 + -0.1327 + 0.0131 + -0.0007, time: 13.552185]
2023-09-02 13:03:00.082: epoch 135:	0.03995638  	0.20749462  	0.14518875  
2023-09-02 13:03:13.648: [iter 136 : loss : -0.0297 = 0.0926 + -0.1347 + 0.0132 + -0.0007, time: 13.546943]
2023-09-02 13:03:14.291: epoch 136:	0.04005986  	0.20814617  	0.14546618  
2023-09-02 13:03:14.291: Find a better model.
2023-09-02 13:03:27.811: [iter 137 : loss : -0.0299 = 0.0937 + -0.1362 + 0.0133 + -0.0007, time: 13.501203]
2023-09-02 13:03:28.406: epoch 137:	0.03998338  	0.20772633  	0.14548565  
2023-09-02 13:03:41.958: [iter 138 : loss : -0.0326 = 0.0929 + -0.1382 + 0.0134 + -0.0007, time: 13.534747]
2023-09-02 13:03:42.554: epoch 138:	0.04001487  	0.20798944  	0.14565106  
2023-09-02 13:03:56.100: [iter 139 : loss : -0.0334 = 0.0936 + -0.1398 + 0.0135 + -0.0007, time: 13.522421]
2023-09-02 13:03:56.730: epoch 139:	0.04007336  	0.20820925  	0.14571145  
2023-09-02 13:03:56.731: Find a better model.
2023-09-02 13:04:10.250: [iter 140 : loss : -0.0355 = 0.0930 + -0.1415 + 0.0136 + -0.0007, time: 13.496548]
2023-09-02 13:04:10.853: epoch 140:	0.04019932  	0.20871828  	0.14589657  
2023-09-02 13:04:10.853: Find a better model.
2023-09-02 13:04:24.351: [iter 141 : loss : -0.0401 = 0.0902 + -0.1433 + 0.0138 + -0.0008, time: 13.476464]
2023-09-02 13:04:24.986: epoch 141:	0.04026682  	0.20916441  	0.14621730  
2023-09-02 13:04:24.987: Find a better model.
2023-09-02 13:04:38.542: [iter 142 : loss : -0.0416 = 0.0905 + -0.1452 + 0.0139 + -0.0008, time: 13.533840]
2023-09-02 13:04:39.162: epoch 142:	0.04024430  	0.20928378  	0.14633779  
2023-09-02 13:04:39.163: Find a better model.
2023-09-02 13:04:52.721: [iter 143 : loss : -0.0429 = 0.0910 + -0.1471 + 0.0140 + -0.0008, time: 13.540344]
2023-09-02 13:04:53.371: epoch 143:	0.04033430  	0.20940027  	0.14649960  
2023-09-02 13:04:53.372: Find a better model.
2023-09-02 13:05:06.785: [iter 144 : loss : -0.0450 = 0.0905 + -0.1488 + 0.0141 + -0.0008, time: 13.393928]
2023-09-02 13:05:07.411: epoch 144:	0.04039279  	0.20987996  	0.14678897  
2023-09-02 13:05:07.411: Find a better model.
2023-09-02 13:05:20.853: [iter 145 : loss : -0.0443 = 0.0927 + -0.1504 + 0.0142 + -0.0008, time: 13.420542]
2023-09-02 13:05:21.473: epoch 145:	0.04036129  	0.20934130  	0.14676952  
2023-09-02 13:05:35.147: [iter 146 : loss : -0.0473 = 0.0915 + -0.1523 + 0.0144 + -0.0008, time: 13.653658]
2023-09-02 13:05:35.731: epoch 146:	0.04038378  	0.20947275  	0.14689998  
2023-09-02 13:05:49.287: [iter 147 : loss : -0.0472 = 0.0930 + -0.1538 + 0.0145 + -0.0008, time: 13.540482]
2023-09-02 13:05:49.918: epoch 147:	0.04040179  	0.20954189  	0.14703257  
2023-09-02 13:06:03.383: [iter 148 : loss : -0.0488 = 0.0929 + -0.1555 + 0.0146 + -0.0008, time: 13.446119]
2023-09-02 13:06:04.006: epoch 148:	0.04049628  	0.21007821  	0.14732829  
2023-09-02 13:06:04.006: Find a better model.
2023-09-02 13:06:17.509: [iter 149 : loss : -0.0522 = 0.0915 + -0.1576 + 0.0147 + -0.0008, time: 13.481289]
2023-09-02 13:06:18.140: epoch 149:	0.04053678  	0.21025310  	0.14740182  
2023-09-02 13:06:18.141: Find a better model.
2023-09-02 13:06:31.624: [iter 150 : loss : -0.0539 = 0.0915 + -0.1594 + 0.0148 + -0.0008, time: 13.459990]
2023-09-02 13:06:32.236: epoch 150:	0.04046478  	0.20974712  	0.14724663  
2023-09-02 13:06:45.723: [iter 151 : loss : -0.0554 = 0.0913 + -0.1608 + 0.0149 + -0.0008, time: 13.468656]
2023-09-02 13:06:46.341: epoch 151:	0.04052778  	0.21010041  	0.14733481  
2023-09-02 13:06:59.816: [iter 152 : loss : -0.0574 = 0.0908 + -0.1623 + 0.0151 + -0.0009, time: 13.452930]
2023-09-02 13:07:00.439: epoch 152:	0.04050528  	0.21023531  	0.14748111  
2023-09-02 13:07:13.845: [iter 153 : loss : -0.0614 = 0.0884 + -0.1642 + 0.0152 + -0.0009, time: 13.386405]
2023-09-02 13:07:14.487: epoch 153:	0.04054575  	0.21007812  	0.14763089  
2023-09-02 13:07:27.919: [iter 154 : loss : -0.0603 = 0.0910 + -0.1658 + 0.0153 + -0.0009, time: 13.413306]
2023-09-02 13:07:28.551: epoch 154:	0.04066722  	0.21091166  	0.14797308  
2023-09-02 13:07:28.552: Find a better model.
2023-09-02 13:07:42.041: [iter 155 : loss : -0.0622 = 0.0907 + -0.1675 + 0.0154 + -0.0009, time: 13.473695]
2023-09-02 13:07:42.675: epoch 155:	0.04073472  	0.21132809  	0.14822921  
2023-09-02 13:07:42.675: Find a better model.
2023-09-02 13:07:56.040: [iter 156 : loss : -0.0625 = 0.0921 + -0.1692 + 0.0155 + -0.0009, time: 13.346434]
2023-09-02 13:07:56.672: epoch 156:	0.04076171  	0.21123599  	0.14839941  
2023-09-02 13:08:10.196: [iter 157 : loss : -0.0624 = 0.0938 + -0.1709 + 0.0156 + -0.0009, time: 13.505145]
2023-09-02 13:08:10.837: epoch 157:	0.04081573  	0.21135941  	0.14842248  
2023-09-02 13:08:10.837: Find a better model.
2023-09-02 13:08:24.230: [iter 158 : loss : -0.0676 = 0.0904 + -0.1729 + 0.0158 + -0.0009, time: 13.375398]
2023-09-02 13:08:24.809: epoch 158:	0.04077524  	0.21123755  	0.14847399  
2023-09-02 13:08:38.302: [iter 159 : loss : -0.0680 = 0.0913 + -0.1743 + 0.0159 + -0.0009, time: 13.473166]
2023-09-02 13:08:38.904: epoch 159:	0.04079775  	0.21119910  	0.14847262  
2023-09-02 13:08:52.566: [iter 160 : loss : -0.0688 = 0.0918 + -0.1757 + 0.0160 + -0.0009, time: 13.640606]
2023-09-02 13:08:53.227: epoch 160:	0.04085175  	0.21173263  	0.14867580  
2023-09-02 13:08:53.227: Find a better model.
2023-09-02 13:09:06.710: [iter 161 : loss : -0.0719 = 0.0905 + -0.1776 + 0.0161 + -0.0009, time: 13.461864]
2023-09-02 13:09:07.323: epoch 161:	0.04088771  	0.21190841  	0.14877757  
2023-09-02 13:09:07.323: Find a better model.
2023-09-02 13:09:20.835: [iter 162 : loss : -0.0696 = 0.0941 + -0.1790 + 0.0162 + -0.0009, time: 13.493023]
2023-09-02 13:09:21.474: epoch 162:	0.04101370  	0.21244402  	0.14897646  
2023-09-02 13:09:21.474: Find a better model.
2023-09-02 13:09:34.940: [iter 163 : loss : -0.0747 = 0.0908 + -0.1809 + 0.0164 + -0.0010, time: 13.443642]
2023-09-02 13:09:35.570: epoch 163:	0.04096418  	0.21216029  	0.14905225  
2023-09-02 13:09:49.001: [iter 164 : loss : -0.0748 = 0.0921 + -0.1824 + 0.0165 + -0.0010, time: 13.412834]
2023-09-02 13:09:49.636: epoch 164:	0.04101368  	0.21230412  	0.14904974  
2023-09-02 13:10:03.149: [iter 165 : loss : -0.0773 = 0.0911 + -0.1840 + 0.0166 + -0.0010, time: 13.491400]
2023-09-02 13:10:03.782: epoch 165:	0.04113066  	0.21297523  	0.14927860  
2023-09-02 13:10:03.782: Find a better model.
2023-09-02 13:10:17.197: [iter 166 : loss : -0.0801 = 0.0894 + -0.1853 + 0.0167 + -0.0010, time: 13.394289]
2023-09-02 13:10:17.839: epoch 166:	0.04122064  	0.21337871  	0.14946795  
2023-09-02 13:10:17.839: Find a better model.
2023-09-02 13:10:31.414: [iter 167 : loss : -0.0760 = 0.0955 + -0.1873 + 0.0168 + -0.0010, time: 13.558697]
2023-09-02 13:10:32.003: epoch 167:	0.04127462  	0.21368976  	0.14969489  
2023-09-02 13:10:32.004: Find a better model.
2023-09-02 13:10:45.534: [iter 168 : loss : -0.0790 = 0.0938 + -0.1888 + 0.0169 + -0.0010, time: 13.513537]
2023-09-02 13:10:46.164: epoch 168:	0.04128813  	0.21381405  	0.14974158  
2023-09-02 13:10:46.164: Find a better model.
2023-09-02 13:10:59.614: [iter 169 : loss : -0.0822 = 0.0918 + -0.1901 + 0.0171 + -0.0010, time: 13.429080]
2023-09-02 13:11:00.217: epoch 169:	0.04125663  	0.21382454  	0.14977643  
2023-09-02 13:11:00.217: Find a better model.
2023-09-02 13:11:13.644: [iter 170 : loss : -0.0838 = 0.0918 + -0.1918 + 0.0172 + -0.0010, time: 13.402546]
2023-09-02 13:11:14.272: epoch 170:	0.04126112  	0.21392490  	0.14983504  
2023-09-02 13:11:14.272: Find a better model.
2023-09-02 13:11:27.699: [iter 171 : loss : -0.0874 = 0.0897 + -0.1933 + 0.0173 + -0.0010, time: 13.408421]
2023-09-02 13:11:28.349: epoch 171:	0.04137360  	0.21471785  	0.15008578  
2023-09-02 13:11:28.349: Find a better model.
2023-09-02 13:11:41.907: [iter 172 : loss : -0.0846 = 0.0940 + -0.1950 + 0.0174 + -0.0010, time: 13.539657]
2023-09-02 13:11:42.539: epoch 172:	0.04134211  	0.21442269  	0.15022390  
2023-09-02 13:11:56.035: [iter 173 : loss : -0.0868 = 0.0932 + -0.1965 + 0.0175 + -0.0010, time: 13.474033]
2023-09-02 13:11:56.665: epoch 173:	0.04141858  	0.21497618  	0.15046340  
2023-09-02 13:11:56.666: Find a better model.
2023-09-02 13:12:10.117: [iter 174 : loss : -0.0899 = 0.0914 + -0.1979 + 0.0176 + -0.0010, time: 13.431621]
2023-09-02 13:12:10.751: epoch 174:	0.04140059  	0.21493255  	0.15046829  
2023-09-02 13:12:24.270: [iter 175 : loss : -0.0907 = 0.0921 + -0.1995 + 0.0178 + -0.0010, time: 13.499974]
2023-09-02 13:12:24.879: epoch 175:	0.04145457  	0.21508673  	0.15066145  
2023-09-02 13:12:24.879: Find a better model.
2023-09-02 13:12:38.442: [iter 176 : loss : -0.0933 = 0.0906 + -0.2008 + 0.0179 + -0.0011, time: 13.541414]
2023-09-02 13:12:39.082: epoch 176:	0.04148157  	0.21536164  	0.15084589  
2023-09-02 13:12:39.082: Find a better model.
2023-09-02 13:12:52.607: [iter 177 : loss : -0.0933 = 0.0925 + -0.2027 + 0.0180 + -0.0011, time: 13.506411]
2023-09-02 13:12:53.227: epoch 177:	0.04152657  	0.21551892  	0.15093404  
2023-09-02 13:12:53.227: Find a better model.
2023-09-02 13:13:06.791: [iter 178 : loss : -0.0958 = 0.0912 + -0.2040 + 0.0181 + -0.0011, time: 13.543983]
2023-09-02 13:13:07.449: epoch 178:	0.04158503  	0.21560670  	0.15102950  
2023-09-02 13:13:07.449: Find a better model.
2023-09-02 13:13:21.033: [iter 179 : loss : -0.0980 = 0.0903 + -0.2055 + 0.0182 + -0.0011, time: 13.560004]
2023-09-02 13:13:21.649: epoch 179:	0.04158051  	0.21559571  	0.15118614  
2023-09-02 13:13:35.149: [iter 180 : loss : -0.0968 = 0.0932 + -0.2073 + 0.0184 + -0.0011, time: 13.481294]
2023-09-02 13:13:35.777: epoch 180:	0.04159852  	0.21554045  	0.15114184  
2023-09-02 13:13:49.212: [iter 181 : loss : -0.1000 = 0.0912 + -0.2085 + 0.0185 + -0.0011, time: 13.415891]
2023-09-02 13:13:49.839: epoch 181:	0.04164803  	0.21580507  	0.15137359  
2023-09-02 13:13:49.839: Find a better model.
2023-09-02 13:14:03.396: [iter 182 : loss : -0.1009 = 0.0915 + -0.2099 + 0.0186 + -0.0011, time: 13.534938]
2023-09-02 13:14:03.997: epoch 182:	0.04167949  	0.21595064  	0.15136032  
2023-09-02 13:14:03.998: Find a better model.
2023-09-02 13:14:17.414: [iter 183 : loss : -0.1045 = 0.0895 + -0.2116 + 0.0187 + -0.0011, time: 13.397449]
2023-09-02 13:14:18.048: epoch 183:	0.04171999  	0.21615207  	0.15156914  
2023-09-02 13:14:18.048: Find a better model.
2023-09-02 13:14:31.597: [iter 184 : loss : -0.1054 = 0.0903 + -0.2134 + 0.0188 + -0.0011, time: 13.529375]
2023-09-02 13:14:32.244: epoch 184:	0.04173348  	0.21619225  	0.15164147  
2023-09-02 13:14:32.244: Find a better model.
2023-09-02 13:14:45.728: [iter 185 : loss : -0.1031 = 0.0935 + -0.2144 + 0.0189 + -0.0011, time: 13.465070]
2023-09-02 13:14:46.363: epoch 185:	0.04175598  	0.21619599  	0.15168986  
2023-09-02 13:14:46.363: Find a better model.
2023-09-02 13:14:59.722: [iter 186 : loss : -0.1042 = 0.0942 + -0.2164 + 0.0191 + -0.0011, time: 13.336957]
2023-09-02 13:15:00.353: epoch 186:	0.04175598  	0.21621634  	0.15171996  
2023-09-02 13:15:00.354: Find a better model.
2023-09-02 13:15:13.979: [iter 187 : loss : -0.1099 = 0.0898 + -0.2178 + 0.0192 + -0.0011, time: 13.605297]
2023-09-02 13:15:14.602: epoch 187:	0.04178747  	0.21661618  	0.15190828  
2023-09-02 13:15:14.602: Find a better model.
2023-09-02 13:15:28.017: [iter 188 : loss : -0.1099 = 0.0911 + -0.2192 + 0.0193 + -0.0011, time: 13.393471]
2023-09-02 13:15:28.651: epoch 188:	0.04183246  	0.21664846  	0.15205353  
2023-09-02 13:15:28.651: Find a better model.
2023-09-02 13:15:42.112: [iter 189 : loss : -0.1076 = 0.0942 + -0.2201 + 0.0194 + -0.0012, time: 13.439587]
2023-09-02 13:15:42.756: epoch 189:	0.04185047  	0.21675365  	0.15219960  
2023-09-02 13:15:42.756: Find a better model.
2023-09-02 13:15:56.180: [iter 190 : loss : -0.1123 = 0.0916 + -0.2223 + 0.0196 + -0.0012, time: 13.402838]
2023-09-02 13:15:56.751: epoch 190:	0.04191346  	0.21702337  	0.15219845  
2023-09-02 13:15:56.752: Find a better model.
2023-09-02 13:16:10.253: [iter 191 : loss : -0.1114 = 0.0932 + -0.2231 + 0.0197 + -0.0012, time: 13.482916]
2023-09-02 13:16:10.886: epoch 191:	0.04189547  	0.21695946  	0.15227598  
2023-09-02 13:16:24.371: [iter 192 : loss : -0.1161 = 0.0901 + -0.2248 + 0.0198 + -0.0012, time: 13.462896]
2023-09-02 13:16:24.990: epoch 192:	0.04190897  	0.21707994  	0.15221612  
2023-09-02 13:16:24.990: Find a better model.
2023-09-02 13:16:38.531: [iter 193 : loss : -0.1169 = 0.0906 + -0.2262 + 0.0199 + -0.0012, time: 13.519890]
2023-09-02 13:16:39.177: epoch 193:	0.04195846  	0.21735652  	0.15244511  
2023-09-02 13:16:39.177: Find a better model.
2023-09-02 13:16:52.642: [iter 194 : loss : -0.1152 = 0.0934 + -0.2274 + 0.0200 + -0.0012, time: 13.442648]
2023-09-02 13:16:53.282: epoch 194:	0.04192245  	0.21718383  	0.15232043  
2023-09-02 13:17:06.793: [iter 195 : loss : -0.1165 = 0.0932 + -0.2287 + 0.0201 + -0.0012, time: 13.493174]
2023-09-02 13:17:07.437: epoch 195:	0.04199893  	0.21767667  	0.15254900  
2023-09-02 13:17:07.437: Find a better model.
2023-09-02 13:17:20.906: [iter 196 : loss : -0.1210 = 0.0902 + -0.2303 + 0.0203 + -0.0012, time: 13.449433]
2023-09-02 13:17:21.553: epoch 196:	0.04207541  	0.21800201  	0.15277855  
2023-09-02 13:17:21.553: Find a better model.
2023-09-02 13:17:35.275: [iter 197 : loss : -0.1204 = 0.0921 + -0.2317 + 0.0204 + -0.0012, time: 13.695693]
2023-09-02 13:17:35.915: epoch 197:	0.04208441  	0.21801564  	0.15293933  
2023-09-02 13:17:35.916: Find a better model.
2023-09-02 13:17:49.311: [iter 198 : loss : -0.1206 = 0.0931 + -0.2330 + 0.0205 + -0.0012, time: 13.379205]
2023-09-02 13:17:49.940: epoch 198:	0.04209342  	0.21809612  	0.15312137  
2023-09-02 13:17:49.940: Find a better model.
2023-09-02 13:18:03.374: [iter 199 : loss : -0.1202 = 0.0948 + -0.2344 + 0.0206 + -0.0012, time: 13.416356]
2023-09-02 13:18:04.025: epoch 199:	0.04210240  	0.21818924  	0.15328179  
2023-09-02 13:18:04.025: Find a better model.
2023-09-02 13:18:17.567: [iter 200 : loss : -0.1265 = 0.0903 + -0.2363 + 0.0208 + -0.0012, time: 13.524384]
2023-09-02 13:18:18.219: epoch 200:	0.04212042  	0.21832556  	0.15324827  
2023-09-02 13:18:18.219: Find a better model.
2023-09-02 13:18:31.660: [iter 201 : loss : -0.1242 = 0.0934 + -0.2372 + 0.0208 + -0.0012, time: 13.417785]
2023-09-02 13:18:32.295: epoch 201:	0.04214290  	0.21853481  	0.15316032  
2023-09-02 13:18:32.296: Find a better model.
2023-09-02 13:18:45.830: [iter 202 : loss : -0.1259 = 0.0929 + -0.2385 + 0.0210 + -0.0012, time: 13.513905]
2023-09-02 13:18:46.463: epoch 202:	0.04214740  	0.21832050  	0.15316553  
2023-09-02 13:18:59.941: [iter 203 : loss : -0.1283 = 0.0918 + -0.2399 + 0.0211 + -0.0013, time: 13.458366]
2023-09-02 13:19:00.593: epoch 203:	0.04215191  	0.21828775  	0.15334162  
2023-09-02 13:19:14.025: [iter 204 : loss : -0.1298 = 0.0913 + -0.2411 + 0.0212 + -0.0013, time: 13.409336]
2023-09-02 13:19:14.639: epoch 204:	0.04225088  	0.21870817  	0.15347368  
2023-09-02 13:19:14.639: Find a better model.
2023-09-02 13:19:28.247: [iter 205 : loss : -0.1321 = 0.0906 + -0.2427 + 0.0213 + -0.0013, time: 13.589913]
2023-09-02 13:19:28.878: epoch 205:	0.04220589  	0.21864167  	0.15348376  
2023-09-02 13:19:42.415: [iter 206 : loss : -0.1317 = 0.0922 + -0.2441 + 0.0214 + -0.0013, time: 13.522335]
2023-09-02 13:19:42.999: epoch 206:	0.04218340  	0.21878968  	0.15364504  
2023-09-02 13:19:42.999: Find a better model.
2023-09-02 13:19:56.595: [iter 207 : loss : -0.1331 = 0.0919 + -0.2453 + 0.0216 + -0.0013, time: 13.581106]
2023-09-02 13:19:57.244: epoch 207:	0.04228686  	0.21931900  	0.15385620  
2023-09-02 13:19:57.244: Find a better model.
2023-09-02 13:20:10.690: [iter 208 : loss : -0.1361 = 0.0901 + -0.2466 + 0.0217 + -0.0013, time: 13.420913]
2023-09-02 13:20:11.331: epoch 208:	0.04220586  	0.21901655  	0.15374184  
2023-09-02 13:20:24.841: [iter 209 : loss : -0.1350 = 0.0928 + -0.2483 + 0.0218 + -0.0013, time: 13.484695]
2023-09-02 13:20:25.500: epoch 209:	0.04228686  	0.21915939  	0.15389273  
2023-09-02 13:20:39.127: [iter 210 : loss : -0.1371 = 0.0918 + -0.2495 + 0.0219 + -0.0013, time: 13.610494]
2023-09-02 13:20:39.762: epoch 210:	0.04226435  	0.21910816  	0.15392372  
2023-09-02 13:20:53.334: [iter 211 : loss : -0.1371 = 0.0927 + -0.2505 + 0.0220 + -0.0013, time: 13.552349]
2023-09-02 13:20:53.976: epoch 211:	0.04227336  	0.21895471  	0.15393591  
2023-09-02 13:21:07.564: [iter 212 : loss : -0.1375 = 0.0935 + -0.2518 + 0.0222 + -0.0013, time: 13.566607]
2023-09-02 13:21:08.207: epoch 212:	0.04226887  	0.21909261  	0.15408431  
2023-09-02 13:21:21.770: [iter 213 : loss : -0.1429 = 0.0896 + -0.2534 + 0.0223 + -0.0013, time: 13.538078]
2023-09-02 13:21:22.395: epoch 213:	0.04233187  	0.21932083  	0.15425824  
2023-09-02 13:21:22.395: Find a better model.
2023-09-02 13:21:35.953: [iter 214 : loss : -0.1395 = 0.0938 + -0.2544 + 0.0224 + -0.0013, time: 13.540978]
2023-09-02 13:21:36.593: epoch 214:	0.04235437  	0.21951360  	0.15427890  
2023-09-02 13:21:36.594: Find a better model.
2023-09-02 13:21:50.234: [iter 215 : loss : -0.1398 = 0.0949 + -0.2559 + 0.0225 + -0.0013, time: 13.622580]
2023-09-02 13:21:50.848: epoch 215:	0.04234537  	0.21964927  	0.15427107  
2023-09-02 13:21:50.848: Find a better model.
2023-09-02 13:22:04.194: [iter 216 : loss : -0.1439 = 0.0921 + -0.2573 + 0.0226 + -0.0013, time: 13.324639]
2023-09-02 13:22:04.759: epoch 216:	0.04236789  	0.21968849  	0.15441298  
2023-09-02 13:22:04.759: Find a better model.
2023-09-02 13:22:18.302: [iter 217 : loss : -0.1449 = 0.0920 + -0.2583 + 0.0227 + -0.0013, time: 13.528019]
2023-09-02 13:22:18.952: epoch 217:	0.04245337  	0.22032572  	0.15459837  
2023-09-02 13:22:18.952: Find a better model.
2023-09-02 13:22:32.419: [iter 218 : loss : -0.1472 = 0.0908 + -0.2595 + 0.0229 + -0.0014, time: 13.444518]
2023-09-02 13:22:32.992: epoch 218:	0.04244436  	0.22027513  	0.15461494  
2023-09-02 13:22:46.391: [iter 219 : loss : -0.1458 = 0.0937 + -0.2612 + 0.0230 + -0.0014, time: 13.382596]
2023-09-02 13:22:47.013: epoch 219:	0.04248034  	0.22050169  	0.15475760  
2023-09-02 13:22:47.013: Find a better model.
2023-09-02 13:23:00.629: [iter 220 : loss : -0.1504 = 0.0901 + -0.2622 + 0.0231 + -0.0014, time: 13.598373]
2023-09-02 13:23:01.279: epoch 220:	0.04244435  	0.22016983  	0.15455958  
2023-09-02 13:23:14.790: [iter 221 : loss : -0.1465 = 0.0951 + -0.2634 + 0.0232 + -0.0014, time: 13.486019]
2023-09-02 13:23:15.427: epoch 221:	0.04241287  	0.22002739  	0.15472224  
2023-09-02 13:23:29.105: [iter 222 : loss : -0.1511 = 0.0914 + -0.2645 + 0.0233 + -0.0014, time: 13.658755]
2023-09-02 13:23:29.751: epoch 222:	0.04243536  	0.22008720  	0.15494034  
2023-09-02 13:23:43.293: [iter 223 : loss : -0.1503 = 0.0936 + -0.2660 + 0.0234 + -0.0014, time: 13.521195]
2023-09-02 13:23:43.927: epoch 223:	0.04251184  	0.22043383  	0.15516391  
2023-09-02 13:23:57.522: [iter 224 : loss : -0.1504 = 0.0944 + -0.2669 + 0.0236 + -0.0014, time: 13.574217]
2023-09-02 13:23:58.163: epoch 224:	0.04255233  	0.22072300  	0.15530159  
2023-09-02 13:23:58.163: Find a better model.
2023-09-02 13:24:11.843: [iter 225 : loss : -0.1521 = 0.0946 + -0.2689 + 0.0237 + -0.0014, time: 13.664081]
2023-09-02 13:24:12.500: epoch 225:	0.04265582  	0.22141221  	0.15555409  
2023-09-02 13:24:12.500: Find a better model.
2023-09-02 13:24:25.973: [iter 226 : loss : -0.1552 = 0.0919 + -0.2695 + 0.0238 + -0.0014, time: 13.456763]
2023-09-02 13:24:26.614: epoch 226:	0.04262434  	0.22116454  	0.15545577  
2023-09-02 13:24:40.279: [iter 227 : loss : -0.1531 = 0.0954 + -0.2710 + 0.0239 + -0.0014, time: 13.642663]
2023-09-02 13:24:40.934: epoch 227:	0.04267382  	0.22125927  	0.15545358  
2023-09-02 13:24:54.474: [iter 228 : loss : -0.1581 = 0.0914 + -0.2722 + 0.0240 + -0.0014, time: 13.519816]
2023-09-02 13:24:55.108: epoch 228:	0.04268732  	0.22125851  	0.15546194  
2023-09-02 13:25:08.589: [iter 229 : loss : -0.1574 = 0.0930 + -0.2732 + 0.0241 + -0.0014, time: 13.462301]
2023-09-02 13:25:09.225: epoch 229:	0.04271882  	0.22156148  	0.15565756  
2023-09-02 13:25:09.226: Find a better model.
2023-09-02 13:25:22.822: [iter 230 : loss : -0.1632 = 0.0883 + -0.2744 + 0.0243 + -0.0014, time: 13.577390]
2023-09-02 13:25:23.459: epoch 230:	0.04269182  	0.22126140  	0.15569550  
2023-09-02 13:25:36.940: [iter 231 : loss : -0.1609 = 0.0919 + -0.2757 + 0.0244 + -0.0014, time: 13.460047]
2023-09-02 13:25:37.572: epoch 231:	0.04274130  	0.22161943  	0.15574729  
2023-09-02 13:25:37.572: Find a better model.
2023-09-02 13:25:51.130: [iter 232 : loss : -0.1624 = 0.0912 + -0.2767 + 0.0245 + -0.0014, time: 13.537589]
2023-09-02 13:25:51.757: epoch 232:	0.04271881  	0.22140484  	0.15569504  
2023-09-02 13:26:05.341: [iter 233 : loss : -0.1585 = 0.0968 + -0.2785 + 0.0246 + -0.0015, time: 13.563231]
2023-09-02 13:26:05.986: epoch 233:	0.04264232  	0.22106190  	0.15556465  
2023-09-02 13:26:19.515: [iter 234 : loss : -0.1613 = 0.0946 + -0.2792 + 0.0247 + -0.0015, time: 13.511473]
2023-09-02 13:26:20.170: epoch 234:	0.04263334  	0.22112717  	0.15561736  
2023-09-02 13:26:33.729: [iter 235 : loss : -0.1624 = 0.0950 + -0.2807 + 0.0249 + -0.0015, time: 13.536747]
2023-09-02 13:26:34.365: epoch 235:	0.04260184  	0.22102903  	0.15562573  
2023-09-02 13:26:47.984: [iter 236 : loss : -0.1670 = 0.0915 + -0.2820 + 0.0250 + -0.0015, time: 13.599412]
2023-09-02 13:26:48.631: epoch 236:	0.04258385  	0.22100276  	0.15548079  
2023-09-02 13:27:02.322: [iter 237 : loss : -0.1661 = 0.0933 + -0.2831 + 0.0251 + -0.0015, time: 13.670440]
2023-09-02 13:27:02.947: epoch 237:	0.04261534  	0.22086969  	0.15548791  
2023-09-02 13:27:16.477: [iter 238 : loss : -0.1714 = 0.0890 + -0.2842 + 0.0252 + -0.0015, time: 13.505274]
2023-09-02 13:27:17.093: epoch 238:	0.04261984  	0.22087185  	0.15549481  
2023-09-02 13:27:30.619: [iter 239 : loss : -0.1698 = 0.0920 + -0.2856 + 0.0253 + -0.0015, time: 13.504178]
2023-09-02 13:27:31.252: epoch 239:	0.04258385  	0.22072442  	0.15539126  
2023-09-02 13:27:44.928: [iter 240 : loss : -0.1691 = 0.0933 + -0.2864 + 0.0254 + -0.0015, time: 13.657676]
2023-09-02 13:27:45.570: epoch 240:	0.04259284  	0.22093616  	0.15528682  
