2023-11-03 18:45:52.060: my pid: 12544
2023-11-03 18:45:52.060: model: model.general_recommender.GNNEC
2023-11-03 18:45:52.060: Dataset statistics:
Name: gowalla-20core
The number of users: 11113
The number of items: 18074
The number of ratings: 523315
Average actions of users: 47.09
Average actions of items: 28.95
The sparsity of the dataset: 99.739458%

The number of training: 475362
The number of validation: 0
The number of testing: 47953
2023-11-03 18:45:52.060: NeuRec:[NeuRec]:
recommender=GNNEC
dataset=gowalla-20core
file_column=UI
sep=','
gpu_id=0
gpu_mem=0.99
metric=["Precision", "Recall", "NDCG"]
top_k=[20]
test_thread=8
test_batch_size=128
seed=2021
start_testing_epoch=0

GNNEC:[hyperparameters]:
mf_reg=1e-4
svd_q=5
aug_type=ND
reg=1e-4
embed_size=64
n_layers=2
ssl_reg=0.02
ssl_ratio=0.5
ssl_temp=0.5
ssl_mode=both_side
lr=1e-3
learner=adam
adj_type=pre
epochs=200
batch_size=2048
num_negatives=1
param_init=xavier_uniform
stddev=0.01
verbose=1
stop_cnt=10
pretrain_flag=0
save_flag=0

Command line:
recommender=GNNEC
dataset=gowalla-20core
epochs=200
n_layers=2
embed_size=64
batch_size=2048
lr=1e-3
aug_type=ND
reg=1e-4
ssl_reg=0.02
ssl_ratio=0.5
ssl_temp=0.5
mf_reg=1e-4
svd_q=5
2023-11-03 18:45:56.275: metrics:	Precision@20	Recall@20   	NDCG@20     
2023-11-03 18:46:10.627: [iter 1 : loss : 0.9184 = 0.6033 + 0.3135 + 0.0000 + 0.0016, time: 14.351526]
2023-11-03 18:46:11.279: epoch 1:	0.02171849  	0.11412458  	0.07855437  
2023-11-03 18:46:11.279: Find a better model.
2023-11-03 18:46:24.982: [iter 2 : loss : 0.6790 = 0.4454 + 0.2321 + 0.0002 + 0.0012, time: 13.681435]
2023-11-03 18:46:25.628: epoch 2:	0.02354965  	0.12378742  	0.08637531  
2023-11-03 18:46:25.628: Find a better model.
2023-11-03 18:46:39.203: [iter 3 : loss : 0.5748 = 0.3771 + 0.1964 + 0.0003 + 0.0010, time: 13.553576]
2023-11-03 18:46:39.820: epoch 3:	0.02458881  	0.12956783  	0.09046862  
2023-11-03 18:46:39.821: Find a better model.
2023-11-03 18:46:53.388: [iter 4 : loss : 0.5109 = 0.3361 + 0.1735 + 0.0004 + 0.0009, time: 13.548460]
2023-11-03 18:46:54.003: epoch 4:	0.02532208  	0.13328233  	0.09341366  
2023-11-03 18:46:54.003: Find a better model.
2023-11-03 18:47:07.626: [iter 5 : loss : 0.4682 = 0.3105 + 0.1563 + 0.0005 + 0.0008, time: 13.599549]
2023-11-03 18:47:08.263: epoch 5:	0.02591588  	0.13681243  	0.09591033  
2023-11-03 18:47:08.263: Find a better model.
2023-11-03 18:47:21.786: [iter 6 : loss : 0.4369 = 0.2920 + 0.1435 + 0.0006 + 0.0007, time: 13.503920]
2023-11-03 18:47:22.422: epoch 6:	0.02645120  	0.13940121  	0.09743276  
2023-11-03 18:47:22.422: Find a better model.
2023-11-03 18:47:35.948: [iter 7 : loss : 0.4109 = 0.2778 + 0.1317 + 0.0007 + 0.0007, time: 13.501726]
2023-11-03 18:47:36.585: epoch 7:	0.02697753  	0.14164482  	0.09897262  
2023-11-03 18:47:36.585: Find a better model.
2023-11-03 18:47:50.191: [iter 8 : loss : 0.3897 = 0.2665 + 0.1219 + 0.0008 + 0.0006, time: 13.589023]
2023-11-03 18:47:50.825: epoch 8:	0.02741838  	0.14348869  	0.10062061  
2023-11-03 18:47:50.825: Find a better model.
2023-11-03 18:48:04.487: [iter 9 : loss : 0.3705 = 0.2566 + 0.1125 + 0.0009 + 0.0006, time: 13.645065]
2023-11-03 18:48:05.102: epoch 9:	0.02786374  	0.14594309  	0.10236821  
2023-11-03 18:48:05.102: Find a better model.
2023-11-03 18:48:18.648: [iter 10 : loss : 0.3533 = 0.2468 + 0.1050 + 0.0010 + 0.0005, time: 13.527945]
2023-11-03 18:48:19.246: epoch 10:	0.02831359  	0.14830178  	0.10380645  
2023-11-03 18:48:19.247: Find a better model.
2023-11-03 18:48:32.745: [iter 11 : loss : 0.3398 = 0.2409 + 0.0974 + 0.0011 + 0.0005, time: 13.478379]
2023-11-03 18:48:33.392: epoch 11:	0.02887144  	0.15114060  	0.10539372  
2023-11-03 18:48:33.392: Find a better model.
2023-11-03 18:48:46.985: [iter 12 : loss : 0.3228 = 0.2316 + 0.0896 + 0.0011 + 0.0004, time: 13.574514]
2023-11-03 18:48:47.616: epoch 12:	0.02925384  	0.15295839  	0.10670882  
2023-11-03 18:48:47.617: Find a better model.
2023-11-03 18:49:01.326: [iter 13 : loss : 0.3099 = 0.2257 + 0.0826 + 0.0012 + 0.0004, time: 13.685459]
2023-11-03 18:49:01.984: epoch 13:	0.02953724  	0.15405713  	0.10796115  
2023-11-03 18:49:01.984: Find a better model.
2023-11-03 18:49:15.510: [iter 14 : loss : 0.2975 = 0.2198 + 0.0761 + 0.0013 + 0.0004, time: 13.501934]
2023-11-03 18:49:16.145: epoch 14:	0.02973517  	0.15511768  	0.10906562  
2023-11-03 18:49:16.145: Find a better model.
2023-11-03 18:49:29.727: [iter 15 : loss : 0.2865 = 0.2153 + 0.0694 + 0.0014 + 0.0003, time: 13.560507]
2023-11-03 18:49:30.373: epoch 15:	0.03013556  	0.15683812  	0.11032399  
2023-11-03 18:49:30.374: Find a better model.
2023-11-03 18:49:44.005: [iter 16 : loss : 0.2771 = 0.2120 + 0.0633 + 0.0015 + 0.0003, time: 13.611202]
2023-11-03 18:49:44.638: epoch 16:	0.03033350  	0.15807547  	0.11140202  
2023-11-03 18:49:44.638: Find a better model.
2023-11-03 18:49:58.273: [iter 17 : loss : 0.2643 = 0.2051 + 0.0574 + 0.0016 + 0.0003, time: 13.617550]
2023-11-03 18:49:58.903: epoch 17:	0.03068890  	0.15967555  	0.11246812  
2023-11-03 18:49:58.904: Find a better model.
2023-11-03 18:50:12.474: [iter 18 : loss : 0.2547 = 0.2016 + 0.0512 + 0.0016 + 0.0002, time: 13.555947]
2023-11-03 18:50:13.082: epoch 18:	0.03090933  	0.16101138  	0.11329765  
2023-11-03 18:50:13.082: Find a better model.
2023-11-03 18:50:26.720: [iter 19 : loss : 0.2461 = 0.1983 + 0.0458 + 0.0017 + 0.0002, time: 13.618867]
2023-11-03 18:50:27.364: epoch 19:	0.03111179  	0.16232046  	0.11437302  
2023-11-03 18:50:27.364: Find a better model.
2023-11-03 18:50:41.075: [iter 20 : loss : 0.2363 = 0.1948 + 0.0395 + 0.0018 + 0.0002, time: 13.692053]
2023-11-03 18:50:41.690: epoch 20:	0.03140421  	0.16365655  	0.11516672  
2023-11-03 18:50:41.690: Find a better model.
2023-11-03 18:50:55.281: [iter 21 : loss : 0.2294 = 0.1932 + 0.0342 + 0.0019 + 0.0001, time: 13.571280]
2023-11-03 18:50:55.926: epoch 21:	0.03159764  	0.16456619  	0.11614537  
2023-11-03 18:50:55.926: Find a better model.
2023-11-03 18:51:09.545: [iter 22 : loss : 0.2197 = 0.1888 + 0.0288 + 0.0020 + 0.0001, time: 13.595339]
2023-11-03 18:51:10.190: epoch 22:	0.03166514  	0.16498683  	0.11637869  
2023-11-03 18:51:10.190: Find a better model.
2023-11-03 18:51:23.757: [iter 23 : loss : 0.2092 = 0.1841 + 0.0230 + 0.0021 + 0.0001, time: 13.543615]
2023-11-03 18:51:24.396: epoch 23:	0.03201604  	0.16642709  	0.11747743  
2023-11-03 18:51:24.396: Find a better model.
2023-11-03 18:51:38.017: [iter 24 : loss : 0.2020 = 0.1824 + 0.0174 + 0.0022 + 0.0001, time: 13.605269]
2023-11-03 18:51:38.608: epoch 24:	0.03214200  	0.16739102  	0.11847077  
2023-11-03 18:51:38.608: Find a better model.
2023-11-03 18:51:52.317: [iter 25 : loss : 0.1962 = 0.1810 + 0.0130 + 0.0022 + 0.0000, time: 13.687886]
2023-11-03 18:51:52.947: epoch 25:	0.03232195  	0.16810295  	0.11936459  
2023-11-03 18:51:52.947: Find a better model.
2023-11-03 18:52:06.597: [iter 26 : loss : 0.1878 = 0.1782 + 0.0072 + 0.0023 + 0.0000, time: 13.628841]
2023-11-03 18:52:07.251: epoch 26:	0.03240294  	0.16847017  	0.11953554  
2023-11-03 18:52:07.251: Find a better model.
2023-11-03 18:52:20.755: [iter 27 : loss : 0.1792 = 0.1750 + 0.0017 + 0.0024 + -0.0000, time: 13.483336]
2023-11-03 18:52:21.358: epoch 27:	0.03278081  	0.17039849  	0.12073047  
2023-11-03 18:52:21.358: Find a better model.
2023-11-03 18:52:34.884: [iter 28 : loss : 0.1727 = 0.1738 + -0.0035 + 0.0025 + -0.0000, time: 13.506869]
2023-11-03 18:52:35.528: epoch 28:	0.03299228  	0.17140751  	0.12160560  
2023-11-03 18:52:35.528: Find a better model.
2023-11-03 18:52:49.220: [iter 29 : loss : 0.1635 = 0.1696 + -0.0087 + 0.0026 + -0.0001, time: 13.669225]
2023-11-03 18:52:49.877: epoch 29:	0.03326221  	0.17241867  	0.12208626  
2023-11-03 18:52:49.877: Find a better model.
2023-11-03 18:53:03.454: [iter 30 : loss : 0.1571 = 0.1674 + -0.0129 + 0.0027 + -0.0001, time: 13.557416]
2023-11-03 18:53:04.086: epoch 30:	0.03341967  	0.17330661  	0.12277290  
2023-11-03 18:53:04.086: Find a better model.
2023-11-03 18:53:17.654: [iter 31 : loss : 0.1512 = 0.1669 + -0.0184 + 0.0028 + -0.0001, time: 13.551133]
2023-11-03 18:53:18.293: epoch 31:	0.03362211  	0.17455342  	0.12349109  
2023-11-03 18:53:18.293: Find a better model.
2023-11-03 18:53:31.948: [iter 32 : loss : 0.1433 = 0.1636 + -0.0230 + 0.0029 + -0.0002, time: 13.634225]
2023-11-03 18:53:32.612: epoch 32:	0.03385152  	0.17603096  	0.12440857  
2023-11-03 18:53:32.612: Find a better model.
2023-11-03 18:53:46.163: [iter 33 : loss : 0.1380 = 0.1637 + -0.0285 + 0.0030 + -0.0002, time: 13.525383]
2023-11-03 18:53:46.772: epoch 33:	0.03406745  	0.17712981  	0.12504968  
2023-11-03 18:53:46.772: Find a better model.
2023-11-03 18:54:00.284: [iter 34 : loss : 0.1328 = 0.1632 + -0.0332 + 0.0031 + -0.0002, time: 13.488417]
2023-11-03 18:54:00.923: epoch 34:	0.03422041  	0.17777213  	0.12559830  
2023-11-03 18:54:00.923: Find a better model.
2023-11-03 18:54:14.615: [iter 35 : loss : 0.1236 = 0.1588 + -0.0381 + 0.0032 + -0.0002, time: 13.672286]
2023-11-03 18:54:15.247: epoch 35:	0.03446784  	0.17898895  	0.12623614  
2023-11-03 18:54:15.247: Find a better model.
2023-11-03 18:54:28.837: [iter 36 : loss : 0.1188 = 0.1588 + -0.0430 + 0.0033 + -0.0003, time: 13.570582]
2023-11-03 18:54:29.475: epoch 36:	0.03462080  	0.17972092  	0.12662125  
2023-11-03 18:54:29.475: Find a better model.
2023-11-03 18:54:43.129: [iter 37 : loss : 0.1118 = 0.1563 + -0.0476 + 0.0034 + -0.0003, time: 13.633875]
2023-11-03 18:54:43.769: epoch 37:	0.03471524  	0.18015532  	0.12706390  
2023-11-03 18:54:43.769: Find a better model.
2023-11-03 18:54:57.143: [iter 38 : loss : 0.1062 = 0.1555 + -0.0525 + 0.0035 + -0.0003, time: 13.354336]
2023-11-03 18:54:57.792: epoch 38:	0.03486370  	0.18094014  	0.12765157  
2023-11-03 18:54:57.792: Find a better model.
2023-11-03 18:55:11.316: [iter 39 : loss : 0.1007 = 0.1546 + -0.0571 + 0.0036 + -0.0003, time: 13.505949]
2023-11-03 18:55:11.950: epoch 39:	0.03505264  	0.18186426  	0.12823294  
2023-11-03 18:55:11.950: Find a better model.
2023-11-03 18:55:25.549: [iter 40 : loss : 0.0944 = 0.1527 + -0.0616 + 0.0037 + -0.0004, time: 13.576962]
2023-11-03 18:55:26.207: epoch 40:	0.03528206  	0.18284164  	0.12888129  
2023-11-03 18:55:26.207: Find a better model.
2023-11-03 18:55:39.586: [iter 41 : loss : 0.0873 = 0.1502 + -0.0663 + 0.0038 + -0.0004, time: 13.362509]
2023-11-03 18:55:40.179: epoch 41:	0.03535855  	0.18324432  	0.12932780  
2023-11-03 18:55:40.179: Find a better model.
2023-11-03 18:55:53.775: [iter 42 : loss : 0.0830 = 0.1503 + -0.0708 + 0.0039 + -0.0004, time: 13.574809]
2023-11-03 18:55:54.402: epoch 42:	0.03558347  	0.18448237  	0.13021874  
2023-11-03 18:55:54.402: Find a better model.
2023-11-03 18:56:07.954: [iter 43 : loss : 0.0804 = 0.1517 + -0.0748 + 0.0040 + -0.0004, time: 13.536422]
2023-11-03 18:56:08.574: epoch 43:	0.03582193  	0.18592995  	0.13107274  
2023-11-03 18:56:08.574: Find a better model.
2023-11-03 18:56:22.006: [iter 44 : loss : 0.0698 = 0.1457 + -0.0795 + 0.0041 + -0.0004, time: 13.413114]
2023-11-03 18:56:22.612: epoch 44:	0.03595689  	0.18658708  	0.13173714  
2023-11-03 18:56:22.612: Find a better model.
2023-11-03 18:56:36.156: [iter 45 : loss : 0.0674 = 0.1479 + -0.0842 + 0.0042 + -0.0005, time: 13.525424]
2023-11-03 18:56:36.758: epoch 45:	0.03601086  	0.18696521  	0.13230523  
2023-11-03 18:56:36.758: Find a better model.
2023-11-03 18:56:50.423: [iter 46 : loss : 0.0606 = 0.1455 + -0.0886 + 0.0043 + -0.0005, time: 13.650256]
2023-11-03 18:56:51.065: epoch 46:	0.03618182  	0.18737791  	0.13271779  
2023-11-03 18:56:51.065: Find a better model.
2023-11-03 18:57:04.749: [iter 47 : loss : 0.0526 = 0.1418 + -0.0931 + 0.0044 + -0.0005, time: 13.664066]
2023-11-03 18:57:05.384: epoch 47:	0.03632130  	0.18849105  	0.13342926  
2023-11-03 18:57:05.385: Find a better model.
2023-11-03 18:57:19.011: [iter 48 : loss : 0.0514 = 0.1445 + -0.0971 + 0.0045 + -0.0005, time: 13.604177]
2023-11-03 18:57:19.645: epoch 48:	0.03648774  	0.18934725  	0.13373727  
2023-11-03 18:57:19.645: Find a better model.
2023-11-03 18:57:33.219: [iter 49 : loss : 0.0456 = 0.1431 + -0.1015 + 0.0046 + -0.0006, time: 13.558506]
2023-11-03 18:57:33.836: epoch 49:	0.03666768  	0.19024670  	0.13417351  
2023-11-03 18:57:33.836: Find a better model.
2023-11-03 18:57:47.513: [iter 50 : loss : 0.0376 = 0.1394 + -0.1059 + 0.0047 + -0.0006, time: 13.656286]
2023-11-03 18:57:48.151: epoch 50:	0.03689263  	0.19132967  	0.13483995  
2023-11-03 18:57:48.151: Find a better model.
2023-11-03 18:58:01.715: [iter 51 : loss : 0.0337 = 0.1401 + -0.1107 + 0.0048 + -0.0006, time: 13.545514]
2023-11-03 18:58:02.362: epoch 51:	0.03704109  	0.19199102  	0.13517165  
2023-11-03 18:58:02.363: Find a better model.
2023-11-03 18:58:16.046: [iter 52 : loss : 0.0311 = 0.1416 + -0.1148 + 0.0049 + -0.0006, time: 13.663941]
2023-11-03 18:58:16.679: epoch 52:	0.03723004  	0.19276591  	0.13574769  
2023-11-03 18:58:16.679: Find a better model.
2023-11-03 18:58:30.387: [iter 53 : loss : 0.0235 = 0.1382 + -0.1190 + 0.0050 + -0.0006, time: 13.683130]
2023-11-03 18:58:31.021: epoch 53:	0.03737849  	0.19356957  	0.13613643  
2023-11-03 18:58:31.021: Find a better model.
2023-11-03 18:58:44.554: [iter 54 : loss : 0.0198 = 0.1384 + -0.1231 + 0.0051 + -0.0007, time: 13.513493]
2023-11-03 18:58:45.194: epoch 54:	0.03750896  	0.19439267  	0.13690925  
2023-11-03 18:58:45.194: Find a better model.
2023-11-03 18:58:58.811: [iter 55 : loss : 0.0174 = 0.1404 + -0.1276 + 0.0052 + -0.0007, time: 13.599534]
2023-11-03 18:58:59.455: epoch 55:	0.03763942  	0.19504417  	0.13751429  
2023-11-03 18:58:59.456: Find a better model.
2023-11-03 18:59:12.976: [iter 56 : loss : 0.0088 = 0.1357 + -0.1316 + 0.0053 + -0.0007, time: 13.499835]
2023-11-03 18:59:13.590: epoch 56:	0.03779687  	0.19605568  	0.13795121  
2023-11-03 18:59:13.590: Find a better model.
2023-11-03 18:59:27.056: [iter 57 : loss : 0.0043 = 0.1348 + -0.1352 + 0.0055 + -0.0007, time: 13.448532]
2023-11-03 18:59:27.662: epoch 57:	0.03793633  	0.19655211  	0.13838761  
2023-11-03 18:59:27.662: Find a better model.
2023-11-03 18:59:41.276: [iter 58 : loss : 0.0006 = 0.1354 + -0.1395 + 0.0056 + -0.0008, time: 13.589598]
2023-11-03 18:59:41.930: epoch 58:	0.03798133  	0.19698225  	0.13878694  
2023-11-03 18:59:41.930: Find a better model.
2023-11-03 18:59:55.513: [iter 59 : loss : -0.0022 = 0.1364 + -0.1434 + 0.0057 + -0.0008, time: 13.563515]
2023-11-03 18:59:56.153: epoch 59:	0.03807579  	0.19730748  	0.13935801  
2023-11-03 18:59:56.154: Find a better model.
2023-11-03 19:00:09.732: [iter 60 : loss : -0.0091 = 0.1332 + -0.1473 + 0.0058 + -0.0008, time: 13.559629]
2023-11-03 19:00:10.381: epoch 60:	0.03821976  	0.19806832  	0.13944334  
2023-11-03 19:00:10.382: Find a better model.
2023-11-03 19:00:23.745: [iter 61 : loss : -0.0131 = 0.1331 + -0.1512 + 0.0059 + -0.0008, time: 13.347261]
2023-11-03 19:00:24.386: epoch 61:	0.03826026  	0.19838655  	0.13981880  
2023-11-03 19:00:24.386: Find a better model.
2023-11-03 19:00:37.690: [iter 62 : loss : -0.0184 = 0.1315 + -0.1551 + 0.0060 + -0.0008, time: 13.283579]
2023-11-03 19:00:38.312: epoch 62:	0.03834574  	0.19881105  	0.14029852  
2023-11-03 19:00:38.312: Find a better model.
2023-11-03 19:00:51.741: [iter 63 : loss : -0.0233 = 0.1303 + -0.1588 + 0.0061 + -0.0009, time: 13.410889]
2023-11-03 19:00:52.336: epoch 63:	0.03847171  	0.19945371  	0.14060132  
2023-11-03 19:00:52.336: Find a better model.
2023-11-03 19:01:05.544: [iter 64 : loss : -0.0270 = 0.1309 + -0.1632 + 0.0062 + -0.0009, time: 13.186748]
2023-11-03 19:01:06.130: epoch 64:	0.03853472  	0.19976354  	0.14075263  
2023-11-03 19:01:06.130: Find a better model.
2023-11-03 19:01:19.405: [iter 65 : loss : -0.0323 = 0.1287 + -0.1665 + 0.0063 + -0.0009, time: 13.257338]
2023-11-03 19:01:20.040: epoch 65:	0.03855271  	0.19976145  	0.14106019  
2023-11-03 19:01:33.303: [iter 66 : loss : -0.0346 = 0.1305 + -0.1707 + 0.0065 + -0.0009, time: 13.241963]
2023-11-03 19:01:33.938: epoch 66:	0.03861121  	0.20000632  	0.14126959  
2023-11-03 19:01:33.938: Find a better model.
2023-11-03 19:01:47.273: [iter 67 : loss : -0.0383 = 0.1307 + -0.1746 + 0.0066 + -0.0009, time: 13.315794]
2023-11-03 19:01:47.855: epoch 67:	0.03877317  	0.20083964  	0.14163758  
2023-11-03 19:01:47.855: Find a better model.
2023-11-03 19:02:01.283: [iter 68 : loss : -0.0426 = 0.1301 + -0.1785 + 0.0067 + -0.0010, time: 13.411274]
2023-11-03 19:02:01.903: epoch 68:	0.03888564  	0.20155960  	0.14217493  
2023-11-03 19:02:01.903: Find a better model.
2023-11-03 19:02:15.176: [iter 69 : loss : -0.0498 = 0.1259 + -0.1816 + 0.0068 + -0.0010, time: 13.256040]
2023-11-03 19:02:15.808: epoch 69:	0.03894863  	0.20193842  	0.14228852  
2023-11-03 19:02:15.808: Find a better model.
2023-11-03 19:02:29.132: [iter 70 : loss : -0.0496 = 0.1299 + -0.1854 + 0.0069 + -0.0010, time: 13.302347]
2023-11-03 19:02:29.712: epoch 70:	0.03910160  	0.20268749  	0.14276549  
2023-11-03 19:02:29.712: Find a better model.
2023-11-03 19:02:43.238: [iter 71 : loss : -0.0548 = 0.1283 + -0.1891 + 0.0070 + -0.0010, time: 13.509638]
2023-11-03 19:02:43.832: epoch 71:	0.03925906  	0.20327395  	0.14323127  
2023-11-03 19:02:43.832: Find a better model.
2023-11-03 19:02:57.395: [iter 72 : loss : -0.0580 = 0.1281 + -0.1923 + 0.0071 + -0.0010, time: 13.538466]
2023-11-03 19:02:58.027: epoch 72:	0.03924557  	0.20347242  	0.14361410  
2023-11-03 19:02:58.028: Find a better model.
2023-11-03 19:03:11.535: [iter 73 : loss : -0.0640 = 0.1261 + -0.1963 + 0.0073 + -0.0010, time: 13.486738]
2023-11-03 19:03:12.170: epoch 73:	0.03929953  	0.20367853  	0.14388272  
2023-11-03 19:03:12.170: Find a better model.
2023-11-03 19:03:25.762: [iter 74 : loss : -0.0662 = 0.1272 + -0.1998 + 0.0074 + -0.0011, time: 13.567782]
2023-11-03 19:03:26.411: epoch 74:	0.03944351  	0.20438795  	0.14408579  
2023-11-03 19:03:26.411: Find a better model.
2023-11-03 19:03:39.858: [iter 75 : loss : -0.0709 = 0.1259 + -0.2032 + 0.0075 + -0.0011, time: 13.426587]
2023-11-03 19:03:40.500: epoch 75:	0.03951100  	0.20474505  	0.14451735  
2023-11-03 19:03:40.500: Find a better model.
2023-11-03 19:03:53.952: [iter 76 : loss : -0.0742 = 0.1261 + -0.2068 + 0.0076 + -0.0011, time: 13.434665]
2023-11-03 19:03:54.588: epoch 76:	0.03959648  	0.20512532  	0.14465660  
2023-11-03 19:03:54.588: Find a better model.
2023-11-03 19:04:08.013: [iter 77 : loss : -0.0776 = 0.1258 + -0.2100 + 0.0077 + -0.0011, time: 13.404601]
2023-11-03 19:04:08.589: epoch 77:	0.03961897  	0.20509137  	0.14502202  
2023-11-03 19:04:22.218: [iter 78 : loss : -0.0821 = 0.1248 + -0.2135 + 0.0078 + -0.0011, time: 13.608121]
2023-11-03 19:04:22.788: epoch 78:	0.03978543  	0.20577788  	0.14528570  
2023-11-03 19:04:22.788: Find a better model.
2023-11-03 19:04:36.155: [iter 79 : loss : -0.0843 = 0.1259 + -0.2170 + 0.0080 + -0.0012, time: 13.346947]
2023-11-03 19:04:36.788: epoch 79:	0.03980795  	0.20580634  	0.14536628  
2023-11-03 19:04:36.789: Find a better model.
2023-11-03 19:04:50.560: [iter 80 : loss : -0.0874 = 0.1255 + -0.2199 + 0.0081 + -0.0012, time: 13.754835]
2023-11-03 19:04:51.188: epoch 80:	0.03983944  	0.20586878  	0.14556198  
2023-11-03 19:04:51.188: Find a better model.
2023-11-03 19:05:04.725: [iter 81 : loss : -0.0901 = 0.1263 + -0.2234 + 0.0082 + -0.0012, time: 13.515446]
2023-11-03 19:05:05.363: epoch 81:	0.03999689  	0.20680326  	0.14605710  
2023-11-03 19:05:05.364: Find a better model.
2023-11-03 19:05:18.976: [iter 82 : loss : -0.0959 = 0.1232 + -0.2262 + 0.0083 + -0.0012, time: 13.594223]
2023-11-03 19:05:19.609: epoch 82:	0.04004187  	0.20698601  	0.14598694  
2023-11-03 19:05:19.610: Find a better model.
2023-11-03 19:05:33.274: [iter 83 : loss : -0.0999 = 0.1229 + -0.2300 + 0.0084 + -0.0012, time: 13.644629]
2023-11-03 19:05:33.909: epoch 83:	0.04007787  	0.20710972  	0.14624599  
2023-11-03 19:05:33.909: Find a better model.
2023-11-03 19:05:47.533: [iter 84 : loss : -0.1006 = 0.1251 + -0.2330 + 0.0085 + -0.0012, time: 13.602808]
2023-11-03 19:05:48.120: epoch 84:	0.04019484  	0.20777909  	0.14664993  
2023-11-03 19:05:48.121: Find a better model.
2023-11-03 19:06:01.774: [iter 85 : loss : -0.1072 = 0.1220 + -0.2366 + 0.0087 + -0.0013, time: 13.635978]
2023-11-03 19:06:02.397: epoch 85:	0.04028482  	0.20830625  	0.14687485  
2023-11-03 19:06:02.397: Find a better model.
2023-11-03 19:06:15.783: [iter 86 : loss : -0.1083 = 0.1237 + -0.2395 + 0.0088 + -0.0013, time: 13.367162]
2023-11-03 19:06:16.373: epoch 86:	0.04028482  	0.20873231  	0.14719717  
2023-11-03 19:06:16.373: Find a better model.
2023-11-03 19:06:29.789: [iter 87 : loss : -0.1093 = 0.1256 + -0.2425 + 0.0089 + -0.0013, time: 13.397090]
2023-11-03 19:06:30.408: epoch 87:	0.04028481  	0.20823622  	0.14716785  
2023-11-03 19:06:43.854: [iter 88 : loss : -0.1133 = 0.1242 + -0.2452 + 0.0090 + -0.0013, time: 13.429494]
2023-11-03 19:06:44.427: epoch 88:	0.04032081  	0.20863575  	0.14735393  
2023-11-03 19:06:57.800: [iter 89 : loss : -0.1157 = 0.1250 + -0.2485 + 0.0091 + -0.0013, time: 13.353841]
2023-11-03 19:06:58.401: epoch 89:	0.04032081  	0.20853522  	0.14730914  
2023-11-03 19:07:11.888: [iter 90 : loss : -0.1221 = 0.1214 + -0.2514 + 0.0092 + -0.0013, time: 13.460708]
2023-11-03 19:07:12.514: epoch 90:	0.04046929  	0.20955279  	0.14787602  
2023-11-03 19:07:12.514: Find a better model.
2023-11-03 19:07:25.851: [iter 91 : loss : -0.1246 = 0.1218 + -0.2544 + 0.0093 + -0.0013, time: 13.317702]
2023-11-03 19:07:26.481: epoch 91:	0.04061778  	0.21018358  	0.14803809  
2023-11-03 19:07:26.481: Find a better model.
2023-11-03 19:07:39.946: [iter 92 : loss : -0.1263 = 0.1229 + -0.2573 + 0.0095 + -0.0014, time: 13.444437]
2023-11-03 19:07:40.544: epoch 92:	0.04071675  	0.21096715  	0.14841533  
2023-11-03 19:07:40.544: Find a better model.
2023-11-03 19:07:53.892: [iter 93 : loss : -0.1294 = 0.1226 + -0.2602 + 0.0096 + -0.0014, time: 13.326681]
2023-11-03 19:07:54.517: epoch 93:	0.04077972  	0.21140203  	0.14859307  
2023-11-03 19:07:54.517: Find a better model.
2023-11-03 19:08:07.689: [iter 94 : loss : -0.1322 = 0.1227 + -0.2632 + 0.0097 + -0.0014, time: 13.153581]
2023-11-03 19:08:08.267: epoch 94:	0.04086520  	0.21124671  	0.14875194  
2023-11-03 19:08:21.754: [iter 95 : loss : -0.1373 = 0.1205 + -0.2662 + 0.0098 + -0.0014, time: 13.466222]
2023-11-03 19:08:22.382: epoch 95:	0.04092820  	0.21162648  	0.14886434  
2023-11-03 19:08:22.382: Find a better model.
2023-11-03 19:08:35.843: [iter 96 : loss : -0.1423 = 0.1186 + -0.2694 + 0.0099 + -0.0014, time: 13.434541]
2023-11-03 19:08:36.425: epoch 96:	0.04094170  	0.21190551  	0.14903916  
2023-11-03 19:08:36.425: Find a better model.
2023-11-03 19:08:50.216: [iter 97 : loss : -0.1415 = 0.1217 + -0.2718 + 0.0100 + -0.0014, time: 13.770041]
2023-11-03 19:08:50.851: epoch 97:	0.04095969  	0.21189649  	0.14910324  
2023-11-03 19:09:04.270: [iter 98 : loss : -0.1413 = 0.1243 + -0.2743 + 0.0102 + -0.0014, time: 13.397496]
2023-11-03 19:09:04.896: epoch 98:	0.04090120  	0.21171245  	0.14931974  
2023-11-03 19:09:18.485: [iter 99 : loss : -0.1489 = 0.1196 + -0.2773 + 0.0103 + -0.0015, time: 13.570314]
2023-11-03 19:09:19.127: epoch 99:	0.04095970  	0.21185561  	0.14937268  
2023-11-03 19:09:32.882: [iter 100 : loss : -0.1489 = 0.1224 + -0.2801 + 0.0104 + -0.0015, time: 13.736870]
2023-11-03 19:09:33.547: epoch 100:	0.04102718  	0.21223852  	0.14955573  
2023-11-03 19:09:33.547: Find a better model.
2023-11-03 19:09:46.866: [iter 101 : loss : -0.1520 = 0.1215 + -0.2825 + 0.0105 + -0.0015, time: 13.295029]
2023-11-03 19:09:47.474: epoch 101:	0.04103169  	0.21216178  	0.14947300  
2023-11-03 19:10:00.966: [iter 102 : loss : -0.1564 = 0.1199 + -0.2854 + 0.0106 + -0.0015, time: 13.473921]
2023-11-03 19:10:01.532: epoch 102:	0.04108569  	0.21233425  	0.14965756  
2023-11-03 19:10:01.532: Find a better model.
2023-11-03 19:10:14.998: [iter 103 : loss : -0.1567 = 0.1224 + -0.2883 + 0.0107 + -0.0015, time: 13.446011]
2023-11-03 19:10:15.632: epoch 103:	0.04116217  	0.21281433  	0.15002750  
2023-11-03 19:10:15.632: Find a better model.
2023-11-03 19:10:28.924: [iter 104 : loss : -0.1597 = 0.1213 + -0.2904 + 0.0108 + -0.0015, time: 13.268440]
2023-11-03 19:10:29.521: epoch 104:	0.04114418  	0.21268985  	0.15002556  
2023-11-03 19:10:43.055: [iter 105 : loss : -0.1599 = 0.1239 + -0.2932 + 0.0110 + -0.0015, time: 13.517191]
2023-11-03 19:10:43.688: epoch 105:	0.04119817  	0.21320613  	0.15040749  
2023-11-03 19:10:43.688: Find a better model.
2023-11-03 19:10:57.426: [iter 106 : loss : -0.1676 = 0.1188 + -0.2959 + 0.0111 + -0.0016, time: 13.714536]
2023-11-03 19:10:58.047: epoch 106:	0.04118917  	0.21302655  	0.15042834  
2023-11-03 19:11:11.594: [iter 107 : loss : -0.1685 = 0.1202 + -0.2983 + 0.0112 + -0.0016, time: 13.525203]
2023-11-03 19:11:12.173: epoch 107:	0.04124765  	0.21322401  	0.15060398  
2023-11-03 19:11:12.173: Find a better model.
2023-11-03 19:11:25.890: [iter 108 : loss : -0.1685 = 0.1228 + -0.3010 + 0.0113 + -0.0016, time: 13.697093]
2023-11-03 19:11:26.524: epoch 108:	0.04130615  	0.21355796  	0.15068351  
2023-11-03 19:11:26.524: Find a better model.
2023-11-03 19:11:40.235: [iter 109 : loss : -0.1706 = 0.1228 + -0.3032 + 0.0114 + -0.0016, time: 13.688016]
2023-11-03 19:11:40.845: epoch 109:	0.04140063  	0.21399331  	0.15069795  
2023-11-03 19:11:40.845: Find a better model.
2023-11-03 19:11:54.171: [iter 110 : loss : -0.1757 = 0.1198 + -0.3054 + 0.0115 + -0.0016, time: 13.304766]
2023-11-03 19:11:54.801: epoch 110:	0.04139163  	0.21403842  	0.15090716  
2023-11-03 19:11:54.801: Find a better model.
2023-11-03 19:12:08.206: [iter 111 : loss : -0.1797 = 0.1182 + -0.3079 + 0.0116 + -0.0016, time: 13.383870]
2023-11-03 19:12:08.834: epoch 111:	0.04133764  	0.21369919  	0.15090969  
2023-11-03 19:12:22.285: [iter 112 : loss : -0.1804 = 0.1199 + -0.3105 + 0.0118 + -0.0016, time: 13.432750]
2023-11-03 19:12:22.874: epoch 112:	0.04141861  	0.21397452  	0.15112376  
2023-11-03 19:12:36.584: [iter 113 : loss : -0.1829 = 0.1201 + -0.3132 + 0.0119 + -0.0016, time: 13.691284]
2023-11-03 19:12:37.223: epoch 113:	0.04144561  	0.21438093  	0.15107806  
2023-11-03 19:12:37.223: Find a better model.
2023-11-03 19:12:50.818: [iter 114 : loss : -0.1811 = 0.1238 + -0.3153 + 0.0120 + -0.0017, time: 13.578033]
2023-11-03 19:12:51.463: epoch 114:	0.04149061  	0.21443625  	0.15117258  
2023-11-03 19:12:51.464: Find a better model.
2023-11-03 19:13:04.983: [iter 115 : loss : -0.1883 = 0.1189 + -0.3177 + 0.0121 + -0.0017, time: 13.502010]
2023-11-03 19:13:05.603: epoch 115:	0.04148161  	0.21419719  	0.15099230  
2023-11-03 19:13:18.997: [iter 116 : loss : -0.1874 = 0.1220 + -0.3199 + 0.0122 + -0.0017, time: 13.367193]
2023-11-03 19:13:19.634: epoch 116:	0.04156259  	0.21455607  	0.15138236  
2023-11-03 19:13:19.635: Find a better model.
2023-11-03 19:13:33.089: [iter 117 : loss : -0.1864 = 0.1246 + -0.3216 + 0.0123 + -0.0017, time: 13.430728]
2023-11-03 19:13:33.729: epoch 117:	0.04166607  	0.21503809  	0.15161178  
2023-11-03 19:13:33.729: Find a better model.
2023-11-03 19:13:47.214: [iter 118 : loss : -0.1914 = 0.1222 + -0.3243 + 0.0124 + -0.0017, time: 13.457265]
2023-11-03 19:13:47.811: epoch 118:	0.04171554  	0.21529874  	0.15177612  
2023-11-03 19:13:47.811: Find a better model.
2023-11-03 19:14:01.387: [iter 119 : loss : -0.1959 = 0.1201 + -0.3268 + 0.0125 + -0.0017, time: 13.552052]
2023-11-03 19:14:02.011: epoch 119:	0.04174254  	0.21553737  	0.15184484  
2023-11-03 19:14:02.012: Find a better model.
2023-11-03 19:14:15.706: [iter 120 : loss : -0.1991 = 0.1187 + -0.3287 + 0.0126 + -0.0017, time: 13.675483]
2023-11-03 19:14:16.345: epoch 120:	0.04183252  	0.21590860  	0.15191942  
2023-11-03 19:14:16.345: Find a better model.
2023-11-03 19:14:29.823: [iter 121 : loss : -0.1969 = 0.1231 + -0.3310 + 0.0128 + -0.0017, time: 13.456345]
2023-11-03 19:14:30.435: epoch 121:	0.04179202  	0.21559896  	0.15206085  
2023-11-03 19:14:43.950: [iter 122 : loss : -0.1989 = 0.1229 + -0.3329 + 0.0129 + -0.0018, time: 13.496645]
2023-11-03 19:14:44.524: epoch 122:	0.04190001  	0.21645583  	0.15232351  
2023-11-03 19:14:44.525: Find a better model.
2023-11-03 19:14:58.157: [iter 123 : loss : -0.2032 = 0.1208 + -0.3352 + 0.0130 + -0.0018, time: 13.617039]
2023-11-03 19:14:58.794: epoch 123:	0.04185501  	0.21615821  	0.15235136  
2023-11-03 19:15:12.370: [iter 124 : loss : -0.2050 = 0.1210 + -0.3373 + 0.0131 + -0.0018, time: 13.557148]
2023-11-03 19:15:12.992: epoch 124:	0.04179653  	0.21585046  	0.15242149  
2023-11-03 19:15:26.575: [iter 125 : loss : -0.2051 = 0.1233 + -0.3398 + 0.0132 + -0.0018, time: 13.564771]
2023-11-03 19:15:27.209: epoch 125:	0.04185950  	0.21611415  	0.15257707  
2023-11-03 19:15:40.668: [iter 126 : loss : -0.2071 = 0.1228 + -0.3414 + 0.0133 + -0.0018, time: 13.438187]
2023-11-03 19:15:41.307: epoch 126:	0.04198098  	0.21687561  	0.15271349  
2023-11-03 19:15:41.307: Find a better model.
2023-11-03 19:15:54.956: [iter 127 : loss : -0.2126 = 0.1192 + -0.3434 + 0.0134 + -0.0018, time: 13.622833]
2023-11-03 19:15:55.586: epoch 127:	0.04194049  	0.21663778  	0.15272160  
2023-11-03 19:16:09.086: [iter 128 : loss : -0.2132 = 0.1209 + -0.3458 + 0.0135 + -0.0018, time: 13.480603]
2023-11-03 19:16:09.711: epoch 128:	0.04195398  	0.21672848  	0.15279996  
2023-11-03 19:16:23.225: [iter 129 : loss : -0.2143 = 0.1222 + -0.3483 + 0.0136 + -0.0018, time: 13.489983]
2023-11-03 19:16:23.855: epoch 129:	0.04212496  	0.21766955  	0.15322357  
2023-11-03 19:16:23.855: Find a better model.
2023-11-03 19:16:37.388: [iter 130 : loss : -0.2142 = 0.1242 + -0.3503 + 0.0137 + -0.0018, time: 13.516246]
2023-11-03 19:16:38.005: epoch 130:	0.04206197  	0.21756868  	0.15312868  
2023-11-03 19:16:51.494: [iter 131 : loss : -0.2128 = 0.1270 + -0.3518 + 0.0139 + -0.0019, time: 13.470882]
2023-11-03 19:16:52.100: epoch 131:	0.04212496  	0.21798167  	0.15341294  
2023-11-03 19:16:52.100: Find a better model.
2023-11-03 19:17:05.638: [iter 132 : loss : -0.2236 = 0.1184 + -0.3541 + 0.0140 + -0.0019, time: 13.514088]
2023-11-03 19:17:06.217: epoch 132:	0.04212494  	0.21826680  	0.15347588  
2023-11-03 19:17:06.217: Find a better model.
2023-11-03 19:17:19.529: [iter 133 : loss : -0.2205 = 0.1232 + -0.3559 + 0.0141 + -0.0019, time: 13.289369]
2023-11-03 19:17:20.161: epoch 133:	0.04213395  	0.21826445  	0.15360697  
2023-11-03 19:17:33.558: [iter 134 : loss : -0.2182 = 0.1270 + -0.3576 + 0.0142 + -0.0019, time: 13.377362]
2023-11-03 19:17:34.151: epoch 134:	0.04220595  	0.21891396  	0.15383461  
2023-11-03 19:17:34.151: Find a better model.
2023-11-03 19:17:47.656: [iter 135 : loss : -0.2238 = 0.1234 + -0.3596 + 0.0143 + -0.0019, time: 13.482491]
2023-11-03 19:17:48.281: epoch 135:	0.04230041  	0.21920708  	0.15392521  
2023-11-03 19:17:48.282: Find a better model.
2023-11-03 19:18:01.868: [iter 136 : loss : -0.2268 = 0.1223 + -0.3616 + 0.0144 + -0.0019, time: 13.567308]
2023-11-03 19:18:02.498: epoch 136:	0.04234990  	0.21969308  	0.15420604  
2023-11-03 19:18:02.498: Find a better model.
2023-11-03 19:18:16.050: [iter 137 : loss : -0.2249 = 0.1257 + -0.3631 + 0.0145 + -0.0019, time: 13.533427]
2023-11-03 19:18:16.700: epoch 137:	0.04232290  	0.21957362  	0.15422921  
2023-11-03 19:18:30.309: [iter 138 : loss : -0.2299 = 0.1229 + -0.3655 + 0.0146 + -0.0019, time: 13.592110]
2023-11-03 19:18:30.946: epoch 138:	0.04233642  	0.21963722  	0.15441760  
2023-11-03 19:18:44.402: [iter 139 : loss : -0.2311 = 0.1233 + -0.3672 + 0.0147 + -0.0019, time: 13.433177]
2023-11-03 19:18:44.980: epoch 139:	0.04233641  	0.21978748  	0.15434350  
2023-11-03 19:18:44.981: Find a better model.
2023-11-03 19:18:58.370: [iter 140 : loss : -0.2336 = 0.1223 + -0.3688 + 0.0148 + -0.0019, time: 13.373734]
2023-11-03 19:18:58.955: epoch 140:	0.04239490  	0.21966870  	0.15439710  
2023-11-03 19:19:12.412: [iter 141 : loss : -0.2386 = 0.1193 + -0.3708 + 0.0149 + -0.0019, time: 13.437965]
2023-11-03 19:19:13.042: epoch 141:	0.04243989  	0.21989943  	0.15443473  
2023-11-03 19:19:13.042: Find a better model.
2023-11-03 19:19:26.464: [iter 142 : loss : -0.2378 = 0.1220 + -0.3728 + 0.0150 + -0.0020, time: 13.403880]
2023-11-03 19:19:27.041: epoch 142:	0.04249838  	0.22003652  	0.15468609  
2023-11-03 19:19:27.042: Find a better model.
2023-11-03 19:19:40.453: [iter 143 : loss : -0.2409 = 0.1208 + -0.3748 + 0.0151 + -0.0020, time: 13.394124]
2023-11-03 19:19:41.044: epoch 143:	0.04252085  	0.21996044  	0.15467365  
2023-11-03 19:19:54.363: [iter 144 : loss : -0.2414 = 0.1220 + -0.3766 + 0.0152 + -0.0020, time: 13.304040]
2023-11-03 19:19:54.939: epoch 144:	0.04248487  	0.21976987  	0.15457259  
2023-11-03 19:20:08.662: [iter 145 : loss : -0.2401 = 0.1248 + -0.3782 + 0.0153 + -0.0020, time: 13.703350]
2023-11-03 19:20:09.297: epoch 145:	0.04242638  	0.21959971  	0.15450136  
2023-11-03 19:20:22.847: [iter 146 : loss : -0.2432 = 0.1235 + -0.3802 + 0.0155 + -0.0020, time: 13.527889]
2023-11-03 19:20:23.475: epoch 146:	0.04244889  	0.21973118  	0.15457210  
2023-11-03 19:20:36.952: [iter 147 : loss : -0.2430 = 0.1251 + -0.3817 + 0.0156 + -0.0020, time: 13.452460]
2023-11-03 19:20:37.550: epoch 147:	0.04251635  	0.22007127  	0.15476298  
2023-11-03 19:20:37.550: Find a better model.
2023-11-03 19:20:51.095: [iter 148 : loss : -0.2454 = 0.1246 + -0.3836 + 0.0157 + -0.0020, time: 13.527644]
2023-11-03 19:20:51.717: epoch 148:	0.04251187  	0.22015610  	0.15488937  
2023-11-03 19:20:51.717: Find a better model.
2023-11-03 19:21:05.081: [iter 149 : loss : -0.2496 = 0.1223 + -0.3857 + 0.0158 + -0.0020, time: 13.341055]
2023-11-03 19:21:05.658: epoch 149:	0.04253886  	0.22055389  	0.15508905  
2023-11-03 19:21:05.658: Find a better model.
2023-11-03 19:21:19.305: [iter 150 : loss : -0.2503 = 0.1236 + -0.3877 + 0.0159 + -0.0020, time: 13.627925]
2023-11-03 19:21:19.941: epoch 150:	0.04254787  	0.22039181  	0.15505123  
2023-11-03 19:21:33.454: [iter 151 : loss : -0.2530 = 0.1220 + -0.3890 + 0.0160 + -0.0020, time: 13.492056]
2023-11-03 19:21:34.088: epoch 151:	0.04255236  	0.22036909  	0.15511502  
2023-11-03 19:21:47.701: [iter 152 : loss : -0.2535 = 0.1230 + -0.3906 + 0.0161 + -0.0021, time: 13.592463]
2023-11-03 19:21:48.321: epoch 152:	0.04254336  	0.22039919  	0.15497181  
2023-11-03 19:22:01.896: [iter 153 : loss : -0.2583 = 0.1201 + -0.3926 + 0.0162 + -0.0021, time: 13.556242]
2023-11-03 19:22:02.520: epoch 153:	0.04248037  	0.22003305  	0.15496551  
2023-11-03 19:22:16.211: [iter 154 : loss : -0.2578 = 0.1221 + -0.3941 + 0.0163 + -0.0021, time: 13.670881]
2023-11-03 19:22:16.855: epoch 154:	0.04248487  	0.21989074  	0.15481293  
2023-11-03 19:22:30.440: [iter 155 : loss : -0.2595 = 0.1220 + -0.3958 + 0.0164 + -0.0021, time: 13.561890]
2023-11-03 19:22:31.077: epoch 155:	0.04253434  	0.22034897  	0.15508422  
2023-11-03 19:22:44.660: [iter 156 : loss : -0.2587 = 0.1245 + -0.3976 + 0.0165 + -0.0021, time: 13.565874]
2023-11-03 19:22:45.286: epoch 156:	0.04253434  	0.22032416  	0.15528424  
2023-11-03 19:22:58.890: [iter 157 : loss : -0.2593 = 0.1257 + -0.3995 + 0.0166 + -0.0021, time: 13.586595]
2023-11-03 19:22:59.537: epoch 157:	0.04251636  	0.22015388  	0.15517111  
2023-11-03 19:23:13.192: [iter 158 : loss : -0.2634 = 0.1233 + -0.4013 + 0.0167 + -0.0021, time: 13.631481]
2023-11-03 19:23:13.835: epoch 158:	0.04254784  	0.22043590  	0.15533483  
2023-11-03 19:23:27.167: [iter 159 : loss : -0.2641 = 0.1239 + -0.4027 + 0.0168 + -0.0021, time: 13.312890]
2023-11-03 19:23:27.800: epoch 159:	0.04254784  	0.22046955  	0.15543400  
2023-11-03 19:23:27.800: Early stopping is trigger at epoch: 159
2023-11-03 19:23:27.800: best_result@epoch 149:

2023-11-03 19:23:27.800: 		0.0425      	0.2206      	0.1551      
