2023-04-07 17:02:27.658: my pid: 40236
2023-04-07 17:02:27.659: model: model.general_recommender.GNNEC
2023-04-07 17:02:27.659: Dataset statistics:
Name: gowalla-20core
The number of users: 11113
The number of items: 18074
The number of ratings: 523315
Average actions of users: 47.09
Average actions of items: 28.95
The sparsity of the dataset: 99.739458%

The number of training: 475362
The number of validation: 0
The number of testing: 47953
2023-04-07 17:02:27.659: NeuRec:[NeuRec]:
recommender=GNNEC
dataset=gowalla-20core
file_column=UI
sep=','
gpu_id=0
gpu_mem=0.99
metric=["Precision", "Recall", "NDCG"]
top_k=[20]
test_thread=8
test_batch_size=128
seed=2021
start_testing_epoch=0

GNNEC:[hyperparameters]:
mf_reg=1e-4
svd_q=5
aug_type=ND
reg=1e-4
embed_size=64
n_layers=2
ssl_reg=0.02
ssl_ratio=0.5
ssl_temp=0.8
ssl_mode=both_side
lr=1e-3
learner=adam
adj_type=pre
epochs=200
batch_size=2048
num_negatives=1
param_init=xavier_uniform
stddev=0.01
verbose=1
stop_cnt=10
pretrain_flag=0
save_flag=0

Command line:
recommender=GNNEC
dataset=gowalla-20core
epochs=200
n_layers=2
embed_size=64
batch_size=2048
lr=1e-3
aug_type=ND
reg=1e-4
ssl_reg=0.02
ssl_ratio=0.5
ssl_temp=0.8
mf_reg=1e-4
svd_q=5
2023-04-07 17:02:33.828: metrics:	Precision@20	Recall@20   	NDCG@20     
2023-04-07 17:02:59.857: [iter 1 : loss : 0.8855 = 0.5263 + 0.3573 + 0.0001 + 0.0018, time: 26.027484]
2023-04-07 17:03:00.457: epoch 1:	0.01841142  	0.09752527  	0.06579208  
2023-04-07 17:03:00.457: Find a better model.
2023-04-07 17:03:26.326: [iter 2 : loss : 0.5686 = 0.2381 + 0.3284 + 0.0004 + 0.0017, time: 25.854177]
2023-04-07 17:03:26.948: epoch 2:	0.01967127  	0.10396356  	0.07046359  
2023-04-07 17:03:26.948: Find a better model.
