2023-09-03 21:27:34.547: my pid: 34990
2023-09-03 21:27:34.547: model: model.general_recommender.GNNEC
2023-09-03 21:27:34.547: Dataset statistics:
Name: gowalla-20core
The number of users: 11113
The number of items: 18074
The number of ratings: 523315
Average actions of users: 47.09
Average actions of items: 28.95
The sparsity of the dataset: 99.739458%

The number of training: 475362
The number of validation: 0
The number of testing: 47953
2023-09-03 21:27:34.547: NeuRec:[NeuRec]:
recommender=GNNEC
dataset=gowalla-20core
file_column=UI
sep=','
gpu_id=0
gpu_mem=0.99
metric=["Precision", "Recall", "NDCG"]
top_k=[20]
test_thread=8
test_batch_size=128
seed=2021
start_testing_epoch=0

GNNEC:[hyperparameters]:
mf_reg=1e-4
svd_q=5
aug_type=ND
reg=1e-4
embed_size=64
n_layers=2
ssl_reg=0.02
ssl_ratio=0.5
ssl_temp=0.8
ssl_mode=both_side
lr=1e-3
learner=adam
adj_type=pre
epochs=200
batch_size=2048
num_negatives=1
param_init=xavier_uniform
stddev=0.01
verbose=1
stop_cnt=10
pretrain_flag=0
save_flag=0

Command line:
recommender=GNNEC
dataset=gowalla-20core
epochs=200
n_layers=2
embed_size=64
batch_size=2048
lr=1e-3
aug_type=ND
reg=1e-4
ssl_reg=0.02
ssl_ratio=0.5
ssl_temp=0.8
mf_reg=1e-4
svd_q=5
2023-09-03 21:27:39.521: metrics:	Precision@20	Recall@20   	NDCG@20     
2023-09-03 21:27:53.921: [iter 1 : loss : 0.9079 = 0.5734 + 0.3327 + 0.0001 + 0.0017, time: 14.399148]
2023-09-03 21:27:54.550: epoch 1:	0.02011221  	0.10575731  	0.07088768  
2023-09-03 21:27:54.550: Find a better model.
2023-09-03 21:28:08.142: [iter 2 : loss : 0.6417 = 0.3701 + 0.2700 + 0.0003 + 0.0014, time: 13.574511]
2023-09-03 21:28:08.799: epoch 2:	0.02185347  	0.11496330  	0.07964148  
2023-09-03 21:28:08.799: Find a better model.
2023-09-03 21:28:22.270: [iter 3 : loss : 0.5459 = 0.3009 + 0.2434 + 0.0004 + 0.0012, time: 13.451976]
2023-09-03 21:28:22.923: epoch 3:	0.02313578  	0.12173769  	0.08477124  
2023-09-03 21:28:22.923: Find a better model.
2023-09-03 21:28:36.433: [iter 4 : loss : 0.4922 = 0.2637 + 0.2268 + 0.0005 + 0.0012, time: 13.469578]
2023-09-03 21:28:37.093: epoch 4:	0.02399500  	0.12646425  	0.08777289  
2023-09-03 21:28:37.094: Find a better model.
2023-09-03 21:28:50.553: [iter 5 : loss : 0.4561 = 0.2399 + 0.2145 + 0.0006 + 0.0011, time: 13.435807]
2023-09-03 21:28:51.195: epoch 5:	0.02441337  	0.12898642  	0.09004043  
2023-09-03 21:28:51.195: Find a better model.
2023-09-03 21:29:04.662: [iter 6 : loss : 0.4309 = 0.2245 + 0.2047 + 0.0007 + 0.0010, time: 13.446795]
2023-09-03 21:29:05.322: epoch 6:	0.02484524  	0.13158628  	0.09180110  
2023-09-03 21:29:05.322: Find a better model.
2023-09-03 21:29:18.838: [iter 7 : loss : 0.4106 = 0.2123 + 0.1964 + 0.0008 + 0.0010, time: 13.495328]
2023-09-03 21:29:19.444: epoch 7:	0.02522311  	0.13324681  	0.09286535  
2023-09-03 21:29:19.444: Find a better model.
2023-09-03 21:29:32.785: [iter 8 : loss : 0.3954 = 0.2040 + 0.1895 + 0.0009 + 0.0010, time: 13.321925]
2023-09-03 21:29:33.439: epoch 8:	0.02571795  	0.13591054  	0.09476919  
2023-09-03 21:29:33.439: Find a better model.
2023-09-03 21:29:46.923: [iter 9 : loss : 0.3810 = 0.1962 + 0.1829 + 0.0010 + 0.0009, time: 13.463404]
2023-09-03 21:29:47.552: epoch 9:	0.02599684  	0.13693428  	0.09585003  
2023-09-03 21:29:47.552: Find a better model.
2023-09-03 21:30:01.047: [iter 10 : loss : 0.3690 = 0.1893 + 0.1777 + 0.0011 + 0.0009, time: 13.471728]
2023-09-03 21:30:01.704: epoch 10:	0.02644671  	0.13930507  	0.09695347  
2023-09-03 21:30:01.704: Find a better model.
2023-09-03 21:30:15.216: [iter 11 : loss : 0.3584 = 0.1842 + 0.1722 + 0.0012 + 0.0009, time: 13.486881]
2023-09-03 21:30:15.864: epoch 11:	0.02678411  	0.14086795  	0.09832573  
2023-09-03 21:30:15.864: Find a better model.
2023-09-03 21:30:29.308: [iter 12 : loss : 0.3466 = 0.1774 + 0.1671 + 0.0012 + 0.0009, time: 13.428952]
2023-09-03 21:30:29.958: epoch 12:	0.02727443  	0.14285354  	0.09938999  
2023-09-03 21:30:29.958: Find a better model.
2023-09-03 21:30:43.469: [iter 13 : loss : 0.3372 = 0.1727 + 0.1623 + 0.0013 + 0.0008, time: 13.491119]
2023-09-03 21:30:44.100: epoch 13:	0.02749487  	0.14418679  	0.10002311  
2023-09-03 21:30:44.101: Find a better model.
2023-09-03 21:30:57.506: [iter 14 : loss : 0.3287 = 0.1687 + 0.1578 + 0.0014 + 0.0008, time: 13.384576]
2023-09-03 21:30:58.166: epoch 14:	0.02771978  	0.14530696  	0.10081855  
2023-09-03 21:30:58.166: Find a better model.
2023-09-03 21:31:11.700: [iter 15 : loss : 0.3219 = 0.1662 + 0.1535 + 0.0015 + 0.0008, time: 13.507651]
2023-09-03 21:31:12.320: epoch 15:	0.02799870  	0.14661965  	0.10160909  
2023-09-03 21:31:12.320: Find a better model.
2023-09-03 21:31:25.666: [iter 16 : loss : 0.3154 = 0.1633 + 0.1498 + 0.0016 + 0.0008, time: 13.327616]
2023-09-03 21:31:26.308: epoch 16:	0.02830458  	0.14773244  	0.10261483  
2023-09-03 21:31:26.308: Find a better model.
2023-09-03 21:31:39.530: [iter 17 : loss : 0.3060 = 0.1577 + 0.1459 + 0.0016 + 0.0007, time: 13.201628]
2023-09-03 21:31:40.165: epoch 17:	0.02864199  	0.14990434  	0.10392572  
2023-09-03 21:31:40.166: Find a better model.
2023-09-03 21:31:53.893: [iter 18 : loss : 0.3005 = 0.1560 + 0.1420 + 0.0017 + 0.0007, time: 13.702071]
2023-09-03 21:31:54.536: epoch 18:	0.02895691  	0.15122527  	0.10482121  
2023-09-03 21:31:54.536: Find a better model.
2023-09-03 21:32:08.112: [iter 19 : loss : 0.2940 = 0.1529 + 0.1385 + 0.0018 + 0.0007, time: 13.553195]
2023-09-03 21:32:08.763: epoch 19:	0.02909186  	0.15126573  	0.10559372  
2023-09-03 21:32:08.763: Find a better model.
2023-09-03 21:32:22.359: [iter 20 : loss : 0.2882 = 0.1510 + 0.1347 + 0.0019 + 0.0007, time: 13.573668]
2023-09-03 21:32:23.011: epoch 20:	0.02928532  	0.15228213  	0.10643630  
2023-09-03 21:32:23.011: Find a better model.
2023-09-03 21:32:36.597: [iter 21 : loss : 0.2832 = 0.1492 + 0.1314 + 0.0020 + 0.0007, time: 13.564326]
2023-09-03 21:32:37.248: epoch 21:	0.02944728  	0.15324908  	0.10726187  
2023-09-03 21:32:37.248: Find a better model.
2023-09-03 21:32:50.889: [iter 22 : loss : 0.2761 = 0.1455 + 0.1279 + 0.0020 + 0.0006, time: 13.624016]
2023-09-03 21:32:51.540: epoch 22:	0.02964521  	0.15430397  	0.10777949  
2023-09-03 21:32:51.540: Find a better model.
2023-09-03 21:33:05.070: [iter 23 : loss : 0.2693 = 0.1423 + 0.1243 + 0.0021 + 0.0006, time: 13.507809]
2023-09-03 21:33:05.720: epoch 23:	0.02986564  	0.15538934  	0.10860316  
2023-09-03 21:33:05.720: Find a better model.
2023-09-03 21:33:19.282: [iter 24 : loss : 0.2647 = 0.1410 + 0.1209 + 0.0022 + 0.0006, time: 13.543784]
2023-09-03 21:33:19.923: epoch 24:	0.03010407  	0.15649238  	0.10954441  
2023-09-03 21:33:19.923: Find a better model.
2023-09-03 21:33:33.548: [iter 25 : loss : 0.2603 = 0.1396 + 0.1178 + 0.0023 + 0.0006, time: 13.603341]
2023-09-03 21:33:34.192: epoch 25:	0.03013106  	0.15646154  	0.11008242  
2023-09-03 21:33:47.686: [iter 26 : loss : 0.2550 = 0.1376 + 0.1144 + 0.0024 + 0.0006, time: 13.475993]
2023-09-03 21:33:48.332: epoch 26:	0.03033801  	0.15792026  	0.11089883  
2023-09-03 21:33:48.333: Find a better model.
2023-09-03 21:34:01.872: [iter 27 : loss : 0.2493 = 0.1352 + 0.1111 + 0.0024 + 0.0006, time: 13.519357]
2023-09-03 21:34:02.500: epoch 27:	0.03053147  	0.15917170  	0.11165371  
2023-09-03 21:34:02.500: Find a better model.
2023-09-03 21:34:16.030: [iter 28 : loss : 0.2457 = 0.1347 + 0.1079 + 0.0025 + 0.0005, time: 13.509447]
2023-09-03 21:34:16.681: epoch 28:	0.03083288  	0.16084972  	0.11249807  
2023-09-03 21:34:16.681: Find a better model.
2023-09-03 21:34:30.128: [iter 29 : loss : 0.2401 = 0.1322 + 0.1048 + 0.0026 + 0.0005, time: 13.427528]
2023-09-03 21:34:30.776: epoch 29:	0.03099034  	0.16145965  	0.11304193  
2023-09-03 21:34:30.776: Find a better model.
2023-09-03 21:34:44.310: [iter 30 : loss : 0.2344 = 0.1294 + 0.1018 + 0.0027 + 0.0005, time: 13.517354]
2023-09-03 21:34:44.956: epoch 30:	0.03104431  	0.16191785  	0.11359725  
2023-09-03 21:34:44.956: Find a better model.
2023-09-03 21:34:58.437: [iter 31 : loss : 0.2312 = 0.1293 + 0.0987 + 0.0028 + 0.0005, time: 13.457996]
2023-09-03 21:34:59.091: epoch 31:	0.03115230  	0.16245794  	0.11418115  
2023-09-03 21:34:59.091: Find a better model.
2023-09-03 21:35:12.697: [iter 32 : loss : 0.2260 = 0.1270 + 0.0957 + 0.0028 + 0.0005, time: 13.583872]
2023-09-03 21:35:13.343: epoch 32:	0.03130524  	0.16335656  	0.11483769  
2023-09-03 21:35:13.344: Find a better model.
2023-09-03 21:35:26.774: [iter 33 : loss : 0.2231 = 0.1272 + 0.0926 + 0.0029 + 0.0005, time: 13.407792]
2023-09-03 21:35:27.424: epoch 33:	0.03153018  	0.16456668  	0.11541316  
2023-09-03 21:35:27.424: Find a better model.
2023-09-03 21:35:40.937: [iter 34 : loss : 0.2204 = 0.1273 + 0.0897 + 0.0030 + 0.0004, time: 13.490960]
2023-09-03 21:35:41.584: epoch 34:	0.03173712  	0.16521841  	0.11582890  
2023-09-03 21:35:41.584: Find a better model.
2023-09-03 21:35:55.187: [iter 35 : loss : 0.2149 = 0.1245 + 0.0869 + 0.0031 + 0.0004, time: 13.579564]
2023-09-03 21:35:55.839: epoch 35:	0.03179111  	0.16567247  	0.11635598  
2023-09-03 21:35:55.839: Find a better model.
2023-09-03 21:36:09.420: [iter 36 : loss : 0.2115 = 0.1240 + 0.0839 + 0.0032 + 0.0004, time: 13.560722]
2023-09-03 21:36:10.042: epoch 36:	0.03189009  	0.16615586  	0.11696245  
2023-09-03 21:36:10.042: Find a better model.
2023-09-03 21:36:23.666: [iter 37 : loss : 0.2069 = 0.1220 + 0.0813 + 0.0033 + 0.0004, time: 13.606312]
2023-09-03 21:36:24.299: epoch 37:	0.03203856  	0.16686413  	0.11734977  
2023-09-03 21:36:24.299: Find a better model.
2023-09-03 21:36:37.784: [iter 38 : loss : 0.2038 = 0.1217 + 0.0783 + 0.0033 + 0.0004, time: 13.467196]
2023-09-03 21:36:38.427: epoch 38:	0.03223652  	0.16776846  	0.11787275  
2023-09-03 21:36:38.428: Find a better model.
2023-09-03 21:36:51.996: [iter 39 : loss : 0.2008 = 0.1214 + 0.0756 + 0.0034 + 0.0004, time: 13.552412]
2023-09-03 21:36:52.630: epoch 39:	0.03238495  	0.16846111  	0.11830741  
2023-09-03 21:36:52.631: Find a better model.
2023-09-03 21:37:06.251: [iter 40 : loss : 0.1968 = 0.1201 + 0.0728 + 0.0035 + 0.0004, time: 13.598134]
2023-09-03 21:37:06.904: epoch 40:	0.03253338  	0.16895097  	0.11890019  
2023-09-03 21:37:06.904: Find a better model.
2023-09-03 21:37:20.411: [iter 41 : loss : 0.1920 = 0.1179 + 0.0702 + 0.0036 + 0.0003, time: 13.482690]
2023-09-03 21:37:21.042: epoch 41:	0.03260987  	0.16946587  	0.11934752  
2023-09-03 21:37:21.042: Find a better model.
2023-09-03 21:37:34.699: [iter 42 : loss : 0.1898 = 0.1184 + 0.0674 + 0.0037 + 0.0003, time: 13.641544]
2023-09-03 21:37:35.342: epoch 42:	0.03279430  	0.17029236  	0.11990579  
2023-09-03 21:37:35.342: Find a better model.
2023-09-03 21:37:48.805: [iter 43 : loss : 0.1885 = 0.1192 + 0.0652 + 0.0038 + 0.0003, time: 13.442721]
2023-09-03 21:37:49.440: epoch 43:	0.03296527  	0.17118253  	0.12027506  
2023-09-03 21:37:49.440: Find a better model.
2023-09-03 21:38:02.988: [iter 44 : loss : 0.1816 = 0.1151 + 0.0624 + 0.0038 + 0.0003, time: 13.531361]
2023-09-03 21:38:03.618: epoch 44:	0.03302825  	0.17130560  	0.12062425  
2023-09-03 21:38:03.618: Find a better model.
2023-09-03 21:38:17.146: [iter 45 : loss : 0.1813 = 0.1174 + 0.0597 + 0.0039 + 0.0003, time: 13.509249]
2023-09-03 21:38:17.773: epoch 45:	0.03305525  	0.17168221  	0.12084772  
2023-09-03 21:38:17.774: Find a better model.
2023-09-03 21:38:31.353: [iter 46 : loss : 0.1766 = 0.1151 + 0.0573 + 0.0040 + 0.0003, time: 13.559390]
2023-09-03 21:38:32.016: epoch 46:	0.03322620  	0.17244998  	0.12131467  
2023-09-03 21:38:32.016: Find a better model.
2023-09-03 21:38:45.565: [iter 47 : loss : 0.1710 = 0.1120 + 0.0546 + 0.0041 + 0.0003, time: 13.526317]
2023-09-03 21:38:46.204: epoch 47:	0.03339266  	0.17357661  	0.12194899  
2023-09-03 21:38:46.204: Find a better model.
2023-09-03 21:38:59.780: [iter 48 : loss : 0.1715 = 0.1151 + 0.0520 + 0.0042 + 0.0002, time: 13.553471]
2023-09-03 21:39:00.430: epoch 48:	0.03348264  	0.17369956  	0.12235794  
2023-09-03 21:39:00.430: Find a better model.
2023-09-03 21:39:13.926: [iter 49 : loss : 0.1680 = 0.1138 + 0.0497 + 0.0043 + 0.0002, time: 13.475486]
2023-09-03 21:39:14.564: epoch 49:	0.03368509  	0.17520402  	0.12279382  
2023-09-03 21:39:14.564: Find a better model.
2023-09-03 21:39:28.170: [iter 50 : loss : 0.1621 = 0.1105 + 0.0471 + 0.0044 + 0.0002, time: 13.589053]
2023-09-03 21:39:28.806: epoch 50:	0.03385153  	0.17619491  	0.12352601  
2023-09-03 21:39:28.806: Find a better model.
2023-09-03 21:39:42.346: [iter 51 : loss : 0.1600 = 0.1110 + 0.0443 + 0.0044 + 0.0002, time: 13.520896]
2023-09-03 21:39:42.989: epoch 51:	0.03398201  	0.17708839  	0.12399875  
2023-09-03 21:39:42.990: Find a better model.
2023-09-03 21:39:56.575: [iter 52 : loss : 0.1597 = 0.1132 + 0.0417 + 0.0045 + 0.0002, time: 13.559223]
2023-09-03 21:39:57.207: epoch 52:	0.03400449  	0.17714798  	0.12422743  
2023-09-03 21:39:57.207: Find a better model.
2023-09-03 21:40:10.679: [iter 53 : loss : 0.1542 = 0.1101 + 0.0393 + 0.0046 + 0.0002, time: 13.452924]
2023-09-03 21:40:11.277: epoch 53:	0.03408097  	0.17756119  	0.12444279  
2023-09-03 21:40:11.277: Find a better model.
2023-09-03 21:40:24.581: [iter 54 : loss : 0.1520 = 0.1101 + 0.0370 + 0.0047 + 0.0002, time: 13.277626]
2023-09-03 21:40:25.223: epoch 54:	0.03420244  	0.17786494  	0.12503958  
2023-09-03 21:40:25.223: Find a better model.
2023-09-03 21:40:38.783: [iter 55 : loss : 0.1511 = 0.1119 + 0.0343 + 0.0048 + 0.0002, time: 13.537400]
2023-09-03 21:40:39.432: epoch 55:	0.03424294  	0.17816682  	0.12554343  
2023-09-03 21:40:39.432: Find a better model.
2023-09-03 21:40:52.949: [iter 56 : loss : 0.1456 = 0.1087 + 0.0318 + 0.0049 + 0.0001, time: 13.500248]
2023-09-03 21:40:53.559: epoch 56:	0.03435989  	0.17872308  	0.12582499  
2023-09-03 21:40:53.560: Find a better model.
2023-09-03 21:41:07.164: [iter 57 : loss : 0.1426 = 0.1076 + 0.0298 + 0.0050 + 0.0001, time: 13.583392]
2023-09-03 21:41:07.813: epoch 57:	0.03458031  	0.17993480  	0.12641333  
2023-09-03 21:41:07.813: Find a better model.
2023-09-03 21:41:21.260: [iter 58 : loss : 0.1405 = 0.1080 + 0.0273 + 0.0051 + 0.0001, time: 13.430496]
2023-09-03 21:41:21.902: epoch 58:	0.03470626  	0.18061271  	0.12676711  
2023-09-03 21:41:21.903: Find a better model.
2023-09-03 21:41:35.511: [iter 59 : loss : 0.1400 = 0.1098 + 0.0250 + 0.0052 + 0.0001, time: 13.591935]
2023-09-03 21:41:36.138: epoch 59:	0.03472874  	0.18043064  	0.12688279  
2023-09-03 21:41:49.778: [iter 60 : loss : 0.1339 = 0.1060 + 0.0226 + 0.0052 + 0.0001, time: 13.618954]
2023-09-03 21:41:50.423: epoch 60:	0.03492220  	0.18160194  	0.12747075  
2023-09-03 21:41:50.423: Find a better model.
2023-09-03 21:42:03.941: [iter 61 : loss : 0.1310 = 0.1053 + 0.0202 + 0.0053 + 0.0001, time: 13.496937]
2023-09-03 21:42:04.593: epoch 61:	0.03489970  	0.18165080  	0.12766095  
2023-09-03 21:42:04.593: Find a better model.
2023-09-03 21:42:18.163: [iter 62 : loss : 0.1284 = 0.1051 + 0.0179 + 0.0054 + 0.0001, time: 13.542015]
2023-09-03 21:42:18.783: epoch 62:	0.03504365  	0.18241470  	0.12797526  
2023-09-03 21:42:18.783: Find a better model.
2023-09-03 21:42:32.380: [iter 63 : loss : 0.1255 = 0.1042 + 0.0157 + 0.0055 + 0.0001, time: 13.579070]
2023-09-03 21:42:33.022: epoch 63:	0.03523707  	0.18318658  	0.12837473  
2023-09-03 21:42:33.022: Find a better model.
2023-09-03 21:42:46.613: [iter 64 : loss : 0.1229 = 0.1043 + 0.0129 + 0.0056 + 0.0000, time: 13.571178]
2023-09-03 21:42:47.255: epoch 64:	0.03525958  	0.18360199  	0.12872662  
2023-09-03 21:42:47.255: Find a better model.
2023-09-03 21:43:00.742: [iter 65 : loss : 0.1197 = 0.1029 + 0.0111 + 0.0057 + 0.0000, time: 13.462796]
2023-09-03 21:43:01.379: epoch 65:	0.03529558  	0.18371397  	0.12895514  
2023-09-03 21:43:01.379: Find a better model.
2023-09-03 21:43:14.922: [iter 66 : loss : 0.1184 = 0.1041 + 0.0085 + 0.0058 + 0.0000, time: 13.524556]
2023-09-03 21:43:15.571: epoch 66:	0.03543954  	0.18441996  	0.12937646  
2023-09-03 21:43:15.572: Find a better model.
2023-09-03 21:43:29.204: [iter 67 : loss : 0.1165 = 0.1046 + 0.0060 + 0.0059 + 0.0000, time: 13.610171]
2023-09-03 21:43:29.848: epoch 67:	0.03562399  	0.18532023  	0.12986568  
2023-09-03 21:43:29.848: Find a better model.
2023-09-03 21:43:43.369: [iter 68 : loss : 0.1129 = 0.1033 + 0.0036 + 0.0060 + -0.0000, time: 13.502196]
2023-09-03 21:43:44.011: epoch 68:	0.03574996  	0.18579569  	0.13011998  
2023-09-03 21:43:44.011: Find a better model.
2023-09-03 21:43:57.542: [iter 69 : loss : 0.1089 = 0.1011 + 0.0017 + 0.0061 + -0.0000, time: 13.507900]
2023-09-03 21:43:58.183: epoch 69:	0.03580844  	0.18621778  	0.13032553  
2023-09-03 21:43:58.183: Find a better model.
2023-09-03 21:44:11.810: [iter 70 : loss : 0.1086 = 0.1031 + -0.0007 + 0.0062 + -0.0000, time: 13.608300]
2023-09-03 21:44:12.464: epoch 70:	0.03596140  	0.18686402  	0.13071513  
2023-09-03 21:44:12.464: Find a better model.
2023-09-03 21:44:25.936: [iter 71 : loss : 0.1062 = 0.1029 + -0.0030 + 0.0063 + -0.0000, time: 13.453985]
2023-09-03 21:44:26.550: epoch 71:	0.03606937  	0.18724191  	0.13106373  
2023-09-03 21:44:26.550: Find a better model.
2023-09-03 21:44:40.088: [iter 72 : loss : 0.1034 = 0.1022 + -0.0051 + 0.0064 + -0.0000, time: 13.522023]
2023-09-03 21:44:40.747: epoch 72:	0.03612784  	0.18741946  	0.13133045  
2023-09-03 21:44:40.747: Find a better model.
2023-09-03 21:44:54.297: [iter 73 : loss : 0.0991 = 0.1003 + -0.0075 + 0.0065 + -0.0001, time: 13.526849]
2023-09-03 21:44:54.923: epoch 73:	0.03618181  	0.18787661  	0.13168196  
2023-09-03 21:44:54.923: Find a better model.
2023-09-03 21:45:08.396: [iter 74 : loss : 0.0987 = 0.1019 + -0.0097 + 0.0066 + -0.0001, time: 13.455131]
2023-09-03 21:45:09.050: epoch 74:	0.03624482  	0.18849462  	0.13208055  
2023-09-03 21:45:09.050: Find a better model.
2023-09-03 21:45:22.452: [iter 75 : loss : 0.0950 = 0.1004 + -0.0119 + 0.0067 + -0.0001, time: 13.382788]
2023-09-03 21:45:23.108: epoch 75:	0.03629427  	0.18884951  	0.13216472  
2023-09-03 21:45:23.108: Find a better model.
2023-09-03 21:45:36.640: [iter 76 : loss : 0.0928 = 0.1003 + -0.0142 + 0.0068 + -0.0001, time: 13.512046]
2023-09-03 21:45:37.289: epoch 76:	0.03636177  	0.18898819  	0.13238609  
2023-09-03 21:45:37.289: Find a better model.
2023-09-03 21:45:50.876: [iter 77 : loss : 0.0912 = 0.1008 + -0.0164 + 0.0068 + -0.0001, time: 13.571198]
2023-09-03 21:45:51.509: epoch 77:	0.03644726  	0.18922903  	0.13283044  
2023-09-03 21:45:51.509: Find a better model.
2023-09-03 21:46:04.952: [iter 78 : loss : 0.0874 = 0.0991 + -0.0185 + 0.0070 + -0.0001, time: 13.422852]
2023-09-03 21:46:05.595: epoch 78:	0.03658673  	0.18985164  	0.13318083  
2023-09-03 21:46:05.596: Find a better model.
2023-09-03 21:46:19.054: [iter 79 : loss : 0.0858 = 0.0999 + -0.0210 + 0.0071 + -0.0001, time: 13.443721]
2023-09-03 21:46:19.696: epoch 79:	0.03668570  	0.19011547  	0.13352497  
2023-09-03 21:46:19.697: Find a better model.
2023-09-03 21:46:33.331: [iter 80 : loss : 0.0829 = 0.0988 + -0.0229 + 0.0072 + -0.0001, time: 13.614366]
2023-09-03 21:46:33.969: epoch 80:	0.03678468  	0.19078183  	0.13380507  
2023-09-03 21:46:33.970: Find a better model.
2023-09-03 21:46:47.456: [iter 81 : loss : 0.0827 = 0.1007 + -0.0251 + 0.0072 + -0.0002, time: 13.468986]
2023-09-03 21:46:48.091: epoch 81:	0.03687013  	0.19139320  	0.13419285  
2023-09-03 21:46:48.092: Find a better model.
2023-09-03 21:47:01.681: [iter 82 : loss : 0.0771 = 0.0968 + -0.0270 + 0.0073 + -0.0002, time: 13.575100]
2023-09-03 21:47:02.323: epoch 82:	0.03705909  	0.19233422  	0.13453171  
2023-09-03 21:47:02.324: Find a better model.
2023-09-03 21:47:15.804: [iter 83 : loss : 0.0757 = 0.0980 + -0.0296 + 0.0075 + -0.0002, time: 13.461435]
2023-09-03 21:47:16.455: epoch 83:	0.03713107  	0.19290948  	0.13477233  
2023-09-03 21:47:16.455: Find a better model.
2023-09-03 21:47:29.884: [iter 84 : loss : 0.0748 = 0.0990 + -0.0315 + 0.0076 + -0.0002, time: 13.408201]
2023-09-03 21:47:30.529: epoch 84:	0.03714908  	0.19336377  	0.13484941  
2023-09-03 21:47:30.530: Find a better model.
2023-09-03 21:47:44.149: [iter 85 : loss : 0.0702 = 0.0968 + -0.0341 + 0.0076 + -0.0002, time: 13.598472]
2023-09-03 21:47:44.790: epoch 85:	0.03732453  	0.19406994  	0.13517193  
2023-09-03 21:47:44.790: Find a better model.
2023-09-03 21:47:58.245: [iter 86 : loss : 0.0698 = 0.0983 + -0.0360 + 0.0078 + -0.0002, time: 13.434967]
2023-09-03 21:47:58.882: epoch 86:	0.03733350  	0.19399495  	0.13540989  
2023-09-03 21:48:12.578: [iter 87 : loss : 0.0693 = 0.0998 + -0.0381 + 0.0078 + -0.0002, time: 13.671923]
2023-09-03 21:48:13.225: epoch 87:	0.03743247  	0.19426262  	0.13563678  
2023-09-03 21:48:13.225: Find a better model.
2023-09-03 21:48:26.721: [iter 88 : loss : 0.0655 = 0.0977 + -0.0399 + 0.0079 + -0.0002, time: 13.477900]
2023-09-03 21:48:27.375: epoch 88:	0.03748645  	0.19450651  	0.13578852  
2023-09-03 21:48:27.375: Find a better model.
2023-09-03 21:48:40.929: [iter 89 : loss : 0.0642 = 0.0986 + -0.0423 + 0.0081 + -0.0002, time: 13.535240]
2023-09-03 21:48:41.573: epoch 89:	0.03762140  	0.19544508  	0.13635929  
2023-09-03 21:48:41.573: Find a better model.
2023-09-03 21:48:55.213: [iter 90 : loss : 0.0600 = 0.0964 + -0.0443 + 0.0082 + -0.0002, time: 13.621726]
2023-09-03 21:48:55.848: epoch 90:	0.03767538  	0.19527578  	0.13633025  
2023-09-03 21:49:09.486: [iter 91 : loss : 0.0566 = 0.0951 + -0.0465 + 0.0083 + -0.0003, time: 13.616327]
2023-09-03 21:49:10.115: epoch 91:	0.03782386  	0.19595845  	0.13682200  
2023-09-03 21:49:10.116: Find a better model.
2023-09-03 21:49:23.676: [iter 92 : loss : 0.0566 = 0.0973 + -0.0487 + 0.0084 + -0.0003, time: 13.540221]
2023-09-03 21:49:24.320: epoch 92:	0.03780587  	0.19599819  	0.13670084  
2023-09-03 21:49:24.320: Find a better model.
2023-09-03 21:49:38.012: [iter 93 : loss : 0.0531 = 0.0956 + -0.0507 + 0.0085 + -0.0003, time: 13.675579]
2023-09-03 21:49:38.664: epoch 93:	0.03787786  	0.19640550  	0.13702449  
2023-09-03 21:49:38.664: Find a better model.
2023-09-03 21:49:52.119: [iter 94 : loss : 0.0528 = 0.0975 + -0.0530 + 0.0086 + -0.0003, time: 13.435945]
2023-09-03 21:49:52.751: epoch 94:	0.03791835  	0.19679305  	0.13723353  
2023-09-03 21:49:52.751: Find a better model.
2023-09-03 21:50:06.294: [iter 95 : loss : 0.0482 = 0.0948 + -0.0549 + 0.0087 + -0.0003, time: 13.525081]
2023-09-03 21:50:06.943: epoch 95:	0.03801284  	0.19743398  	0.13759056  
2023-09-03 21:50:06.943: Find a better model.
2023-09-03 21:50:20.533: [iter 96 : loss : 0.0445 = 0.0933 + -0.0573 + 0.0088 + -0.0003, time: 13.570379]
2023-09-03 21:50:21.155: epoch 96:	0.03800834  	0.19716428  	0.13759322  
2023-09-03 21:50:34.667: [iter 97 : loss : 0.0435 = 0.0940 + -0.0591 + 0.0089 + -0.0003, time: 13.494595]
2023-09-03 21:50:35.291: epoch 97:	0.03808033  	0.19748069  	0.13771418  
2023-09-03 21:50:35.291: Find a better model.
2023-09-03 21:50:48.784: [iter 98 : loss : 0.0448 = 0.0971 + -0.0610 + 0.0090 + -0.0003, time: 13.473742]
2023-09-03 21:50:49.421: epoch 98:	0.03811182  	0.19758378  	0.13797870  
2023-09-03 21:50:49.421: Find a better model.
2023-09-03 21:51:02.874: [iter 99 : loss : 0.0397 = 0.0943 + -0.0634 + 0.0091 + -0.0003, time: 13.433526]
2023-09-03 21:51:03.510: epoch 99:	0.03822429  	0.19816925  	0.13830706  
2023-09-03 21:51:03.511: Find a better model.
2023-09-03 21:51:17.066: [iter 100 : loss : 0.0383 = 0.0951 + -0.0656 + 0.0092 + -0.0004, time: 13.535225]
2023-09-03 21:51:17.683: epoch 100:	0.03827378  	0.19844928  	0.13858902  
2023-09-03 21:51:17.683: Find a better model.
2023-09-03 21:51:30.986: [iter 101 : loss : 0.0373 = 0.0957 + -0.0674 + 0.0093 + -0.0004, time: 13.282556]
2023-09-03 21:51:31.614: epoch 101:	0.03826479  	0.19857827  	0.13872163  
2023-09-03 21:51:31.615: Find a better model.
2023-09-03 21:51:45.201: [iter 102 : loss : 0.0343 = 0.0948 + -0.0695 + 0.0094 + -0.0004, time: 13.567262]
2023-09-03 21:51:45.826: epoch 102:	0.03843575  	0.19948387  	0.13912146  
2023-09-03 21:51:45.826: Find a better model.
2023-09-03 21:51:59.297: [iter 103 : loss : 0.0333 = 0.0959 + -0.0717 + 0.0095 + -0.0004, time: 13.453913]
2023-09-03 21:51:59.944: epoch 103:	0.03844475  	0.19945551  	0.13911283  
2023-09-03 21:52:13.395: [iter 104 : loss : 0.0301 = 0.0942 + -0.0733 + 0.0096 + -0.0004, time: 13.431527]
2023-09-03 21:52:14.031: epoch 104:	0.03850323  	0.19966623  	0.13941710  
2023-09-03 21:52:14.031: Find a better model.
2023-09-03 21:52:27.603: [iter 105 : loss : 0.0290 = 0.0953 + -0.0756 + 0.0097 + -0.0004, time: 13.552965]
2023-09-03 21:52:28.165: epoch 105:	0.03858870  	0.20022231  	0.13969044  
2023-09-03 21:52:28.165: Find a better model.
2023-09-03 21:52:41.661: [iter 106 : loss : 0.0229 = 0.0912 + -0.0777 + 0.0099 + -0.0004, time: 13.478063]
2023-09-03 21:52:42.293: epoch 106:	0.03862021  	0.20026724  	0.13990253  
2023-09-03 21:52:42.294: Find a better model.
2023-09-03 21:52:55.966: [iter 107 : loss : 0.0229 = 0.0932 + -0.0798 + 0.0100 + -0.0004, time: 13.656918]
2023-09-03 21:52:56.612: epoch 107:	0.03871018  	0.20074701  	0.14021935  
2023-09-03 21:52:56.612: Find a better model.
2023-09-03 21:53:10.091: [iter 108 : loss : 0.0234 = 0.0956 + -0.0818 + 0.0101 + -0.0004, time: 13.458175]
2023-09-03 21:53:10.704: epoch 108:	0.03872818  	0.20076841  	0.14040059  
2023-09-03 21:53:10.704: Find a better model.
2023-09-03 21:53:24.395: [iter 109 : loss : 0.0207 = 0.0946 + -0.0837 + 0.0102 + -0.0005, time: 13.669586]
2023-09-03 21:53:25.023: epoch 109:	0.03881815  	0.20116939  	0.14072806  
2023-09-03 21:53:25.024: Find a better model.
2023-09-03 21:53:38.629: [iter 110 : loss : 0.0174 = 0.0931 + -0.0855 + 0.0103 + -0.0005, time: 13.584596]
2023-09-03 21:53:39.272: epoch 110:	0.03884964  	0.20137043  	0.14077194  
2023-09-03 21:53:39.272: Find a better model.
2023-09-03 21:53:52.795: [iter 111 : loss : 0.0146 = 0.0921 + -0.0874 + 0.0104 + -0.0005, time: 13.504404]
2023-09-03 21:53:53.428: epoch 111:	0.03889014  	0.20142755  	0.14083448  
2023-09-03 21:53:53.428: Find a better model.
2023-09-03 21:54:07.079: [iter 112 : loss : 0.0121 = 0.0916 + -0.0895 + 0.0105 + -0.0005, time: 13.629440]
2023-09-03 21:54:07.728: epoch 112:	0.03897111  	0.20210949  	0.14125524  
2023-09-03 21:54:07.728: Find a better model.
2023-09-03 21:54:21.289: [iter 113 : loss : 0.0111 = 0.0928 + -0.0918 + 0.0106 + -0.0005, time: 13.537418]
2023-09-03 21:54:21.950: epoch 113:	0.03908359  	0.20258254  	0.14145480  
2023-09-03 21:54:21.950: Find a better model.
2023-09-03 21:54:35.527: [iter 114 : loss : 0.0123 = 0.0957 + -0.0936 + 0.0107 + -0.0005, time: 13.558778]
2023-09-03 21:54:36.165: epoch 114:	0.03911957  	0.20279062  	0.14157143  
2023-09-03 21:54:36.165: Find a better model.
2023-09-03 21:54:49.737: [iter 115 : loss : 0.0070 = 0.0923 + -0.0957 + 0.0108 + -0.0005, time: 13.555875]
2023-09-03 21:54:50.313: epoch 115:	0.03914206  	0.20283090  	0.14158814  
2023-09-03 21:54:50.313: Find a better model.
2023-09-03 21:55:03.823: [iter 116 : loss : 0.0059 = 0.0931 + -0.0976 + 0.0109 + -0.0005, time: 13.489531]
2023-09-03 21:55:04.408: epoch 116:	0.03917355  	0.20301887  	0.14175713  
2023-09-03 21:55:04.408: Find a better model.
2023-09-03 21:55:18.141: [iter 117 : loss : 0.0079 = 0.0965 + -0.0992 + 0.0111 + -0.0005, time: 13.714024]
2023-09-03 21:55:18.781: epoch 117:	0.03915106  	0.20276210  	0.14190082  
2023-09-03 21:55:32.292: [iter 118 : loss : 0.0027 = 0.0931 + -0.1010 + 0.0112 + -0.0005, time: 13.491369]
2023-09-03 21:55:32.928: epoch 118:	0.03915556  	0.20276952  	0.14197423  
2023-09-03 21:55:46.528: [iter 119 : loss : -0.0003 = 0.0923 + -0.1033 + 0.0113 + -0.0006, time: 13.579338]
2023-09-03 21:55:47.174: epoch 119:	0.03923653  	0.20348071  	0.14223628  
2023-09-03 21:55:47.174: Find a better model.
2023-09-03 21:56:00.831: [iter 120 : loss : -0.0028 = 0.0913 + -0.1050 + 0.0114 + -0.0006, time: 13.636677]
2023-09-03 21:56:01.479: epoch 120:	0.03930401  	0.20386229  	0.14244743  
2023-09-03 21:56:01.479: Find a better model.
2023-09-03 21:56:14.991: [iter 121 : loss : -0.0009 = 0.0950 + -0.1069 + 0.0115 + -0.0006, time: 13.489377]
2023-09-03 21:56:15.576: epoch 121:	0.03932201  	0.20395474  	0.14274916  
2023-09-03 21:56:15.576: Find a better model.
2023-09-03 21:56:29.273: [iter 122 : loss : -0.0041 = 0.0936 + -0.1087 + 0.0116 + -0.0006, time: 13.678386]
2023-09-03 21:56:29.920: epoch 122:	0.03933100  	0.20394732  	0.14265154  
2023-09-03 21:56:43.383: [iter 123 : loss : -0.0078 = 0.0917 + -0.1107 + 0.0117 + -0.0006, time: 13.440370]
2023-09-03 21:56:44.021: epoch 123:	0.03940749  	0.20445640  	0.14293331  
2023-09-03 21:56:44.021: Find a better model.
2023-09-03 21:56:57.467: [iter 124 : loss : -0.0093 = 0.0922 + -0.1127 + 0.0118 + -0.0006, time: 13.430261]
2023-09-03 21:56:58.093: epoch 124:	0.03952896  	0.20484972  	0.14322795  
2023-09-03 21:56:58.093: Find a better model.
2023-09-03 21:57:11.746: [iter 125 : loss : -0.0104 = 0.0930 + -0.1148 + 0.0120 + -0.0006, time: 13.632109]
2023-09-03 21:57:12.382: epoch 125:	0.03952896  	0.20510978  	0.14341359  
2023-09-03 21:57:12.382: Find a better model.
2023-09-03 21:57:25.888: [iter 126 : loss : -0.0122 = 0.0927 + -0.1163 + 0.0121 + -0.0006, time: 13.486296]
2023-09-03 21:57:26.518: epoch 126:	0.03956045  	0.20540906  	0.14349453  
2023-09-03 21:57:26.518: Find a better model.
2023-09-03 21:57:40.073: [iter 127 : loss : -0.0146 = 0.0920 + -0.1181 + 0.0122 + -0.0006, time: 13.535114]
2023-09-03 21:57:40.684: epoch 127:	0.03961444  	0.20540100  	0.14366807  
2023-09-03 21:57:54.134: [iter 128 : loss : -0.0171 = 0.0915 + -0.1202 + 0.0123 + -0.0006, time: 13.432562]
2023-09-03 21:57:54.767: epoch 128:	0.03967742  	0.20599248  	0.14389025  
2023-09-03 21:57:54.767: Find a better model.
2023-09-03 21:58:08.092: [iter 129 : loss : -0.0176 = 0.0931 + -0.1225 + 0.0124 + -0.0006, time: 13.306814]
2023-09-03 21:58:08.704: epoch 129:	0.03971792  	0.20630533  	0.14415859  
2023-09-03 21:58:08.704: Find a better model.
2023-09-03 21:58:22.228: [iter 130 : loss : -0.0176 = 0.0947 + -0.1242 + 0.0125 + -0.0007, time: 13.508305]
2023-09-03 21:58:22.862: epoch 130:	0.03980340  	0.20695375  	0.14452772  
2023-09-03 21:58:22.862: Find a better model.
2023-09-03 21:58:36.351: [iter 131 : loss : -0.0177 = 0.0960 + -0.1257 + 0.0126 + -0.0007, time: 13.472306]
2023-09-03 21:58:36.976: epoch 131:	0.03978992  	0.20674509  	0.14456171  
2023-09-03 21:58:49.861: [iter 132 : loss : -0.0249 = 0.0907 + -0.1277 + 0.0127 + -0.0007, time: 12.864440]
2023-09-03 21:58:50.440: epoch 132:	0.03980341  	0.20703638  	0.14464152  
2023-09-03 21:58:50.440: Find a better model.
2023-09-03 21:59:03.891: [iter 133 : loss : -0.0245 = 0.0927 + -0.1294 + 0.0129 + -0.0007, time: 13.429995]
2023-09-03 21:59:04.457: epoch 133:	0.03983039  	0.20702320  	0.14473253  
2023-09-03 21:59:17.900: [iter 134 : loss : -0.0219 = 0.0969 + -0.1310 + 0.0130 + -0.0007, time: 13.422181]
2023-09-03 21:59:18.511: epoch 134:	0.03996088  	0.20771793  	0.14510588  
2023-09-03 21:59:18.511: Find a better model.
2023-09-03 21:59:32.089: [iter 135 : loss : -0.0273 = 0.0930 + -0.1327 + 0.0131 + -0.0007, time: 13.558428]
2023-09-03 21:59:32.737: epoch 135:	0.03995638  	0.20749462  	0.14518875  
2023-09-03 21:59:46.339: [iter 136 : loss : -0.0297 = 0.0926 + -0.1347 + 0.0132 + -0.0007, time: 13.577842]
2023-09-03 21:59:46.962: epoch 136:	0.04005986  	0.20814617  	0.14546618  
2023-09-03 21:59:46.962: Find a better model.
2023-09-03 22:00:00.597: [iter 137 : loss : -0.0299 = 0.0937 + -0.1362 + 0.0133 + -0.0007, time: 13.618683]
2023-09-03 22:00:01.238: epoch 137:	0.03998338  	0.20772633  	0.14548565  
2023-09-03 22:00:14.851: [iter 138 : loss : -0.0326 = 0.0929 + -0.1382 + 0.0134 + -0.0007, time: 13.593359]
2023-09-03 22:00:15.507: epoch 138:	0.04001487  	0.20798944  	0.14565106  
2023-09-03 22:00:29.135: [iter 139 : loss : -0.0334 = 0.0936 + -0.1398 + 0.0135 + -0.0007, time: 13.600390]
2023-09-03 22:00:29.779: epoch 139:	0.04007336  	0.20820925  	0.14571145  
2023-09-03 22:00:29.779: Find a better model.
2023-09-03 22:00:43.338: [iter 140 : loss : -0.0355 = 0.0930 + -0.1415 + 0.0136 + -0.0007, time: 13.538930]
2023-09-03 22:00:43.976: epoch 140:	0.04019932  	0.20871828  	0.14589657  
2023-09-03 22:00:43.976: Find a better model.
2023-09-03 22:00:57.691: [iter 141 : loss : -0.0401 = 0.0902 + -0.1433 + 0.0138 + -0.0008, time: 13.692617]
2023-09-03 22:00:58.335: epoch 141:	0.04026682  	0.20916441  	0.14621730  
2023-09-03 22:00:58.335: Find a better model.
2023-09-03 22:01:11.846: [iter 142 : loss : -0.0416 = 0.0905 + -0.1452 + 0.0139 + -0.0008, time: 13.490515]
2023-09-03 22:01:12.448: epoch 142:	0.04024430  	0.20928378  	0.14633779  
2023-09-03 22:01:12.448: Find a better model.
2023-09-03 22:01:25.171: [iter 143 : loss : -0.0429 = 0.0910 + -0.1471 + 0.0140 + -0.0008, time: 12.704757]
2023-09-03 22:01:25.746: epoch 143:	0.04033430  	0.20940027  	0.14649960  
2023-09-03 22:01:25.747: Find a better model.
2023-09-03 22:01:39.179: [iter 144 : loss : -0.0450 = 0.0905 + -0.1488 + 0.0141 + -0.0008, time: 13.412002]
2023-09-03 22:01:39.761: epoch 144:	0.04039279  	0.20987996  	0.14678897  
2023-09-03 22:01:39.761: Find a better model.
2023-09-03 22:01:53.399: [iter 145 : loss : -0.0443 = 0.0927 + -0.1504 + 0.0142 + -0.0008, time: 13.623328]
2023-09-03 22:01:54.051: epoch 145:	0.04036129  	0.20934130  	0.14676952  
2023-09-03 22:02:07.366: [iter 146 : loss : -0.0473 = 0.0915 + -0.1523 + 0.0144 + -0.0008, time: 13.299867]
2023-09-03 22:02:08.008: epoch 146:	0.04038378  	0.20947275  	0.14689998  
2023-09-03 22:02:21.603: [iter 147 : loss : -0.0472 = 0.0930 + -0.1538 + 0.0145 + -0.0008, time: 13.576166]
2023-09-03 22:02:22.192: epoch 147:	0.04040179  	0.20954189  	0.14703257  
2023-09-03 22:02:35.732: [iter 148 : loss : -0.0488 = 0.0929 + -0.1555 + 0.0146 + -0.0008, time: 13.516256]
2023-09-03 22:02:36.375: epoch 148:	0.04049628  	0.21007821  	0.14732829  
2023-09-03 22:02:36.375: Find a better model.
2023-09-03 22:02:49.978: [iter 149 : loss : -0.0522 = 0.0915 + -0.1576 + 0.0147 + -0.0008, time: 13.583358]
2023-09-03 22:02:50.605: epoch 149:	0.04053678  	0.21025310  	0.14740182  
2023-09-03 22:02:50.605: Find a better model.
2023-09-03 22:03:04.120: [iter 150 : loss : -0.0539 = 0.0915 + -0.1594 + 0.0148 + -0.0008, time: 13.495389]
2023-09-03 22:03:04.759: epoch 150:	0.04046478  	0.20974712  	0.14724663  
2023-09-03 22:03:18.371: [iter 151 : loss : -0.0554 = 0.0913 + -0.1608 + 0.0149 + -0.0008, time: 13.595836]
2023-09-03 22:03:19.012: epoch 151:	0.04052778  	0.21010041  	0.14733481  
2023-09-03 22:03:32.531: [iter 152 : loss : -0.0574 = 0.0908 + -0.1623 + 0.0151 + -0.0009, time: 13.495892]
2023-09-03 22:03:33.168: epoch 152:	0.04050528  	0.21023531  	0.14748111  
2023-09-03 22:03:46.477: [iter 153 : loss : -0.0614 = 0.0884 + -0.1642 + 0.0152 + -0.0009, time: 13.288971]
2023-09-03 22:03:47.085: epoch 153:	0.04054575  	0.21007812  	0.14763089  
2023-09-03 22:04:00.631: [iter 154 : loss : -0.0603 = 0.0910 + -0.1658 + 0.0153 + -0.0009, time: 13.529710]
2023-09-03 22:04:01.286: epoch 154:	0.04066722  	0.21091166  	0.14797308  
2023-09-03 22:04:01.286: Find a better model.
2023-09-03 22:04:14.836: [iter 155 : loss : -0.0622 = 0.0907 + -0.1675 + 0.0154 + -0.0009, time: 13.530888]
2023-09-03 22:04:15.464: epoch 155:	0.04073472  	0.21132809  	0.14822921  
2023-09-03 22:04:15.464: Find a better model.
2023-09-03 22:04:28.848: [iter 156 : loss : -0.0625 = 0.0921 + -0.1692 + 0.0155 + -0.0009, time: 13.362719]
2023-09-03 22:04:29.484: epoch 156:	0.04076171  	0.21123599  	0.14839941  
2023-09-03 22:04:43.009: [iter 157 : loss : -0.0624 = 0.0938 + -0.1709 + 0.0156 + -0.0009, time: 13.505847]
2023-09-03 22:04:43.622: epoch 157:	0.04081573  	0.21135941  	0.14842248  
2023-09-03 22:04:43.622: Find a better model.
2023-09-03 22:04:57.072: [iter 158 : loss : -0.0676 = 0.0904 + -0.1729 + 0.0158 + -0.0009, time: 13.430713]
2023-09-03 22:04:57.728: epoch 158:	0.04077524  	0.21123755  	0.14847399  
2023-09-03 22:05:11.247: [iter 159 : loss : -0.0680 = 0.0913 + -0.1743 + 0.0159 + -0.0009, time: 13.499371]
2023-09-03 22:05:11.887: epoch 159:	0.04079775  	0.21119910  	0.14847262  
2023-09-03 22:05:25.438: [iter 160 : loss : -0.0688 = 0.0918 + -0.1757 + 0.0160 + -0.0009, time: 13.531929]
2023-09-03 22:05:26.074: epoch 160:	0.04085175  	0.21173263  	0.14867580  
2023-09-03 22:05:26.075: Find a better model.
2023-09-03 22:05:39.607: [iter 161 : loss : -0.0719 = 0.0905 + -0.1776 + 0.0161 + -0.0009, time: 13.514003]
2023-09-03 22:05:40.251: epoch 161:	0.04088771  	0.21190841  	0.14877757  
2023-09-03 22:05:40.251: Find a better model.
2023-09-03 22:05:53.837: [iter 162 : loss : -0.0696 = 0.0941 + -0.1790 + 0.0162 + -0.0009, time: 13.569245]
2023-09-03 22:05:54.463: epoch 162:	0.04101370  	0.21244402  	0.14897646  
2023-09-03 22:05:54.464: Find a better model.
2023-09-03 22:06:07.852: [iter 163 : loss : -0.0747 = 0.0908 + -0.1809 + 0.0164 + -0.0010, time: 13.367213]
2023-09-03 22:06:08.479: epoch 163:	0.04096418  	0.21216029  	0.14905225  
2023-09-03 22:06:21.747: [iter 164 : loss : -0.0748 = 0.0921 + -0.1824 + 0.0165 + -0.0010, time: 13.252785]
2023-09-03 22:06:22.351: epoch 164:	0.04101368  	0.21230412  	0.14904974  
2023-09-03 22:06:35.554: [iter 165 : loss : -0.0773 = 0.0911 + -0.1840 + 0.0166 + -0.0010, time: 13.185812]
2023-09-03 22:06:36.179: epoch 165:	0.04113066  	0.21297523  	0.14927860  
2023-09-03 22:06:36.179: Find a better model.
2023-09-03 22:06:49.334: [iter 166 : loss : -0.0801 = 0.0894 + -0.1853 + 0.0167 + -0.0010, time: 13.136994]
2023-09-03 22:06:49.963: epoch 166:	0.04122064  	0.21337871  	0.14946795  
2023-09-03 22:06:49.963: Find a better model.
2023-09-03 22:07:03.576: [iter 167 : loss : -0.0760 = 0.0955 + -0.1873 + 0.0168 + -0.0010, time: 13.591867]
2023-09-03 22:07:04.214: epoch 167:	0.04127462  	0.21368976  	0.14969489  
2023-09-03 22:07:04.214: Find a better model.
2023-09-03 22:07:17.830: [iter 168 : loss : -0.0790 = 0.0938 + -0.1888 + 0.0169 + -0.0010, time: 13.596696]
2023-09-03 22:07:18.470: epoch 168:	0.04128813  	0.21381405  	0.14974158  
2023-09-03 22:07:18.470: Find a better model.
2023-09-03 22:07:31.987: [iter 169 : loss : -0.0822 = 0.0918 + -0.1901 + 0.0171 + -0.0010, time: 13.497347]
2023-09-03 22:07:32.637: epoch 169:	0.04125663  	0.21382454  	0.14977643  
2023-09-03 22:07:32.638: Find a better model.
2023-09-03 22:07:46.222: [iter 170 : loss : -0.0838 = 0.0918 + -0.1918 + 0.0172 + -0.0010, time: 13.564568]
2023-09-03 22:07:46.865: epoch 170:	0.04126112  	0.21392490  	0.14983504  
2023-09-03 22:07:46.865: Find a better model.
2023-09-03 22:08:00.387: [iter 171 : loss : -0.0874 = 0.0897 + -0.1933 + 0.0173 + -0.0010, time: 13.503355]
2023-09-03 22:08:01.030: epoch 171:	0.04137360  	0.21471785  	0.15008578  
2023-09-03 22:08:01.030: Find a better model.
2023-09-03 22:08:14.676: [iter 172 : loss : -0.0846 = 0.0940 + -0.1950 + 0.0174 + -0.0010, time: 13.621286]
2023-09-03 22:08:15.319: epoch 172:	0.04134211  	0.21442269  	0.15022390  
2023-09-03 22:08:28.933: [iter 173 : loss : -0.0868 = 0.0932 + -0.1965 + 0.0175 + -0.0010, time: 13.595896]
2023-09-03 22:08:29.556: epoch 173:	0.04141858  	0.21497618  	0.15046340  
2023-09-03 22:08:29.556: Find a better model.
2023-09-03 22:08:43.110: [iter 174 : loss : -0.0899 = 0.0914 + -0.1979 + 0.0176 + -0.0010, time: 13.534683]
2023-09-03 22:08:43.757: epoch 174:	0.04140059  	0.21493255  	0.15046829  
2023-09-03 22:08:57.338: [iter 175 : loss : -0.0907 = 0.0921 + -0.1995 + 0.0178 + -0.0010, time: 13.563220]
2023-09-03 22:08:57.975: epoch 175:	0.04145457  	0.21508673  	0.15066145  
2023-09-03 22:08:57.976: Find a better model.
2023-09-03 22:09:11.577: [iter 176 : loss : -0.0933 = 0.0906 + -0.2008 + 0.0179 + -0.0011, time: 13.580549]
2023-09-03 22:09:12.218: epoch 176:	0.04148157  	0.21536164  	0.15084589  
2023-09-03 22:09:12.218: Find a better model.
2023-09-03 22:09:25.854: [iter 177 : loss : -0.0933 = 0.0925 + -0.2027 + 0.0180 + -0.0011, time: 13.620997]
2023-09-03 22:09:26.509: epoch 177:	0.04152657  	0.21551892  	0.15093404  
2023-09-03 22:09:26.509: Find a better model.
2023-09-03 22:09:40.007: [iter 178 : loss : -0.0958 = 0.0912 + -0.2040 + 0.0181 + -0.0011, time: 13.476814]
2023-09-03 22:09:40.657: epoch 178:	0.04158503  	0.21560670  	0.15102950  
2023-09-03 22:09:40.657: Find a better model.
2023-09-03 22:09:54.195: [iter 179 : loss : -0.0980 = 0.0903 + -0.2055 + 0.0182 + -0.0011, time: 13.519287]
2023-09-03 22:09:54.844: epoch 179:	0.04158051  	0.21559571  	0.15118614  
2023-09-03 22:10:08.477: [iter 180 : loss : -0.0968 = 0.0932 + -0.2073 + 0.0184 + -0.0011, time: 13.610508]
2023-09-03 22:10:09.080: epoch 180:	0.04159852  	0.21554045  	0.15114184  
2023-09-03 22:10:22.522: [iter 181 : loss : -0.1000 = 0.0912 + -0.2085 + 0.0185 + -0.0011, time: 13.423845]
2023-09-03 22:10:23.169: epoch 181:	0.04164803  	0.21580507  	0.15137359  
2023-09-03 22:10:23.169: Find a better model.
2023-09-03 22:10:36.717: [iter 182 : loss : -0.1009 = 0.0915 + -0.2099 + 0.0186 + -0.0011, time: 13.520603]
2023-09-03 22:10:37.370: epoch 182:	0.04167949  	0.21595064  	0.15136032  
2023-09-03 22:10:37.371: Find a better model.
2023-09-03 22:10:50.947: [iter 183 : loss : -0.1045 = 0.0895 + -0.2116 + 0.0187 + -0.0011, time: 13.558406]
2023-09-03 22:10:51.588: epoch 183:	0.04171999  	0.21615207  	0.15156914  
2023-09-03 22:10:51.588: Find a better model.
2023-09-03 22:11:05.126: [iter 184 : loss : -0.1054 = 0.0903 + -0.2134 + 0.0188 + -0.0011, time: 13.514690]
2023-09-03 22:11:05.783: epoch 184:	0.04173348  	0.21619225  	0.15164147  
2023-09-03 22:11:05.783: Find a better model.
2023-09-03 22:11:19.301: [iter 185 : loss : -0.1031 = 0.0935 + -0.2144 + 0.0189 + -0.0011, time: 13.500088]
2023-09-03 22:11:19.952: epoch 185:	0.04175598  	0.21619599  	0.15168986  
2023-09-03 22:11:19.952: Find a better model.
2023-09-03 22:11:33.233: [iter 186 : loss : -0.1042 = 0.0942 + -0.2164 + 0.0191 + -0.0011, time: 13.262788]
2023-09-03 22:11:33.869: epoch 186:	0.04175598  	0.21621634  	0.15171996  
2023-09-03 22:11:33.869: Find a better model.
2023-09-03 22:11:47.411: [iter 187 : loss : -0.1099 = 0.0898 + -0.2178 + 0.0192 + -0.0011, time: 13.520715]
2023-09-03 22:11:48.044: epoch 187:	0.04178747  	0.21661618  	0.15190828  
2023-09-03 22:11:48.044: Find a better model.
2023-09-03 22:12:01.618: [iter 188 : loss : -0.1099 = 0.0911 + -0.2192 + 0.0193 + -0.0011, time: 13.558757]
2023-09-03 22:12:02.275: epoch 188:	0.04183246  	0.21664846  	0.15205353  
2023-09-03 22:12:02.276: Find a better model.
2023-09-03 22:12:15.830: [iter 189 : loss : -0.1076 = 0.0942 + -0.2201 + 0.0194 + -0.0012, time: 13.532176]
2023-09-03 22:12:16.437: epoch 189:	0.04185047  	0.21675365  	0.15219960  
2023-09-03 22:12:16.437: Find a better model.
2023-09-03 22:12:30.111: [iter 190 : loss : -0.1123 = 0.0916 + -0.2223 + 0.0196 + -0.0012, time: 13.658567]
2023-09-03 22:12:30.758: epoch 190:	0.04191346  	0.21702337  	0.15219845  
2023-09-03 22:12:30.758: Find a better model.
2023-09-03 22:12:44.224: [iter 191 : loss : -0.1114 = 0.0932 + -0.2231 + 0.0197 + -0.0012, time: 13.445624]
2023-09-03 22:12:44.852: epoch 191:	0.04189547  	0.21695946  	0.15227598  
2023-09-03 22:12:58.370: [iter 192 : loss : -0.1161 = 0.0901 + -0.2248 + 0.0198 + -0.0012, time: 13.499255]
2023-09-03 22:12:59.011: epoch 192:	0.04190897  	0.21707994  	0.15221612  
2023-09-03 22:12:59.011: Find a better model.
2023-09-03 22:13:12.590: [iter 193 : loss : -0.1169 = 0.0906 + -0.2262 + 0.0199 + -0.0012, time: 13.559904]
2023-09-03 22:13:13.234: epoch 193:	0.04195846  	0.21735652  	0.15244511  
2023-09-03 22:13:13.234: Find a better model.
2023-09-03 22:13:26.858: [iter 194 : loss : -0.1152 = 0.0934 + -0.2274 + 0.0200 + -0.0012, time: 13.604453]
2023-09-03 22:13:27.518: epoch 194:	0.04192245  	0.21718383  	0.15232043  
2023-09-03 22:13:41.193: [iter 195 : loss : -0.1165 = 0.0932 + -0.2287 + 0.0201 + -0.0012, time: 13.650103]
2023-09-03 22:13:41.843: epoch 195:	0.04199893  	0.21767667  	0.15254900  
2023-09-03 22:13:41.843: Find a better model.
2023-09-03 22:13:55.364: [iter 196 : loss : -0.1210 = 0.0902 + -0.2303 + 0.0203 + -0.0012, time: 13.496918]
2023-09-03 22:13:55.998: epoch 196:	0.04207541  	0.21800201  	0.15277855  
2023-09-03 22:13:55.998: Find a better model.
2023-09-03 22:14:09.581: [iter 197 : loss : -0.1204 = 0.0921 + -0.2317 + 0.0204 + -0.0012, time: 13.566370]
2023-09-03 22:14:10.222: epoch 197:	0.04208441  	0.21801564  	0.15293933  
2023-09-03 22:14:10.222: Find a better model.
2023-09-03 22:14:23.771: [iter 198 : loss : -0.1206 = 0.0931 + -0.2330 + 0.0205 + -0.0012, time: 13.529103]
2023-09-03 22:14:24.408: epoch 198:	0.04209342  	0.21809612  	0.15312137  
2023-09-03 22:14:24.408: Find a better model.
2023-09-03 22:14:37.898: [iter 199 : loss : -0.1202 = 0.0948 + -0.2344 + 0.0206 + -0.0012, time: 13.471453]
2023-09-03 22:14:38.544: epoch 199:	0.04210240  	0.21818924  	0.15328179  
2023-09-03 22:14:38.544: Find a better model.
2023-09-03 22:14:52.100: [iter 200 : loss : -0.1265 = 0.0903 + -0.2363 + 0.0208 + -0.0012, time: 13.534686]
2023-09-03 22:14:52.742: epoch 200:	0.04212042  	0.21832556  	0.15324827  
2023-09-03 22:14:52.742: Find a better model.
2023-09-03 22:14:52.742: best_result@epoch 200:

2023-09-03 22:14:52.742: 		0.0421      	0.2183      	0.1532      
