2023-04-07 16:59:28.994: my pid: 35520
2023-04-07 16:59:28.994: model: model.general_recommender.GNNEC
2023-04-07 16:59:28.994: Dataset statistics:
Name: gowalla-20core
The number of users: 11113
The number of items: 18074
The number of ratings: 523315
Average actions of users: 47.09
Average actions of items: 28.95
The sparsity of the dataset: 99.739458%

The number of training: 475362
The number of validation: 0
The number of testing: 47953
2023-04-07 16:59:28.994: NeuRec:[NeuRec]:
recommender=GNNEC
dataset=gowalla-20core
file_column=UI
sep=','
gpu_id=0
gpu_mem=0.99
metric=["Precision", "Recall", "NDCG"]
top_k=[20]
test_thread=8
test_batch_size=128
seed=2021
start_testing_epoch=0

GNNEC:[hyperparameters]:
mf_reg=1e-4
svd_q=5
aug_type=ND
reg=1e-4
embed_size=64
n_layers=2
ssl_reg=0.02
ssl_ratio=0.5
ssl_temp=0.8
ssl_mode=both_side
lr=1e-3
learner=adam
adj_type=pre
epochs=200
batch_size=2048
num_negatives=1
param_init=xavier_uniform
stddev=0.01
verbose=1
stop_cnt=10
pretrain_flag=0
save_flag=0

Command line:
recommender=GNNEC
dataset=gowalla-20core
epochs=200
n_layers=2
embed_size=64
batch_size=2048
lr=1e-3
aug_type=ND
reg=1e-4
ssl_reg=0.02
ssl_ratio=0.5
ssl_temp=0.8
mf_reg=1e-4
svd_q=5
2023-04-07 16:59:34.825: metrics:	Precision@20	Recall@20   	NDCG@20     
2023-04-07 17:00:00.813: [iter 1 : loss : 0.8855 = 0.5263 + 0.3573 + 0.0001 + 0.0018, time: 25.987012]
2023-04-07 17:00:01.425: epoch 1:	0.01841142  	0.09752527  	0.06579208  
2023-04-07 17:00:01.425: Find a better model.
2023-04-07 17:00:27.161: [iter 2 : loss : 0.5686 = 0.2381 + 0.3284 + 0.0004 + 0.0017, time: 25.720262]
2023-04-07 17:00:27.779: epoch 2:	0.01967127  	0.10396356  	0.07046359  
2023-04-07 17:00:27.780: Find a better model.
2023-04-07 17:00:53.584: [iter 3 : loss : 0.4912 = 0.1717 + 0.3173 + 0.0006 + 0.0016, time: 25.789109]
2023-04-07 17:00:54.167: epoch 3:	0.02124156  	0.11278030  	0.07628719  
2023-04-07 17:00:54.167: Find a better model.
2023-04-07 17:01:20.126: [iter 4 : loss : 0.4559 = 0.1436 + 0.3101 + 0.0007 + 0.0016, time: 25.943745]
2023-04-07 17:01:20.744: epoch 4:	0.02252389  	0.11946476  	0.08143311  
2023-04-07 17:01:20.744: Find a better model.
2023-04-07 17:01:46.598: [iter 5 : loss : 0.4331 = 0.1262 + 0.3046 + 0.0008 + 0.0016, time: 25.837780]
2023-04-07 17:01:47.211: epoch 5:	0.02314028  	0.12315454  	0.08499328  
2023-04-07 17:01:47.211: Find a better model.
