2023-09-02 09:50:45.636: my pid: 9894
2023-09-02 09:50:45.636: model: model.general_recommender.GNNEC
2023-09-02 09:50:45.636: Dataset statistics:
Name: gowalla-20core
The number of users: 11113
The number of items: 18074
The number of ratings: 523315
Average actions of users: 47.09
Average actions of items: 28.95
The sparsity of the dataset: 99.739458%

The number of training: 475362
The number of validation: 0
The number of testing: 47953
2023-09-02 09:50:45.636: NeuRec:[NeuRec]:
recommender=GNNEC
dataset=gowalla-20core
file_column=UI
sep=','
gpu_id=0
gpu_mem=0.99
metric=["Precision", "Recall", "NDCG"]
top_k=[20]
test_thread=8
test_batch_size=128
seed=2021
start_testing_epoch=0

GNNEC:[hyperparameters]:
mf_reg=1e-4
svd_q=5
aug_type=ND
reg=1e-4
embed_size=32
n_layers=2
ssl_reg=0.02
ssl_ratio=0.5
ssl_temp=10
ssl_mode=both_side
lr=1e-3
learner=adam
adj_type=pre
epochs=200
batch_size=2048
num_negatives=1
param_init=xavier_uniform
stddev=0.01
verbose=1
stop_cnt=10
pretrain_flag=0
save_flag=0

Command line:
recommender=GNNEC
dataset=gowalla-20core
epochs=200
n_layers=2
embed_size=32
batch_size=2048
lr=1e-3
aug_type=ND
reg=1e-4
ssl_reg=0.02
ssl_ratio=0.5
ssl_temp=10
mf_reg=1e-4
svd_q=5
2023-09-02 09:50:58.624: metrics:	Precision@20	Recall@20   	NDCG@20     
2023-09-02 09:51:11.187: [iter 1 : loss : 1.0002 = 0.6189 + 0.3794 + 0.0000 + 0.0019, time: 12.562669]
2023-09-02 09:51:11.833: epoch 1:	0.01564425  	0.07943909  	0.05414703  
2023-09-02 09:51:11.833: Find a better model.
2023-09-02 09:51:23.901: [iter 2 : loss : 0.8289 = 0.4521 + 0.3748 + 0.0001 + 0.0019, time: 12.050833]
2023-09-02 09:51:24.552: epoch 2:	0.01837541  	0.09457995  	0.06420319  
2023-09-02 09:51:24.552: Find a better model.
2023-09-02 09:51:36.632: [iter 3 : loss : 0.7506 = 0.3758 + 0.3727 + 0.0002 + 0.0019, time: 12.054719]
2023-09-02 09:51:37.271: epoch 3:	0.01998621  	0.10435666  	0.07207621  
2023-09-02 09:51:37.271: Find a better model.
2023-09-02 09:51:49.226: [iter 4 : loss : 0.7023 = 0.3287 + 0.3714 + 0.0003 + 0.0019, time: 11.935001]
2023-09-02 09:51:49.881: epoch 4:	0.02140803  	0.11237634  	0.07758491  
2023-09-02 09:51:49.882: Find a better model.
2023-09-02 09:52:01.863: [iter 5 : loss : 0.6691 = 0.2964 + 0.3705 + 0.0004 + 0.0019, time: 11.960883]
2023-09-02 09:52:02.441: epoch 5:	0.02227191  	0.11749873  	0.08085800  
2023-09-02 09:52:02.441: Find a better model.
2023-09-02 09:52:14.409: [iter 6 : loss : 0.6455 = 0.2735 + 0.3697 + 0.0005 + 0.0018, time: 11.950162]
2023-09-02 09:52:15.049: epoch 6:	0.02281184  	0.12021918  	0.08318944  
2023-09-02 09:52:15.050: Find a better model.
2023-09-02 09:52:27.057: [iter 7 : loss : 0.6272 = 0.2557 + 0.3691 + 0.0005 + 0.0018, time: 11.990638]
2023-09-02 09:52:27.714: epoch 7:	0.02326625  	0.12247987  	0.08488936  
2023-09-02 09:52:27.715: Find a better model.
2023-09-02 09:52:39.685: [iter 8 : loss : 0.6144 = 0.2434 + 0.3686 + 0.0006 + 0.0018, time: 11.938978]
2023-09-02 09:52:40.344: epoch 8:	0.02373858  	0.12472698  	0.08657572  
2023-09-02 09:52:40.345: Find a better model.
2023-09-02 09:52:52.395: [iter 9 : loss : 0.6029 = 0.2323 + 0.3682 + 0.0006 + 0.0018, time: 12.035148]
2023-09-02 09:52:53.030: epoch 9:	0.02400850  	0.12608285  	0.08784258  
2023-09-02 09:52:53.030: Find a better model.
2023-09-02 09:53:05.064: [iter 10 : loss : 0.5933 = 0.2230 + 0.3679 + 0.0007 + 0.0018, time: 12.014569]
2023-09-02 09:53:05.716: epoch 10:	0.02430090  	0.12785423  	0.08877513  
2023-09-02 09:53:05.716: Find a better model.
2023-09-02 09:53:17.781: [iter 11 : loss : 0.5852 = 0.2152 + 0.3675 + 0.0007 + 0.0018, time: 12.048070]
2023-09-02 09:53:18.443: epoch 11:	0.02452133  	0.12902625  	0.08972535  
2023-09-02 09:53:18.444: Find a better model.
2023-09-02 09:53:30.489: [iter 12 : loss : 0.5775 = 0.2077 + 0.3672 + 0.0007 + 0.0018, time: 12.020324]
2023-09-02 09:53:31.124: epoch 12:	0.02469228  	0.12972419  	0.09053437  
2023-09-02 09:53:31.124: Find a better model.
2023-09-02 09:53:43.249: [iter 13 : loss : 0.5708 = 0.2012 + 0.3670 + 0.0008 + 0.0018, time: 12.104857]
2023-09-02 09:53:43.911: epoch 13:	0.02499368  	0.13131374  	0.09155776  
2023-09-02 09:53:43.911: Find a better model.
2023-09-02 09:53:55.823: [iter 14 : loss : 0.5655 = 0.1961 + 0.3667 + 0.0008 + 0.0018, time: 11.893099]
2023-09-02 09:53:56.470: epoch 14:	0.02524559  	0.13272865  	0.09247702  
2023-09-02 09:53:56.470: Find a better model.
2023-09-02 09:54:08.576: [iter 15 : loss : 0.5614 = 0.1922 + 0.3665 + 0.0009 + 0.0018, time: 12.078779]
2023-09-02 09:54:09.230: epoch 15:	0.02544353  	0.13354841  	0.09315280  
2023-09-02 09:54:09.230: Find a better model.
2023-09-02 09:54:21.052: [iter 16 : loss : 0.5572 = 0.1881 + 0.3664 + 0.0009 + 0.0018, time: 11.804025]
2023-09-02 09:54:21.692: epoch 16:	0.02569995  	0.13496801  	0.09398465  
2023-09-02 09:54:21.693: Find a better model.
2023-09-02 09:54:33.809: [iter 17 : loss : 0.5516 = 0.1826 + 0.3662 + 0.0009 + 0.0018, time: 12.090390]
2023-09-02 09:54:34.462: epoch 17:	0.02584841  	0.13551158  	0.09433298  
2023-09-02 09:54:34.463: Find a better model.
2023-09-02 09:54:46.257: [iter 18 : loss : 0.5486 = 0.1797 + 0.3660 + 0.0010 + 0.0018, time: 11.774270]
2023-09-02 09:54:46.891: epoch 18:	0.02604183  	0.13621299  	0.09501313  
2023-09-02 09:54:46.891: Find a better model.
2023-09-02 09:54:58.889: [iter 19 : loss : 0.5447 = 0.1760 + 0.3659 + 0.0010 + 0.0018, time: 11.980359]
