2023-09-02 09:25:11.312: my pid: 13273
2023-09-02 09:25:11.312: model: model.general_recommender.GNNEC
2023-09-02 09:25:11.312: Dataset statistics:
Name: gowalla-20core
The number of users: 11113
The number of items: 18074
The number of ratings: 523315
Average actions of users: 47.09
Average actions of items: 28.95
The sparsity of the dataset: 99.739458%

The number of training: 475362
The number of validation: 0
The number of testing: 47953
2023-09-02 09:25:11.313: NeuRec:[NeuRec]:
recommender=GNNEC
dataset=gowalla-20core
file_column=UI
sep=','
gpu_id=0
gpu_mem=0.99
metric=["Precision", "Recall", "NDCG"]
top_k=[20]
test_thread=8
test_batch_size=128
seed=2021
start_testing_epoch=0

GNNEC:[hyperparameters]:
mf_reg=0.02
svd_q=5
aug_type=ND
reg=1e-4
embed_size=32
n_layers=2
ssl_reg=0.02
ssl_ratio=0.5
ssl_temp=20
ssl_mode=both_side
lr=1e-3
learner=adam
adj_type=pre
epochs=200
batch_size=2048
num_negatives=1
param_init=xavier_uniform
stddev=0.01
verbose=1
stop_cnt=10
pretrain_flag=0
save_flag=0

Command line:
recommender=GNNEC
dataset=gowalla-20core
epochs=200
n_layers=2
embed_size=32
batch_size=2048
lr=1e-3
aug_type=ND
reg=1e-4
ssl_reg=0.02
ssl_ratio=0.5
ssl_temp=20
mf_reg=0.02
svd_q=5
2023-09-02 09:25:24.244: metrics:	Precision@20	Recall@20   	NDCG@20     
2023-09-02 09:25:36.521: [iter 1 : loss : 1.3803 = 0.6186 + 0.3809 + 0.0000 + 0.3809, time: 12.275654]
2023-09-02 09:25:37.172: epoch 1:	0.01575224  	0.07993619  	0.05454642  
2023-09-02 09:25:37.172: Find a better model.
2023-09-02 09:25:48.776: [iter 2 : loss : 1.2085 = 0.4512 + 0.3786 + 0.0001 + 0.3786, time: 11.583276]
2023-09-02 09:25:49.419: epoch 2:	0.01851489  	0.09533834  	0.06479973  
2023-09-02 09:25:49.419: Find a better model.
2023-09-02 09:26:01.394: [iter 3 : loss : 1.1298 = 0.3746 + 0.3775 + 0.0002 + 0.3775, time: 11.955417]
2023-09-02 09:26:02.030: epoch 3:	0.02001771  	0.10446365  	0.07219883  
2023-09-02 09:26:02.030: Find a better model.
2023-09-02 09:26:13.965: [iter 4 : loss : 1.0819 = 0.3279 + 0.3769 + 0.0003 + 0.3768, time: 11.914725]
2023-09-02 09:26:14.629: epoch 4:	0.02135403  	0.11206891  	0.07743793  
2023-09-02 09:26:14.630: Find a better model.
2023-09-02 09:26:26.626: [iter 5 : loss : 1.0492 = 0.2961 + 0.3764 + 0.0004 + 0.3763, time: 11.981690]
2023-09-02 09:26:27.269: epoch 5:	0.02218642  	0.11690822  	0.08067603  
2023-09-02 09:26:27.269: Find a better model.
2023-09-02 09:26:39.312: [iter 6 : loss : 1.0259 = 0.2735 + 0.3760 + 0.0005 + 0.3760, time: 12.024737]
2023-09-02 09:26:39.951: epoch 6:	0.02277135  	0.12014252  	0.08303083  
2023-09-02 09:26:39.951: Find a better model.
2023-09-02 09:26:51.896: [iter 7 : loss : 1.0077 = 0.2558 + 0.3757 + 0.0005 + 0.3757, time: 11.926880]
2023-09-02 09:26:52.548: epoch 7:	0.02323026  	0.12245880  	0.08484270  
2023-09-02 09:26:52.548: Find a better model.
2023-09-02 09:27:04.264: [iter 8 : loss : 0.9949 = 0.2435 + 0.3755 + 0.0006 + 0.3754, time: 11.693241]
2023-09-02 09:27:04.896: epoch 8:	0.02367561  	0.12452634  	0.08642153  
2023-09-02 09:27:04.897: Find a better model.
2023-09-02 09:27:16.741: [iter 9 : loss : 0.9834 = 0.2324 + 0.3753 + 0.0006 + 0.3752, time: 11.827465]
2023-09-02 09:27:17.375: epoch 9:	0.02395001  	0.12597954  	0.08777066  
2023-09-02 09:27:17.375: Find a better model.
2023-09-02 09:27:29.162: [iter 10 : loss : 0.9738 = 0.2231 + 0.3751 + 0.0007 + 0.3750, time: 11.769762]
2023-09-02 09:27:29.796: epoch 10:	0.02425141  	0.12770259  	0.08876346  
2023-09-02 09:27:29.796: Find a better model.
2023-09-02 09:27:41.712: [iter 11 : loss : 0.9657 = 0.2153 + 0.3749 + 0.0007 + 0.3748, time: 11.901144]
2023-09-02 09:27:42.340: epoch 11:	0.02446735  	0.12876247  	0.08963213  
2023-09-02 09:27:42.340: Find a better model.
2023-09-02 09:27:54.168: [iter 12 : loss : 0.9579 = 0.2078 + 0.3748 + 0.0007 + 0.3747, time: 11.809480]
2023-09-02 09:27:54.794: epoch 12:	0.02467879  	0.12975989  	0.09046724  
2023-09-02 09:27:54.795: Find a better model.
2023-09-02 09:28:06.557: [iter 13 : loss : 0.9512 = 0.2013 + 0.3746 + 0.0008 + 0.3745, time: 11.746483]
2023-09-02 09:28:07.208: epoch 13:	0.02495769  	0.13126791  	0.09130154  
2023-09-02 09:28:07.208: Find a better model.
2023-09-02 09:28:18.968: [iter 14 : loss : 0.9459 = 0.1962 + 0.3745 + 0.0008 + 0.3744, time: 11.739910]
2023-09-02 09:28:19.620: epoch 14:	0.02520061  	0.13250190  	0.09225065  
2023-09-02 09:28:19.620: Find a better model.
2023-09-02 09:28:31.408: [iter 15 : loss : 0.9418 = 0.1922 + 0.3744 + 0.0009 + 0.3743, time: 11.768648]
2023-09-02 09:28:32.040: epoch 15:	0.02542104  	0.13354057  	0.09303585  
2023-09-02 09:28:32.040: Find a better model.
2023-09-02 09:28:43.708: [iter 16 : loss : 0.9376 = 0.1882 + 0.3744 + 0.0009 + 0.3742, time: 11.652051]
2023-09-02 09:28:44.344: epoch 16:	0.02564147  	0.13494186  	0.09384215  
2023-09-02 09:28:44.344: Find a better model.
2023-09-02 09:28:56.082: [iter 17 : loss : 0.9319 = 0.1827 + 0.3743 + 0.0009 + 0.3741, time: 11.722074]
2023-09-02 09:28:56.722: epoch 17:	0.02574494  	0.13517161  	0.09421404  
2023-09-02 09:28:56.722: Find a better model.
2023-09-02 09:29:08.436: [iter 18 : loss : 0.9289 = 0.1798 + 0.3742 + 0.0010 + 0.3740, time: 11.698608]
2023-09-02 09:29:09.063: epoch 18:	0.02588888  	0.13559639  	0.09466070  
2023-09-02 09:29:09.063: Find a better model.
2023-09-02 09:29:20.808: [iter 19 : loss : 0.9250 = 0.1760 + 0.3741 + 0.0010 + 0.3739, time: 11.729985]
2023-09-02 09:29:21.456: epoch 19:	0.02611830  	0.13682863  	0.09532825  
2023-09-02 09:29:21.457: Find a better model.
2023-09-02 09:29:33.206: [iter 20 : loss : 0.9225 = 0.1736 + 0.3741 + 0.0010 + 0.3738, time: 11.728362]
2023-09-02 09:29:33.851: epoch 20:	0.02626675  	0.13782860  	0.09586771  
2023-09-02 09:29:33.851: Find a better model.
2023-09-02 09:29:45.809: [iter 21 : loss : 0.9200 = 0.1712 + 0.3740 + 0.0011 + 0.3737, time: 11.943218]
2023-09-02 09:29:46.464: epoch 21:	0.02645118  	0.13872640  	0.09638969  
2023-09-02 09:29:46.464: Find a better model.
2023-09-02 09:29:58.519: [iter 22 : loss : 0.9154 = 0.1668 + 0.3740 + 0.0011 + 0.3736, time: 12.039335]
2023-09-02 09:29:59.159: epoch 22:	0.02660414  	0.13952298  	0.09708624  
2023-09-02 09:29:59.159: Find a better model.
2023-09-02 09:30:11.127: [iter 23 : loss : 0.9122 = 0.1637 + 0.3739 + 0.0011 + 0.3735, time: 11.947627]
2023-09-02 09:30:11.772: epoch 23:	0.02677508  	0.14061792  	0.09762072  
2023-09-02 09:30:11.772: Find a better model.
2023-09-02 09:30:23.738: [iter 24 : loss : 0.9092 = 0.1607 + 0.3738 + 0.0012 + 0.3735, time: 11.948104]
2023-09-02 09:30:24.383: epoch 24:	0.02696402  	0.14152397  	0.09827825  
2023-09-02 09:30:24.383: Find a better model.
2023-09-02 09:30:36.451: [iter 25 : loss : 0.9071 = 0.1587 + 0.3738 + 0.0012 + 0.3734, time: 12.051634]
2023-09-02 09:30:37.101: epoch 25:	0.02713946  	0.14266290  	0.09886699  
2023-09-02 09:30:37.101: Find a better model.
2023-09-02 09:30:49.166: [iter 26 : loss : 0.9047 = 0.1564 + 0.3738 + 0.0012 + 0.3733, time: 12.041804]
2023-09-02 09:30:49.816: epoch 26:	0.02736888  	0.14368221  	0.09952421  
2023-09-02 09:30:49.816: Find a better model.
2023-09-02 09:31:01.790: [iter 27 : loss : 0.9017 = 0.1535 + 0.3737 + 0.0013 + 0.3733, time: 11.949709]
2023-09-02 09:31:02.449: epoch 27:	0.02758029  	0.14487353  	0.10003003  
2023-09-02 09:31:02.449: Find a better model.
2023-09-02 09:31:14.482: [iter 28 : loss : 0.8997 = 0.1515 + 0.3737 + 0.0013 + 0.3732, time: 12.015057]
2023-09-02 09:31:15.136: epoch 28:	0.02773325  	0.14544618  	0.10057031  
2023-09-02 09:31:15.136: Find a better model.
2023-09-02 09:31:27.144: [iter 29 : loss : 0.8968 = 0.1487 + 0.3736 + 0.0013 + 0.3731, time: 11.986321]
2023-09-02 09:31:27.802: epoch 29:	0.02792217  	0.14634186  	0.10106218  
2023-09-02 09:31:27.802: Find a better model.
2023-09-02 09:31:39.869: [iter 30 : loss : 0.8933 = 0.1452 + 0.3736 + 0.0013 + 0.3731, time: 12.045053]
2023-09-02 09:31:40.520: epoch 30:	0.02804815  	0.14722927  	0.10156306  
2023-09-02 09:31:40.520: Find a better model.
2023-09-02 09:31:52.545: [iter 31 : loss : 0.8925 = 0.1445 + 0.3736 + 0.0014 + 0.3730, time: 12.004158]
2023-09-02 09:31:53.191: epoch 31:	0.02831805  	0.14847738  	0.10224656  
2023-09-02 09:31:53.191: Find a better model.
2023-09-02 09:32:05.092: [iter 32 : loss : 0.8895 = 0.1416 + 0.3735 + 0.0014 + 0.3730, time: 11.876759]
2023-09-02 09:32:05.722: epoch 32:	0.02834505  	0.14835127  	0.10242862  
2023-09-02 09:32:17.673: [iter 33 : loss : 0.8881 = 0.1403 + 0.3735 + 0.0014 + 0.3729, time: 11.930912]
2023-09-02 09:32:18.315: epoch 33:	0.02844852  	0.14874731  	0.10300381  
2023-09-02 09:32:18.315: Find a better model.
2023-09-02 09:32:30.302: [iter 34 : loss : 0.8867 = 0.1389 + 0.3735 + 0.0015 + 0.3728, time: 11.964771]
2023-09-02 09:32:30.936: epoch 34:	0.02851150  	0.14926936  	0.10323185  
2023-09-02 09:32:30.937: Find a better model.
2023-09-02 09:32:43.016: [iter 35 : loss : 0.8841 = 0.1364 + 0.3734 + 0.0015 + 0.3728, time: 12.057209]
2023-09-02 09:32:43.664: epoch 35:	0.02859249  	0.14960085  	0.10373493  
2023-09-02 09:32:43.664: Find a better model.
2023-09-02 09:32:55.705: [iter 36 : loss : 0.8819 = 0.1343 + 0.3734 + 0.0015 + 0.3727, time: 12.024790]
2023-09-02 09:32:56.349: epoch 36:	0.02879492  	0.15049119  	0.10419342  
2023-09-02 09:32:56.349: Find a better model.
2023-09-02 09:33:08.302: [iter 37 : loss : 0.8797 = 0.1321 + 0.3734 + 0.0016 + 0.3727, time: 11.932511]
2023-09-02 09:33:08.916: epoch 37:	0.02888490  	0.15116274  	0.10473876  
2023-09-02 09:33:08.916: Find a better model.
2023-09-02 09:33:20.890: [iter 38 : loss : 0.8788 = 0.1313 + 0.3733 + 0.0016 + 0.3726, time: 11.953254]
2023-09-02 09:33:21.532: epoch 38:	0.02905137  	0.15226835  	0.10552329  
2023-09-02 09:33:21.532: Find a better model.
2023-09-02 09:33:33.503: [iter 39 : loss : 0.8772 = 0.1297 + 0.3733 + 0.0016 + 0.3726, time: 11.951554]
2023-09-02 09:33:34.147: epoch 39:	0.02923582  	0.15344684  	0.10615008  
2023-09-02 09:33:34.147: Find a better model.
2023-09-02 09:33:46.282: [iter 40 : loss : 0.8761 = 0.1286 + 0.3732 + 0.0016 + 0.3725, time: 12.117246]
2023-09-02 09:33:46.919: epoch 40:	0.02939776  	0.15449645  	0.10668138  
2023-09-02 09:33:46.919: Find a better model.
2023-09-02 09:33:58.917: [iter 41 : loss : 0.8733 = 0.1260 + 0.3732 + 0.0017 + 0.3725, time: 11.978406]
2023-09-02 09:33:59.558: epoch 41:	0.02953273  	0.15490137  	0.10705236  
2023-09-02 09:33:59.558: Find a better model.
2023-09-02 09:34:11.584: [iter 42 : loss : 0.8725 = 0.1252 + 0.3731 + 0.0017 + 0.3724, time: 12.002225]
2023-09-02 09:34:12.234: epoch 42:	0.02963169  	0.15535729  	0.10744666  
2023-09-02 09:34:12.234: Find a better model.
2023-09-02 09:34:24.285: [iter 43 : loss : 0.8720 = 0.1247 + 0.3731 + 0.0017 + 0.3724, time: 12.034143]
2023-09-02 09:34:24.895: epoch 43:	0.02987911  	0.15645368  	0.10805716  
2023-09-02 09:34:24.896: Find a better model.
2023-09-02 09:34:36.828: [iter 44 : loss : 0.8687 = 0.1215 + 0.3731 + 0.0018 + 0.3723, time: 11.916991]
2023-09-02 09:34:37.483: epoch 44:	0.03000508  	0.15713596  	0.10860927  
2023-09-02 09:34:37.483: Find a better model.
2023-09-02 09:34:49.160: [iter 45 : loss : 0.8690 = 0.1217 + 0.3731 + 0.0018 + 0.3723, time: 11.658039]
2023-09-02 09:34:49.791: epoch 45:	0.03005458  	0.15762351  	0.10883840  
2023-09-02 09:34:49.791: Find a better model.
2023-09-02 09:35:01.549: [iter 46 : loss : 0.8670 = 0.1199 + 0.3730 + 0.0018 + 0.3723, time: 11.741476]
2023-09-02 09:35:02.155: epoch 46:	0.03020304  	0.15809005  	0.10919721  
2023-09-02 09:35:02.155: Find a better model.
2023-09-02 09:35:13.951: [iter 47 : loss : 0.8647 = 0.1176 + 0.3730 + 0.0019 + 0.3722, time: 11.778944]
2023-09-02 09:35:14.598: epoch 47:	0.03018953  	0.15794979  	0.10961194  
2023-09-02 09:35:26.621: [iter 48 : loss : 0.8649 = 0.1178 + 0.3730 + 0.0019 + 0.3722, time: 12.005525]
2023-09-02 09:35:27.272: epoch 48:	0.03029299  	0.15879422  	0.10999739  
2023-09-02 09:35:27.273: Find a better model.
2023-09-02 09:35:39.249: [iter 49 : loss : 0.8634 = 0.1163 + 0.3730 + 0.0019 + 0.3721, time: 11.956316]
2023-09-02 09:35:39.915: epoch 49:	0.03046394  	0.15961328  	0.11050898  
2023-09-02 09:35:39.916: Find a better model.
2023-09-02 09:35:51.889: [iter 50 : loss : 0.8605 = 0.1136 + 0.3729 + 0.0019 + 0.3721, time: 11.951133]
2023-09-02 09:35:52.525: epoch 50:	0.03052245  	0.15993766  	0.11070031  
2023-09-02 09:35:52.525: Find a better model.
2023-09-02 09:36:04.548: [iter 51 : loss : 0.8601 = 0.1133 + 0.3729 + 0.0020 + 0.3720, time: 12.008030]
2023-09-02 09:36:05.137: epoch 51:	0.03068887  	0.16079292  	0.11101221  
2023-09-02 09:36:05.138: Find a better model.
2023-09-02 09:36:17.329: [iter 52 : loss : 0.8601 = 0.1132 + 0.3729 + 0.0020 + 0.3720, time: 12.174456]
2023-09-02 09:36:17.976: epoch 52:	0.03084633  	0.16185279  	0.11151372  
2023-09-02 09:36:17.977: Find a better model.
2023-09-02 09:36:29.988: [iter 53 : loss : 0.8583 = 0.1115 + 0.3728 + 0.0020 + 0.3720, time: 11.992626]
2023-09-02 09:36:30.644: epoch 53:	0.03084631  	0.16143556  	0.11161296  
2023-09-02 09:36:42.599: [iter 54 : loss : 0.8570 = 0.1102 + 0.3728 + 0.0021 + 0.3719, time: 11.932903]
2023-09-02 09:36:43.236: epoch 54:	0.03097228  	0.16177714  	0.11190862  
2023-09-02 09:36:55.270: [iter 55 : loss : 0.8575 = 0.1107 + 0.3728 + 0.0021 + 0.3719, time: 12.011514]
2023-09-02 09:36:55.893: epoch 55:	0.03096328  	0.16149023  	0.11218994  
2023-09-02 09:37:07.936: [iter 56 : loss : 0.8549 = 0.1082 + 0.3727 + 0.0021 + 0.3718, time: 12.023549]
2023-09-02 09:37:08.576: epoch 56:	0.03090929  	0.16117820  	0.11234410  
2023-09-02 09:37:20.582: [iter 57 : loss : 0.8541 = 0.1075 + 0.3726 + 0.0021 + 0.3718, time: 11.987137]
2023-09-02 09:37:21.209: epoch 57:	0.03099027  	0.16185623  	0.11276808  
2023-09-02 09:37:21.209: Find a better model.
2023-09-02 09:37:33.190: [iter 58 : loss : 0.8532 = 0.1066 + 0.3727 + 0.0022 + 0.3718, time: 11.961238]
2023-09-02 09:37:33.812: epoch 58:	0.03106225  	0.16249624  	0.11302868  
2023-09-02 09:37:33.812: Find a better model.
2023-09-02 09:37:45.934: [iter 59 : loss : 0.8532 = 0.1066 + 0.3727 + 0.0022 + 0.3717, time: 12.102043]
2023-09-02 09:37:46.590: epoch 59:	0.03121071  	0.16319299  	0.11345686  
2023-09-02 09:37:46.590: Find a better model.
2023-09-02 09:37:58.676: [iter 60 : loss : 0.8514 = 0.1049 + 0.3726 + 0.0022 + 0.3717, time: 12.067657]
2023-09-02 09:37:59.275: epoch 60:	0.03127818  	0.16366772  	0.11374855  
2023-09-02 09:37:59.276: Find a better model.
2023-09-02 09:38:11.298: [iter 61 : loss : 0.8495 = 0.1030 + 0.3726 + 0.0023 + 0.3717, time: 12.004885]
2023-09-02 09:38:11.903: epoch 61:	0.03147165  	0.16480014  	0.11423996  
2023-09-02 09:38:11.903: Find a better model.
2023-09-02 09:38:23.964: [iter 62 : loss : 0.8486 = 0.1021 + 0.3725 + 0.0023 + 0.3716, time: 12.042359]
2023-09-02 09:38:24.572: epoch 62:	0.03148964  	0.16492631  	0.11432926  
2023-09-02 09:38:24.572: Find a better model.
2023-09-02 09:38:36.421: [iter 63 : loss : 0.8484 = 0.1021 + 0.3725 + 0.0023 + 0.3716, time: 11.828333]
2023-09-02 09:38:37.029: epoch 63:	0.03164709  	0.16602881  	0.11479893  
2023-09-02 09:38:37.030: Find a better model.
2023-09-02 09:38:49.075: [iter 64 : loss : 0.8472 = 0.1008 + 0.3725 + 0.0023 + 0.3715, time: 12.026412]
2023-09-02 09:38:49.725: epoch 64:	0.03169656  	0.16628507  	0.11498153  
2023-09-02 09:38:49.725: Find a better model.
2023-09-02 09:39:01.790: [iter 65 : loss : 0.8457 = 0.0993 + 0.3725 + 0.0024 + 0.3715, time: 12.036150]
2023-09-02 09:39:02.438: epoch 65:	0.03178205  	0.16680132  	0.11541133  
2023-09-02 09:39:02.438: Find a better model.
2023-09-02 09:39:14.147: [iter 66 : loss : 0.8458 = 0.0994 + 0.3725 + 0.0024 + 0.3715, time: 11.686399]
2023-09-02 09:39:14.798: epoch 66:	0.03187201  	0.16711360  	0.11544690  
2023-09-02 09:39:14.798: Find a better model.
2023-09-02 09:39:26.865: [iter 67 : loss : 0.8452 = 0.0989 + 0.3724 + 0.0024 + 0.3714, time: 12.044473]
2023-09-02 09:39:27.512: epoch 67:	0.03196649  	0.16756992  	0.11565795  
2023-09-02 09:39:27.512: Find a better model.
2023-09-02 09:39:39.532: [iter 68 : loss : 0.8442 = 0.0980 + 0.3724 + 0.0024 + 0.3714, time: 12.002097]
2023-09-02 09:39:40.143: epoch 68:	0.03204748  	0.16774634  	0.11591727  
2023-09-02 09:39:40.143: Find a better model.
2023-09-02 09:39:52.207: [iter 69 : loss : 0.8432 = 0.0970 + 0.3723 + 0.0025 + 0.3714, time: 12.045946]
2023-09-02 09:39:52.784: epoch 69:	0.03211946  	0.16823986  	0.11606465  
2023-09-02 09:39:52.784: Find a better model.
2023-09-02 09:40:04.850: [iter 70 : loss : 0.8429 = 0.0967 + 0.3723 + 0.0025 + 0.3713, time: 12.039903]
2023-09-02 09:40:05.505: epoch 70:	0.03215995  	0.16855678  	0.11631737  
2023-09-02 09:40:05.505: Find a better model.
2023-09-02 09:40:17.579: [iter 71 : loss : 0.8423 = 0.0962 + 0.3723 + 0.0025 + 0.3713, time: 12.052231]
2023-09-02 09:40:18.205: epoch 71:	0.03219595  	0.16880053  	0.11651589  
2023-09-02 09:40:18.205: Find a better model.
2023-09-02 09:40:30.365: [iter 72 : loss : 0.8409 = 0.0948 + 0.3723 + 0.0025 + 0.3713, time: 12.144082]
2023-09-02 09:40:31.000: epoch 72:	0.03233542  	0.16970688  	0.11697807  
2023-09-02 09:40:31.000: Find a better model.
2023-09-02 09:40:42.998: [iter 73 : loss : 0.8402 = 0.0942 + 0.3722 + 0.0026 + 0.3713, time: 11.983117]
2023-09-02 09:40:43.654: epoch 73:	0.03239388  	0.16953041  	0.11696953  
2023-09-02 09:40:55.629: [iter 74 : loss : 0.8405 = 0.0944 + 0.3722 + 0.0026 + 0.3712, time: 11.956625]
2023-09-02 09:40:56.265: epoch 74:	0.03248385  	0.17036241  	0.11731376  
2023-09-02 09:40:56.265: Find a better model.
2023-09-02 09:41:08.245: [iter 75 : loss : 0.8388 = 0.0927 + 0.3722 + 0.0026 + 0.3712, time: 11.965708]
2023-09-02 09:41:08.898: epoch 75:	0.03246587  	0.17015116  	0.11746684  
2023-09-02 09:41:20.855: [iter 76 : loss : 0.8386 = 0.0926 + 0.3722 + 0.0027 + 0.3712, time: 11.935533]
2023-09-02 09:41:21.487: epoch 76:	0.03257833  	0.17105003  	0.11779516  
2023-09-02 09:41:21.487: Find a better model.
2023-09-02 09:41:33.637: [iter 77 : loss : 0.8381 = 0.0922 + 0.3722 + 0.0027 + 0.3711, time: 12.131369]
2023-09-02 09:41:34.285: epoch 77:	0.03253335  	0.17062107  	0.11768338  
2023-09-02 09:41:46.264: [iter 78 : loss : 0.8361 = 0.0902 + 0.3721 + 0.0027 + 0.3711, time: 11.950759]
2023-09-02 09:41:46.924: epoch 78:	0.03268631  	0.17118151  	0.11794714  
2023-09-02 09:41:46.924: Find a better model.
2023-09-02 09:41:58.945: [iter 79 : loss : 0.8366 = 0.0907 + 0.3721 + 0.0027 + 0.3711, time: 11.996773]
2023-09-02 09:41:59.595: epoch 79:	0.03284376  	0.17220934  	0.11835733  
2023-09-02 09:41:59.595: Find a better model.
2023-09-02 09:42:11.663: [iter 80 : loss : 0.8355 = 0.0896 + 0.3720 + 0.0028 + 0.3710, time: 12.051136]
2023-09-02 09:42:12.304: epoch 80:	0.03288876  	0.17234769  	0.11862025  
2023-09-02 09:42:12.304: Find a better model.
2023-09-02 09:42:24.337: [iter 81 : loss : 0.8357 = 0.0900 + 0.3720 + 0.0028 + 0.3710, time: 12.017777]
2023-09-02 09:42:24.975: epoch 81:	0.03280329  	0.17194901  	0.11842537  
2023-09-02 09:42:36.997: [iter 82 : loss : 0.8336 = 0.0877 + 0.3721 + 0.0028 + 0.3710, time: 11.997032]
2023-09-02 09:42:37.629: epoch 82:	0.03296525  	0.17247443  	0.11875005  
2023-09-02 09:42:37.629: Find a better model.
2023-09-02 09:42:49.721: [iter 83 : loss : 0.8341 = 0.0883 + 0.3720 + 0.0028 + 0.3710, time: 12.074301]
2023-09-02 09:42:50.374: epoch 83:	0.03298325  	0.17303438  	0.11906385  
2023-09-02 09:42:50.374: Find a better model.
