2023-04-29 22:10:11.092: my pid: 2934
2023-04-29 22:10:11.092: model: model.general_recommender.GNNEC
2023-04-29 22:10:11.092: Dataset statistics:
Name: gowalla-20core
The number of users: 11113
The number of items: 18074
The number of ratings: 523315
Average actions of users: 47.09
Average actions of items: 28.95
The sparsity of the dataset: 99.739458%

The number of training: 475362
The number of validation: 0
The number of testing: 47953
2023-04-29 22:10:11.092: NeuRec:[NeuRec]:
recommender=GNNEC
dataset=gowalla-20core
file_column=UI
sep=','
gpu_id=0
gpu_mem=0.99
metric=["Precision", "Recall", "NDCG"]
top_k=[20]
test_thread=8
test_batch_size=128
seed=2021
start_testing_epoch=0

GNNEC:[hyperparameters]:
mf_reg=1e-4
svd_q=5
aug_type=ND
reg=1e-4
embed_size=64
n_layers=2
ssl_reg=0.02
ssl_ratio=0.5
ssl_temp=0.8
ssl_mode=both_side
lr=1e-3
learner=adam
adj_type=pre
epochs=200
batch_size=2048
num_negatives=1
param_init=xavier_uniform
stddev=0.01
verbose=1
stop_cnt=10
pretrain_flag=0
save_flag=0

Command line:
recommender=GNNEC
dataset=gowalla-20core
epochs=200
n_layers=2
embed_size=64
batch_size=2048
lr=1e-3
aug_type=ND
reg=1e-4
ssl_reg=0.02
ssl_ratio=0.5
ssl_temp=0.8
mf_reg=1e-4
svd_q=5
2023-04-29 22:10:20.766: metrics:	Precision@20	Recall@20   	NDCG@20     
2023-04-29 22:11:32.032: [iter 1 : loss : 0.8855 = 0.5263 + 0.3573 + 0.0001 + 0.0018, time: 71.264666]
2023-04-29 22:11:33.222: epoch 1:	0.01841142  	0.09752527  	0.06579208  
2023-04-29 22:11:33.228: Find a better model.
2023-04-29 22:12:47.327: [iter 2 : loss : 0.5686 = 0.2381 + 0.3284 + 0.0004 + 0.0017, time: 74.072227]
2023-04-29 22:12:48.372: epoch 2:	0.01967127  	0.10396356  	0.07046359  
2023-04-29 22:12:48.372: Find a better model.
2023-04-29 22:13:59.428: [iter 3 : loss : 0.4912 = 0.1717 + 0.3173 + 0.0006 + 0.0016, time: 71.033262]
2023-04-29 22:14:00.486: epoch 3:	0.02124156  	0.11278030  	0.07628719  
2023-04-29 22:14:00.486: Find a better model.
2023-04-29 22:15:14.243: [iter 4 : loss : 0.4559 = 0.1436 + 0.3101 + 0.0007 + 0.0016, time: 73.738019]
2023-04-29 22:15:15.320: epoch 4:	0.02252389  	0.11946476  	0.08143311  
2023-04-29 22:15:15.320: Find a better model.
2023-04-29 22:16:26.416: [iter 5 : loss : 0.4331 = 0.1262 + 0.3046 + 0.0008 + 0.0016, time: 71.069065]
2023-04-29 22:16:27.486: epoch 5:	0.02314028  	0.12315454  	0.08499328  
2023-04-29 22:16:27.486: Find a better model.
2023-04-29 22:17:37.447: [iter 6 : loss : 0.4184 = 0.1150 + 0.3009 + 0.0009 + 0.0015, time: 69.939396]
2023-04-29 22:17:38.499: epoch 6:	0.02383305  	0.12653582  	0.08726950  
2023-04-29 22:17:38.499: Find a better model.
2023-04-29 22:18:49.319: [iter 7 : loss : 0.4049 = 0.1055 + 0.2969 + 0.0010 + 0.0015, time: 70.793038]
2023-04-29 22:18:50.380: epoch 7:	0.02414794  	0.12790133  	0.08852232  
2023-04-29 22:18:50.381: Find a better model.
2023-04-29 22:20:02.867: [iter 8 : loss : 0.3961 = 0.0999 + 0.2936 + 0.0011 + 0.0015, time: 72.465650]
2023-04-29 22:20:03.807: epoch 8:	0.02444486  	0.12975000  	0.09018492  
2023-04-29 22:20:03.807: Find a better model.
2023-04-29 22:21:17.403: [iter 9 : loss : 0.3875 = 0.0944 + 0.2905 + 0.0011 + 0.0015, time: 73.571445]
2023-04-29 22:21:18.482: epoch 9:	0.02490374  	0.13236375  	0.09191202  
2023-04-29 22:21:18.488: Find a better model.
2023-04-29 22:22:29.249: [iter 10 : loss : 0.3816 = 0.0907 + 0.2882 + 0.0012 + 0.0015, time: 70.736587]
2023-04-29 22:22:30.267: epoch 10:	0.02534458  	0.13484216  	0.09323002  
2023-04-29 22:22:30.267: Find a better model.
2023-04-29 22:23:43.726: [iter 11 : loss : 0.3753 = 0.0866 + 0.2860 + 0.0013 + 0.0015, time: 73.440061]
2023-04-29 22:23:44.784: epoch 11:	0.02571345  	0.13679668  	0.09442265  
2023-04-29 22:23:44.785: Find a better model.
2023-04-29 22:24:53.578: [iter 12 : loss : 0.3689 = 0.0826 + 0.2835 + 0.0013 + 0.0015, time: 68.773641]
2023-04-29 22:24:54.633: epoch 12:	0.02610483  	0.13871443  	0.09554275  
2023-04-29 22:24:54.633: Find a better model.
2023-04-29 22:26:08.275: [iter 13 : loss : 0.3644 = 0.0799 + 0.2816 + 0.0014 + 0.0014, time: 73.622122]
2023-04-29 22:26:09.301: epoch 13:	0.02650969  	0.14081024  	0.09666489  
2023-04-29 22:26:09.307: Find a better model.
2023-04-29 22:27:20.619: [iter 14 : loss : 0.3595 = 0.0769 + 0.2796 + 0.0015 + 0.0014, time: 71.292209]
2023-04-29 22:27:21.685: epoch 14:	0.02680211  	0.14249583  	0.09777747  
2023-04-29 22:27:21.685: Find a better model.
2023-04-29 22:28:35.793: [iter 15 : loss : 0.3562 = 0.0755 + 0.2778 + 0.0015 + 0.0014, time: 74.088633]
2023-04-29 22:28:36.863: epoch 15:	0.02715749  	0.14454702  	0.09913886  
2023-04-29 22:28:36.863: Find a better model.
2023-04-29 22:29:48.283: [iter 16 : loss : 0.3522 = 0.0732 + 0.2759 + 0.0016 + 0.0014, time: 71.386381]
2023-04-29 22:29:49.339: epoch 16:	0.02753534  	0.14643551  	0.10015373  
2023-04-29 22:29:49.340: Find a better model.
2023-04-29 22:31:03.125: [iter 17 : loss : 0.3474 = 0.0702 + 0.2742 + 0.0017 + 0.0014, time: 73.767688]
2023-04-29 22:31:04.162: epoch 17:	0.02769277  	0.14723222  	0.10101032  
2023-04-29 22:31:04.168: Find a better model.
2023-04-29 22:32:09.333: [iter 18 : loss : 0.3450 = 0.0694 + 0.2725 + 0.0017 + 0.0014, time: 65.144357]
2023-04-29 22:32:10.419: epoch 18:	0.02793121  	0.14808924  	0.10186101  
2023-04-29 22:32:10.420: Find a better model.
2023-04-29 22:33:24.215: [iter 19 : loss : 0.3414 = 0.0672 + 0.2710 + 0.0018 + 0.0014, time: 73.762674]
2023-04-29 22:33:25.261: epoch 19:	0.02819212  	0.14927432  	0.10282936  
2023-04-29 22:33:25.261: Find a better model.
2023-04-29 22:34:36.221: [iter 20 : loss : 0.3388 = 0.0663 + 0.2693 + 0.0018 + 0.0014, time: 70.935882]
2023-04-29 22:34:37.285: epoch 20:	0.02841705  	0.15086517  	0.10363640  
2023-04-29 22:34:37.286: Find a better model.
2023-04-29 22:35:51.175: [iter 21 : loss : 0.3356 = 0.0646 + 0.2677 + 0.0019 + 0.0014, time: 73.866438]
2023-04-29 22:35:52.219: epoch 21:	0.02861050  	0.15180522  	0.10449518  
2023-04-29 22:35:52.219: Find a better model.
2023-04-29 22:37:02.528: [iter 22 : loss : 0.3321 = 0.0625 + 0.2663 + 0.0020 + 0.0014, time: 70.288000]
2023-04-29 22:37:03.568: epoch 22:	0.02888042  	0.15290965  	0.10539218  
2023-04-29 22:37:03.568: Find a better model.
2023-04-29 22:38:15.127: [iter 23 : loss : 0.3292 = 0.0612 + 0.2646 + 0.0020 + 0.0014, time: 71.540538]
2023-04-29 22:38:16.193: epoch 23:	0.02893893  	0.15343116  	0.10603829  
2023-04-29 22:38:16.193: Find a better model.
2023-04-29 22:39:27.279: [iter 24 : loss : 0.3264 = 0.0599 + 0.2631 + 0.0021 + 0.0014, time: 71.055220]
2023-04-29 22:39:28.343: epoch 24:	0.02926283  	0.15497106  	0.10703728  
2023-04-29 22:39:28.344: Find a better model.
2023-04-29 22:40:42.544: [iter 25 : loss : 0.3242 = 0.0586 + 0.2621 + 0.0022 + 0.0013, time: 74.176679]
2023-04-29 22:40:43.568: epoch 25:	0.02945176  	0.15569042  	0.10785457  
2023-04-29 22:40:43.569: Find a better model.
2023-04-29 22:41:54.109: [iter 26 : loss : 0.3211 = 0.0573 + 0.2602 + 0.0022 + 0.0013, time: 70.515108]
2023-04-29 22:41:55.187: epoch 26:	0.02962723  	0.15735850  	0.10860013  
2023-04-29 22:41:55.187: Find a better model.
2023-04-29 22:43:04.352: [iter 27 : loss : 0.3186 = 0.0562 + 0.2588 + 0.0023 + 0.0013, time: 69.139787]
2023-04-29 22:43:05.412: epoch 27:	0.02984315  	0.15874311  	0.10962427  
2023-04-29 22:43:05.412: Find a better model.
2023-04-29 22:44:15.997: [iter 28 : loss : 0.3168 = 0.0558 + 0.2573 + 0.0024 + 0.0013, time: 70.569011]
2023-04-29 22:44:16.979: epoch 28:	0.03006357  	0.15982264  	0.11027250  
2023-04-29 22:44:16.979: Find a better model.
2023-04-29 22:45:27.626: [iter 29 : loss : 0.3143 = 0.0547 + 0.2559 + 0.0024 + 0.0013, time: 70.622113]
2023-04-29 22:45:28.700: epoch 29:	0.03029303  	0.16054371  	0.11086626  
2023-04-29 22:45:28.700: Find a better model.
2023-04-29 22:46:33.143: [iter 30 : loss : 0.3109 = 0.0523 + 0.2548 + 0.0025 + 0.0013, time: 64.413335]
2023-04-29 22:46:34.211: epoch 30:	0.03038300  	0.16087015  	0.11169711  
2023-04-29 22:46:34.211: Find a better model.
2023-04-29 22:47:40.506: [iter 31 : loss : 0.3098 = 0.0526 + 0.2534 + 0.0025 + 0.0013, time: 66.270195]
2023-04-29 22:47:41.438: epoch 31:	0.03060345  	0.16259813  	0.11275607  
2023-04-29 22:47:41.438: Find a better model.
2023-04-29 22:48:47.883: [iter 32 : loss : 0.3074 = 0.0512 + 0.2523 + 0.0026 + 0.0013, time: 66.426160]
2023-04-29 22:48:48.908: epoch 32:	0.03089136  	0.16416039  	0.11359549  
2023-04-29 22:48:48.908: Find a better model.
2023-04-29 22:49:48.072: [iter 33 : loss : 0.3049 = 0.0502 + 0.2508 + 0.0027 + 0.0013, time: 59.139360]
2023-04-29 22:49:49.029: epoch 33:	0.03089586  	0.16387896  	0.11379775  
2023-04-29 22:50:55.715: [iter 34 : loss : 0.3032 = 0.0500 + 0.2492 + 0.0027 + 0.0013, time: 66.657212]
2023-04-29 22:50:56.705: epoch 34:	0.03098135  	0.16465749  	0.11433843  
2023-04-29 22:50:56.706: Find a better model.
2023-04-29 22:52:00.626: [iter 35 : loss : 0.3013 = 0.0494 + 0.2478 + 0.0028 + 0.0013, time: 63.901715]
2023-04-29 22:52:01.634: epoch 35:	0.03127826  	0.16603528  	0.11505945  
2023-04-29 22:52:01.634: Find a better model.
2023-04-29 22:53:08.827: [iter 36 : loss : 0.2985 = 0.0477 + 0.2466 + 0.0029 + 0.0013, time: 67.169776]
2023-04-29 22:53:09.743: epoch 36:	0.03132774  	0.16631274  	0.11542453  
2023-04-29 22:53:09.744: Find a better model.
2023-04-29 22:54:13.603: [iter 37 : loss : 0.2962 = 0.0466 + 0.2454 + 0.0029 + 0.0013, time: 63.839489]
2023-04-29 22:54:14.566: epoch 37:	0.03160668  	0.16752394  	0.11621413  
2023-04-29 22:54:14.566: Find a better model.
2023-04-29 22:55:21.746: [iter 38 : loss : 0.2949 = 0.0465 + 0.2441 + 0.0030 + 0.0013, time: 67.160394]
2023-04-29 22:55:22.750: epoch 38:	0.03169667  	0.16827606  	0.11693591  
2023-04-29 22:55:22.751: Find a better model.
2023-04-29 22:56:26.589: [iter 39 : loss : 0.2928 = 0.0457 + 0.2427 + 0.0031 + 0.0013, time: 63.808292]
2023-04-29 22:56:27.549: epoch 39:	0.03186763  	0.16895883  	0.11745476  
2023-04-29 22:56:27.549: Find a better model.
2023-04-29 22:57:35.068: [iter 40 : loss : 0.2913 = 0.0456 + 0.2413 + 0.0032 + 0.0012, time: 67.493216]
2023-04-29 22:57:36.078: epoch 40:	0.03209254  	0.16988635  	0.11815607  
2023-04-29 22:57:36.079: Find a better model.
2023-04-29 22:58:39.338: [iter 41 : loss : 0.2890 = 0.0443 + 0.2403 + 0.0032 + 0.0012, time: 63.240889]
2023-04-29 22:58:40.333: epoch 41:	0.03224100  	0.17063893  	0.11868886  
2023-04-29 22:58:40.333: Find a better model.
2023-04-29 22:59:47.606: [iter 42 : loss : 0.2880 = 0.0444 + 0.2390 + 0.0033 + 0.0012, time: 67.251317]
2023-04-29 22:59:48.550: epoch 42:	0.03235798  	0.17117698  	0.11928652  
2023-04-29 22:59:48.550: Find a better model.
2023-04-29 23:00:51.971: [iter 43 : loss : 0.2863 = 0.0440 + 0.2378 + 0.0034 + 0.0012, time: 63.406048]
2023-04-29 23:00:52.949: epoch 43:	0.03255591  	0.17222084  	0.11973997  
2023-04-29 23:00:52.949: Find a better model.
2023-04-29 23:02:00.046: [iter 44 : loss : 0.2838 = 0.0425 + 0.2366 + 0.0034 + 0.0012, time: 67.075290]
2023-04-29 23:02:01.032: epoch 44:	0.03280781  	0.17342113  	0.12037441  
2023-04-29 23:02:01.032: Find a better model.
2023-04-29 23:03:05.800: [iter 45 : loss : 0.2832 = 0.0429 + 0.2355 + 0.0035 + 0.0012, time: 64.747870]
2023-04-29 23:03:06.780: epoch 45:	0.03289330  	0.17403032  	0.12076754  
2023-04-29 23:03:06.781: Find a better model.
2023-04-29 23:04:14.127: [iter 46 : loss : 0.2811 = 0.0419 + 0.2344 + 0.0036 + 0.0012, time: 67.322184]
2023-04-29 23:04:15.062: epoch 46:	0.03301476  	0.17463663  	0.12110848  
2023-04-29 23:04:15.063: Find a better model.
2023-04-29 23:05:18.892: [iter 47 : loss : 0.2788 = 0.0410 + 0.2330 + 0.0037 + 0.0012, time: 63.810777]
2023-04-29 23:05:19.866: epoch 47:	0.03308674  	0.17518684  	0.12163652  
2023-04-29 23:05:19.866: Find a better model.
2023-04-29 23:06:27.118: [iter 48 : loss : 0.2788 = 0.0420 + 0.2320 + 0.0037 + 0.0012, time: 67.227108]
2023-04-29 23:06:28.110: epoch 48:	0.03320371  	0.17602429  	0.12229769  
2023-04-29 23:06:28.110: Find a better model.
2023-04-29 23:07:29.829: [iter 49 : loss : 0.2764 = 0.0407 + 0.2307 + 0.0038 + 0.0012, time: 61.695212]
2023-04-29 23:07:30.774: epoch 49:	0.03334318  	0.17680562  	0.12276712  
2023-04-29 23:07:30.774: Find a better model.
2023-04-29 23:08:38.020: [iter 50 : loss : 0.2740 = 0.0394 + 0.2295 + 0.0039 + 0.0012, time: 67.229708]
2023-04-29 23:08:39.005: epoch 50:	0.03349616  	0.17746541  	0.12310395  
2023-04-29 23:08:39.005: Find a better model.
2023-04-29 23:09:43.985: [iter 51 : loss : 0.2728 = 0.0393 + 0.2283 + 0.0040 + 0.0012, time: 64.954814]
2023-04-29 23:09:44.983: epoch 51:	0.03369411  	0.17840421  	0.12365527  
2023-04-29 23:09:44.984: Find a better model.
2023-04-29 23:10:50.350: [iter 52 : loss : 0.2718 = 0.0395 + 0.2271 + 0.0040 + 0.0012, time: 65.343009]
2023-04-29 23:10:50.995: epoch 52:	0.03372558  	0.17874014  	0.12409520  
2023-04-29 23:10:50.995: Find a better model.
2023-04-29 23:11:58.155: [iter 53 : loss : 0.2696 = 0.0384 + 0.2259 + 0.0041 + 0.0012, time: 67.145610]
2023-04-29 23:11:59.154: epoch 53:	0.03384253  	0.17928788  	0.12464792  
2023-04-29 23:11:59.155: Find a better model.
2023-04-29 23:13:02.445: [iter 54 : loss : 0.2684 = 0.0379 + 0.2251 + 0.0042 + 0.0012, time: 63.270612]
2023-04-29 23:13:03.372: epoch 54:	0.03398199  	0.18014458  	0.12522936  
2023-04-29 23:13:03.372: Find a better model.
2023-04-29 23:14:10.191: [iter 55 : loss : 0.2671 = 0.0381 + 0.2236 + 0.0043 + 0.0012, time: 66.803594]
2023-04-29 23:14:11.158: epoch 55:	0.03419343  	0.18100658  	0.12568820  
2023-04-29 23:14:11.158: Find a better model.
2023-04-29 23:15:14.711: [iter 56 : loss : 0.2664 = 0.0382 + 0.2226 + 0.0043 + 0.0011, time: 63.530883]
2023-04-29 23:15:15.687: epoch 56:	0.03431042  	0.18195046  	0.12612873  
2023-04-29 23:15:15.687: Find a better model.
2023-04-29 23:16:22.891: [iter 57 : loss : 0.2642 = 0.0371 + 0.2216 + 0.0044 + 0.0011, time: 67.178433]
2023-04-29 23:16:23.850: epoch 57:	0.03449934  	0.18242691  	0.12677214  
2023-04-29 23:16:23.850: Find a better model.
2023-04-29 23:17:27.454: [iter 58 : loss : 0.2628 = 0.0367 + 0.2205 + 0.0045 + 0.0011, time: 63.586934]
2023-04-29 23:17:28.464: epoch 58:	0.03455781  	0.18305913  	0.12723683  
2023-04-29 23:17:28.465: Find a better model.
2023-04-29 23:18:35.725: [iter 59 : loss : 0.2621 = 0.0372 + 0.2193 + 0.0046 + 0.0011, time: 67.238534]
2023-04-29 23:18:36.689: epoch 59:	0.03472427  	0.18395036  	0.12782043  
2023-04-29 23:18:36.689: Find a better model.
2023-04-29 23:19:40.699: [iter 60 : loss : 0.2597 = 0.0358 + 0.2182 + 0.0046 + 0.0011, time: 63.991605]
2023-04-29 23:19:41.716: epoch 60:	0.03477376  	0.18380646  	0.12796582  
2023-04-29 23:20:48.737: [iter 61 : loss : 0.2578 = 0.0348 + 0.2171 + 0.0047 + 0.0011, time: 66.992903]
2023-04-29 23:20:49.783: epoch 61:	0.03490871  	0.18455979  	0.12851712  
2023-04-29 23:20:49.783: Find a better model.
2023-04-29 23:21:53.148: [iter 62 : loss : 0.2568 = 0.0348 + 0.2161 + 0.0048 + 0.0011, time: 63.340333]
2023-04-29 23:21:54.108: epoch 62:	0.03499866  	0.18488260  	0.12879892  
2023-04-29 23:21:54.108: Find a better model.
2023-04-29 23:23:01.475: [iter 63 : loss : 0.2556 = 0.0346 + 0.2150 + 0.0049 + 0.0011, time: 67.344981]
2023-04-29 23:23:02.436: epoch 63:	0.03515163  	0.18566228  	0.12921596  
2023-04-29 23:23:02.436: Find a better model.
2023-04-29 23:24:04.218: [iter 64 : loss : 0.2541 = 0.0343 + 0.2138 + 0.0050 + 0.0011, time: 61.757994]
2023-04-29 23:24:05.199: epoch 64:	0.03512014  	0.18542635  	0.12935333  
2023-04-29 23:25:10.528: [iter 65 : loss : 0.2530 = 0.0341 + 0.2128 + 0.0051 + 0.0011, time: 65.313918]
2023-04-29 23:25:11.498: epoch 65:	0.03518762  	0.18587713  	0.12981109  
2023-04-29 23:25:11.499: Find a better model.
2023-04-29 23:26:14.765: [iter 66 : loss : 0.2515 = 0.0337 + 0.2116 + 0.0051 + 0.0011, time: 63.242891]
2023-04-29 23:26:15.756: epoch 66:	0.03530007  	0.18670775  	0.13021494  
2023-04-29 23:26:15.757: Find a better model.
2023-04-29 23:27:23.128: [iter 67 : loss : 0.2506 = 0.0339 + 0.2105 + 0.0052 + 0.0011, time: 67.351518]
2023-04-29 23:27:24.107: epoch 67:	0.03530009  	0.18662181  	0.13020872  
2023-04-29 23:28:27.832: [iter 68 : loss : 0.2490 = 0.0332 + 0.2094 + 0.0053 + 0.0011, time: 63.708398]
2023-04-29 23:28:28.797: epoch 68:	0.03549353  	0.18769217  	0.13083211  
2023-04-29 23:28:28.797: Find a better model.
2023-04-29 23:29:36.244: [iter 69 : loss : 0.2482 = 0.0334 + 0.2084 + 0.0054 + 0.0011, time: 67.428040]
2023-04-29 23:29:37.147: epoch 69:	0.03540805  	0.18730754  	0.13075902  
2023-04-29 23:30:40.731: [iter 70 : loss : 0.2470 = 0.0331 + 0.2073 + 0.0055 + 0.0011, time: 63.562392]
2023-04-29 23:30:41.720: epoch 70:	0.03566898  	0.18857628  	0.13154389  
2023-04-29 23:30:41.720: Find a better model.
2023-04-29 23:31:48.899: [iter 71 : loss : 0.2454 = 0.0326 + 0.2062 + 0.0056 + 0.0011, time: 67.162499]
2023-04-29 23:31:49.854: epoch 71:	0.03571397  	0.18889336  	0.13173532  
2023-04-29 23:31:49.854: Find a better model.
2023-04-29 23:32:53.448: [iter 72 : loss : 0.2446 = 0.0326 + 0.2053 + 0.0056 + 0.0011, time: 63.570826]
2023-04-29 23:32:54.396: epoch 72:	0.03572299  	0.18869531  	0.13179475  
2023-04-29 23:34:01.618: [iter 73 : loss : 0.2431 = 0.0323 + 0.2040 + 0.0057 + 0.0011, time: 67.202301]
2023-04-29 23:34:02.602: epoch 73:	0.03585344  	0.18923625  	0.13221508  
2023-04-29 23:34:02.603: Find a better model.
2023-04-29 23:35:05.964: [iter 74 : loss : 0.2426 = 0.0326 + 0.2031 + 0.0058 + 0.0010, time: 63.340290]
2023-04-29 23:35:06.980: epoch 74:	0.03592993  	0.18993169  	0.13266702  
2023-04-29 23:35:06.980: Find a better model.
2023-04-29 23:36:13.865: [iter 75 : loss : 0.2408 = 0.0317 + 0.2022 + 0.0059 + 0.0010, time: 66.865612]
2023-04-29 23:36:14.636: epoch 75:	0.03606941  	0.19070537  	0.13316181  
2023-04-29 23:36:14.636: Find a better model.
2023-04-29 23:37:21.089: [iter 76 : loss : 0.2395 = 0.0316 + 0.2009 + 0.0060 + 0.0010, time: 66.435571]
2023-04-29 23:37:22.052: epoch 76:	0.03615039  	0.19085076  	0.13324860  
2023-04-29 23:37:22.052: Find a better model.
2023-04-29 23:38:25.876: [iter 77 : loss : 0.2385 = 0.0312 + 0.2001 + 0.0061 + 0.0010, time: 63.810851]
2023-04-29 23:38:26.591: epoch 77:	0.03623587  	0.19156708  	0.13387609  
2023-04-29 23:38:26.591: Find a better model.
2023-04-29 23:39:33.904: [iter 78 : loss : 0.2373 = 0.0312 + 0.1990 + 0.0062 + 0.0010, time: 67.285831]
2023-04-29 23:39:34.875: epoch 78:	0.03634382  	0.19182254  	0.13424228  
2023-04-29 23:39:34.875: Find a better model.
2023-04-29 23:40:39.061: [iter 79 : loss : 0.2366 = 0.0315 + 0.1979 + 0.0063 + 0.0010, time: 64.161586]
2023-04-29 23:40:40.064: epoch 79:	0.03643829  	0.19197550  	0.13437024  
2023-04-29 23:40:40.065: Find a better model.
2023-04-29 23:41:48.275: [iter 80 : loss : 0.2340 = 0.0297 + 0.1969 + 0.0064 + 0.0010, time: 68.188063]
2023-04-29 23:41:49.344: epoch 80:	0.03648328  	0.19234362  	0.13436295  
2023-04-29 23:41:49.344: Find a better model.
2023-04-29 23:43:00.734: [iter 81 : loss : 0.2343 = 0.0310 + 0.1958 + 0.0064 + 0.0010, time: 71.367535]
2023-04-29 23:43:01.869: epoch 81:	0.03660475  	0.19264850  	0.13474268  
2023-04-29 23:43:01.870: Find a better model.
2023-04-29 23:44:16.761: [iter 82 : loss : 0.2316 = 0.0291 + 0.1949 + 0.0065 + 0.0010, time: 74.872181]
2023-04-29 23:44:17.862: epoch 82:	0.03674871  	0.19351541  	0.13525765  
2023-04-29 23:44:17.863: Find a better model.
2023-04-29 23:45:29.975: [iter 83 : loss : 0.2315 = 0.0300 + 0.1939 + 0.0066 + 0.0010, time: 72.081313]
2023-04-29 23:45:31.045: epoch 83:	0.03678470  	0.19381315  	0.13557589  
2023-04-29 23:45:31.045: Find a better model.
2023-04-29 23:46:45.940: [iter 84 : loss : 0.2299 = 0.0294 + 0.1928 + 0.0067 + 0.0010, time: 74.872763]
2023-04-29 23:46:47.044: epoch 84:	0.03696913  	0.19495074  	0.13596624  
2023-04-29 23:46:47.045: Find a better model.
2023-04-29 23:47:58.126: [iter 85 : loss : 0.2291 = 0.0296 + 0.1917 + 0.0068 + 0.0010, time: 71.060345]
2023-04-29 23:47:59.214: epoch 85:	0.03698263  	0.19512691  	0.13618357  
2023-04-29 23:47:59.214: Find a better model.
2023-04-29 23:49:12.621: [iter 86 : loss : 0.2283 = 0.0296 + 0.1908 + 0.0069 + 0.0010, time: 73.383282]
2023-04-29 23:49:13.714: epoch 86:	0.03696014  	0.19499457  	0.13639206  
2023-04-29 23:50:24.817: [iter 87 : loss : 0.2271 = 0.0293 + 0.1898 + 0.0070 + 0.0010, time: 71.079066]
2023-04-29 23:50:25.888: epoch 87:	0.03716709  	0.19613932  	0.13711889  
2023-04-29 23:50:25.888: Find a better model.
2023-04-29 23:51:40.525: [iter 88 : loss : 0.2261 = 0.0292 + 0.1889 + 0.0071 + 0.0010, time: 74.617845]
2023-04-29 23:51:41.557: epoch 88:	0.03717608  	0.19648324  	0.13742347  
2023-04-29 23:51:41.558: Find a better model.
2023-04-29 23:52:52.716: [iter 89 : loss : 0.2241 = 0.0281 + 0.1878 + 0.0072 + 0.0010, time: 71.139979]
2023-04-29 23:52:53.788: epoch 89:	0.03717158  	0.19644941  	0.13751772  
2023-04-29 23:54:08.590: [iter 90 : loss : 0.2236 = 0.0285 + 0.1868 + 0.0073 + 0.0010, time: 74.782592]
2023-04-29 23:54:09.660: epoch 90:	0.03734253  	0.19716012  	0.13797794  
2023-04-29 23:54:09.660: Find a better model.
2023-04-29 23:55:19.171: [iter 91 : loss : 0.2225 = 0.0284 + 0.1858 + 0.0074 + 0.0010, time: 69.488909]
2023-04-29 23:55:20.213: epoch 91:	0.03743253  	0.19736873  	0.13817568  
2023-04-29 23:55:20.214: Find a better model.
2023-04-29 23:56:34.625: [iter 92 : loss : 0.2212 = 0.0281 + 0.1847 + 0.0075 + 0.0010, time: 74.382322]
2023-04-29 23:56:35.711: epoch 92:	0.03754949  	0.19773266  	0.13854972  
2023-04-29 23:56:35.711: Find a better model.
2023-04-29 23:57:47.032: [iter 93 : loss : 0.2196 = 0.0274 + 0.1837 + 0.0076 + 0.0009, time: 71.296597]
2023-04-29 23:57:48.115: epoch 93:	0.03758549  	0.19773470  	0.13864729  
2023-04-29 23:57:48.116: Find a better model.
2023-04-29 23:59:02.978: [iter 94 : loss : 0.2191 = 0.0278 + 0.1827 + 0.0077 + 0.0009, time: 74.835416]
2023-04-29 23:59:04.028: epoch 94:	0.03763497  	0.19833477  	0.13911939  
2023-04-29 23:59:04.028: Find a better model.
2023-04-30 00:00:16.572: [iter 95 : loss : 0.2178 = 0.0272 + 0.1818 + 0.0078 + 0.0009, time: 72.526594]
2023-04-30 00:00:17.650: epoch 95:	0.03765297  	0.19841401  	0.13932030  
2023-04-30 00:00:17.650: Find a better model.
2023-04-30 00:01:31.988: [iter 96 : loss : 0.2163 = 0.0268 + 0.1806 + 0.0079 + 0.0009, time: 74.316301]
2023-04-30 00:01:32.732: epoch 96:	0.03779693  	0.19926877  	0.13965097  
2023-04-30 00:01:32.732: Find a better model.
2023-04-30 00:02:47.320: [iter 97 : loss : 0.2147 = 0.0259 + 0.1799 + 0.0080 + 0.0009, time: 74.569717]
2023-04-30 00:02:48.382: epoch 97:	0.03780141  	0.19934465  	0.13971734  
2023-04-30 00:02:48.383: Find a better model.
2023-04-30 00:03:59.589: [iter 98 : loss : 0.2149 = 0.0270 + 0.1789 + 0.0081 + 0.0009, time: 71.183353]
2023-04-30 00:04:00.665: epoch 98:	0.03790488  	0.19959795  	0.13993184  
2023-04-30 00:04:00.665: Find a better model.
2023-04-30 00:05:15.360: [iter 99 : loss : 0.2135 = 0.0266 + 0.1778 + 0.0082 + 0.0009, time: 74.671886]
2023-04-30 00:05:16.343: epoch 99:	0.03805335  	0.20030782  	0.14032409  
2023-04-30 00:05:16.344: Find a better model.
2023-04-30 00:06:27.617: [iter 100 : loss : 0.2127 = 0.0267 + 0.1769 + 0.0083 + 0.0009, time: 71.258107]
2023-04-30 00:06:28.694: epoch 100:	0.03808035  	0.20043422  	0.14061452  
2023-04-30 00:06:28.694: Find a better model.
2023-04-30 00:07:43.520: [iter 101 : loss : 0.2126 = 0.0274 + 0.1759 + 0.0084 + 0.0009, time: 74.809042]
2023-04-30 00:07:44.554: epoch 101:	0.03821983  	0.20098363  	0.14084491  
2023-04-30 00:07:44.555: Find a better model.
2023-04-30 00:08:56.929: [iter 102 : loss : 0.2116 = 0.0273 + 0.1749 + 0.0085 + 0.0009, time: 72.350643]
2023-04-30 00:08:57.971: epoch 102:	0.03819283  	0.20094050  	0.14104636  
2023-04-30 00:10:10.310: [iter 103 : loss : 0.2101 = 0.0267 + 0.1739 + 0.0086 + 0.0009, time: 72.315538]
2023-04-30 00:10:11.416: epoch 103:	0.03824231  	0.20110402  	0.14120114  
2023-04-30 00:10:11.416: Find a better model.
2023-04-30 00:11:23.619: [iter 104 : loss : 0.2082 = 0.0257 + 0.1730 + 0.0087 + 0.0009, time: 72.177380]
2023-04-30 00:11:24.739: epoch 104:	0.03829629  	0.20130138  	0.14136325  
2023-04-30 00:11:24.740: Find a better model.
2023-04-30 00:12:40.133: [iter 105 : loss : 0.2070 = 0.0252 + 0.1721 + 0.0088 + 0.0009, time: 75.366646]
2023-04-30 00:12:41.242: epoch 105:	0.03840428  	0.20181940  	0.14172496  
2023-04-30 00:12:41.243: Find a better model.
2023-04-30 00:13:54.447: [iter 106 : loss : 0.2060 = 0.0251 + 0.1711 + 0.0089 + 0.0009, time: 73.175837]
2023-04-30 00:13:55.583: epoch 106:	0.03839976  	0.20187147  	0.14172786  
2023-04-30 00:13:55.583: Find a better model.
2023-04-30 00:15:06.017: [iter 107 : loss : 0.2055 = 0.0255 + 0.1701 + 0.0090 + 0.0009, time: 70.407299]
2023-04-30 00:15:07.086: epoch 107:	0.03845825  	0.20214440  	0.14189675  
2023-04-30 00:15:07.086: Find a better model.
2023-04-30 00:16:14.278: [iter 108 : loss : 0.2051 = 0.0260 + 0.1691 + 0.0091 + 0.0009, time: 67.161259]
2023-04-30 00:16:15.343: epoch 108:	0.03840428  	0.20183432  	0.14168821  
2023-04-30 00:17:23.693: [iter 109 : loss : 0.2037 = 0.0253 + 0.1683 + 0.0092 + 0.0009, time: 68.321902]
2023-04-30 00:17:24.670: epoch 109:	0.03851675  	0.20260035  	0.14198484  
2023-04-30 00:17:24.671: Find a better model.
2023-04-30 00:18:31.031: [iter 110 : loss : 0.2034 = 0.0259 + 0.1673 + 0.0093 + 0.0009, time: 66.333435]
2023-04-30 00:18:32.101: epoch 110:	0.03850327  	0.20258926  	0.14207372  
2023-04-30 00:19:40.403: [iter 111 : loss : 0.2021 = 0.0253 + 0.1665 + 0.0094 + 0.0009, time: 68.275619]
2023-04-30 00:19:41.501: epoch 111:	0.03850328  	0.20252265  	0.14233813  
2023-04-30 00:20:55.960: [iter 112 : loss : 0.2006 = 0.0246 + 0.1656 + 0.0095 + 0.0009, time: 74.433066]
2023-04-30 00:20:57.080: epoch 112:	0.03852574  	0.20228405  	0.14225051  
2023-04-30 00:22:09.656: [iter 113 : loss : 0.1995 = 0.0246 + 0.1645 + 0.0096 + 0.0008, time: 72.549856]
2023-04-30 00:22:10.817: epoch 113:	0.03856174  	0.20278719  	0.14246689  
2023-04-30 00:22:10.817: Find a better model.
2023-04-30 00:23:26.319: [iter 114 : loss : 0.1989 = 0.0248 + 0.1636 + 0.0097 + 0.0008, time: 75.470037]
2023-04-30 00:23:27.522: epoch 114:	0.03858424  	0.20278697  	0.14256991  
2023-04-30 00:24:39.735: [iter 115 : loss : 0.1981 = 0.0248 + 0.1626 + 0.0098 + 0.0008, time: 72.188672]
2023-04-30 00:24:40.865: epoch 115:	0.03859323  	0.20290060  	0.14278585  
2023-04-30 00:24:40.866: Find a better model.
2023-04-30 00:25:56.254: [iter 116 : loss : 0.1968 = 0.0242 + 0.1618 + 0.0099 + 0.0008, time: 75.363266]
2023-04-30 00:25:57.381: epoch 116:	0.03875968  	0.20375206  	0.14307407  
2023-04-30 00:25:57.381: Find a better model.
2023-04-30 00:27:10.517: [iter 117 : loss : 0.1969 = 0.0250 + 0.1611 + 0.0100 + 0.0008, time: 73.110104]
2023-04-30 00:27:11.637: epoch 117:	0.03878218  	0.20393451  	0.14324869  
2023-04-30 00:27:11.637: Find a better model.
2023-04-30 00:28:29.008: [iter 118 : loss : 0.1947 = 0.0236 + 0.1601 + 0.0101 + 0.0008, time: 77.348455]
2023-04-30 00:28:30.147: epoch 118:	0.03889465  	0.20444255  	0.14349169  
2023-04-30 00:28:30.147: Find a better model.
2023-04-30 00:29:38.427: [iter 119 : loss : 0.1946 = 0.0244 + 0.1591 + 0.0103 + 0.0008, time: 68.254734]
2023-04-30 00:29:39.527: epoch 119:	0.03890365  	0.20463185  	0.14365226  
2023-04-30 00:29:39.527: Find a better model.
2023-04-30 00:30:54.143: [iter 120 : loss : 0.1935 = 0.0241 + 0.1583 + 0.0104 + 0.0008, time: 74.592468]
2023-04-30 00:30:55.249: epoch 120:	0.03893066  	0.20446283  	0.14362717  
2023-04-30 00:32:07.936: [iter 121 : loss : 0.1930 = 0.0243 + 0.1574 + 0.0105 + 0.0008, time: 72.665274]
2023-04-30 00:32:09.076: epoch 121:	0.03899815  	0.20475760  	0.14381401  
2023-04-30 00:32:09.076: Find a better model.
2023-04-30 00:33:24.015: [iter 122 : loss : 0.1922 = 0.0242 + 0.1566 + 0.0106 + 0.0008, time: 74.911690]
2023-04-30 00:33:25.100: epoch 122:	0.03905664  	0.20486961  	0.14387891  
2023-04-30 00:33:25.101: Find a better model.
2023-04-30 00:34:37.327: [iter 123 : loss : 0.1906 = 0.0235 + 0.1556 + 0.0107 + 0.0008, time: 72.205290]
2023-04-30 00:34:38.391: epoch 123:	0.03906566  	0.20502578  	0.14399050  
2023-04-30 00:34:38.391: Find a better model.
2023-04-30 00:35:53.225: [iter 124 : loss : 0.1899 = 0.0236 + 0.1547 + 0.0108 + 0.0008, time: 74.807710]
2023-04-30 00:35:54.340: epoch 124:	0.03904315  	0.20476371  	0.14398105  
2023-04-30 00:37:07.093: [iter 125 : loss : 0.1889 = 0.0235 + 0.1537 + 0.0109 + 0.0008, time: 72.727886]
2023-04-30 00:37:08.240: epoch 125:	0.03916462  	0.20505868  	0.14414552  
2023-04-30 00:37:08.240: Find a better model.
2023-04-30 00:38:23.163: [iter 126 : loss : 0.1878 = 0.0229 + 0.1530 + 0.0110 + 0.0008, time: 74.893036]
2023-04-30 00:38:24.020: epoch 126:	0.03905663  	0.20469446  	0.14393809  
2023-04-30 00:39:36.079: [iter 127 : loss : 0.1874 = 0.0233 + 0.1522 + 0.0111 + 0.0008, time: 72.034642]
2023-04-30 00:39:37.226: epoch 127:	0.03922307  	0.20559613  	0.14439532  
2023-04-30 00:39:37.226: Find a better model.
2023-04-30 00:40:49.917: [iter 128 : loss : 0.1863 = 0.0231 + 0.1512 + 0.0112 + 0.0008, time: 72.662510]
2023-04-30 00:40:51.086: epoch 128:	0.03934904  	0.20607308  	0.14445661  
2023-04-30 00:40:51.087: Find a better model.
2023-04-30 00:42:06.598: [iter 129 : loss : 0.1857 = 0.0234 + 0.1502 + 0.0114 + 0.0008, time: 75.486202]
2023-04-30 00:42:07.736: epoch 129:	0.03943456  	0.20644931  	0.14480022  
2023-04-30 00:42:07.736: Find a better model.
2023-04-30 00:43:20.798: [iter 130 : loss : 0.1851 = 0.0236 + 0.1494 + 0.0115 + 0.0008, time: 73.036277]
2023-04-30 00:43:21.981: epoch 130:	0.03950653  	0.20667091  	0.14489038  
2023-04-30 00:43:21.981: Find a better model.
2023-04-30 00:44:37.672: [iter 131 : loss : 0.1840 = 0.0232 + 0.1484 + 0.0116 + 0.0008, time: 75.661886]
2023-04-30 00:44:38.774: epoch 131:	0.03938955  	0.20629323  	0.14480676  
2023-04-30 00:45:51.622: [iter 132 : loss : 0.1837 = 0.0236 + 0.1477 + 0.0117 + 0.0008, time: 72.824864]
2023-04-30 00:45:52.744: epoch 132:	0.03938055  	0.20614243  	0.14483494  
2023-04-30 00:47:07.607: [iter 133 : loss : 0.1822 = 0.0228 + 0.1469 + 0.0118 + 0.0008, time: 74.839706]
2023-04-30 00:47:08.687: epoch 133:	0.03940306  	0.20633505  	0.14497325  
2023-04-30 00:48:21.260: [iter 134 : loss : 0.1819 = 0.0230 + 0.1463 + 0.0119 + 0.0008, time: 72.550421]
2023-04-30 00:48:22.355: epoch 134:	0.03952452  	0.20689106  	0.14553556  
2023-04-30 00:48:22.355: Find a better model.
2023-04-30 00:49:37.984: [iter 135 : loss : 0.1809 = 0.0229 + 0.1452 + 0.0120 + 0.0007, time: 75.601146]
2023-04-30 00:49:39.110: epoch 135:	0.03949752  	0.20684713  	0.14538439  
2023-04-30 00:50:51.456: [iter 136 : loss : 0.1799 = 0.0227 + 0.1444 + 0.0121 + 0.0007, time: 72.321039]
2023-04-30 00:50:52.558: epoch 136:	0.03946603  	0.20659980  	0.14545016  
2023-04-30 00:52:08.133: [iter 137 : loss : 0.1783 = 0.0218 + 0.1435 + 0.0122 + 0.0007, time: 75.549547]
2023-04-30 00:52:09.172: epoch 137:	0.03943004  	0.20631889  	0.14541009  
2023-04-30 00:53:21.389: [iter 138 : loss : 0.1786 = 0.0229 + 0.1426 + 0.0124 + 0.0007, time: 72.193100]
2023-04-30 00:53:22.445: epoch 138:	0.03952900  	0.20689613  	0.14563002  
2023-04-30 00:53:22.445: Find a better model.
2023-04-30 00:54:37.274: [iter 139 : loss : 0.1787 = 0.0236 + 0.1419 + 0.0125 + 0.0007, time: 74.806352]
2023-04-30 00:54:38.393: epoch 139:	0.03961898  	0.20715488  	0.14556375  
2023-04-30 00:54:38.394: Find a better model.
2023-04-30 00:55:50.621: [iter 140 : loss : 0.1773 = 0.0229 + 0.1411 + 0.0126 + 0.0007, time: 72.203217]
2023-04-30 00:55:51.746: epoch 140:	0.03968647  	0.20788158  	0.14579618  
2023-04-30 00:55:51.746: Find a better model.
2023-04-30 00:57:05.071: [iter 141 : loss : 0.1765 = 0.0228 + 0.1403 + 0.0127 + 0.0007, time: 73.301542]
2023-04-30 00:57:05.990: epoch 141:	0.03974945  	0.20820169  	0.14582247  
2023-04-30 00:57:05.990: Find a better model.
2023-04-30 00:58:18.091: [iter 142 : loss : 0.1749 = 0.0218 + 0.1396 + 0.0128 + 0.0007, time: 72.072240]
2023-04-30 00:58:19.170: epoch 142:	0.03983494  	0.20841888  	0.14618242  
2023-04-30 00:58:19.170: Find a better model.
2023-04-30 00:59:31.590: [iter 143 : loss : 0.1746 = 0.0222 + 0.1388 + 0.0129 + 0.0007, time: 72.398154]
2023-04-30 00:59:32.667: epoch 143:	0.03988893  	0.20829728  	0.14617176  
2023-04-30 01:00:47.657: [iter 144 : loss : 0.1737 = 0.0221 + 0.1378 + 0.0130 + 0.0007, time: 74.968626]
2023-04-30 01:00:48.784: epoch 144:	0.03983493  	0.20816970  	0.14621636  
2023-04-30 01:02:02.197: [iter 145 : loss : 0.1727 = 0.0218 + 0.1371 + 0.0131 + 0.0007, time: 73.383445]
2023-04-30 01:02:03.319: epoch 145:	0.03985742  	0.20838363  	0.14619291  
2023-04-30 01:03:17.350: [iter 146 : loss : 0.1713 = 0.0211 + 0.1362 + 0.0133 + 0.0007, time: 74.001625]
2023-04-30 01:03:18.471: epoch 146:	0.03996091  	0.20877776  	0.14657889  
2023-04-30 01:03:18.472: Find a better model.
2023-04-30 01:04:30.788: [iter 147 : loss : 0.1714 = 0.0218 + 0.1355 + 0.0134 + 0.0007, time: 72.289190]
2023-04-30 01:04:31.871: epoch 147:	0.03997890  	0.20873208  	0.14649171  
2023-04-30 01:05:46.576: [iter 148 : loss : 0.1709 = 0.0219 + 0.1348 + 0.0135 + 0.0007, time: 74.680795]
2023-04-30 01:05:47.702: epoch 148:	0.03992942  	0.20868419  	0.14639004  
2023-04-30 01:06:59.613: [iter 149 : loss : 0.1700 = 0.0218 + 0.1339 + 0.0136 + 0.0007, time: 71.886870]
2023-04-30 01:07:00.637: epoch 149:	0.03995192  	0.20882547  	0.14638831  
2023-04-30 01:07:00.637: Find a better model.
2023-04-30 01:08:15.227: [iter 150 : loss : 0.1692 = 0.0217 + 0.1332 + 0.0137 + 0.0007, time: 74.572212]
2023-04-30 01:08:16.339: epoch 150:	0.03996541  	0.20887361  	0.14643662  
2023-04-30 01:08:16.340: Find a better model.
2023-04-30 01:09:27.852: [iter 151 : loss : 0.1687 = 0.0217 + 0.1325 + 0.0138 + 0.0007, time: 71.489943]
2023-04-30 01:09:28.906: epoch 151:	0.04000141  	0.20880495  	0.14648463  
2023-04-30 01:10:43.305: [iter 152 : loss : 0.1678 = 0.0216 + 0.1316 + 0.0139 + 0.0007, time: 74.382804]
2023-04-30 01:10:44.357: epoch 152:	0.03997442  	0.20861512  	0.14640880  
2023-04-30 01:11:55.356: [iter 153 : loss : 0.1665 = 0.0209 + 0.1309 + 0.0140 + 0.0007, time: 70.976469]
2023-04-30 01:11:56.401: epoch 153:	0.03998340  	0.20870934  	0.14647745  
2023-04-30 01:13:10.946: [iter 154 : loss : 0.1658 = 0.0209 + 0.1301 + 0.0142 + 0.0007, time: 74.527426]
2023-04-30 01:13:11.995: epoch 154:	0.04007339  	0.20925233  	0.14663608  
2023-04-30 01:13:11.995: Find a better model.
2023-04-30 01:14:23.268: [iter 155 : loss : 0.1657 = 0.0214 + 0.1294 + 0.0143 + 0.0007, time: 71.248013]
2023-04-30 01:14:24.297: epoch 155:	0.04003740  	0.20900087  	0.14665522  
2023-04-30 01:15:38.507: [iter 156 : loss : 0.1647 = 0.0210 + 0.1287 + 0.0144 + 0.0007, time: 74.184473]
2023-04-30 01:15:39.504: epoch 156:	0.04001942  	0.20900615  	0.14661182  
2023-04-30 01:16:48.923: [iter 157 : loss : 0.1653 = 0.0222 + 0.1279 + 0.0145 + 0.0007, time: 69.400573]
2023-04-30 01:16:49.933: epoch 157:	0.04007791  	0.20936190  	0.14669438  
2023-04-30 01:16:49.934: Find a better model.
2023-04-30 01:18:04.531: [iter 158 : loss : 0.1628 = 0.0206 + 0.1270 + 0.0146 + 0.0007, time: 74.584021]
2023-04-30 01:18:05.329: epoch 158:	0.04009590  	0.20938031  	0.14681798  
2023-04-30 01:18:05.329: Find a better model.
2023-04-30 01:19:18.716: [iter 159 : loss : 0.1640 = 0.0223 + 0.1264 + 0.0147 + 0.0006, time: 73.361707]
2023-04-30 01:19:19.710: epoch 159:	0.04006891  	0.20952162  	0.14673781  
2023-04-30 01:19:19.710: Find a better model.
2023-04-30 01:20:31.597: [iter 160 : loss : 0.1623 = 0.0212 + 0.1257 + 0.0148 + 0.0006, time: 71.867443]
2023-04-30 01:20:32.319: epoch 160:	0.04009591  	0.20929106  	0.14664297  
2023-04-30 01:21:46.594: [iter 161 : loss : 0.1609 = 0.0205 + 0.1248 + 0.0149 + 0.0006, time: 74.251593]
2023-04-30 01:21:47.728: epoch 161:	0.04010941  	0.20938767  	0.14652674  
2023-04-30 01:22:59.172: [iter 162 : loss : 0.1618 = 0.0218 + 0.1243 + 0.0150 + 0.0006, time: 71.421127]
2023-04-30 01:23:00.200: epoch 162:	0.04005993  	0.20895255  	0.14648423  
2023-04-30 01:24:14.434: [iter 163 : loss : 0.1599 = 0.0207 + 0.1234 + 0.0152 + 0.0006, time: 74.209695]
2023-04-30 01:24:15.508: epoch 163:	0.04003292  	0.20892401  	0.14647491  
2023-04-30 01:25:26.182: [iter 164 : loss : 0.1593 = 0.0207 + 0.1227 + 0.0153 + 0.0006, time: 70.657499]
2023-04-30 01:25:27.264: epoch 164:	0.04010490  	0.20946385  	0.14678538  
2023-04-30 01:26:41.545: [iter 165 : loss : 0.1592 = 0.0213 + 0.1220 + 0.0154 + 0.0006, time: 74.265043]
2023-04-30 01:26:42.583: epoch 165:	0.04027588  	0.21012013  	0.14702132  
2023-04-30 01:26:42.583: Find a better model.
2023-04-30 01:27:53.945: [iter 166 : loss : 0.1585 = 0.0210 + 0.1214 + 0.0155 + 0.0006, time: 71.344433]
2023-04-30 01:27:54.999: epoch 166:	0.04025337  	0.20977733  	0.14693442  
2023-04-30 01:29:09.296: [iter 167 : loss : 0.1576 = 0.0208 + 0.1206 + 0.0156 + 0.0006, time: 74.279952]
2023-04-30 01:29:10.320: epoch 167:	0.04027590  	0.20976014  	0.14692138  
2023-04-30 01:30:20.883: [iter 168 : loss : 0.1574 = 0.0212 + 0.1199 + 0.0157 + 0.0006, time: 70.540812]
2023-04-30 01:30:21.937: epoch 168:	0.04026239  	0.20978464  	0.14697094  
2023-04-30 01:31:33.622: [iter 169 : loss : 0.1566 = 0.0208 + 0.1194 + 0.0158 + 0.0006, time: 71.666870]
2023-04-30 01:31:34.677: epoch 169:	0.04034786  	0.21044306  	0.14735484  
2023-04-30 01:31:34.683: Find a better model.
2023-04-30 01:32:45.666: [iter 170 : loss : 0.1556 = 0.0205 + 0.1185 + 0.0159 + 0.0006, time: 70.961010]
2023-04-30 01:32:46.721: epoch 170:	0.04033438  	0.21022429  	0.14741215  
2023-04-30 01:34:01.078: [iter 171 : loss : 0.1547 = 0.0201 + 0.1179 + 0.0161 + 0.0006, time: 74.337541]
2023-04-30 01:34:02.110: epoch 171:	0.04037037  	0.21026891  	0.14736472  
2023-04-30 01:35:13.394: [iter 172 : loss : 0.1544 = 0.0205 + 0.1171 + 0.0162 + 0.0006, time: 71.260089]
2023-04-30 01:35:14.427: epoch 172:	0.04031637  	0.21023193  	0.14716674  
2023-04-30 01:36:28.805: [iter 173 : loss : 0.1542 = 0.0209 + 0.1165 + 0.0163 + 0.0006, time: 74.358943]
2023-04-30 01:36:29.861: epoch 173:	0.04041085  	0.21063323  	0.14742187  
2023-04-30 01:36:29.861: Find a better model.
2023-04-30 01:37:40.456: [iter 174 : loss : 0.1531 = 0.0202 + 0.1160 + 0.0164 + 0.0006, time: 70.575633]
2023-04-30 01:37:41.493: epoch 174:	0.04048734  	0.21102624  	0.14765912  
2023-04-30 01:37:41.499: Find a better model.
2023-04-30 01:38:55.917: [iter 175 : loss : 0.1530 = 0.0208 + 0.1152 + 0.0165 + 0.0006, time: 74.402092]
2023-04-30 01:38:56.999: epoch 175:	0.04049634  	0.21108308  	0.14773624  
2023-04-30 01:38:56.999: Find a better model.
2023-04-30 01:40:08.829: [iter 176 : loss : 0.1520 = 0.0201 + 0.1146 + 0.0166 + 0.0006, time: 71.810322]
2023-04-30 01:40:09.909: epoch 176:	0.04040185  	0.21079424  	0.14764503  
2023-04-30 01:41:24.380: [iter 177 : loss : 0.1517 = 0.0206 + 0.1138 + 0.0167 + 0.0006, time: 74.454913]
2023-04-30 01:41:25.406: epoch 177:	0.04046486  	0.21117556  	0.14755569  
2023-04-30 01:41:25.406: Find a better model.
2023-04-30 01:42:36.940: [iter 178 : loss : 0.1514 = 0.0207 + 0.1133 + 0.0168 + 0.0006, time: 71.514279]
2023-04-30 01:42:37.936: epoch 178:	0.04048731  	0.21115266  	0.14745142  
2023-04-30 01:43:52.074: [iter 179 : loss : 0.1504 = 0.0203 + 0.1126 + 0.0169 + 0.0006, time: 74.118827]
2023-04-30 01:43:53.156: epoch 179:	0.04050531  	0.21132305  	0.14756195  
2023-04-30 01:43:53.157: Find a better model.
2023-04-30 01:45:04.616: [iter 180 : loss : 0.1491 = 0.0196 + 0.1118 + 0.0171 + 0.0006, time: 71.439254]
2023-04-30 01:45:05.617: epoch 180:	0.04045131  	0.21117881  	0.14743833  
2023-04-30 01:46:17.893: [iter 181 : loss : 0.1491 = 0.0200 + 0.1114 + 0.0172 + 0.0006, time: 72.242311]
2023-04-30 01:46:18.925: epoch 181:	0.04050531  	0.21118887  	0.14742360  
2023-04-30 01:47:30.276: [iter 182 : loss : 0.1485 = 0.0199 + 0.1108 + 0.0173 + 0.0006, time: 71.332013]
2023-04-30 01:47:31.344: epoch 182:	0.04058181  	0.21185358  	0.14763628  
2023-04-30 01:47:31.344: Find a better model.
2023-04-30 01:48:45.522: [iter 183 : loss : 0.1473 = 0.0193 + 0.1100 + 0.0174 + 0.0006, time: 74.154417]
2023-04-30 01:48:46.296: epoch 183:	0.04055030  	0.21150805  	0.14767835  
2023-04-30 01:49:59.431: [iter 184 : loss : 0.1463 = 0.0189 + 0.1094 + 0.0175 + 0.0006, time: 73.109519]
2023-04-30 01:50:00.530: epoch 184:	0.04058180  	0.21164854  	0.14769933  
2023-04-30 01:51:12.529: [iter 185 : loss : 0.1467 = 0.0196 + 0.1089 + 0.0176 + 0.0006, time: 71.975129]
2023-04-30 01:51:13.422: epoch 185:	0.04065829  	0.21201178  	0.14791819  
2023-04-30 01:51:13.422: Find a better model.
2023-04-30 01:52:27.738: [iter 186 : loss : 0.1460 = 0.0197 + 0.1080 + 0.0177 + 0.0006, time: 74.297739]
2023-04-30 01:52:28.804: epoch 186:	0.04065828  	0.21186347  	0.14783596  
2023-04-30 01:53:40.790: [iter 187 : loss : 0.1458 = 0.0200 + 0.1074 + 0.0178 + 0.0006, time: 71.962903]
2023-04-30 01:53:41.920: epoch 187:	0.04062229  	0.21186464  	0.14765510  
2023-04-30 01:54:56.599: [iter 188 : loss : 0.1445 = 0.0192 + 0.1068 + 0.0180 + 0.0005, time: 74.651172]
2023-04-30 01:54:57.702: epoch 188:	0.04075275  	0.21259451  	0.14795248  
2023-04-30 01:54:57.702: Find a better model.
2023-04-30 01:56:09.547: [iter 189 : loss : 0.1452 = 0.0202 + 0.1065 + 0.0181 + 0.0005, time: 71.821739]
2023-04-30 01:56:10.670: epoch 189:	0.04078874  	0.21270312  	0.14793345  
2023-04-30 01:56:10.670: Find a better model.
2023-04-30 01:57:21.906: [iter 190 : loss : 0.1431 = 0.0188 + 0.1056 + 0.0182 + 0.0005, time: 71.212186]
2023-04-30 01:57:23.046: epoch 190:	0.04090121  	0.21302660  	0.14811122  
2023-04-30 01:57:23.047: Find a better model.
2023-04-30 01:58:29.265: [iter 191 : loss : 0.1440 = 0.0200 + 0.1052 + 0.0183 + 0.0005, time: 66.189114]
2023-04-30 01:58:30.388: epoch 191:	0.04079774  	0.21221845  	0.14774944  
2023-04-30 01:59:39.762: [iter 192 : loss : 0.1429 = 0.0195 + 0.1045 + 0.0184 + 0.0005, time: 69.340633]
2023-04-30 01:59:40.914: epoch 192:	0.04082473  	0.21254031  	0.14787555  
2023-04-30 02:00:31.126: [iter 193 : loss : 0.1425 = 0.0196 + 0.1039 + 0.0185 + 0.0005, time: 50.187471]
2023-04-30 02:00:31.987: epoch 193:	0.04081123  	0.21292314  	0.14802375  
2023-04-30 02:01:09.790: [iter 194 : loss : 0.1422 = 0.0197 + 0.1033 + 0.0186 + 0.0005, time: 37.772848]
2023-04-30 02:01:10.499: epoch 194:	0.04083373  	0.21281461  	0.14812028  
2023-04-30 02:01:48.280: [iter 195 : loss : 0.1417 = 0.0198 + 0.1027 + 0.0187 + 0.0005, time: 37.762726]
2023-04-30 02:01:48.979: epoch 195:	0.04078874  	0.21271503  	0.14813516  
2023-04-30 02:02:29.791: [iter 196 : loss : 0.1409 = 0.0193 + 0.1023 + 0.0188 + 0.0005, time: 40.791990]
2023-04-30 02:02:30.504: epoch 196:	0.04082923  	0.21281776  	0.14822678  
2023-04-30 02:03:13.226: [iter 197 : loss : 0.1405 = 0.0194 + 0.1016 + 0.0189 + 0.0005, time: 42.692334]
2023-04-30 02:03:13.924: epoch 197:	0.04082925  	0.21257693  	0.14824641  
2023-04-30 02:03:56.711: [iter 198 : loss : 0.1400 = 0.0194 + 0.1011 + 0.0190 + 0.0005, time: 42.766540]
2023-04-30 02:03:57.445: epoch 198:	0.04082024  	0.21272264  	0.14831959  
2023-04-30 02:04:40.206: [iter 199 : loss : 0.1393 = 0.0192 + 0.1005 + 0.0192 + 0.0005, time: 42.741469]
2023-04-30 02:04:40.910: epoch 199:	0.04087871  	0.21282375  	0.14831094  
2023-04-30 02:05:23.731: [iter 200 : loss : 0.1379 = 0.0184 + 0.0997 + 0.0193 + 0.0005, time: 42.800245]
2023-04-30 02:05:24.438: epoch 200:	0.04091471  	0.21299183  	0.14846312  
2023-04-30 02:05:24.438: Early stopping is trigger at epoch: 200
2023-04-30 02:05:24.438: best_result@epoch 190:

2023-04-30 02:05:24.438: 		0.0409      	0.2130      	0.1481      
