2023-09-02 08:22:24.336: my pid: 8638
2023-09-02 08:22:24.336: model: model.general_recommender.GNNEC
2023-09-02 08:22:24.336: Dataset statistics:
Name: gowalla-20core
The number of users: 11113
The number of items: 18074
The number of ratings: 523315
Average actions of users: 47.09
Average actions of items: 28.95
The sparsity of the dataset: 99.739458%

The number of training: 475362
The number of validation: 0
The number of testing: 47953
2023-09-02 08:22:24.336: NeuRec:[NeuRec]:
recommender=GNNEC
dataset=gowalla-20core
file_column=UI
sep=','
gpu_id=0
gpu_mem=0.99
metric=["Precision", "Recall", "NDCG"]
top_k=[20]
test_thread=8
test_batch_size=128
seed=2021
start_testing_epoch=0

GNNEC:[hyperparameters]:
mf_reg=0.02
svd_q=5
aug_type=ND
reg=1e-4
embed_size=32
n_layers=2
ssl_reg=0.02
ssl_ratio=0.5
ssl_temp=10
ssl_mode=both_side
lr=1e-3
learner=adam
adj_type=pre
epochs=300
batch_size=2048
num_negatives=1
param_init=xavier_uniform
stddev=0.01
verbose=1
stop_cnt=10
pretrain_flag=0
save_flag=0

Command line:
recommender=GNNEC
dataset=gowalla-20core
epochs=300
n_layers=2
embed_size=32
batch_size=2048
lr=1e-3
aug_type=ND
reg=1e-4
ssl_reg=0.02
ssl_ratio=0.5
ssl_temp=10
mf_reg=0.02
svd_q=5
2023-09-02 08:22:37.019: metrics:	Precision@20	Recall@20   	NDCG@20     
2023-09-02 08:22:49.443: [iter 1 : loss : 1.3745 = 0.6159 + 0.3793 + 0.0000 + 0.3793, time: 12.423727]
2023-09-02 08:22:50.037: epoch 1:	0.01692660  	0.08737055  	0.05904404  
2023-09-02 08:22:50.037: Find a better model.
2023-09-02 08:23:01.904: [iter 2 : loss : 1.1905 = 0.4412 + 0.3746 + 0.0002 + 0.3746, time: 11.850307]
2023-09-02 08:23:02.519: epoch 2:	0.01939679  	0.10101222  	0.06859126  
2023-09-02 08:23:02.519: Find a better model.
2023-09-02 08:23:14.427: [iter 3 : loss : 1.1110 = 0.3659 + 0.3724 + 0.0003 + 0.3724, time: 11.886234]
2023-09-02 08:23:15.085: epoch 3:	0.02053064  	0.10787356  	0.07446087  
2023-09-02 08:23:15.091: Find a better model.
2023-09-02 08:23:27.046: [iter 4 : loss : 1.0646 = 0.3220 + 0.3711 + 0.0003 + 0.3711, time: 11.921614]
2023-09-02 08:23:27.689: epoch 4:	0.02156101  	0.11329287  	0.07858554  
2023-09-02 08:23:27.689: Find a better model.
2023-09-02 08:23:39.559: [iter 5 : loss : 1.0330 = 0.2922 + 0.3702 + 0.0004 + 0.3702, time: 11.848325]
2023-09-02 08:23:40.208: epoch 5:	0.02205594  	0.11629252  	0.08072604  
2023-09-02 08:23:40.209: Find a better model.
2023-09-02 08:23:52.136: [iter 6 : loss : 1.0103 = 0.2709 + 0.3695 + 0.0005 + 0.3694, time: 11.909060]
2023-09-02 08:23:52.776: epoch 6:	0.02274885  	0.12028446  	0.08320981  
2023-09-02 08:23:52.777: Find a better model.
2023-09-02 08:24:04.683: [iter 7 : loss : 0.9924 = 0.2541 + 0.3689 + 0.0005 + 0.3688, time: 11.885307]
2023-09-02 08:24:05.325: epoch 7:	0.02318976  	0.12236387  	0.08484684  
2023-09-02 08:24:05.325: Find a better model.
2023-09-02 08:24:17.203: [iter 8 : loss : 0.9796 = 0.2422 + 0.3684 + 0.0006 + 0.3683, time: 11.856179]
2023-09-02 08:24:17.828: epoch 8:	0.02349116  	0.12387206  	0.08622360  
2023-09-02 08:24:17.828: Find a better model.
2023-09-02 08:24:29.740: [iter 9 : loss : 0.9678 = 0.2313 + 0.3680 + 0.0006 + 0.3679, time: 11.890431]
2023-09-02 08:24:30.375: epoch 9:	0.02389602  	0.12587176  	0.08754391  
2023-09-02 08:24:30.375: Find a better model.
2023-09-02 08:24:42.224: [iter 10 : loss : 0.9580 = 0.2222 + 0.3677 + 0.0007 + 0.3675, time: 11.830484]
2023-09-02 08:24:42.877: epoch 10:	0.02419293  	0.12756656  	0.08858864  
2023-09-02 08:24:42.877: Find a better model.
2023-09-02 08:24:54.661: [iter 11 : loss : 0.9497 = 0.2146 + 0.3673 + 0.0007 + 0.3671, time: 11.766799]
2023-09-02 08:24:55.304: epoch 11:	0.02447185  	0.12892786  	0.08961908  
2023-09-02 08:24:55.304: Find a better model.
2023-09-02 08:25:07.295: [iter 12 : loss : 0.9417 = 0.2071 + 0.3670 + 0.0008 + 0.3668, time: 11.970946]
2023-09-02 08:25:07.948: epoch 12:	0.02472827  	0.13013738  	0.09051773  
2023-09-02 08:25:07.948: Find a better model.
2023-09-02 08:25:19.869: [iter 13 : loss : 0.9348 = 0.2007 + 0.3668 + 0.0008 + 0.3665, time: 11.897025]
2023-09-02 08:25:20.497: epoch 13:	0.02497569  	0.13165191  	0.09140281  
2023-09-02 08:25:20.497: Find a better model.
2023-09-02 08:25:32.451: [iter 14 : loss : 0.9292 = 0.1956 + 0.3665 + 0.0008 + 0.3662, time: 11.936060]
2023-09-02 08:25:33.105: epoch 14:	0.02516012  	0.13274866  	0.09211359  
2023-09-02 08:25:33.105: Find a better model.
2023-09-02 08:25:45.104: [iter 15 : loss : 0.9250 = 0.1918 + 0.3663 + 0.0009 + 0.3660, time: 11.979470]
2023-09-02 08:25:45.761: epoch 15:	0.02543903  	0.13397087  	0.09304704  
2023-09-02 08:25:45.761: Find a better model.
2023-09-02 08:25:57.661: [iter 16 : loss : 0.9207 = 0.1878 + 0.3661 + 0.0009 + 0.3658, time: 11.880291]
2023-09-02 08:25:58.308: epoch 16:	0.02559198  	0.13488032  	0.09348722  
2023-09-02 08:25:58.308: Find a better model.
2023-09-02 08:26:10.346: [iter 17 : loss : 0.9148 = 0.1823 + 0.3660 + 0.0010 + 0.3656, time: 12.018138]
2023-09-02 08:26:10.977: epoch 17:	0.02570445  	0.13556258  	0.09411862  
2023-09-02 08:26:10.977: Find a better model.
2023-09-02 08:26:22.916: [iter 18 : loss : 0.9117 = 0.1796 + 0.3658 + 0.0010 + 0.3654, time: 11.920635]
2023-09-02 08:26:23.567: epoch 18:	0.02591587  	0.13617097  	0.09462196  
2023-09-02 08:26:23.567: Find a better model.
2023-09-02 08:26:35.512: [iter 19 : loss : 0.9076 = 0.1757 + 0.3657 + 0.0010 + 0.3652, time: 11.928494]
2023-09-02 08:26:36.163: epoch 19:	0.02609130  	0.13715212  	0.09540097  
2023-09-02 08:26:36.163: Find a better model.
2023-09-02 08:26:48.135: [iter 20 : loss : 0.9051 = 0.1735 + 0.3655 + 0.0011 + 0.3650, time: 11.952288]
2023-09-02 08:26:48.788: epoch 20:	0.02623526  	0.13819692  	0.09585759  
2023-09-02 08:26:48.788: Find a better model.
2023-09-02 08:27:00.752: [iter 21 : loss : 0.9023 = 0.1710 + 0.3654 + 0.0011 + 0.3648, time: 11.939079]
2023-09-02 08:27:01.403: epoch 21:	0.02639270  	0.13898996  	0.09632748  
2023-09-02 08:27:01.403: Find a better model.
2023-09-02 08:27:13.408: [iter 22 : loss : 0.8977 = 0.1666 + 0.3653 + 0.0011 + 0.3647, time: 11.980703]
2023-09-02 08:27:14.047: epoch 22:	0.02656813  	0.14027524  	0.09695717  
2023-09-02 08:27:14.047: Find a better model.
2023-09-02 08:27:25.957: [iter 23 : loss : 0.8943 = 0.1635 + 0.3651 + 0.0012 + 0.3645, time: 11.890065]
2023-09-02 08:27:26.607: epoch 23:	0.02671658  	0.14068119  	0.09745435  
2023-09-02 08:27:26.608: Find a better model.
2023-09-02 08:27:38.524: [iter 24 : loss : 0.8911 = 0.1605 + 0.3650 + 0.0012 + 0.3643, time: 11.896054]
2023-09-02 08:27:39.160: epoch 24:	0.02690102  	0.14161195  	0.09817138  
2023-09-02 08:27:39.160: Find a better model.
2023-09-02 08:27:50.970: [iter 25 : loss : 0.8890 = 0.1586 + 0.3649 + 0.0012 + 0.3642, time: 11.790277]
2023-09-02 08:27:51.614: epoch 25:	0.02713494  	0.14299367  	0.09889149  
2023-09-02 08:27:51.614: Find a better model.
2023-09-02 08:28:03.669: [iter 26 : loss : 0.8866 = 0.1565 + 0.3648 + 0.0013 + 0.3640, time: 12.032752]
2023-09-02 08:28:04.304: epoch 26:	0.02731938  	0.14377791  	0.09944071  
2023-09-02 08:28:04.305: Find a better model.
2023-09-02 08:28:16.326: [iter 27 : loss : 0.8834 = 0.1535 + 0.3647 + 0.0013 + 0.3639, time: 12.002640]
2023-09-02 08:28:16.976: epoch 27:	0.02749933  	0.14486377  	0.10003049  
2023-09-02 08:28:16.977: Find a better model.
2023-09-02 08:28:28.851: [iter 28 : loss : 0.8813 = 0.1516 + 0.3646 + 0.0013 + 0.3638, time: 11.855228]
2023-09-02 08:28:29.486: epoch 28:	0.02766127  	0.14534824  	0.10051206  
2023-09-02 08:28:29.486: Find a better model.
2023-09-02 08:28:41.465: [iter 29 : loss : 0.8782 = 0.1487 + 0.3645 + 0.0014 + 0.3636, time: 11.960047]
2023-09-02 08:28:42.108: epoch 29:	0.02785470  	0.14631820  	0.10105991  
2023-09-02 08:28:42.108: Find a better model.
2023-09-02 08:28:54.144: [iter 30 : loss : 0.8745 = 0.1452 + 0.3645 + 0.0014 + 0.3635, time: 12.019555]
2023-09-02 08:28:54.797: epoch 30:	0.02800316  	0.14690198  	0.10135791  
2023-09-02 08:28:54.797: Find a better model.
2023-09-02 08:29:06.867: [iter 31 : loss : 0.8737 = 0.1446 + 0.3644 + 0.0014 + 0.3633, time: 12.052141]
2023-09-02 08:29:07.507: epoch 31:	0.02815161  	0.14771867  	0.10195313  
2023-09-02 08:29:07.507: Find a better model.
2023-09-02 08:29:19.566: [iter 32 : loss : 0.8705 = 0.1416 + 0.3643 + 0.0015 + 0.3632, time: 12.036675]
2023-09-02 08:29:20.205: epoch 32:	0.02827307  	0.14806609  	0.10234320  
2023-09-02 08:29:20.205: Find a better model.
2023-09-02 08:29:32.079: [iter 33 : loss : 0.8691 = 0.1404 + 0.3641 + 0.0015 + 0.3631, time: 11.857123]
2023-09-02 08:29:32.724: epoch 33:	0.02840353  	0.14877206  	0.10287978  
2023-09-02 08:29:32.725: Find a better model.
2023-09-02 08:29:44.705: [iter 34 : loss : 0.8676 = 0.1391 + 0.3641 + 0.0015 + 0.3630, time: 11.960603]
2023-09-02 08:29:45.353: epoch 34:	0.02851599  	0.14927179  	0.10339050  
2023-09-02 08:29:45.354: Find a better model.
2023-09-02 08:29:57.336: [iter 35 : loss : 0.8650 = 0.1366 + 0.3640 + 0.0016 + 0.3629, time: 11.962870]
2023-09-02 08:29:57.986: epoch 35:	0.02864195  	0.14997356  	0.10388872  
2023-09-02 08:29:57.986: Find a better model.
2023-09-02 08:30:09.903: [iter 36 : loss : 0.8627 = 0.1345 + 0.3639 + 0.0016 + 0.3627, time: 11.893404]
2023-09-02 08:30:10.546: epoch 36:	0.02882192  	0.15087663  	0.10436600  
2023-09-02 08:30:10.546: Find a better model.
2023-09-02 08:30:22.478: [iter 37 : loss : 0.8604 = 0.1323 + 0.3638 + 0.0016 + 0.3626, time: 11.912728]
2023-09-02 08:30:23.125: epoch 37:	0.02887590  	0.15112361  	0.10466680  
2023-09-02 08:30:23.125: Find a better model.
2023-09-02 08:30:35.049: [iter 38 : loss : 0.8593 = 0.1315 + 0.3637 + 0.0017 + 0.3625, time: 11.902532]
2023-09-02 08:30:35.682: epoch 38:	0.02904686  	0.15219702  	0.10537149  
2023-09-02 08:30:35.683: Find a better model.
2023-09-02 08:30:47.588: [iter 39 : loss : 0.8576 = 0.1299 + 0.3636 + 0.0017 + 0.3624, time: 11.890259]
2023-09-02 08:30:48.229: epoch 39:	0.02910534  	0.15258351  	0.10574733  
2023-09-02 08:30:48.229: Find a better model.
2023-09-02 08:31:00.265: [iter 40 : loss : 0.8564 = 0.1289 + 0.3635 + 0.0017 + 0.3623, time: 12.011206]
2023-09-02 08:31:00.905: epoch 40:	0.02927628  	0.15356669  	0.10637806  
2023-09-02 08:31:00.905: Find a better model.
2023-09-02 08:31:12.856: [iter 41 : loss : 0.8534 = 0.1261 + 0.3634 + 0.0017 + 0.3622, time: 11.933139]
2023-09-02 08:31:13.507: epoch 41:	0.02938876  	0.15413728  	0.10670146  
2023-09-02 08:31:13.507: Find a better model.
2023-09-02 08:31:25.433: [iter 42 : loss : 0.8526 = 0.1254 + 0.3633 + 0.0018 + 0.3621, time: 11.907812]
2023-09-02 08:31:26.082: epoch 42:	0.02953722  	0.15495227  	0.10727172  
2023-09-02 08:31:26.082: Find a better model.
2023-09-02 08:31:37.971: [iter 43 : loss : 0.8522 = 0.1251 + 0.3633 + 0.0018 + 0.3620, time: 11.869957]
2023-09-02 08:31:38.591: epoch 43:	0.02974865  	0.15614204  	0.10792324  
2023-09-02 08:31:38.591: Find a better model.
2023-09-02 08:31:50.501: [iter 44 : loss : 0.8487 = 0.1217 + 0.3632 + 0.0018 + 0.3619, time: 11.891551]
2023-09-02 08:31:51.142: epoch 44:	0.02987013  	0.15633766  	0.10831685  
2023-09-02 08:31:51.142: Find a better model.
2023-09-02 08:32:02.996: [iter 45 : loss : 0.8490 = 0.1222 + 0.3632 + 0.0019 + 0.3618, time: 11.836541]
2023-09-02 08:32:03.554: epoch 45:	0.02988362  	0.15654476  	0.10851736  
2023-09-02 08:32:03.554: Find a better model.
2023-09-02 08:32:15.489: [iter 46 : loss : 0.8468 = 0.1202 + 0.3630 + 0.0019 + 0.3617, time: 11.914464]
2023-09-02 08:32:16.153: epoch 46:	0.02999158  	0.15713803  	0.10902676  
2023-09-02 08:32:16.154: Find a better model.
2023-09-02 08:32:28.168: [iter 47 : loss : 0.8443 = 0.1178 + 0.3630 + 0.0019 + 0.3616, time: 11.994060]
2023-09-02 08:32:28.812: epoch 47:	0.03013555  	0.15785089  	0.10940443  
2023-09-02 08:32:28.813: Find a better model.
2023-09-02 08:32:40.702: [iter 48 : loss : 0.8447 = 0.1183 + 0.3629 + 0.0020 + 0.3615, time: 11.866183]
2023-09-02 08:32:41.352: epoch 48:	0.03019402  	0.15824540  	0.10978853  
2023-09-02 08:32:41.353: Find a better model.
2023-09-02 08:32:53.319: [iter 49 : loss : 0.8430 = 0.1168 + 0.3629 + 0.0020 + 0.3614, time: 11.940574]
2023-09-02 08:32:53.953: epoch 49:	0.03036046  	0.15945596  	0.11030932  
2023-09-02 08:32:53.953: Find a better model.
2023-09-02 08:33:05.951: [iter 50 : loss : 0.8401 = 0.1140 + 0.3627 + 0.0020 + 0.3613, time: 11.977618]
2023-09-02 08:33:06.593: epoch 50:	0.03046844  	0.15990181  	0.11058176  
2023-09-02 08:33:06.594: Find a better model.
2023-09-02 08:33:18.551: [iter 51 : loss : 0.8395 = 0.1136 + 0.3627 + 0.0021 + 0.3612, time: 11.936900]
2023-09-02 08:33:19.197: epoch 51:	0.03058091  	0.16054042  	0.11103236  
2023-09-02 08:33:19.198: Find a better model.
2023-09-02 08:33:31.223: [iter 52 : loss : 0.8395 = 0.1137 + 0.3626 + 0.0021 + 0.3611, time: 12.009046]
2023-09-02 08:33:31.866: epoch 52:	0.03070238  	0.16120252  	0.11144885  
2023-09-02 08:33:31.866: Find a better model.
2023-09-02 08:33:43.849: [iter 53 : loss : 0.8377 = 0.1120 + 0.3625 + 0.0021 + 0.3610, time: 11.966560]
2023-09-02 08:33:44.484: epoch 53:	0.03076986  	0.16136755  	0.11162259  
2023-09-02 08:33:44.484: Find a better model.
2023-09-02 08:33:56.428: [iter 54 : loss : 0.8363 = 0.1108 + 0.3625 + 0.0021 + 0.3609, time: 11.923892]
2023-09-02 08:33:57.083: epoch 54:	0.03084183  	0.16164622  	0.11197758  
2023-09-02 08:33:57.083: Find a better model.
2023-09-02 08:34:09.181: [iter 55 : loss : 0.8368 = 0.1114 + 0.3624 + 0.0022 + 0.3608, time: 12.078891]
2023-09-02 08:34:09.810: epoch 55:	0.03084633  	0.16133772  	0.11218160  
2023-09-02 08:34:21.788: [iter 56 : loss : 0.8339 = 0.1087 + 0.3623 + 0.0022 + 0.3607, time: 11.960401]
2023-09-02 08:34:22.422: epoch 56:	0.03091380  	0.16197409  	0.11244355  
2023-09-02 08:34:22.422: Find a better model.
2023-09-02 08:34:34.368: [iter 57 : loss : 0.8331 = 0.1080 + 0.3622 + 0.0022 + 0.3607, time: 11.921685]
2023-09-02 08:34:35.018: epoch 57:	0.03090030  	0.16213335  	0.11268493  
2023-09-02 08:34:35.019: Find a better model.
2023-09-02 08:34:46.934: [iter 58 : loss : 0.8322 = 0.1072 + 0.3622 + 0.0023 + 0.3606, time: 11.896185]
2023-09-02 08:34:47.586: epoch 58:	0.03101727  	0.16264078  	0.11286611  
2023-09-02 08:34:47.587: Find a better model.
2023-09-02 08:34:59.564: [iter 59 : loss : 0.8324 = 0.1074 + 0.3622 + 0.0023 + 0.3605, time: 11.956697]
2023-09-02 08:35:00.200: epoch 59:	0.03112074  	0.16298014  	0.11321902  
2023-09-02 08:35:00.200: Find a better model.
2023-09-02 08:35:11.326: [iter 60 : loss : 0.8302 = 0.1054 + 0.3620 + 0.0023 + 0.3604, time: 11.107679]
2023-09-02 08:35:11.903: epoch 60:	0.03117473  	0.16331746  	0.11343308  
2023-09-02 08:35:11.903: Find a better model.
2023-09-02 08:35:23.923: [iter 61 : loss : 0.8283 = 0.1037 + 0.3620 + 0.0024 + 0.3603, time: 12.005647]
2023-09-02 08:35:24.568: epoch 61:	0.03131868  	0.16421935  	0.11378892  
2023-09-02 08:35:24.568: Find a better model.
2023-09-02 08:35:36.679: [iter 62 : loss : 0.8271 = 0.1027 + 0.3618 + 0.0024 + 0.3602, time: 12.087957]
2023-09-02 08:35:37.331: epoch 62:	0.03139068  	0.16455670  	0.11403093  
2023-09-02 08:35:37.331: Find a better model.
2023-09-02 08:35:49.301: [iter 63 : loss : 0.8271 = 0.1027 + 0.3618 + 0.0024 + 0.3602, time: 11.949193]
2023-09-02 08:35:49.947: epoch 63:	0.03150314  	0.16535760  	0.11442327  
2023-09-02 08:35:49.947: Find a better model.
2023-09-02 08:36:01.813: [iter 64 : loss : 0.8258 = 0.1015 + 0.3617 + 0.0024 + 0.3601, time: 11.844705]
2023-09-02 08:36:02.449: epoch 64:	0.03157961  	0.16590486  	0.11451265  
2023-09-02 08:36:02.449: Find a better model.
2023-09-02 08:36:14.491: [iter 65 : loss : 0.8242 = 0.0999 + 0.3618 + 0.0025 + 0.3600, time: 12.027256]
2023-09-02 08:36:15.151: epoch 65:	0.03170558  	0.16616341  	0.11486061  
2023-09-02 08:36:15.151: Find a better model.
2023-09-02 08:36:27.108: [iter 66 : loss : 0.8242 = 0.1001 + 0.3617 + 0.0025 + 0.3599, time: 11.938436]
2023-09-02 08:36:27.748: epoch 66:	0.03173707  	0.16637917  	0.11501031  
2023-09-02 08:36:27.748: Find a better model.
2023-09-02 08:36:39.773: [iter 67 : loss : 0.8235 = 0.0996 + 0.3616 + 0.0025 + 0.3598, time: 12.004678]
2023-09-02 08:36:40.404: epoch 67:	0.03178205  	0.16645348  	0.11505621  
2023-09-02 08:36:40.404: Find a better model.
2023-09-02 08:36:52.369: [iter 68 : loss : 0.8226 = 0.0988 + 0.3615 + 0.0026 + 0.3598, time: 11.951212]
2023-09-02 08:36:52.999: epoch 68:	0.03182705  	0.16679963  	0.11524448  
2023-09-02 08:36:52.999: Find a better model.
2023-09-02 08:37:04.969: [iter 69 : loss : 0.8213 = 0.0976 + 0.3614 + 0.0026 + 0.3597, time: 11.950060]
2023-09-02 08:37:05.600: epoch 69:	0.03190802  	0.16707286  	0.11543734  
2023-09-02 08:37:05.601: Find a better model.
2023-09-02 08:37:17.496: [iter 70 : loss : 0.8211 = 0.0974 + 0.3615 + 0.0026 + 0.3596, time: 11.879991]
2023-09-02 08:37:18.150: epoch 70:	0.03202949  	0.16757794  	0.11592868  
2023-09-02 08:37:18.150: Find a better model.
2023-09-02 08:37:30.171: [iter 71 : loss : 0.8205 = 0.0970 + 0.3613 + 0.0026 + 0.3595, time: 12.002809]
2023-09-02 08:37:30.829: epoch 71:	0.03199351  	0.16775239  	0.11585309  
2023-09-02 08:37:30.829: Find a better model.
2023-09-02 08:37:42.961: [iter 72 : loss : 0.8190 = 0.0955 + 0.3613 + 0.0027 + 0.3595, time: 12.113532]
2023-09-02 08:37:43.597: epoch 72:	0.03215096  	0.16867085  	0.11621291  
2023-09-02 08:37:43.598: Find a better model.
2023-09-02 08:37:55.617: [iter 73 : loss : 0.8180 = 0.0947 + 0.3611 + 0.0027 + 0.3594, time: 12.000195]
2023-09-02 08:37:56.255: epoch 73:	0.03215096  	0.16846436  	0.11633259  
2023-09-02 08:38:08.164: [iter 74 : loss : 0.8184 = 0.0952 + 0.3611 + 0.0027 + 0.3593, time: 11.893143]
2023-09-02 08:38:08.813: epoch 74:	0.03236689  	0.16968893  	0.11678776  
2023-09-02 08:38:08.814: Find a better model.
2023-09-02 08:38:20.758: [iter 75 : loss : 0.8166 = 0.0935 + 0.3611 + 0.0028 + 0.3593, time: 11.925353]
2023-09-02 08:38:21.378: epoch 75:	0.03233991  	0.16967198  	0.11698887  
2023-09-02 08:38:33.272: [iter 76 : loss : 0.8164 = 0.0934 + 0.3610 + 0.0028 + 0.3592, time: 11.870397]
2023-09-02 08:38:33.910: epoch 76:	0.03244787  	0.16992821  	0.11714831  
2023-09-02 08:38:33.910: Find a better model.
2023-09-02 08:38:45.907: [iter 77 : loss : 0.8159 = 0.0930 + 0.3610 + 0.0028 + 0.3591, time: 11.981587]
2023-09-02 08:38:46.558: epoch 77:	0.03256935  	0.17066464  	0.11736920  
2023-09-02 08:38:46.558: Find a better model.
2023-09-02 08:38:58.479: [iter 78 : loss : 0.8138 = 0.0909 + 0.3609 + 0.0028 + 0.3591, time: 11.900237]
2023-09-02 08:38:59.127: epoch 78:	0.03263233  	0.17082769  	0.11750987  
2023-09-02 08:38:59.127: Find a better model.
2023-09-02 08:39:10.854: [iter 79 : loss : 0.8141 = 0.0914 + 0.3609 + 0.0029 + 0.3590, time: 11.712170]
2023-09-02 08:39:11.497: epoch 79:	0.03251536  	0.17033394  	0.11742896  
2023-09-02 08:39:23.268: [iter 80 : loss : 0.8128 = 0.0904 + 0.3607 + 0.0029 + 0.3589, time: 11.755539]
2023-09-02 08:39:23.910: epoch 80:	0.03268182  	0.17134954  	0.11787435  
2023-09-02 08:39:23.910: Find a better model.
2023-09-02 08:39:35.682: [iter 81 : loss : 0.8133 = 0.0909 + 0.3606 + 0.0029 + 0.3589, time: 11.751451]
2023-09-02 08:39:36.320: epoch 81:	0.03280327  	0.17195363  	0.11813273  
2023-09-02 08:39:36.320: Find a better model.
2023-09-02 08:39:48.104: [iter 82 : loss : 0.8109 = 0.0884 + 0.3607 + 0.0030 + 0.3588, time: 11.766955]
2023-09-02 08:39:48.748: epoch 82:	0.03273579  	0.17152610  	0.11815888  
2023-09-02 08:40:00.477: [iter 83 : loss : 0.8114 = 0.0891 + 0.3606 + 0.0030 + 0.3587, time: 11.713245]
2023-09-02 08:40:01.106: epoch 83:	0.03293376  	0.17306143  	0.11869156  
2023-09-02 08:40:01.106: Find a better model.
2023-09-02 08:40:12.757: [iter 84 : loss : 0.8106 = 0.0883 + 0.3606 + 0.0030 + 0.3587, time: 11.632406]
2023-09-02 08:40:13.395: epoch 84:	0.03300126  	0.17320751  	0.11894936  
2023-09-02 08:40:13.396: Find a better model.
2023-09-02 08:40:25.270: [iter 85 : loss : 0.8087 = 0.0867 + 0.3604 + 0.0030 + 0.3586, time: 11.857000]
2023-09-02 08:40:25.919: epoch 85:	0.03296974  	0.17338291  	0.11894727  
2023-09-02 08:40:25.920: Find a better model.
2023-09-02 08:40:37.709: [iter 86 : loss : 0.8092 = 0.0872 + 0.3604 + 0.0031 + 0.3585, time: 11.772295]
2023-09-02 08:40:38.345: epoch 86:	0.03296074  	0.17323752  	0.11896884  
2023-09-02 08:40:50.192: [iter 87 : loss : 0.8098 = 0.0879 + 0.3603 + 0.0031 + 0.3585, time: 11.827088]
2023-09-02 08:40:50.829: epoch 87:	0.03303721  	0.17363890  	0.11921329  
2023-09-02 08:40:50.829: Find a better model.
2023-09-02 08:41:02.768: [iter 88 : loss : 0.8086 = 0.0867 + 0.3604 + 0.0031 + 0.3584, time: 11.923854]
2023-09-02 08:41:03.424: epoch 88:	0.03302820  	0.17355229  	0.11925539  
2023-09-02 08:41:15.345: [iter 89 : loss : 0.8078 = 0.0861 + 0.3602 + 0.0032 + 0.3583, time: 11.903367]
2023-09-02 08:41:15.998: epoch 89:	0.03308669  	0.17395255  	0.11945845  
2023-09-02 08:41:15.998: Find a better model.
2023-09-02 08:41:27.821: [iter 90 : loss : 0.8062 = 0.0847 + 0.3601 + 0.0032 + 0.3583, time: 11.800838]
2023-09-02 08:41:28.417: epoch 90:	0.03328013  	0.17497510  	0.11989527  
2023-09-02 08:41:28.417: Find a better model.
2023-09-02 08:41:40.153: [iter 91 : loss : 0.8055 = 0.0840 + 0.3601 + 0.0032 + 0.3582, time: 11.712330]
2023-09-02 08:41:40.786: epoch 91:	0.03329813  	0.17499089  	0.12005121  
2023-09-02 08:41:40.786: Find a better model.
2023-09-02 08:41:52.734: [iter 92 : loss : 0.8057 = 0.0843 + 0.3601 + 0.0032 + 0.3581, time: 11.931686]
2023-09-02 08:41:53.382: epoch 92:	0.03330712  	0.17518905  	0.12021513  
2023-09-02 08:41:53.383: Find a better model.
2023-09-02 08:42:05.214: [iter 93 : loss : 0.8043 = 0.0828 + 0.3601 + 0.0033 + 0.3581, time: 11.816629]
2023-09-02 08:42:05.870: epoch 93:	0.03336561  	0.17574631  	0.12037601  
2023-09-02 08:42:05.870: Find a better model.
2023-09-02 08:42:17.675: [iter 94 : loss : 0.8048 = 0.0835 + 0.3600 + 0.0033 + 0.3580, time: 11.781104]
2023-09-02 08:42:18.303: epoch 94:	0.03341959  	0.17584324  	0.12060960  
2023-09-02 08:42:18.303: Find a better model.
2023-09-02 08:42:30.315: [iter 95 : loss : 0.8032 = 0.0819 + 0.3600 + 0.0033 + 0.3580, time: 11.992856]
2023-09-02 08:42:30.951: epoch 95:	0.03341509  	0.17609920  	0.12079937  
2023-09-02 08:42:30.951: Find a better model.
2023-09-02 08:42:42.849: [iter 96 : loss : 0.8016 = 0.0805 + 0.3599 + 0.0033 + 0.3579, time: 11.878981]
2023-09-02 08:42:43.454: epoch 96:	0.03346908  	0.17627664  	0.12094118  
2023-09-02 08:42:43.454: Find a better model.
2023-09-02 08:42:55.357: [iter 97 : loss : 0.8016 = 0.0805 + 0.3598 + 0.0034 + 0.3578, time: 11.880728]
2023-09-02 08:42:55.997: epoch 97:	0.03354556  	0.17676504  	0.12108415  
2023-09-02 08:42:55.998: Find a better model.
2023-09-02 08:43:07.742: [iter 98 : loss : 0.8027 = 0.0818 + 0.3597 + 0.0034 + 0.3578, time: 11.726466]
2023-09-02 08:43:08.346: epoch 98:	0.03355455  	0.17661253  	0.12118616  
2023-09-02 08:43:20.229: [iter 99 : loss : 0.8009 = 0.0801 + 0.3596 + 0.0034 + 0.3577, time: 11.866623]
2023-09-02 08:43:20.870: epoch 99:	0.03358604  	0.17682029  	0.12128150  
2023-09-02 08:43:20.870: Find a better model.
2023-09-02 08:43:32.833: [iter 100 : loss : 0.8010 = 0.0802 + 0.3597 + 0.0035 + 0.3576, time: 11.940237]
2023-09-02 08:43:33.479: epoch 100:	0.03368502  	0.17746188  	0.12158777  
2023-09-02 08:43:33.479: Find a better model.
2023-09-02 08:43:45.522: [iter 101 : loss : 0.8007 = 0.0801 + 0.3596 + 0.0035 + 0.3576, time: 12.020674]
2023-09-02 08:43:46.168: epoch 101:	0.03378849  	0.17799941  	0.12187684  
2023-09-02 08:43:46.168: Find a better model.
2023-09-02 08:43:58.179: [iter 102 : loss : 0.8004 = 0.0798 + 0.3595 + 0.0035 + 0.3575, time: 11.989935]
2023-09-02 08:43:58.823: epoch 102:	0.03371652  	0.17751618  	0.12177590  
2023-09-02 08:44:10.647: [iter 103 : loss : 0.7998 = 0.0794 + 0.3595 + 0.0035 + 0.3575, time: 11.805941]
2023-09-02 08:44:11.288: epoch 103:	0.03380201  	0.17755055  	0.12191661  
2023-09-02 08:44:23.224: [iter 104 : loss : 0.7981 = 0.0777 + 0.3594 + 0.0036 + 0.3574, time: 11.914918]
2023-09-02 08:44:23.868: epoch 104:	0.03399546  	0.17899461  	0.12234430  
2023-09-02 08:44:23.868: Find a better model.
2023-09-02 08:44:35.821: [iter 105 : loss : 0.7985 = 0.0782 + 0.3594 + 0.0036 + 0.3573, time: 11.931112]
2023-09-02 08:44:36.468: epoch 105:	0.03405846  	0.17915004  	0.12247831  
2023-09-02 08:44:36.469: Find a better model.
2023-09-02 08:44:48.480: [iter 106 : loss : 0.7963 = 0.0761 + 0.3593 + 0.0036 + 0.3573, time: 11.991584]
2023-09-02 08:44:49.143: epoch 106:	0.03413044  	0.17954846  	0.12276120  
2023-09-02 08:44:49.143: Find a better model.
2023-09-02 08:45:01.080: [iter 107 : loss : 0.7969 = 0.0768 + 0.3592 + 0.0036 + 0.3572, time: 11.911628]
2023-09-02 08:45:01.713: epoch 107:	0.03411244  	0.17947428  	0.12286795  
2023-09-02 08:45:13.459: [iter 108 : loss : 0.7977 = 0.0776 + 0.3592 + 0.0037 + 0.3572, time: 11.726386]
2023-09-02 08:45:14.092: epoch 108:	0.03408993  	0.17938237  	0.12285628  
2023-09-02 08:45:25.886: [iter 109 : loss : 0.7963 = 0.0762 + 0.3592 + 0.0037 + 0.3571, time: 11.774211]
2023-09-02 08:45:26.515: epoch 109:	0.03419342  	0.17977211  	0.12306381  
2023-09-02 08:45:26.515: Find a better model.
2023-09-02 08:45:37.625: [iter 110 : loss : 0.7960 = 0.0760 + 0.3592 + 0.0037 + 0.3571, time: 11.094528]
2023-09-02 08:45:38.212: epoch 110:	0.03430588  	0.18040600  	0.12332955  
2023-09-02 08:45:38.212: Find a better model.
2023-09-02 08:45:49.980: [iter 111 : loss : 0.7949 = 0.0751 + 0.3591 + 0.0037 + 0.3570, time: 11.753248]
2023-09-02 08:45:50.632: epoch 111:	0.03424739  	0.18022788  	0.12330889  
2023-09-02 08:46:02.374: [iter 112 : loss : 0.7938 = 0.0741 + 0.3589 + 0.0038 + 0.3570, time: 11.726488]
2023-09-02 08:46:02.977: epoch 112:	0.03435085  	0.18044598  	0.12358283  
2023-09-02 08:46:02.978: Find a better model.
2023-09-02 08:46:14.717: [iter 113 : loss : 0.7945 = 0.0749 + 0.3589 + 0.0038 + 0.3569, time: 11.720215]
2023-09-02 08:46:15.359: epoch 113:	0.03441383  	0.18081214  	0.12383944  
2023-09-02 08:46:15.360: Find a better model.
2023-09-02 08:46:27.049: [iter 114 : loss : 0.7940 = 0.0745 + 0.3588 + 0.0038 + 0.3569, time: 11.671559]
2023-09-02 08:46:27.690: epoch 114:	0.03450380  	0.18122512  	0.12391073  
2023-09-02 08:46:27.690: Find a better model.
2023-09-02 08:46:39.440: [iter 115 : loss : 0.7929 = 0.0735 + 0.3588 + 0.0039 + 0.3568, time: 11.730178]
2023-09-02 08:46:40.088: epoch 115:	0.03453530  	0.18123528  	0.12409970  
2023-09-02 08:46:40.088: Find a better model.
2023-09-02 08:46:51.828: [iter 116 : loss : 0.7932 = 0.0738 + 0.3588 + 0.0039 + 0.3567, time: 11.721318]
2023-09-02 08:46:52.468: epoch 116:	0.03456229  	0.18165259  	0.12422626  
2023-09-02 08:46:52.469: Find a better model.
2023-09-02 08:47:04.200: [iter 117 : loss : 0.7939 = 0.0746 + 0.3587 + 0.0039 + 0.3567, time: 11.716168]
2023-09-02 08:47:04.836: epoch 117:	0.03461176  	0.18184468  	0.12440363  
2023-09-02 08:47:04.836: Find a better model.
2023-09-02 08:47:16.627: [iter 118 : loss : 0.7916 = 0.0723 + 0.3587 + 0.0039 + 0.3566, time: 11.771155]
2023-09-02 08:47:17.218: epoch 118:	0.03458927  	0.18171144  	0.12419897  
2023-09-02 08:47:28.616: [iter 119 : loss : 0.7911 = 0.0721 + 0.3585 + 0.0040 + 0.3566, time: 11.377134]
2023-09-02 08:47:29.253: epoch 119:	0.03462524  	0.18189910  	0.12437908  
2023-09-02 08:47:29.253: Find a better model.
2023-09-02 08:47:41.102: [iter 120 : loss : 0.7909 = 0.0719 + 0.3585 + 0.0040 + 0.3565, time: 11.829851]
2023-09-02 08:47:41.739: epoch 120:	0.03477369  	0.18250212  	0.12469465  
2023-09-02 08:47:41.739: Find a better model.
2023-09-02 08:47:53.541: [iter 121 : loss : 0.7915 = 0.0725 + 0.3585 + 0.0040 + 0.3565, time: 11.784296]
2023-09-02 08:47:54.175: epoch 121:	0.03485466  	0.18315756  	0.12495405  
2023-09-02 08:47:54.175: Find a better model.
2023-09-02 08:48:05.941: [iter 122 : loss : 0.7911 = 0.0721 + 0.3586 + 0.0040 + 0.3564, time: 11.747608]
2023-09-02 08:48:06.575: epoch 122:	0.03483217  	0.18310951  	0.12509096  
2023-09-02 08:48:18.309: [iter 123 : loss : 0.7892 = 0.0702 + 0.3585 + 0.0041 + 0.3564, time: 11.716655]
2023-09-02 08:48:18.925: epoch 123:	0.03493566  	0.18338430  	0.12535095  
2023-09-02 08:48:18.926: Find a better model.
2023-09-02 08:48:30.702: [iter 124 : loss : 0.7887 = 0.0698 + 0.3585 + 0.0041 + 0.3563, time: 11.758286]
2023-09-02 08:48:31.280: epoch 124:	0.03499862  	0.18376486  	0.12550174  
2023-09-02 08:48:31.280: Find a better model.
2023-09-02 08:48:42.444: [iter 125 : loss : 0.7892 = 0.0704 + 0.3584 + 0.0041 + 0.3563, time: 11.146450]
2023-09-02 08:48:43.023: epoch 125:	0.03499413  	0.18354154  	0.12558317  
2023-09-02 08:48:54.771: [iter 126 : loss : 0.7888 = 0.0701 + 0.3583 + 0.0041 + 0.3562, time: 11.727098]
2023-09-02 08:48:55.400: epoch 126:	0.03491767  	0.18333012  	0.12552802  
2023-09-02 08:49:07.143: [iter 127 : loss : 0.7888 = 0.0701 + 0.3583 + 0.0042 + 0.3562, time: 11.726560]
2023-09-02 08:49:07.773: epoch 127:	0.03512461  	0.18431750  	0.12596294  
2023-09-02 08:49:07.773: Find a better model.
2023-09-02 08:49:19.781: [iter 128 : loss : 0.7874 = 0.0689 + 0.3582 + 0.0042 + 0.3561, time: 11.990952]
2023-09-02 08:49:20.418: epoch 128:	0.03504362  	0.18397871  	0.12576984  
2023-09-02 08:49:32.306: [iter 129 : loss : 0.7879 = 0.0694 + 0.3582 + 0.0042 + 0.3560, time: 11.870400]
2023-09-02 08:49:32.955: epoch 129:	0.03521907  	0.18488401  	0.12617278  
2023-09-02 08:49:32.955: Find a better model.
2023-09-02 08:49:44.972: [iter 130 : loss : 0.7882 = 0.0698 + 0.3581 + 0.0042 + 0.3560, time: 11.993189]
2023-09-02 08:49:45.624: epoch 130:	0.03529107  	0.18521391  	0.12632041  
2023-09-02 08:49:45.624: Find a better model.
2023-09-02 08:49:57.617: [iter 131 : loss : 0.7878 = 0.0695 + 0.3580 + 0.0043 + 0.3560, time: 11.972839]
2023-09-02 08:49:58.275: epoch 131:	0.03534505  	0.18520260  	0.12637670  
2023-09-02 08:50:10.337: [iter 132 : loss : 0.7858 = 0.0675 + 0.3580 + 0.0043 + 0.3559, time: 12.044033]
2023-09-02 08:50:10.982: epoch 132:	0.03530905  	0.18520598  	0.12649322  
2023-09-02 08:50:22.974: [iter 133 : loss : 0.7858 = 0.0675 + 0.3581 + 0.0043 + 0.3559, time: 11.971390]
2023-09-02 08:50:23.618: epoch 133:	0.03525056  	0.18506409  	0.12645377  
2023-09-02 08:50:35.455: [iter 134 : loss : 0.7876 = 0.0694 + 0.3580 + 0.0043 + 0.3558, time: 11.817845]
2023-09-02 08:50:36.086: epoch 134:	0.03537652  	0.18587263  	0.12672053  
2023-09-02 08:50:36.087: Find a better model.
2023-09-02 08:50:48.093: [iter 135 : loss : 0.7852 = 0.0672 + 0.3579 + 0.0044 + 0.3558, time: 11.989737]
2023-09-02 08:50:48.736: epoch 135:	0.03534953  	0.18566076  	0.12662514  
2023-09-02 08:51:00.681: [iter 136 : loss : 0.7850 = 0.0671 + 0.3578 + 0.0044 + 0.3557, time: 11.919236]
2023-09-02 08:51:01.335: epoch 136:	0.03545301  	0.18614429  	0.12684412  
2023-09-02 08:51:01.335: Find a better model.
2023-09-02 08:51:13.346: [iter 137 : loss : 0.7846 = 0.0667 + 0.3578 + 0.0044 + 0.3557, time: 11.991835]
2023-09-02 08:51:13.994: epoch 137:	0.03551150  	0.18661669  	0.12703495  
2023-09-02 08:51:13.995: Find a better model.
2023-09-02 08:51:26.032: [iter 138 : loss : 0.7845 = 0.0666 + 0.3578 + 0.0045 + 0.3556, time: 12.017008]
2023-09-02 08:51:26.668: epoch 138:	0.03559248  	0.18661664  	0.12692282  
2023-09-02 08:51:38.627: [iter 139 : loss : 0.7845 = 0.0668 + 0.3576 + 0.0045 + 0.3556, time: 11.938062]
2023-09-02 08:51:39.283: epoch 139:	0.03548899  	0.18589130  	0.12671645  
2023-09-02 08:51:51.161: [iter 140 : loss : 0.7840 = 0.0663 + 0.3577 + 0.0045 + 0.3555, time: 11.855731]
2023-09-02 08:51:51.778: epoch 140:	0.03554747  	0.18623681  	0.12705974  
2023-09-02 08:52:03.669: [iter 141 : loss : 0.7828 = 0.0653 + 0.3575 + 0.0045 + 0.3555, time: 11.871517]
2023-09-02 08:52:04.328: epoch 141:	0.03557447  	0.18629287  	0.12710276  
2023-09-02 08:52:16.346: [iter 142 : loss : 0.7821 = 0.0645 + 0.3576 + 0.0045 + 0.3554, time: 11.995637]
2023-09-02 08:52:17.005: epoch 142:	0.03566446  	0.18681158  	0.12727833  
2023-09-02 08:52:17.005: Find a better model.
2023-09-02 08:52:28.985: [iter 143 : loss : 0.7814 = 0.0639 + 0.3575 + 0.0046 + 0.3554, time: 11.958176]
2023-09-02 08:52:29.614: epoch 143:	0.03570946  	0.18732509  	0.12746555  
2023-09-02 08:52:29.614: Find a better model.
2023-09-02 08:52:41.494: [iter 144 : loss : 0.7823 = 0.0649 + 0.3575 + 0.0046 + 0.3553, time: 11.862913]
2023-09-02 08:52:42.149: epoch 144:	0.03584892  	0.18788250  	0.12781271  
2023-09-02 08:52:42.155: Find a better model.
2023-09-02 08:52:54.333: [iter 145 : loss : 0.7820 = 0.0646 + 0.3575 + 0.0046 + 0.3553, time: 12.154148]
2023-09-02 08:52:54.983: epoch 145:	0.03580393  	0.18790352  	0.12789866  
2023-09-02 08:52:54.983: Find a better model.
2023-09-02 08:53:06.918: [iter 146 : loss : 0.7818 = 0.0645 + 0.3574 + 0.0047 + 0.3552, time: 11.910833]
2023-09-02 08:53:07.566: epoch 146:	0.03581291  	0.18770570  	0.12788984  
2023-09-02 08:53:19.543: [iter 147 : loss : 0.7815 = 0.0642 + 0.3574 + 0.0047 + 0.3552, time: 11.958889]
2023-09-02 08:53:20.177: epoch 147:	0.03587139  	0.18798336  	0.12794881  
2023-09-02 08:53:20.177: Find a better model.
2023-09-02 08:53:32.131: [iter 148 : loss : 0.7810 = 0.0638 + 0.3574 + 0.0047 + 0.3551, time: 11.935474]
2023-09-02 08:53:32.775: epoch 148:	0.03584891  	0.18786423  	0.12791826  
2023-09-02 08:53:44.687: [iter 149 : loss : 0.7806 = 0.0636 + 0.3572 + 0.0047 + 0.3551, time: 11.892533]
2023-09-02 08:53:45.332: epoch 149:	0.03595236  	0.18865749  	0.12829135  
2023-09-02 08:53:45.332: Find a better model.
2023-09-02 08:53:57.349: [iter 150 : loss : 0.7803 = 0.0634 + 0.3571 + 0.0048 + 0.3550, time: 12.000012]
2023-09-02 08:53:58.011: epoch 150:	0.03588488  	0.18810084  	0.12811336  
2023-09-02 08:54:09.970: [iter 151 : loss : 0.7803 = 0.0633 + 0.3572 + 0.0048 + 0.3550, time: 11.934611]
2023-09-02 08:54:10.613: epoch 151:	0.03593437  	0.18823758  	0.12822591  
2023-09-02 08:54:22.648: [iter 152 : loss : 0.7798 = 0.0628 + 0.3573 + 0.0048 + 0.3549, time: 12.014912]
2023-09-02 08:54:23.292: epoch 152:	0.03601532  	0.18872224  	0.12842925  
2023-09-02 08:54:23.293: Find a better model.
2023-09-02 08:54:35.228: [iter 153 : loss : 0.7785 = 0.0616 + 0.3571 + 0.0048 + 0.3549, time: 11.916147]
2023-09-02 08:54:35.883: epoch 153:	0.03601534  	0.18869680  	0.12848864  
2023-09-02 08:54:47.762: [iter 154 : loss : 0.7785 = 0.0617 + 0.3570 + 0.0049 + 0.3548, time: 11.862108]
2023-09-02 08:54:48.417: epoch 154:	0.03607381  	0.18881798  	0.12853189  
2023-09-02 08:54:48.417: Find a better model.
2023-09-02 08:55:00.377: [iter 155 : loss : 0.7785 = 0.0618 + 0.3570 + 0.0049 + 0.3548, time: 11.941607]
2023-09-02 08:55:01.027: epoch 155:	0.03608733  	0.18918198  	0.12878107  
2023-09-02 08:55:01.028: Find a better model.
2023-09-02 08:55:13.000: [iter 156 : loss : 0.7788 = 0.0622 + 0.3570 + 0.0049 + 0.3547, time: 11.952245]
2023-09-02 08:55:13.645: epoch 156:	0.03616380  	0.18984391  	0.12902367  
2023-09-02 08:55:13.645: Find a better model.
2023-09-02 08:55:25.678: [iter 157 : loss : 0.7789 = 0.0625 + 0.3568 + 0.0049 + 0.3547, time: 12.011028]
2023-09-02 08:55:26.320: epoch 157:	0.03619080  	0.19000259  	0.12910150  
2023-09-02 08:55:26.320: Find a better model.
2023-09-02 08:55:38.218: [iter 158 : loss : 0.7776 = 0.0611 + 0.3569 + 0.0050 + 0.3547, time: 11.878411]
2023-09-02 08:55:38.885: epoch 158:	0.03622229  	0.18996094  	0.12923791  
2023-09-02 08:55:50.842: [iter 159 : loss : 0.7776 = 0.0611 + 0.3569 + 0.0050 + 0.3546, time: 11.928992]
2023-09-02 08:55:51.496: epoch 159:	0.03626729  	0.19016586  	0.12937132  
2023-09-02 08:55:51.496: Find a better model.
2023-09-02 08:56:03.497: [iter 160 : loss : 0.7778 = 0.0614 + 0.3569 + 0.0050 + 0.3546, time: 11.974139]
2023-09-02 08:56:04.139: epoch 160:	0.03620430  	0.19003130  	0.12937988  
2023-09-02 08:56:16.112: [iter 161 : loss : 0.7766 = 0.0603 + 0.3567 + 0.0050 + 0.3545, time: 11.953102]
2023-09-02 08:56:16.749: epoch 161:	0.03624479  	0.19045666  	0.12949210  
2023-09-02 08:56:16.749: Find a better model.
2023-09-02 08:56:28.694: [iter 162 : loss : 0.7775 = 0.0612 + 0.3568 + 0.0050 + 0.3545, time: 11.926840]
2023-09-02 08:56:29.342: epoch 162:	0.03627180  	0.19034934  	0.12959853  
2023-09-02 08:56:41.339: [iter 163 : loss : 0.7763 = 0.0602 + 0.3566 + 0.0051 + 0.3544, time: 11.982481]
2023-09-02 08:56:41.984: epoch 163:	0.03627628  	0.19038007  	0.12978372  
2023-09-02 08:56:53.972: [iter 164 : loss : 0.7764 = 0.0602 + 0.3567 + 0.0051 + 0.3544, time: 11.964320]
2023-09-02 08:56:54.610: epoch 164:	0.03639325  	0.19095527  	0.12991606  
2023-09-02 08:56:54.610: Find a better model.
2023-09-02 08:57:06.596: [iter 165 : loss : 0.7758 = 0.0597 + 0.3567 + 0.0051 + 0.3543, time: 11.963783]
2023-09-02 08:57:07.219: epoch 165:	0.03642474  	0.19123200  	0.13008733  
2023-09-02 08:57:07.219: Find a better model.
2023-09-02 08:57:19.108: [iter 166 : loss : 0.7755 = 0.0594 + 0.3566 + 0.0051 + 0.3543, time: 11.871428]
2023-09-02 08:57:19.767: epoch 166:	0.03642023  	0.19104572  	0.13016735  
2023-09-02 08:57:31.653: [iter 167 : loss : 0.7762 = 0.0604 + 0.3564 + 0.0052 + 0.3543, time: 11.862752]
2023-09-02 08:57:32.311: epoch 167:	0.03645174  	0.19101083  	0.13005146  
2023-09-02 08:57:44.157: [iter 168 : loss : 0.7754 = 0.0596 + 0.3565 + 0.0052 + 0.3542, time: 11.826047]
2023-09-02 08:57:44.815: epoch 168:	0.03644275  	0.19127914  	0.13018423  
2023-09-02 08:57:44.816: Find a better model.
2023-09-02 08:57:56.733: [iter 169 : loss : 0.7747 = 0.0590 + 0.3564 + 0.0052 + 0.3542, time: 11.899854]
2023-09-02 08:57:57.365: epoch 169:	0.03651021  	0.19170202  	0.13033104  
2023-09-02 08:57:57.365: Find a better model.
2023-09-02 08:58:09.221: [iter 170 : loss : 0.7746 = 0.0588 + 0.3564 + 0.0052 + 0.3541, time: 11.835741]
2023-09-02 08:58:09.864: epoch 170:	0.03651923  	0.19172005  	0.13036865  
2023-09-02 08:58:09.864: Find a better model.
2023-09-02 08:58:21.685: [iter 171 : loss : 0.7737 = 0.0581 + 0.3562 + 0.0053 + 0.3541, time: 11.798793]
2023-09-02 08:58:22.299: epoch 171:	0.03659570  	0.19165719  	0.13047473  
2023-09-02 08:58:34.311: [iter 172 : loss : 0.7745 = 0.0590 + 0.3562 + 0.0053 + 0.3540, time: 11.995992]
2023-09-02 08:58:34.968: epoch 172:	0.03657770  	0.19158415  	0.13052285  
2023-09-02 08:58:46.952: [iter 173 : loss : 0.7749 = 0.0594 + 0.3561 + 0.0053 + 0.3540, time: 11.968291]
2023-09-02 08:58:47.597: epoch 173:	0.03664967  	0.19186094  	0.13074727  
2023-09-02 08:58:47.597: Find a better model.
2023-09-02 08:58:59.537: [iter 174 : loss : 0.7734 = 0.0579 + 0.3562 + 0.0053 + 0.3540, time: 11.920216]
2023-09-02 08:59:00.184: epoch 174:	0.03667216  	0.19204211  	0.13083307  
2023-09-02 08:59:00.184: Find a better model.
2023-09-02 08:59:12.214: [iter 175 : loss : 0.7739 = 0.0586 + 0.3561 + 0.0054 + 0.3539, time: 12.011630]
2023-09-02 08:59:12.861: epoch 175:	0.03677112  	0.19261564  	0.13114141  
2023-09-02 08:59:12.861: Find a better model.
2023-09-02 08:59:24.888: [iter 176 : loss : 0.7730 = 0.0575 + 0.3562 + 0.0054 + 0.3539, time: 12.001544]
2023-09-02 08:59:25.537: epoch 176:	0.03684310  	0.19316484  	0.13129142  
2023-09-02 08:59:25.537: Find a better model.
2023-09-02 08:59:37.570: [iter 177 : loss : 0.7727 = 0.0575 + 0.3560 + 0.0054 + 0.3538, time: 12.012441]
2023-09-02 08:59:38.234: epoch 177:	0.03682510  	0.19292463  	0.13133483  
2023-09-02 08:59:50.132: [iter 178 : loss : 0.7729 = 0.0576 + 0.3561 + 0.0054 + 0.3538, time: 11.879488]
2023-09-02 08:59:50.777: epoch 178:	0.03680260  	0.19276993  	0.13134177  
2023-09-02 09:00:02.656: [iter 179 : loss : 0.7721 = 0.0569 + 0.3560 + 0.0055 + 0.3537, time: 11.862002]
2023-09-02 09:00:03.305: epoch 179:	0.03686560  	0.19279744  	0.13144130  
2023-09-02 09:00:15.281: [iter 180 : loss : 0.7720 = 0.0569 + 0.3559 + 0.0055 + 0.3537, time: 11.956140]
2023-09-02 09:00:15.928: epoch 180:	0.03688361  	0.19300005  	0.13166362  
2023-09-02 09:00:27.879: [iter 181 : loss : 0.7714 = 0.0564 + 0.3558 + 0.0055 + 0.3536, time: 11.932666]
2023-09-02 09:00:28.518: epoch 181:	0.03687459  	0.19299167  	0.13151383  
2023-09-02 09:00:40.505: [iter 182 : loss : 0.7721 = 0.0570 + 0.3559 + 0.0055 + 0.3536, time: 11.964075]
2023-09-02 09:00:41.147: epoch 182:	0.03692409  	0.19343308  	0.13168444  
2023-09-02 09:00:41.147: Find a better model.
2023-09-02 09:00:53.040: [iter 183 : loss : 0.7702 = 0.0553 + 0.3558 + 0.0056 + 0.3536, time: 11.872196]
2023-09-02 09:00:53.688: epoch 183:	0.03689708  	0.19323130  	0.13158113  
2023-09-02 09:01:05.658: [iter 184 : loss : 0.7711 = 0.0563 + 0.3557 + 0.0056 + 0.3535, time: 11.949825]
2023-09-02 09:01:06.304: epoch 184:	0.03694207  	0.19364464  	0.13174963  
2023-09-02 09:01:06.305: Find a better model.
2023-09-02 09:01:18.290: [iter 185 : loss : 0.7712 = 0.0563 + 0.3558 + 0.0056 + 0.3535, time: 11.967541]
2023-09-02 09:01:18.934: epoch 185:	0.03692407  	0.19360913  	0.13175435  
2023-09-02 09:01:30.897: [iter 186 : loss : 0.7709 = 0.0563 + 0.3556 + 0.0056 + 0.3534, time: 11.943545]
2023-09-02 09:01:31.552: epoch 186:	0.03691057  	0.19323747  	0.13163617  
2023-09-02 09:01:43.544: [iter 187 : loss : 0.7697 = 0.0551 + 0.3556 + 0.0056 + 0.3534, time: 11.972891]
2023-09-02 09:01:44.191: epoch 187:	0.03693755  	0.19374947  	0.13189785  
2023-09-02 09:01:44.191: Find a better model.
2023-09-02 09:01:56.146: [iter 188 : loss : 0.7701 = 0.0555 + 0.3556 + 0.0057 + 0.3533, time: 11.932010]
2023-09-02 09:01:56.804: epoch 188:	0.03702304  	0.19422370  	0.13215962  
2023-09-02 09:01:56.804: Find a better model.
2023-09-02 09:02:08.715: [iter 189 : loss : 0.7708 = 0.0562 + 0.3556 + 0.0057 + 0.3533, time: 11.893552]
2023-09-02 09:02:09.371: epoch 189:	0.03705452  	0.19458415  	0.13220504  
2023-09-02 09:02:09.371: Find a better model.
2023-09-02 09:02:21.471: [iter 190 : loss : 0.7697 = 0.0552 + 0.3555 + 0.0057 + 0.3533, time: 12.078936]
2023-09-02 09:02:22.129: epoch 190:	0.03704552  	0.19419174  	0.13214788  
2023-09-02 09:02:34.067: [iter 191 : loss : 0.7697 = 0.0553 + 0.3555 + 0.0057 + 0.3532, time: 11.920403]
2023-09-02 09:02:34.712: epoch 191:	0.03706803  	0.19428928  	0.13220474  
2023-09-02 09:02:46.717: [iter 192 : loss : 0.7688 = 0.0545 + 0.3554 + 0.0058 + 0.3532, time: 11.986709]
2023-09-02 09:02:47.377: epoch 192:	0.03710400  	0.19442251  	0.13222006  
2023-09-02 09:02:59.331: [iter 193 : loss : 0.7688 = 0.0545 + 0.3554 + 0.0058 + 0.3531, time: 11.927064]
2023-09-02 09:02:59.978: epoch 193:	0.03701854  	0.19400425  	0.13226175  
2023-09-02 09:03:11.941: [iter 194 : loss : 0.7696 = 0.0552 + 0.3555 + 0.0058 + 0.3531, time: 11.938158]
2023-09-02 09:03:12.596: epoch 194:	0.03707251  	0.19410199  	0.13221547  
2023-09-02 09:03:24.565: [iter 195 : loss : 0.7694 = 0.0551 + 0.3554 + 0.0058 + 0.3531, time: 11.950803]
2023-09-02 09:03:25.225: epoch 195:	0.03713102  	0.19456270  	0.13240318  
2023-09-02 09:03:37.188: [iter 196 : loss : 0.7683 = 0.0542 + 0.3552 + 0.0059 + 0.3530, time: 11.940797]
2023-09-02 09:03:37.833: epoch 196:	0.03714900  	0.19494987  	0.13252580  
2023-09-02 09:03:37.833: Find a better model.
2023-09-02 09:03:49.703: [iter 197 : loss : 0.7682 = 0.0541 + 0.3553 + 0.0059 + 0.3530, time: 11.853995]
2023-09-02 09:03:50.314: epoch 197:	0.03707702  	0.19485700  	0.13252670  
2023-09-02 09:04:02.166: [iter 198 : loss : 0.7687 = 0.0546 + 0.3553 + 0.0059 + 0.3529, time: 11.836594]
2023-09-02 09:04:02.816: epoch 198:	0.03708154  	0.19476618  	0.13251591  
2023-09-02 09:04:14.689: [iter 199 : loss : 0.7676 = 0.0536 + 0.3552 + 0.0059 + 0.3529, time: 11.852225]
2023-09-02 09:04:15.340: epoch 199:	0.03709953  	0.19487293  	0.13261364  
2023-09-02 09:04:27.296: [iter 200 : loss : 0.7667 = 0.0527 + 0.3552 + 0.0059 + 0.3528, time: 11.934183]
2023-09-02 09:04:27.948: epoch 200:	0.03716701  	0.19519359  	0.13270472  
2023-09-02 09:04:27.948: Find a better model.
2023-09-02 09:04:39.921: [iter 201 : loss : 0.7673 = 0.0534 + 0.3552 + 0.0060 + 0.3528, time: 11.949744]
2023-09-02 09:04:40.565: epoch 201:	0.03722550  	0.19529319  	0.13272113  
2023-09-02 09:04:40.565: Find a better model.
2023-09-02 09:04:52.593: [iter 202 : loss : 0.7668 = 0.0529 + 0.3551 + 0.0060 + 0.3528, time: 12.005594]
2023-09-02 09:04:53.264: epoch 202:	0.03716701  	0.19534269  	0.13273090  
2023-09-02 09:04:53.265: Find a better model.
2023-09-02 09:05:05.230: [iter 203 : loss : 0.7671 = 0.0533 + 0.3551 + 0.0060 + 0.3527, time: 11.945133]
2023-09-02 09:05:05.882: epoch 203:	0.03720300  	0.19517016  	0.13282311  
2023-09-02 09:05:17.602: [iter 204 : loss : 0.7673 = 0.0535 + 0.3551 + 0.0060 + 0.3527, time: 11.703014]
2023-09-02 09:05:18.221: epoch 204:	0.03728398  	0.19555391  	0.13301060  
2023-09-02 09:05:18.221: Find a better model.
2023-09-02 09:05:30.245: [iter 205 : loss : 0.7661 = 0.0523 + 0.3550 + 0.0061 + 0.3527, time: 12.002129]
2023-09-02 09:05:30.901: epoch 205:	0.03724349  	0.19527981  	0.13286805  
2023-09-02 09:05:42.813: [iter 206 : loss : 0.7666 = 0.0529 + 0.3549 + 0.0061 + 0.3526, time: 11.893437]
2023-09-02 09:05:43.472: epoch 206:	0.03727948  	0.19534701  	0.13294488  
2023-09-02 09:05:55.483: [iter 207 : loss : 0.7661 = 0.0525 + 0.3549 + 0.0061 + 0.3526, time: 11.992837]
2023-09-02 09:05:56.134: epoch 207:	0.03720300  	0.19514222  	0.13287914  
2023-09-02 09:06:07.827: [iter 208 : loss : 0.7650 = 0.0515 + 0.3548 + 0.0061 + 0.3525, time: 11.676166]
2023-09-02 09:06:08.470: epoch 208:	0.03723451  	0.19533350  	0.13294022  
2023-09-02 09:06:20.186: [iter 209 : loss : 0.7656 = 0.0521 + 0.3548 + 0.0062 + 0.3525, time: 11.697118]
2023-09-02 09:06:20.828: epoch 209:	0.03725248  	0.19547465  	0.13303013  
2023-09-02 09:06:32.573: [iter 210 : loss : 0.7659 = 0.0524 + 0.3548 + 0.0062 + 0.3524, time: 11.729740]
2023-09-02 09:06:33.211: epoch 210:	0.03723899  	0.19558065  	0.13304923  
2023-09-02 09:06:33.211: Find a better model.
2023-09-02 09:06:44.973: [iter 211 : loss : 0.7649 = 0.0516 + 0.3546 + 0.0062 + 0.3524, time: 11.743049]
2023-09-02 09:06:45.602: epoch 211:	0.03735596  	0.19604246  	0.13322210  
2023-09-02 09:06:45.602: Find a better model.
2023-09-02 09:06:57.333: [iter 212 : loss : 0.7660 = 0.0525 + 0.3549 + 0.0062 + 0.3524, time: 11.715943]
2023-09-02 09:06:57.966: epoch 212:	0.03731548  	0.19611213  	0.13324411  
2023-09-02 09:06:57.967: Find a better model.
2023-09-02 09:07:09.584: [iter 213 : loss : 0.7644 = 0.0512 + 0.3547 + 0.0062 + 0.3523, time: 11.601193]
2023-09-02 09:07:10.219: epoch 213:	0.03736947  	0.19611250  	0.13334440  
2023-09-02 09:07:10.219: Find a better model.
2023-09-02 09:07:21.884: [iter 214 : loss : 0.7655 = 0.0523 + 0.3546 + 0.0063 + 0.3523, time: 11.646845]
2023-09-02 09:07:22.520: epoch 214:	0.03752244  	0.19736101  	0.13389403  
2023-09-02 09:07:22.520: Find a better model.
2023-09-02 09:07:34.337: [iter 215 : loss : 0.7658 = 0.0525 + 0.3547 + 0.0063 + 0.3523, time: 11.796232]
2023-09-02 09:07:34.955: epoch 215:	0.03761690  	0.19783732  	0.13403669  
2023-09-02 09:07:34.955: Find a better model.
2023-09-02 09:07:46.604: [iter 216 : loss : 0.7644 = 0.0513 + 0.3545 + 0.0063 + 0.3522, time: 11.632803]
2023-09-02 09:07:47.246: epoch 216:	0.03763488  	0.19785105  	0.13414806  
2023-09-02 09:07:47.247: Find a better model.
2023-09-02 09:07:58.673: [iter 217 : loss : 0.7645 = 0.0514 + 0.3546 + 0.0063 + 0.3522, time: 11.407640]
2023-09-02 09:07:59.290: epoch 217:	0.03767537  	0.19813867  	0.13418519  
2023-09-02 09:07:59.290: Find a better model.
2023-09-02 09:08:10.302: [iter 218 : loss : 0.7638 = 0.0508 + 0.3545 + 0.0064 + 0.3522, time: 10.992421]
2023-09-02 09:08:10.871: epoch 218:	0.03767987  	0.19787157  	0.13410941  
2023-09-02 09:08:22.625: [iter 219 : loss : 0.7637 = 0.0508 + 0.3544 + 0.0064 + 0.3521, time: 11.737699]
2023-09-02 09:08:23.252: epoch 219:	0.03772935  	0.19812156  	0.13418475  
2023-09-02 09:08:35.014: [iter 220 : loss : 0.7632 = 0.0504 + 0.3544 + 0.0064 + 0.3521, time: 11.745209]
2023-09-02 09:08:35.636: epoch 220:	0.03763039  	0.19780612  	0.13415256  
2023-09-02 09:08:47.636: [iter 221 : loss : 0.7639 = 0.0511 + 0.3543 + 0.0064 + 0.3520, time: 11.983183]
2023-09-02 09:08:48.265: epoch 221:	0.03764841  	0.19797434  	0.13432091  
2023-09-02 09:09:00.308: [iter 222 : loss : 0.7634 = 0.0506 + 0.3544 + 0.0064 + 0.3520, time: 12.028596]
2023-09-02 09:09:00.964: epoch 222:	0.03756744  	0.19731130  	0.13418446  
2023-09-02 09:09:12.881: [iter 223 : loss : 0.7633 = 0.0506 + 0.3544 + 0.0065 + 0.3519, time: 11.901365]
2023-09-02 09:09:13.540: epoch 223:	0.03764841  	0.19772668  	0.13435845  
2023-09-02 09:09:25.437: [iter 224 : loss : 0.7640 = 0.0512 + 0.3544 + 0.0065 + 0.3519, time: 11.872994]
2023-09-02 09:09:26.084: epoch 224:	0.03769790  	0.19835520  	0.13454662  
2023-09-02 09:09:26.085: Find a better model.
2023-09-02 09:09:38.017: [iter 225 : loss : 0.7629 = 0.0504 + 0.3542 + 0.0065 + 0.3519, time: 11.909582]
2023-09-02 09:09:38.673: epoch 225:	0.03775188  	0.19849850  	0.13467938  
2023-09-02 09:09:38.673: Find a better model.
2023-09-02 09:09:50.518: [iter 226 : loss : 0.7624 = 0.0499 + 0.3541 + 0.0065 + 0.3518, time: 11.821745]
2023-09-02 09:09:51.139: epoch 226:	0.03782386  	0.19905704  	0.13470583  
2023-09-02 09:09:51.140: Find a better model.
2023-09-02 09:10:03.233: [iter 227 : loss : 0.7630 = 0.0506 + 0.3540 + 0.0066 + 0.3518, time: 12.069278]
2023-09-02 09:10:03.883: epoch 227:	0.03773840  	0.19882393  	0.13462594  
2023-09-02 09:10:15.822: [iter 228 : loss : 0.7627 = 0.0503 + 0.3541 + 0.0066 + 0.3518, time: 11.921255]
2023-09-02 09:10:16.468: epoch 228:	0.03783285  	0.19920601  	0.13491105  
2023-09-02 09:10:16.468: Find a better model.
2023-09-02 09:10:28.434: [iter 229 : loss : 0.7625 = 0.0501 + 0.3540 + 0.0066 + 0.3517, time: 11.948688]
2023-09-02 09:10:29.086: epoch 229:	0.03778334  	0.19909185  	0.13498868  
2023-09-02 09:10:41.140: [iter 230 : loss : 0.7615 = 0.0490 + 0.3542 + 0.0066 + 0.3517, time: 12.033401]
2023-09-02 09:10:41.792: epoch 230:	0.03782836  	0.19917460  	0.13497962  
2023-09-02 09:10:53.828: [iter 231 : loss : 0.7614 = 0.0491 + 0.3540 + 0.0066 + 0.3516, time: 12.016739]
2023-09-02 09:10:54.475: epoch 231:	0.03780586  	0.19922128  	0.13500518  
2023-09-02 09:10:54.475: Find a better model.
2023-09-02 09:11:06.611: [iter 232 : loss : 0.7608 = 0.0485 + 0.3540 + 0.0067 + 0.3516, time: 12.119747]
2023-09-02 09:11:07.235: epoch 232:	0.03778785  	0.19903210  	0.13495634  
2023-09-02 09:11:19.210: [iter 233 : loss : 0.7623 = 0.0501 + 0.3539 + 0.0067 + 0.3516, time: 11.958457]
2023-09-02 09:11:19.861: epoch 233:	0.03780135  	0.19876021  	0.13488545  
2023-09-02 09:11:31.835: [iter 234 : loss : 0.7624 = 0.0502 + 0.3540 + 0.0067 + 0.3515, time: 11.950005]
2023-09-02 09:11:32.483: epoch 234:	0.03774287  	0.19867122  	0.13476494  
2023-09-02 09:11:44.459: [iter 235 : loss : 0.7617 = 0.0494 + 0.3541 + 0.0067 + 0.3515, time: 11.958339]
2023-09-02 09:11:45.106: epoch 235:	0.03773838  	0.19882342  	0.13482481  
2023-09-02 09:11:57.143: [iter 236 : loss : 0.7613 = 0.0494 + 0.3537 + 0.0067 + 0.3515, time: 12.020422]
2023-09-02 09:11:57.787: epoch 236:	0.03773835  	0.19891804  	0.13484408  
2023-09-02 09:12:09.817: [iter 237 : loss : 0.7610 = 0.0491 + 0.3538 + 0.0068 + 0.3514, time: 12.006840]
2023-09-02 09:12:10.469: epoch 237:	0.03782384  	0.19914488  	0.13507162  
2023-09-02 09:12:22.369: [iter 238 : loss : 0.7598 = 0.0478 + 0.3538 + 0.0068 + 0.3514, time: 11.884105]
2023-09-02 09:12:23.014: epoch 238:	0.03777886  	0.19878377  	0.13490912  
2023-09-02 09:12:34.881: [iter 239 : loss : 0.7606 = 0.0489 + 0.3536 + 0.0068 + 0.3514, time: 11.847872]
2023-09-02 09:12:35.554: epoch 239:	0.03779235  	0.19898199  	0.13494873  
2023-09-02 09:12:47.589: [iter 240 : loss : 0.7610 = 0.0490 + 0.3538 + 0.0068 + 0.3513, time: 12.010756]
2023-09-02 09:12:48.227: epoch 240:	0.03773385  	0.19881639  	0.13490859  
2023-09-02 09:13:00.311: [iter 241 : loss : 0.7610 = 0.0492 + 0.3536 + 0.0069 + 0.3513, time: 12.065936]
2023-09-02 09:13:00.951: epoch 241:	0.03783733  	0.19928150  	0.13513453  
2023-09-02 09:13:00.951: Find a better model.
2023-09-02 09:13:13.048: [iter 242 : loss : 0.7605 = 0.0488 + 0.3536 + 0.0069 + 0.3512, time: 12.081614]
2023-09-02 09:13:13.646: epoch 242:	0.03796330  	0.19996469  	0.13537538  
2023-09-02 09:13:13.646: Find a better model.
2023-09-02 09:13:25.639: [iter 243 : loss : 0.7594 = 0.0477 + 0.3536 + 0.0069 + 0.3512, time: 11.977050]
2023-09-02 09:13:26.286: epoch 243:	0.03790481  	0.19959262  	0.13539118  
2023-09-02 09:13:38.210: [iter 244 : loss : 0.7606 = 0.0488 + 0.3537 + 0.0069 + 0.3512, time: 11.906006]
2023-09-02 09:13:38.856: epoch 244:	0.03791382  	0.19981889  	0.13536313  
2023-09-02 09:13:50.932: [iter 245 : loss : 0.7599 = 0.0482 + 0.3536 + 0.0069 + 0.3512, time: 12.059687]
2023-09-02 09:13:51.569: epoch 245:	0.03791381  	0.19983117  	0.13539270  
2023-09-02 09:14:03.502: [iter 246 : loss : 0.7589 = 0.0474 + 0.3535 + 0.0070 + 0.3511, time: 11.913953]
2023-09-02 09:14:04.152: epoch 246:	0.03799478  	0.20044678  	0.13570011  
2023-09-02 09:14:04.152: Find a better model.
2023-09-02 09:14:16.153: [iter 247 : loss : 0.7580 = 0.0465 + 0.3534 + 0.0070 + 0.3511, time: 11.979122]
2023-09-02 09:14:16.797: epoch 247:	0.03801277  	0.20047434  	0.13564354  
2023-09-02 09:14:16.797: Find a better model.
2023-09-02 09:14:28.818: [iter 248 : loss : 0.7597 = 0.0483 + 0.3534 + 0.0070 + 0.3510, time: 11.999830]
2023-09-02 09:14:29.450: epoch 248:	0.03792280  	0.20001592  	0.13562043  
2023-09-02 09:14:41.436: [iter 249 : loss : 0.7589 = 0.0476 + 0.3533 + 0.0070 + 0.3510, time: 11.966069]
2023-09-02 09:14:42.074: epoch 249:	0.03789132  	0.20013173  	0.13555405  
2023-09-02 09:14:54.065: [iter 250 : loss : 0.7584 = 0.0471 + 0.3534 + 0.0071 + 0.3510, time: 11.973100]
2023-09-02 09:14:54.704: epoch 250:	0.03783736  	0.19966777  	0.13546875  
2023-09-02 09:15:06.713: [iter 251 : loss : 0.7589 = 0.0475 + 0.3534 + 0.0071 + 0.3509, time: 11.991085]
2023-09-02 09:15:07.360: epoch 251:	0.03788683  	0.19983289  	0.13549688  
2023-09-02 09:15:19.354: [iter 252 : loss : 0.7586 = 0.0473 + 0.3534 + 0.0071 + 0.3509, time: 11.971742]
2023-09-02 09:15:19.986: epoch 252:	0.03802181  	0.20044678  	0.13568778  
2023-09-02 09:15:31.863: [iter 253 : loss : 0.7582 = 0.0469 + 0.3533 + 0.0071 + 0.3508, time: 11.858025]
2023-09-02 09:15:32.494: epoch 253:	0.03795882  	0.19998823  	0.13550556  
2023-09-02 09:15:44.404: [iter 254 : loss : 0.7587 = 0.0474 + 0.3533 + 0.0071 + 0.3508, time: 11.893708]
2023-09-02 09:15:45.060: epoch 254:	0.03802631  	0.20051685  	0.13573937  
2023-09-02 09:15:45.060: Find a better model.
2023-09-02 09:15:56.964: [iter 255 : loss : 0.7586 = 0.0473 + 0.3533 + 0.0072 + 0.3508, time: 11.881739]
2023-09-02 09:15:57.603: epoch 255:	0.03806229  	0.20077133  	0.13586803  
2023-09-02 09:15:57.604: Find a better model.
2023-09-02 09:16:09.518: [iter 256 : loss : 0.7581 = 0.0470 + 0.3531 + 0.0072 + 0.3507, time: 11.899354]
2023-09-02 09:16:10.155: epoch 256:	0.03805779  	0.20071800  	0.13592406  
2023-09-02 09:16:21.975: [iter 257 : loss : 0.7586 = 0.0475 + 0.3532 + 0.0072 + 0.3507, time: 11.801702]
2023-09-02 09:16:22.594: epoch 257:	0.03804880  	0.20038819  	0.13585505  
2023-09-02 09:16:34.585: [iter 258 : loss : 0.7589 = 0.0479 + 0.3531 + 0.0072 + 0.3507, time: 11.973960]
2023-09-02 09:16:35.234: epoch 258:	0.03810729  	0.20068924  	0.13611916  
2023-09-02 09:16:47.052: [iter 259 : loss : 0.7572 = 0.0462 + 0.3532 + 0.0072 + 0.3506, time: 11.800550]
2023-09-02 09:16:47.702: epoch 259:	0.03810728  	0.20087121  	0.13605897  
2023-09-02 09:16:47.702: Find a better model.
2023-09-02 09:16:59.757: [iter 260 : loss : 0.7576 = 0.0466 + 0.3531 + 0.0073 + 0.3506, time: 12.039442]
2023-09-02 09:17:00.407: epoch 260:	0.03816129  	0.20134510  	0.13617595  
2023-09-02 09:17:00.407: Find a better model.
2023-09-02 09:17:12.205: [iter 261 : loss : 0.7575 = 0.0466 + 0.3531 + 0.0073 + 0.3506, time: 11.780157]
2023-09-02 09:17:12.846: epoch 261:	0.03812980  	0.20119326  	0.13625038  
2023-09-02 09:17:24.652: [iter 262 : loss : 0.7568 = 0.0460 + 0.3529 + 0.0073 + 0.3505, time: 11.790680]
2023-09-02 09:17:25.304: epoch 262:	0.03823778  	0.20169792  	0.13637571  
2023-09-02 09:17:25.305: Find a better model.
2023-09-02 09:17:37.246: [iter 263 : loss : 0.7576 = 0.0467 + 0.3530 + 0.0073 + 0.3505, time: 11.906009]
2023-09-02 09:17:37.894: epoch 263:	0.03825575  	0.20150968  	0.13636754  
2023-09-02 09:17:49.784: [iter 264 : loss : 0.7572 = 0.0463 + 0.3531 + 0.0073 + 0.3505, time: 11.868031]
2023-09-02 09:17:50.429: epoch 264:	0.03820176  	0.20101491  	0.13618609  
2023-09-02 09:18:02.472: [iter 265 : loss : 0.7563 = 0.0457 + 0.3528 + 0.0074 + 0.3504, time: 12.019311]
2023-09-02 09:18:03.112: epoch 265:	0.03822426  	0.20152034  	0.13634084  
2023-09-02 09:18:15.039: [iter 266 : loss : 0.7556 = 0.0449 + 0.3529 + 0.0074 + 0.3504, time: 11.907377]
2023-09-02 09:18:15.679: epoch 266:	0.03810730  	0.20108464  	0.13620104  
2023-09-02 09:18:27.597: [iter 267 : loss : 0.7561 = 0.0456 + 0.3528 + 0.0074 + 0.3504, time: 11.899251]
2023-09-02 09:18:28.247: epoch 267:	0.03815676  	0.20129606  	0.13626589  
2023-09-02 09:18:40.277: [iter 268 : loss : 0.7570 = 0.0464 + 0.3528 + 0.0074 + 0.3503, time: 12.010945]
2023-09-02 09:18:40.932: epoch 268:	0.03812080  	0.20141190  	0.13624868  
2023-09-02 09:18:52.813: [iter 269 : loss : 0.7557 = 0.0452 + 0.3528 + 0.0074 + 0.3503, time: 11.852076]
2023-09-02 09:18:53.480: epoch 269:	0.03807582  	0.20125385  	0.13618843  
2023-09-02 09:19:05.516: [iter 270 : loss : 0.7575 = 0.0469 + 0.3528 + 0.0075 + 0.3502, time: 12.013978]
2023-09-02 09:19:06.155: epoch 270:	0.03816579  	0.20159553  	0.13649616  
2023-09-02 09:19:18.062: [iter 271 : loss : 0.7556 = 0.0452 + 0.3527 + 0.0075 + 0.3502, time: 11.888779]
2023-09-02 09:19:18.710: epoch 271:	0.03818378  	0.20182809  	0.13662362  
2023-09-02 09:19:18.710: Find a better model.
2023-09-02 09:19:30.736: [iter 272 : loss : 0.7565 = 0.0461 + 0.3527 + 0.0075 + 0.3502, time: 12.005144]
2023-09-02 09:19:31.384: epoch 272:	0.03827827  	0.20208518  	0.13676785  
2023-09-02 09:19:31.385: Find a better model.
2023-09-02 09:19:43.276: [iter 273 : loss : 0.7558 = 0.0455 + 0.3526 + 0.0075 + 0.3502, time: 11.872443]
2023-09-02 09:19:43.916: epoch 273:	0.03822877  	0.20193771  	0.13676971  
2023-09-02 09:19:55.917: [iter 274 : loss : 0.7564 = 0.0461 + 0.3526 + 0.0075 + 0.3501, time: 11.980850]
2023-09-02 09:19:56.565: epoch 274:	0.03825129  	0.20194824  	0.13667150  
2023-09-02 09:20:08.593: [iter 275 : loss : 0.7564 = 0.0462 + 0.3525 + 0.0076 + 0.3501, time: 12.009657]
2023-09-02 09:20:09.236: epoch 275:	0.03826028  	0.20191841  	0.13671328  
2023-09-02 09:20:21.164: [iter 276 : loss : 0.7557 = 0.0455 + 0.3525 + 0.0076 + 0.3501, time: 11.911891]
2023-09-02 09:20:21.818: epoch 276:	0.03829178  	0.20208026  	0.13685542  
2023-09-02 09:20:33.919: [iter 277 : loss : 0.7556 = 0.0455 + 0.3524 + 0.0076 + 0.3500, time: 12.085093]
2023-09-02 09:20:34.526: epoch 277:	0.03830529  	0.20223559  	0.13699374  
2023-09-02 09:20:34.526: Find a better model.
2023-09-02 09:20:46.583: [iter 278 : loss : 0.7569 = 0.0467 + 0.3526 + 0.0076 + 0.3500, time: 12.036686]
2023-09-02 09:20:47.232: epoch 278:	0.03822880  	0.20192973  	0.13676777  
2023-09-02 09:20:59.212: [iter 279 : loss : 0.7560 = 0.0459 + 0.3525 + 0.0076 + 0.3500, time: 11.962339]
2023-09-02 09:20:59.839: epoch 279:	0.03816580  	0.20160171  	0.13679051  
2023-09-02 09:21:11.534: [iter 280 : loss : 0.7549 = 0.0448 + 0.3524 + 0.0077 + 0.3500, time: 11.676422]
2023-09-02 09:21:12.181: epoch 280:	0.03819280  	0.20163487  	0.13683462  
2023-09-02 09:21:23.942: [iter 281 : loss : 0.7559 = 0.0458 + 0.3525 + 0.0077 + 0.3499, time: 11.736962]
2023-09-02 09:21:24.591: epoch 281:	0.03821529  	0.20194277  	0.13694033  
2023-09-02 09:21:36.674: [iter 282 : loss : 0.7550 = 0.0450 + 0.3524 + 0.0077 + 0.3499, time: 12.067629]
2023-09-02 09:21:37.322: epoch 282:	0.03822430  	0.20142274  	0.13682280  
2023-09-02 09:21:49.206: [iter 283 : loss : 0.7553 = 0.0454 + 0.3523 + 0.0077 + 0.3499, time: 11.861438]
2023-09-02 09:21:49.854: epoch 283:	0.03832779  	0.20213650  	0.13689449  
2023-09-02 09:22:01.808: [iter 284 : loss : 0.7547 = 0.0447 + 0.3524 + 0.0077 + 0.3498, time: 11.927974]
2023-09-02 09:22:02.448: epoch 284:	0.03841775  	0.20275483  	0.13711365  
2023-09-02 09:22:02.448: Find a better model.
2023-09-02 09:22:14.471: [iter 285 : loss : 0.7551 = 0.0453 + 0.3523 + 0.0078 + 0.3498, time: 12.005273]
2023-09-02 09:22:15.115: epoch 285:	0.03828728  	0.20204024  	0.13691510  
2023-09-02 09:22:27.101: [iter 286 : loss : 0.7542 = 0.0444 + 0.3523 + 0.0078 + 0.3498, time: 11.967360]
2023-09-02 09:22:27.756: epoch 286:	0.03827376  	0.20204195  	0.13702701  
2023-09-02 09:22:39.799: [iter 287 : loss : 0.7541 = 0.0444 + 0.3522 + 0.0078 + 0.3497, time: 12.021727]
2023-09-02 09:22:40.438: epoch 287:	0.03831876  	0.20212574  	0.13707066  
2023-09-02 09:22:52.415: [iter 288 : loss : 0.7546 = 0.0449 + 0.3521 + 0.0078 + 0.3497, time: 11.957925]
2023-09-02 09:22:53.058: epoch 288:	0.03825579  	0.20192534  	0.13709535  
2023-09-02 09:23:05.088: [iter 289 : loss : 0.7544 = 0.0448 + 0.3521 + 0.0079 + 0.3497, time: 12.013329]
2023-09-02 09:23:05.731: epoch 289:	0.03823781  	0.20178461  	0.13697009  
2023-09-02 09:23:17.719: [iter 290 : loss : 0.7544 = 0.0448 + 0.3522 + 0.0079 + 0.3496, time: 11.969225]
2023-09-02 09:23:18.372: epoch 290:	0.03829629  	0.20184162  	0.13711397  
2023-09-02 09:23:30.316: [iter 291 : loss : 0.7535 = 0.0439 + 0.3521 + 0.0079 + 0.3496, time: 11.926506]
2023-09-02 09:23:30.956: epoch 291:	0.03831879  	0.20211194  	0.13717671  
2023-09-02 09:23:43.008: [iter 292 : loss : 0.7532 = 0.0436 + 0.3521 + 0.0079 + 0.3496, time: 12.034279]
2023-09-02 09:23:43.662: epoch 292:	0.03835029  	0.20237784  	0.13730203  
2023-09-02 09:23:55.578: [iter 293 : loss : 0.7547 = 0.0453 + 0.3520 + 0.0079 + 0.3495, time: 11.899661]
2023-09-02 09:23:56.224: epoch 293:	0.03841325  	0.20262589  	0.13732162  
2023-09-02 09:24:08.046: [iter 294 : loss : 0.7534 = 0.0440 + 0.3520 + 0.0080 + 0.3495, time: 11.802275]
2023-09-02 09:24:08.657: epoch 294:	0.03835478  	0.20274551  	0.13749307  
2023-09-02 09:24:08.657: Early stopping is trigger at epoch: 294
2023-09-02 09:24:08.657: best_result@epoch 284:

2023-09-02 09:24:08.657: 		0.0384      	0.2028      	0.1371      
