2023-09-02 13:30:04.577: my pid: 8343
2023-09-02 13:30:04.577: model: model.general_recommender.GNNEC
2023-09-02 13:30:04.578: Dataset statistics:
Name: gowalla-20core
The number of users: 11113
The number of items: 18074
The number of ratings: 523315
Average actions of users: 47.09
Average actions of items: 28.95
The sparsity of the dataset: 99.739458%

The number of training: 475362
The number of validation: 0
The number of testing: 47953
2023-09-02 13:30:04.578: NeuRec:[NeuRec]:
recommender=GNNEC
dataset=gowalla-20core
file_column=UI
sep=','
gpu_id=0
gpu_mem=0.99
metric=["Precision", "Recall", "NDCG"]
top_k=[20]
test_thread=8
test_batch_size=128
seed=2021
start_testing_epoch=0

GNNEC:[hyperparameters]:
mf_reg=1e-4
svd_q=5
aug_type=ND
reg=1e-4
embed_size=32
n_layers=2
ssl_reg=0.02
ssl_ratio=0.5
ssl_temp=0.8
ssl_mode=both_side
lr=1e-3
learner=adam
adj_type=pre
epochs=300
batch_size=2048
num_negatives=1
param_init=xavier_uniform
stddev=0.01
verbose=1
stop_cnt=10
pretrain_flag=0
save_flag=0

Command line:
recommender=GNNEC
dataset=gowalla-20core
epochs=300
n_layers=2
embed_size=32
batch_size=2048
lr=1e-3
aug_type=ND
reg=1e-4
ssl_reg=0.02
ssl_ratio=0.5
ssl_temp=0.8
mf_reg=1e-4
svd_q=5
