2023-09-02 11:38:45.020: my pid: 15993
2023-09-02 11:38:45.020: model: model.general_recommender.GNNEC
2023-09-02 11:38:45.020: Dataset statistics:
Name: gowalla-20core
The number of users: 11113
The number of items: 18074
The number of ratings: 523315
Average actions of users: 47.09
Average actions of items: 28.95
The sparsity of the dataset: 99.739458%

The number of training: 475362
The number of validation: 0
The number of testing: 47953
2023-09-02 11:38:45.020: NeuRec:[NeuRec]:
recommender=GNNEC
dataset=gowalla-20core
file_column=UI
sep=','
gpu_id=0
gpu_mem=0.99
metric=["Precision", "Recall", "NDCG"]
top_k=[20]
test_thread=8
test_batch_size=128
seed=2021
start_testing_epoch=0

GNNEC:[hyperparameters]:
mf_reg=0.02
svd_q=5
aug_type=ND
reg=1e-4
embed_size=32
n_layers=2
ssl_reg=0.02
ssl_ratio=0.5
ssl_temp=100
ssl_mode=both_side
lr=1e-3
learner=adam
adj_type=pre
epochs=300
batch_size=2048
num_negatives=1
param_init=xavier_uniform
stddev=0.01
verbose=1
stop_cnt=10
pretrain_flag=0
save_flag=0

Command line:
recommender=GNNEC
dataset=gowalla-20core
epochs=300
n_layers=2
embed_size=32
batch_size=2048
lr=1e-3
aug_type=ND
reg=1e-4
ssl_reg=0.02
ssl_ratio=0.5
ssl_temp=100
mf_reg=0.02
svd_q=5
2023-09-02 11:38:58.055: metrics:	Precision@20	Recall@20   	NDCG@20     
2023-09-02 11:39:10.593: [iter 1 : loss : 1.3848 = 0.6206 + 0.3821 + 0.0000 + 0.3821, time: 12.536681]
2023-09-02 11:39:11.238: epoch 1:	0.01443390  	0.07368840  	0.04983383  
2023-09-02 11:39:11.238: Find a better model.
2023-09-02 11:39:23.294: [iter 2 : loss : 1.2241 = 0.4608 + 0.3816 + 0.0001 + 0.3816, time: 12.030773]
2023-09-02 11:39:23.946: epoch 2:	0.01752502  	0.08973975  	0.06064282  
2023-09-02 11:39:23.946: Find a better model.
2023-09-02 11:39:35.897: [iter 3 : loss : 1.1484 = 0.3854 + 0.3814 + 0.0002 + 0.3814, time: 11.930665]
2023-09-02 11:39:36.549: epoch 3:	0.01936080  	0.10075806  	0.06864242  
2023-09-02 11:39:36.549: Find a better model.
2023-09-02 11:39:48.611: [iter 4 : loss : 1.1007 = 0.3378 + 0.3813 + 0.0003 + 0.3813, time: 12.037712]
2023-09-02 11:39:49.243: epoch 4:	0.02067912  	0.10839214  	0.07469375  
2023-09-02 11:39:49.243: Find a better model.
2023-09-02 11:40:01.229: [iter 5 : loss : 1.0679 = 0.3052 + 0.3812 + 0.0004 + 0.3812, time: 11.965745]
2023-09-02 11:40:01.880: epoch 5:	0.02148001  	0.11271757  	0.07812074  
2023-09-02 11:40:01.880: Find a better model.
2023-09-02 11:40:13.963: [iter 6 : loss : 1.0441 = 0.2814 + 0.3811 + 0.0004 + 0.3811, time: 12.054104]
2023-09-02 11:40:14.616: epoch 6:	0.02203345  	0.11603175  	0.08060280  
2023-09-02 11:40:14.616: Find a better model.
2023-09-02 11:40:26.715: [iter 7 : loss : 1.0253 = 0.2627 + 0.3811 + 0.0005 + 0.3810, time: 12.076699]
2023-09-02 11:40:27.352: epoch 7:	0.02252389  	0.11870907  	0.08272716  
2023-09-02 11:40:27.352: Find a better model.
2023-09-02 11:40:39.341: [iter 8 : loss : 1.0117 = 0.2491 + 0.3810 + 0.0005 + 0.3810, time: 11.965283]
2023-09-02 11:40:39.954: epoch 8:	0.02314478  	0.12148336  	0.08477908  
2023-09-02 11:40:39.954: Find a better model.
2023-09-02 11:40:52.092: [iter 9 : loss : 0.9995 = 0.2370 + 0.3810 + 0.0006 + 0.3809, time: 12.117307]
2023-09-02 11:40:52.748: epoch 9:	0.02364412  	0.12401996  	0.08641089  
2023-09-02 11:40:52.749: Find a better model.
2023-09-02 11:41:04.716: [iter 10 : loss : 0.9894 = 0.2269 + 0.3809 + 0.0006 + 0.3809, time: 11.942776]
2023-09-02 11:41:05.351: epoch 10:	0.02403998  	0.12626164  	0.08760127  
2023-09-02 11:41:05.351: Find a better model.
2023-09-02 11:41:17.316: [iter 11 : loss : 0.9809 = 0.2184 + 0.3809 + 0.0007 + 0.3809, time: 11.944942]
2023-09-02 11:41:17.964: epoch 11:	0.02430990  	0.12797438  	0.08877237  
2023-09-02 11:41:17.964: Find a better model.
2023-09-02 11:41:30.041: [iter 12 : loss : 0.9730 = 0.2105 + 0.3809 + 0.0007 + 0.3808, time: 12.057295]
2023-09-02 11:41:30.691: epoch 12:	0.02450783  	0.12880938  	0.08962582  
2023-09-02 11:41:30.692: Find a better model.
2023-09-02 11:41:42.725: [iter 13 : loss : 0.9661 = 0.2037 + 0.3808 + 0.0008 + 0.3808, time: 12.014656]
2023-09-02 11:41:43.374: epoch 13:	0.02477326  	0.13031629  	0.09076184  
2023-09-02 11:41:43.374: Find a better model.
2023-09-02 11:41:55.284: [iter 14 : loss : 0.9607 = 0.1983 + 0.3808 + 0.0008 + 0.3808, time: 11.888492]
2023-09-02 11:41:55.932: epoch 14:	0.02494870  	0.13132755  	0.09148391  
2023-09-02 11:41:55.932: Find a better model.
2023-09-02 11:42:08.106: [iter 15 : loss : 0.9567 = 0.1943 + 0.3808 + 0.0008 + 0.3808, time: 12.148168]
2023-09-02 11:42:08.755: epoch 15:	0.02522760  	0.13257293  	0.09234564  
2023-09-02 11:42:08.756: Find a better model.
2023-09-02 11:42:20.728: [iter 16 : loss : 0.9526 = 0.1902 + 0.3808 + 0.0009 + 0.3807, time: 11.946993]
2023-09-02 11:42:21.357: epoch 16:	0.02538956  	0.13359940  	0.09307438  
2023-09-02 11:42:21.358: Find a better model.
2023-09-02 11:42:33.211: [iter 17 : loss : 0.9469 = 0.1846 + 0.3808 + 0.0009 + 0.3807, time: 11.831868]
2023-09-02 11:42:33.849: epoch 17:	0.02556049  	0.13438067  	0.09356315  
2023-09-02 11:42:33.850: Find a better model.
2023-09-02 11:42:45.952: [iter 18 : loss : 0.9440 = 0.1816 + 0.3808 + 0.0009 + 0.3807, time: 12.078499]
2023-09-02 11:42:46.589: epoch 18:	0.02574493  	0.13491575  	0.09410580  
2023-09-02 11:42:46.589: Find a better model.
2023-09-02 11:42:58.577: [iter 19 : loss : 0.9402 = 0.1778 + 0.3807 + 0.0010 + 0.3807, time: 11.965643]
2023-09-02 11:42:59.210: epoch 19:	0.02584839  	0.13542823  	0.09458782  
2023-09-02 11:42:59.210: Find a better model.
2023-09-02 11:43:11.282: [iter 20 : loss : 0.9377 = 0.1753 + 0.3807 + 0.0010 + 0.3807, time: 12.053626]
2023-09-02 11:43:11.932: epoch 20:	0.02606432  	0.13633142  	0.09519335  
2023-09-02 11:43:11.932: Find a better model.
2023-09-02 11:43:24.007: [iter 21 : loss : 0.9352 = 0.1728 + 0.3807 + 0.0010 + 0.3807, time: 12.059193]
2023-09-02 11:43:24.654: epoch 21:	0.02629824  	0.13757452  	0.09568504  
2023-09-02 11:43:24.654: Find a better model.
2023-09-02 11:43:36.764: [iter 22 : loss : 0.9308 = 0.1684 + 0.3807 + 0.0011 + 0.3806, time: 12.088875]
2023-09-02 11:43:37.414: epoch 22:	0.02647818  	0.13876264  	0.09637312  
2023-09-02 11:43:37.414: Find a better model.
2023-09-02 11:43:49.485: [iter 23 : loss : 0.9277 = 0.1653 + 0.3807 + 0.0011 + 0.3806, time: 12.050909]
2023-09-02 11:43:50.137: epoch 23:	0.02670310  	0.14011677  	0.09711480  
2023-09-02 11:43:50.138: Find a better model.
2023-09-02 11:44:02.090: [iter 24 : loss : 0.9247 = 0.1623 + 0.3807 + 0.0011 + 0.3806, time: 11.931212]
2023-09-02 11:44:02.707: epoch 24:	0.02686054  	0.14067657  	0.09755470  
2023-09-02 11:44:02.707: Find a better model.
2023-09-02 11:44:14.715: [iter 25 : loss : 0.9226 = 0.1601 + 0.3807 + 0.0012 + 0.3806, time: 11.989409]
2023-09-02 11:44:15.371: epoch 25:	0.02699550  	0.14180791  	0.09825431  
2023-09-02 11:44:15.371: Find a better model.
2023-09-02 11:44:27.473: [iter 26 : loss : 0.9203 = 0.1579 + 0.3807 + 0.0012 + 0.3806, time: 12.074752]
2023-09-02 11:44:28.094: epoch 26:	0.02722493  	0.14279930  	0.09883284  
2023-09-02 11:44:28.094: Find a better model.
2023-09-02 11:44:40.175: [iter 27 : loss : 0.9174 = 0.1549 + 0.3807 + 0.0012 + 0.3806, time: 12.064428]
2023-09-02 11:44:40.816: epoch 27:	0.02745885  	0.14421603  	0.09952665  
2023-09-02 11:44:40.816: Find a better model.
2023-09-02 11:44:52.780: [iter 28 : loss : 0.9153 = 0.1528 + 0.3807 + 0.0012 + 0.3806, time: 11.945187]
2023-09-02 11:44:53.433: epoch 28:	0.02758030  	0.14472343  	0.09995174  
2023-09-02 11:44:53.434: Find a better model.
2023-09-02 11:45:05.422: [iter 29 : loss : 0.9126 = 0.1501 + 0.3807 + 0.0013 + 0.3805, time: 11.968851]
2023-09-02 11:45:06.062: epoch 29:	0.02781871  	0.14586119  	0.10052084  
2023-09-02 11:45:06.062: Find a better model.
2023-09-02 11:45:18.155: [iter 30 : loss : 0.9091 = 0.1466 + 0.3807 + 0.0013 + 0.3805, time: 12.065305]
2023-09-02 11:45:18.802: epoch 30:	0.02792218  	0.14669254  	0.10103116  
2023-09-02 11:45:18.802: Find a better model.
2023-09-02 11:45:30.782: [iter 31 : loss : 0.9082 = 0.1457 + 0.3807 + 0.0013 + 0.3805, time: 11.963309]
2023-09-02 11:45:31.406: epoch 31:	0.02809763  	0.14771137  	0.10169388  
2023-09-02 11:45:31.406: Find a better model.
2023-09-02 11:45:43.508: [iter 32 : loss : 0.9053 = 0.1428 + 0.3806 + 0.0014 + 0.3805, time: 12.081166]
2023-09-02 11:45:44.161: epoch 32:	0.02817409  	0.14794555  	0.10195226  
2023-09-02 11:45:44.162: Find a better model.
2023-09-02 11:45:56.107: [iter 33 : loss : 0.9040 = 0.1415 + 0.3806 + 0.0014 + 0.3805, time: 11.925544]
2023-09-02 11:45:56.748: epoch 33:	0.02828208  	0.14848587  	0.10245808  
2023-09-02 11:45:56.748: Find a better model.
2023-09-02 11:46:08.740: [iter 34 : loss : 0.9025 = 0.1400 + 0.3806 + 0.0014 + 0.3805, time: 11.969998]
2023-09-02 11:46:09.392: epoch 34:	0.02846650  	0.14932126  	0.10280349  
2023-09-02 11:46:09.392: Find a better model.
2023-09-02 11:46:21.558: [iter 35 : loss : 0.9001 = 0.1375 + 0.3806 + 0.0015 + 0.3805, time: 12.142622]
2023-09-02 11:46:22.201: epoch 35:	0.02864196  	0.15000759  	0.10340625  
2023-09-02 11:46:22.201: Find a better model.
2023-09-02 11:46:34.237: [iter 36 : loss : 0.8978 = 0.1352 + 0.3806 + 0.0015 + 0.3805, time: 12.015714]
2023-09-02 11:46:34.882: epoch 36:	0.02870493  	0.15034741  	0.10374891  
2023-09-02 11:46:34.882: Find a better model.
2023-09-02 11:46:46.989: [iter 37 : loss : 0.8957 = 0.1331 + 0.3806 + 0.0015 + 0.3805, time: 12.086637]
2023-09-02 11:46:47.631: epoch 37:	0.02888940  	0.15167062  	0.10447206  
2023-09-02 11:46:47.631: Find a better model.
2023-09-02 11:46:59.698: [iter 38 : loss : 0.8948 = 0.1322 + 0.3806 + 0.0015 + 0.3805, time: 12.038402]
2023-09-02 11:47:00.355: epoch 38:	0.02897038  	0.15192306  	0.10493980  
2023-09-02 11:47:00.355: Find a better model.
2023-09-02 11:47:12.240: [iter 39 : loss : 0.8932 = 0.1306 + 0.3806 + 0.0016 + 0.3804, time: 11.862932]
2023-09-02 11:47:12.887: epoch 39:	0.02905136  	0.15271014  	0.10531844  
2023-09-02 11:47:12.887: Find a better model.
2023-09-02 11:47:24.919: [iter 40 : loss : 0.8921 = 0.1295 + 0.3806 + 0.0016 + 0.3804, time: 12.011801]
2023-09-02 11:47:25.564: epoch 40:	0.02937976  	0.15406130  	0.10620265  
2023-09-02 11:47:25.564: Find a better model.
2023-09-02 11:47:37.577: [iter 41 : loss : 0.8894 = 0.1268 + 0.3806 + 0.0016 + 0.3804, time: 11.991571]
2023-09-02 11:47:38.210: epoch 41:	0.02941125  	0.15408456  	0.10646451  
2023-09-02 11:47:38.210: Find a better model.
2023-09-02 11:47:50.054: [iter 42 : loss : 0.8886 = 0.1260 + 0.3806 + 0.0017 + 0.3804, time: 11.821554]
2023-09-02 11:47:50.696: epoch 42:	0.02965869  	0.15540105  	0.10699964  
2023-09-02 11:47:50.696: Find a better model.
2023-09-02 11:48:02.681: [iter 43 : loss : 0.8880 = 0.1254 + 0.3806 + 0.0017 + 0.3804, time: 11.968652]
2023-09-02 11:48:03.328: epoch 43:	0.02979814  	0.15611649  	0.10756899  
2023-09-02 11:48:03.328: Find a better model.
2023-09-02 11:48:15.251: [iter 44 : loss : 0.8849 = 0.1222 + 0.3806 + 0.0017 + 0.3804, time: 11.906142]
2023-09-02 11:48:15.894: epoch 44:	0.02996459  	0.15694755  	0.10798719  
2023-09-02 11:48:15.894: Find a better model.
2023-09-02 11:48:27.860: [iter 45 : loss : 0.8851 = 0.1224 + 0.3806 + 0.0017 + 0.3804, time: 11.950023]
2023-09-02 11:48:28.511: epoch 45:	0.03006807  	0.15750277  	0.10848850  
2023-09-02 11:48:28.511: Find a better model.
2023-09-02 11:48:40.374: [iter 46 : loss : 0.8832 = 0.1205 + 0.3806 + 0.0018 + 0.3804, time: 11.840171]
2023-09-02 11:48:40.996: epoch 46:	0.03005008  	0.15760769  	0.10873727  
2023-09-02 11:48:40.997: Find a better model.
2023-09-02 11:48:52.941: [iter 47 : loss : 0.8810 = 0.1183 + 0.3806 + 0.0018 + 0.3804, time: 11.927190]
2023-09-02 11:48:53.586: epoch 47:	0.03013106  	0.15798110  	0.10917882  
2023-09-02 11:48:53.586: Find a better model.
2023-09-02 11:49:05.581: [iter 48 : loss : 0.8810 = 0.1183 + 0.3806 + 0.0018 + 0.3804, time: 11.978311]
2023-09-02 11:49:06.224: epoch 48:	0.03020752  	0.15846045  	0.10950011  
2023-09-02 11:49:06.224: Find a better model.
2023-09-02 11:49:18.221: [iter 49 : loss : 0.8796 = 0.1169 + 0.3806 + 0.0019 + 0.3804, time: 11.974241]
2023-09-02 11:49:18.817: epoch 49:	0.03032899  	0.15925369  	0.10982016  
2023-09-02 11:49:18.817: Find a better model.
2023-09-02 11:49:30.915: [iter 50 : loss : 0.8769 = 0.1142 + 0.3805 + 0.0019 + 0.3804, time: 12.075004]
2023-09-02 11:49:31.570: epoch 50:	0.03051794  	0.15989332  	0.11034008  
2023-09-02 11:49:31.570: Find a better model.
2023-09-02 11:49:43.520: [iter 51 : loss : 0.8765 = 0.1137 + 0.3805 + 0.0019 + 0.3803, time: 11.929851]
2023-09-02 11:49:44.161: epoch 51:	0.03063490  	0.16049486  	0.11076316  
2023-09-02 11:49:44.161: Find a better model.
2023-09-02 11:49:56.195: [iter 52 : loss : 0.8765 = 0.1137 + 0.3805 + 0.0019 + 0.3803, time: 12.019510]
2023-09-02 11:49:56.848: epoch 52:	0.03059441  	0.16046886  	0.11096375  
2023-09-02 11:50:08.932: [iter 53 : loss : 0.8747 = 0.1119 + 0.3805 + 0.0020 + 0.3803, time: 12.066543]
2023-09-02 11:50:09.576: epoch 53:	0.03064840  	0.16063741  	0.11123445  
2023-09-02 11:50:09.576: Find a better model.
2023-09-02 11:50:21.582: [iter 54 : loss : 0.8735 = 0.1107 + 0.3805 + 0.0020 + 0.3803, time: 11.981175]
2023-09-02 11:50:22.241: epoch 54:	0.03072936  	0.16058069  	0.11146053  
2023-09-02 11:50:34.269: [iter 55 : loss : 0.8739 = 0.1111 + 0.3805 + 0.0020 + 0.3803, time: 12.006516]
2023-09-02 11:50:34.910: epoch 55:	0.03080583  	0.16117482  	0.11187944  
2023-09-02 11:50:34.910: Find a better model.
2023-09-02 11:50:46.913: [iter 56 : loss : 0.8715 = 0.1087 + 0.3805 + 0.0020 + 0.3803, time: 11.983767]
2023-09-02 11:50:47.555: epoch 56:	0.03082383  	0.16124871  	0.11212704  
2023-09-02 11:50:47.555: Find a better model.
2023-09-02 11:50:59.630: [iter 57 : loss : 0.8708 = 0.1079 + 0.3805 + 0.0021 + 0.3803, time: 12.053501]
2023-09-02 11:51:00.263: epoch 57:	0.03094980  	0.16204542  	0.11251397  
2023-09-02 11:51:00.263: Find a better model.
2023-09-02 11:51:12.270: [iter 58 : loss : 0.8699 = 0.1070 + 0.3805 + 0.0021 + 0.3803, time: 11.987035]
2023-09-02 11:51:12.910: epoch 58:	0.03097231  	0.16235888  	0.11276281  
2023-09-02 11:51:12.910: Find a better model.
2023-09-02 11:51:24.820: [iter 59 : loss : 0.8699 = 0.1069 + 0.3805 + 0.0021 + 0.3803, time: 11.890960]
2023-09-02 11:51:25.464: epoch 59:	0.03108925  	0.16288848  	0.11300457  
2023-09-02 11:51:25.464: Find a better model.
2023-09-02 11:51:37.573: [iter 60 : loss : 0.8683 = 0.1054 + 0.3805 + 0.0022 + 0.3803, time: 12.084850]
2023-09-02 11:51:38.206: epoch 60:	0.03120170  	0.16364978  	0.11359531  
2023-09-02 11:51:38.206: Find a better model.
2023-09-02 11:51:50.200: [iter 61 : loss : 0.8664 = 0.1034 + 0.3805 + 0.0022 + 0.3803, time: 11.973083]
2023-09-02 11:51:50.853: epoch 61:	0.03141317  	0.16463870  	0.11399043  
2023-09-02 11:51:50.853: Find a better model.
2023-09-02 11:52:02.911: [iter 62 : loss : 0.8655 = 0.1026 + 0.3805 + 0.0022 + 0.3803, time: 12.033831]
2023-09-02 11:52:03.555: epoch 62:	0.03148065  	0.16515920  	0.11439162  
2023-09-02 11:52:03.556: Find a better model.
2023-09-02 11:52:15.559: [iter 63 : loss : 0.8653 = 0.1024 + 0.3805 + 0.0022 + 0.3803, time: 11.983526]
2023-09-02 11:52:16.203: epoch 63:	0.03150314  	0.16548122  	0.11466807  
2023-09-02 11:52:16.203: Find a better model.
2023-09-02 11:52:28.141: [iter 64 : loss : 0.8641 = 0.1011 + 0.3805 + 0.0023 + 0.3803, time: 11.915754]
2023-09-02 11:52:28.780: epoch 64:	0.03162010  	0.16592519  	0.11491242  
2023-09-02 11:52:28.781: Find a better model.
2023-09-02 11:52:40.779: [iter 65 : loss : 0.8628 = 0.0997 + 0.3805 + 0.0023 + 0.3802, time: 11.978087]
2023-09-02 11:52:41.435: epoch 65:	0.03167409  	0.16611888  	0.11501722  
2023-09-02 11:52:41.435: Find a better model.
2023-09-02 11:52:53.414: [iter 66 : loss : 0.8627 = 0.0997 + 0.3805 + 0.0023 + 0.3802, time: 11.952853]
2023-09-02 11:52:54.067: epoch 66:	0.03173706  	0.16655582  	0.11516748  
2023-09-02 11:52:54.067: Find a better model.
2023-09-02 11:53:06.118: [iter 67 : loss : 0.8622 = 0.0991 + 0.3805 + 0.0023 + 0.3802, time: 12.026802]
2023-09-02 11:53:06.756: epoch 67:	0.03180906  	0.16683926  	0.11531980  
2023-09-02 11:53:06.757: Find a better model.
2023-09-02 11:53:18.658: [iter 68 : loss : 0.8612 = 0.0982 + 0.3804 + 0.0024 + 0.3802, time: 11.883055]
2023-09-02 11:53:19.307: epoch 68:	0.03191702  	0.16751216  	0.11567752  
2023-09-02 11:53:19.307: Find a better model.
2023-09-02 11:53:31.271: [iter 69 : loss : 0.8604 = 0.0973 + 0.3804 + 0.0024 + 0.3802, time: 11.943755]
2023-09-02 11:53:31.888: epoch 69:	0.03199801  	0.16794609  	0.11591024  
2023-09-02 11:53:31.888: Find a better model.
2023-09-02 11:53:43.946: [iter 70 : loss : 0.8599 = 0.0968 + 0.3805 + 0.0024 + 0.3802, time: 12.035759]
2023-09-02 11:53:44.603: epoch 70:	0.03215096  	0.16869389  	0.11642128  
2023-09-02 11:53:44.603: Find a better model.
2023-09-02 11:53:56.620: [iter 71 : loss : 0.8594 = 0.0964 + 0.3804 + 0.0024 + 0.3802, time: 11.999594]
2023-09-02 11:53:57.255: epoch 71:	0.03220046  	0.16927166  	0.11666061  
2023-09-02 11:53:57.255: Find a better model.
2023-09-02 11:54:09.285: [iter 72 : loss : 0.8582 = 0.0950 + 0.3804 + 0.0025 + 0.3802, time: 12.005871]
2023-09-02 11:54:09.925: epoch 72:	0.03229043  	0.16959500  	0.11687192  
2023-09-02 11:54:09.925: Find a better model.
2023-09-02 11:54:21.904: [iter 73 : loss : 0.8575 = 0.0943 + 0.3804 + 0.0025 + 0.3802, time: 11.961561]
2023-09-02 11:54:22.501: epoch 73:	0.03238490  	0.16996057  	0.11718337  
2023-09-02 11:54:22.501: Find a better model.
2023-09-02 11:54:34.453: [iter 74 : loss : 0.8576 = 0.0945 + 0.3804 + 0.0025 + 0.3802, time: 11.932147]
2023-09-02 11:54:35.105: epoch 74:	0.03251088  	0.17058411  	0.11759639  
2023-09-02 11:54:35.106: Find a better model.
2023-09-02 11:54:47.145: [iter 75 : loss : 0.8561 = 0.0930 + 0.3804 + 0.0025 + 0.3802, time: 12.017674]
2023-09-02 11:54:47.796: epoch 75:	0.03256487  	0.17076562  	0.11788882  
2023-09-02 11:54:47.796: Find a better model.
2023-09-02 11:54:59.792: [iter 76 : loss : 0.8559 = 0.0928 + 0.3804 + 0.0026 + 0.3802, time: 11.976448]
2023-09-02 11:55:00.366: epoch 76:	0.03252438  	0.17083701  	0.11811451  
2023-09-02 11:55:00.366: Find a better model.
2023-09-02 11:55:12.618: [iter 77 : loss : 0.8555 = 0.0923 + 0.3804 + 0.0026 + 0.3802, time: 12.232192]
2023-09-02 11:55:13.260: epoch 77:	0.03260985  	0.17125076  	0.11827043  
2023-09-02 11:55:13.260: Find a better model.
2023-09-02 11:55:25.232: [iter 78 : loss : 0.8537 = 0.0905 + 0.3804 + 0.0026 + 0.3802, time: 11.951719]
2023-09-02 11:55:25.877: epoch 78:	0.03265035  	0.17131040  	0.11843605  
2023-09-02 11:55:25.877: Find a better model.
2023-09-02 11:55:37.865: [iter 79 : loss : 0.8541 = 0.0909 + 0.3804 + 0.0026 + 0.3802, time: 11.970674]
2023-09-02 11:55:38.532: epoch 79:	0.03292027  	0.17273036  	0.11890792  
2023-09-02 11:55:38.532: Find a better model.
2023-09-02 11:55:50.518: [iter 80 : loss : 0.8530 = 0.0897 + 0.3804 + 0.0027 + 0.3802, time: 11.958612]
2023-09-02 11:55:51.151: epoch 80:	0.03289777  	0.17264970  	0.11904373  
2023-09-02 11:56:03.096: [iter 81 : loss : 0.8533 = 0.0901 + 0.3804 + 0.0027 + 0.3802, time: 11.920917]
2023-09-02 11:56:03.749: epoch 81:	0.03302372  	0.17356929  	0.11945026  
2023-09-02 11:56:03.750: Find a better model.
2023-09-02 11:56:15.756: [iter 82 : loss : 0.8512 = 0.0879 + 0.3804 + 0.0027 + 0.3802, time: 11.986173]
2023-09-02 11:56:16.404: epoch 82:	0.03295173  	0.17281611  	0.11935712  
2023-09-02 11:56:28.439: [iter 83 : loss : 0.8516 = 0.0883 + 0.3804 + 0.0027 + 0.3801, time: 12.016678]
2023-09-02 11:56:29.066: epoch 83:	0.03302373  	0.17343703  	0.11966760  
2023-09-02 11:56:40.957: [iter 84 : loss : 0.8509 = 0.0876 + 0.3804 + 0.0028 + 0.3801, time: 11.869933]
2023-09-02 11:56:41.619: epoch 84:	0.03306423  	0.17369558  	0.11991055  
2023-09-02 11:56:41.619: Find a better model.
2023-09-02 11:56:53.625: [iter 85 : loss : 0.8495 = 0.0862 + 0.3804 + 0.0028 + 0.3801, time: 11.983726]
2023-09-02 11:56:54.271: epoch 85:	0.03314069  	0.17409368  	0.12006072  
2023-09-02 11:56:54.271: Find a better model.
2023-09-02 11:57:06.205: [iter 86 : loss : 0.8498 = 0.0865 + 0.3804 + 0.0028 + 0.3801, time: 11.916159]
2023-09-02 11:57:06.835: epoch 86:	0.03309121  	0.17427753  	0.12034313  
2023-09-02 11:57:06.835: Find a better model.
2023-09-02 11:57:18.889: [iter 87 : loss : 0.8502 = 0.0868 + 0.3804 + 0.0028 + 0.3801, time: 12.033719]
2023-09-02 11:57:19.536: epoch 87:	0.03327115  	0.17500442  	0.12083550  
2023-09-02 11:57:19.537: Find a better model.
2023-09-02 11:57:31.500: [iter 88 : loss : 0.8491 = 0.0857 + 0.3804 + 0.0029 + 0.3801, time: 11.943222]
2023-09-02 11:57:32.098: epoch 88:	0.03335214  	0.17575587  	0.12102263  
2023-09-02 11:57:32.098: Find a better model.
2023-09-02 11:57:43.872: [iter 89 : loss : 0.8484 = 0.0850 + 0.3804 + 0.0029 + 0.3801, time: 11.753015]
2023-09-02 11:57:44.508: epoch 89:	0.03346911  	0.17617778  	0.12135781  
2023-09-02 11:57:44.508: Find a better model.
2023-09-02 11:57:56.582: [iter 90 : loss : 0.8472 = 0.0838 + 0.3804 + 0.0029 + 0.3801, time: 12.059317]
2023-09-02 11:57:57.226: epoch 90:	0.03356807  	0.17652085  	0.12159143  
2023-09-02 11:57:57.227: Find a better model.
2023-09-02 11:58:09.221: [iter 91 : loss : 0.8467 = 0.0833 + 0.3804 + 0.0029 + 0.3801, time: 11.977142]
2023-09-02 11:58:09.874: epoch 91:	0.03356807  	0.17643054  	0.12188371  
2023-09-02 11:58:21.977: [iter 92 : loss : 0.8469 = 0.0835 + 0.3804 + 0.0030 + 0.3801, time: 12.075803]
2023-09-02 11:58:22.609: epoch 92:	0.03370303  	0.17712034  	0.12211274  
2023-09-02 11:58:22.609: Find a better model.
2023-09-02 11:58:34.689: [iter 93 : loss : 0.8453 = 0.0819 + 0.3804 + 0.0030 + 0.3801, time: 12.054226]
2023-09-02 11:58:35.332: epoch 93:	0.03381101  	0.17772950  	0.12233131  
2023-09-02 11:58:35.332: Find a better model.
2023-09-02 11:58:47.228: [iter 94 : loss : 0.8459 = 0.0825 + 0.3804 + 0.0030 + 0.3801, time: 11.879248]
2023-09-02 11:58:47.841: epoch 94:	0.03390098  	0.17831060  	0.12278001  
2023-09-02 11:58:47.842: Find a better model.
2023-09-02 11:58:59.718: [iter 95 : loss : 0.8446 = 0.0812 + 0.3804 + 0.0030 + 0.3801, time: 11.859947]
2023-09-02 11:59:00.356: epoch 95:	0.03398197  	0.17850190  	0.12294861  
2023-09-02 11:59:00.356: Find a better model.
2023-09-02 11:59:12.406: [iter 96 : loss : 0.8433 = 0.0798 + 0.3803 + 0.0031 + 0.3801, time: 12.025348]
2023-09-02 11:59:13.056: epoch 96:	0.03402242  	0.17924245  	0.12329979  
2023-09-02 11:59:13.056: Find a better model.
2023-09-02 11:59:25.129: [iter 97 : loss : 0.8433 = 0.0798 + 0.3803 + 0.0031 + 0.3801, time: 12.058624]
2023-09-02 11:59:25.771: epoch 97:	0.03412141  	0.17930034  	0.12333804  
2023-09-02 11:59:25.771: Find a better model.
2023-09-02 11:59:37.680: [iter 98 : loss : 0.8441 = 0.0806 + 0.3803 + 0.0031 + 0.3801, time: 11.887257]
2023-09-02 11:59:38.308: epoch 98:	0.03414391  	0.17930730  	0.12359674  
2023-09-02 11:59:38.308: Find a better model.
2023-09-02 11:59:50.228: [iter 99 : loss : 0.8427 = 0.0792 + 0.3803 + 0.0031 + 0.3801, time: 11.899985]
2023-09-02 11:59:50.866: epoch 99:	0.03412142  	0.17911242  	0.12357978  
2023-09-02 12:00:02.924: [iter 100 : loss : 0.8427 = 0.0792 + 0.3803 + 0.0031 + 0.3801, time: 12.037694]
2023-09-02 12:00:03.583: epoch 100:	0.03425187  	0.17933418  	0.12376638  
2023-09-02 12:00:03.583: Find a better model.
2023-09-02 12:00:15.501: [iter 101 : loss : 0.8426 = 0.0790 + 0.3803 + 0.0032 + 0.3801, time: 11.899394]
2023-09-02 12:00:16.148: epoch 101:	0.03432836  	0.18021517  	0.12407115  
2023-09-02 12:00:16.148: Find a better model.
2023-09-02 12:00:28.201: [iter 102 : loss : 0.8422 = 0.0787 + 0.3803 + 0.0032 + 0.3801, time: 12.034619]
2023-09-02 12:00:28.839: epoch 102:	0.03434187  	0.18022424  	0.12422214  
2023-09-02 12:00:28.840: Find a better model.
2023-09-02 12:00:40.813: [iter 103 : loss : 0.8416 = 0.0780 + 0.3803 + 0.0032 + 0.3801, time: 11.957893]
2023-09-02 12:00:41.462: epoch 103:	0.03440486  	0.18080884  	0.12436362  
2023-09-02 12:00:41.462: Find a better model.
2023-09-02 12:00:53.448: [iter 104 : loss : 0.8401 = 0.0765 + 0.3803 + 0.0032 + 0.3800, time: 11.963813]
2023-09-02 12:00:54.074: epoch 104:	0.03442284  	0.18079513  	0.12454740  
2023-09-02 12:01:06.120: [iter 105 : loss : 0.8407 = 0.0771 + 0.3803 + 0.0033 + 0.3800, time: 12.028487]
2023-09-02 12:01:06.720: epoch 105:	0.03452181  	0.18135354  	0.12456097  
2023-09-02 12:01:06.720: Find a better model.
2023-09-02 12:01:18.791: [iter 106 : loss : 0.8390 = 0.0754 + 0.3803 + 0.0033 + 0.3800, time: 12.054863]
2023-09-02 12:01:19.439: epoch 106:	0.03466576  	0.18200794  	0.12493967  
2023-09-02 12:01:19.439: Find a better model.
2023-09-02 12:01:31.478: [iter 107 : loss : 0.8393 = 0.0757 + 0.3803 + 0.0033 + 0.3800, time: 12.016087]
2023-09-02 12:01:32.132: epoch 107:	0.03467926  	0.18226148  	0.12516196  
2023-09-02 12:01:32.132: Find a better model.
2023-09-02 12:01:44.108: [iter 108 : loss : 0.8397 = 0.0761 + 0.3803 + 0.0033 + 0.3800, time: 11.957374]
2023-09-02 12:01:44.743: epoch 108:	0.03468827  	0.18226406  	0.12527634  
2023-09-02 12:01:44.743: Find a better model.
2023-09-02 12:01:56.706: [iter 109 : loss : 0.8389 = 0.0752 + 0.3803 + 0.0034 + 0.3800, time: 11.946237]
2023-09-02 12:01:57.334: epoch 109:	0.03476026  	0.18220662  	0.12530150  
2023-09-02 12:02:09.409: [iter 110 : loss : 0.8388 = 0.0751 + 0.3803 + 0.0034 + 0.3800, time: 12.053152]
2023-09-02 12:02:10.065: epoch 110:	0.03487723  	0.18269631  	0.12563783  
2023-09-02 12:02:10.065: Find a better model.
