2023-09-02 10:32:40.208: my pid: 9938
2023-09-02 10:32:40.208: model: model.general_recommender.GNNEC
2023-09-02 10:32:40.209: Dataset statistics:
Name: gowalla-20core
The number of users: 11113
The number of items: 18074
The number of ratings: 523315
Average actions of users: 47.09
Average actions of items: 28.95
The sparsity of the dataset: 99.739458%

The number of training: 475362
The number of validation: 0
The number of testing: 47953
2023-09-02 10:32:40.209: NeuRec:[NeuRec]:
recommender=GNNEC
dataset=gowalla-20core
file_column=UI
sep=','
gpu_id=0
gpu_mem=0.99
metric=["Precision", "Recall", "NDCG"]
top_k=[20]
test_thread=8
test_batch_size=128
seed=2021
start_testing_epoch=0

GNNEC:[hyperparameters]:
mf_reg=0.02
svd_q=5
aug_type=ND
reg=1e-4
embed_size=32
n_layers=2
ssl_reg=0.02
ssl_ratio=0.5
ssl_temp=50
ssl_mode=both_side
lr=1e-3
learner=adam
adj_type=pre
epochs=300
batch_size=2048
num_negatives=1
param_init=xavier_uniform
stddev=0.01
verbose=1
stop_cnt=10
pretrain_flag=0
save_flag=0

Command line:
recommender=GNNEC
dataset=gowalla-20core
epochs=300
n_layers=2
embed_size=32
batch_size=2048
lr=1e-3
aug_type=ND
reg=1e-4
ssl_reg=0.02
ssl_ratio=0.5
ssl_temp=50
mf_reg=0.02
svd_q=5
2023-09-02 10:32:53.235: metrics:	Precision@20	Recall@20   	NDCG@20     
2023-09-02 10:33:05.566: [iter 1 : loss : 1.3835 = 0.6199 + 0.3818 + 0.0000 + 0.3818, time: 12.330554]
2023-09-02 10:33:06.208: epoch 1:	0.01467687  	0.07478222  	0.05072074  
2023-09-02 10:33:06.208: Find a better model.
2023-09-02 10:33:18.186: [iter 2 : loss : 1.2211 = 0.4592 + 0.3809 + 0.0001 + 0.3809, time: 11.959352]
2023-09-02 10:33:18.836: epoch 2:	0.01762401  	0.09007463  	0.06120798  
2023-09-02 10:33:18.836: Find a better model.
2023-09-02 10:33:30.832: [iter 3 : loss : 1.1450 = 0.3838 + 0.3805 + 0.0002 + 0.3804, time: 11.978337]
2023-09-02 10:33:31.494: epoch 3:	0.01943278  	0.10113346  	0.06937718  
2023-09-02 10:33:31.494: Find a better model.
2023-09-02 10:33:43.464: [iter 4 : loss : 1.0969 = 0.3363 + 0.3802 + 0.0003 + 0.3802, time: 11.949316]
2023-09-02 10:33:44.113: epoch 4:	0.02083660  	0.10900296  	0.07524571  
2023-09-02 10:33:44.114: Find a better model.
2023-09-02 10:33:55.989: [iter 5 : loss : 1.0639 = 0.3035 + 0.3800 + 0.0004 + 0.3800, time: 11.858370]
2023-09-02 10:33:56.633: epoch 5:	0.02153401  	0.11300980  	0.07851609  
2023-09-02 10:33:56.633: Find a better model.
2023-09-02 10:34:07.831: [iter 6 : loss : 1.0399 = 0.2798 + 0.3799 + 0.0004 + 0.3798, time: 11.170417]
2023-09-02 10:34:08.423: epoch 6:	0.02215043  	0.11692528  	0.08116767  
2023-09-02 10:34:08.423: Find a better model.
2023-09-02 10:34:20.436: [iter 7 : loss : 1.0211 = 0.2611 + 0.3797 + 0.0005 + 0.3797, time: 11.995317]
2023-09-02 10:34:21.079: epoch 7:	0.02266337  	0.11917930  	0.08303111  
2023-09-02 10:34:21.079: Find a better model.
2023-09-02 10:34:32.988: [iter 8 : loss : 1.0076 = 0.2478 + 0.3796 + 0.0005 + 0.3796, time: 11.891246]
2023-09-02 10:34:33.640: epoch 8:	0.02325275  	0.12195513  	0.08507562  
2023-09-02 10:34:33.640: Find a better model.
2023-09-02 10:34:45.753: [iter 9 : loss : 0.9956 = 0.2359 + 0.3796 + 0.0006 + 0.3795, time: 12.094359]
2023-09-02 10:34:46.401: epoch 9:	0.02374308  	0.12446054  	0.08675731  
2023-09-02 10:34:46.402: Find a better model.
2023-09-02 10:34:58.450: [iter 10 : loss : 0.9856 = 0.2261 + 0.3795 + 0.0006 + 0.3794, time: 12.028200]
2023-09-02 10:34:59.106: epoch 10:	0.02406697  	0.12630087  	0.08778609  
2023-09-02 10:34:59.106: Find a better model.
2023-09-02 10:35:11.105: [iter 11 : loss : 0.9773 = 0.2178 + 0.3794 + 0.0007 + 0.3794, time: 11.978209]
2023-09-02 10:35:11.748: epoch 11:	0.02435038  	0.12817383  	0.08904182  
2023-09-02 10:35:11.748: Find a better model.
2023-09-02 10:35:23.761: [iter 12 : loss : 0.9694 = 0.2100 + 0.3794 + 0.0007 + 0.3793, time: 11.996064]
2023-09-02 10:35:24.401: epoch 12:	0.02451233  	0.12891467  	0.08979300  
2023-09-02 10:35:24.401: Find a better model.
2023-09-02 10:35:36.304: [iter 13 : loss : 0.9626 = 0.2033 + 0.3793 + 0.0008 + 0.3793, time: 11.881530]
2023-09-02 10:35:36.957: epoch 13:	0.02476876  	0.13008793  	0.09073936  
2023-09-02 10:35:36.957: Find a better model.
2023-09-02 10:35:48.938: [iter 14 : loss : 0.9573 = 0.1980 + 0.3793 + 0.0008 + 0.3792, time: 11.958912]
2023-09-02 10:35:49.602: epoch 14:	0.02493520  	0.13104098  	0.09146661  
2023-09-02 10:35:49.602: Find a better model.
2023-09-02 10:36:01.725: [iter 15 : loss : 0.9532 = 0.1940 + 0.3792 + 0.0008 + 0.3792, time: 12.103775]
2023-09-02 10:36:02.376: epoch 15:	0.02521861  	0.13286424  	0.09251629  
2023-09-02 10:36:02.376: Find a better model.
2023-09-02 10:36:14.404: [iter 16 : loss : 0.9491 = 0.1899 + 0.3792 + 0.0009 + 0.3791, time: 12.000371]
2023-09-02 10:36:15.051: epoch 16:	0.02537606  	0.13349776  	0.09314224  
2023-09-02 10:36:15.051: Find a better model.
2023-09-02 10:36:27.105: [iter 17 : loss : 0.9434 = 0.1843 + 0.3792 + 0.0009 + 0.3791, time: 12.027191]
2023-09-02 10:36:27.758: epoch 17:	0.02551552  	0.13403560  	0.09351857  
2023-09-02 10:36:27.758: Find a better model.
2023-09-02 10:36:39.791: [iter 18 : loss : 0.9404 = 0.1813 + 0.3791 + 0.0009 + 0.3790, time: 12.012846]
2023-09-02 10:36:40.428: epoch 18:	0.02566846  	0.13460201  	0.09405611  
2023-09-02 10:36:40.428: Find a better model.
2023-09-02 10:36:52.402: [iter 19 : loss : 0.9367 = 0.1776 + 0.3791 + 0.0010 + 0.3790, time: 11.955453]
2023-09-02 10:36:53.038: epoch 19:	0.02586188  	0.13551296  	0.09471535  
2023-09-02 10:36:53.039: Find a better model.
2023-09-02 10:37:05.040: [iter 20 : loss : 0.9341 = 0.1751 + 0.3791 + 0.0010 + 0.3790, time: 11.981285]
2023-09-02 10:37:05.691: epoch 20:	0.02609131  	0.13669591  	0.09533965  
2023-09-02 10:37:05.692: Find a better model.
2023-09-02 10:37:17.686: [iter 21 : loss : 0.9317 = 0.1726 + 0.3791 + 0.0010 + 0.3789, time: 11.974278]
2023-09-02 10:37:18.338: epoch 21:	0.02628025  	0.13762359  	0.09581494  
2023-09-02 10:37:18.338: Find a better model.
2023-09-02 10:37:30.174: [iter 22 : loss : 0.9272 = 0.1682 + 0.3791 + 0.0011 + 0.3789, time: 11.813327]
2023-09-02 10:37:30.824: epoch 22:	0.02649167  	0.13893199  	0.09656528  
2023-09-02 10:37:30.824: Find a better model.
2023-09-02 10:37:42.565: [iter 23 : loss : 0.9241 = 0.1651 + 0.3790 + 0.0011 + 0.3789, time: 11.715328]
2023-09-02 10:37:43.208: epoch 23:	0.02664462  	0.13989542  	0.09713282  
2023-09-02 10:37:43.208: Find a better model.
2023-09-02 10:37:54.921: [iter 24 : loss : 0.9211 = 0.1621 + 0.3790 + 0.0011 + 0.3788, time: 11.696084]
2023-09-02 10:37:55.526: epoch 24:	0.02678857  	0.14040060  	0.09752211  
2023-09-02 10:37:55.526: Find a better model.
2023-09-02 10:38:07.489: [iter 25 : loss : 0.9190 = 0.1600 + 0.3790 + 0.0012 + 0.3788, time: 11.947504]
2023-09-02 10:38:08.155: epoch 25:	0.02700899  	0.14179748  	0.09833133  
2023-09-02 10:38:08.156: Find a better model.
2023-09-02 10:38:20.116: [iter 26 : loss : 0.9166 = 0.1577 + 0.3790 + 0.0012 + 0.3788, time: 11.941704]
2023-09-02 10:38:20.769: epoch 26:	0.02721143  	0.14279297  	0.09893668  
2023-09-02 10:38:20.769: Find a better model.
2023-09-02 10:38:32.742: [iter 27 : loss : 0.9137 = 0.1548 + 0.3790 + 0.0012 + 0.3788, time: 11.956011]
2023-09-02 10:38:33.387: epoch 27:	0.02745435  	0.14409472  	0.09954368  
2023-09-02 10:38:33.387: Find a better model.
2023-09-02 10:38:45.301: [iter 28 : loss : 0.9117 = 0.1527 + 0.3790 + 0.0013 + 0.3787, time: 11.899352]
2023-09-02 10:38:45.949: epoch 28:	0.02765677  	0.14512165  	0.10015325  
2023-09-02 10:38:45.949: Find a better model.
2023-09-02 10:38:57.921: [iter 29 : loss : 0.9089 = 0.1500 + 0.3789 + 0.0013 + 0.3787, time: 11.951073]
2023-09-02 10:38:58.551: epoch 29:	0.02781871  	0.14596853  	0.10059126  
2023-09-02 10:38:58.551: Find a better model.
2023-09-02 10:39:10.336: [iter 30 : loss : 0.9054 = 0.1464 + 0.3789 + 0.0013 + 0.3787, time: 11.767744]
2023-09-02 10:39:10.922: epoch 30:	0.02790419  	0.14647982  	0.10107712  
2023-09-02 10:39:10.923: Find a better model.
2023-09-02 10:39:22.283: [iter 31 : loss : 0.9045 = 0.1456 + 0.3789 + 0.0013 + 0.3787, time: 11.343152]
2023-09-02 10:39:22.908: epoch 31:	0.02809314  	0.14768592  	0.10177774  
2023-09-02 10:39:22.908: Find a better model.
2023-09-02 10:39:34.346: [iter 32 : loss : 0.9016 = 0.1427 + 0.3789 + 0.0014 + 0.3786, time: 11.419003]
2023-09-02 10:39:34.970: epoch 32:	0.02812912  	0.14764504  	0.10198846  
2023-09-02 10:39:46.985: [iter 33 : loss : 0.9002 = 0.1413 + 0.3789 + 0.0014 + 0.3786, time: 11.996782]
2023-09-02 10:39:47.629: epoch 33:	0.02829557  	0.14835303  	0.10247234  
2023-09-02 10:39:47.629: Find a better model.
2023-09-02 10:39:59.605: [iter 34 : loss : 0.8988 = 0.1399 + 0.3789 + 0.0014 + 0.3786, time: 11.951094]
2023-09-02 10:40:00.203: epoch 34:	0.02845750  	0.14929777  	0.10285199  
2023-09-02 10:40:00.203: Find a better model.
2023-09-02 10:40:11.383: [iter 35 : loss : 0.8963 = 0.1374 + 0.3788 + 0.0015 + 0.3786, time: 11.159303]
2023-09-02 10:40:11.939: epoch 35:	0.02861497  	0.14984854  	0.10339986  
2023-09-02 10:40:11.940: Find a better model.
2023-09-02 10:40:23.695: [iter 36 : loss : 0.8940 = 0.1351 + 0.3789 + 0.0015 + 0.3786, time: 11.733179]
2023-09-02 10:40:24.340: epoch 36:	0.02870493  	0.15029231  	0.10376855  
2023-09-02 10:40:24.340: Find a better model.
2023-09-02 10:40:36.175: [iter 37 : loss : 0.8918 = 0.1329 + 0.3788 + 0.0015 + 0.3785, time: 11.818713]
2023-09-02 10:40:36.824: epoch 37:	0.02884893  	0.15114668  	0.10439126  
2023-09-02 10:40:36.824: Find a better model.
2023-09-02 10:40:48.679: [iter 38 : loss : 0.8910 = 0.1321 + 0.3788 + 0.0015 + 0.3785, time: 11.834696]
2023-09-02 10:40:49.330: epoch 38:	0.02901086  	0.15203364  	0.10502049  
2023-09-02 10:40:49.330: Find a better model.
2023-09-02 10:41:01.097: [iter 39 : loss : 0.8894 = 0.1305 + 0.3788 + 0.0016 + 0.3785, time: 11.747201]
2023-09-02 10:41:01.730: epoch 39:	0.02914133  	0.15301125  	0.10555068  
2023-09-02 10:41:01.730: Find a better model.
2023-09-02 10:41:13.743: [iter 40 : loss : 0.8883 = 0.1294 + 0.3788 + 0.0016 + 0.3785, time: 11.997944]
2023-09-02 10:41:14.403: epoch 40:	0.02939326  	0.15432595  	0.10627434  
2023-09-02 10:41:14.403: Find a better model.
2023-09-02 10:41:26.300: [iter 41 : loss : 0.8855 = 0.1267 + 0.3788 + 0.0016 + 0.3785, time: 11.875570]
2023-09-02 10:41:26.953: epoch 41:	0.02945175  	0.15453281  	0.10677259  
2023-09-02 10:41:26.953: Find a better model.
2023-09-02 10:41:39.217: [iter 42 : loss : 0.8847 = 0.1258 + 0.3788 + 0.0017 + 0.3785, time: 12.242440]
2023-09-02 10:41:39.876: epoch 42:	0.02964070  	0.15540801  	0.10711207  
2023-09-02 10:41:39.876: Find a better model.
2023-09-02 10:41:51.878: [iter 43 : loss : 0.8841 = 0.1252 + 0.3788 + 0.0017 + 0.3784, time: 11.979236]
2023-09-02 10:41:52.529: epoch 43:	0.02984763  	0.15645669  	0.10773792  
2023-09-02 10:41:52.529: Find a better model.
2023-09-02 10:42:04.483: [iter 44 : loss : 0.8810 = 0.1221 + 0.3787 + 0.0017 + 0.3784, time: 11.936116]
2023-09-02 10:42:05.139: epoch 44:	0.03003657  	0.15722792  	0.10828670  
2023-09-02 10:42:05.139: Find a better model.
2023-09-02 10:42:17.205: [iter 45 : loss : 0.8812 = 0.1222 + 0.3788 + 0.0018 + 0.3784, time: 12.045265]
2023-09-02 10:42:17.853: epoch 45:	0.03011306  	0.15801933  	0.10877334  
2023-09-02 10:42:17.853: Find a better model.
2023-09-02 10:42:29.784: [iter 46 : loss : 0.8793 = 0.1204 + 0.3787 + 0.0018 + 0.3784, time: 11.908733]
2023-09-02 10:42:30.426: epoch 46:	0.03009507  	0.15808524  	0.10904415  
2023-09-02 10:42:30.426: Find a better model.
2023-09-02 10:42:42.489: [iter 47 : loss : 0.8770 = 0.1181 + 0.3787 + 0.0018 + 0.3784, time: 12.043665]
2023-09-02 10:42:43.124: epoch 47:	0.03015355  	0.15822354  	0.10930692  
2023-09-02 10:42:43.124: Find a better model.
2023-09-02 10:42:55.031: [iter 48 : loss : 0.8771 = 0.1182 + 0.3787 + 0.0018 + 0.3784, time: 11.885313]
2023-09-02 10:42:55.684: epoch 48:	0.03020303  	0.15869594  	0.10965965  
2023-09-02 10:42:55.684: Find a better model.
2023-09-02 10:43:07.540: [iter 49 : loss : 0.8757 = 0.1168 + 0.3787 + 0.0019 + 0.3783, time: 11.836427]
2023-09-02 10:43:08.175: epoch 49:	0.03031999  	0.15917267  	0.10991769  
2023-09-02 10:43:08.175: Find a better model.
2023-09-02 10:43:20.196: [iter 50 : loss : 0.8729 = 0.1140 + 0.3787 + 0.0019 + 0.3783, time: 12.003496]
2023-09-02 10:43:20.797: epoch 50:	0.03050894  	0.15987301  	0.11038841  
2023-09-02 10:43:20.797: Find a better model.
2023-09-02 10:43:32.789: [iter 51 : loss : 0.8725 = 0.1136 + 0.3787 + 0.0019 + 0.3783, time: 11.972894]
2023-09-02 10:43:33.437: epoch 51:	0.03059441  	0.16041103  	0.11072229  
2023-09-02 10:43:33.437: Find a better model.
2023-09-02 10:43:45.470: [iter 52 : loss : 0.8725 = 0.1136 + 0.3787 + 0.0020 + 0.3783, time: 12.016147]
2023-09-02 10:43:46.124: epoch 52:	0.03064840  	0.16075298  	0.11099805  
2023-09-02 10:43:46.124: Find a better model.
2023-09-02 10:43:58.088: [iter 53 : loss : 0.8707 = 0.1118 + 0.3786 + 0.0020 + 0.3783, time: 11.945636]
2023-09-02 10:43:58.729: epoch 53:	0.03070687  	0.16106087  	0.11135495  
2023-09-02 10:43:58.729: Find a better model.
2023-09-02 10:44:10.687: [iter 54 : loss : 0.8694 = 0.1105 + 0.3787 + 0.0020 + 0.3783, time: 11.940734]
2023-09-02 10:44:11.344: epoch 54:	0.03072035  	0.16080818  	0.11151344  
2023-09-02 10:44:23.489: [iter 55 : loss : 0.8698 = 0.1109 + 0.3786 + 0.0020 + 0.3782, time: 12.122345]
2023-09-02 10:44:24.131: epoch 55:	0.03073386  	0.16079243  	0.11167230  
2023-09-02 10:44:36.223: [iter 56 : loss : 0.8675 = 0.1086 + 0.3786 + 0.0021 + 0.3782, time: 12.069524]
2023-09-02 10:44:36.869: epoch 56:	0.03085982  	0.16132301  	0.11202146  
2023-09-02 10:44:36.869: Find a better model.
2023-09-02 10:44:48.920: [iter 57 : loss : 0.8667 = 0.1078 + 0.3786 + 0.0021 + 0.3782, time: 12.031061]
2023-09-02 10:44:49.535: epoch 57:	0.03099929  	0.16219348  	0.11245907  
2023-09-02 10:44:49.535: Find a better model.
2023-09-02 10:45:01.515: [iter 58 : loss : 0.8658 = 0.1068 + 0.3786 + 0.0021 + 0.3782, time: 11.961708]
2023-09-02 10:45:02.158: epoch 58:	0.03094530  	0.16227150  	0.11274804  
2023-09-02 10:45:02.158: Find a better model.
2023-09-02 10:45:13.921: [iter 59 : loss : 0.8658 = 0.1069 + 0.3786 + 0.0021 + 0.3782, time: 11.743437]
2023-09-02 10:45:14.539: epoch 59:	0.03112073  	0.16334651  	0.11326601  
2023-09-02 10:45:14.540: Find a better model.
2023-09-02 10:45:26.622: [iter 60 : loss : 0.8642 = 0.1053 + 0.3786 + 0.0022 + 0.3782, time: 12.060467]
2023-09-02 10:45:27.265: epoch 60:	0.03116572  	0.16347484  	0.11349310  
2023-09-02 10:45:27.265: Find a better model.
2023-09-02 10:45:39.327: [iter 61 : loss : 0.8622 = 0.1033 + 0.3786 + 0.0022 + 0.3782, time: 12.042395]
2023-09-02 10:45:39.973: epoch 61:	0.03141319  	0.16462548  	0.11405551  
2023-09-02 10:45:39.973: Find a better model.
2023-09-02 10:45:52.066: [iter 62 : loss : 0.8613 = 0.1024 + 0.3785 + 0.0022 + 0.3781, time: 12.073337]
2023-09-02 10:45:52.700: epoch 62:	0.03142668  	0.16494998  	0.11428044  
2023-09-02 10:45:52.700: Find a better model.
2023-09-02 10:46:04.739: [iter 63 : loss : 0.8612 = 0.1023 + 0.3785 + 0.0023 + 0.3781, time: 12.021609]
2023-09-02 10:46:05.384: epoch 63:	0.03149415  	0.16559102  	0.11469626  
2023-09-02 10:46:05.385: Find a better model.
2023-09-02 10:46:17.301: [iter 64 : loss : 0.8599 = 0.1010 + 0.3785 + 0.0023 + 0.3781, time: 11.895245]
2023-09-02 10:46:17.954: epoch 64:	0.03165160  	0.16608189  	0.11481022  
2023-09-02 10:46:17.954: Find a better model.
2023-09-02 10:46:29.888: [iter 65 : loss : 0.8586 = 0.0996 + 0.3786 + 0.0023 + 0.3781, time: 11.913188]
2023-09-02 10:46:30.543: epoch 65:	0.03174158  	0.16630098  	0.11504873  
2023-09-02 10:46:30.543: Find a better model.
2023-09-02 10:46:42.368: [iter 66 : loss : 0.8585 = 0.0996 + 0.3786 + 0.0023 + 0.3781, time: 11.801800]
2023-09-02 10:46:43.015: epoch 66:	0.03180905  	0.16698787  	0.11530029  
2023-09-02 10:46:43.015: Find a better model.
2023-09-02 10:46:55.076: [iter 67 : loss : 0.8580 = 0.0991 + 0.3785 + 0.0024 + 0.3781, time: 12.041112]
2023-09-02 10:46:55.718: epoch 67:	0.03187655  	0.16707806  	0.11544462  
2023-09-02 10:46:55.719: Find a better model.
2023-09-02 10:47:07.654: [iter 68 : loss : 0.8571 = 0.0981 + 0.3785 + 0.0024 + 0.3781, time: 11.917430]
2023-09-02 10:47:08.307: epoch 68:	0.03191704  	0.16751176  	0.11568917  
2023-09-02 10:47:08.307: Find a better model.
2023-09-02 10:47:20.229: [iter 69 : loss : 0.8561 = 0.0972 + 0.3785 + 0.0024 + 0.3781, time: 11.906956]
2023-09-02 10:47:20.884: epoch 69:	0.03201601  	0.16789794  	0.11588504  
2023-09-02 10:47:20.884: Find a better model.
2023-09-02 10:47:32.859: [iter 70 : loss : 0.8557 = 0.0968 + 0.3785 + 0.0024 + 0.3780, time: 11.955014]
2023-09-02 10:47:33.511: epoch 70:	0.03213748  	0.16862530  	0.11626395  
2023-09-02 10:47:33.511: Find a better model.
2023-09-02 10:47:45.440: [iter 71 : loss : 0.8552 = 0.0963 + 0.3784 + 0.0025 + 0.3780, time: 11.912294]
2023-09-02 10:47:46.084: epoch 71:	0.03220496  	0.16928084  	0.11657997  
2023-09-02 10:47:46.084: Find a better model.
2023-09-02 10:47:58.076: [iter 72 : loss : 0.8539 = 0.0949 + 0.3785 + 0.0025 + 0.3780, time: 11.973031]
2023-09-02 10:47:58.741: epoch 72:	0.03228595  	0.16973338  	0.11682677  
2023-09-02 10:47:58.741: Find a better model.
2023-09-02 10:48:10.776: [iter 73 : loss : 0.8532 = 0.0942 + 0.3784 + 0.0025 + 0.3780, time: 12.008305]
2023-09-02 10:48:11.416: epoch 73:	0.03234442  	0.16967145  	0.11696462  
2023-09-02 10:48:23.438: [iter 74 : loss : 0.8534 = 0.0944 + 0.3785 + 0.0025 + 0.3780, time: 12.001787]
2023-09-02 10:48:24.090: epoch 74:	0.03249738  	0.17075503  	0.11739695  
2023-09-02 10:48:24.091: Find a better model.
2023-09-02 10:48:36.205: [iter 75 : loss : 0.8519 = 0.0929 + 0.3784 + 0.0026 + 0.3780, time: 12.095111]
2023-09-02 10:48:36.844: epoch 75:	0.03251988  	0.17060070  	0.11769342  
2023-09-02 10:48:48.612: [iter 76 : loss : 0.8516 = 0.0927 + 0.3784 + 0.0026 + 0.3780, time: 11.746273]
2023-09-02 10:48:49.244: epoch 76:	0.03251538  	0.17084087  	0.11796423  
2023-09-02 10:48:49.244: Find a better model.
2023-09-02 10:49:01.351: [iter 77 : loss : 0.8512 = 0.0922 + 0.3784 + 0.0026 + 0.3780, time: 12.089614]
2023-09-02 10:49:02.006: epoch 77:	0.03256486  	0.17076531  	0.11804607  
2023-09-02 10:49:13.934: [iter 78 : loss : 0.8494 = 0.0904 + 0.3784 + 0.0026 + 0.3780, time: 11.912271]
2023-09-02 10:49:14.596: epoch 78:	0.03263234  	0.17119856  	0.11818653  
2023-09-02 10:49:14.596: Find a better model.
2023-09-02 10:49:26.492: [iter 79 : loss : 0.8498 = 0.0908 + 0.3784 + 0.0027 + 0.3779, time: 11.876657]
2023-09-02 10:49:27.142: epoch 79:	0.03282128  	0.17221768  	0.11858710  
2023-09-02 10:49:27.143: Find a better model.
2023-09-02 10:49:39.136: [iter 80 : loss : 0.8487 = 0.0897 + 0.3784 + 0.0027 + 0.3779, time: 11.973409]
2023-09-02 10:49:39.792: epoch 80:	0.03278979  	0.17224696  	0.11886805  
2023-09-02 10:49:39.792: Find a better model.
2023-09-02 10:49:51.764: [iter 81 : loss : 0.8490 = 0.0900 + 0.3784 + 0.0027 + 0.3779, time: 11.947680]
2023-09-02 10:49:52.417: epoch 81:	0.03291125  	0.17262571  	0.11895957  
2023-09-02 10:49:52.417: Find a better model.
2023-09-02 10:50:04.398: [iter 82 : loss : 0.8468 = 0.0878 + 0.3784 + 0.0027 + 0.3779, time: 11.964762]
2023-09-02 10:50:05.056: epoch 82:	0.03292925  	0.17286651  	0.11909606  
2023-09-02 10:50:05.056: Find a better model.
2023-09-02 10:50:16.901: [iter 83 : loss : 0.8473 = 0.0883 + 0.3784 + 0.0028 + 0.3779, time: 11.827274]
2023-09-02 10:50:17.546: epoch 83:	0.03299224  	0.17336632  	0.11948414  
2023-09-02 10:50:17.547: Find a better model.
2023-09-02 10:50:29.579: [iter 84 : loss : 0.8466 = 0.0876 + 0.3784 + 0.0028 + 0.3779, time: 12.014518]
2023-09-02 10:50:30.231: epoch 84:	0.03305971  	0.17372914  	0.11973736  
2023-09-02 10:50:30.231: Find a better model.
2023-09-02 10:50:42.253: [iter 85 : loss : 0.8451 = 0.0861 + 0.3783 + 0.0028 + 0.3779, time: 12.003121]
2023-09-02 10:50:42.900: epoch 85:	0.03312268  	0.17402074  	0.11987439  
2023-09-02 10:50:42.900: Find a better model.
2023-09-02 10:50:54.783: [iter 86 : loss : 0.8455 = 0.0864 + 0.3783 + 0.0028 + 0.3779, time: 11.864949]
2023-09-02 10:50:55.445: epoch 86:	0.03308670  	0.17426816  	0.11999501  
2023-09-02 10:50:55.445: Find a better model.
2023-09-02 10:51:07.474: [iter 87 : loss : 0.8458 = 0.0868 + 0.3783 + 0.0029 + 0.3779, time: 12.005766]
2023-09-02 10:51:08.132: epoch 87:	0.03325314  	0.17497292  	0.12043755  
2023-09-02 10:51:08.132: Find a better model.
2023-09-02 10:51:20.160: [iter 88 : loss : 0.8448 = 0.0857 + 0.3783 + 0.0029 + 0.3778, time: 12.002496]
2023-09-02 10:51:20.795: epoch 88:	0.03334313  	0.17556508  	0.12069792  
2023-09-02 10:51:20.796: Find a better model.
2023-09-02 10:51:32.734: [iter 89 : loss : 0.8441 = 0.0850 + 0.3783 + 0.0029 + 0.3778, time: 11.920691]
2023-09-02 10:51:33.362: epoch 89:	0.03345108  	0.17592679  	0.12116997  
2023-09-02 10:51:33.362: Find a better model.
2023-09-02 10:51:45.291: [iter 90 : loss : 0.8429 = 0.0838 + 0.3783 + 0.0029 + 0.3778, time: 11.911410]
2023-09-02 10:51:45.942: epoch 90:	0.03348709  	0.17612368  	0.12130623  
2023-09-02 10:51:45.942: Find a better model.
2023-09-02 10:51:57.793: [iter 91 : loss : 0.8424 = 0.0833 + 0.3783 + 0.0030 + 0.3778, time: 11.829723]
2023-09-02 10:51:58.446: epoch 91:	0.03354108  	0.17618698  	0.12153300  
2023-09-02 10:51:58.446: Find a better model.
2023-09-02 10:52:10.378: [iter 92 : loss : 0.8425 = 0.0835 + 0.3783 + 0.0030 + 0.3778, time: 11.912855]
2023-09-02 10:52:11.034: epoch 92:	0.03358607  	0.17626847  	0.12147337  
2023-09-02 10:52:11.034: Find a better model.
2023-09-02 10:52:22.937: [iter 93 : loss : 0.8409 = 0.0818 + 0.3783 + 0.0030 + 0.3778, time: 11.882529]
2023-09-02 10:52:23.591: epoch 93:	0.03370303  	0.17707102  	0.12175044  
2023-09-02 10:52:23.591: Find a better model.
2023-09-02 10:52:35.532: [iter 94 : loss : 0.8415 = 0.0824 + 0.3783 + 0.0030 + 0.3778, time: 11.916002]
2023-09-02 10:52:36.188: epoch 94:	0.03375251  	0.17739584  	0.12210540  
2023-09-02 10:52:36.188: Find a better model.
2023-09-02 10:52:48.241: [iter 95 : loss : 0.8402 = 0.0811 + 0.3783 + 0.0031 + 0.3778, time: 12.031710]
2023-09-02 10:52:48.879: epoch 95:	0.03387848  	0.17802422  	0.12238344  
2023-09-02 10:52:48.879: Find a better model.
2023-09-02 10:53:00.592: [iter 96 : loss : 0.8389 = 0.0798 + 0.3782 + 0.0031 + 0.3778, time: 11.695643]
2023-09-02 10:53:01.180: epoch 96:	0.03389196  	0.17827506  	0.12264301  
2023-09-02 10:53:01.180: Find a better model.
2023-09-02 10:53:13.181: [iter 97 : loss : 0.8389 = 0.0798 + 0.3782 + 0.0031 + 0.3778, time: 11.983291]
2023-09-02 10:53:13.826: epoch 97:	0.03396396  	0.17849156  	0.12280850  
2023-09-02 10:53:13.826: Find a better model.
2023-09-02 10:53:25.685: [iter 98 : loss : 0.8397 = 0.0806 + 0.3782 + 0.0031 + 0.3777, time: 11.842813]
2023-09-02 10:53:26.316: epoch 98:	0.03405392  	0.17898531  	0.12317383  
2023-09-02 10:53:26.316: Find a better model.
2023-09-02 10:53:38.259: [iter 99 : loss : 0.8383 = 0.0792 + 0.3782 + 0.0031 + 0.3777, time: 11.924591]
2023-09-02 10:53:38.903: epoch 99:	0.03401792  	0.17846665  	0.12307505  
2023-09-02 10:53:50.785: [iter 100 : loss : 0.8383 = 0.0792 + 0.3782 + 0.0032 + 0.3777, time: 11.863682]
2023-09-02 10:53:51.366: epoch 100:	0.03414840  	0.17897055  	0.12334583  
2023-09-02 10:54:03.286: [iter 101 : loss : 0.8381 = 0.0790 + 0.3782 + 0.0032 + 0.3777, time: 11.900789]
2023-09-02 10:54:03.931: epoch 101:	0.03429238  	0.18014795  	0.12373106  
2023-09-02 10:54:03.931: Find a better model.
2023-09-02 10:54:15.933: [iter 102 : loss : 0.8378 = 0.0787 + 0.3782 + 0.0032 + 0.3777, time: 11.981744]
2023-09-02 10:54:16.584: epoch 102:	0.03433289  	0.18043579  	0.12396185  
2023-09-02 10:54:16.584: Find a better model.
2023-09-02 10:54:28.541: [iter 103 : loss : 0.8372 = 0.0780 + 0.3782 + 0.0032 + 0.3777, time: 11.938922]
2023-09-02 10:54:29.195: epoch 103:	0.03435987  	0.18045010  	0.12397357  
2023-09-02 10:54:29.195: Find a better model.
2023-09-02 10:54:41.096: [iter 104 : loss : 0.8356 = 0.0765 + 0.3782 + 0.0033 + 0.3777, time: 11.881433]
2023-09-02 10:54:41.714: epoch 104:	0.03442734  	0.18100104  	0.12409888  
2023-09-02 10:54:41.714: Find a better model.
2023-09-02 10:54:53.757: [iter 105 : loss : 0.8363 = 0.0771 + 0.3782 + 0.0033 + 0.3777, time: 12.016920]
2023-09-02 10:54:54.408: epoch 105:	0.03446333  	0.18102814  	0.12428363  
2023-09-02 10:54:54.408: Find a better model.
2023-09-02 10:55:06.318: [iter 106 : loss : 0.8345 = 0.0754 + 0.3782 + 0.0033 + 0.3777, time: 11.887811]
2023-09-02 10:55:06.969: epoch 106:	0.03453980  	0.18161532  	0.12446900  
2023-09-02 10:55:06.970: Find a better model.
2023-09-02 10:55:18.966: [iter 107 : loss : 0.8348 = 0.0757 + 0.3782 + 0.0033 + 0.3777, time: 11.976074]
2023-09-02 10:55:19.593: epoch 107:	0.03460729  	0.18176617  	0.12454382  
2023-09-02 10:55:19.593: Find a better model.
2023-09-02 10:55:31.567: [iter 108 : loss : 0.8353 = 0.0761 + 0.3781 + 0.0034 + 0.3777, time: 11.954434]
2023-09-02 10:55:32.219: epoch 108:	0.03465227  	0.18204182  	0.12486241  
2023-09-02 10:55:32.219: Find a better model.
2023-09-02 10:55:44.234: [iter 109 : loss : 0.8343 = 0.0752 + 0.3782 + 0.0034 + 0.3777, time: 11.996505]
2023-09-02 10:55:44.897: epoch 109:	0.03462528  	0.18175328  	0.12482928  
2023-09-02 10:55:56.930: [iter 110 : loss : 0.8342 = 0.0750 + 0.3782 + 0.0034 + 0.3776, time: 12.011889]
2023-09-02 10:55:57.558: epoch 110:	0.03475125  	0.18227783  	0.12516217  
2023-09-02 10:55:57.558: Find a better model.
2023-09-02 10:56:09.450: [iter 111 : loss : 0.8333 = 0.0741 + 0.3782 + 0.0034 + 0.3776, time: 11.877372]
2023-09-02 10:56:10.110: epoch 111:	0.03480972  	0.18241149  	0.12528157  
2023-09-02 10:56:10.111: Find a better model.
2023-09-02 10:56:22.121: [iter 112 : loss : 0.8323 = 0.0731 + 0.3781 + 0.0034 + 0.3776, time: 11.991580]
2023-09-02 10:56:22.773: epoch 112:	0.03489520  	0.18283640  	0.12556909  
2023-09-02 10:56:22.773: Find a better model.
2023-09-02 10:56:34.685: [iter 113 : loss : 0.8330 = 0.0739 + 0.3781 + 0.0035 + 0.3776, time: 11.894078]
2023-09-02 10:56:35.339: epoch 113:	0.03485020  	0.18263187  	0.12551768  
2023-09-02 10:56:47.275: [iter 114 : loss : 0.8325 = 0.0733 + 0.3781 + 0.0035 + 0.3776, time: 11.913351]
2023-09-02 10:56:47.931: epoch 114:	0.03485919  	0.18300745  	0.12574345  
2023-09-02 10:56:47.931: Find a better model.
2023-09-02 10:57:00.053: [iter 115 : loss : 0.8319 = 0.0727 + 0.3781 + 0.0035 + 0.3776, time: 12.101449]
2023-09-02 10:57:00.710: epoch 115:	0.03498965  	0.18345988  	0.12588346  
2023-09-02 10:57:00.710: Find a better model.
2023-09-02 10:57:12.650: [iter 116 : loss : 0.8316 = 0.0723 + 0.3781 + 0.0035 + 0.3776, time: 11.918444]
2023-09-02 10:57:13.310: epoch 116:	0.03503013  	0.18371384  	0.12605169  
2023-09-02 10:57:13.310: Find a better model.
2023-09-02 10:57:25.296: [iter 117 : loss : 0.8322 = 0.0730 + 0.3781 + 0.0036 + 0.3776, time: 11.966069]
2023-09-02 10:57:25.943: epoch 117:	0.03508862  	0.18380371  	0.12619895  
2023-09-02 10:57:25.943: Find a better model.
2023-09-02 10:57:37.893: [iter 118 : loss : 0.8305 = 0.0713 + 0.3780 + 0.0036 + 0.3776, time: 11.929592]
2023-09-02 10:57:38.558: epoch 118:	0.03515161  	0.18425153  	0.12642011  
2023-09-02 10:57:38.559: Find a better model.
2023-09-02 10:57:50.448: [iter 119 : loss : 0.8302 = 0.0710 + 0.3780 + 0.0036 + 0.3776, time: 11.864343]
2023-09-02 10:57:51.031: epoch 119:	0.03523258  	0.18474762  	0.12661111  
2023-09-02 10:57:51.031: Find a better model.
2023-09-02 10:58:03.126: [iter 120 : loss : 0.8300 = 0.0708 + 0.3780 + 0.0036 + 0.3776, time: 12.080081]
2023-09-02 10:58:03.772: epoch 120:	0.03519209  	0.18477564  	0.12642989  
2023-09-02 10:58:03.772: Find a better model.
2023-09-02 10:58:15.713: [iter 121 : loss : 0.8305 = 0.0713 + 0.3781 + 0.0037 + 0.3775, time: 11.921424]
2023-09-02 10:58:16.366: epoch 121:	0.03530904  	0.18535027  	0.12662391  
2023-09-02 10:58:16.366: Find a better model.
2023-09-02 10:58:28.362: [iter 122 : loss : 0.8301 = 0.0709 + 0.3780 + 0.0037 + 0.3775, time: 11.976525]
2023-09-02 10:58:29.012: epoch 122:	0.03544401  	0.18616244  	0.12688135  
2023-09-02 10:58:29.013: Find a better model.
2023-09-02 10:58:40.966: [iter 123 : loss : 0.8283 = 0.0690 + 0.3781 + 0.0037 + 0.3775, time: 11.937392]
2023-09-02 10:58:41.614: epoch 123:	0.03538105  	0.18591215  	0.12694931  
2023-09-02 10:58:53.532: [iter 124 : loss : 0.8280 = 0.0687 + 0.3780 + 0.0037 + 0.3775, time: 11.900230]
2023-09-02 10:58:54.171: epoch 124:	0.03549351  	0.18662922  	0.12727323  
2023-09-02 10:58:54.171: Find a better model.
2023-09-02 10:59:06.155: [iter 125 : loss : 0.8282 = 0.0689 + 0.3780 + 0.0037 + 0.3775, time: 11.966254]
2023-09-02 10:59:06.805: epoch 125:	0.03550703  	0.18593970  	0.12718250  
2023-09-02 10:59:18.787: [iter 126 : loss : 0.8282 = 0.0689 + 0.3780 + 0.0038 + 0.3775, time: 11.962244]
2023-09-02 10:59:19.432: epoch 126:	0.03543505  	0.18580303  	0.12715374  
2023-09-02 10:59:31.433: [iter 127 : loss : 0.8280 = 0.0686 + 0.3780 + 0.0038 + 0.3775, time: 11.978205]
2023-09-02 10:59:32.083: epoch 127:	0.03554298  	0.18619365  	0.12740444  
2023-09-02 10:59:43.936: [iter 128 : loss : 0.8270 = 0.0677 + 0.3780 + 0.0038 + 0.3775, time: 11.839904]
2023-09-02 10:59:44.599: epoch 128:	0.03554298  	0.18627249  	0.12745303  
2023-09-02 10:59:56.560: [iter 129 : loss : 0.8274 = 0.0682 + 0.3780 + 0.0038 + 0.3775, time: 11.943640]
2023-09-02 10:59:57.204: epoch 129:	0.03565098  	0.18669458  	0.12765937  
2023-09-02 10:59:57.204: Find a better model.
2023-09-02 11:00:09.121: [iter 130 : loss : 0.8274 = 0.0682 + 0.3780 + 0.0038 + 0.3775, time: 11.896446]
2023-09-02 11:00:09.753: epoch 130:	0.03567798  	0.18712912  	0.12796547  
2023-09-02 11:00:09.753: Find a better model.
2023-09-02 11:00:21.713: [iter 131 : loss : 0.8272 = 0.0679 + 0.3780 + 0.0039 + 0.3775, time: 11.943905]
2023-09-02 11:00:22.367: epoch 131:	0.03567798  	0.18690561  	0.12789807  
2023-09-02 11:00:34.344: [iter 132 : loss : 0.8259 = 0.0665 + 0.3780 + 0.0039 + 0.3775, time: 11.953621]
2023-09-02 11:00:35.000: epoch 132:	0.03561500  	0.18675134  	0.12786342  
2023-09-02 11:00:46.921: [iter 133 : loss : 0.8257 = 0.0663 + 0.3780 + 0.0039 + 0.3775, time: 11.897758]
2023-09-02 11:00:47.584: epoch 133:	0.03566000  	0.18709722  	0.12792329  
2023-09-02 11:00:59.500: [iter 134 : loss : 0.8269 = 0.0675 + 0.3780 + 0.0039 + 0.3774, time: 11.894529]
2023-09-02 11:01:00.152: epoch 134:	0.03574547  	0.18765895  	0.12823236  
2023-09-02 11:01:00.152: Find a better model.
2023-09-02 11:01:12.116: [iter 135 : loss : 0.8253 = 0.0660 + 0.3779 + 0.0039 + 0.3774, time: 11.943489]
2023-09-02 11:01:12.767: epoch 135:	0.03566448  	0.18737350  	0.12815772  
2023-09-02 11:01:24.610: [iter 136 : loss : 0.8250 = 0.0657 + 0.3779 + 0.0040 + 0.3774, time: 11.820472]
2023-09-02 11:01:25.269: epoch 136:	0.03586245  	0.18827540  	0.12860085  
2023-09-02 11:01:25.269: Find a better model.
2023-09-02 11:01:37.107: [iter 137 : loss : 0.8250 = 0.0656 + 0.3780 + 0.0040 + 0.3774, time: 11.818609]
2023-09-02 11:01:37.746: epoch 137:	0.03591194  	0.18818945  	0.12858558  
2023-09-02 11:01:49.805: [iter 138 : loss : 0.8248 = 0.0654 + 0.3779 + 0.0040 + 0.3774, time: 12.038625]
2023-09-02 11:01:50.435: epoch 138:	0.03590744  	0.18828359  	0.12876518  
2023-09-02 11:01:50.436: Find a better model.
2023-09-02 11:02:02.349: [iter 139 : loss : 0.8248 = 0.0654 + 0.3779 + 0.0040 + 0.3774, time: 11.888859]
2023-09-02 11:02:03.002: epoch 139:	0.03597041  	0.18844841  	0.12885463  
2023-09-02 11:02:03.002: Find a better model.
2023-09-02 11:02:14.941: [iter 140 : loss : 0.8242 = 0.0648 + 0.3779 + 0.0041 + 0.3774, time: 11.917189]
2023-09-02 11:02:15.571: epoch 140:	0.03603790  	0.18881324  	0.12896214  
2023-09-02 11:02:15.571: Find a better model.
2023-09-02 11:02:27.508: [iter 141 : loss : 0.8235 = 0.0641 + 0.3779 + 0.0041 + 0.3774, time: 11.921043]
2023-09-02 11:02:28.154: epoch 141:	0.03608287  	0.18881983  	0.12917180  
2023-09-02 11:02:28.154: Find a better model.
2023-09-02 11:02:40.165: [iter 142 : loss : 0.8228 = 0.0634 + 0.3779 + 0.0041 + 0.3774, time: 11.992233]
2023-09-02 11:02:40.821: epoch 142:	0.03619536  	0.18953668  	0.12942636  
2023-09-02 11:02:40.821: Find a better model.
2023-09-02 11:02:52.800: [iter 143 : loss : 0.8221 = 0.0626 + 0.3779 + 0.0041 + 0.3774, time: 11.956853]
2023-09-02 11:02:53.450: epoch 143:	0.03615035  	0.18956685  	0.12950429  
2023-09-02 11:02:53.450: Find a better model.
2023-09-02 11:03:05.402: [iter 144 : loss : 0.8230 = 0.0636 + 0.3779 + 0.0041 + 0.3774, time: 11.932176]
2023-09-02 11:03:06.048: epoch 144:	0.03627632  	0.19054665  	0.12995245  
2023-09-02 11:03:06.048: Find a better model.
2023-09-02 11:03:18.076: [iter 145 : loss : 0.8227 = 0.0632 + 0.3779 + 0.0042 + 0.3774, time: 12.011684]
2023-09-02 11:03:18.727: epoch 145:	0.03629883  	0.19054204  	0.12997758  
2023-09-02 11:03:30.680: [iter 146 : loss : 0.8223 = 0.0629 + 0.3779 + 0.0042 + 0.3774, time: 11.935842]
2023-09-02 11:03:31.321: epoch 146:	0.03631232  	0.19032766  	0.13000064  
2023-09-02 11:03:43.340: [iter 147 : loss : 0.8222 = 0.0628 + 0.3779 + 0.0042 + 0.3774, time: 12.000235]
2023-09-02 11:03:43.987: epoch 147:	0.03633478  	0.19037622  	0.13015455  
2023-09-02 11:03:55.907: [iter 148 : loss : 0.8218 = 0.0624 + 0.3779 + 0.0042 + 0.3773, time: 11.902332]
2023-09-02 11:03:56.497: epoch 148:	0.03640676  	0.19099677  	0.13035960  
2023-09-02 11:03:56.497: Find a better model.
2023-09-02 11:04:08.338: [iter 149 : loss : 0.8217 = 0.0623 + 0.3778 + 0.0042 + 0.3773, time: 11.821429]
2023-09-02 11:04:08.993: epoch 149:	0.03644727  	0.19091514  	0.13025869  
2023-09-02 11:04:21.088: [iter 150 : loss : 0.8213 = 0.0619 + 0.3778 + 0.0043 + 0.3773, time: 12.071232]
2023-09-02 11:04:21.745: epoch 150:	0.03628532  	0.19028907  	0.13015795  
2023-09-02 11:04:33.713: [iter 151 : loss : 0.8213 = 0.0618 + 0.3779 + 0.0043 + 0.3773, time: 11.945788]
2023-09-02 11:04:34.366: epoch 151:	0.03643378  	0.19127007  	0.13053048  
2023-09-02 11:04:34.367: Find a better model.
2023-09-02 11:04:46.350: [iter 152 : loss : 0.8212 = 0.0617 + 0.3779 + 0.0043 + 0.3773, time: 11.962299]
2023-09-02 11:04:46.997: epoch 152:	0.03643826  	0.19135429  	0.13056564  
2023-09-02 11:04:46.997: Find a better model.
2023-09-02 11:04:58.900: [iter 153 : loss : 0.8201 = 0.0606 + 0.3779 + 0.0043 + 0.3773, time: 11.881954]
2023-09-02 11:04:59.570: epoch 153:	0.03638878  	0.19074608  	0.13043042  
2023-09-02 11:05:11.473: [iter 154 : loss : 0.8196 = 0.0601 + 0.3779 + 0.0043 + 0.3773, time: 11.884390]
2023-09-02 11:05:12.119: epoch 154:	0.03654621  	0.19180490  	0.13081390  
2023-09-02 11:05:12.119: Find a better model.
2023-09-02 11:05:24.118: [iter 155 : loss : 0.8198 = 0.0603 + 0.3778 + 0.0044 + 0.3773, time: 11.977258]
2023-09-02 11:05:24.776: epoch 155:	0.03650124  	0.19193733  	0.13098681  
2023-09-02 11:05:24.776: Find a better model.
2023-09-02 11:05:36.734: [iter 156 : loss : 0.8201 = 0.0606 + 0.3778 + 0.0044 + 0.3773, time: 11.940252]
2023-09-02 11:05:37.379: epoch 156:	0.03648325  	0.19198702  	0.13096379  
2023-09-02 11:05:37.380: Find a better model.
2023-09-02 11:05:49.407: [iter 157 : loss : 0.8204 = 0.0609 + 0.3778 + 0.0044 + 0.3773, time: 12.005948]
2023-09-02 11:05:50.056: epoch 157:	0.03656423  	0.19209282  	0.13128832  
2023-09-02 11:05:50.056: Find a better model.
2023-09-02 11:06:01.994: [iter 158 : loss : 0.8192 = 0.0597 + 0.3778 + 0.0044 + 0.3773, time: 11.919672]
2023-09-02 11:06:02.640: epoch 158:	0.03660920  	0.19214970  	0.13126543  
2023-09-02 11:06:02.640: Find a better model.
2023-09-02 11:06:14.638: [iter 159 : loss : 0.8193 = 0.0598 + 0.3778 + 0.0044 + 0.3773, time: 11.978790]
2023-09-02 11:06:15.296: epoch 159:	0.03653723  	0.19171204  	0.13110220  
2023-09-02 11:06:27.314: [iter 160 : loss : 0.8191 = 0.0596 + 0.3778 + 0.0045 + 0.3773, time: 11.993970]
2023-09-02 11:06:27.965: epoch 160:	0.03663171  	0.19221273  	0.13133779  
2023-09-02 11:06:27.965: Find a better model.
2023-09-02 11:06:39.885: [iter 161 : loss : 0.8185 = 0.0590 + 0.3778 + 0.0045 + 0.3773, time: 11.898983]
2023-09-02 11:06:40.539: epoch 161:	0.03667670  	0.19243062  	0.13146840  
2023-09-02 11:06:40.539: Find a better model.
2023-09-02 11:06:52.501: [iter 162 : loss : 0.8191 = 0.0595 + 0.3778 + 0.0045 + 0.3773, time: 11.945973]
2023-09-02 11:06:53.134: epoch 162:	0.03670370  	0.19186382  	0.13141546  
2023-09-02 11:07:04.989: [iter 163 : loss : 0.8182 = 0.0586 + 0.3778 + 0.0045 + 0.3772, time: 11.837637]
2023-09-02 11:07:05.632: epoch 163:	0.03686116  	0.19284089  	0.13165134  
2023-09-02 11:07:05.632: Find a better model.
2023-09-02 11:07:17.542: [iter 164 : loss : 0.8183 = 0.0587 + 0.3778 + 0.0045 + 0.3772, time: 11.884978]
2023-09-02 11:07:18.197: epoch 164:	0.03679366  	0.19265130  	0.13166453  
2023-09-02 11:07:30.234: [iter 165 : loss : 0.8180 = 0.0585 + 0.3778 + 0.0046 + 0.3772, time: 12.020610]
2023-09-02 11:07:30.863: epoch 165:	0.03690612  	0.19357015  	0.13197008  
2023-09-02 11:07:30.863: Find a better model.
2023-09-02 11:07:42.779: [iter 166 : loss : 0.8175 = 0.0579 + 0.3778 + 0.0046 + 0.3772, time: 11.895667]
2023-09-02 11:07:43.422: epoch 166:	0.03691060  	0.19349112  	0.13213496  
2023-09-02 11:07:55.439: [iter 167 : loss : 0.8183 = 0.0587 + 0.3778 + 0.0046 + 0.3772, time: 11.999639]
2023-09-02 11:07:56.078: epoch 167:	0.03703659  	0.19407940  	0.13232337  
2023-09-02 11:07:56.078: Find a better model.
2023-09-02 11:08:08.012: [iter 168 : loss : 0.8177 = 0.0581 + 0.3778 + 0.0046 + 0.3772, time: 11.917553]
2023-09-02 11:08:08.667: epoch 168:	0.03700510  	0.19377095  	0.13248593  
2023-09-02 11:08:20.604: [iter 169 : loss : 0.8170 = 0.0574 + 0.3777 + 0.0046 + 0.3772, time: 11.913975]
2023-09-02 11:08:21.247: epoch 169:	0.03694662  	0.19398086  	0.13239896  
2023-09-02 11:08:33.115: [iter 170 : loss : 0.8168 = 0.0573 + 0.3777 + 0.0047 + 0.3772, time: 11.848855]
2023-09-02 11:08:33.732: epoch 170:	0.03684315  	0.19309931  	0.13202159  
2023-09-02 11:08:45.592: [iter 171 : loss : 0.8163 = 0.0567 + 0.3777 + 0.0047 + 0.3772, time: 11.839582]
2023-09-02 11:08:46.238: epoch 171:	0.03686113  	0.19283052  	0.13205512  
2023-09-02 11:08:58.272: [iter 172 : loss : 0.8168 = 0.0573 + 0.3777 + 0.0047 + 0.3772, time: 12.012451]
2023-09-02 11:08:58.913: epoch 172:	0.03709060  	0.19394015  	0.13255994  
2023-09-02 11:09:10.813: [iter 173 : loss : 0.8171 = 0.0576 + 0.3777 + 0.0047 + 0.3772, time: 11.882598]
2023-09-02 11:09:11.477: epoch 173:	0.03703212  	0.19379276  	0.13259581  
2023-09-02 11:09:23.241: [iter 174 : loss : 0.8159 = 0.0563 + 0.3777 + 0.0047 + 0.3772, time: 11.741202]
2023-09-02 11:09:23.877: epoch 174:	0.03717607  	0.19456993  	0.13286680  
2023-09-02 11:09:23.878: Find a better model.
2023-09-02 11:09:35.834: [iter 175 : loss : 0.8165 = 0.0569 + 0.3777 + 0.0048 + 0.3772, time: 11.934016]
2023-09-02 11:09:36.480: epoch 175:	0.03728402  	0.19473876  	0.13291997  
2023-09-02 11:09:36.480: Find a better model.
2023-09-02 11:09:48.413: [iter 176 : loss : 0.8157 = 0.0560 + 0.3778 + 0.0048 + 0.3772, time: 11.917722]
2023-09-02 11:09:49.036: epoch 176:	0.03723453  	0.19487716  	0.13307652  
2023-09-02 11:09:49.036: Find a better model.
2023-09-02 11:10:01.053: [iter 177 : loss : 0.8153 = 0.0557 + 0.3777 + 0.0048 + 0.3772, time: 11.997814]
2023-09-02 11:10:01.639: epoch 177:	0.03723003  	0.19531745  	0.13320023  
2023-09-02 11:10:01.639: Find a better model.
2023-09-02 11:10:13.556: [iter 178 : loss : 0.8158 = 0.0561 + 0.3777 + 0.0048 + 0.3772, time: 11.899670]
2023-09-02 11:10:14.202: epoch 178:	0.03732902  	0.19566306  	0.13346970  
2023-09-02 11:10:14.202: Find a better model.
2023-09-02 11:10:26.118: [iter 179 : loss : 0.8151 = 0.0555 + 0.3777 + 0.0048 + 0.3771, time: 11.900176]
2023-09-02 11:10:26.764: epoch 179:	0.03735604  	0.19551861  	0.13349971  
2023-09-02 11:10:38.733: [iter 180 : loss : 0.8150 = 0.0553 + 0.3777 + 0.0048 + 0.3771, time: 11.950749]
2023-09-02 11:10:39.389: epoch 180:	0.03747750  	0.19641295  	0.13385993  
2023-09-02 11:10:39.389: Find a better model.
2023-09-02 11:10:51.352: [iter 181 : loss : 0.8147 = 0.0551 + 0.3776 + 0.0049 + 0.3771, time: 11.946488]
2023-09-02 11:10:52.009: epoch 181:	0.03746400  	0.19628939  	0.13382186  
2023-09-02 11:11:04.031: [iter 182 : loss : 0.8151 = 0.0554 + 0.3776 + 0.0049 + 0.3771, time: 11.995309]
2023-09-02 11:11:04.694: epoch 182:	0.03746398  	0.19636710  	0.13383238  
2023-09-02 11:11:16.677: [iter 183 : loss : 0.8137 = 0.0540 + 0.3777 + 0.0049 + 0.3771, time: 11.960751]
2023-09-02 11:11:17.336: epoch 183:	0.03748195  	0.19629818  	0.13378854  
2023-09-02 11:11:29.276: [iter 184 : loss : 0.8142 = 0.0546 + 0.3776 + 0.0049 + 0.3771, time: 11.922524]
2023-09-02 11:11:29.916: epoch 184:	0.03751345  	0.19668059  	0.13400137  
2023-09-02 11:11:29.917: Find a better model.
2023-09-02 11:11:41.906: [iter 185 : loss : 0.8144 = 0.0547 + 0.3777 + 0.0049 + 0.3771, time: 11.970406]
2023-09-02 11:11:42.545: epoch 185:	0.03752245  	0.19681491  	0.13387860  
2023-09-02 11:11:42.545: Find a better model.
2023-09-02 11:11:54.498: [iter 186 : loss : 0.8143 = 0.0546 + 0.3776 + 0.0050 + 0.3771, time: 11.931865]
2023-09-02 11:11:55.136: epoch 186:	0.03756745  	0.19728817  	0.13422106  
2023-09-02 11:11:55.136: Find a better model.
2023-09-02 11:12:07.188: [iter 187 : loss : 0.8133 = 0.0536 + 0.3777 + 0.0050 + 0.3771, time: 12.036027]
2023-09-02 11:12:07.832: epoch 187:	0.03763043  	0.19750212  	0.13433611  
2023-09-02 11:12:07.832: Find a better model.
2023-09-02 11:12:19.809: [iter 188 : loss : 0.8136 = 0.0539 + 0.3776 + 0.0050 + 0.3771, time: 11.956690]
2023-09-02 11:12:20.464: epoch 188:	0.03763944  	0.19767211  	0.13444130  
2023-09-02 11:12:20.464: Find a better model.
2023-09-02 11:12:32.330: [iter 189 : loss : 0.8142 = 0.0544 + 0.3777 + 0.0050 + 0.3771, time: 11.849334]
2023-09-02 11:12:32.994: epoch 189:	0.03759445  	0.19761454  	0.13454035  
2023-09-02 11:12:44.992: [iter 190 : loss : 0.8132 = 0.0535 + 0.3776 + 0.0050 + 0.3771, time: 11.980382]
2023-09-02 11:12:45.633: epoch 190:	0.03767543  	0.19767429  	0.13470760  
2023-09-02 11:12:45.634: Find a better model.
2023-09-02 11:12:57.570: [iter 191 : loss : 0.8131 = 0.0534 + 0.3776 + 0.0050 + 0.3771, time: 11.920204]
2023-09-02 11:12:58.209: epoch 191:	0.03766644  	0.19763666  	0.13464037  
2023-09-02 11:13:10.112: [iter 192 : loss : 0.8127 = 0.0530 + 0.3776 + 0.0051 + 0.3771, time: 11.884401]
2023-09-02 11:13:10.758: epoch 192:	0.03764394  	0.19752733  	0.13467042  
2023-09-02 11:13:22.809: [iter 193 : loss : 0.8128 = 0.0531 + 0.3776 + 0.0051 + 0.3771, time: 12.027663]
2023-09-02 11:13:23.475: epoch 193:	0.03767544  	0.19789644  	0.13485642  
2023-09-02 11:13:23.475: Find a better model.
2023-09-02 11:13:35.523: [iter 194 : loss : 0.8129 = 0.0532 + 0.3776 + 0.0051 + 0.3771, time: 12.025763]
2023-09-02 11:13:36.177: epoch 194:	0.03769793  	0.19799121  	0.13490547  
2023-09-02 11:13:36.177: Find a better model.
2023-09-02 11:13:48.185: [iter 195 : loss : 0.8133 = 0.0535 + 0.3776 + 0.0051 + 0.3771, time: 11.990594]
2023-09-02 11:13:48.843: epoch 195:	0.03771591  	0.19784339  	0.13490270  
2023-09-02 11:14:00.801: [iter 196 : loss : 0.8121 = 0.0523 + 0.3776 + 0.0051 + 0.3770, time: 11.937133]
2023-09-02 11:14:01.444: epoch 196:	0.03785087  	0.19878988  	0.13526914  
2023-09-02 11:14:01.444: Find a better model.
2023-09-02 11:14:13.400: [iter 197 : loss : 0.8122 = 0.0524 + 0.3776 + 0.0051 + 0.3770, time: 11.934959]
2023-09-02 11:14:14.000: epoch 197:	0.03785988  	0.19881107  	0.13517562  
2023-09-02 11:14:14.000: Find a better model.
2023-09-02 11:14:26.135: [iter 198 : loss : 0.8125 = 0.0527 + 0.3776 + 0.0052 + 0.3770, time: 12.119646]
2023-09-02 11:14:26.779: epoch 198:	0.03780587  	0.19834368  	0.13513339  
2023-09-02 11:14:38.650: [iter 199 : loss : 0.8120 = 0.0523 + 0.3776 + 0.0052 + 0.3770, time: 11.852595]
2023-09-02 11:14:39.299: epoch 199:	0.03793184  	0.19894630  	0.13544996  
2023-09-02 11:14:39.300: Find a better model.
2023-09-02 11:14:51.303: [iter 200 : loss : 0.8111 = 0.0513 + 0.3776 + 0.0052 + 0.3770, time: 11.984083]
2023-09-02 11:14:51.955: epoch 200:	0.03799934  	0.19967665  	0.13584483  
2023-09-02 11:14:51.955: Find a better model.
2023-09-02 11:15:03.862: [iter 201 : loss : 0.8116 = 0.0517 + 0.3776 + 0.0052 + 0.3770, time: 11.887585]
2023-09-02 11:15:04.517: epoch 201:	0.03788685  	0.19896863  	0.13559194  
2023-09-02 11:15:16.420: [iter 202 : loss : 0.8112 = 0.0514 + 0.3776 + 0.0052 + 0.3770, time: 11.884952]
2023-09-02 11:15:17.077: epoch 202:	0.03793187  	0.19911659  	0.13567977  
2023-09-02 11:15:29.079: [iter 203 : loss : 0.8113 = 0.0515 + 0.3775 + 0.0053 + 0.3770, time: 11.979098]
2023-09-02 11:15:29.732: epoch 203:	0.03785991  	0.19882324  	0.13573502  
2023-09-02 11:15:41.512: [iter 204 : loss : 0.8113 = 0.0515 + 0.3776 + 0.0053 + 0.3770, time: 11.760158]
2023-09-02 11:15:42.151: epoch 204:	0.03796336  	0.19924761  	0.13594519  
2023-09-02 11:15:53.953: [iter 205 : loss : 0.8104 = 0.0506 + 0.3775 + 0.0053 + 0.3770, time: 11.779604]
2023-09-02 11:15:54.592: epoch 205:	0.03795436  	0.19936034  	0.13616355  
2023-09-02 11:16:06.563: [iter 206 : loss : 0.8106 = 0.0507 + 0.3776 + 0.0053 + 0.3770, time: 11.951566]
2023-09-02 11:16:07.203: epoch 206:	0.03813884  	0.20053820  	0.13646843  
2023-09-02 11:16:07.203: Find a better model.
2023-09-02 11:16:19.318: [iter 207 : loss : 0.8106 = 0.0508 + 0.3775 + 0.0053 + 0.3770, time: 12.097895]
2023-09-02 11:16:19.951: epoch 207:	0.03806237  	0.20014015  	0.13659538  
2023-09-02 11:16:31.922: [iter 208 : loss : 0.8098 = 0.0499 + 0.3775 + 0.0053 + 0.3770, time: 11.951497]
2023-09-02 11:16:32.564: epoch 208:	0.03813436  	0.20068239  	0.13657103  
2023-09-02 11:16:32.564: Find a better model.
2023-09-02 11:16:44.503: [iter 209 : loss : 0.8102 = 0.0504 + 0.3775 + 0.0054 + 0.3770, time: 11.918049]
2023-09-02 11:16:45.151: epoch 209:	0.03803089  	0.20009826  	0.13640992  
2023-09-02 11:16:57.163: [iter 210 : loss : 0.8108 = 0.0509 + 0.3775 + 0.0054 + 0.3770, time: 11.988950]
2023-09-02 11:16:57.810: epoch 210:	0.03812987  	0.20062418  	0.13643187  
2023-09-02 11:17:09.833: [iter 211 : loss : 0.8100 = 0.0501 + 0.3775 + 0.0054 + 0.3770, time: 12.001262]
2023-09-02 11:17:10.482: epoch 211:	0.03808038  	0.20014501  	0.13633193  
2023-09-02 11:17:22.434: [iter 212 : loss : 0.8106 = 0.0507 + 0.3775 + 0.0054 + 0.3770, time: 11.926142]
2023-09-02 11:17:23.087: epoch 212:	0.03817485  	0.20093621  	0.13676642  
2023-09-02 11:17:23.087: Find a better model.
2023-09-02 11:17:34.956: [iter 213 : loss : 0.8095 = 0.0497 + 0.3775 + 0.0054 + 0.3770, time: 11.850211]
2023-09-02 11:17:35.597: epoch 213:	0.03811186  	0.20066284  	0.13673969  
2023-09-02 11:17:47.521: [iter 214 : loss : 0.8101 = 0.0502 + 0.3775 + 0.0054 + 0.3770, time: 11.902559]
2023-09-02 11:17:48.157: epoch 214:	0.03807586  	0.20046040  	0.13684452  
2023-09-02 11:18:00.136: [iter 215 : loss : 0.8105 = 0.0505 + 0.3775 + 0.0055 + 0.3769, time: 11.957513]
2023-09-02 11:18:00.780: epoch 215:	0.03822431  	0.20124729  	0.13699874  
2023-09-02 11:18:00.781: Find a better model.
2023-09-02 11:18:12.718: [iter 216 : loss : 0.8092 = 0.0493 + 0.3774 + 0.0055 + 0.3769, time: 11.920068]
2023-09-02 11:18:13.365: epoch 216:	0.03833679  	0.20161834  	0.13729663  
2023-09-02 11:18:13.365: Find a better model.
2023-09-02 11:18:25.206: [iter 217 : loss : 0.8098 = 0.0498 + 0.3775 + 0.0055 + 0.3769, time: 11.823522]
2023-09-02 11:18:25.860: epoch 217:	0.03830979  	0.20146367  	0.13718008  
2023-09-02 11:18:37.897: [iter 218 : loss : 0.8089 = 0.0490 + 0.3775 + 0.0055 + 0.3769, time: 12.017391]
2023-09-02 11:18:38.514: epoch 218:	0.03830979  	0.20163664  	0.13718747  
2023-09-02 11:18:38.515: Find a better model.
2023-09-02 11:18:50.451: [iter 219 : loss : 0.8088 = 0.0489 + 0.3775 + 0.0055 + 0.3769, time: 11.916314]
2023-09-02 11:18:51.103: epoch 219:	0.03840427  	0.20182684  	0.13737829  
2023-09-02 11:18:51.104: Find a better model.
2023-09-02 11:19:03.047: [iter 220 : loss : 0.8086 = 0.0487 + 0.3775 + 0.0055 + 0.3769, time: 11.923116]
2023-09-02 11:19:03.695: epoch 220:	0.03829182  	0.20122673  	0.13714442  
2023-09-02 11:19:15.621: [iter 221 : loss : 0.8092 = 0.0492 + 0.3775 + 0.0056 + 0.3769, time: 11.905975]
2023-09-02 11:19:16.263: epoch 221:	0.03836381  	0.20171532  	0.13745502  
2023-09-02 11:19:28.263: [iter 222 : loss : 0.8087 = 0.0488 + 0.3774 + 0.0056 + 0.3769, time: 11.982676]
2023-09-02 11:19:28.886: epoch 222:	0.03840428  	0.20182070  	0.13760357  
2023-09-02 11:19:40.875: [iter 223 : loss : 0.8088 = 0.0488 + 0.3775 + 0.0056 + 0.3769, time: 11.968897]
2023-09-02 11:19:41.523: epoch 223:	0.03845828  	0.20202310  	0.13764572  
2023-09-02 11:19:41.523: Find a better model.
2023-09-02 11:19:53.514: [iter 224 : loss : 0.8092 = 0.0492 + 0.3775 + 0.0056 + 0.3769, time: 11.969043]
2023-09-02 11:19:54.164: epoch 224:	0.03852574  	0.20296150  	0.13800655  
2023-09-02 11:19:54.164: Find a better model.
2023-09-02 11:20:06.197: [iter 225 : loss : 0.8083 = 0.0483 + 0.3774 + 0.0056 + 0.3769, time: 12.009919]
2023-09-02 11:20:06.852: epoch 225:	0.03845378  	0.20262152  	0.13796572  
2023-09-02 11:20:18.760: [iter 226 : loss : 0.8082 = 0.0483 + 0.3774 + 0.0056 + 0.3769, time: 11.890285]
2023-09-02 11:20:19.399: epoch 226:	0.03849877  	0.20301296  	0.13801135  
2023-09-02 11:20:19.399: Find a better model.
2023-09-02 11:20:31.334: [iter 227 : loss : 0.8085 = 0.0486 + 0.3774 + 0.0057 + 0.3769, time: 11.917099]
2023-09-02 11:20:31.956: epoch 227:	0.03841776  	0.20241828  	0.13787311  
2023-09-02 11:20:43.908: [iter 228 : loss : 0.8082 = 0.0482 + 0.3774 + 0.0057 + 0.3769, time: 11.927802]
2023-09-02 11:20:44.542: epoch 228:	0.03859771  	0.20331120  	0.13825758  
2023-09-02 11:20:44.542: Find a better model.
2023-09-02 11:20:56.444: [iter 229 : loss : 0.8080 = 0.0481 + 0.3774 + 0.0057 + 0.3769, time: 11.883737]
2023-09-02 11:20:57.096: epoch 229:	0.03840874  	0.20217414  	0.13788737  
2023-09-02 11:21:09.073: [iter 230 : loss : 0.8073 = 0.0472 + 0.3775 + 0.0057 + 0.3769, time: 11.956505]
2023-09-02 11:21:09.719: epoch 230:	0.03844924  	0.20228018  	0.13805987  
2023-09-02 11:21:21.689: [iter 231 : loss : 0.8073 = 0.0473 + 0.3774 + 0.0057 + 0.3769, time: 11.944907]
2023-09-02 11:21:22.344: epoch 231:	0.03839527  	0.20221786  	0.13791820  
2023-09-02 11:21:34.305: [iter 232 : loss : 0.8065 = 0.0465 + 0.3774 + 0.0057 + 0.3769, time: 11.940140]
2023-09-02 11:21:34.964: epoch 232:	0.03839526  	0.20199646  	0.13789368  
2023-09-02 11:21:46.895: [iter 233 : loss : 0.8081 = 0.0481 + 0.3774 + 0.0057 + 0.3769, time: 11.910447]
2023-09-02 11:21:47.536: epoch 233:	0.03836827  	0.20181054  	0.13767138  
2023-09-02 11:21:59.445: [iter 234 : loss : 0.8081 = 0.0480 + 0.3774 + 0.0058 + 0.3768, time: 11.884999]
2023-09-02 11:22:00.098: epoch 234:	0.03839975  	0.20175520  	0.13769650  
2023-09-02 11:22:12.108: [iter 235 : loss : 0.8075 = 0.0475 + 0.3774 + 0.0058 + 0.3768, time: 11.991019]
2023-09-02 11:22:12.715: epoch 235:	0.03841775  	0.20176429  	0.13765630  
2023-09-02 11:22:24.709: [iter 236 : loss : 0.8075 = 0.0476 + 0.3774 + 0.0058 + 0.3768, time: 11.969397]
2023-09-02 11:22:25.343: epoch 236:	0.03843575  	0.20213746  	0.13777766  
2023-09-02 11:22:37.286: [iter 237 : loss : 0.8069 = 0.0469 + 0.3774 + 0.0058 + 0.3768, time: 11.924839]
2023-09-02 11:22:37.926: epoch 237:	0.03844024  	0.20226167  	0.13782422  
2023-09-02 11:22:49.887: [iter 238 : loss : 0.8063 = 0.0462 + 0.3774 + 0.0058 + 0.3768, time: 11.940441]
2023-09-02 11:22:50.538: epoch 238:	0.03845827  	0.20180152  	0.13768743  
2023-09-02 11:22:50.538: Early stopping is trigger at epoch: 238
2023-09-02 11:22:50.538: best_result@epoch 228:

2023-09-02 11:22:50.538: 		0.0386      	0.2033      	0.1383      
