2023-09-02 12:02:27.861: my pid: 12536
2023-09-02 12:02:27.862: model: model.general_recommender.GNNEC
2023-09-02 12:02:27.862: Dataset statistics:
Name: gowalla-20core
The number of users: 11113
The number of items: 18074
The number of ratings: 523315
Average actions of users: 47.09
Average actions of items: 28.95
The sparsity of the dataset: 99.739458%

The number of training: 475362
The number of validation: 0
The number of testing: 47953
2023-09-02 12:02:27.862: NeuRec:[NeuRec]:
recommender=GNNEC
dataset=gowalla-20core
file_column=UI
sep=','
gpu_id=0
gpu_mem=0.99
metric=["Precision", "Recall", "NDCG"]
top_k=[20]
test_thread=8
test_batch_size=128
seed=2021
start_testing_epoch=0

GNNEC:[hyperparameters]:
mf_reg=0.02
svd_q=5
aug_type=ND
reg=1e-4
embed_size=32
n_layers=2
ssl_reg=0.02
ssl_ratio=0.5
ssl_temp=50
ssl_mode=both_side
lr=1e-3
learner=adam
adj_type=pre
epochs=300
batch_size=2048
num_negatives=1
param_init=xavier_uniform
stddev=0.01
verbose=1
stop_cnt=10
pretrain_flag=0
save_flag=0

Command line:
recommender=GNNEC
dataset=gowalla-20core
epochs=300
n_layers=2
embed_size=32
batch_size=2048
lr=1e-3
aug_type=ND
reg=1e-4
ssl_reg=0.02
ssl_ratio=0.5
ssl_temp=50
mf_reg=0.02
svd_q=5
2023-09-02 12:02:37.853: metrics:	Precision@20	Recall@20   	NDCG@20     
2023-09-02 12:04:26.362: [iter 1 : loss : 1.3835 = 0.6199 + 0.3818 + 0.0000 + 0.3818, time: 108.509049]
2023-09-02 12:04:26.959: epoch 1:	0.01473536  	0.07496079  	0.05081924  
2023-09-02 12:04:26.959: Find a better model.
2023-09-02 12:06:15.702: [iter 2 : loss : 1.2208 = 0.4589 + 0.3809 + 0.0001 + 0.3809, time: 108.724744]
2023-09-02 12:06:16.265: epoch 2:	0.01765100  	0.09026149  	0.06131049  
2023-09-02 12:06:16.265: Find a better model.
2023-09-02 12:08:05.011: [iter 3 : loss : 1.1448 = 0.3836 + 0.3805 + 0.0002 + 0.3805, time: 108.725873]
2023-09-02 12:08:05.616: epoch 3:	0.01944178  	0.10114868  	0.06942388  
2023-09-02 12:08:05.617: Find a better model.
2023-09-02 12:09:54.401: [iter 4 : loss : 1.0969 = 0.3361 + 0.3802 + 0.0003 + 0.3802, time: 108.762644]
2023-09-02 12:09:54.994: epoch 4:	0.02085010  	0.10908572  	0.07528992  
2023-09-02 12:09:54.994: Find a better model.
