2023-11-03 19:58:08.416: my pid: 36908
2023-11-03 19:58:08.416: model: model.general_recommender.GNNEC
2023-11-03 19:58:08.416: Dataset statistics:
Name: gowalla-20core
The number of users: 11113
The number of items: 18074
The number of ratings: 523315
Average actions of users: 47.09
Average actions of items: 28.95
The sparsity of the dataset: 99.739458%

The number of training: 475362
The number of validation: 0
The number of testing: 47953
2023-11-03 19:58:08.416: NeuRec:[NeuRec]:
recommender=GNNEC
dataset=gowalla-20core
file_column=UI
sep=','
gpu_id=0
gpu_mem=0.99
metric=["Precision", "Recall", "NDCG"]
top_k=[20]
test_thread=8
test_batch_size=128
seed=2021
start_testing_epoch=0

GNNEC:[hyperparameters]:
mf_reg=1e-4
svd_q=5
aug_type=ND
reg=1e-4
embed_size=64
n_layers=2
ssl_reg=1e-4
ssl_ratio=0.5
ssl_temp=0.2
ssl_mode=both_side
lr=1e-3
learner=adam
adj_type=pre
epochs=300
batch_size=2048
num_negatives=1
param_init=xavier_uniform
stddev=0.01
verbose=1
stop_cnt=10
pretrain_flag=0
save_flag=0

Command line:
recommender=GNNEC
dataset=gowalla-20core
epochs=300
n_layers=2
embed_size=64
batch_size=2048
lr=1e-3
aug_type=ND
reg=1e-4
ssl_reg=1e-4
ssl_ratio=0.5
ssl_temp=0.2
mf_reg=1e-4
svd_q=5
2023-11-03 19:58:12.431: metrics:	Precision@20	Recall@20   	NDCG@20     
2023-11-03 19:58:26.724: [iter 1 : loss : 0.6194 = 0.6167 + 0.0013 + 0.0000 + 0.0013, time: 14.292307]
2023-11-03 19:58:27.354: epoch 1:	0.01944179  	0.10096422  	0.06871845  
2023-11-03 19:58:27.355: Find a better model.
2023-11-03 19:58:40.773: [iter 2 : loss : 0.4684 = 0.4670 + 0.0008 + 0.0002 + 0.0005, time: 13.394936]
2023-11-03 19:58:41.409: epoch 2:	0.02163300  	0.11309560  	0.07892932  
2023-11-03 19:58:41.409: Find a better model.
2023-11-03 19:58:54.623: [iter 3 : loss : 0.3987 = 0.3977 + 0.0005 + 0.0003 + 0.0002, time: 13.195665]
2023-11-03 19:58:55.252: epoch 3:	0.02300083  	0.12040187  	0.08411679  
2023-11-03 19:58:55.252: Find a better model.
2023-11-03 19:59:08.688: [iter 4 : loss : 0.3546 = 0.3539 + 0.0003 + 0.0003 + 0.0000, time: 13.417044]
2023-11-03 19:59:09.337: epoch 4:	0.02368460  	0.12383340  	0.08701226  
2023-11-03 19:59:09.337: Find a better model.
2023-11-03 19:59:22.536: [iter 5 : loss : 0.3261 = 0.3256 + 0.0002 + 0.0004 + -0.0001, time: 13.178893]
2023-11-03 19:59:23.149: epoch 5:	0.02415694  	0.12662143  	0.08910323  
2023-11-03 19:59:23.149: Find a better model.
2023-11-03 19:59:35.931: [iter 6 : loss : 0.3057 = 0.3053 + 0.0001 + 0.0005 + -0.0003, time: 12.764758]
2023-11-03 19:59:36.506: epoch 6:	0.02470578  	0.13017941  	0.09087100  
2023-11-03 19:59:36.506: Find a better model.
2023-11-03 19:59:49.956: [iter 7 : loss : 0.2898 = 0.2895 + 0.0001 + 0.0006 + -0.0004, time: 13.426735]
2023-11-03 19:59:50.559: epoch 7:	0.02510164  	0.13210523  	0.09250189  
2023-11-03 19:59:50.560: Find a better model.
2023-11-03 20:00:04.123: [iter 8 : loss : 0.2775 = 0.2773 + -0.0000 + 0.0006 + -0.0004, time: 13.545517]
2023-11-03 20:00:04.773: epoch 8:	0.02563247  	0.13450472  	0.09425519  
2023-11-03 20:00:04.773: Find a better model.
2023-11-03 20:00:18.135: [iter 9 : loss : 0.2663 = 0.2662 + -0.0001 + 0.0007 + -0.0005, time: 13.333376]
2023-11-03 20:00:18.754: epoch 9:	0.02605982  	0.13629037  	0.09570196  
2023-11-03 20:00:18.754: Find a better model.
2023-11-03 20:00:32.008: [iter 10 : loss : 0.2560 = 0.2560 + -0.0001 + 0.0007 + -0.0006, time: 13.231042]
2023-11-03 20:00:32.598: epoch 10:	0.02645121  	0.13856497  	0.09702177  
2023-11-03 20:00:32.598: Find a better model.
2023-11-03 20:00:45.884: [iter 11 : loss : 0.2482 = 0.2482 + -0.0001 + 0.0008 + -0.0006, time: 13.266626]
2023-11-03 20:00:46.523: epoch 11:	0.02701803  	0.14175962  	0.09882730  
2023-11-03 20:00:46.523: Find a better model.
2023-11-03 20:01:00.044: [iter 12 : loss : 0.2387 = 0.2387 + -0.0002 + 0.0009 + -0.0007, time: 13.498150]
2023-11-03 20:01:00.699: epoch 12:	0.02734192  	0.14351241  	0.09994367  
2023-11-03 20:01:00.699: Find a better model.
2023-11-03 20:01:14.148: [iter 13 : loss : 0.2315 = 0.2315 + -0.0002 + 0.0009 + -0.0007, time: 13.425050]
2023-11-03 20:01:14.791: epoch 13:	0.02750835  	0.14407459  	0.10046338  
2023-11-03 20:01:14.791: Find a better model.
2023-11-03 20:01:28.129: [iter 14 : loss : 0.2244 = 0.2245 + -0.0002 + 0.0010 + -0.0008, time: 13.314694]
2023-11-03 20:01:28.776: epoch 14:	0.02780076  	0.14563149  	0.10125476  
2023-11-03 20:01:28.777: Find a better model.
2023-11-03 20:01:42.136: [iter 15 : loss : 0.2192 = 0.2193 + -0.0003 + 0.0010 + -0.0008, time: 13.336816]
2023-11-03 20:01:42.768: epoch 15:	0.02805268  	0.14692587  	0.10245004  
2023-11-03 20:01:42.768: Find a better model.
2023-11-03 20:01:56.329: [iter 16 : loss : 0.2144 = 0.2145 + -0.0003 + 0.0011 + -0.0009, time: 13.543647]
2023-11-03 20:01:56.932: epoch 16:	0.02822812  	0.14812435  	0.10312316  
2023-11-03 20:01:56.932: Find a better model.
2023-11-03 20:02:10.387: [iter 17 : loss : 0.2073 = 0.2074 + -0.0003 + 0.0011 + -0.0009, time: 13.432327]
2023-11-03 20:02:10.968: epoch 17:	0.02850253  	0.14897792  	0.10401867  
2023-11-03 20:02:10.968: Find a better model.
2023-11-03 20:02:24.464: [iter 18 : loss : 0.2032 = 0.2034 + -0.0004 + 0.0012 + -0.0010, time: 13.477415]
2023-11-03 20:02:25.103: epoch 18:	0.02865548  	0.14982456  	0.10474024  
2023-11-03 20:02:25.103: Find a better model.
2023-11-03 20:02:38.589: [iter 19 : loss : 0.1983 = 0.1985 + -0.0004 + 0.0012 + -0.0010, time: 13.466274]
2023-11-03 20:02:39.241: epoch 19:	0.02887591  	0.15086663  	0.10559212  
2023-11-03 20:02:39.241: Find a better model.
2023-11-03 20:02:52.201: [iter 20 : loss : 0.1944 = 0.1946 + -0.0004 + 0.0013 + -0.0010, time: 12.940269]
2023-11-03 20:02:52.764: epoch 20:	0.02907387  	0.15179552  	0.10624874  
2023-11-03 20:02:52.765: Find a better model.
2023-11-03 20:03:06.343: [iter 21 : loss : 0.1912 = 0.1914 + -0.0005 + 0.0013 + -0.0011, time: 13.556794]
2023-11-03 20:03:06.966: epoch 21:	0.02922232  	0.15260643  	0.10699280  
2023-11-03 20:03:06.966: Find a better model.
2023-11-03 20:03:20.285: [iter 22 : loss : 0.1866 = 0.1867 + -0.0004 + 0.0014 + -0.0011, time: 13.300604]
2023-11-03 20:03:20.881: epoch 22:	0.02948325  	0.15400384  	0.10796397  
2023-11-03 20:03:20.881: Find a better model.
2023-11-03 20:03:34.321: [iter 23 : loss : 0.1818 = 0.1820 + -0.0005 + 0.0014 + -0.0011, time: 13.419019]
2023-11-03 20:03:34.952: epoch 23:	0.02961371  	0.15466827  	0.10862896  
2023-11-03 20:03:34.953: Find a better model.
2023-11-03 20:03:48.524: [iter 24 : loss : 0.1788 = 0.1790 + -0.0005 + 0.0015 + -0.0012, time: 13.548599]
2023-11-03 20:03:49.172: epoch 24:	0.02978016  	0.15539244  	0.10935986  
2023-11-03 20:03:49.173: Find a better model.
2023-11-03 20:04:02.485: [iter 25 : loss : 0.1761 = 0.1764 + -0.0006 + 0.0015 + -0.0012, time: 13.293033]
2023-11-03 20:04:03.117: epoch 25:	0.02987462  	0.15604806  	0.10985916  
2023-11-03 20:04:03.117: Find a better model.
2023-11-03 20:04:16.503: [iter 26 : loss : 0.1729 = 0.1731 + -0.0006 + 0.0016 + -0.0012, time: 13.365478]
2023-11-03 20:04:17.141: epoch 26:	0.03004559  	0.15693225  	0.11044424  
2023-11-03 20:04:17.141: Find a better model.
2023-11-03 20:04:30.505: [iter 27 : loss : 0.1693 = 0.1696 + -0.0006 + 0.0016 + -0.0013, time: 13.342772]
2023-11-03 20:04:31.139: epoch 27:	0.03035150  	0.15863167  	0.11141641  
2023-11-03 20:04:31.139: Find a better model.
2023-11-03 20:04:44.452: [iter 28 : loss : 0.1668 = 0.1670 + -0.0006 + 0.0017 + -0.0013, time: 13.290020]
2023-11-03 20:04:45.095: epoch 28:	0.03040998  	0.15900913  	0.11197541  
2023-11-03 20:04:45.095: Find a better model.
2023-11-03 20:04:58.467: [iter 29 : loss : 0.1629 = 0.1631 + -0.0007 + 0.0017 + -0.0013, time: 13.346971]
2023-11-03 20:04:59.090: epoch 29:	0.03081037  	0.16083267  	0.11272292  
2023-11-03 20:04:59.090: Find a better model.
2023-11-03 20:05:12.425: [iter 30 : loss : 0.1598 = 0.1600 + -0.0007 + 0.0018 + -0.0014, time: 13.316146]
2023-11-03 20:05:13.067: epoch 30:	0.03100830  	0.16185418  	0.11343070  
2023-11-03 20:05:13.067: Find a better model.
2023-11-03 20:05:26.474: [iter 31 : loss : 0.1582 = 0.1585 + -0.0007 + 0.0018 + -0.0014, time: 13.379290]
2023-11-03 20:05:27.094: epoch 31:	0.03116127  	0.16298319  	0.11401659  
2023-11-03 20:05:27.094: Find a better model.
2023-11-03 20:05:40.427: [iter 32 : loss : 0.1549 = 0.1551 + -0.0007 + 0.0019 + -0.0014, time: 13.312379]
2023-11-03 20:05:41.013: epoch 32:	0.03125575  	0.16360372  	0.11440670  
2023-11-03 20:05:41.014: Find a better model.
2023-11-03 20:05:54.308: [iter 33 : loss : 0.1536 = 0.1539 + -0.0008 + 0.0019 + -0.0014, time: 13.272733]
2023-11-03 20:05:54.898: epoch 33:	0.03126473  	0.16362062  	0.11463875  
2023-11-03 20:05:54.898: Find a better model.
2023-11-03 20:06:08.231: [iter 34 : loss : 0.1517 = 0.1520 + -0.0008 + 0.0020 + -0.0015, time: 13.314105]
2023-11-03 20:06:08.852: epoch 34:	0.03144920  	0.16421556  	0.11520329  
2023-11-03 20:06:08.852: Find a better model.
2023-11-03 20:06:22.281: [iter 35 : loss : 0.1480 = 0.1483 + -0.0009 + 0.0020 + -0.0015, time: 13.403442]
2023-11-03 20:06:22.866: epoch 35:	0.03158417  	0.16488901  	0.11570424  
2023-11-03 20:06:22.866: Find a better model.
2023-11-03 20:06:36.291: [iter 36 : loss : 0.1462 = 0.1465 + -0.0008 + 0.0021 + -0.0015, time: 13.407210]
2023-11-03 20:06:36.937: epoch 36:	0.03174162  	0.16574246  	0.11636684  
2023-11-03 20:06:36.937: Find a better model.
2023-11-03 20:06:50.391: [iter 37 : loss : 0.1438 = 0.1441 + -0.0009 + 0.0021 + -0.0015, time: 13.437778]
2023-11-03 20:06:51.014: epoch 37:	0.03196209  	0.16710447  	0.11691379  
2023-11-03 20:06:51.014: Find a better model.
2023-11-03 20:07:04.324: [iter 38 : loss : 0.1425 = 0.1428 + -0.0009 + 0.0022 + -0.0016, time: 13.288820]
2023-11-03 20:07:04.945: epoch 38:	0.03211505  	0.16790640  	0.11731708  
2023-11-03 20:07:04.945: Find a better model.
2023-11-03 20:07:18.303: [iter 39 : loss : 0.1408 = 0.1411 + -0.0009 + 0.0022 + -0.0016, time: 13.334765]
2023-11-03 20:07:18.947: epoch 39:	0.03224550  	0.16796938  	0.11754679  
2023-11-03 20:07:18.947: Find a better model.
2023-11-03 20:07:32.323: [iter 40 : loss : 0.1393 = 0.1396 + -0.0010 + 0.0023 + -0.0016, time: 13.351923]
2023-11-03 20:07:32.959: epoch 40:	0.03254691  	0.16953933  	0.11829787  
2023-11-03 20:07:32.959: Find a better model.
2023-11-03 20:07:46.430: [iter 41 : loss : 0.1360 = 0.1363 + -0.0010 + 0.0023 + -0.0016, time: 13.449080]
2023-11-03 20:07:47.056: epoch 41:	0.03256490  	0.16969965  	0.11854877  
2023-11-03 20:07:47.056: Find a better model.
2023-11-03 20:08:00.446: [iter 42 : loss : 0.1348 = 0.1350 + -0.0010 + 0.0024 + -0.0017, time: 13.370495]
2023-11-03 20:08:01.069: epoch 42:	0.03269986  	0.17048858  	0.11884501  
2023-11-03 20:08:01.069: Find a better model.
2023-11-03 20:08:14.305: [iter 43 : loss : 0.1341 = 0.1343 + -0.0010 + 0.0024 + -0.0017, time: 13.220395]
2023-11-03 20:08:14.896: epoch 43:	0.03291580  	0.17167693  	0.11937032  
2023-11-03 20:08:14.896: Find a better model.
2023-11-03 20:08:28.192: [iter 44 : loss : 0.1304 = 0.1307 + -0.0010 + 0.0025 + -0.0017, time: 13.277438]
2023-11-03 20:08:28.815: epoch 44:	0.03312275  	0.17278947  	0.11985288  
2023-11-03 20:08:28.815: Find a better model.
2023-11-03 20:08:42.452: [iter 45 : loss : 0.1305 = 0.1307 + -0.0010 + 0.0025 + -0.0017, time: 13.621244]
2023-11-03 20:08:43.093: epoch 45:	0.03310926  	0.17269684  	0.12017976  
2023-11-03 20:08:56.684: [iter 46 : loss : 0.1284 = 0.1287 + -0.0011 + 0.0026 + -0.0017, time: 13.570976]
2023-11-03 20:08:57.295: epoch 46:	0.03320373  	0.17298684  	0.12048053  
2023-11-03 20:08:57.295: Find a better model.
2023-11-03 20:09:10.685: [iter 47 : loss : 0.1257 = 0.1260 + -0.0011 + 0.0026 + -0.0018, time: 13.369085]
2023-11-03 20:09:11.314: epoch 47:	0.03331170  	0.17378531  	0.12105919  
2023-11-03 20:09:11.314: Find a better model.
2023-11-03 20:09:24.752: [iter 48 : loss : 0.1258 = 0.1260 + -0.0011 + 0.0027 + -0.0018, time: 13.418326]
2023-11-03 20:09:25.381: epoch 48:	0.03336568  	0.17402464  	0.12157235  
2023-11-03 20:09:25.381: Find a better model.
2023-11-03 20:09:38.627: [iter 49 : loss : 0.1240 = 0.1241 + -0.0011 + 0.0027 + -0.0018, time: 13.219363]
2023-11-03 20:09:39.257: epoch 49:	0.03346015  	0.17458427  	0.12195072  
2023-11-03 20:09:39.258: Find a better model.
2023-11-03 20:09:52.892: [iter 50 : loss : 0.1208 = 0.1210 + -0.0011 + 0.0028 + -0.0018, time: 13.615546]
2023-11-03 20:09:53.523: epoch 50:	0.03352764  	0.17520931  	0.12229175  
2023-11-03 20:09:53.523: Find a better model.
2023-11-03 20:10:07.102: [iter 51 : loss : 0.1201 = 0.1203 + -0.0012 + 0.0028 + -0.0018, time: 13.560396]
2023-11-03 20:10:07.737: epoch 51:	0.03380206  	0.17665169  	0.12273726  
2023-11-03 20:10:07.737: Find a better model.
2023-11-03 20:10:21.439: [iter 52 : loss : 0.1199 = 0.1201 + -0.0012 + 0.0029 + -0.0019, time: 13.681863]
2023-11-03 20:10:22.072: epoch 52:	0.03400450  	0.17734022  	0.12316029  
2023-11-03 20:10:22.072: Find a better model.
2023-11-03 20:10:35.708: [iter 53 : loss : 0.1173 = 0.1175 + -0.0012 + 0.0029 + -0.0019, time: 13.614835]
2023-11-03 20:10:36.339: epoch 53:	0.03414395  	0.17827465  	0.12358193  
2023-11-03 20:10:36.339: Find a better model.
2023-11-03 20:10:49.939: [iter 54 : loss : 0.1165 = 0.1167 + -0.0012 + 0.0029 + -0.0019, time: 13.572629]
2023-11-03 20:10:50.576: epoch 54:	0.03413047  	0.17837092  	0.12398461  
2023-11-03 20:10:50.576: Find a better model.
2023-11-03 20:11:04.130: [iter 55 : loss : 0.1165 = 0.1167 + -0.0012 + 0.0030 + -0.0019, time: 13.534414]
2023-11-03 20:11:04.766: epoch 55:	0.03419794  	0.17831768  	0.12432627  
2023-11-03 20:11:18.246: [iter 56 : loss : 0.1138 = 0.1140 + -0.0013 + 0.0030 + -0.0019, time: 13.463764]
2023-11-03 20:11:18.886: epoch 56:	0.03427441  	0.17909691  	0.12450708  
2023-11-03 20:11:18.886: Find a better model.
2023-11-03 20:11:32.364: [iter 57 : loss : 0.1127 = 0.1129 + -0.0013 + 0.0031 + -0.0020, time: 13.459112]
2023-11-03 20:11:32.995: epoch 57:	0.03445435  	0.17986852  	0.12501809  
2023-11-03 20:11:32.995: Find a better model.
2023-11-03 20:11:46.493: [iter 58 : loss : 0.1118 = 0.1119 + -0.0013 + 0.0031 + -0.0020, time: 13.480582]
2023-11-03 20:11:47.070: epoch 58:	0.03454432  	0.18021373  	0.12541753  
2023-11-03 20:11:47.071: Find a better model.
2023-11-03 20:12:00.460: [iter 59 : loss : 0.1110 = 0.1111 + -0.0013 + 0.0032 + -0.0020, time: 13.366805]
2023-11-03 20:12:01.094: epoch 59:	0.03464777  	0.18072250  	0.12601364  
2023-11-03 20:12:01.095: Find a better model.
2023-11-03 20:12:14.721: [iter 60 : loss : 0.1094 = 0.1095 + -0.0013 + 0.0032 + -0.0020, time: 13.601176]
2023-11-03 20:12:15.367: epoch 60:	0.03470175  	0.18101063  	0.12619887  
2023-11-03 20:12:15.368: Find a better model.
2023-11-03 20:12:28.916: [iter 61 : loss : 0.1075 = 0.1076 + -0.0013 + 0.0033 + -0.0020, time: 13.529160]
2023-11-03 20:12:29.500: epoch 61:	0.03482774  	0.18170266  	0.12652333  
2023-11-03 20:12:29.501: Find a better model.
2023-11-03 20:12:43.076: [iter 62 : loss : 0.1060 = 0.1062 + -0.0014 + 0.0033 + -0.0020, time: 13.554337]
2023-11-03 20:12:43.708: epoch 62:	0.03495818  	0.18273011  	0.12685232  
2023-11-03 20:12:43.708: Find a better model.
2023-11-03 20:12:57.358: [iter 63 : loss : 0.1052 = 0.1054 + -0.0014 + 0.0034 + -0.0021, time: 13.632569]
2023-11-03 20:12:58.001: epoch 63:	0.03507962  	0.18320139  	0.12715794  
2023-11-03 20:12:58.001: Find a better model.
2023-11-03 20:13:11.470: [iter 64 : loss : 0.1045 = 0.1046 + -0.0014 + 0.0034 + -0.0021, time: 13.454476]
2023-11-03 20:13:12.120: epoch 64:	0.03519207  	0.18393388  	0.12752660  
2023-11-03 20:13:12.120: Find a better model.
2023-11-03 20:13:25.733: [iter 65 : loss : 0.1027 = 0.1028 + -0.0014 + 0.0034 + -0.0021, time: 13.594494]
2023-11-03 20:13:26.355: epoch 65:	0.03533605  	0.18425933  	0.12765127  
2023-11-03 20:13:26.355: Find a better model.
2023-11-03 20:13:39.666: [iter 66 : loss : 0.1027 = 0.1027 + -0.0014 + 0.0035 + -0.0021, time: 13.289550]
2023-11-03 20:13:40.298: epoch 66:	0.03552952  	0.18565243  	0.12813222  
2023-11-03 20:13:40.298: Find a better model.
2023-11-03 20:13:53.993: [iter 67 : loss : 0.1018 = 0.1018 + -0.0014 + 0.0035 + -0.0021, time: 13.673532]
2023-11-03 20:13:54.627: epoch 67:	0.03561050  	0.18629788  	0.12839878  
2023-11-03 20:13:54.627: Find a better model.
2023-11-03 20:14:08.033: [iter 68 : loss : 0.1009 = 0.1010 + -0.0015 + 0.0036 + -0.0021, time: 13.386589]
2023-11-03 20:14:08.665: epoch 68:	0.03574097  	0.18688641  	0.12888139  
2023-11-03 20:14:08.665: Find a better model.
2023-11-03 20:14:22.140: [iter 69 : loss : 0.0989 = 0.0990 + -0.0015 + 0.0036 + -0.0022, time: 13.455010]
2023-11-03 20:14:22.713: epoch 69:	0.03594343  	0.18763594  	0.12931114  
2023-11-03 20:14:22.713: Find a better model.
2023-11-03 20:14:36.129: [iter 70 : loss : 0.0989 = 0.0989 + -0.0015 + 0.0037 + -0.0022, time: 13.396887]
2023-11-03 20:14:36.754: epoch 70:	0.03595692  	0.18789575  	0.12964936  
2023-11-03 20:14:36.754: Find a better model.
2023-11-03 20:14:50.075: [iter 71 : loss : 0.0980 = 0.0980 + -0.0016 + 0.0037 + -0.0022, time: 13.301640]
2023-11-03 20:14:50.655: epoch 71:	0.03599289  	0.18846439  	0.12979649  
2023-11-03 20:14:50.656: Find a better model.
2023-11-03 20:15:04.022: [iter 72 : loss : 0.0965 = 0.0965 + -0.0015 + 0.0037 + -0.0022, time: 13.349680]
2023-11-03 20:15:04.646: epoch 72:	0.03617738  	0.18931231  	0.13025738  
2023-11-03 20:15:04.647: Find a better model.
2023-11-03 20:15:18.185: [iter 73 : loss : 0.0953 = 0.0953 + -0.0016 + 0.0038 + -0.0022, time: 13.522042]
2023-11-03 20:15:18.821: epoch 73:	0.03630782  	0.18971421  	0.13054520  
2023-11-03 20:15:18.821: Find a better model.
2023-11-03 20:15:32.080: [iter 74 : loss : 0.0955 = 0.0954 + -0.0015 + 0.0038 + -0.0022, time: 13.231851]
2023-11-03 20:15:32.684: epoch 74:	0.03646526  	0.19087601  	0.13131738  
2023-11-03 20:15:32.684: Find a better model.
2023-11-03 20:15:46.084: [iter 75 : loss : 0.0940 = 0.0940 + -0.0016 + 0.0039 + -0.0023, time: 13.385577]
2023-11-03 20:15:46.717: epoch 75:	0.03666772  	0.19170439  	0.13185170  
2023-11-03 20:15:46.718: Find a better model.
2023-11-03 20:16:00.053: [iter 76 : loss : 0.0937 = 0.0937 + -0.0016 + 0.0039 + -0.0023, time: 13.316578]
2023-11-03 20:16:00.690: epoch 76:	0.03662272  	0.19122088  	0.13188571  
2023-11-03 20:16:14.060: [iter 77 : loss : 0.0931 = 0.0930 + -0.0016 + 0.0040 + -0.0023, time: 13.346199]
2023-11-03 20:16:14.706: epoch 77:	0.03667672  	0.19127259  	0.13201238  
2023-11-03 20:16:28.123: [iter 78 : loss : 0.0912 = 0.0911 + -0.0016 + 0.0040 + -0.0023, time: 13.396453]
2023-11-03 20:16:28.756: epoch 78:	0.03676221  	0.19204767  	0.13236554  
2023-11-03 20:16:28.756: Find a better model.
2023-11-03 20:16:42.086: [iter 79 : loss : 0.0912 = 0.0911 + -0.0016 + 0.0040 + -0.0023, time: 13.304506]
2023-11-03 20:16:42.680: epoch 79:	0.03687019  	0.19269797  	0.13252585  
2023-11-03 20:16:42.680: Find a better model.
2023-11-03 20:16:55.975: [iter 80 : loss : 0.0900 = 0.0900 + -0.0017 + 0.0041 + -0.0023, time: 13.270428]
2023-11-03 20:16:56.544: epoch 80:	0.03687019  	0.19299962  	0.13269366  
2023-11-03 20:16:56.544: Find a better model.
2023-11-03 20:17:10.019: [iter 81 : loss : 0.0901 = 0.0900 + -0.0017 + 0.0041 + -0.0023, time: 13.456618]
2023-11-03 20:17:10.642: epoch 81:	0.03699614  	0.19385456  	0.13302508  
2023-11-03 20:17:10.642: Find a better model.
2023-11-03 20:17:23.947: [iter 82 : loss : 0.0881 = 0.0880 + -0.0017 + 0.0042 + -0.0024, time: 13.284773]
2023-11-03 20:17:24.590: epoch 82:	0.03705011  	0.19318146  	0.13313071  
2023-11-03 20:17:38.080: [iter 83 : loss : 0.0879 = 0.0877 + -0.0017 + 0.0042 + -0.0024, time: 13.468298]
2023-11-03 20:17:38.722: epoch 83:	0.03712658  	0.19381848  	0.13359734  
2023-11-03 20:17:52.138: [iter 84 : loss : 0.0873 = 0.0872 + -0.0017 + 0.0042 + -0.0024, time: 13.391521]
2023-11-03 20:17:52.767: epoch 84:	0.03726605  	0.19489892  	0.13403642  
2023-11-03 20:17:52.767: Find a better model.
2023-11-03 20:18:06.268: [iter 85 : loss : 0.0855 = 0.0854 + -0.0017 + 0.0043 + -0.0024, time: 13.486890]
2023-11-03 20:18:06.894: epoch 85:	0.03732453  	0.19537814  	0.13424058  
2023-11-03 20:18:06.894: Find a better model.
2023-11-03 20:18:20.836: [iter 86 : loss : 0.0858 = 0.0856 + -0.0018 + 0.0043 + -0.0024, time: 13.923404]
2023-11-03 20:18:21.430: epoch 86:	0.03741003  	0.19566210  	0.13465929  
2023-11-03 20:18:21.430: Find a better model.
2023-11-03 20:18:34.969: [iter 87 : loss : 0.0860 = 0.0858 + -0.0018 + 0.0044 + -0.0024, time: 13.523670]
2023-11-03 20:18:35.561: epoch 87:	0.03745052  	0.19581154  	0.13500594  
2023-11-03 20:18:35.561: Find a better model.
2023-11-03 20:18:48.848: [iter 88 : loss : 0.0849 = 0.0847 + -0.0017 + 0.0044 + -0.0024, time: 13.270057]
2023-11-03 20:18:49.471: epoch 88:	0.03757196  	0.19655325  	0.13544659  
2023-11-03 20:18:49.472: Find a better model.
2023-11-03 20:19:02.298: [iter 89 : loss : 0.0840 = 0.0838 + -0.0018 + 0.0044 + -0.0024, time: 12.806208]
2023-11-03 20:19:02.868: epoch 89:	0.03768893  	0.19690324  	0.13601221  
2023-11-03 20:19:02.868: Find a better model.
2023-11-03 20:19:16.159: [iter 90 : loss : 0.0826 = 0.0823 + -0.0018 + 0.0045 + -0.0025, time: 13.270159]
2023-11-03 20:19:16.727: epoch 90:	0.03776989  	0.19710869  	0.13616326  
2023-11-03 20:19:16.727: Find a better model.
2023-11-03 20:19:30.129: [iter 91 : loss : 0.0821 = 0.0819 + -0.0018 + 0.0045 + -0.0025, time: 13.384849]
2023-11-03 20:19:30.735: epoch 91:	0.03785088  	0.19776116  	0.13643792  
2023-11-03 20:19:30.735: Find a better model.
2023-11-03 20:19:44.102: [iter 92 : loss : 0.0820 = 0.0818 + -0.0018 + 0.0046 + -0.0025, time: 13.343533]
2023-11-03 20:19:44.711: epoch 92:	0.03797236  	0.19860362  	0.13657489  
2023-11-03 20:19:44.711: Find a better model.
2023-11-03 20:19:58.402: [iter 93 : loss : 0.0809 = 0.0806 + -0.0018 + 0.0046 + -0.0025, time: 13.675704]
2023-11-03 20:19:59.013: epoch 93:	0.03812981  	0.19904673  	0.13706264  
2023-11-03 20:19:59.013: Find a better model.
2023-11-03 20:20:12.517: [iter 94 : loss : 0.0810 = 0.0807 + -0.0018 + 0.0046 + -0.0025, time: 13.487472]
2023-11-03 20:20:13.103: epoch 94:	0.03826477  	0.20052946  	0.13767791  
2023-11-03 20:20:13.103: Find a better model.
2023-11-03 20:20:26.439: [iter 95 : loss : 0.0797 = 0.0794 + -0.0018 + 0.0047 + -0.0025, time: 13.318099]
2023-11-03 20:20:27.073: epoch 95:	0.03817479  	0.19975460  	0.13733312  
2023-11-03 20:20:41.034: [iter 96 : loss : 0.0776 = 0.0773 + -0.0019 + 0.0047 + -0.0025, time: 13.938379]
2023-11-03 20:20:41.601: epoch 96:	0.03825129  	0.19984567  	0.13761389  
2023-11-03 20:20:54.957: [iter 97 : loss : 0.0782 = 0.0779 + -0.0019 + 0.0048 + -0.0026, time: 13.335579]
2023-11-03 20:20:55.589: epoch 97:	0.03827377  	0.19993111  	0.13764426  
2023-11-03 20:21:09.087: [iter 98 : loss : 0.0792 = 0.0788 + -0.0019 + 0.0048 + -0.0026, time: 13.477540]
2023-11-03 20:21:09.627: epoch 98:	0.03828729  	0.20021212  	0.13788565  
2023-11-03 20:21:22.371: [iter 99 : loss : 0.0772 = 0.0768 + -0.0019 + 0.0048 + -0.0026, time: 12.728857]
2023-11-03 20:21:22.923: epoch 99:	0.03834577  	0.20026794  	0.13783783  
2023-11-03 20:21:36.301: [iter 100 : loss : 0.0773 = 0.0769 + -0.0019 + 0.0049 + -0.0026, time: 13.356790]
2023-11-03 20:21:36.920: epoch 100:	0.03844472  	0.20110713  	0.13829890  
2023-11-03 20:21:36.920: Find a better model.
2023-11-03 20:21:50.927: [iter 101 : loss : 0.0766 = 0.0762 + -0.0019 + 0.0049 + -0.0026, time: 13.991742]
2023-11-03 20:21:51.571: epoch 101:	0.03853021  	0.20165747  	0.13874662  
2023-11-03 20:21:51.572: Find a better model.
2023-11-03 20:22:04.979: [iter 102 : loss : 0.0757 = 0.0753 + -0.0019 + 0.0050 + -0.0026, time: 13.386278]
2023-11-03 20:22:05.604: epoch 102:	0.03866965  	0.20225422  	0.13925104  
2023-11-03 20:22:05.605: Find a better model.
2023-11-03 20:22:18.924: [iter 103 : loss : 0.0753 = 0.0749 + -0.0019 + 0.0050 + -0.0026, time: 13.299886]
2023-11-03 20:22:19.550: epoch 103:	0.03867869  	0.20274548  	0.13955009  
2023-11-03 20:22:19.550: Find a better model.
2023-11-03 20:22:32.925: [iter 104 : loss : 0.0745 = 0.0741 + -0.0020 + 0.0050 + -0.0026, time: 13.357403]
2023-11-03 20:22:33.526: epoch 104:	0.03872365  	0.20312338  	0.13964088  
2023-11-03 20:22:33.526: Find a better model.
2023-11-03 20:22:46.336: [iter 105 : loss : 0.0749 = 0.0745 + -0.0020 + 0.0051 + -0.0026, time: 12.792231]
2023-11-03 20:22:46.908: epoch 105:	0.03884513  	0.20329528  	0.13984333  
2023-11-03 20:22:46.908: Find a better model.
2023-11-03 20:23:00.548: [iter 106 : loss : 0.0728 = 0.0724 + -0.0020 + 0.0051 + -0.0027, time: 13.623282]
2023-11-03 20:23:01.176: epoch 106:	0.03882262  	0.20366256  	0.14002429  
2023-11-03 20:23:01.176: Find a better model.
2023-11-03 20:23:15.098: [iter 107 : loss : 0.0729 = 0.0724 + -0.0020 + 0.0052 + -0.0027, time: 13.903699]
2023-11-03 20:23:15.703: epoch 107:	0.03885861  	0.20362143  	0.14028166  
2023-11-03 20:23:29.157: [iter 108 : loss : 0.0733 = 0.0729 + -0.0021 + 0.0052 + -0.0027, time: 13.431838]
2023-11-03 20:23:29.793: epoch 108:	0.03898011  	0.20382994  	0.14045608  
2023-11-03 20:23:29.793: Find a better model.
2023-11-03 20:23:43.271: [iter 109 : loss : 0.0722 = 0.0718 + -0.0020 + 0.0052 + -0.0027, time: 13.461561]
2023-11-03 20:23:43.898: epoch 109:	0.03898459  	0.20382832  	0.14066213  
2023-11-03 20:23:58.000: [iter 110 : loss : 0.0719 = 0.0713 + -0.0020 + 0.0053 + -0.0027, time: 14.082351]
2023-11-03 20:23:58.611: epoch 110:	0.03904311  	0.20432805  	0.14112848  
2023-11-03 20:23:58.612: Find a better model.
2023-11-03 20:24:12.128: [iter 111 : loss : 0.0710 = 0.0704 + -0.0020 + 0.0053 + -0.0027, time: 13.494640]
2023-11-03 20:24:12.748: epoch 111:	0.03920959  	0.20546025  	0.14162368  
2023-11-03 20:24:12.748: Find a better model.
2023-11-03 20:24:26.145: [iter 112 : loss : 0.0701 = 0.0697 + -0.0021 + 0.0053 + -0.0027, time: 13.382974]
2023-11-03 20:24:26.765: epoch 112:	0.03921857  	0.20558929  	0.14160411  
2023-11-03 20:24:26.765: Find a better model.
2023-11-03 20:24:40.129: [iter 113 : loss : 0.0704 = 0.0698 + -0.0021 + 0.0054 + -0.0027, time: 13.345052]
2023-11-03 20:24:40.724: epoch 113:	0.03933103  	0.20603198  	0.14192083  
2023-11-03 20:24:40.724: Find a better model.
2023-11-03 20:24:54.072: [iter 114 : loss : 0.0705 = 0.0699 + -0.0021 + 0.0054 + -0.0027, time: 13.330888]
2023-11-03 20:24:54.701: epoch 114:	0.03934454  	0.20623431  	0.14182885  
2023-11-03 20:24:54.702: Find a better model.
2023-11-03 20:25:08.429: [iter 115 : loss : 0.0691 = 0.0686 + -0.0021 + 0.0054 + -0.0028, time: 13.710537]
2023-11-03 20:25:09.003: epoch 115:	0.03942102  	0.20654801  	0.14214267  
2023-11-03 20:25:09.003: Find a better model.
2023-11-03 20:25:22.770: [iter 116 : loss : 0.0691 = 0.0685 + -0.0021 + 0.0055 + -0.0028, time: 13.746738]
2023-11-03 20:25:23.394: epoch 116:	0.03947051  	0.20650446  	0.14253403  
2023-11-03 20:25:36.907: [iter 117 : loss : 0.0695 = 0.0689 + -0.0021 + 0.0055 + -0.0028, time: 13.496787]
2023-11-03 20:25:37.501: epoch 117:	0.03946153  	0.20670290  	0.14282455  
2023-11-03 20:25:37.501: Find a better model.
2023-11-03 20:25:50.978: [iter 118 : loss : 0.0683 = 0.0677 + -0.0022 + 0.0055 + -0.0028, time: 13.460857]
2023-11-03 20:25:51.607: epoch 118:	0.03958299  	0.20704652  	0.14293501  
2023-11-03 20:25:51.608: Find a better model.
2023-11-03 20:26:05.063: [iter 119 : loss : 0.0677 = 0.0671 + -0.0022 + 0.0056 + -0.0028, time: 13.432333]
2023-11-03 20:26:05.640: epoch 119:	0.03956949  	0.20726269  	0.14318044  
2023-11-03 20:26:05.640: Find a better model.
2023-11-03 20:26:19.230: [iter 120 : loss : 0.0672 = 0.0666 + -0.0022 + 0.0056 + -0.0028, time: 13.572881]
2023-11-03 20:26:19.797: epoch 120:	0.03970445  	0.20790944  	0.14351922  
2023-11-03 20:26:19.797: Find a better model.
2023-11-03 20:26:33.580: [iter 121 : loss : 0.0679 = 0.0673 + -0.0021 + 0.0057 + -0.0028, time: 13.766458]
2023-11-03 20:26:34.192: epoch 121:	0.03973143  	0.20804138  	0.14350505  
2023-11-03 20:26:34.192: Find a better model.
2023-11-03 20:26:47.656: [iter 122 : loss : 0.0674 = 0.0667 + -0.0021 + 0.0057 + -0.0028, time: 13.445140]
2023-11-03 20:26:48.271: epoch 122:	0.03981693  	0.20861338  	0.14379992  
2023-11-03 20:26:48.271: Find a better model.
2023-11-03 20:27:02.197: [iter 123 : loss : 0.0658 = 0.0650 + -0.0021 + 0.0057 + -0.0028, time: 13.909906]
2023-11-03 20:27:02.840: epoch 123:	0.03980347  	0.20867567  	0.14390299  
2023-11-03 20:27:02.840: Find a better model.
2023-11-03 20:27:16.211: [iter 124 : loss : 0.0655 = 0.0647 + -0.0022 + 0.0058 + -0.0028, time: 13.345171]
2023-11-03 20:27:16.833: epoch 124:	0.03977644  	0.20843250  	0.14397196  
2023-11-03 20:27:30.525: [iter 125 : loss : 0.0654 = 0.0647 + -0.0022 + 0.0058 + -0.0029, time: 13.675717]
2023-11-03 20:27:31.144: epoch 125:	0.03983944  	0.20837404  	0.14414677  
2023-11-03 20:27:44.530: [iter 126 : loss : 0.0655 = 0.0647 + -0.0022 + 0.0058 + -0.0029, time: 13.370038]
2023-11-03 20:27:45.155: epoch 126:	0.03997440  	0.20937414  	0.14454553  
2023-11-03 20:27:45.155: Find a better model.
2023-11-03 20:27:59.028: [iter 127 : loss : 0.0645 = 0.0637 + -0.0022 + 0.0059 + -0.0029, time: 13.853504]
2023-11-03 20:27:59.663: epoch 127:	0.04000141  	0.20974106  	0.14469282  
2023-11-03 20:27:59.663: Find a better model.
2023-11-03 20:28:13.046: [iter 128 : loss : 0.0641 = 0.0633 + -0.0022 + 0.0059 + -0.0029, time: 13.365936]
2023-11-03 20:28:13.689: epoch 128:	0.04007343  	0.21009284  	0.14475401  
2023-11-03 20:28:13.690: Find a better model.
2023-11-03 20:28:27.108: [iter 129 : loss : 0.0644 = 0.0636 + -0.0023 + 0.0059 + -0.0029, time: 13.401303]
2023-11-03 20:28:27.741: epoch 129:	0.04044233  	0.21219322  	0.14562798  
2023-11-03 20:28:27.741: Find a better model.
2023-11-03 20:28:41.215: [iter 130 : loss : 0.0641 = 0.0634 + -0.0023 + 0.0060 + -0.0029, time: 13.453643]
2023-11-03 20:28:41.840: epoch 130:	0.04037034  	0.21170762  	0.14574875  
2023-11-03 20:28:55.044: [iter 131 : loss : 0.0642 = 0.0634 + -0.0023 + 0.0060 + -0.0029, time: 13.185003]
2023-11-03 20:28:55.683: epoch 131:	0.04033883  	0.21112379  	0.14573303  
2023-11-03 20:29:09.084: [iter 132 : loss : 0.0625 = 0.0616 + -0.0023 + 0.0060 + -0.0029, time: 13.383098]
2023-11-03 20:29:09.713: epoch 132:	0.04029386  	0.21106088  	0.14577803  
2023-11-03 20:29:22.875: [iter 133 : loss : 0.0626 = 0.0617 + -0.0023 + 0.0061 + -0.0029, time: 13.141793]
2023-11-03 20:29:23.499: epoch 133:	0.04046932  	0.21214071  	0.14578508  
2023-11-03 20:29:36.805: [iter 134 : loss : 0.0635 = 0.0626 + -0.0022 + 0.0061 + -0.0029, time: 13.288194]
2023-11-03 20:29:37.433: epoch 134:	0.04053682  	0.21245472  	0.14601260  
2023-11-03 20:29:37.433: Find a better model.
2023-11-03 20:29:50.835: [iter 135 : loss : 0.0622 = 0.0613 + -0.0023 + 0.0061 + -0.0029, time: 13.384478]
2023-11-03 20:29:51.462: epoch 135:	0.04046932  	0.21197334  	0.14586517  
2023-11-03 20:30:04.738: [iter 136 : loss : 0.0617 = 0.0608 + -0.0023 + 0.0062 + -0.0030, time: 13.256831]
2023-11-03 20:30:05.369: epoch 136:	0.04059530  	0.21227123  	0.14610727  
2023-11-03 20:30:18.728: [iter 137 : loss : 0.0618 = 0.0609 + -0.0023 + 0.0062 + -0.0030, time: 13.338569]
2023-11-03 20:30:19.354: epoch 137:	0.04049634  	0.21144018  	0.14600605  
2023-11-03 20:30:32.933: [iter 138 : loss : 0.0613 = 0.0604 + -0.0023 + 0.0062 + -0.0030, time: 13.563062]
2023-11-03 20:30:33.573: epoch 138:	0.04058181  	0.21253204  	0.14633337  
2023-11-03 20:30:33.573: Find a better model.
2023-11-03 20:30:46.852: [iter 139 : loss : 0.0610 = 0.0601 + -0.0024 + 0.0063 + -0.0030, time: 13.252660]
2023-11-03 20:30:47.413: epoch 139:	0.04068076  	0.21315368  	0.14663292  
2023-11-03 20:30:47.413: Find a better model.
2023-11-03 20:31:01.290: [iter 140 : loss : 0.0606 = 0.0596 + -0.0023 + 0.0063 + -0.0030, time: 13.859859]
2023-11-03 20:31:01.925: epoch 140:	0.04078428  	0.21335807  	0.14695282  
2023-11-03 20:31:01.925: Find a better model.
2023-11-03 20:31:15.157: [iter 141 : loss : 0.0595 = 0.0586 + -0.0024 + 0.0063 + -0.0030, time: 13.212802]
2023-11-03 20:31:15.753: epoch 141:	0.04087873  	0.21423317  	0.14730008  
2023-11-03 20:31:15.753: Find a better model.
2023-11-03 20:31:29.081: [iter 142 : loss : 0.0593 = 0.0583 + -0.0023 + 0.0064 + -0.0030, time: 13.307387]
2023-11-03 20:31:29.703: epoch 142:	0.04090573  	0.21411873  	0.14713764  
2023-11-03 20:31:42.916: [iter 143 : loss : 0.0589 = 0.0579 + -0.0023 + 0.0064 + -0.0030, time: 13.197851]
2023-11-03 20:31:43.533: epoch 143:	0.04099122  	0.21436982  	0.14748150  
2023-11-03 20:31:43.533: Find a better model.
2023-11-03 20:31:56.836: [iter 144 : loss : 0.0592 = 0.0582 + -0.0024 + 0.0064 + -0.0030, time: 13.288052]
2023-11-03 20:31:57.471: epoch 144:	0.04106769  	0.21465483  	0.14784437  
2023-11-03 20:31:57.471: Find a better model.
2023-11-03 20:32:10.833: [iter 145 : loss : 0.0589 = 0.0579 + -0.0024 + 0.0064 + -0.0030, time: 13.342938]
2023-11-03 20:32:11.459: epoch 145:	0.04108117  	0.21544880  	0.14813009  
2023-11-03 20:32:11.459: Find a better model.
2023-11-03 20:32:24.950: [iter 146 : loss : 0.0587 = 0.0576 + -0.0024 + 0.0065 + -0.0030, time: 13.472046]
2023-11-03 20:32:25.577: epoch 146:	0.04118916  	0.21523556  	0.14797339  
2023-11-03 20:32:38.957: [iter 147 : loss : 0.0587 = 0.0577 + -0.0024 + 0.0065 + -0.0030, time: 13.361341]
2023-11-03 20:32:39.590: epoch 147:	0.04109465  	0.21532007  	0.14812186  
2023-11-03 20:32:52.962: [iter 148 : loss : 0.0584 = 0.0574 + -0.0024 + 0.0065 + -0.0031, time: 13.351173]
2023-11-03 20:32:53.587: epoch 148:	0.04119364  	0.21566181  	0.14810827  
2023-11-03 20:32:53.587: Find a better model.
2023-11-03 20:33:06.821: [iter 149 : loss : 0.0579 = 0.0568 + -0.0024 + 0.0066 + -0.0031, time: 13.216035]
2023-11-03 20:33:07.447: epoch 149:	0.04128812  	0.21614341  	0.14843975  
2023-11-03 20:33:07.447: Find a better model.
2023-11-03 20:33:21.012: [iter 150 : loss : 0.0573 = 0.0563 + -0.0025 + 0.0066 + -0.0031, time: 13.546601]
2023-11-03 20:33:21.652: epoch 150:	0.04127461  	0.21613429  	0.14832427  
2023-11-03 20:33:35.053: [iter 151 : loss : 0.0573 = 0.0561 + -0.0024 + 0.0066 + -0.0031, time: 13.380025]
2023-11-03 20:33:35.651: epoch 151:	0.04135107  	0.21666269  	0.14860237  
2023-11-03 20:33:35.651: Find a better model.
2023-11-03 20:33:49.200: [iter 152 : loss : 0.0573 = 0.0561 + -0.0024 + 0.0067 + -0.0031, time: 13.523760]
2023-11-03 20:33:49.828: epoch 152:	0.04120263  	0.21601124  	0.14846841  
2023-11-03 20:34:03.257: [iter 153 : loss : 0.0560 = 0.0548 + -0.0024 + 0.0067 + -0.0031, time: 13.409941]
2023-11-03 20:34:03.884: epoch 153:	0.04114863  	0.21592581  	0.14855854  
2023-11-03 20:34:17.440: [iter 154 : loss : 0.0556 = 0.0544 + -0.0024 + 0.0067 + -0.0031, time: 13.539985]
2023-11-03 20:34:18.083: epoch 154:	0.04131511  	0.21681248  	0.14872037  
2023-11-03 20:34:18.084: Find a better model.
2023-11-03 20:34:31.413: [iter 155 : loss : 0.0557 = 0.0545 + -0.0025 + 0.0068 + -0.0031, time: 13.311752]
2023-11-03 20:34:32.024: epoch 155:	0.04155354  	0.21757321  	0.14916505  
2023-11-03 20:34:32.025: Find a better model.
2023-11-03 20:34:45.432: [iter 156 : loss : 0.0559 = 0.0547 + -0.0024 + 0.0068 + -0.0031, time: 13.392850]
2023-11-03 20:34:46.067: epoch 156:	0.04143656  	0.21683407  	0.14898488  
2023-11-03 20:34:59.478: [iter 157 : loss : 0.0563 = 0.0551 + -0.0025 + 0.0068 + -0.0031, time: 13.393003]
2023-11-03 20:35:00.084: epoch 157:	0.04156252  	0.21738437  	0.14933535  
2023-11-03 20:35:13.480: [iter 158 : loss : 0.0553 = 0.0541 + -0.0024 + 0.0069 + -0.0031, time: 13.376444]
2023-11-03 20:35:14.112: epoch 158:	0.04147710  	0.21692708  	0.14932492  
2023-11-03 20:35:27.408: [iter 159 : loss : 0.0549 = 0.0536 + -0.0025 + 0.0069 + -0.0031, time: 13.269829]
2023-11-03 20:35:28.037: epoch 159:	0.04140509  	0.21677543  	0.14933728  
2023-11-03 20:35:41.432: [iter 160 : loss : 0.0551 = 0.0538 + -0.0025 + 0.0069 + -0.0031, time: 13.375853]
2023-11-03 20:35:42.056: epoch 160:	0.04150856  	0.21711610  	0.14958668  
2023-11-03 20:35:55.424: [iter 161 : loss : 0.0543 = 0.0531 + -0.0025 + 0.0069 + -0.0031, time: 13.350084]
2023-11-03 20:35:56.056: epoch 161:	0.04154903  	0.21731979  	0.14951125  
2023-11-03 20:36:09.751: [iter 162 : loss : 0.0553 = 0.0539 + -0.0024 + 0.0070 + -0.0032, time: 13.673902]
2023-11-03 20:36:10.386: epoch 162:	0.04159403  	0.21760276  	0.14952302  
2023-11-03 20:36:10.386: Find a better model.
2023-11-03 20:36:23.746: [iter 163 : loss : 0.0541 = 0.0529 + -0.0025 + 0.0070 + -0.0032, time: 13.341729]
2023-11-03 20:36:24.332: epoch 163:	0.04170652  	0.21818140  	0.14970277  
2023-11-03 20:36:24.332: Find a better model.
2023-11-03 20:36:37.788: [iter 164 : loss : 0.0540 = 0.0527 + -0.0025 + 0.0070 + -0.0032, time: 13.432923]
2023-11-03 20:36:38.414: epoch 164:	0.04171550  	0.21776746  	0.14961910  
2023-11-03 20:36:51.780: [iter 165 : loss : 0.0540 = 0.0527 + -0.0025 + 0.0071 + -0.0032, time: 13.345236]
2023-11-03 20:36:52.411: epoch 165:	0.04167952  	0.21810623  	0.14981797  
2023-11-03 20:37:05.946: [iter 166 : loss : 0.0532 = 0.0518 + -0.0025 + 0.0071 + -0.0032, time: 13.513332]
2023-11-03 20:37:06.581: epoch 166:	0.04176049  	0.21837969  	0.15008214  
2023-11-03 20:37:06.581: Find a better model.
2023-11-03 20:37:20.125: [iter 167 : loss : 0.0539 = 0.0525 + -0.0026 + 0.0071 + -0.0032, time: 13.526121]
2023-11-03 20:37:20.739: epoch 167:	0.04180096  	0.21840027  	0.15004961  
2023-11-03 20:37:20.740: Find a better model.
2023-11-03 20:37:34.088: [iter 168 : loss : 0.0536 = 0.0522 + -0.0025 + 0.0071 + -0.0032, time: 13.328980]
2023-11-03 20:37:34.710: epoch 168:	0.04180099  	0.21880145  	0.15033454  
2023-11-03 20:37:34.710: Find a better model.
2023-11-03 20:37:48.230: [iter 169 : loss : 0.0526 = 0.0512 + -0.0026 + 0.0072 + -0.0032, time: 13.503028]
2023-11-03 20:37:48.849: epoch 169:	0.04181899  	0.21894464  	0.15054812  
2023-11-03 20:37:48.850: Find a better model.
2023-11-03 20:38:02.379: [iter 170 : loss : 0.0528 = 0.0513 + -0.0026 + 0.0072 + -0.0032, time: 13.509644]
2023-11-03 20:38:02.981: epoch 170:	0.04180999  	0.21929125  	0.15057677  
2023-11-03 20:38:02.981: Find a better model.
2023-11-03 20:38:16.392: [iter 171 : loss : 0.0521 = 0.0506 + -0.0025 + 0.0072 + -0.0032, time: 13.388145]
2023-11-03 20:38:17.021: epoch 171:	0.04176951  	0.21881905  	0.15045467  
2023-11-03 20:38:30.545: [iter 172 : loss : 0.0525 = 0.0511 + -0.0026 + 0.0073 + -0.0032, time: 13.505637]
2023-11-03 20:38:31.147: epoch 172:	0.04170653  	0.21809724  	0.15029317  
2023-11-03 20:38:44.570: [iter 173 : loss : 0.0528 = 0.0514 + -0.0026 + 0.0073 + -0.0032, time: 13.400702]
2023-11-03 20:38:45.148: epoch 173:	0.04194947  	0.21951731  	0.15093927  
2023-11-03 20:38:45.148: Find a better model.
2023-11-03 20:38:58.748: [iter 174 : loss : 0.0514 = 0.0499 + -0.0026 + 0.0073 + -0.0032, time: 13.578525]
2023-11-03 20:38:59.406: epoch 174:	0.04199895  	0.21981685  	0.15131630  
2023-11-03 20:38:59.406: Find a better model.
2023-11-03 20:39:12.927: [iter 175 : loss : 0.0518 = 0.0503 + -0.0026 + 0.0073 + -0.0032, time: 13.500296]
2023-11-03 20:39:13.563: epoch 175:	0.04190448  	0.21938598  	0.15134130  
2023-11-03 20:39:26.795: [iter 176 : loss : 0.0514 = 0.0499 + -0.0026 + 0.0074 + -0.0032, time: 13.211132]
2023-11-03 20:39:27.406: epoch 176:	0.04225989  	0.22103053  	0.15195327  
2023-11-03 20:39:27.406: Find a better model.
2023-11-03 20:39:40.780: [iter 177 : loss : 0.0512 = 0.0497 + -0.0026 + 0.0074 + -0.0033, time: 13.351222]
2023-11-03 20:39:41.401: epoch 177:	0.04221939  	0.22148442  	0.15199821  
2023-11-03 20:39:41.401: Find a better model.
2023-11-03 20:39:54.744: [iter 178 : loss : 0.0513 = 0.0498 + -0.0026 + 0.0074 + -0.0033, time: 13.327657]
2023-11-03 20:39:55.350: epoch 178:	0.04225535  	0.22160974  	0.15207623  
2023-11-03 20:39:55.350: Find a better model.
2023-11-03 20:40:08.907: [iter 179 : loss : 0.0507 = 0.0491 + -0.0026 + 0.0074 + -0.0033, time: 13.539175]
2023-11-03 20:40:09.482: epoch 179:	0.04216991  	0.22103801  	0.15191011  
2023-11-03 20:40:22.797: [iter 180 : loss : 0.0509 = 0.0493 + -0.0026 + 0.0075 + -0.0033, time: 13.296942]
2023-11-03 20:40:23.370: epoch 180:	0.04212944  	0.22061518  	0.15184736  
2023-11-03 20:40:36.831: [iter 181 : loss : 0.0503 = 0.0488 + -0.0027 + 0.0075 + -0.0033, time: 13.441731]
2023-11-03 20:40:37.433: epoch 181:	0.04211144  	0.22066446  	0.15181462  
2023-11-03 20:40:51.097: [iter 182 : loss : 0.0505 = 0.0489 + -0.0026 + 0.0075 + -0.0033, time: 13.643933]
2023-11-03 20:40:51.678: epoch 182:	0.04237238  	0.22203463  	0.15251207  
2023-11-03 20:40:51.678: Find a better model.
2023-11-03 20:41:05.158: [iter 183 : loss : 0.0494 = 0.0477 + -0.0026 + 0.0076 + -0.0033, time: 13.462368]
2023-11-03 20:41:05.795: epoch 183:	0.04217893  	0.22104077  	0.15226279  
2023-11-03 20:41:19.303: [iter 184 : loss : 0.0500 = 0.0484 + -0.0027 + 0.0076 + -0.0033, time: 13.487964]
2023-11-03 20:41:19.939: epoch 184:	0.04213843  	0.22068810  	0.15219097  
2023-11-03 20:41:33.487: [iter 185 : loss : 0.0504 = 0.0487 + -0.0026 + 0.0076 + -0.0033, time: 13.526172]
2023-11-03 20:41:34.114: epoch 185:	0.04233187  	0.22140510  	0.15268299  
2023-11-03 20:41:47.704: [iter 186 : loss : 0.0501 = 0.0485 + -0.0027 + 0.0076 + -0.0033, time: 13.572049]
2023-11-03 20:41:48.306: epoch 186:	0.04219243  	0.22075304  	0.15249504  
2023-11-03 20:42:01.820: [iter 187 : loss : 0.0489 = 0.0472 + -0.0026 + 0.0077 + -0.0033, time: 13.495167]
2023-11-03 20:42:02.432: epoch 187:	0.04229590  	0.22146361  	0.15265799  
2023-11-03 20:42:15.863: [iter 188 : loss : 0.0492 = 0.0475 + -0.0027 + 0.0077 + -0.0033, time: 13.409777]
2023-11-03 20:42:16.491: epoch 188:	0.04225994  	0.22111161  	0.15266341  
2023-11-03 20:42:29.790: [iter 189 : loss : 0.0499 = 0.0482 + -0.0027 + 0.0077 + -0.0033, time: 13.283628]
2023-11-03 20:42:30.421: epoch 189:	0.04232292  	0.22158375  	0.15286483  
2023-11-03 20:42:43.880: [iter 190 : loss : 0.0488 = 0.0471 + -0.0027 + 0.0077 + -0.0033, time: 13.440270]
2023-11-03 20:42:44.512: epoch 190:	0.04238137  	0.22207773  	0.15303940  
2023-11-03 20:42:44.513: Find a better model.
2023-11-03 20:42:57.856: [iter 191 : loss : 0.0489 = 0.0472 + -0.0027 + 0.0078 + -0.0033, time: 13.324839]
2023-11-03 20:42:58.490: epoch 191:	0.04234089  	0.22152659  	0.15284321  
2023-11-03 20:43:11.930: [iter 192 : loss : 0.0485 = 0.0467 + -0.0027 + 0.0078 + -0.0033, time: 13.419964]
2023-11-03 20:43:12.517: epoch 192:	0.04240388  	0.22160269  	0.15294519  
2023-11-03 20:43:25.824: [iter 193 : loss : 0.0484 = 0.0466 + -0.0027 + 0.0078 + -0.0034, time: 13.289703]
2023-11-03 20:43:26.470: epoch 193:	0.04229592  	0.22137937  	0.15288033  
2023-11-03 20:43:39.819: [iter 194 : loss : 0.0484 = 0.0465 + -0.0027 + 0.0078 + -0.0034, time: 13.322705]
2023-11-03 20:43:40.435: epoch 194:	0.04224192  	0.22119308  	0.15290475  
2023-11-03 20:43:54.002: [iter 195 : loss : 0.0486 = 0.0469 + -0.0027 + 0.0079 + -0.0034, time: 13.548159]
2023-11-03 20:43:54.582: epoch 195:	0.04220145  	0.22080916  	0.15280384  
2023-11-03 20:44:07.899: [iter 196 : loss : 0.0478 = 0.0460 + -0.0027 + 0.0079 + -0.0034, time: 13.295003]
2023-11-03 20:44:08.469: epoch 196:	0.04226439  	0.22057599  	0.15293258  
2023-11-03 20:44:21.956: [iter 197 : loss : 0.0479 = 0.0461 + -0.0027 + 0.0079 + -0.0034, time: 13.467630]
2023-11-03 20:44:22.562: epoch 197:	0.04230943  	0.22132069  	0.15304689  
2023-11-03 20:44:36.013: [iter 198 : loss : 0.0478 = 0.0459 + -0.0027 + 0.0079 + -0.0034, time: 13.426893]
2023-11-03 20:44:36.622: epoch 198:	0.04232290  	0.22133289  	0.15283272  
2023-11-03 20:44:50.058: [iter 199 : loss : 0.0479 = 0.0460 + -0.0027 + 0.0080 + -0.0034, time: 13.418863]
2023-11-03 20:44:50.687: epoch 199:	0.04243536  	0.22151507  	0.15327227  
2023-11-03 20:45:04.055: [iter 200 : loss : 0.0468 = 0.0449 + -0.0027 + 0.0080 + -0.0034, time: 13.350331]
2023-11-03 20:45:04.609: epoch 200:	0.04235442  	0.22151525  	0.15332429  
2023-11-03 20:45:04.609: Early stopping is trigger at epoch: 200
2023-11-03 20:45:04.609: best_result@epoch 190:

2023-11-03 20:45:04.609: 		0.0424      	0.2221      	0.1530      
