2023-09-02 13:32:23.835: my pid: 13401
2023-09-02 13:32:23.835: model: model.general_recommender.GNNEC
2023-09-02 13:32:23.836: Dataset statistics:
Name: gowalla-20core
The number of users: 11113
The number of items: 18074
The number of ratings: 523315
Average actions of users: 47.09
Average actions of items: 28.95
The sparsity of the dataset: 99.739458%

The number of training: 475362
The number of validation: 0
The number of testing: 47953
2023-09-02 13:32:23.836: NeuRec:[NeuRec]:
recommender=GNNEC
dataset=gowalla-20core
file_column=UI
sep=','
gpu_id=0
gpu_mem=0.99
metric=["Precision", "Recall", "NDCG"]
top_k=[20]
test_thread=8
test_batch_size=128
seed=2021
start_testing_epoch=0

GNNEC:[hyperparameters]:
mf_reg=1e-4
svd_q=5
aug_type=ND
reg=1e-4
embed_size=32
n_layers=2
ssl_reg=0.02
ssl_ratio=0.5
ssl_temp=0.8
ssl_mode=both_side
lr=1e-3
learner=adam
adj_type=pre
epochs=300
batch_size=2048
num_negatives=1
param_init=xavier_uniform
stddev=0.01
verbose=1
stop_cnt=10
pretrain_flag=0
save_flag=0

Command line:
recommender=GNNEC
dataset=gowalla-20core
epochs=300
n_layers=2
embed_size=32
batch_size=2048
lr=1e-3
aug_type=ND
reg=1e-4
ssl_reg=0.02
ssl_ratio=0.5
ssl_temp=0.8
mf_reg=1e-4
svd_q=5
2023-09-02 13:32:28.696: metrics:	Precision@20	Recall@20   	NDCG@20     
2023-09-02 13:32:41.267: [iter 1 : loss : 0.9590 = 0.6126 + 0.3447 + 0.0000 + 0.0017, time: 12.570448]
2023-09-02 13:32:41.914: epoch 1:	0.01888836  	0.09932725  	0.06595778  
2023-09-02 13:32:41.914: Find a better model.
2023-09-02 13:32:53.769: [iter 2 : loss : 0.7134 = 0.4240 + 0.2878 + 0.0002 + 0.0015, time: 11.835560]
2023-09-02 13:32:54.407: epoch 2:	0.02029218  	0.10666074  	0.07252648  
2023-09-02 13:32:54.407: Find a better model.
2023-09-02 13:33:06.242: [iter 3 : loss : 0.6112 = 0.3482 + 0.2613 + 0.0003 + 0.0013, time: 11.813036]
2023-09-02 13:33:06.885: epoch 3:	0.02128205  	0.11217361  	0.07745256  
2023-09-02 13:33:06.885: Find a better model.
2023-09-02 13:33:18.741: [iter 4 : loss : 0.5530 = 0.3063 + 0.2451 + 0.0004 + 0.0012, time: 11.835916]
2023-09-02 13:33:19.384: epoch 4:	0.02215943  	0.11679766  	0.08101874  
2023-09-02 13:33:19.384: Find a better model.
2023-09-02 13:33:31.189: [iter 5 : loss : 0.5128 = 0.2781 + 0.2331 + 0.0005 + 0.0012, time: 11.784033]
2023-09-02 13:33:31.832: epoch 5:	0.02291984  	0.12148183  	0.08412505  
2023-09-02 13:33:31.832: Find a better model.
2023-09-02 13:33:43.663: [iter 6 : loss : 0.4842 = 0.2589 + 0.2236 + 0.0006 + 0.0011, time: 11.815535]
2023-09-02 13:33:44.293: epoch 6:	0.02352715  	0.12447450  	0.08646936  
2023-09-02 13:33:44.293: Find a better model.
2023-09-02 13:33:56.077: [iter 7 : loss : 0.4610 = 0.2436 + 0.2157 + 0.0006 + 0.0011, time: 11.765462]
2023-09-02 13:33:56.721: epoch 7:	0.02391402  	0.12649173  	0.08786568  
2023-09-02 13:33:56.721: Find a better model.
2023-09-02 13:34:08.554: [iter 8 : loss : 0.4443 = 0.2336 + 0.2090 + 0.0007 + 0.0011, time: 11.814552]
2023-09-02 13:34:09.114: epoch 8:	0.02434589  	0.12889992  	0.08942275  
2023-09-02 13:34:09.114: Find a better model.
2023-09-02 13:34:20.954: [iter 9 : loss : 0.4286 = 0.2240 + 0.2028 + 0.0008 + 0.0010, time: 11.824446]
2023-09-02 13:34:21.599: epoch 9:	0.02467878  	0.13034423  	0.09061329  
2023-09-02 13:34:21.599: Find a better model.
2023-09-02 13:34:33.406: [iter 10 : loss : 0.4156 = 0.2159 + 0.1978 + 0.0008 + 0.0010, time: 11.787086]
2023-09-02 13:34:34.037: epoch 10:	0.02500717  	0.13219915  	0.09177979  
2023-09-02 13:34:34.038: Find a better model.
2023-09-02 13:34:45.861: [iter 11 : loss : 0.4042 = 0.2096 + 0.1928 + 0.0009 + 0.0010, time: 11.800016]
2023-09-02 13:34:46.483: epoch 11:	0.02519161  	0.13322516  	0.09256899  
2023-09-02 13:34:46.483: Find a better model.
2023-09-02 13:34:58.325: [iter 12 : loss : 0.3931 = 0.2030 + 0.1883 + 0.0009 + 0.0010, time: 11.825089]
2023-09-02 13:34:58.978: epoch 12:	0.02546603  	0.13433373  	0.09323900  
2023-09-02 13:34:58.978: Find a better model.
2023-09-02 13:35:10.895: [iter 13 : loss : 0.3835 = 0.1975 + 0.1840 + 0.0010 + 0.0009, time: 11.900366]
2023-09-02 13:35:11.540: epoch 13:	0.02569095  	0.13554554  	0.09404995  
2023-09-02 13:35:11.540: Find a better model.
2023-09-02 13:35:23.455: [iter 14 : loss : 0.3756 = 0.1936 + 0.1800 + 0.0011 + 0.0009, time: 11.896262]
2023-09-02 13:35:24.081: epoch 14:	0.02587989  	0.13642229  	0.09463766  
2023-09-02 13:35:24.081: Find a better model.
2023-09-02 13:35:35.920: [iter 15 : loss : 0.3692 = 0.1908 + 0.1763 + 0.0011 + 0.0009, time: 11.823529]
2023-09-02 13:35:36.557: epoch 15:	0.02606883  	0.13731737  	0.09527628  
2023-09-02 13:35:36.557: Find a better model.
2023-09-02 13:35:48.471: [iter 16 : loss : 0.3629 = 0.1876 + 0.1732 + 0.0012 + 0.0009, time: 11.898727]
2023-09-02 13:35:49.113: epoch 16:	0.02630275  	0.13825417  	0.09590222  
2023-09-02 13:35:49.113: Find a better model.
2023-09-02 13:36:00.911: [iter 17 : loss : 0.3543 = 0.1823 + 0.1699 + 0.0012 + 0.0009, time: 11.780651]
2023-09-02 13:36:01.550: epoch 17:	0.02654117  	0.13960086  	0.09671961  
2023-09-02 13:36:01.551: Find a better model.
2023-09-02 13:36:13.462: [iter 18 : loss : 0.3490 = 0.1802 + 0.1667 + 0.0013 + 0.0008, time: 11.893414]
2023-09-02 13:36:14.090: epoch 18:	0.02677961  	0.14059222  	0.09755060  
2023-09-02 13:36:14.090: Find a better model.
2023-09-02 13:36:25.951: [iter 19 : loss : 0.3432 = 0.1772 + 0.1639 + 0.0013 + 0.0008, time: 11.844893]
2023-09-02 13:36:26.579: epoch 19:	0.02694154  	0.14142814  	0.09813793  
2023-09-02 13:36:26.579: Find a better model.
2023-09-02 13:36:38.422: [iter 20 : loss : 0.3385 = 0.1756 + 0.1607 + 0.0014 + 0.0008, time: 11.827654]
2023-09-02 13:36:39.032: epoch 20:	0.02710799  	0.14219424  	0.09865951  
2023-09-02 13:36:39.032: Find a better model.
2023-09-02 13:36:50.886: [iter 21 : loss : 0.3341 = 0.1737 + 0.1581 + 0.0014 + 0.0008, time: 11.831590]
2023-09-02 13:36:51.530: epoch 21:	0.02730592  	0.14321136  	0.09932026  
2023-09-02 13:36:51.530: Find a better model.
2023-09-02 13:37:03.336: [iter 22 : loss : 0.3272 = 0.1695 + 0.1554 + 0.0015 + 0.0008, time: 11.785943]
2023-09-02 13:37:03.969: epoch 22:	0.02744537  	0.14380334  	0.09983364  
2023-09-02 13:37:03.969: Find a better model.
2023-09-02 13:37:15.689: [iter 23 : loss : 0.3214 = 0.1665 + 0.1526 + 0.0015 + 0.0008, time: 11.704495]
2023-09-02 13:37:16.328: epoch 23:	0.02762079  	0.14443265  	0.10037343  
2023-09-02 13:37:16.328: Find a better model.
2023-09-02 13:37:28.206: [iter 24 : loss : 0.3164 = 0.1642 + 0.1498 + 0.0016 + 0.0008, time: 11.858981]
2023-09-02 13:37:28.848: epoch 24:	0.02768379  	0.14455736  	0.10088859  
2023-09-02 13:37:28.849: Find a better model.
2023-09-02 13:37:40.739: [iter 25 : loss : 0.3131 = 0.1632 + 0.1475 + 0.0016 + 0.0007, time: 11.871212]
2023-09-02 13:37:41.380: epoch 25:	0.02780525  	0.14511664  	0.10144978  
2023-09-02 13:37:41.380: Find a better model.
2023-09-02 13:37:53.293: [iter 26 : loss : 0.3085 = 0.1614 + 0.1447 + 0.0017 + 0.0007, time: 11.896314]
2023-09-02 13:37:53.932: epoch 26:	0.02798067  	0.14596146  	0.10191456  
2023-09-02 13:37:53.932: Find a better model.
2023-09-02 13:38:05.969: [iter 27 : loss : 0.3034 = 0.1587 + 0.1423 + 0.0017 + 0.0007, time: 12.018750]
2023-09-02 13:38:06.621: epoch 27:	0.02815613  	0.14686963  	0.10262787  
2023-09-02 13:38:06.621: Find a better model.
2023-09-02 13:38:18.568: [iter 28 : loss : 0.3000 = 0.1577 + 0.1398 + 0.0018 + 0.0007, time: 11.929849]
2023-09-02 13:38:19.203: epoch 28:	0.02835856  	0.14796512  	0.10332237  
2023-09-02 13:38:19.203: Find a better model.
2023-09-02 13:38:30.937: [iter 29 : loss : 0.2948 = 0.1549 + 0.1374 + 0.0018 + 0.0007, time: 11.713002]
2023-09-02 13:38:31.577: epoch 29:	0.02858800  	0.14885129  	0.10406762  
2023-09-02 13:38:31.583: Find a better model.
2023-09-02 13:38:43.356: [iter 30 : loss : 0.2892 = 0.1516 + 0.1350 + 0.0019 + 0.0007, time: 11.757292]
2023-09-02 13:38:43.992: epoch 30:	0.02887593  	0.15043686  	0.10494805  
2023-09-02 13:38:43.992: Find a better model.
2023-09-02 13:38:55.423: [iter 31 : loss : 0.2869 = 0.1516 + 0.1326 + 0.0020 + 0.0007, time: 11.408097]
2023-09-02 13:38:56.056: epoch 31:	0.02904238  	0.15131588  	0.10564631  
2023-09-02 13:38:56.057: Find a better model.
2023-09-02 13:39:07.926: [iter 32 : loss : 0.2818 = 0.1488 + 0.1304 + 0.0020 + 0.0007, time: 11.844282]
2023-09-02 13:39:08.561: epoch 32:	0.02921783  	0.15222344  	0.10616806  
2023-09-02 13:39:08.561: Find a better model.
2023-09-02 13:39:20.347: [iter 33 : loss : 0.2790 = 0.1484 + 0.1279 + 0.0021 + 0.0006, time: 11.766072]
2023-09-02 13:39:20.980: epoch 33:	0.02927631  	0.15242618  	0.10647408  
2023-09-02 13:39:20.980: Find a better model.
2023-09-02 13:39:32.631: [iter 34 : loss : 0.2764 = 0.1480 + 0.1257 + 0.0021 + 0.0006, time: 11.635158]
2023-09-02 13:39:33.272: epoch 34:	0.02944727  	0.15308645  	0.10704239  
2023-09-02 13:39:33.272: Find a better model.
2023-09-02 13:39:45.007: [iter 35 : loss : 0.2715 = 0.1452 + 0.1235 + 0.0022 + 0.0006, time: 11.716504]
2023-09-02 13:39:45.618: epoch 35:	0.02964071  	0.15416291  	0.10783289  
2023-09-02 13:39:45.618: Find a better model.
2023-09-02 13:39:57.386: [iter 36 : loss : 0.2682 = 0.1442 + 0.1212 + 0.0022 + 0.0006, time: 11.750463]
2023-09-02 13:39:57.972: epoch 36:	0.02978016  	0.15487440  	0.10831536  
2023-09-02 13:39:57.972: Find a better model.
2023-09-02 13:40:09.711: [iter 37 : loss : 0.2639 = 0.1418 + 0.1192 + 0.0023 + 0.0006, time: 11.725286]
2023-09-02 13:40:10.330: epoch 37:	0.02993762  	0.15584105  	0.10894989  
2023-09-02 13:40:10.330: Find a better model.
2023-09-02 13:40:21.984: [iter 38 : loss : 0.2614 = 0.1416 + 0.1169 + 0.0023 + 0.0006, time: 11.636325]
2023-09-02 13:40:22.675: epoch 38:	0.03001409  	0.15626156  	0.10943859  
2023-09-02 13:40:22.676: Find a better model.
2023-09-02 13:40:34.372: [iter 39 : loss : 0.2584 = 0.1407 + 0.1147 + 0.0024 + 0.0006, time: 11.676846]
2023-09-02 13:40:35.016: epoch 39:	0.03010407  	0.15676096  	0.10985849  
2023-09-02 13:40:35.016: Find a better model.
2023-09-02 13:40:46.869: [iter 40 : loss : 0.2555 = 0.1399 + 0.1126 + 0.0024 + 0.0006, time: 11.832865]
2023-09-02 13:40:47.486: epoch 40:	0.03021653  	0.15727586  	0.11025476  
2023-09-02 13:40:47.487: Find a better model.
2023-09-02 13:40:59.276: [iter 41 : loss : 0.2506 = 0.1369 + 0.1106 + 0.0025 + 0.0006, time: 11.771736]
2023-09-02 13:40:59.900: epoch 41:	0.03026151  	0.15750751  	0.11066631  
2023-09-02 13:40:59.901: Find a better model.
2023-09-02 13:41:11.732: [iter 42 : loss : 0.2489 = 0.1374 + 0.1085 + 0.0025 + 0.0005, time: 11.809204]
2023-09-02 13:41:12.378: epoch 42:	0.03035148  	0.15758055  	0.11104561  
2023-09-02 13:41:12.378: Find a better model.
2023-09-02 13:41:24.151: [iter 43 : loss : 0.2478 = 0.1379 + 0.1068 + 0.0026 + 0.0005, time: 11.750851]
2023-09-02 13:41:24.763: epoch 43:	0.03046394  	0.15846266  	0.11152031  
2023-09-02 13:41:24.763: Find a better model.
2023-09-02 13:41:36.534: [iter 44 : loss : 0.2419 = 0.1342 + 0.1046 + 0.0026 + 0.0005, time: 11.755749]
2023-09-02 13:41:37.163: epoch 44:	0.03061690  	0.15939136  	0.11209890  
2023-09-02 13:41:37.164: Find a better model.
2023-09-02 13:41:49.003: [iter 45 : loss : 0.2415 = 0.1357 + 0.1026 + 0.0027 + 0.0005, time: 11.822767]
2023-09-02 13:41:49.632: epoch 45:	0.03067541  	0.15956011  	0.11237935  
2023-09-02 13:41:49.632: Find a better model.
2023-09-02 13:42:01.436: [iter 46 : loss : 0.2373 = 0.1333 + 0.1007 + 0.0027 + 0.0005, time: 11.785064]
2023-09-02 13:42:02.074: epoch 46:	0.03075188  	0.15986425  	0.11277787  
2023-09-02 13:42:02.074: Find a better model.
2023-09-02 13:42:13.911: [iter 47 : loss : 0.2329 = 0.1309 + 0.0987 + 0.0028 + 0.0005, time: 11.820984]
2023-09-02 13:42:14.554: epoch 47:	0.03090933  	0.16048522  	0.11317889  
2023-09-02 13:42:14.554: Find a better model.
2023-09-02 13:42:26.328: [iter 48 : loss : 0.2333 = 0.1333 + 0.0967 + 0.0029 + 0.0005, time: 11.759935]
2023-09-02 13:42:26.935: epoch 48:	0.03107130  	0.16133025  	0.11368297  
2023-09-02 13:42:26.935: Find a better model.
2023-09-02 13:42:38.641: [iter 49 : loss : 0.2304 = 0.1320 + 0.0950 + 0.0029 + 0.0005, time: 11.690060]
2023-09-02 13:42:39.233: epoch 49:	0.03126926  	0.16259040  	0.11426403  
2023-09-02 13:42:39.234: Find a better model.
2023-09-02 13:42:51.168: [iter 50 : loss : 0.2249 = 0.1285 + 0.0930 + 0.0030 + 0.0005, time: 11.916142]
2023-09-02 13:42:51.802: epoch 50:	0.03139072  	0.16325709  	0.11466078  
2023-09-02 13:42:51.803: Find a better model.
2023-09-02 13:43:03.643: [iter 51 : loss : 0.2232 = 0.1289 + 0.0909 + 0.0030 + 0.0004, time: 11.820819]
2023-09-02 13:43:04.289: epoch 51:	0.03137723  	0.16342217  	0.11489379  
2023-09-02 13:43:04.289: Find a better model.
2023-09-02 13:43:16.139: [iter 52 : loss : 0.2226 = 0.1301 + 0.0889 + 0.0031 + 0.0004, time: 11.833598]
2023-09-02 13:43:16.768: epoch 52:	0.03150319  	0.16375726  	0.11513926  
2023-09-02 13:43:16.768: Find a better model.
2023-09-02 13:43:28.531: [iter 53 : loss : 0.2191 = 0.1285 + 0.0871 + 0.0031 + 0.0004, time: 11.745910]
2023-09-02 13:43:29.170: epoch 53:	0.03157967  	0.16427837  	0.11551070  
2023-09-02 13:43:29.171: Find a better model.
2023-09-02 13:43:40.967: [iter 54 : loss : 0.2166 = 0.1276 + 0.0854 + 0.0032 + 0.0004, time: 11.774921]
2023-09-02 13:43:41.586: epoch 54:	0.03167415  	0.16477287  	0.11588690  
2023-09-02 13:43:41.586: Find a better model.
2023-09-02 13:43:53.369: [iter 55 : loss : 0.2166 = 0.1296 + 0.0834 + 0.0032 + 0.0004, time: 11.768018]
2023-09-02 13:43:54.024: epoch 55:	0.03173263  	0.16527875  	0.11624621  
2023-09-02 13:43:54.024: Find a better model.
2023-09-02 13:44:05.804: [iter 56 : loss : 0.2115 = 0.1262 + 0.0816 + 0.0033 + 0.0004, time: 11.760942]
2023-09-02 13:44:06.448: epoch 56:	0.03177763  	0.16538340  	0.11638871  
2023-09-02 13:44:06.449: Find a better model.
2023-09-02 13:44:18.284: [iter 57 : loss : 0.2091 = 0.1253 + 0.0801 + 0.0033 + 0.0004, time: 11.812607]
2023-09-02 13:44:18.924: epoch 57:	0.03193057  	0.16646801  	0.11702136  
2023-09-02 13:44:18.924: Find a better model.
2023-09-02 13:44:30.754: [iter 58 : loss : 0.2075 = 0.1254 + 0.0783 + 0.0034 + 0.0004, time: 11.807718]
2023-09-02 13:44:31.402: epoch 58:	0.03197107  	0.16680902  	0.11725781  
2023-09-02 13:44:31.402: Find a better model.
2023-09-02 13:44:42.816: [iter 59 : loss : 0.2074 = 0.1270 + 0.0765 + 0.0034 + 0.0004, time: 11.397586]
2023-09-02 13:44:43.441: epoch 59:	0.03206554  	0.16700245  	0.11753774  
2023-09-02 13:44:43.441: Find a better model.
2023-09-02 13:44:54.894: [iter 60 : loss : 0.2026 = 0.1240 + 0.0748 + 0.0035 + 0.0004, time: 11.430498]
2023-09-02 13:44:55.511: epoch 60:	0.03213302  	0.16714644  	0.11785879  
2023-09-02 13:44:55.512: Find a better model.
2023-09-02 13:45:06.559: [iter 61 : loss : 0.1996 = 0.1227 + 0.0730 + 0.0036 + 0.0004, time: 11.026488]
2023-09-02 13:45:07.154: epoch 61:	0.03224098  	0.16793227  	0.11833164  
2023-09-02 13:45:07.154: Find a better model.
2023-09-02 13:45:19.130: [iter 62 : loss : 0.1979 = 0.1226 + 0.0714 + 0.0036 + 0.0003, time: 11.959283]
2023-09-02 13:45:19.772: epoch 62:	0.03231295  	0.16816501  	0.11829808  
2023-09-02 13:45:19.772: Find a better model.
2023-09-02 13:45:31.617: [iter 63 : loss : 0.1959 = 0.1220 + 0.0698 + 0.0037 + 0.0003, time: 11.826721]
2023-09-02 13:45:32.256: epoch 63:	0.03245241  	0.16878055  	0.11864760  
2023-09-02 13:45:32.256: Find a better model.
2023-09-02 13:45:43.902: [iter 64 : loss : 0.1940 = 0.1222 + 0.0678 + 0.0037 + 0.0003, time: 11.626909]
2023-09-02 13:45:44.544: epoch 64:	0.03257389  	0.16957253  	0.11899732  
2023-09-02 13:45:44.544: Find a better model.
2023-09-02 13:45:56.282: [iter 65 : loss : 0.1908 = 0.1203 + 0.0665 + 0.0038 + 0.0003, time: 11.721487]
2023-09-02 13:45:56.914: epoch 65:	0.03261436  	0.16996838  	0.11931074  
2023-09-02 13:45:56.914: Find a better model.
2023-09-02 13:46:08.694: [iter 66 : loss : 0.1898 = 0.1211 + 0.0645 + 0.0038 + 0.0003, time: 11.754475]
2023-09-02 13:46:09.334: epoch 66:	0.03273582  	0.17059866  	0.11954267  
2023-09-02 13:46:09.334: Find a better model.
2023-09-02 13:46:21.136: [iter 67 : loss : 0.1884 = 0.1216 + 0.0627 + 0.0039 + 0.0003, time: 11.785990]
2023-09-02 13:46:21.766: epoch 67:	0.03283031  	0.17103182  	0.11986920  
2023-09-02 13:46:21.767: Find a better model.
2023-09-02 13:46:33.992: [iter 68 : loss : 0.1860 = 0.1206 + 0.0611 + 0.0039 + 0.0003, time: 12.208683]
2023-09-02 13:46:34.624: epoch 68:	0.03289328  	0.17130706  	0.12007608  
2023-09-02 13:46:34.624: Find a better model.
2023-09-02 13:46:46.693: [iter 69 : loss : 0.1823 = 0.1183 + 0.0597 + 0.0040 + 0.0003, time: 12.054550]
2023-09-02 13:46:47.337: epoch 69:	0.03293379  	0.17173624  	0.12034627  
2023-09-02 13:46:47.338: Find a better model.
2023-09-02 13:46:59.405: [iter 70 : loss : 0.1827 = 0.1204 + 0.0580 + 0.0040 + 0.0003, time: 12.047915]
2023-09-02 13:47:00.015: epoch 70:	0.03298775  	0.17204991  	0.12062194  
2023-09-02 13:47:00.016: Find a better model.
2023-09-02 13:47:12.059: [iter 71 : loss : 0.1808 = 0.1200 + 0.0564 + 0.0041 + 0.0003, time: 12.023420]
2023-09-02 13:47:12.709: epoch 71:	0.03305072  	0.17243320  	0.12089134  
2023-09-02 13:47:12.709: Find a better model.
2023-09-02 13:47:24.749: [iter 72 : loss : 0.1784 = 0.1190 + 0.0550 + 0.0041 + 0.0003, time: 12.018332]
2023-09-02 13:47:25.384: epoch 72:	0.03316770  	0.17292598  	0.12121139  
2023-09-02 13:47:25.384: Find a better model.
2023-09-02 13:47:37.393: [iter 73 : loss : 0.1750 = 0.1174 + 0.0532 + 0.0042 + 0.0003, time: 11.986530]
2023-09-02 13:47:38.038: epoch 73:	0.03321269  	0.17320184  	0.12138657  
2023-09-02 13:47:38.038: Find a better model.
2023-09-02 13:47:50.012: [iter 74 : loss : 0.1751 = 0.1190 + 0.0516 + 0.0043 + 0.0002, time: 11.948190]
2023-09-02 13:47:50.657: epoch 74:	0.03329816  	0.17356262  	0.12183076  
2023-09-02 13:47:50.657: Find a better model.
2023-09-02 13:48:02.723: [iter 75 : loss : 0.1719 = 0.1173 + 0.0501 + 0.0043 + 0.0002, time: 12.047636]
2023-09-02 13:48:03.370: epoch 75:	0.03333865  	0.17374927  	0.12186801  
2023-09-02 13:48:03.370: Find a better model.
2023-09-02 13:48:15.328: [iter 76 : loss : 0.1709 = 0.1178 + 0.0485 + 0.0044 + 0.0002, time: 11.940349]
2023-09-02 13:48:15.962: epoch 76:	0.03341514  	0.17411073  	0.12217071  
2023-09-02 13:48:15.962: Find a better model.
2023-09-02 13:48:27.895: [iter 77 : loss : 0.1690 = 0.1174 + 0.0469 + 0.0044 + 0.0002, time: 11.916231]
2023-09-02 13:48:28.530: epoch 77:	0.03348712  	0.17466366  	0.12240975  
2023-09-02 13:48:28.530: Find a better model.
2023-09-02 13:48:40.560: [iter 78 : loss : 0.1658 = 0.1157 + 0.0454 + 0.0045 + 0.0002, time: 12.009840]
2023-09-02 13:48:41.208: epoch 78:	0.03351862  	0.17500806  	0.12258938  
2023-09-02 13:48:41.208: Find a better model.
2023-09-02 13:48:53.177: [iter 79 : loss : 0.1650 = 0.1166 + 0.0436 + 0.0045 + 0.0002, time: 11.950481]
2023-09-02 13:48:53.810: epoch 79:	0.03355461  	0.17506962  	0.12264518  
2023-09-02 13:48:53.810: Find a better model.
2023-09-02 13:49:05.901: [iter 80 : loss : 0.1633 = 0.1161 + 0.0424 + 0.0046 + 0.0002, time: 12.071673]
2023-09-02 13:49:06.553: epoch 80:	0.03363108  	0.17539726  	0.12294915  
2023-09-02 13:49:06.553: Find a better model.
2023-09-02 13:49:18.555: [iter 81 : loss : 0.1628 = 0.1173 + 0.0407 + 0.0046 + 0.0002, time: 11.976747]
2023-09-02 13:49:19.204: epoch 81:	0.03367157  	0.17577787  	0.12314346  
2023-09-02 13:49:19.204: Find a better model.
2023-09-02 13:49:31.269: [iter 82 : loss : 0.1579 = 0.1136 + 0.0395 + 0.0047 + 0.0002, time: 12.043159]
2023-09-02 13:49:31.915: epoch 82:	0.03378404  	0.17618318  	0.12336931  
2023-09-02 13:49:31.916: Find a better model.
2023-09-02 13:49:43.838: [iter 83 : loss : 0.1582 = 0.1156 + 0.0377 + 0.0048 + 0.0002, time: 11.896571]
2023-09-02 13:49:44.464: epoch 83:	0.03388751  	0.17672910  	0.12366857  
2023-09-02 13:49:44.464: Find a better model.
2023-09-02 13:49:56.445: [iter 84 : loss : 0.1569 = 0.1156 + 0.0363 + 0.0048 + 0.0002, time: 11.963009]
2023-09-02 13:49:57.094: epoch 84:	0.03389201  	0.17652269  	0.12381584  
2023-09-02 13:50:09.178: [iter 85 : loss : 0.1530 = 0.1135 + 0.0344 + 0.0049 + 0.0002, time: 12.057973]
2023-09-02 13:50:09.829: epoch 85:	0.03395048  	0.17676680  	0.12381388  
2023-09-02 13:50:09.829: Find a better model.
