2023-09-02 12:11:45.250: my pid: 15630
2023-09-02 12:11:45.251: model: model.general_recommender.GNNEC
2023-09-02 12:11:45.251: Dataset statistics:
Name: gowalla-20core
The number of users: 11113
The number of items: 18074
The number of ratings: 523315
Average actions of users: 47.09
Average actions of items: 28.95
The sparsity of the dataset: 99.739458%

The number of training: 475362
The number of validation: 0
The number of testing: 47953
2023-09-02 12:11:45.251: NeuRec:[NeuRec]:
recommender=GNNEC
dataset=gowalla-20core
file_column=UI
sep=','
gpu_id=0
gpu_mem=0.99
metric=["Precision", "Recall", "NDCG"]
top_k=[20]
test_thread=8
test_batch_size=128
seed=2021
start_testing_epoch=0

GNNEC:[hyperparameters]:
mf_reg=0.02
svd_q=5
aug_type=ND
reg=1e-4
embed_size=32
n_layers=2
ssl_reg=0.02
ssl_ratio=0.5
ssl_temp=50
ssl_mode=both_side
lr=1e-3
learner=adam
adj_type=pre
epochs=300
batch_size=2048
num_negatives=1
param_init=xavier_uniform
stddev=0.01
verbose=1
stop_cnt=10
pretrain_flag=0
save_flag=0

Command line:
recommender=GNNEC
dataset=gowalla-20core
epochs=300
n_layers=2
embed_size=32
batch_size=2048
lr=1e-3
aug_type=ND
reg=1e-4
ssl_reg=0.02
ssl_ratio=0.5
ssl_temp=50
mf_reg=0.02
svd_q=5
2023-09-02 12:11:50.059: metrics:	Precision@20	Recall@20   	NDCG@20     
2023-09-02 12:12:02.837: [iter 1 : loss : 1.3835 = 0.6199 + 0.3818 + 0.0000 + 0.3818, time: 12.777951]
2023-09-02 12:12:03.467: epoch 1:	0.01465437  	0.07463047  	0.05067636  
2023-09-02 12:12:03.468: Find a better model.
2023-09-02 12:12:15.769: [iter 2 : loss : 1.2211 = 0.4593 + 0.3809 + 0.0001 + 0.3809, time: 12.282973]
2023-09-02 12:12:16.421: epoch 2:	0.01760151  	0.08998096  	0.06117040  
2023-09-02 12:12:16.421: Find a better model.
2023-09-02 12:12:28.720: [iter 3 : loss : 1.1451 = 0.3839 + 0.3805 + 0.0002 + 0.3805, time: 12.280854]
2023-09-02 12:12:29.334: epoch 3:	0.01943278  	0.10121493  	0.06938323  
2023-09-02 12:12:29.334: Find a better model.
2023-09-02 12:12:41.237: [iter 4 : loss : 1.0971 = 0.3364 + 0.3802 + 0.0003 + 0.3802, time: 11.885495]
2023-09-02 12:12:41.881: epoch 4:	0.02085010  	0.10903201  	0.07522851  
2023-09-02 12:12:41.881: Find a better model.
2023-09-02 12:12:53.826: [iter 5 : loss : 1.0640 = 0.3036 + 0.3800 + 0.0004 + 0.3800, time: 11.926108]
2023-09-02 12:12:54.486: epoch 5:	0.02152951  	0.11299232  	0.07846443  
2023-09-02 12:12:54.486: Find a better model.
2023-09-02 12:13:06.265: [iter 6 : loss : 1.0400 = 0.2799 + 0.3799 + 0.0004 + 0.3798, time: 11.760556]
2023-09-02 12:13:06.926: epoch 6:	0.02213694  	0.11685929  	0.08114912  
2023-09-02 12:13:06.926: Find a better model.
2023-09-02 12:13:18.691: [iter 7 : loss : 1.0212 = 0.2612 + 0.3797 + 0.0005 + 0.3797, time: 11.746426]
2023-09-02 12:13:19.339: epoch 7:	0.02266337  	0.11920704  	0.08302888  
2023-09-02 12:13:19.340: Find a better model.
2023-09-02 12:13:31.089: [iter 8 : loss : 1.0077 = 0.2479 + 0.3796 + 0.0005 + 0.3796, time: 11.727364]
2023-09-02 12:13:31.720: epoch 8:	0.02324375  	0.12197234  	0.08503819  
2023-09-02 12:13:31.720: Find a better model.
2023-09-02 12:13:43.789: [iter 9 : loss : 0.9957 = 0.2360 + 0.3796 + 0.0006 + 0.3795, time: 12.050455]
2023-09-02 12:13:44.415: epoch 9:	0.02372508  	0.12437413  	0.08671279  
2023-09-02 12:13:44.415: Find a better model.
2023-09-02 12:13:56.178: [iter 10 : loss : 0.9857 = 0.2261 + 0.3795 + 0.0006 + 0.3794, time: 11.740753]
2023-09-02 12:13:56.827: epoch 10:	0.02405347  	0.12619001  	0.08774841  
2023-09-02 12:13:56.827: Find a better model.
2023-09-02 12:14:08.654: [iter 11 : loss : 0.9774 = 0.2179 + 0.3794 + 0.0007 + 0.3794, time: 11.807704]
2023-09-02 12:14:09.283: epoch 11:	0.02434588  	0.12817772  	0.08901375  
2023-09-02 12:14:09.283: Find a better model.
2023-09-02 12:14:21.080: [iter 12 : loss : 0.9695 = 0.2101 + 0.3794 + 0.0007 + 0.3793, time: 11.781224]
2023-09-02 12:14:21.722: epoch 12:	0.02449884  	0.12876771  	0.08972602  
2023-09-02 12:14:21.722: Find a better model.
2023-09-02 12:14:33.612: [iter 13 : loss : 0.9627 = 0.2034 + 0.3793 + 0.0008 + 0.3793, time: 11.872813]
2023-09-02 12:14:34.202: epoch 13:	0.02475077  	0.12999633  	0.09069163  
2023-09-02 12:14:34.202: Find a better model.
2023-09-02 12:14:45.568: [iter 14 : loss : 0.9573 = 0.1981 + 0.3793 + 0.0008 + 0.3792, time: 11.344043]
2023-09-02 12:14:46.197: epoch 14:	0.02493071  	0.13098310  	0.09143230  
2023-09-02 12:14:46.197: Find a better model.
2023-09-02 12:14:57.612: [iter 15 : loss : 0.9533 = 0.1940 + 0.3792 + 0.0008 + 0.3792, time: 11.396921]
2023-09-02 12:14:58.238: epoch 15:	0.02518711  	0.13257957  	0.09239373  
2023-09-02 12:14:58.239: Find a better model.
2023-09-02 12:15:09.601: [iter 16 : loss : 0.9491 = 0.1899 + 0.3792 + 0.0009 + 0.3791, time: 11.346357]
2023-09-02 12:15:10.235: epoch 16:	0.02537606  	0.13348627  	0.09313499  
2023-09-02 12:15:10.235: Find a better model.
2023-09-02 12:15:21.993: [iter 17 : loss : 0.9435 = 0.1843 + 0.3792 + 0.0009 + 0.3791, time: 11.739927]
2023-09-02 12:15:22.624: epoch 17:	0.02553351  	0.13409044  	0.09352261  
2023-09-02 12:15:22.624: Find a better model.
2023-09-02 12:15:34.279: [iter 18 : loss : 0.9405 = 0.1814 + 0.3791 + 0.0009 + 0.3790, time: 11.634847]
2023-09-02 12:15:34.926: epoch 18:	0.02565946  	0.13450190  	0.09402388  
2023-09-02 12:15:34.926: Find a better model.
2023-09-02 12:15:46.598: [iter 19 : loss : 0.9367 = 0.1776 + 0.3791 + 0.0010 + 0.3790, time: 11.654454]
2023-09-02 12:15:47.229: epoch 19:	0.02584389  	0.13549268  	0.09471226  
2023-09-02 12:15:47.229: Find a better model.
2023-09-02 12:15:58.995: [iter 20 : loss : 0.9342 = 0.1751 + 0.3791 + 0.0010 + 0.3790, time: 11.748281]
2023-09-02 12:15:59.640: epoch 20:	0.02609131  	0.13671246  	0.09537627  
2023-09-02 12:15:59.640: Find a better model.
2023-09-02 12:16:11.369: [iter 21 : loss : 0.9317 = 0.1727 + 0.3791 + 0.0010 + 0.3789, time: 11.711681]
2023-09-02 12:16:12.011: epoch 21:	0.02627575  	0.13762927  	0.09581620  
2023-09-02 12:16:12.011: Find a better model.
2023-09-02 12:16:23.913: [iter 22 : loss : 0.9273 = 0.1682 + 0.3791 + 0.0011 + 0.3789, time: 11.879993]
2023-09-02 12:16:24.559: epoch 22:	0.02650066  	0.13895257  	0.09657087  
2023-09-02 12:16:24.560: Find a better model.
2023-09-02 12:16:36.387: [iter 23 : loss : 0.9241 = 0.1651 + 0.3790 + 0.0011 + 0.3789, time: 11.809594]
2023-09-02 12:16:37.037: epoch 23:	0.02662212  	0.13974783  	0.09706169  
2023-09-02 12:16:37.038: Find a better model.
2023-09-02 12:16:48.791: [iter 24 : loss : 0.9211 = 0.1621 + 0.3790 + 0.0011 + 0.3789, time: 11.734551]
2023-09-02 12:16:49.383: epoch 24:	0.02677957  	0.14042798  	0.09754668  
2023-09-02 12:16:49.383: Find a better model.
2023-09-02 12:17:01.139: [iter 25 : loss : 0.9190 = 0.1600 + 0.3790 + 0.0012 + 0.3788, time: 11.739455]
2023-09-02 12:17:01.721: epoch 25:	0.02702249  	0.14186642  	0.09834821  
2023-09-02 12:17:01.721: Find a better model.
2023-09-02 12:17:13.112: [iter 26 : loss : 0.9167 = 0.1577 + 0.3790 + 0.0012 + 0.3788, time: 11.374881]
2023-09-02 12:17:13.740: epoch 26:	0.02722043  	0.14286688  	0.09895555  
2023-09-02 12:17:13.740: Find a better model.
2023-09-02 12:17:25.205: [iter 27 : loss : 0.9137 = 0.1548 + 0.3790 + 0.0012 + 0.3788, time: 11.447916]
2023-09-02 12:17:25.796: epoch 27:	0.02745884  	0.14418498  	0.09954332  
2023-09-02 12:17:25.797: Find a better model.
2023-09-02 12:17:37.521: [iter 28 : loss : 0.9117 = 0.1527 + 0.3790 + 0.0013 + 0.3787, time: 11.707263]
2023-09-02 12:17:38.159: epoch 28:	0.02766127  	0.14513814  	0.10015870  
2023-09-02 12:17:38.159: Find a better model.
2023-09-02 12:17:49.836: [iter 29 : loss : 0.9089 = 0.1500 + 0.3789 + 0.0013 + 0.3787, time: 11.657530]
2023-09-02 12:17:50.407: epoch 29:	0.02782321  	0.14597325  	0.10057866  
2023-09-02 12:17:50.407: Find a better model.
2023-09-02 12:18:01.578: [iter 30 : loss : 0.9054 = 0.1464 + 0.3789 + 0.0013 + 0.3787, time: 11.155663]
2023-09-02 12:18:02.159: epoch 30:	0.02792218  	0.14653082  	0.10109295  
2023-09-02 12:18:02.159: Find a better model.
2023-09-02 12:18:13.886: [iter 31 : loss : 0.9045 = 0.1456 + 0.3789 + 0.0013 + 0.3787, time: 11.705932]
2023-09-02 12:18:14.502: epoch 31:	0.02808414  	0.14752695  	0.10176475  
2023-09-02 12:18:14.502: Find a better model.
2023-09-02 12:18:26.325: [iter 32 : loss : 0.9016 = 0.1427 + 0.3789 + 0.0014 + 0.3787, time: 11.805056]
2023-09-02 12:18:26.954: epoch 32:	0.02812013  	0.14768541  	0.10198876  
2023-09-02 12:18:26.954: Find a better model.
2023-09-02 12:18:38.745: [iter 33 : loss : 0.9003 = 0.1413 + 0.3789 + 0.0014 + 0.3786, time: 11.771182]
2023-09-02 12:18:39.403: epoch 33:	0.02829557  	0.14839201  	0.10244147  
2023-09-02 12:18:39.403: Find a better model.
2023-09-02 12:18:51.171: [iter 34 : loss : 0.8988 = 0.1399 + 0.3789 + 0.0014 + 0.3786, time: 11.751419]
2023-09-02 12:18:51.804: epoch 34:	0.02843951  	0.14924480  	0.10282446  
2023-09-02 12:18:51.804: Find a better model.
2023-09-02 12:19:03.609: [iter 35 : loss : 0.8963 = 0.1374 + 0.3788 + 0.0015 + 0.3786, time: 11.787626]
2023-09-02 12:19:04.248: epoch 35:	0.02861047  	0.14975785  	0.10337237  
2023-09-02 12:19:04.248: Find a better model.
2023-09-02 12:19:16.032: [iter 36 : loss : 0.8940 = 0.1351 + 0.3789 + 0.0015 + 0.3786, time: 11.767475]
2023-09-02 12:19:16.671: epoch 36:	0.02871843  	0.15032849  	0.10380917  
2023-09-02 12:19:16.671: Find a better model.
2023-09-02 12:19:28.490: [iter 37 : loss : 0.8919 = 0.1329 + 0.3788 + 0.0015 + 0.3786, time: 11.800919]
2023-09-02 12:19:29.088: epoch 37:	0.02884892  	0.15105267  	0.10437661  
2023-09-02 12:19:29.088: Find a better model.
2023-09-02 12:19:40.839: [iter 38 : loss : 0.8910 = 0.1321 + 0.3788 + 0.0015 + 0.3785, time: 11.734541]
2023-09-02 12:19:41.466: epoch 38:	0.02900186  	0.15191439  	0.10503776  
2023-09-02 12:19:41.466: Find a better model.
2023-09-02 12:19:53.191: [iter 39 : loss : 0.8894 = 0.1305 + 0.3788 + 0.0016 + 0.3785, time: 11.705899]
2023-09-02 12:19:53.826: epoch 39:	0.02916383  	0.15313271  	0.10560124  
2023-09-02 12:19:53.826: Find a better model.
2023-09-02 12:20:05.595: [iter 40 : loss : 0.8883 = 0.1294 + 0.3788 + 0.0016 + 0.3785, time: 11.751651]
2023-09-02 12:20:06.230: epoch 40:	0.02937976  	0.15432164  	0.10627044  
2023-09-02 12:20:06.231: Find a better model.
2023-09-02 12:20:18.033: [iter 41 : loss : 0.8855 = 0.1267 + 0.3788 + 0.0016 + 0.3785, time: 11.783554]
2023-09-02 12:20:18.672: epoch 41:	0.02945175  	0.15460837  	0.10676604  
2023-09-02 12:20:18.672: Find a better model.
2023-09-02 12:20:30.526: [iter 42 : loss : 0.8847 = 0.1259 + 0.3788 + 0.0017 + 0.3785, time: 11.834157]
2023-09-02 12:20:31.156: epoch 42:	0.02964970  	0.15543951  	0.10712391  
2023-09-02 12:20:31.156: Find a better model.
2023-09-02 12:20:42.945: [iter 43 : loss : 0.8842 = 0.1253 + 0.3788 + 0.0017 + 0.3784, time: 11.770077]
2023-09-02 12:20:43.543: epoch 43:	0.02984313  	0.15648945  	0.10781872  
2023-09-02 12:20:43.543: Find a better model.
2023-09-02 12:20:55.304: [iter 44 : loss : 0.8810 = 0.1221 + 0.3787 + 0.0017 + 0.3784, time: 11.747899]
2023-09-02 12:20:55.895: epoch 44:	0.03005907  	0.15736714  	0.10834760  
2023-09-02 12:20:55.895: Find a better model.
2023-09-02 12:21:07.746: [iter 45 : loss : 0.8812 = 0.1222 + 0.3788 + 0.0018 + 0.3784, time: 11.834028]
2023-09-02 12:21:08.406: epoch 45:	0.03011756  	0.15803029  	0.10881028  
2023-09-02 12:21:08.406: Find a better model.
2023-09-02 12:21:20.219: [iter 46 : loss : 0.8793 = 0.1204 + 0.3787 + 0.0018 + 0.3784, time: 11.794425]
2023-09-02 12:21:20.864: epoch 46:	0.03009507  	0.15809834  	0.10905401  
2023-09-02 12:21:20.864: Find a better model.
2023-09-02 12:21:32.909: [iter 47 : loss : 0.8770 = 0.1181 + 0.3787 + 0.0018 + 0.3784, time: 12.027958]
2023-09-02 12:21:33.543: epoch 47:	0.03015805  	0.15821905  	0.10936014  
2023-09-02 12:21:33.543: Find a better model.
2023-09-02 12:21:45.297: [iter 48 : loss : 0.8771 = 0.1182 + 0.3787 + 0.0018 + 0.3784, time: 11.734565]
2023-09-02 12:21:45.929: epoch 48:	0.03018054  	0.15853140  	0.10961859  
2023-09-02 12:21:45.930: Find a better model.
2023-09-02 12:21:57.661: [iter 49 : loss : 0.8757 = 0.1168 + 0.3787 + 0.0019 + 0.3783, time: 11.712422]
2023-09-02 12:21:58.304: epoch 49:	0.03032899  	0.15917192  	0.10993526  
2023-09-02 12:21:58.305: Find a better model.
2023-09-02 12:22:10.154: [iter 50 : loss : 0.8729 = 0.1140 + 0.3787 + 0.0019 + 0.3783, time: 11.825895]
2023-09-02 12:22:10.812: epoch 50:	0.03053143  	0.16005903  	0.11045109  
2023-09-02 12:22:10.812: Find a better model.
2023-09-02 12:22:22.553: [iter 51 : loss : 0.8725 = 0.1136 + 0.3787 + 0.0019 + 0.3783, time: 11.721081]
2023-09-02 12:22:23.212: epoch 51:	0.03061240  	0.16051814  	0.11077821  
2023-09-02 12:22:23.213: Find a better model.
2023-09-02 12:22:35.013: [iter 52 : loss : 0.8725 = 0.1136 + 0.3787 + 0.0020 + 0.3783, time: 11.781185]
2023-09-02 12:22:35.605: epoch 52:	0.03064390  	0.16065888  	0.11095332  
2023-09-02 12:22:35.605: Find a better model.
2023-09-02 12:22:47.063: [iter 53 : loss : 0.8707 = 0.1118 + 0.3786 + 0.0020 + 0.3783, time: 11.443089]
2023-09-02 12:22:47.688: epoch 53:	0.03069787  	0.16098776  	0.11131446  
2023-09-02 12:22:47.688: Find a better model.
2023-09-02 12:22:58.743: [iter 54 : loss : 0.8694 = 0.1105 + 0.3787 + 0.0020 + 0.3783, time: 11.036707]
2023-09-02 12:22:59.313: epoch 54:	0.03072486  	0.16078061  	0.11153257  
2023-09-02 12:23:11.176: [iter 55 : loss : 0.8698 = 0.1110 + 0.3786 + 0.0020 + 0.3782, time: 11.844981]
2023-09-02 12:23:11.813: epoch 55:	0.03074736  	0.16089658  	0.11171906  
2023-09-02 12:23:23.557: [iter 56 : loss : 0.8675 = 0.1086 + 0.3786 + 0.0021 + 0.3782, time: 11.724894]
2023-09-02 12:23:24.185: epoch 56:	0.03086432  	0.16130279  	0.11203450  
2023-09-02 12:23:24.185: Find a better model.
2023-09-02 12:23:35.884: [iter 57 : loss : 0.8667 = 0.1078 + 0.3786 + 0.0021 + 0.3782, time: 11.682870]
2023-09-02 12:23:36.528: epoch 57:	0.03099029  	0.16202435  	0.11242051  
2023-09-02 12:23:36.528: Find a better model.
2023-09-02 12:23:48.316: [iter 58 : loss : 0.8658 = 0.1069 + 0.3786 + 0.0021 + 0.3782, time: 11.766662]
2023-09-02 12:23:48.957: epoch 58:	0.03095880  	0.16226760  	0.11274276  
2023-09-02 12:23:48.957: Find a better model.
2023-09-02 12:24:00.707: [iter 59 : loss : 0.8658 = 0.1069 + 0.3786 + 0.0021 + 0.3782, time: 11.735614]
2023-09-02 12:24:01.364: epoch 59:	0.03108924  	0.16323288  	0.11320114  
2023-09-02 12:24:01.364: Find a better model.
2023-09-02 12:24:13.188: [iter 60 : loss : 0.8642 = 0.1053 + 0.3786 + 0.0022 + 0.3782, time: 11.802972]
2023-09-02 12:24:13.780: epoch 60:	0.03117022  	0.16345814  	0.11348862  
2023-09-02 12:24:13.780: Find a better model.
2023-09-02 12:24:25.485: [iter 61 : loss : 0.8622 = 0.1033 + 0.3786 + 0.0022 + 0.3782, time: 11.686761]
2023-09-02 12:24:26.129: epoch 61:	0.03140419  	0.16459937  	0.11404010  
2023-09-02 12:24:26.129: Find a better model.
2023-09-02 12:24:38.005: [iter 62 : loss : 0.8613 = 0.1024 + 0.3785 + 0.0022 + 0.3781, time: 11.860414]
2023-09-02 12:24:38.637: epoch 62:	0.03143117  	0.16497511  	0.11427858  
2023-09-02 12:24:38.637: Find a better model.
2023-09-02 12:24:50.421: [iter 63 : loss : 0.8612 = 0.1023 + 0.3785 + 0.0023 + 0.3781, time: 11.768161]
2023-09-02 12:24:51.043: epoch 63:	0.03148515  	0.16555212  	0.11470100  
2023-09-02 12:24:51.044: Find a better model.
2023-09-02 12:25:02.818: [iter 64 : loss : 0.8599 = 0.1010 + 0.3785 + 0.0023 + 0.3781, time: 11.758586]
2023-09-02 12:25:03.454: epoch 64:	0.03164260  	0.16604620  	0.11480511  
2023-09-02 12:25:03.454: Find a better model.
2023-09-02 12:25:15.220: [iter 65 : loss : 0.8586 = 0.0996 + 0.3786 + 0.0023 + 0.3781, time: 11.748931]
2023-09-02 12:25:15.854: epoch 65:	0.03171908  	0.16620634  	0.11504579  
2023-09-02 12:25:15.854: Find a better model.
2023-09-02 12:25:27.605: [iter 66 : loss : 0.8586 = 0.0996 + 0.3786 + 0.0023 + 0.3781, time: 11.736236]
2023-09-02 12:25:28.244: epoch 66:	0.03180905  	0.16703111  	0.11529233  
2023-09-02 12:25:28.245: Find a better model.
2023-09-02 12:25:39.997: [iter 67 : loss : 0.8580 = 0.0991 + 0.3785 + 0.0024 + 0.3781, time: 11.736563]
2023-09-02 12:25:40.647: epoch 67:	0.03188105  	0.16710588  	0.11546760  
2023-09-02 12:25:40.647: Find a better model.
2023-09-02 12:25:52.346: [iter 68 : loss : 0.8571 = 0.0981 + 0.3785 + 0.0024 + 0.3781, time: 11.683649]
2023-09-02 12:25:52.990: epoch 68:	0.03191705  	0.16739674  	0.11563769  
2023-09-02 12:25:52.990: Find a better model.
2023-09-02 12:26:04.655: [iter 69 : loss : 0.8561 = 0.0972 + 0.3785 + 0.0024 + 0.3781, time: 11.648246]
2023-09-02 12:26:05.289: epoch 69:	0.03203401  	0.16795290  	0.11589903  
2023-09-02 12:26:05.290: Find a better model.
2023-09-02 12:26:17.041: [iter 70 : loss : 0.8557 = 0.0968 + 0.3785 + 0.0024 + 0.3780, time: 11.736256]
2023-09-02 12:26:17.685: epoch 70:	0.03216897  	0.16881546  	0.11634963  
2023-09-02 12:26:17.685: Find a better model.
2023-09-02 12:26:29.469: [iter 71 : loss : 0.8552 = 0.0963 + 0.3784 + 0.0025 + 0.3780, time: 11.765319]
2023-09-02 12:26:30.080: epoch 71:	0.03218697  	0.16925381  	0.11654393  
2023-09-02 12:26:30.080: Find a better model.
2023-09-02 12:26:41.905: [iter 72 : loss : 0.8539 = 0.0949 + 0.3785 + 0.0025 + 0.3780, time: 11.810209]
2023-09-02 12:26:42.543: epoch 72:	0.03225445  	0.16955997  	0.11675130  
2023-09-02 12:26:42.544: Find a better model.
2023-09-02 12:26:54.352: [iter 73 : loss : 0.8532 = 0.0942 + 0.3784 + 0.0025 + 0.3780, time: 11.789686]
2023-09-02 12:26:54.996: epoch 73:	0.03233992  	0.16969566  	0.11697743  
2023-09-02 12:26:54.996: Find a better model.
2023-09-02 12:27:06.758: [iter 74 : loss : 0.8534 = 0.0944 + 0.3785 + 0.0025 + 0.3780, time: 11.739765]
2023-09-02 12:27:07.393: epoch 74:	0.03250639  	0.17076603  	0.11741011  
2023-09-02 12:27:07.394: Find a better model.
2023-09-02 12:27:19.184: [iter 75 : loss : 0.8519 = 0.0929 + 0.3784 + 0.0026 + 0.3780, time: 11.776447]
2023-09-02 12:27:19.818: epoch 75:	0.03251989  	0.17058821  	0.11772237  
2023-09-02 12:27:31.620: [iter 76 : loss : 0.8517 = 0.0927 + 0.3784 + 0.0026 + 0.3780, time: 11.785828]
2023-09-02 12:27:32.267: epoch 76:	0.03252438  	0.17084493  	0.11793973  
2023-09-02 12:27:32.267: Find a better model.
2023-09-02 12:27:44.048: [iter 77 : loss : 0.8512 = 0.0922 + 0.3784 + 0.0026 + 0.3780, time: 11.764757]
2023-09-02 12:27:44.688: epoch 77:	0.03257836  	0.17083414  	0.11806217  
2023-09-02 12:27:56.367: [iter 78 : loss : 0.8494 = 0.0904 + 0.3784 + 0.0026 + 0.3780, time: 11.662979]
2023-09-02 12:27:57.020: epoch 78:	0.03262784  	0.17117941  	0.11818377  
2023-09-02 12:27:57.021: Find a better model.
2023-09-02 12:28:09.174: [iter 79 : loss : 0.8498 = 0.0908 + 0.3784 + 0.0027 + 0.3779, time: 12.137781]
2023-09-02 12:28:09.799: epoch 79:	0.03282578  	0.17229322  	0.11861693  
2023-09-02 12:28:09.799: Find a better model.
2023-09-02 12:28:21.694: [iter 80 : loss : 0.8487 = 0.0897 + 0.3784 + 0.0027 + 0.3779, time: 11.876681]
2023-09-02 12:28:22.333: epoch 80:	0.03280329  	0.17222440  	0.11884987  
2023-09-02 12:28:34.104: [iter 81 : loss : 0.8490 = 0.0900 + 0.3784 + 0.0027 + 0.3779, time: 11.755381]
2023-09-02 12:28:34.750: epoch 81:	0.03291575  	0.17260250  	0.11897687  
2023-09-02 12:28:34.750: Find a better model.
2023-09-02 12:28:46.502: [iter 82 : loss : 0.8468 = 0.0878 + 0.3784 + 0.0027 + 0.3779, time: 11.731906]
2023-09-02 12:28:47.132: epoch 82:	0.03293825  	0.17293143  	0.11916371  
2023-09-02 12:28:47.132: Find a better model.
2023-09-02 12:28:58.866: [iter 83 : loss : 0.8473 = 0.0883 + 0.3784 + 0.0028 + 0.3779, time: 11.718182]
2023-09-02 12:28:59.510: epoch 83:	0.03301024  	0.17352229  	0.11954538  
2023-09-02 12:28:59.510: Find a better model.
2023-09-02 12:29:11.228: [iter 84 : loss : 0.8466 = 0.0876 + 0.3784 + 0.0028 + 0.3779, time: 11.702983]
2023-09-02 12:29:11.879: epoch 84:	0.03305971  	0.17360097  	0.11968453  
2023-09-02 12:29:11.880: Find a better model.
2023-09-02 12:29:23.649: [iter 85 : loss : 0.8451 = 0.0861 + 0.3783 + 0.0028 + 0.3779, time: 11.753489]
2023-09-02 12:29:24.283: epoch 85:	0.03314517  	0.17402582  	0.11988129  
2023-09-02 12:29:24.283: Find a better model.
2023-09-02 12:29:35.976: [iter 86 : loss : 0.8455 = 0.0865 + 0.3783 + 0.0028 + 0.3779, time: 11.678227]
2023-09-02 12:29:36.615: epoch 86:	0.03310470  	0.17428662  	0.12002342  
2023-09-02 12:29:36.615: Find a better model.
2023-09-02 12:29:48.437: [iter 87 : loss : 0.8458 = 0.0868 + 0.3783 + 0.0029 + 0.3779, time: 11.804384]
2023-09-02 12:29:49.074: epoch 87:	0.03324864  	0.17486171  	0.12043174  
2023-09-02 12:29:49.075: Find a better model.
