2023-11-03 20:46:58.172: my pid: 15919
2023-11-03 20:46:58.172: model: model.general_recommender.GNNEC
2023-11-03 20:46:58.172: Dataset statistics:
Name: gowalla-20core
The number of users: 11113
The number of items: 18074
The number of ratings: 523315
Average actions of users: 47.09
Average actions of items: 28.95
The sparsity of the dataset: 99.739458%

The number of training: 475362
The number of validation: 0
The number of testing: 47953
2023-11-03 20:46:58.172: NeuRec:[NeuRec]:
recommender=GNNEC
dataset=gowalla-20core
file_column=UI
sep=','
gpu_id=0
gpu_mem=0.99
metric=["Precision", "Recall", "NDCG"]
top_k=[20]
test_thread=8
test_batch_size=128
seed=2021
start_testing_epoch=0

GNNEC:[hyperparameters]:
mf_reg=1e-4
svd_q=5
aug_type=ND
reg=1e-4
embed_size=64
n_layers=2
ssl_reg=1e-4
ssl_ratio=0.5
ssl_temp=0.8
ssl_mode=both_side
lr=1e-3
learner=adam
adj_type=pre
epochs=200
batch_size=2048
num_negatives=1
param_init=xavier_uniform
stddev=0.01
verbose=1
stop_cnt=10
pretrain_flag=0
save_flag=0

Command line:
recommender=GNNEC
dataset=gowalla-20core
epochs=200
n_layers=2
embed_size=64
batch_size=2048
lr=1e-3
aug_type=ND
reg=1e-4
ssl_reg=1e-4
ssl_ratio=0.5
ssl_temp=0.8
mf_reg=1e-4
svd_q=5
2023-11-03 20:47:02.253: metrics:	Precision@20	Recall@20   	NDCG@20     
2023-11-03 20:47:16.641: [iter 1 : loss : 0.6218 = 0.6183 + 0.0017 + 0.0000 + 0.0017, time: 14.387953]
2023-11-03 20:47:17.315: epoch 1:	0.01928880  	0.10029879  	0.06802858  
2023-11-03 20:47:17.315: Find a better model.
2023-11-03 20:47:30.752: [iter 2 : loss : 0.4722 = 0.4691 + 0.0015 + 0.0002 + 0.0015, time: 13.417024]
2023-11-03 20:47:31.435: epoch 2:	0.02153401  	0.11273832  	0.07827291  
2023-11-03 20:47:31.435: Find a better model.
2023-11-03 20:47:44.744: [iter 3 : loss : 0.4024 = 0.3994 + 0.0014 + 0.0003 + 0.0014, time: 13.288779]
2023-11-03 20:47:45.417: epoch 3:	0.02291984  	0.11971033  	0.08351893  
2023-11-03 20:47:45.417: Find a better model.
2023-11-03 20:47:58.687: [iter 4 : loss : 0.3581 = 0.3552 + 0.0013 + 0.0003 + 0.0013, time: 13.250956]
2023-11-03 20:47:59.368: epoch 4:	0.02356764  	0.12313250  	0.08650555  
2023-11-03 20:47:59.368: Find a better model.
2023-11-03 20:48:12.688: [iter 5 : loss : 0.3296 = 0.3266 + 0.0013 + 0.0004 + 0.0013, time: 13.303156]
2023-11-03 20:48:13.313: epoch 5:	0.02407147  	0.12612648  	0.08858854  
2023-11-03 20:48:13.313: Find a better model.
2023-11-03 20:48:26.694: [iter 6 : loss : 0.3092 = 0.3063 + 0.0012 + 0.0005 + 0.0012, time: 13.365008]
2023-11-03 20:48:27.357: epoch 6:	0.02457082  	0.12940235  	0.09046250  
2023-11-03 20:48:27.357: Find a better model.
2023-11-03 20:48:40.573: [iter 7 : loss : 0.2933 = 0.2904 + 0.0012 + 0.0006 + 0.0012, time: 13.194191]
2023-11-03 20:48:41.250: epoch 7:	0.02503865  	0.13172758  	0.09170998  
2023-11-03 20:48:41.250: Find a better model.
2023-11-03 20:48:54.478: [iter 8 : loss : 0.2811 = 0.2781 + 0.0012 + 0.0006 + 0.0012, time: 13.212844]
2023-11-03 20:48:55.151: epoch 8:	0.02552900  	0.13423482  	0.09392966  
2023-11-03 20:48:55.151: Find a better model.
2023-11-03 20:49:08.564: [iter 9 : loss : 0.2699 = 0.2669 + 0.0012 + 0.0007 + 0.0011, time: 13.390826]
2023-11-03 20:49:09.239: epoch 9:	0.02592937  	0.13582332  	0.09526431  
2023-11-03 20:49:09.239: Find a better model.
2023-11-03 20:49:22.545: [iter 10 : loss : 0.2596 = 0.2566 + 0.0012 + 0.0007 + 0.0011, time: 13.288378]
2023-11-03 20:49:23.220: epoch 10:	0.02638823  	0.13824749  	0.09661984  
2023-11-03 20:49:23.221: Find a better model.
2023-11-03 20:49:36.526: [iter 11 : loss : 0.2518 = 0.2487 + 0.0012 + 0.0008 + 0.0011, time: 13.285989]
2023-11-03 20:49:37.199: epoch 11:	0.02684259  	0.14079896  	0.09810586  
2023-11-03 20:49:37.199: Find a better model.
2023-11-03 20:49:50.721: [iter 12 : loss : 0.2424 = 0.2393 + 0.0011 + 0.0008 + 0.0011, time: 13.505002]
2023-11-03 20:49:51.396: epoch 12:	0.02725195  	0.14307624  	0.09949967  
2023-11-03 20:49:51.396: Find a better model.
2023-11-03 20:50:04.728: [iter 13 : loss : 0.2352 = 0.2321 + 0.0011 + 0.0009 + 0.0011, time: 13.310867]
2023-11-03 20:50:05.376: epoch 13:	0.02744087  	0.14386252  	0.10016540  
2023-11-03 20:50:05.376: Find a better model.
2023-11-03 20:50:18.629: [iter 14 : loss : 0.2282 = 0.2251 + 0.0011 + 0.0010 + 0.0010, time: 13.234411]
2023-11-03 20:50:19.277: epoch 14:	0.02776027  	0.14555047  	0.10103600  
2023-11-03 20:50:19.277: Find a better model.
2023-11-03 20:50:32.755: [iter 15 : loss : 0.2230 = 0.2198 + 0.0011 + 0.0010 + 0.0010, time: 13.461574]
2023-11-03 20:50:33.427: epoch 15:	0.02790871  	0.14642677  	0.10193040  
2023-11-03 20:50:33.427: Find a better model.
2023-11-03 20:50:46.797: [iter 16 : loss : 0.2183 = 0.2151 + 0.0011 + 0.0011 + 0.0010, time: 13.350623]
2023-11-03 20:50:47.445: epoch 16:	0.02817862  	0.14803642  	0.10292054  
2023-11-03 20:50:47.445: Find a better model.
2023-11-03 20:51:00.842: [iter 17 : loss : 0.2113 = 0.2081 + 0.0011 + 0.0011 + 0.0010, time: 13.377040]
2023-11-03 20:51:01.519: epoch 17:	0.02843505  	0.14890619  	0.10353994  
2023-11-03 20:51:01.519: Find a better model.
2023-11-03 20:51:14.933: [iter 18 : loss : 0.2073 = 0.2040 + 0.0011 + 0.0012 + 0.0010, time: 13.395305]
2023-11-03 20:51:15.608: epoch 18:	0.02860599  	0.14965688  	0.10419781  
2023-11-03 20:51:15.609: Find a better model.
2023-11-03 20:51:29.005: [iter 19 : loss : 0.2024 = 0.1992 + 0.0011 + 0.0012 + 0.0010, time: 13.377733]
2023-11-03 20:51:29.666: epoch 19:	0.02878144  	0.15023935  	0.10502587  
2023-11-03 20:51:29.666: Find a better model.
2023-11-03 20:51:42.975: [iter 20 : loss : 0.1986 = 0.1953 + 0.0011 + 0.0013 + 0.0010, time: 13.290787]
2023-11-03 20:51:43.649: epoch 20:	0.02895241  	0.15155619  	0.10532431  
2023-11-03 20:51:43.649: Find a better model.
2023-11-03 20:51:56.943: [iter 21 : loss : 0.1955 = 0.1921 + 0.0011 + 0.0013 + 0.0010, time: 13.276433]
2023-11-03 20:51:57.559: epoch 21:	0.02906486  	0.15184121  	0.10589853  
2023-11-03 20:51:57.560: Find a better model.
2023-11-03 20:52:10.939: [iter 22 : loss : 0.1909 = 0.1875 + 0.0011 + 0.0014 + 0.0010, time: 13.359207]
2023-11-03 20:52:11.626: epoch 22:	0.02931679  	0.15303397  	0.10678823  
2023-11-03 20:52:11.627: Find a better model.
2023-11-03 20:52:24.905: [iter 23 : loss : 0.1863 = 0.1828 + 0.0011 + 0.0014 + 0.0009, time: 13.254067]
2023-11-03 20:52:25.543: epoch 23:	0.02950573  	0.15424843  	0.10774420  
2023-11-03 20:52:25.543: Find a better model.
2023-11-03 20:52:39.004: [iter 24 : loss : 0.1832 = 0.1798 + 0.0010 + 0.0015 + 0.0009, time: 13.444273]
2023-11-03 20:52:39.685: epoch 24:	0.02973066  	0.15516451  	0.10861942  
2023-11-03 20:52:39.685: Find a better model.
2023-11-03 20:52:53.154: [iter 25 : loss : 0.1806 = 0.1771 + 0.0010 + 0.0015 + 0.0009, time: 13.446809]
2023-11-03 20:52:53.843: epoch 25:	0.02980714  	0.15580253  	0.10915392  
2023-11-03 20:52:53.843: Find a better model.
2023-11-03 20:53:07.208: [iter 26 : loss : 0.1775 = 0.1740 + 0.0010 + 0.0016 + 0.0009, time: 13.346482]
2023-11-03 20:53:07.877: epoch 26:	0.02999610  	0.15660490  	0.10960139  
2023-11-03 20:53:07.877: Find a better model.
2023-11-03 20:53:21.326: [iter 27 : loss : 0.1740 = 0.1704 + 0.0010 + 0.0016 + 0.0009, time: 13.428081]
2023-11-03 20:53:21.995: epoch 27:	0.03021654  	0.15788545  	0.11042822  
2023-11-03 20:53:21.995: Find a better model.
2023-11-03 20:53:35.342: [iter 28 : loss : 0.1714 = 0.1678 + 0.0010 + 0.0017 + 0.0009, time: 13.330095]
2023-11-03 20:53:35.966: epoch 28:	0.03035602  	0.15843689  	0.11093824  
2023-11-03 20:53:35.966: Find a better model.
2023-11-03 20:53:49.266: [iter 29 : loss : 0.1676 = 0.1640 + 0.0010 + 0.0017 + 0.0009, time: 13.278166]
2023-11-03 20:53:49.925: epoch 29:	0.03069339  	0.16038236  	0.11172783  
2023-11-03 20:53:49.925: Find a better model.
2023-11-03 20:54:03.293: [iter 30 : loss : 0.1646 = 0.1609 + 0.0010 + 0.0018 + 0.0009, time: 13.348249]
2023-11-03 20:54:03.918: epoch 30:	0.03083285  	0.16110373  	0.11246912  
2023-11-03 20:54:03.918: Find a better model.
2023-11-03 20:54:17.287: [iter 31 : loss : 0.1631 = 0.1594 + 0.0010 + 0.0018 + 0.0009, time: 13.348921]
2023-11-03 20:54:17.935: epoch 31:	0.03098581  	0.16213050  	0.11314549  
2023-11-03 20:54:17.935: Find a better model.
2023-11-03 20:54:31.518: [iter 32 : loss : 0.1598 = 0.1560 + 0.0010 + 0.0019 + 0.0009, time: 13.555418]
2023-11-03 20:54:32.170: epoch 32:	0.03111179  	0.16326654  	0.11345968  
2023-11-03 20:54:32.170: Find a better model.
2023-11-03 20:54:45.541: [iter 33 : loss : 0.1586 = 0.1548 + 0.0010 + 0.0019 + 0.0009, time: 13.349633]
2023-11-03 20:54:46.217: epoch 33:	0.03110278  	0.16312523  	0.11390860  
2023-11-03 20:54:59.514: [iter 34 : loss : 0.1567 = 0.1528 + 0.0010 + 0.0020 + 0.0009, time: 13.277135]
2023-11-03 20:55:00.180: epoch 34:	0.03131424  	0.16405019  	0.11435028  
2023-11-03 20:55:00.181: Find a better model.
2023-11-03 20:55:13.709: [iter 35 : loss : 0.1530 = 0.1491 + 0.0010 + 0.0020 + 0.0008, time: 13.508880]
2023-11-03 20:55:14.376: epoch 35:	0.03139522  	0.16394123  	0.11459503  
2023-11-03 20:55:27.743: [iter 36 : loss : 0.1513 = 0.1474 + 0.0010 + 0.0021 + 0.0008, time: 13.349817]
2023-11-03 20:55:28.412: epoch 36:	0.03153917  	0.16482016  	0.11510968  
2023-11-03 20:55:28.413: Find a better model.
2023-11-03 20:55:41.780: [iter 37 : loss : 0.1489 = 0.1450 + 0.0010 + 0.0021 + 0.0008, time: 13.349811]
2023-11-03 20:55:42.404: epoch 37:	0.03176413  	0.16629630  	0.11571959  
2023-11-03 20:55:42.404: Find a better model.
2023-11-03 20:55:55.763: [iter 38 : loss : 0.1477 = 0.1438 + 0.0010 + 0.0022 + 0.0008, time: 13.335857]
2023-11-03 20:55:56.371: epoch 38:	0.03184063  	0.16650906  	0.11607349  
2023-11-03 20:55:56.371: Find a better model.
2023-11-03 20:56:09.658: [iter 39 : loss : 0.1460 = 0.1420 + 0.0010 + 0.0022 + 0.0008, time: 13.266450]
2023-11-03 20:56:10.320: epoch 39:	0.03203406  	0.16721781  	0.11640130  
2023-11-03 20:56:10.320: Find a better model.
2023-11-03 20:56:23.633: [iter 40 : loss : 0.1446 = 0.1406 + 0.0009 + 0.0023 + 0.0008, time: 13.294826]
2023-11-03 20:56:24.307: epoch 40:	0.03229946  	0.16836819  	0.11716379  
2023-11-03 20:56:24.307: Find a better model.
2023-11-03 20:56:37.776: [iter 41 : loss : 0.1414 = 0.1373 + 0.0009 + 0.0023 + 0.0008, time: 13.450495]
2023-11-03 20:56:38.443: epoch 41:	0.03230849  	0.16846660  	0.11741383  
2023-11-03 20:56:38.444: Find a better model.
2023-11-03 20:56:51.952: [iter 42 : loss : 0.1401 = 0.1360 + 0.0009 + 0.0023 + 0.0008, time: 13.490752]
2023-11-03 20:56:52.641: epoch 42:	0.03252443  	0.16979502  	0.11797729  
2023-11-03 20:56:52.641: Find a better model.
2023-11-03 20:57:05.988: [iter 43 : loss : 0.1395 = 0.1353 + 0.0009 + 0.0024 + 0.0008, time: 13.326546]
2023-11-03 20:57:06.652: epoch 43:	0.03266388  	0.17026882  	0.11827346  
2023-11-03 20:57:06.652: Find a better model.
2023-11-03 20:57:20.497: [iter 44 : loss : 0.1358 = 0.1316 + 0.0009 + 0.0024 + 0.0008, time: 13.827899]
2023-11-03 20:57:21.177: epoch 44:	0.03292031  	0.17169361  	0.11876079  
2023-11-03 20:57:21.177: Find a better model.
2023-11-03 20:57:34.471: [iter 45 : loss : 0.1359 = 0.1317 + 0.0010 + 0.0025 + 0.0008, time: 13.272534]
2023-11-03 20:57:35.115: epoch 45:	0.03296530  	0.17212777  	0.11913201  
2023-11-03 20:57:35.115: Find a better model.
2023-11-03 20:57:48.918: [iter 46 : loss : 0.1340 = 0.1297 + 0.0009 + 0.0025 + 0.0008, time: 13.789113]
2023-11-03 20:57:49.602: epoch 46:	0.03296980  	0.17243667  	0.11940941  
2023-11-03 20:57:49.602: Find a better model.
2023-11-03 20:58:02.812: [iter 47 : loss : 0.1313 = 0.1270 + 0.0009 + 0.0026 + 0.0008, time: 13.191708]
2023-11-03 20:58:03.465: epoch 47:	0.03314075  	0.17308967  	0.11991236  
2023-11-03 20:58:03.465: Find a better model.
2023-11-03 20:58:16.842: [iter 48 : loss : 0.1314 = 0.1271 + 0.0009 + 0.0026 + 0.0008, time: 13.359120]
2023-11-03 20:58:17.511: epoch 48:	0.03320372  	0.17357633  	0.12040473  
2023-11-03 20:58:17.511: Find a better model.
2023-11-03 20:58:30.780: [iter 49 : loss : 0.1296 = 0.1253 + 0.0009 + 0.0027 + 0.0008, time: 13.253583]
2023-11-03 20:58:31.438: epoch 49:	0.03337018  	0.17466697  	0.12084833  
2023-11-03 20:58:31.438: Find a better model.
2023-11-03 20:58:44.816: [iter 50 : loss : 0.1265 = 0.1221 + 0.0009 + 0.0027 + 0.0008, time: 13.357451]
2023-11-03 20:58:45.473: epoch 50:	0.03338367  	0.17487291  	0.12110030  
2023-11-03 20:58:45.473: Find a better model.
2023-11-03 20:58:58.794: [iter 51 : loss : 0.1258 = 0.1214 + 0.0009 + 0.0028 + 0.0007, time: 13.302427]
2023-11-03 20:58:59.446: epoch 51:	0.03363560  	0.17613097  	0.12150093  
2023-11-03 20:58:59.446: Find a better model.
2023-11-03 20:59:12.736: [iter 52 : loss : 0.1257 = 0.1212 + 0.0009 + 0.0028 + 0.0007, time: 13.273003]
2023-11-03 20:59:13.412: epoch 52:	0.03392352  	0.17755257  	0.12211176  
2023-11-03 20:59:13.412: Find a better model.
2023-11-03 20:59:26.640: [iter 53 : loss : 0.1231 = 0.1186 + 0.0009 + 0.0029 + 0.0007, time: 13.212652]
2023-11-03 20:59:27.300: epoch 53:	0.03397750  	0.17791279  	0.12236191  
2023-11-03 20:59:27.300: Find a better model.
2023-11-03 20:59:40.536: [iter 54 : loss : 0.1223 = 0.1178 + 0.0009 + 0.0029 + 0.0007, time: 13.220710]
2023-11-03 20:59:41.149: epoch 54:	0.03399101  	0.17788480  	0.12266066  
2023-11-03 20:59:54.205: [iter 55 : loss : 0.1224 = 0.1178 + 0.0009 + 0.0029 + 0.0007, time: 13.037635]
2023-11-03 20:59:54.828: epoch 55:	0.03408547  	0.17819335  	0.12314377  
2023-11-03 20:59:54.828: Find a better model.
2023-11-03 21:00:08.182: [iter 56 : loss : 0.1196 = 0.1150 + 0.0009 + 0.0030 + 0.0007, time: 13.337671]
2023-11-03 21:00:08.853: epoch 56:	0.03402695  	0.17824127  	0.12304197  
2023-11-03 21:00:08.853: Find a better model.
2023-11-03 21:00:22.242: [iter 57 : loss : 0.1187 = 0.1141 + 0.0009 + 0.0030 + 0.0007, time: 13.371676]
2023-11-03 21:00:22.919: epoch 57:	0.03431937  	0.17930284  	0.12396456  
2023-11-03 21:00:22.920: Find a better model.
2023-11-03 21:00:36.068: [iter 58 : loss : 0.1177 = 0.1130 + 0.0009 + 0.0031 + 0.0007, time: 13.131854]
2023-11-03 21:00:36.711: epoch 58:	0.03428338  	0.17988077  	0.12428437  
2023-11-03 21:00:36.711: Find a better model.
2023-11-03 21:00:49.771: [iter 59 : loss : 0.1170 = 0.1123 + 0.0009 + 0.0031 + 0.0007, time: 13.044191]
2023-11-03 21:00:50.383: epoch 59:	0.03434636  	0.17964189  	0.12450829  
2023-11-03 21:01:03.739: [iter 60 : loss : 0.1154 = 0.1107 + 0.0009 + 0.0032 + 0.0007, time: 13.340015]
2023-11-03 21:01:04.384: epoch 60:	0.03449032  	0.18026046  	0.12491459  
2023-11-03 21:01:04.384: Find a better model.
2023-11-03 21:01:17.729: [iter 61 : loss : 0.1135 = 0.1088 + 0.0009 + 0.0032 + 0.0007, time: 13.327560]
2023-11-03 21:01:18.406: epoch 61:	0.03471527  	0.18154481  	0.12551351  
2023-11-03 21:01:18.406: Find a better model.
2023-11-03 21:01:31.764: [iter 62 : loss : 0.1121 = 0.1073 + 0.0008 + 0.0033 + 0.0007, time: 13.344187]
2023-11-03 21:01:32.442: epoch 62:	0.03471075  	0.18167309  	0.12560394  
2023-11-03 21:01:32.442: Find a better model.
2023-11-03 21:01:45.652: [iter 63 : loss : 0.1114 = 0.1066 + 0.0008 + 0.0033 + 0.0007, time: 13.191380]
2023-11-03 21:01:46.315: epoch 63:	0.03477823  	0.18194391  	0.12585652  
2023-11-03 21:01:46.315: Find a better model.
2023-11-03 21:01:59.514: [iter 64 : loss : 0.1107 = 0.1058 + 0.0008 + 0.0033 + 0.0007, time: 13.183952]
2023-11-03 21:02:00.181: epoch 64:	0.03498515  	0.18328710  	0.12624528  
2023-11-03 21:02:00.181: Find a better model.
2023-11-03 21:02:13.438: [iter 65 : loss : 0.1089 = 0.1040 + 0.0009 + 0.0034 + 0.0007, time: 13.242949]
2023-11-03 21:02:14.095: epoch 65:	0.03511113  	0.18338156  	0.12619498  
2023-11-03 21:02:14.095: Find a better model.
2023-11-03 21:02:27.315: [iter 66 : loss : 0.1088 = 0.1038 + 0.0009 + 0.0034 + 0.0007, time: 13.202631]
2023-11-03 21:02:27.959: epoch 66:	0.03525960  	0.18460709  	0.12670004  
2023-11-03 21:02:27.959: Find a better model.
2023-11-03 21:02:41.175: [iter 67 : loss : 0.1080 = 0.1030 + 0.0008 + 0.0035 + 0.0007, time: 13.202931]
2023-11-03 21:02:41.844: epoch 67:	0.03534956  	0.18516110  	0.12701924  
2023-11-03 21:02:41.844: Find a better model.
2023-11-03 21:02:55.136: [iter 68 : loss : 0.1072 = 0.1022 + 0.0008 + 0.0035 + 0.0007, time: 13.274960]
2023-11-03 21:02:55.799: epoch 68:	0.03554749  	0.18580385  	0.12744921  
2023-11-03 21:02:55.799: Find a better model.
2023-11-03 21:03:09.005: [iter 69 : loss : 0.1052 = 0.1002 + 0.0008 + 0.0036 + 0.0007, time: 13.188395]
2023-11-03 21:03:09.674: epoch 69:	0.03558801  	0.18617901  	0.12786125  
2023-11-03 21:03:09.674: Find a better model.
2023-11-03 21:03:22.950: [iter 70 : loss : 0.1051 = 0.1000 + 0.0008 + 0.0036 + 0.0007, time: 13.258607]
2023-11-03 21:03:23.621: epoch 70:	0.03561497  	0.18606304  	0.12795541  
2023-11-03 21:03:36.858: [iter 71 : loss : 0.1044 = 0.0993 + 0.0008 + 0.0036 + 0.0006, time: 13.217291]
2023-11-03 21:03:37.517: epoch 71:	0.03583993  	0.18775967  	0.12857398  
2023-11-03 21:03:37.517: Find a better model.
2023-11-03 21:03:50.781: [iter 72 : loss : 0.1028 = 0.0977 + 0.0008 + 0.0037 + 0.0006, time: 13.244553]
2023-11-03 21:03:51.379: epoch 72:	0.03598838  	0.18881831  	0.12907471  
2023-11-03 21:03:51.379: Find a better model.
2023-11-03 21:04:04.046: [iter 73 : loss : 0.1018 = 0.0966 + 0.0008 + 0.0037 + 0.0006, time: 12.651480]
2023-11-03 21:04:04.622: epoch 73:	0.03603786  	0.18870862  	0.12906080  
2023-11-03 21:04:17.583: [iter 74 : loss : 0.1019 = 0.0967 + 0.0008 + 0.0038 + 0.0006, time: 12.948157]
2023-11-03 21:04:18.255: epoch 74:	0.03611435  	0.18899901  	0.12945321  
2023-11-03 21:04:18.255: Find a better model.
2023-11-03 21:04:30.957: [iter 75 : loss : 0.1004 = 0.0952 + 0.0008 + 0.0038 + 0.0006, time: 12.684637]
2023-11-03 21:04:31.572: epoch 75:	0.03625383  	0.18942551  	0.12987196  
2023-11-03 21:04:31.572: Find a better model.
2023-11-03 21:04:45.357: [iter 76 : loss : 0.1002 = 0.0949 + 0.0008 + 0.0039 + 0.0006, time: 13.762029]
2023-11-03 21:04:46.022: epoch 76:	0.03627183  	0.18934168  	0.13004607  
2023-11-03 21:04:59.392: [iter 77 : loss : 0.0996 = 0.0943 + 0.0008 + 0.0039 + 0.0006, time: 13.355648]
2023-11-03 21:05:00.049: epoch 77:	0.03628983  	0.18948109  	0.13024691  
2023-11-03 21:05:00.049: Find a better model.
2023-11-03 21:05:13.349: [iter 78 : loss : 0.0977 = 0.0924 + 0.0008 + 0.0039 + 0.0006, time: 13.284177]
2023-11-03 21:05:14.027: epoch 78:	0.03646531  	0.19030824  	0.13048995  
2023-11-03 21:05:14.027: Find a better model.
2023-11-03 21:05:27.276: [iter 79 : loss : 0.0977 = 0.0924 + 0.0008 + 0.0040 + 0.0006, time: 13.234838]
2023-11-03 21:05:27.940: epoch 79:	0.03657328  	0.19132259  	0.13079859  
2023-11-03 21:05:27.940: Find a better model.
2023-11-03 21:05:41.264: [iter 80 : loss : 0.0967 = 0.0913 + 0.0008 + 0.0040 + 0.0006, time: 13.306759]
2023-11-03 21:05:41.926: epoch 80:	0.03662278  	0.19167762  	0.13114123  
2023-11-03 21:05:41.926: Find a better model.
2023-11-03 21:05:55.251: [iter 81 : loss : 0.0968 = 0.0913 + 0.0008 + 0.0041 + 0.0006, time: 13.310568]
2023-11-03 21:05:55.934: epoch 81:	0.03664073  	0.19184154  	0.13125040  
2023-11-03 21:05:55.934: Find a better model.
2023-11-03 21:06:09.317: [iter 82 : loss : 0.0947 = 0.0893 + 0.0008 + 0.0041 + 0.0006, time: 13.366025]
2023-11-03 21:06:10.014: epoch 82:	0.03680269  	0.19204539  	0.13161142  
2023-11-03 21:06:10.014: Find a better model.
2023-11-03 21:06:23.318: [iter 83 : loss : 0.0946 = 0.0891 + 0.0008 + 0.0041 + 0.0006, time: 13.288579]
2023-11-03 21:06:24.010: epoch 83:	0.03673070  	0.19208930  	0.13188541  
2023-11-03 21:06:24.010: Find a better model.
2023-11-03 21:06:37.203: [iter 84 : loss : 0.0940 = 0.0885 + 0.0008 + 0.0042 + 0.0006, time: 13.175366]
2023-11-03 21:06:37.814: epoch 84:	0.03687917  	0.19296929  	0.13247010  
2023-11-03 21:06:37.814: Find a better model.
2023-11-03 21:06:51.189: [iter 85 : loss : 0.0922 = 0.0867 + 0.0008 + 0.0042 + 0.0006, time: 13.360909]
2023-11-03 21:06:51.860: epoch 85:	0.03691066  	0.19336738  	0.13248907  
2023-11-03 21:06:51.860: Find a better model.
2023-11-03 21:07:05.221: [iter 86 : loss : 0.0925 = 0.0869 + 0.0008 + 0.0043 + 0.0006, time: 13.346500]
2023-11-03 21:07:05.841: epoch 86:	0.03698264  	0.19365330  	0.13295415  
2023-11-03 21:07:05.841: Find a better model.
2023-11-03 21:07:18.929: [iter 87 : loss : 0.0927 = 0.0871 + 0.0008 + 0.0043 + 0.0006, time: 13.069319]
2023-11-03 21:07:19.593: epoch 87:	0.03705013  	0.19393529  	0.13323142  
2023-11-03 21:07:19.593: Find a better model.
2023-11-03 21:07:32.236: [iter 88 : loss : 0.0917 = 0.0861 + 0.0008 + 0.0043 + 0.0006, time: 12.625855]
2023-11-03 21:07:32.822: epoch 88:	0.03725258  	0.19492625  	0.13389702  
2023-11-03 21:07:32.822: Find a better model.
2023-11-03 21:07:46.003: [iter 89 : loss : 0.0908 = 0.0851 + 0.0007 + 0.0044 + 0.0006, time: 13.163962]
2023-11-03 21:07:46.666: epoch 89:	0.03740553  	0.19538076  	0.13432346  
2023-11-03 21:07:46.666: Find a better model.
2023-11-03 21:07:59.966: [iter 90 : loss : 0.0894 = 0.0836 + 0.0008 + 0.0044 + 0.0006, time: 13.285711]
2023-11-03 21:08:00.618: epoch 90:	0.03742800  	0.19578105  	0.13458435  
2023-11-03 21:08:00.618: Find a better model.
2023-11-03 21:08:13.920: [iter 91 : loss : 0.0889 = 0.0832 + 0.0007 + 0.0045 + 0.0006, time: 13.286162]
2023-11-03 21:08:14.591: epoch 91:	0.03755398  	0.19656365  	0.13497008  
2023-11-03 21:08:14.592: Find a better model.
2023-11-03 21:08:27.949: [iter 92 : loss : 0.0888 = 0.0830 + 0.0007 + 0.0045 + 0.0006, time: 13.340528]
2023-11-03 21:08:28.619: epoch 92:	0.03768892  	0.19721389  	0.13493682  
2023-11-03 21:08:28.619: Find a better model.
2023-11-03 21:08:41.924: [iter 93 : loss : 0.0877 = 0.0819 + 0.0007 + 0.0045 + 0.0006, time: 13.286492]
2023-11-03 21:08:42.592: epoch 93:	0.03783738  	0.19768342  	0.13537577  
2023-11-03 21:08:42.592: Find a better model.
2023-11-03 21:08:55.707: [iter 94 : loss : 0.0879 = 0.0820 + 0.0007 + 0.0046 + 0.0006, time: 13.101250]
2023-11-03 21:08:56.372: epoch 94:	0.03781938  	0.19810146  	0.13559428  
2023-11-03 21:08:56.372: Find a better model.
2023-11-03 21:09:09.710: [iter 95 : loss : 0.0865 = 0.0806 + 0.0007 + 0.0046 + 0.0006, time: 13.323197]
2023-11-03 21:09:10.388: epoch 95:	0.03797236  	0.19839744  	0.13598429  
2023-11-03 21:09:10.388: Find a better model.
2023-11-03 21:09:23.617: [iter 96 : loss : 0.0845 = 0.0786 + 0.0007 + 0.0046 + 0.0006, time: 13.212702]
2023-11-03 21:09:24.217: epoch 96:	0.03796786  	0.19867434  	0.13619506  
2023-11-03 21:09:24.217: Find a better model.
2023-11-03 21:09:37.506: [iter 97 : loss : 0.0851 = 0.0791 + 0.0007 + 0.0047 + 0.0005, time: 13.271462]
2023-11-03 21:09:38.175: epoch 97:	0.03802634  	0.19890384  	0.13642712  
2023-11-03 21:09:38.175: Find a better model.
2023-11-03 21:09:51.512: [iter 98 : loss : 0.0860 = 0.0801 + 0.0007 + 0.0047 + 0.0005, time: 13.321457]
2023-11-03 21:09:52.188: epoch 98:	0.03804435  	0.19873060  	0.13653986  
2023-11-03 21:10:05.379: [iter 99 : loss : 0.0840 = 0.0780 + 0.0007 + 0.0048 + 0.0005, time: 13.175900]
2023-11-03 21:10:06.038: epoch 99:	0.03803534  	0.19872159  	0.13650332  
2023-11-03 21:10:19.396: [iter 100 : loss : 0.0841 = 0.0781 + 0.0007 + 0.0048 + 0.0005, time: 13.343096]
2023-11-03 21:10:20.039: epoch 100:	0.03816130  	0.19925085  	0.13681069  
2023-11-03 21:10:20.039: Find a better model.
2023-11-03 21:10:33.419: [iter 101 : loss : 0.0835 = 0.0775 + 0.0007 + 0.0048 + 0.0005, time: 13.364223]
2023-11-03 21:10:34.082: epoch 101:	0.03832328  	0.20012198  	0.13737881  
2023-11-03 21:10:34.083: Find a better model.
2023-11-03 21:10:47.414: [iter 102 : loss : 0.0827 = 0.0765 + 0.0007 + 0.0049 + 0.0005, time: 13.314651]
2023-11-03 21:10:48.096: epoch 102:	0.03842672  	0.20094125  	0.13772286  
2023-11-03 21:10:48.096: Find a better model.
2023-11-03 21:11:01.367: [iter 103 : loss : 0.0822 = 0.0761 + 0.0007 + 0.0049 + 0.0005, time: 13.249538]
2023-11-03 21:11:02.010: epoch 103:	0.03846721  	0.20134802  	0.13793388  
2023-11-03 21:11:02.010: Find a better model.
2023-11-03 21:11:15.227: [iter 104 : loss : 0.0813 = 0.0752 + 0.0007 + 0.0050 + 0.0005, time: 13.200501]
2023-11-03 21:11:15.886: epoch 104:	0.03851670  	0.20166905  	0.13799177  
2023-11-03 21:11:15.886: Find a better model.
2023-11-03 21:11:29.212: [iter 105 : loss : 0.0820 = 0.0758 + 0.0007 + 0.0050 + 0.0005, time: 13.309494]
2023-11-03 21:11:29.869: epoch 105:	0.03852570  	0.20151341  	0.13815364  
2023-11-03 21:11:43.216: [iter 106 : loss : 0.0799 = 0.0736 + 0.0007 + 0.0050 + 0.0005, time: 13.332577]
2023-11-03 21:11:43.863: epoch 106:	0.03857968  	0.20232594  	0.13844647  
2023-11-03 21:11:43.863: Find a better model.
2023-11-03 21:11:57.269: [iter 107 : loss : 0.0799 = 0.0736 + 0.0007 + 0.0051 + 0.0005, time: 13.388425]
2023-11-03 21:11:57.946: epoch 107:	0.03867868  	0.20264363  	0.13869224  
2023-11-03 21:11:57.946: Find a better model.
2023-11-03 21:12:11.179: [iter 108 : loss : 0.0804 = 0.0741 + 0.0007 + 0.0051 + 0.0005, time: 13.216458]
2023-11-03 21:12:11.852: epoch 108:	0.03875965  	0.20296679  	0.13890131  
2023-11-03 21:12:11.852: Find a better model.
2023-11-03 21:12:25.113: [iter 109 : loss : 0.0793 = 0.0730 + 0.0007 + 0.0051 + 0.0005, time: 13.244307]
2023-11-03 21:12:25.787: epoch 109:	0.03881814  	0.20297411  	0.13919286  
2023-11-03 21:12:25.787: Find a better model.
2023-11-03 21:12:39.129: [iter 110 : loss : 0.0789 = 0.0725 + 0.0007 + 0.0052 + 0.0005, time: 13.321451]
2023-11-03 21:12:39.801: epoch 110:	0.03901610  	0.20412417  	0.13976754  
2023-11-03 21:12:39.802: Find a better model.
2023-11-03 21:12:53.090: [iter 111 : loss : 0.0780 = 0.0716 + 0.0007 + 0.0052 + 0.0005, time: 13.272115]
2023-11-03 21:12:53.755: epoch 111:	0.03898463  	0.20417747  	0.13996865  
2023-11-03 21:12:53.756: Find a better model.
2023-11-03 21:13:07.076: [iter 112 : loss : 0.0772 = 0.0708 + 0.0007 + 0.0052 + 0.0005, time: 13.302067]
2023-11-03 21:13:07.761: epoch 112:	0.03900261  	0.20453297  	0.14018488  
2023-11-03 21:13:07.761: Find a better model.
2023-11-03 21:13:21.101: [iter 113 : loss : 0.0775 = 0.0710 + 0.0007 + 0.0053 + 0.0005, time: 13.318942]
2023-11-03 21:13:21.763: epoch 113:	0.03905658  	0.20480730  	0.14031911  
2023-11-03 21:13:21.763: Find a better model.
2023-11-03 21:13:35.067: [iter 114 : loss : 0.0775 = 0.0711 + 0.0007 + 0.0053 + 0.0005, time: 13.287385]
2023-11-03 21:13:35.728: epoch 114:	0.03908809  	0.20508938  	0.14043389  
2023-11-03 21:13:35.728: Find a better model.
2023-11-03 21:13:49.115: [iter 115 : loss : 0.0762 = 0.0697 + 0.0007 + 0.0053 + 0.0005, time: 13.370753]
2023-11-03 21:13:49.789: epoch 115:	0.03898911  	0.20469382  	0.14043872  
2023-11-03 21:14:03.092: [iter 116 : loss : 0.0761 = 0.0696 + 0.0007 + 0.0054 + 0.0005, time: 13.285073]
2023-11-03 21:14:03.761: epoch 116:	0.03920057  	0.20558587  	0.14097400  
2023-11-03 21:14:03.761: Find a better model.
2023-11-03 21:14:17.116: [iter 117 : loss : 0.0766 = 0.0700 + 0.0007 + 0.0054 + 0.0005, time: 13.338116]
2023-11-03 21:14:17.780: epoch 117:	0.03904312  	0.20474093  	0.14097640  
2023-11-03 21:14:31.079: [iter 118 : loss : 0.0754 = 0.0688 + 0.0006 + 0.0055 + 0.0005, time: 13.281297]
2023-11-03 21:14:31.742: epoch 118:	0.03924558  	0.20599525  	0.14156216  
2023-11-03 21:14:31.743: Find a better model.
2023-11-03 21:14:45.046: [iter 119 : loss : 0.0748 = 0.0682 + 0.0006 + 0.0055 + 0.0005, time: 13.286986]
2023-11-03 21:14:45.678: epoch 119:	0.03927257  	0.20597656  	0.14169820  
2023-11-03 21:14:58.993: [iter 120 : loss : 0.0743 = 0.0677 + 0.0006 + 0.0055 + 0.0005, time: 13.298426]
2023-11-03 21:14:59.651: epoch 120:	0.03950652  	0.20732079  	0.14230412  
2023-11-03 21:14:59.651: Find a better model.
2023-11-03 21:15:12.959: [iter 121 : loss : 0.0750 = 0.0684 + 0.0006 + 0.0056 + 0.0005, time: 13.293225]
2023-11-03 21:15:13.616: epoch 121:	0.03959649  	0.20761365  	0.14256643  
2023-11-03 21:15:13.616: Find a better model.
2023-11-03 21:15:27.009: [iter 122 : loss : 0.0744 = 0.0677 + 0.0006 + 0.0056 + 0.0005, time: 13.374325]
2023-11-03 21:15:27.681: epoch 122:	0.03955149  	0.20759439  	0.14250258  
2023-11-03 21:15:40.996: [iter 123 : loss : 0.0728 = 0.0661 + 0.0006 + 0.0056 + 0.0005, time: 13.297551]
2023-11-03 21:15:41.671: epoch 123:	0.03962801  	0.20772305  	0.14275150  
2023-11-03 21:15:41.671: Find a better model.
2023-11-03 21:15:54.946: [iter 124 : loss : 0.0725 = 0.0658 + 0.0006 + 0.0057 + 0.0005, time: 13.256263]
2023-11-03 21:15:55.608: epoch 124:	0.03956050  	0.20724453  	0.14262947  
2023-11-03 21:16:08.922: [iter 125 : loss : 0.0725 = 0.0657 + 0.0006 + 0.0057 + 0.0005, time: 13.295470]
2023-11-03 21:16:09.579: epoch 125:	0.03965498  	0.20772903  	0.14306298  
2023-11-03 21:16:09.579: Find a better model.
2023-11-03 21:16:22.872: [iter 126 : loss : 0.0726 = 0.0658 + 0.0006 + 0.0057 + 0.0005, time: 13.271200]
2023-11-03 21:16:23.546: epoch 126:	0.03991141  	0.20936130  	0.14333130  
2023-11-03 21:16:23.547: Find a better model.
2023-11-03 21:16:36.924: [iter 127 : loss : 0.0717 = 0.0648 + 0.0006 + 0.0058 + 0.0005, time: 13.363511]
2023-11-03 21:16:37.591: epoch 127:	0.03986641  	0.20916799  	0.14329809  
2023-11-03 21:16:50.888: [iter 128 : loss : 0.0712 = 0.0644 + 0.0006 + 0.0058 + 0.0005, time: 13.281248]
2023-11-03 21:16:51.561: epoch 128:	0.03982595  	0.20869379  	0.14315887  
2023-11-03 21:17:04.873: [iter 129 : loss : 0.0716 = 0.0647 + 0.0006 + 0.0058 + 0.0004, time: 13.292259]
2023-11-03 21:17:05.538: epoch 129:	0.04012290  	0.21019675  	0.14404337  
2023-11-03 21:17:05.538: Find a better model.
2023-11-03 21:17:18.822: [iter 130 : loss : 0.0714 = 0.0645 + 0.0006 + 0.0059 + 0.0004, time: 13.262773]
2023-11-03 21:17:19.495: epoch 130:	0.04012739  	0.21045743  	0.14427949  
2023-11-03 21:17:19.495: Find a better model.
2023-11-03 21:17:32.843: [iter 131 : loss : 0.0713 = 0.0644 + 0.0006 + 0.0059 + 0.0004, time: 13.332756]
2023-11-03 21:17:33.510: epoch 131:	0.04006439  	0.20977908  	0.14431842  
2023-11-03 21:17:46.836: [iter 132 : loss : 0.0697 = 0.0627 + 0.0006 + 0.0059 + 0.0004, time: 13.309315]
2023-11-03 21:17:47.511: epoch 132:	0.04004189  	0.20968013  	0.14435677  
2023-11-03 21:18:00.816: [iter 133 : loss : 0.0697 = 0.0627 + 0.0006 + 0.0060 + 0.0004, time: 13.284421]
2023-11-03 21:18:01.481: epoch 133:	0.04005090  	0.20988508  	0.14426850  
2023-11-03 21:18:14.714: [iter 134 : loss : 0.0706 = 0.0636 + 0.0006 + 0.0060 + 0.0004, time: 13.215691]
2023-11-03 21:18:15.354: epoch 134:	0.04014537  	0.21038195  	0.14439209  
2023-11-03 21:18:28.837: [iter 135 : loss : 0.0694 = 0.0624 + 0.0006 + 0.0060 + 0.0004, time: 13.461437]
2023-11-03 21:18:29.501: epoch 135:	0.04010938  	0.21028975  	0.14457186  
2023-11-03 21:18:42.880: [iter 136 : loss : 0.0689 = 0.0618 + 0.0006 + 0.0060 + 0.0004, time: 13.359723]
2023-11-03 21:18:43.498: epoch 136:	0.04028033  	0.21061949  	0.14477406  
2023-11-03 21:18:43.498: Find a better model.
2023-11-03 21:18:57.002: [iter 137 : loss : 0.0690 = 0.0619 + 0.0006 + 0.0061 + 0.0004, time: 13.483372]
2023-11-03 21:18:57.668: epoch 137:	0.04024887  	0.21063583  	0.14492416  
2023-11-03 21:18:57.669: Find a better model.
2023-11-03 21:19:10.955: [iter 138 : loss : 0.0685 = 0.0614 + 0.0006 + 0.0061 + 0.0004, time: 13.264102]
2023-11-03 21:19:11.621: epoch 138:	0.04034334  	0.21101545  	0.14508972  
2023-11-03 21:19:11.622: Find a better model.
2023-11-03 21:19:24.951: [iter 139 : loss : 0.0682 = 0.0611 + 0.0006 + 0.0061 + 0.0004, time: 13.308521]
2023-11-03 21:19:25.609: epoch 139:	0.04042432  	0.21169844  	0.14540298  
2023-11-03 21:19:25.609: Find a better model.
2023-11-03 21:19:38.989: [iter 140 : loss : 0.0678 = 0.0606 + 0.0006 + 0.0062 + 0.0004, time: 13.361649]
2023-11-03 21:19:39.660: epoch 140:	0.04052332  	0.21231820  	0.14570326  
2023-11-03 21:19:39.661: Find a better model.
2023-11-03 21:19:53.005: [iter 141 : loss : 0.0668 = 0.0596 + 0.0006 + 0.0062 + 0.0004, time: 13.324316]
2023-11-03 21:19:53.647: epoch 141:	0.04064476  	0.21270651  	0.14600891  
2023-11-03 21:19:53.648: Find a better model.
2023-11-03 21:20:06.984: [iter 142 : loss : 0.0665 = 0.0592 + 0.0006 + 0.0062 + 0.0004, time: 13.316587]
2023-11-03 21:20:07.657: epoch 142:	0.04060878  	0.21251239  	0.14597479  
2023-11-03 21:20:20.989: [iter 143 : loss : 0.0661 = 0.0588 + 0.0006 + 0.0063 + 0.0004, time: 13.309352]
2023-11-03 21:20:21.668: epoch 143:	0.04066275  	0.21283726  	0.14622036  
2023-11-03 21:20:21.669: Find a better model.
2023-11-03 21:20:34.939: [iter 144 : loss : 0.0664 = 0.0591 + 0.0006 + 0.0063 + 0.0004, time: 13.251202]
2023-11-03 21:20:35.610: epoch 144:	0.04072125  	0.21253438  	0.14637424  
2023-11-03 21:20:49.005: [iter 145 : loss : 0.0662 = 0.0588 + 0.0006 + 0.0063 + 0.0004, time: 13.375510]
2023-11-03 21:20:49.678: epoch 145:	0.04084270  	0.21376264  	0.14693850  
2023-11-03 21:20:49.678: Find a better model.
2023-11-03 21:21:03.061: [iter 146 : loss : 0.0659 = 0.0585 + 0.0006 + 0.0064 + 0.0004, time: 13.364447]
2023-11-03 21:21:03.727: epoch 146:	0.04091019  	0.21409944  	0.14694437  
2023-11-03 21:21:03.728: Find a better model.
2023-11-03 21:21:17.132: [iter 147 : loss : 0.0659 = 0.0586 + 0.0006 + 0.0064 + 0.0004, time: 13.386178]
2023-11-03 21:21:17.794: epoch 147:	0.04100016  	0.21454917  	0.14713721  
2023-11-03 21:21:17.794: Find a better model.
2023-11-03 21:21:31.123: [iter 148 : loss : 0.0657 = 0.0583 + 0.0006 + 0.0064 + 0.0004, time: 13.312459]
2023-11-03 21:21:31.802: epoch 148:	0.04111711  	0.21514517  	0.14738908  
2023-11-03 21:21:31.802: Find a better model.
2023-11-03 21:21:45.104: [iter 149 : loss : 0.0651 = 0.0577 + 0.0006 + 0.0065 + 0.0004, time: 13.285414]
2023-11-03 21:21:45.768: epoch 149:	0.04104963  	0.21516302  	0.14739019  
2023-11-03 21:21:45.768: Find a better model.
2023-11-03 21:21:59.126: [iter 150 : loss : 0.0646 = 0.0572 + 0.0006 + 0.0065 + 0.0004, time: 13.338982]
2023-11-03 21:21:59.788: epoch 150:	0.04097316  	0.21523060  	0.14742620  
2023-11-03 21:21:59.788: Find a better model.
2023-11-03 21:22:13.189: [iter 151 : loss : 0.0645 = 0.0570 + 0.0006 + 0.0065 + 0.0004, time: 13.382064]
2023-11-03 21:22:13.847: epoch 151:	0.04092366  	0.21515194  	0.14732686  
2023-11-03 21:22:27.245: [iter 152 : loss : 0.0645 = 0.0570 + 0.0006 + 0.0065 + 0.0004, time: 13.379295]
2023-11-03 21:22:27.920: epoch 152:	0.04102715  	0.21544681  	0.14750291  
2023-11-03 21:22:27.920: Find a better model.
2023-11-03 21:22:41.254: [iter 153 : loss : 0.0633 = 0.0557 + 0.0006 + 0.0066 + 0.0004, time: 13.317038]
2023-11-03 21:22:41.919: epoch 153:	0.04091019  	0.21465968  	0.14741679  
2023-11-03 21:22:55.208: [iter 154 : loss : 0.0629 = 0.0553 + 0.0006 + 0.0066 + 0.0004, time: 13.269168]
2023-11-03 21:22:55.859: epoch 154:	0.04100017  	0.21444811  	0.14763324  
2023-11-03 21:23:09.230: [iter 155 : loss : 0.0630 = 0.0554 + 0.0005 + 0.0066 + 0.0004, time: 13.347630]
2023-11-03 21:23:09.897: epoch 155:	0.04118911  	0.21563981  	0.14812553  
2023-11-03 21:23:09.897: Find a better model.
2023-11-03 21:23:23.196: [iter 156 : loss : 0.0632 = 0.0556 + 0.0006 + 0.0067 + 0.0004, time: 13.281523]
2023-11-03 21:23:23.852: epoch 156:	0.04126557  	0.21614800  	0.14833918  
2023-11-03 21:23:23.852: Find a better model.
2023-11-03 21:23:37.272: [iter 157 : loss : 0.0636 = 0.0560 + 0.0005 + 0.0067 + 0.0004, time: 13.402830]
2023-11-03 21:23:37.929: epoch 157:	0.04128807  	0.21598098  	0.14818648  
2023-11-03 21:23:51.236: [iter 158 : loss : 0.0626 = 0.0549 + 0.0006 + 0.0067 + 0.0004, time: 13.289325]
2023-11-03 21:23:51.907: epoch 158:	0.04130610  	0.21564718  	0.14824945  
2023-11-03 21:24:05.211: [iter 159 : loss : 0.0623 = 0.0546 + 0.0005 + 0.0068 + 0.0004, time: 13.287807]
2023-11-03 21:24:05.872: epoch 159:	0.04114413  	0.21527576  	0.14810838  
2023-11-03 21:24:19.182: [iter 160 : loss : 0.0623 = 0.0546 + 0.0005 + 0.0068 + 0.0004, time: 13.291528]
2023-11-03 21:24:19.848: epoch 160:	0.04134207  	0.21637034  	0.14860526  
2023-11-03 21:24:19.848: Find a better model.
2023-11-03 21:24:33.233: [iter 161 : loss : 0.0617 = 0.0539 + 0.0005 + 0.0068 + 0.0004, time: 13.367003]
2023-11-03 21:24:33.893: epoch 161:	0.04130610  	0.21640494  	0.14840172  
2023-11-03 21:24:33.893: Find a better model.
2023-11-03 21:24:47.235: [iter 162 : loss : 0.0625 = 0.0547 + 0.0005 + 0.0068 + 0.0004, time: 13.326948]
2023-11-03 21:24:47.891: epoch 162:	0.04134206  	0.21641652  	0.14841345  
2023-11-03 21:24:47.891: Find a better model.
2023-11-03 21:25:01.203: [iter 163 : loss : 0.0615 = 0.0537 + 0.0005 + 0.0069 + 0.0004, time: 13.291865]
2023-11-03 21:25:01.838: epoch 163:	0.04128361  	0.21608683  	0.14831269  
2023-11-03 21:25:15.173: [iter 164 : loss : 0.0614 = 0.0536 + 0.0005 + 0.0069 + 0.0004, time: 13.313136]
2023-11-03 21:25:15.835: epoch 164:	0.04145455  	0.21667159  	0.14855105  
2023-11-03 21:25:15.836: Find a better model.
2023-11-03 21:25:29.285: [iter 165 : loss : 0.0613 = 0.0535 + 0.0005 + 0.0069 + 0.0004, time: 13.430881]
2023-11-03 21:25:29.972: epoch 165:	0.04140508  	0.21701340  	0.14864521  
2023-11-03 21:25:29.973: Find a better model.
2023-11-03 21:25:43.263: [iter 166 : loss : 0.0606 = 0.0527 + 0.0005 + 0.0070 + 0.0004, time: 13.268631]
2023-11-03 21:25:43.927: epoch 166:	0.04142307  	0.21700743  	0.14883442  
2023-11-03 21:25:57.274: [iter 167 : loss : 0.0612 = 0.0534 + 0.0005 + 0.0070 + 0.0004, time: 13.328941]
2023-11-03 21:25:57.938: epoch 167:	0.04153103  	0.21770564  	0.14905234  
2023-11-03 21:25:57.938: Find a better model.
2023-11-03 21:26:11.281: [iter 168 : loss : 0.0609 = 0.0530 + 0.0005 + 0.0070 + 0.0003, time: 13.327394]
2023-11-03 21:26:11.955: epoch 168:	0.04160301  	0.21823415  	0.14938992  
2023-11-03 21:26:11.955: Find a better model.
2023-11-03 21:26:25.247: [iter 169 : loss : 0.0600 = 0.0521 + 0.0005 + 0.0070 + 0.0003, time: 13.271948]
2023-11-03 21:26:25.915: epoch 169:	0.04154906  	0.21773368  	0.14920078  
2023-11-03 21:26:39.269: [iter 170 : loss : 0.0601 = 0.0522 + 0.0005 + 0.0071 + 0.0003, time: 13.334733]
2023-11-03 21:26:39.938: epoch 170:	0.04146355  	0.21711826  	0.14913212  
2023-11-03 21:26:53.336: [iter 171 : loss : 0.0593 = 0.0514 + 0.0005 + 0.0071 + 0.0003, time: 13.377775]
2023-11-03 21:26:53.998: epoch 171:	0.04144108  	0.21701263  	0.14920713  
2023-11-03 21:27:07.363: [iter 172 : loss : 0.0598 = 0.0519 + 0.0005 + 0.0071 + 0.0003, time: 13.348815]
2023-11-03 21:27:08.029: epoch 172:	0.04164803  	0.21796727  	0.14946425  
2023-11-03 21:27:21.350: [iter 173 : loss : 0.0602 = 0.0522 + 0.0005 + 0.0072 + 0.0003, time: 13.299532]
2023-11-03 21:27:22.004: epoch 173:	0.04168851  	0.21850048  	0.15020584  
2023-11-03 21:27:22.005: Find a better model.
2023-11-03 21:27:35.284: [iter 174 : loss : 0.0587 = 0.0507 + 0.0005 + 0.0072 + 0.0003, time: 13.260405]
2023-11-03 21:27:35.970: epoch 174:	0.04167950  	0.21874559  	0.15021525  
2023-11-03 21:27:35.971: Find a better model.
2023-11-03 21:27:49.361: [iter 175 : loss : 0.0591 = 0.0511 + 0.0005 + 0.0072 + 0.0003, time: 13.367279]
2023-11-03 21:27:50.025: epoch 175:	0.04180999  	0.21894673  	0.15033993  
2023-11-03 21:27:50.025: Find a better model.
2023-11-03 21:28:03.389: [iter 176 : loss : 0.0588 = 0.0507 + 0.0005 + 0.0072 + 0.0003, time: 13.344467]
2023-11-03 21:28:04.045: epoch 176:	0.04189994  	0.21907459  	0.15055384  
2023-11-03 21:28:04.045: Find a better model.
2023-11-03 21:28:17.418: [iter 177 : loss : 0.0584 = 0.0504 + 0.0005 + 0.0073 + 0.0003, time: 13.354381]
2023-11-03 21:28:18.064: epoch 177:	0.04183245  	0.21913847  	0.15062849  
2023-11-03 21:28:18.065: Find a better model.
2023-11-03 21:28:31.352: [iter 178 : loss : 0.0587 = 0.0506 + 0.0005 + 0.0073 + 0.0003, time: 13.272532]
2023-11-03 21:28:32.024: epoch 178:	0.04204390  	0.22011578  	0.15083978  
2023-11-03 21:28:32.024: Find a better model.
2023-11-03 21:28:45.294: [iter 179 : loss : 0.0580 = 0.0499 + 0.0005 + 0.0073 + 0.0003, time: 13.251928]
2023-11-03 21:28:45.947: epoch 179:	0.04188642  	0.21965265  	0.15081696  
2023-11-03 21:28:59.317: [iter 180 : loss : 0.0582 = 0.0500 + 0.0005 + 0.0073 + 0.0003, time: 13.353513]
2023-11-03 21:28:59.981: epoch 180:	0.04175146  	0.21857321  	0.15041083  
2023-11-03 21:29:13.357: [iter 181 : loss : 0.0577 = 0.0496 + 0.0005 + 0.0074 + 0.0003, time: 13.354492]
2023-11-03 21:29:14.024: epoch 181:	0.04198094  	0.21981679  	0.15082857  
2023-11-03 21:29:27.350: [iter 182 : loss : 0.0578 = 0.0496 + 0.0005 + 0.0074 + 0.0003, time: 13.307794]
2023-11-03 21:29:27.999: epoch 182:	0.04196292  	0.21980919  	0.15095468  
2023-11-03 21:29:41.314: [iter 183 : loss : 0.0567 = 0.0485 + 0.0005 + 0.0074 + 0.0003, time: 13.293408]
2023-11-03 21:29:41.995: epoch 183:	0.04180550  	0.21884027  	0.15086572  
2023-11-03 21:29:55.307: [iter 184 : loss : 0.0575 = 0.0492 + 0.0005 + 0.0075 + 0.0003, time: 13.288474]
2023-11-03 21:29:55.968: epoch 184:	0.04197193  	0.21961235  	0.15108743  
2023-11-03 21:30:09.210: [iter 185 : loss : 0.0578 = 0.0495 + 0.0005 + 0.0075 + 0.0003, time: 13.225975]
2023-11-03 21:30:09.883: epoch 185:	0.04196744  	0.21943521  	0.15113086  
2023-11-03 21:30:23.256: [iter 186 : loss : 0.0574 = 0.0492 + 0.0005 + 0.0075 + 0.0003, time: 13.348528]
2023-11-03 21:30:23.927: epoch 186:	0.04208443  	0.22024509  	0.15162987  
2023-11-03 21:30:23.927: Find a better model.
2023-11-03 21:30:37.333: [iter 187 : loss : 0.0562 = 0.0478 + 0.0005 + 0.0075 + 0.0003, time: 13.378205]
2023-11-03 21:30:37.988: epoch 187:	0.04203494  	0.22043341  	0.15166558  
2023-11-03 21:30:37.988: Find a better model.
2023-11-03 21:30:51.336: [iter 188 : loss : 0.0566 = 0.0482 + 0.0005 + 0.0076 + 0.0003, time: 13.329219]
2023-11-03 21:30:52.005: epoch 188:	0.04207544  	0.22006191  	0.15165485  
2023-11-03 21:31:05.262: [iter 189 : loss : 0.0572 = 0.0489 + 0.0005 + 0.0076 + 0.0003, time: 13.238003]
2023-11-03 21:31:05.950: epoch 189:	0.04214292  	0.22084647  	0.15199624  
2023-11-03 21:31:05.950: Find a better model.
2023-11-03 21:31:19.289: [iter 190 : loss : 0.0562 = 0.0478 + 0.0005 + 0.0076 + 0.0003, time: 13.314499]
2023-11-03 21:31:19.966: epoch 190:	0.04223739  	0.22106741  	0.15212715  
2023-11-03 21:31:19.967: Find a better model.
2023-11-03 21:31:33.385: [iter 191 : loss : 0.0564 = 0.0480 + 0.0005 + 0.0076 + 0.0003, time: 13.396918]
2023-11-03 21:31:34.043: epoch 191:	0.04220140  	0.22083296  	0.15207104  
2023-11-03 21:31:47.428: [iter 192 : loss : 0.0558 = 0.0474 + 0.0005 + 0.0077 + 0.0003, time: 13.367703]
2023-11-03 21:31:48.071: epoch 192:	0.04207995  	0.22015557  	0.15197347  
2023-11-03 21:32:01.313: [iter 193 : loss : 0.0558 = 0.0473 + 0.0005 + 0.0077 + 0.0003, time: 13.223642]
2023-11-03 21:32:01.986: epoch 193:	0.04218343  	0.22064443  	0.15213285  
2023-11-03 21:32:15.242: [iter 194 : loss : 0.0557 = 0.0473 + 0.0005 + 0.0077 + 0.0003, time: 13.236992]
2023-11-03 21:32:15.901: epoch 194:	0.04212042  	0.22027190  	0.15227845  
2023-11-03 21:32:29.182: [iter 195 : loss : 0.0560 = 0.0476 + 0.0005 + 0.0077 + 0.0003, time: 13.264347]
2023-11-03 21:32:29.838: epoch 195:	0.04214745  	0.22061488  	0.15231071  
2023-11-03 21:32:43.212: [iter 196 : loss : 0.0552 = 0.0467 + 0.0005 + 0.0077 + 0.0003, time: 13.357691]
2023-11-03 21:32:43.880: epoch 196:	0.04209791  	0.22016852  	0.15213247  
2023-11-03 21:32:57.209: [iter 197 : loss : 0.0552 = 0.0467 + 0.0005 + 0.0078 + 0.0003, time: 13.310122]
2023-11-03 21:32:57.879: epoch 197:	0.04212491  	0.22061154  	0.15217713  
2023-11-03 21:33:11.180: [iter 198 : loss : 0.0552 = 0.0467 + 0.0005 + 0.0078 + 0.0003, time: 13.281304]
2023-11-03 21:33:11.857: epoch 198:	0.04215639  	0.22026485  	0.15194993  
2023-11-03 21:33:25.100: [iter 199 : loss : 0.0553 = 0.0467 + 0.0005 + 0.0078 + 0.0003, time: 13.227267]
2023-11-03 21:33:25.766: epoch 199:	0.04229587  	0.22095080  	0.15256436  
2023-11-03 21:33:39.145: [iter 200 : loss : 0.0542 = 0.0456 + 0.0005 + 0.0078 + 0.0003, time: 13.360076]
2023-11-03 21:33:39.813: epoch 200:	0.04232291  	0.22130279  	0.15267947  
2023-11-03 21:33:39.813: Find a better model.
2023-11-03 21:33:39.813: best_result@epoch 200:

2023-11-03 21:33:39.813: 		0.0423      	0.2213      	0.1527      
