2023-09-02 13:28:06.981: my pid: 3291
2023-09-02 13:28:06.981: model: model.general_recommender.GNNEC
2023-09-02 13:28:06.981: Dataset statistics:
Name: gowalla-20core
The number of users: 11113
The number of items: 18074
The number of ratings: 523315
Average actions of users: 47.09
Average actions of items: 28.95
The sparsity of the dataset: 99.739458%

The number of training: 475362
The number of validation: 0
The number of testing: 47953
2023-09-02 13:28:06.981: NeuRec:[NeuRec]:
recommender=GNNEC
dataset=gowalla-20core
file_column=UI
sep=','
gpu_id=0
gpu_mem=0.99
metric=["Precision", "Recall", "NDCG"]
top_k=[20]
test_thread=8
test_batch_size=128
seed=2021
start_testing_epoch=0

GNNEC:[hyperparameters]:
mf_reg=1e-4
svd_q=5
aug_type=ND
reg=1e-4
embed_size=64
n_layers=2
ssl_reg=0.0
ssl_ratio=0.1
ssl_temp=0.8
ssl_mode=both_side
lr=1e-3
learner=adam
adj_type=pre
epochs=300
batch_size=2048
num_negatives=1
param_init=xavier_uniform
stddev=0.01
verbose=1
stop_cnt=10
pretrain_flag=0
save_flag=0

Command line:
recommender=GNNEC
dataset=gowalla-20core
epochs=300
n_layers=2
embed_size=64
batch_size=2048
lr=1e-3
aug_type=ND
reg=1e-4
ssl_reg=0.0
2023-09-02 13:28:11.611: metrics:	Precision@20	Recall@20   	NDCG@20     
2023-09-02 13:28:26.951: [iter 1 : loss : 0.5871 = 0.5853 + -0.0000 + 0.0001 + 0.0017, time: 15.339113]
2023-09-02 13:28:27.612: epoch 1:	0.01771850  	0.09171484  	0.06210016  
2023-09-02 13:28:27.612: Find a better model.
2023-09-02 13:28:42.204: [iter 2 : loss : 0.3957 = 0.3941 + -0.0000 + 0.0002 + 0.0014, time: 14.572592]
2023-09-02 13:28:42.831: epoch 2:	0.02058914  	0.10796662  	0.07343151  
2023-09-02 13:28:42.832: Find a better model.
2023-09-02 13:28:57.490: [iter 3 : loss : 0.3236 = 0.3219 + -0.0000 + 0.0003 + 0.0013, time: 14.637178]
2023-09-02 13:28:58.136: epoch 3:	0.02196146  	0.11530462  	0.07976494  
2023-09-02 13:28:58.136: Find a better model.
2023-09-02 13:29:12.754: [iter 4 : loss : 0.2821 = 0.2804 + -0.0000 + 0.0004 + 0.0012, time: 14.593708]
2023-09-02 13:29:13.380: epoch 4:	0.02278934  	0.11955626  	0.08358406  
2023-09-02 13:29:13.380: Find a better model.
2023-09-02 13:29:27.946: [iter 5 : loss : 0.2572 = 0.2556 + 0.0000 + 0.0005 + 0.0012, time: 14.548742]
2023-09-02 13:29:28.568: epoch 5:	0.02345517  	0.12323664  	0.08632918  
2023-09-02 13:29:28.568: Find a better model.
2023-09-02 13:29:43.217: [iter 6 : loss : 0.2379 = 0.2362 + -0.0000 + 0.0006 + 0.0011, time: 14.633976]
2023-09-02 13:29:43.878: epoch 6:	0.02380157  	0.12556319  	0.08812615  
2023-09-02 13:29:43.878: Find a better model.
2023-09-02 13:29:58.377: [iter 7 : loss : 0.2254 = 0.2236 + 0.0000 + 0.0006 + 0.0011, time: 14.480481]
2023-09-02 13:29:58.978: epoch 7:	0.02415694  	0.12737305  	0.08944084  
2023-09-02 13:29:58.978: Find a better model.
2023-09-02 13:30:13.835: [iter 8 : loss : 0.2142 = 0.2124 + -0.0000 + 0.0007 + 0.0011, time: 14.841116]
2023-09-02 13:30:14.475: epoch 8:	0.02461131  	0.12991066  	0.09102361  
2023-09-02 13:30:14.475: Find a better model.
2023-09-02 13:30:29.129: [iter 9 : loss : 0.2052 = 0.2034 + -0.0000 + 0.0008 + 0.0011, time: 14.633115]
2023-09-02 13:30:29.766: epoch 9:	0.02497569  	0.13164544  	0.09221612  
2023-09-02 13:30:29.766: Find a better model.
2023-09-02 13:30:44.401: [iter 10 : loss : 0.1976 = 0.1957 + 0.0000 + 0.0008 + 0.0010, time: 14.610428]
2023-09-02 13:30:45.012: epoch 10:	0.02517362  	0.13242783  	0.09278866  
2023-09-02 13:30:45.012: Find a better model.
2023-09-02 13:30:59.525: [iter 11 : loss : 0.1907 = 0.1889 + 0.0000 + 0.0009 + 0.0010, time: 14.497516]
2023-09-02 13:31:00.180: epoch 11:	0.02555149  	0.13448671  	0.09401510  
2023-09-02 13:31:00.180: Find a better model.
2023-09-02 13:31:14.868: [iter 12 : loss : 0.1834 = 0.1815 + 0.0000 + 0.0009 + 0.0010, time: 14.668036]
2023-09-02 13:31:15.536: epoch 12:	0.02579443  	0.13566786  	0.09469588  
2023-09-02 13:31:15.536: Find a better model.
2023-09-02 13:31:29.906: [iter 13 : loss : 0.1780 = 0.1761 + 0.0000 + 0.0010 + 0.0010, time: 14.351262]
2023-09-02 13:31:30.496: epoch 13:	0.02603732  	0.13692439  	0.09583610  
2023-09-02 13:31:30.496: Find a better model.
2023-09-02 13:31:45.269: [iter 14 : loss : 0.1740 = 0.1720 + -0.0000 + 0.0010 + 0.0010, time: 14.755929]
2023-09-02 13:31:45.885: epoch 14:	0.02641520  	0.13866049  	0.09683760  
2023-09-02 13:31:45.885: Find a better model.
