2023-05-03 21:19:34.382: my pid: 4069
2023-05-03 21:19:34.382: model: model.general_recommender.GNNEC_longtail
2023-05-03 21:19:34.382: Dataset statistics:
Name: gowalla-20core
The number of users: 11113
The number of items: 18074
The number of ratings: 523315
Average actions of users: 47.09
Average actions of items: 28.95
The sparsity of the dataset: 99.739458%

The number of training: 475362
The number of validation: 0
The number of testing: 47953
2023-05-03 21:19:34.383: NeuRec:[NeuRec]:
recommender=GNNEC_longtail
dataset=gowalla-20core
file_column=UI
sep=','
gpu_id=0
gpu_mem=0.99
metric=["Precision", "Recall", "NDCG"]
top_k=[20]
test_thread=8
test_batch_size=128
seed=2021
start_testing_epoch=0

GNNEC_longtail:[hyperparameters]:
mf_reg=1e-4
svd_q=5
aug_type=ED
reg=1e-4
embed_size=64
n_layers=2
ssl_reg=0.02
ssl_ratio=0.5
ssl_temp=1
ssl_mode=both_side
lr=1e-3
learner=adam
adj_type=pre
epochs=200
batch_size=2048
num_negatives=1
param_init=xavier_uniform
stddev=0.01
verbose=1
stop_cnt=10
pretrain_flag=1
save_flag=0

Command line:
recommender=GNNEC_longtail
save_flag=0
pretrain_flag=1
dataset=gowalla-20core
epochs=200
batch_size=2048
embed_size=64
n_layers=2
lr=1e-3
aug_type=ED
reg=1e-4
ssl_reg=0.02
ssl_ratio=0.5
ssl_temp=1
mf_reg=1e-4
svd_q=5
2023-05-03 21:19:41.235: metrics:	Precision@20	Recall@20   	NDCG@20     
2023-05-03 21:19:41.236: best_result@epoch 0:

2023-05-03 21:19:41.444: user_inter_cnt:0~25, 		0.02348409  	0.23484296  	0.13494256  
2023-05-03 21:19:41.585: user_inter_cnt:25~30, 		0.02345430  	0.23454447  	0.13870156  
2023-05-03 21:19:41.758: user_inter_cnt:30~40, 		0.03191483  	0.21276695  	0.14535677  
2023-05-03 21:19:41.855: user_inter_cnt:40~50, 		0.04218965  	0.21094947  	0.15586352  
2023-05-03 21:19:41.910: user_inter_cnt:50~60, 		0.04894860  	0.19579440  	0.15801215  
2023-05-03 21:19:41.957: user_inter_cnt:60~70, 		0.05318527  	0.17728432  	0.14461690  
