2023-04-07 23:59:09.121: my pid: 31456
2023-04-07 23:59:09.121: model: model.general_recommender.GNNEC_ml1m
2023-04-07 23:59:09.121: Dataset statistics:
Name: ml1m
The number of users: 6040
The number of items: 3706
The number of ratings: 1000209
Average actions of users: 165.60
Average actions of items: 269.89
The sparsity of the dataset: 95.531637%

The number of training: 902826
The number of validation: 0
The number of testing: 97383
2023-04-07 23:59:09.122: NeuRec:[NeuRec]:
recommender=GNNEC_ml1m
dataset=ml1m
file_column=UI
sep=','
gpu_id=0
gpu_mem=0.99
metric=["Precision", "Recall", "NDCG"]
top_k=[20]
test_thread=8
test_batch_size=128
seed=2021
start_testing_epoch=0

GNNEC_ml1m:[hyperparameters]:
mf_reg=1e-4
svd_q=5
aug_type=ND
reg=1e-4
embed_size=64
n_layers=2
ssl_reg=0.02
ssl_ratio=0.1
ssl_temp=0.5
ssl_mode=both_side
lr=1e-3
learner=adam
adj_type=pre
epochs=100
batch_size=2048
num_negatives=1
param_init=xavier_uniform
stddev=0.01
verbose=1
stop_cnt=10
pretrain_flag=0
save_flag=0

Command line:
recommender=GNNEC_ml1m
dataset=ml1m
epochs=100
n_layers=2
embed_size=64
batch_size=2048
lr=1e-3
aug_type=ND
reg=1e-4
ssl_reg=0.02
ssl_ratio=0.1
ssl_temp=0.5
mf_reg=1e-4
svd_q=5
2023-04-07 23:59:14.585: metrics:	Precision@20	Recall@20   	NDCG@20     
2023-04-07 23:59:51.369: [iter 1 : loss : 0.9417 = 0.6831 + 0.2586 + 0.0000, time: 36.783144]
2023-04-07 23:59:51.614: epoch 1:	0.09412146  	0.15075016  	0.16199093  
2023-04-07 23:59:51.614: Find a better model.
2023-04-08 00:00:29.405: [iter 2 : loss : 0.6527 = 0.3526 + 0.2995 + 0.0006, time: 37.759416]
2023-04-08 00:00:29.729: epoch 2:	0.09904655  	0.15413888  	0.16569519  
2023-04-08 00:00:29.729: Find a better model.
