2023-09-01 17:40:59.999: my pid: 27325
2023-09-01 17:40:59.999: model: model.general_recommender.GNNEC
2023-09-01 17:40:59.999: Dataset statistics:
Name: douban
The number of users: 2765
The number of items: 26926
The number of ratings: 882145
Average actions of users: 319.04
Average actions of items: 32.76
The sparsity of the dataset: 98.815124%

The number of training: 795166
The number of validation: 0
The number of testing: 86979
2023-09-01 17:40:59.999: NeuRec:[NeuRec]:
recommender=GNNEC
dataset=douban
file_column=UI
sep=','
gpu_id=0
gpu_mem=0.99
metric=["Precision", "Recall", "NDCG"]
top_k=[20]
test_thread=8
test_batch_size=128
seed=2021
start_testing_epoch=0

GNNEC:[hyperparameters]:
mf_reg=0.02
svd_q=5
aug_type=ND
reg=1e-4
embed_size=32
n_layers=2
ssl_reg=0.02
ssl_ratio=0.1
ssl_temp=5
ssl_mode=both_side
lr=1e-3
learner=adam
adj_type=pre
epochs=200
batch_size=2048
num_negatives=1
param_init=xavier_uniform
stddev=0.01
verbose=1
stop_cnt=10
pretrain_flag=0
save_flag=0

Command line:
recommender=GNNEC
dataset=douban
epochs=200
n_layers=2
embed_size=32
batch_size=2048
lr=1e-3
aug_type=ND
reg=1e-4
ssl_reg=0.02
ssl_ratio=0.1
ssl_temp=5
mf_reg=0.02
svd_q=5
2023-09-01 17:41:12.444: metrics:	Precision@20	Recall@20   	NDCG@20     
2023-09-01 17:41:40.877: [iter 1 : loss : 1.2316 = 0.5239 + 0.3538 + 0.0001 + 0.3538, time: 28.432495]
2023-09-01 17:41:41.156: epoch 1:	0.08073897  	0.06027682  	0.10454413  
2023-09-01 17:41:41.157: Find a better model.
2023-09-01 17:42:09.019: [iter 2 : loss : 1.0304 = 0.3378 + 0.3465 + 0.0004 + 0.3457, time: 27.824778]
2023-09-01 17:42:09.301: epoch 2:	0.07940172  	0.05888691  	0.10310411  
2023-09-01 17:42:37.366: [iter 3 : loss : 0.9870 = 0.2974 + 0.3452 + 0.0006 + 0.3439, time: 28.026329]
2023-09-01 17:42:37.632: epoch 3:	0.07816418  	0.05821851  	0.10259676  
2023-09-01 17:43:05.517: [iter 4 : loss : 0.9633 = 0.2750 + 0.3445 + 0.0007 + 0.3431, time: 27.846409]
2023-09-01 17:43:05.792: epoch 4:	0.07746558  	0.05782449  	0.10221317  
2023-09-01 17:43:33.775: [iter 5 : loss : 0.9459 = 0.2586 + 0.3439 + 0.0008 + 0.3426, time: 27.948921]
2023-09-01 17:43:34.043: epoch 5:	0.07764520  	0.05799716  	0.10203139  
2023-09-01 17:44:01.723: [iter 6 : loss : 0.9348 = 0.2482 + 0.3435 + 0.0010 + 0.3422, time: 27.648854]
2023-09-01 17:44:02.009: epoch 6:	0.07720609  	0.05795724  	0.10198436  
2023-09-01 17:44:29.424: [iter 7 : loss : 0.9253 = 0.2392 + 0.3431 + 0.0011 + 0.3419, time: 27.382244]
2023-09-01 17:44:29.690: epoch 7:	0.07764523  	0.05807880  	0.10225830  
2023-09-01 17:44:57.547: [iter 8 : loss : 0.9154 = 0.2300 + 0.3427 + 0.0012 + 0.3415, time: 27.819089]
2023-09-01 17:44:57.830: epoch 8:	0.07718618  	0.05778661  	0.10186995  
2023-09-01 17:45:25.877: [iter 9 : loss : 0.9044 = 0.2200 + 0.3421 + 0.0013 + 0.3410, time: 28.002754]
2023-09-01 17:45:26.142: epoch 9:	0.07842363  	0.05931741  	0.10304066  
2023-09-01 17:45:54.261: [iter 10 : loss : 0.8964 = 0.2129 + 0.3416 + 0.0015 + 0.3405, time: 28.084235]
2023-09-01 17:45:54.540: epoch 10:	0.07946154  	0.05855311  	0.10373043  
2023-09-01 17:46:22.562: [iter 11 : loss : 0.8870 = 0.2045 + 0.3410 + 0.0016 + 0.3399, time: 27.979376]
2023-09-01 17:46:22.829: epoch 11:	0.08051946  	0.05995943  	0.10478840  
2023-09-01 17:46:22.830: Early stopping is trigger at epoch: 11
2023-09-01 17:46:22.830: best_result@epoch 1:

2023-09-01 17:46:22.830: 		0.0807      	0.0603      	0.1045      
