2023-09-01 22:23:48.659: my pid: 13847
2023-09-01 22:23:48.660: model: model.general_recommender.GNNEC
2023-09-01 22:23:48.660: Dataset statistics:
Name: douban
The number of users: 2765
The number of items: 26926
The number of ratings: 882145
Average actions of users: 319.04
Average actions of items: 32.76
The sparsity of the dataset: 98.815124%

The number of training: 795166
The number of validation: 0
The number of testing: 86979
2023-09-01 22:23:48.660: NeuRec:[NeuRec]:
recommender=GNNEC
dataset=douban
file_column=UI
sep=','
gpu_id=0
gpu_mem=0.99
metric=["Precision", "Recall", "NDCG"]
top_k=[20]
test_thread=8
test_batch_size=128
seed=2021
start_testing_epoch=0

GNNEC:[hyperparameters]:
mf_reg=0.02
svd_q=5
aug_type=ND
reg=1e-4
embed_size=32
n_layers=2
ssl_reg=0.02
ssl_ratio=0.5
ssl_temp=50
ssl_mode=both_side
lr=1e-3
learner=adam
adj_type=pre
epochs=200
batch_size=2048
num_negatives=1
param_init=xavier_uniform
stddev=0.01
verbose=1
stop_cnt=10
pretrain_flag=0
save_flag=0

Command line:
recommender=GNNEC
dataset=douban
epochs=200
n_layers=2
embed_size=32
batch_size=2048
lr=1e-3
aug_type=ND
reg=1e-4
ssl_reg=0.02
ssl_ratio=0.5
ssl_temp=50
mf_reg=0.02
svd_q=5
2023-09-01 22:24:01.138: metrics:	Precision@20	Recall@20   	NDCG@20     
2023-09-01 22:24:26.716: [iter 1 : loss : 1.2455 = 0.5220 + 0.3616 + 0.0001 + 0.3616, time: 25.576976]
2023-09-01 22:24:26.999: epoch 1:	0.08121800  	0.05968133  	0.10490534  
2023-09-01 22:24:27.000: Find a better model.
2023-09-01 22:24:52.110: [iter 2 : loss : 1.0590 = 0.3369 + 0.3609 + 0.0004 + 0.3608, time: 25.072742]
2023-09-01 22:24:52.397: epoch 2:	0.07872303  	0.05836162  	0.10258209  
2023-09-01 22:25:17.684: [iter 3 : loss : 1.0184 = 0.2964 + 0.3608 + 0.0006 + 0.3606, time: 25.235650]
2023-09-01 22:25:17.954: epoch 3:	0.07802442  	0.05814914  	0.10136317  
2023-09-01 22:25:43.042: [iter 4 : loss : 0.9968 = 0.2747 + 0.3608 + 0.0007 + 0.3606, time: 25.046634]
2023-09-01 22:25:43.315: epoch 4:	0.07750545  	0.05814817  	0.10113232  
2023-09-01 22:26:08.396: [iter 5 : loss : 0.9821 = 0.2599 + 0.3608 + 0.0008 + 0.3606, time: 25.049532]
2023-09-01 22:26:08.669: epoch 5:	0.07734576  	0.05802714  	0.10131186  
2023-09-01 22:26:33.736: [iter 6 : loss : 0.9721 = 0.2499 + 0.3607 + 0.0009 + 0.3606, time: 25.035104]
2023-09-01 22:26:33.990: epoch 6:	0.07678688  	0.05796346  	0.10087188  
2023-09-01 22:26:58.796: [iter 7 : loss : 0.9629 = 0.2406 + 0.3607 + 0.0010 + 0.3606, time: 24.769243]
2023-09-01 22:26:59.055: epoch 7:	0.07634780  	0.05760758  	0.10053732  
2023-09-01 22:27:23.955: [iter 8 : loss : 0.9546 = 0.2323 + 0.3607 + 0.0012 + 0.3605, time: 24.858542]
2023-09-01 22:27:24.231: epoch 8:	0.07672705  	0.05865338  	0.10128237  
2023-09-01 22:27:49.564: [iter 9 : loss : 0.9491 = 0.2266 + 0.3607 + 0.0013 + 0.3605, time: 25.298844]
2023-09-01 22:27:49.839: epoch 9:	0.07688673  	0.05856924  	0.10137669  
2023-09-01 22:28:15.189: [iter 10 : loss : 0.9442 = 0.2216 + 0.3607 + 0.0014 + 0.3605, time: 25.313219]
2023-09-01 22:28:15.471: epoch 10:	0.07722602  	0.05914251  	0.10178804  
2023-09-01 22:28:40.317: [iter 11 : loss : 0.9371 = 0.2144 + 0.3608 + 0.0015 + 0.3605, time: 24.811465]
2023-09-01 22:28:40.599: epoch 11:	0.07800451  	0.05850413  	0.10247277  
2023-09-01 22:28:40.599: Early stopping is trigger at epoch: 11
2023-09-01 22:28:40.600: best_result@epoch 1:

2023-09-01 22:28:40.600: 		0.0812      	0.0597      	0.1049      
