2023-09-01 12:07:52.904: my pid: 30465
2023-09-01 12:07:52.904: model: model.general_recommender.GNNEC
2023-09-01 12:07:52.905: Dataset statistics:
Name: douban
The number of users: 2765
The number of items: 26926
The number of ratings: 882145
Average actions of users: 319.04
Average actions of items: 32.76
The sparsity of the dataset: 98.815124%

The number of training: 795166
The number of validation: 0
The number of testing: 86979
2023-09-01 12:07:52.905: NeuRec:[NeuRec]:
recommender=GNNEC
dataset=douban
file_column=UI
sep=','
gpu_id=0
gpu_mem=0.99
metric=["Precision", "Recall", "NDCG"]
top_k=[20]
test_thread=8
test_batch_size=128
seed=2021
start_testing_epoch=0

GNNEC:[hyperparameters]:
mf_reg=0.02
svd_q=5
aug_type=ND
reg=1e-4
embed_size=64
n_layers=2
ssl_reg=0.02
ssl_ratio=0.1
ssl_temp=0.5
ssl_mode=both_side
lr=1e-3
learner=adam
adj_type=pre
epochs=200
batch_size=2048
num_negatives=1
param_init=xavier_uniform
stddev=0.01
verbose=1
stop_cnt=10
pretrain_flag=0
save_flag=0

Command line:
recommender=GNNEC
dataset=douban
epochs=200
n_layers=2
embed_size=64
batch_size=2048
lr=1e-3
aug_type=ND
reg=1e-4
ssl_reg=0.02
ssl_ratio=0.1
ssl_temp=0.5
mf_reg=0.02
svd_q=5
2023-09-01 12:08:05.101: metrics:	Precision@20	Recall@20   	NDCG@20     
2023-09-01 12:08:41.577: [iter 1 : loss : 1.1674 = 0.5000 + 0.3343 + 0.0002 + 0.3330, time: 36.474699]
2023-09-01 12:08:41.860: epoch 1:	0.08151744  	0.06036506  	0.10623460  
2023-09-01 12:08:41.860: Find a better model.
2023-09-01 12:09:23.123: [iter 2 : loss : 0.9290 = 0.3037 + 0.3137 + 0.0006 + 0.3111, time: 41.219590]
2023-09-01 12:09:23.433: epoch 2:	0.08570904  	0.06495298  	0.11172735  
2023-09-01 12:09:23.433: Find a better model.
2023-09-01 12:09:59.611: [iter 3 : loss : 0.8396 = 0.2490 + 0.2964 + 0.0009 + 0.2933, time: 36.140158]
2023-09-01 12:09:59.872: epoch 3:	0.09227599  	0.06914196  	0.11988629  
2023-09-01 12:09:59.872: Find a better model.
2023-09-01 12:10:35.706: [iter 4 : loss : 0.7698 = 0.2123 + 0.2797 + 0.0012 + 0.2766, time: 35.799634]
2023-09-01 12:10:35.965: epoch 4:	0.09982096  	0.07614420  	0.12877961  
2023-09-01 12:10:35.966: Find a better model.
2023-09-01 12:11:17.347: [iter 5 : loss : 0.7126 = 0.1854 + 0.2646 + 0.0016 + 0.2610, time: 41.349155]
2023-09-01 12:11:17.611: epoch 5:	0.10590860  	0.07995812  	0.13562110  
2023-09-01 12:11:17.612: Find a better model.
2023-09-01 12:11:53.501: [iter 6 : loss : 0.6654 = 0.1671 + 0.2501 + 0.0021 + 0.2462, time: 35.850519]
2023-09-01 12:11:53.759: epoch 6:	0.11033960  	0.08236080  	0.14015326  
2023-09-01 12:11:53.760: Find a better model.
