2023-09-01 22:15:35.438: my pid: 10711
2023-09-01 22:15:35.439: model: model.general_recommender.GNNEC
2023-09-01 22:15:35.439: Dataset statistics:
Name: douban
The number of users: 2765
The number of items: 26926
The number of ratings: 882145
Average actions of users: 319.04
Average actions of items: 32.76
The sparsity of the dataset: 98.815124%

The number of training: 795166
The number of validation: 0
The number of testing: 86979
2023-09-01 22:15:35.439: NeuRec:[NeuRec]:
recommender=GNNEC
dataset=douban
file_column=UI
sep=','
gpu_id=0
gpu_mem=0.99
metric=["Precision", "Recall", "NDCG"]
top_k=[20]
test_thread=8
test_batch_size=128
seed=2021
start_testing_epoch=0

GNNEC:[hyperparameters]:
mf_reg=0.0002
svd_q=5
aug_type=ND
reg=1e-4
embed_size=32
n_layers=2
ssl_reg=0.0002
ssl_ratio=0.5
ssl_temp=5
ssl_mode=both_side
lr=1e-3
learner=adam
adj_type=pre
epochs=200
batch_size=2048
num_negatives=1
param_init=xavier_uniform
stddev=0.01
verbose=1
stop_cnt=10
pretrain_flag=0
save_flag=0

Command line:
recommender=GNNEC
dataset=douban
epochs=200
n_layers=2
embed_size=32
batch_size=2048
lr=1e-3
aug_type=ND
reg=1e-4
ssl_reg=0.0002
ssl_ratio=0.5
ssl_temp=5
mf_reg=0.0002
svd_q=5
2023-09-01 22:15:47.938: metrics:	Precision@20	Recall@20   	NDCG@20     
2023-09-01 22:16:13.458: [iter 1 : loss : 0.5295 = 0.5223 + 0.0035 + 0.0001 + 0.0035, time: 25.520016]
2023-09-01 22:16:13.745: epoch 1:	0.08121800  	0.05958452  	0.10487635  
2023-09-01 22:16:13.745: Find a better model.
2023-09-01 22:16:38.541: [iter 2 : loss : 0.3442 = 0.3368 + 0.0035 + 0.0004 + 0.0035, time: 24.754020]
2023-09-01 22:16:38.802: epoch 2:	0.07876295  	0.05837998  	0.10259116  
2023-09-01 22:17:03.804: [iter 3 : loss : 0.3039 = 0.2964 + 0.0035 + 0.0006 + 0.0034, time: 24.964251]
2023-09-01 22:17:04.058: epoch 3:	0.07800447  	0.05814396  	0.10136749  
2023-09-01 22:17:28.963: [iter 4 : loss : 0.2824 = 0.2748 + 0.0035 + 0.0007 + 0.0034, time: 24.869807]
2023-09-01 22:17:29.226: epoch 4:	0.07732581  	0.05806396  	0.10104563  
2023-09-01 22:17:54.203: [iter 5 : loss : 0.2677 = 0.2600 + 0.0035 + 0.0008 + 0.0034, time: 24.948268]
2023-09-01 22:17:54.477: epoch 5:	0.07742561  	0.05804534  	0.10135594  
2023-09-01 22:18:19.707: [iter 6 : loss : 0.2579 = 0.2501 + 0.0034 + 0.0009 + 0.0034, time: 25.190215]
2023-09-01 22:18:19.972: epoch 6:	0.07674696  	0.05799280  	0.10084541  
2023-09-01 22:18:45.073: [iter 7 : loss : 0.2488 = 0.2408 + 0.0034 + 0.0010 + 0.0034, time: 25.076737]
2023-09-01 22:18:45.350: epoch 7:	0.07636777  	0.05758372  	0.10058381  
2023-09-01 22:19:10.394: [iter 8 : loss : 0.2407 = 0.2327 + 0.0034 + 0.0011 + 0.0034, time: 25.012056]
2023-09-01 22:19:10.658: epoch 8:	0.07654741  	0.05853758  	0.10102674  
2023-09-01 22:19:35.901: [iter 9 : loss : 0.2355 = 0.2273 + 0.0034 + 0.0013 + 0.0034, time: 25.214856]
2023-09-01 22:19:36.162: epoch 9:	0.07664720  	0.05844835  	0.10111804  
2023-09-01 22:20:01.386: [iter 10 : loss : 0.2309 = 0.2226 + 0.0035 + 0.0014 + 0.0034, time: 25.187674]
2023-09-01 22:20:01.644: epoch 10:	0.07696652  	0.05906856  	0.10148606  
2023-09-01 22:20:26.517: [iter 11 : loss : 0.2241 = 0.2158 + 0.0035 + 0.0015 + 0.0034, time: 24.841454]
2023-09-01 22:20:26.778: epoch 11:	0.07740565  	0.05808925  	0.10181890  
2023-09-01 22:20:26.778: Early stopping is trigger at epoch: 11
2023-09-01 22:20:26.778: best_result@epoch 1:

2023-09-01 22:20:26.778: 		0.0812      	0.0596      	0.1049      
