2023-09-03 22:20:34.947: my pid: 14176
2023-09-03 22:20:34.948: model: model.general_recommender.GNNEC
2023-09-03 22:20:34.948: Dataset statistics:
Name: douban
The number of users: 2765
The number of items: 26926
The number of ratings: 882145
Average actions of users: 319.04
Average actions of items: 32.76
The sparsity of the dataset: 98.815124%

The number of training: 795166
The number of validation: 0
The number of testing: 86979
2023-09-03 22:20:34.948: NeuRec:[NeuRec]:
recommender=GNNEC
dataset=douban
file_column=UI
sep=','
gpu_id=0
gpu_mem=0.99
metric=["Precision", "Recall", "NDCG"]
top_k=[20]
test_thread=8
test_batch_size=128
seed=2021
start_testing_epoch=0

GNNEC:[hyperparameters]:
mf_reg=1e-4
svd_q=5
aug_type=ND
reg=1e-4
embed_size=64
n_layers=2
ssl_reg=0.02
ssl_ratio=0.1
ssl_temp=0.5
ssl_mode=both_side
lr=1e-3
learner=adam
adj_type=pre
epochs=200
batch_size=2048
num_negatives=1
param_init=xavier_uniform
stddev=0.01
verbose=1
stop_cnt=10
pretrain_flag=0
save_flag=0

Command line:
recommender=GNNEC
dataset=douban
epochs=200
n_layers=2
embed_size=64
batch_size=2048
lr=1e-3
aug_type=ND
reg=1e-4
ssl_reg=0.02
ssl_ratio=0.1
ssl_temp=0.5
mf_reg=1e-4
svd_q=5
2023-09-03 22:20:38.945: metrics:	Precision@20	Recall@20   	NDCG@20     
2023-09-03 22:21:13.173: [iter 1 : loss : 0.7652 = 0.4967 + 0.2669 + 0.0002 + 0.0014, time: 34.226848]
2023-09-03 22:21:13.471: epoch 1:	0.08004040  	0.05991246  	0.10398346  
2023-09-03 22:21:13.471: Find a better model.
2023-09-03 22:21:47.079: [iter 2 : loss : 0.5246 = 0.3175 + 0.2054 + 0.0006 + 0.0011, time: 33.567051]
2023-09-03 22:21:47.373: epoch 2:	0.07858334  	0.05882132  	0.10286023  
2023-09-03 22:22:21.077: [iter 3 : loss : 0.4630 = 0.2748 + 0.1864 + 0.0008 + 0.0010, time: 33.665374]
2023-09-03 22:22:21.307: epoch 3:	0.07898252  	0.05923059  	0.10390257  
2023-09-03 22:22:54.930: [iter 4 : loss : 0.4162 = 0.2455 + 0.1687 + 0.0011 + 0.0010, time: 33.586810]
2023-09-03 22:22:55.195: epoch 4:	0.08043956  	0.06060398  	0.10500976  
2023-09-03 22:22:55.195: Find a better model.
2023-09-03 22:23:29.066: [iter 5 : loss : 0.3725 = 0.2205 + 0.1497 + 0.0014 + 0.0009, time: 33.838103]
2023-09-03 22:23:29.330: epoch 5:	0.08277491  	0.06150370  	0.10843503  
2023-09-03 22:23:29.330: Find a better model.
2023-09-03 22:24:02.921: [iter 6 : loss : 0.3352 = 0.2025 + 0.1303 + 0.0017 + 0.0008, time: 33.550408]
2023-09-03 22:24:03.202: epoch 6:	0.08654738  	0.06264699  	0.11305647  
2023-09-03 22:24:03.202: Find a better model.
2023-09-03 22:24:37.176: [iter 7 : loss : 0.2998 = 0.1869 + 0.1102 + 0.0021 + 0.0007, time: 33.944082]
2023-09-03 22:24:37.430: epoch 7:	0.09067916  	0.06621296  	0.11719064  
2023-09-03 22:24:37.430: Find a better model.
2023-09-03 22:25:10.945: [iter 8 : loss : 0.2661 = 0.1738 + 0.0893 + 0.0024 + 0.0006, time: 33.485916]
2023-09-03 22:25:11.239: epoch 8:	0.09421212  	0.06881630  	0.12224237  
2023-09-03 22:25:11.239: Find a better model.
2023-09-03 22:25:45.651: [iter 9 : loss : 0.2317 = 0.1605 + 0.0679 + 0.0029 + 0.0005, time: 34.371658]
2023-09-03 22:25:45.946: epoch 9:	0.09898254  	0.07223730  	0.12806603  
2023-09-03 22:25:45.946: Find a better model.
2023-09-03 22:26:20.639: [iter 10 : loss : 0.2024 = 0.1520 + 0.0467 + 0.0033 + 0.0004, time: 34.652831]
2023-09-03 22:26:20.916: epoch 10:	0.10305431  	0.07458731  	0.13275842  
2023-09-03 22:26:20.916: Find a better model.
2023-09-03 22:26:55.258: [iter 11 : loss : 0.1740 = 0.1439 + 0.0260 + 0.0038 + 0.0003, time: 34.298757]
2023-09-03 22:26:55.523: epoch 11:	0.10656720  	0.07683946  	0.13678043  
2023-09-03 22:26:55.524: Find a better model.
2023-09-03 22:27:29.611: [iter 12 : loss : 0.1463 = 0.1354 + 0.0063 + 0.0043 + 0.0002, time: 34.040707]
2023-09-03 22:27:29.876: epoch 12:	0.10996030  	0.07864358  	0.13905817  
2023-09-03 22:27:29.877: Find a better model.
2023-09-03 22:28:04.115: [iter 13 : loss : 0.1218 = 0.1313 + -0.0145 + 0.0049 + 0.0001, time: 34.196509]
2023-09-03 22:28:04.381: epoch 13:	0.11249515  	0.08190789  	0.14326039  
2023-09-03 22:28:04.381: Find a better model.
2023-09-03 22:28:38.671: [iter 14 : loss : 0.0969 = 0.1261 + -0.0346 + 0.0054 + -0.0000, time: 34.252331]
2023-09-03 22:28:38.950: epoch 14:	0.11520971  	0.08415020  	0.14675517  
2023-09-03 22:28:38.951: Find a better model.
2023-09-03 22:29:13.156: [iter 15 : loss : 0.0768 = 0.1246 + -0.0537 + 0.0060 + -0.0001, time: 34.166769]
2023-09-03 22:29:13.446: epoch 15:	0.11786439  	0.08680781  	0.14911574  
2023-09-03 22:29:13.446: Find a better model.
2023-09-03 22:29:47.476: [iter 16 : loss : 0.0540 = 0.1191 + -0.0715 + 0.0066 + -0.0002, time: 33.994639]
2023-09-03 22:29:47.767: epoch 16:	0.11944126  	0.08654773  	0.15087581  
2023-09-03 22:30:21.926: [iter 17 : loss : 0.0362 = 0.1175 + -0.0883 + 0.0072 + -0.0003, time: 34.121473]
2023-09-03 22:30:22.177: epoch 17:	0.12033940  	0.08791792  	0.15214695  
2023-09-03 22:30:22.178: Find a better model.
2023-09-03 22:30:55.869: [iter 18 : loss : 0.0146 = 0.1137 + -0.1066 + 0.0079 + -0.0004, time: 33.659613]
2023-09-03 22:30:56.151: epoch 18:	0.12151714  	0.08791690  	0.15302607  
2023-09-03 22:31:30.396: [iter 19 : loss : -0.0013 = 0.1127 + -0.1220 + 0.0085 + -0.0004, time: 34.211164]
2023-09-03 22:31:30.689: epoch 19:	0.12269465  	0.08921761  	0.15421839  
2023-09-03 22:31:30.689: Find a better model.
2023-09-03 22:32:04.464: [iter 20 : loss : -0.0198 = 0.1105 + -0.1390 + 0.0091 + -0.0005, time: 33.739307]
2023-09-03 22:32:04.736: epoch 20:	0.12369254  	0.08968561  	0.15640186  
2023-09-03 22:32:04.736: Find a better model.
2023-09-03 22:32:39.145: [iter 21 : loss : -0.0370 = 0.1081 + -0.1543 + 0.0098 + -0.0006, time: 34.367787]
2023-09-03 22:32:39.432: epoch 21:	0.12447108  	0.09049558  	0.15787174  
2023-09-03 22:32:39.432: Find a better model.
2023-09-03 22:33:13.587: [iter 22 : loss : -0.0499 = 0.1094 + -0.1691 + 0.0104 + -0.0007, time: 34.114724]
2023-09-03 22:33:13.863: epoch 22:	0.12469068  	0.09079558  	0.15830012  
2023-09-03 22:33:13.864: Find a better model.
2023-09-03 22:33:47.911: [iter 23 : loss : -0.0674 = 0.1056 + -0.1834 + 0.0111 + -0.0007, time: 34.008011]
2023-09-03 22:33:48.175: epoch 23:	0.12508993  	0.09048976  	0.15906356  
2023-09-03 22:34:22.164: [iter 24 : loss : -0.0815 = 0.1049 + -0.1975 + 0.0118 + -0.0008, time: 33.948745]
2023-09-03 22:34:22.439: epoch 24:	0.12608783  	0.09318376  	0.16024889  
2023-09-03 22:34:22.439: Find a better model.
2023-09-03 22:34:56.521: [iter 25 : loss : -0.0943 = 0.1048 + -0.2108 + 0.0125 + -0.0009, time: 34.041549]
2023-09-03 22:34:56.793: epoch 25:	0.12698601  	0.09362565  	0.16114324  
2023-09-03 22:34:56.794: Find a better model.
2023-09-03 22:35:30.685: [iter 26 : loss : -0.1078 = 0.1036 + -0.2236 + 0.0132 + -0.0009, time: 33.852840]
2023-09-03 22:35:30.951: epoch 26:	0.12778442  	0.09425127  	0.16196367  
2023-09-03 22:35:30.951: Find a better model.
2023-09-03 22:36:04.945: [iter 27 : loss : -0.1204 = 0.1019 + -0.2352 + 0.0138 + -0.0010, time: 33.958288]
2023-09-03 22:36:05.235: epoch 27:	0.12780443  	0.09457529  	0.16189392  
2023-09-03 22:36:05.235: Find a better model.
2023-09-03 22:36:39.091: [iter 28 : loss : -0.1349 = 0.1002 + -0.2486 + 0.0145 + -0.0011, time: 33.812332]
2023-09-03 22:36:39.363: epoch 28:	0.12802400  	0.09482229  	0.16215453  
2023-09-03 22:36:39.363: Find a better model.
2023-09-03 22:37:13.099: [iter 29 : loss : -0.1444 = 0.1016 + -0.2602 + 0.0152 + -0.0011, time: 33.700086]
2023-09-03 22:37:13.375: epoch 29:	0.12868257  	0.09481212  	0.16235034  
2023-09-03 22:37:47.512: [iter 30 : loss : -0.1554 = 0.1001 + -0.2702 + 0.0159 + -0.0012, time: 34.100489]
2023-09-03 22:37:47.789: epoch 30:	0.12886226  	0.09456702  	0.16304421  
2023-09-03 22:38:21.839: [iter 31 : loss : -0.1681 = 0.0991 + -0.2825 + 0.0166 + -0.0012, time: 34.011831]
2023-09-03 22:38:22.090: epoch 31:	0.12916161  	0.09467838  	0.16302013  
2023-09-03 22:38:56.263: [iter 32 : loss : -0.1788 = 0.0979 + -0.2927 + 0.0173 + -0.0013, time: 34.143638]
2023-09-03 22:38:56.538: epoch 32:	0.12892215  	0.09474870  	0.16284898  
2023-09-03 22:39:30.396: [iter 33 : loss : -0.1871 = 0.0993 + -0.3031 + 0.0180 + -0.0013, time: 33.821340]
2023-09-03 22:39:30.662: epoch 33:	0.12888230  	0.09615299  	0.16318209  
2023-09-03 22:39:30.662: Find a better model.
2023-09-03 22:40:04.765: [iter 34 : loss : -0.1978 = 0.0985 + -0.3136 + 0.0187 + -0.0014, time: 34.066152]
2023-09-03 22:40:05.035: epoch 34:	0.12894212  	0.09512820  	0.16315649  
2023-09-03 22:40:39.029: [iter 35 : loss : -0.2059 = 0.0981 + -0.3219 + 0.0194 + -0.0014, time: 33.962388]
2023-09-03 22:40:39.313: epoch 35:	0.12894207  	0.09535506  	0.16280930  
2023-09-03 22:41:13.191: [iter 36 : loss : -0.2149 = 0.0981 + -0.3317 + 0.0201 + -0.0015, time: 33.840271]
2023-09-03 22:41:13.469: epoch 36:	0.12902187  	0.09555610  	0.16306287  
2023-09-03 22:41:47.450: [iter 37 : loss : -0.2252 = 0.0964 + -0.3409 + 0.0208 + -0.0015, time: 33.945315]
2023-09-03 22:41:47.741: epoch 37:	0.12934127  	0.09531508  	0.16310781  
2023-09-03 22:42:21.669: [iter 38 : loss : -0.2320 = 0.0976 + -0.3495 + 0.0215 + -0.0016, time: 33.888967]
2023-09-03 22:42:21.963: epoch 38:	0.12942111  	0.09589840  	0.16348729  
2023-09-03 22:42:56.201: [iter 39 : loss : -0.2444 = 0.0940 + -0.3590 + 0.0222 + -0.0016, time: 34.201628]
2023-09-03 22:42:56.483: epoch 39:	0.12924142  	0.09594574  	0.16352582  
2023-09-03 22:43:30.484: [iter 40 : loss : -0.2486 = 0.0966 + -0.3664 + 0.0229 + -0.0017, time: 33.964108]
2023-09-03 22:43:30.765: epoch 40:	0.12914164  	0.09628402  	0.16368803  
2023-09-03 22:43:30.766: Find a better model.
2023-09-03 22:44:04.954: [iter 41 : loss : -0.2546 = 0.0975 + -0.3740 + 0.0236 + -0.0017, time: 34.146060]
2023-09-03 22:44:05.223: epoch 41:	0.12952092  	0.09700795  	0.16407707  
2023-09-03 22:44:05.223: Find a better model.
2023-09-03 22:44:39.140: [iter 42 : loss : -0.2633 = 0.0960 + -0.3818 + 0.0243 + -0.0017, time: 33.884318]
2023-09-03 22:44:39.413: epoch 42:	0.12916169  	0.09664775  	0.16347165  
2023-09-03 22:45:12.792: [iter 43 : loss : -0.2696 = 0.0970 + -0.3898 + 0.0250 + -0.0018, time: 33.339655]
2023-09-03 22:45:13.075: epoch 43:	0.12938127  	0.09687127  	0.16391540  
2023-09-03 22:45:46.872: [iter 44 : loss : -0.2771 = 0.0969 + -0.3978 + 0.0257 + -0.0018, time: 33.759573]
2023-09-03 22:45:47.160: epoch 44:	0.12918162  	0.09685159  	0.16380040  
2023-09-03 22:46:21.205: [iter 45 : loss : -0.2836 = 0.0963 + -0.4044 + 0.0264 + -0.0018, time: 34.004117]
2023-09-03 22:46:21.479: epoch 45:	0.12950097  	0.09686403  	0.16363838  
2023-09-03 22:46:55.673: [iter 46 : loss : -0.2901 = 0.0971 + -0.4123 + 0.0271 + -0.0019, time: 34.154119]
2023-09-03 22:46:55.961: epoch 46:	0.12920152  	0.09619688  	0.16367128  
2023-09-03 22:47:30.032: [iter 47 : loss : -0.2955 = 0.0975 + -0.4188 + 0.0277 + -0.0019, time: 34.034239]
2023-09-03 22:47:30.313: epoch 47:	0.12856278  	0.09652765  	0.16321848  
2023-09-03 22:48:04.384: [iter 48 : loss : -0.3035 = 0.0963 + -0.4263 + 0.0284 + -0.0020, time: 34.035519]
2023-09-03 22:48:04.669: epoch 48:	0.12832327  	0.09631015  	0.16295506  
2023-09-03 22:48:38.796: [iter 49 : loss : -0.3086 = 0.0964 + -0.4322 + 0.0292 + -0.0020, time: 34.095783]
2023-09-03 22:48:39.068: epoch 49:	0.12812370  	0.09580512  	0.16268444  
2023-09-03 22:49:13.006: [iter 50 : loss : -0.3145 = 0.0962 + -0.4386 + 0.0298 + -0.0020, time: 33.906459]
2023-09-03 22:49:13.293: epoch 50:	0.12836319  	0.09649803  	0.16290489  
2023-09-03 22:49:47.062: [iter 51 : loss : -0.3211 = 0.0962 + -0.4458 + 0.0306 + -0.0021, time: 33.731915]
2023-09-03 22:49:47.327: epoch 51:	0.12854283  	0.09619522  	0.16295877  
2023-09-03 22:49:47.327: Early stopping is trigger at epoch: 51
2023-09-03 22:49:47.328: best_result@epoch 41:

2023-09-03 22:49:47.328: 		0.1295      	0.0970      	0.1641      
