2023-09-02 17:32:02.103: my pid: 23186
2023-09-02 17:32:02.104: model: model.general_recommender.GNNEC
2023-09-02 17:32:02.104: Dataset statistics:
Name: douban
The number of users: 2765
The number of items: 26926
The number of ratings: 882145
Average actions of users: 319.04
Average actions of items: 32.76
The sparsity of the dataset: 98.815124%

The number of training: 795166
The number of validation: 0
The number of testing: 86979
2023-09-02 17:32:02.104: NeuRec:[NeuRec]:
recommender=GNNEC
dataset=douban
file_column=UI
sep=','
gpu_id=0
gpu_mem=0.99
metric=["Precision", "Recall", "NDCG"]
top_k=[20]
test_thread=8
test_batch_size=128
seed=2021
start_testing_epoch=0

GNNEC:[hyperparameters]:
mf_reg=0.02
svd_q=5
aug_type=ND
reg=1e-4
embed_size=64
n_layers=2
ssl_reg=0.02
ssl_ratio=0.1
ssl_temp=0.5
ssl_mode=both_side
lr=1e-3
learner=adam
adj_type=pre
epochs=200
batch_size=2048
num_negatives=1
param_init=xavier_uniform
stddev=0.01
verbose=1
stop_cnt=10
pretrain_flag=0
save_flag=0

Command line:
recommender=GNNEC
dataset=douban
epochs=200
n_layers=2
embed_size=64
batch_size=2048
lr=1e-3
aug_type=ND
reg=1e-4
ssl_reg=0.02
ssl_ratio=0.1
ssl_temp=0.5
mf_reg=0.02
svd_q=5
2023-09-02 17:32:06.081: metrics:	Precision@20	Recall@20   	NDCG@20     
2023-09-02 17:32:40.311: [iter 1 : loss : 1.0502 = 0.5107 + 0.2649 + 0.0002 + 0.2744, time: 34.228758]
2023-09-02 17:32:40.588: epoch 1:	0.08115815  	0.06038857  	0.10520148  
2023-09-02 17:32:40.588: Find a better model.
2023-09-02 17:33:14.179: [iter 2 : loss : 0.7147 = 0.3265 + 0.1885 + 0.0006 + 0.1990, time: 33.553563]
2023-09-02 17:33:14.448: epoch 2:	0.08239569  	0.06082831  	0.10686375  
2023-09-02 17:33:14.448: Find a better model.
2023-09-02 17:33:48.148: [iter 3 : loss : 0.5966 = 0.2771 + 0.1545 + 0.0010 + 0.1640, time: 33.664147]
2023-09-02 17:33:48.418: epoch 3:	0.08433180  	0.06153591  	0.11032078  
2023-09-02 17:33:48.418: Find a better model.
2023-09-02 17:34:21.823: [iter 4 : loss : 0.4992 = 0.2429 + 0.1224 + 0.0015 + 0.1325, time: 33.366376]
2023-09-02 17:34:22.079: epoch 4:	0.08738577  	0.06447063  	0.11433797  
2023-09-02 17:34:22.080: Find a better model.
2023-09-02 17:34:55.593: [iter 5 : loss : 0.4104 = 0.2164 + 0.0909 + 0.0020 + 0.1012, time: 33.471997]
2023-09-02 17:34:55.853: epoch 5:	0.09225609  	0.06846808  	0.11941404  
2023-09-02 17:34:55.853: Find a better model.
2023-09-02 17:35:28.970: [iter 6 : loss : 0.3323 = 0.1998 + 0.0595 + 0.0025 + 0.0704, time: 33.088408]
2023-09-02 17:35:29.237: epoch 6:	0.09527002  	0.07222347  	0.12390089  
2023-09-02 17:35:29.238: Find a better model.
2023-09-02 17:36:03.138: [iter 7 : loss : 0.2590 = 0.1863 + 0.0293 + 0.0031 + 0.0403, time: 33.871576]
2023-09-02 17:36:03.400: epoch 7:	0.09964128  	0.07566571  	0.12963577  
2023-09-02 17:36:03.401: Find a better model.
2023-09-02 17:36:37.153: [iter 8 : loss : 0.1897 = 0.1767 + -0.0011 + 0.0038 + 0.0103, time: 33.721624]
2023-09-02 17:36:37.425: epoch 8:	0.10345353  	0.07890902  	0.13462330  
2023-09-02 17:36:37.425: Find a better model.
2023-09-02 17:37:11.458: [iter 9 : loss : 0.1217 = 0.1670 + -0.0308 + 0.0045 + -0.0191, time: 34.000950]
2023-09-02 17:37:11.715: epoch 9:	0.10724587  	0.08074532  	0.13884947  
2023-09-02 17:37:11.715: Find a better model.
2023-09-02 17:37:45.922: [iter 10 : loss : 0.0610 = 0.1628 + -0.0596 + 0.0054 + -0.0477, time: 34.177602]
2023-09-02 17:37:46.204: epoch 10:	0.11021979  	0.08225648  	0.14152941  
2023-09-02 17:37:46.204: Find a better model.
2023-09-02 17:38:20.292: [iter 11 : loss : 0.0029 = 0.1593 + -0.0875 + 0.0062 + -0.0751, time: 34.056423]
2023-09-02 17:38:20.563: epoch 11:	0.11335357  	0.08422479  	0.14465070  
2023-09-02 17:38:20.564: Find a better model.
2023-09-02 17:38:54.465: [iter 12 : loss : -0.0543 = 0.1539 + -0.1133 + 0.0071 + -0.1020, time: 33.858977]
2023-09-02 17:38:54.738: epoch 12:	0.11499031  	0.08575565  	0.14726977  
2023-09-02 17:38:54.738: Find a better model.
2023-09-02 17:39:28.741: [iter 13 : loss : -0.1054 = 0.1540 + -0.1397 + 0.0080 + -0.1277, time: 33.968557]
2023-09-02 17:39:29.002: epoch 13:	0.11610797  	0.08659883  	0.14833400  
2023-09-02 17:39:29.002: Find a better model.
2023-09-02 17:40:03.160: [iter 14 : loss : -0.1575 = 0.1509 + -0.1647 + 0.0090 + -0.1526, time: 34.121374]
2023-09-02 17:40:03.418: epoch 14:	0.11776470  	0.08733451  	0.14983010  
2023-09-02 17:40:03.419: Find a better model.
2023-09-02 17:40:37.528: [iter 15 : loss : -0.2003 = 0.1543 + -0.1883 + 0.0100 + -0.1762, time: 34.075904]
2023-09-02 17:40:37.819: epoch 15:	0.11866295  	0.08811697  	0.15067816  
2023-09-02 17:40:37.819: Find a better model.
2023-09-02 17:41:12.099: [iter 16 : loss : -0.2471 = 0.1508 + -0.2103 + 0.0110 + -0.1987, time: 34.244170]
2023-09-02 17:41:12.369: epoch 16:	0.11994039  	0.08821734  	0.15205689  
2023-09-02 17:41:12.370: Find a better model.
2023-09-02 17:41:46.502: [iter 17 : loss : -0.2869 = 0.1523 + -0.2311 + 0.0121 + -0.2202, time: 34.092093]
2023-09-02 17:41:46.775: epoch 17:	0.12029964  	0.08878575  	0.15237530  
2023-09-02 17:41:46.776: Find a better model.
2023-09-02 17:42:21.062: [iter 18 : loss : -0.3299 = 0.1500 + -0.2522 + 0.0131 + -0.2408, time: 34.251204]
2023-09-02 17:42:21.354: epoch 18:	0.12137746  	0.08945182  	0.15364969  
2023-09-02 17:42:21.355: Find a better model.
2023-09-02 17:42:55.520: [iter 19 : loss : -0.3647 = 0.1524 + -0.2707 + 0.0142 + -0.2607, time: 34.119488]
2023-09-02 17:42:55.800: epoch 19:	0.12221577  	0.09007151  	0.15446012  
2023-09-02 17:42:55.801: Find a better model.
2023-09-02 17:43:30.082: [iter 20 : loss : -0.4022 = 0.1522 + -0.2903 + 0.0153 + -0.2795, time: 34.242043]
2023-09-02 17:43:30.363: epoch 20:	0.12259496  	0.09020995  	0.15481430  
2023-09-02 17:43:30.363: Find a better model.
2023-09-02 17:44:04.655: [iter 21 : loss : -0.4358 = 0.1526 + -0.3078 + 0.0164 + -0.2971, time: 34.250941]
2023-09-02 17:44:04.940: epoch 21:	0.12327360  	0.09066731  	0.15559147  
2023-09-02 17:44:04.941: Find a better model.
2023-09-02 17:44:38.874: [iter 22 : loss : -0.4630 = 0.1576 + -0.3241 + 0.0175 + -0.3140, time: 33.898378]
2023-09-02 17:44:39.140: epoch 22:	0.12339331  	0.09075996  	0.15638423  
2023-09-02 17:44:39.140: Find a better model.
2023-09-02 17:45:13.240: [iter 23 : loss : -0.4983 = 0.1536 + -0.3404 + 0.0186 + -0.3301, time: 34.051994]
2023-09-02 17:45:13.513: epoch 23:	0.12351317  	0.09230665  	0.15650371  
2023-09-02 17:45:13.514: Find a better model.
2023-09-02 17:45:47.317: [iter 24 : loss : -0.5268 = 0.1550 + -0.3558 + 0.0197 + -0.3458, time: 33.768889]
2023-09-02 17:45:47.594: epoch 24:	0.12457099  	0.09229514  	0.15689522  
2023-09-02 17:46:21.468: [iter 25 : loss : -0.5529 = 0.1573 + -0.3704 + 0.0209 + -0.3608, time: 33.837477]
2023-09-02 17:46:21.755: epoch 25:	0.12449110  	0.09193484  	0.15669371  
2023-09-02 17:46:55.664: [iter 26 : loss : -0.5789 = 0.1585 + -0.3844 + 0.0220 + -0.3749, time: 33.879254]
2023-09-02 17:46:55.949: epoch 26:	0.12443122  	0.09196297  	0.15724571  
2023-09-02 17:47:30.029: [iter 27 : loss : -0.6044 = 0.1579 + -0.3970 + 0.0231 + -0.3884, time: 34.048856]
2023-09-02 17:47:30.292: epoch 27:	0.12481047  	0.09219360  	0.15770358  
2023-09-02 17:48:04.506: [iter 28 : loss : -0.6314 = 0.1571 + -0.4108 + 0.0242 + -0.4019, time: 34.185335]
2023-09-02 17:48:04.772: epoch 28:	0.12491030  	0.09198727  	0.15797760  
2023-09-02 17:48:38.846: [iter 29 : loss : -0.6508 = 0.1620 + -0.4236 + 0.0254 + -0.4146, time: 34.033078]
2023-09-02 17:48:39.108: epoch 29:	0.12487034  	0.09285658  	0.15811110  
2023-09-02 17:48:39.108: Find a better model.
2023-09-02 17:49:13.459: [iter 30 : loss : -0.6733 = 0.1610 + -0.4343 + 0.0265 + -0.4265, time: 34.313892]
2023-09-02 17:49:13.751: epoch 30:	0.12465076  	0.09195986  	0.15785579  
2023-09-02 17:49:47.908: [iter 31 : loss : -0.6972 = 0.1610 + -0.4473 + 0.0276 + -0.4386, time: 34.120193]
2023-09-02 17:49:48.175: epoch 31:	0.12510987  	0.09236144  	0.15831842  
2023-09-02 17:50:22.251: [iter 32 : loss : -0.7182 = 0.1616 + -0.4581 + 0.0288 + -0.4505, time: 34.039034]
2023-09-02 17:50:22.499: epoch 32:	0.12520970  	0.09319504  	0.15892841  
2023-09-02 17:50:22.499: Find a better model.
2023-09-02 17:50:56.563: [iter 33 : loss : -0.7360 = 0.1652 + -0.4696 + 0.0300 + -0.4616, time: 34.034461]
2023-09-02 17:50:56.832: epoch 33:	0.12530947  	0.09319198  	0.15879200  
2023-09-02 17:51:30.970: [iter 34 : loss : -0.7567 = 0.1655 + -0.4808 + 0.0311 + -0.4724, time: 34.097740]
2023-09-02 17:51:31.261: epoch 34:	0.12544912  	0.09351012  	0.15905814  
2023-09-02 17:51:31.261: Find a better model.
2023-09-02 17:52:04.980: [iter 35 : loss : -0.7756 = 0.1654 + -0.4903 + 0.0322 + -0.4830, time: 33.683578]
2023-09-02 17:52:05.241: epoch 35:	0.12544914  	0.09352060  	0.15869470  
2023-09-02 17:52:05.241: Find a better model.
2023-09-02 17:52:38.820: [iter 36 : loss : -0.7925 = 0.1684 + -0.5009 + 0.0334 + -0.4934, time: 33.541505]
2023-09-02 17:52:39.117: epoch 36:	0.12574854  	0.09386677  	0.15888292  
2023-09-02 17:52:39.117: Find a better model.
2023-09-02 17:53:13.044: [iter 37 : loss : -0.8149 = 0.1658 + -0.5113 + 0.0346 + -0.5040, time: 33.893642]
2023-09-02 17:53:13.320: epoch 37:	0.12542914  	0.09343643  	0.15853804  
2023-09-02 17:53:46.870: [iter 38 : loss : -0.8295 = 0.1694 + -0.5209 + 0.0357 + -0.5137, time: 33.512032]
2023-09-02 17:53:47.148: epoch 38:	0.12556891  	0.09424497  	0.15883291  
2023-09-02 17:53:47.149: Find a better model.
2023-09-02 17:54:21.159: [iter 39 : loss : -0.8527 = 0.1654 + -0.5315 + 0.0370 + -0.5235, time: 33.981921]
2023-09-02 17:54:21.420: epoch 39:	0.12564875  	0.09373417  	0.15868858  
2023-09-02 17:54:55.404: [iter 40 : loss : -0.8646 = 0.1708 + -0.5402 + 0.0381 + -0.5333, time: 33.950533]
2023-09-02 17:54:55.666: epoch 40:	0.12540929  	0.09377883  	0.15840873  
2023-09-02 17:55:29.492: [iter 41 : loss : -0.8790 = 0.1733 + -0.5488 + 0.0393 + -0.5428, time: 33.792805]
2023-09-02 17:55:29.769: epoch 41:	0.12574857  	0.09425815  	0.15871327  
2023-09-02 17:55:29.769: Find a better model.
2023-09-02 17:56:04.006: [iter 42 : loss : -0.8973 = 0.1721 + -0.5577 + 0.0405 + -0.5521, time: 34.209142]
2023-09-02 17:56:04.276: epoch 42:	0.12598810  	0.09453932  	0.15894583  
2023-09-02 17:56:04.277: Find a better model.
2023-09-02 17:56:37.902: [iter 43 : loss : -0.9119 = 0.1749 + -0.5675 + 0.0417 + -0.5609, time: 33.590126]
2023-09-02 17:56:38.178: epoch 43:	0.12594815  	0.09400659  	0.15892626  
2023-09-02 17:57:12.355: [iter 44 : loss : -0.9274 = 0.1764 + -0.5767 + 0.0429 + -0.5700, time: 34.139787]
2023-09-02 17:57:12.639: epoch 44:	0.12588830  	0.09446906  	0.15909612  
2023-09-02 17:57:46.732: [iter 45 : loss : -0.9444 = 0.1748 + -0.5843 + 0.0441 + -0.5791, time: 34.054478]
2023-09-02 17:57:47.001: epoch 45:	0.12568872  	0.09421702  	0.15894894  
2023-09-02 17:58:21.224: [iter 46 : loss : -0.9582 = 0.1780 + -0.5938 + 0.0453 + -0.5877, time: 34.181492]
2023-09-02 17:58:21.491: epoch 46:	0.12538929  	0.09405983  	0.15878539  
2023-09-02 17:58:55.561: [iter 47 : loss : -0.9705 = 0.1811 + -0.6019 + 0.0465 + -0.5962, time: 34.035758]
2023-09-02 17:58:55.827: epoch 47:	0.12534942  	0.09346242  	0.15870079  
2023-09-02 17:59:29.994: [iter 48 : loss : -0.9892 = 0.1788 + -0.6108 + 0.0477 + -0.6049, time: 34.129862]
2023-09-02 17:59:30.258: epoch 48:	0.12548913  	0.09366911  	0.15862894  
2023-09-02 18:00:04.259: [iter 49 : loss : -1.0016 = 0.1808 + -0.6182 + 0.0490 + -0.6133, time: 33.967674]
2023-09-02 18:00:04.541: epoch 49:	0.12574860  	0.09392036  	0.15878886  
2023-09-02 18:00:38.564: [iter 50 : loss : -1.0162 = 0.1806 + -0.6258 + 0.0502 + -0.6211, time: 33.991430]
2023-09-02 18:00:38.847: epoch 50:	0.12586835  	0.09483383  	0.15885592  
2023-09-02 18:00:38.847: Find a better model.
2023-09-02 18:01:12.734: [iter 51 : loss : -1.0314 = 0.1812 + -0.6347 + 0.0514 + -0.6293, time: 33.846842]
2023-09-02 18:01:12.999: epoch 51:	0.12574857  	0.09445677  	0.15887281  
2023-09-02 18:01:46.916: [iter 52 : loss : -1.0471 = 0.1812 + -0.6434 + 0.0527 + -0.6375, time: 33.878988]
2023-09-02 18:01:47.189: epoch 52:	0.12580845  	0.09461863  	0.15865360  
2023-09-02 18:02:21.271: [iter 53 : loss : -1.0591 = 0.1831 + -0.6505 + 0.0540 + -0.6458, time: 34.046953]
2023-09-02 18:02:21.550: epoch 53:	0.12582839  	0.09484683  	0.15858227  
2023-09-02 18:02:21.551: Find a better model.
2023-09-02 18:02:55.645: [iter 54 : loss : -1.0734 = 0.1825 + -0.6578 + 0.0552 + -0.6533, time: 34.044058]
2023-09-02 18:02:55.919: epoch 54:	0.12612775  	0.09523199  	0.15886460  
2023-09-02 18:02:55.919: Find a better model.
2023-09-02 18:03:29.886: [iter 55 : loss : -1.0878 = 0.1837 + -0.6664 + 0.0565 + -0.6616, time: 33.928819]
2023-09-02 18:03:30.158: epoch 55:	0.12570859  	0.09498977  	0.15871388  
2023-09-02 18:04:04.093: [iter 56 : loss : -1.0986 = 0.1863 + -0.6733 + 0.0578 + -0.6694, time: 33.894822]
2023-09-02 18:04:04.357: epoch 56:	0.12560879  	0.09462084  	0.15851215  
2023-09-02 18:04:38.135: [iter 57 : loss : -1.1088 = 0.1905 + -0.6813 + 0.0591 + -0.6771, time: 33.742699]
2023-09-02 18:04:38.411: epoch 57:	0.12598798  	0.09495473  	0.15885249  
2023-09-02 18:05:12.531: [iter 58 : loss : -1.1238 = 0.1878 + -0.6877 + 0.0603 + -0.6842, time: 34.082715]
2023-09-02 18:05:12.792: epoch 58:	0.12614769  	0.09533441  	0.15907685  
2023-09-02 18:05:12.793: Find a better model.
2023-09-02 18:05:46.620: [iter 59 : loss : -1.1375 = 0.1879 + -0.6949 + 0.0615 + -0.6919, time: 33.794280]
2023-09-02 18:05:46.887: epoch 59:	0.12634732  	0.09552272  	0.15889373  
2023-09-02 18:05:46.887: Find a better model.
2023-09-02 18:06:20.703: [iter 60 : loss : -1.1486 = 0.1915 + -0.7033 + 0.0629 + -0.6997, time: 33.779850]
2023-09-02 18:06:20.978: epoch 60:	0.12596805  	0.09572133  	0.15881914  
2023-09-02 18:06:20.978: Find a better model.
2023-09-02 18:06:54.914: [iter 61 : loss : -1.1664 = 0.1876 + -0.7111 + 0.0642 + -0.7072, time: 33.898467]
2023-09-02 18:06:55.183: epoch 61:	0.12572855  	0.09550419  	0.15886286  
2023-09-02 18:07:29.067: [iter 62 : loss : -1.1732 = 0.1930 + -0.7178 + 0.0654 + -0.7138, time: 33.841672]
2023-09-02 18:07:29.326: epoch 62:	0.12570858  	0.09551770  	0.15884578  
2023-09-02 18:08:03.102: [iter 63 : loss : -1.1899 = 0.1899 + -0.7249 + 0.0668 + -0.7218, time: 33.736428]
2023-09-02 18:08:03.361: epoch 63:	0.12592813  	0.09555394  	0.15896483  
2023-09-02 18:08:37.367: [iter 64 : loss : -1.1975 = 0.1956 + -0.7322 + 0.0681 + -0.7290, time: 33.966876]
2023-09-02 18:08:37.659: epoch 64:	0.12584829  	0.09501229  	0.15848620  
2023-09-02 18:09:11.583: [iter 65 : loss : -1.2109 = 0.1951 + -0.7394 + 0.0694 + -0.7361, time: 33.895117]
2023-09-02 18:09:11.849: epoch 65:	0.12578841  	0.09489860  	0.15832007  
2023-09-02 18:09:45.467: [iter 66 : loss : -1.2194 = 0.1982 + -0.7456 + 0.0707 + -0.7428, time: 33.580080]
2023-09-02 18:09:45.730: epoch 66:	0.12576850  	0.09519807  	0.15858151  
2023-09-02 18:10:19.911: [iter 67 : loss : -1.2341 = 0.1955 + -0.7521 + 0.0720 + -0.7495, time: 34.135847]
2023-09-02 18:10:20.172: epoch 67:	0.12590821  	0.09543569  	0.15881245  
2023-09-02 18:10:54.097: [iter 68 : loss : -1.2470 = 0.1963 + -0.7597 + 0.0734 + -0.7571, time: 33.896392]
2023-09-02 18:10:54.377: epoch 68:	0.12582834  	0.09526245  	0.15862967  
2023-09-02 18:11:28.357: [iter 69 : loss : -1.2578 = 0.1988 + -0.7675 + 0.0748 + -0.7638, time: 33.949091]
2023-09-02 18:11:28.621: epoch 69:	0.12588820  	0.09496517  	0.15899149  
2023-09-02 18:12:02.376: [iter 70 : loss : -1.2685 = 0.1997 + -0.7739 + 0.0760 + -0.7704, time: 33.718565]
2023-09-02 18:12:02.627: epoch 70:	0.12586823  	0.09510130  	0.15893079  
2023-09-02 18:12:02.627: Early stopping is trigger at epoch: 70
2023-09-02 18:12:02.627: best_result@epoch 60:

2023-09-02 18:12:02.627: 		0.1260      	0.0957      	0.1588      
