2023-11-04 10:16:23.927: my pid: 29217
2023-11-04 10:16:23.927: model: model.general_recommender.GNNEC
2023-11-04 10:16:23.927: Dataset statistics:
Name: amazon-book
The number of users: 7928
The number of items: 29346
The number of ratings: 460224
Average actions of users: 58.05
Average actions of items: 15.68
The sparsity of the dataset: 99.802186%

The number of training: 417417
The number of validation: 0
The number of testing: 42807
2023-11-04 10:16:23.927: NeuRec:[NeuRec]:
recommender=GNNEC
dataset=amazon-book
file_column=UI
sep=','
gpu_id=0
gpu_mem=0.99
metric=["Precision", "Recall", "NDCG"]
top_k=[20]
test_thread=8
test_batch_size=128
seed=2021
start_testing_epoch=0

GNNEC:[hyperparameters]:
mf_reg=0
svd_q=5
aug_type=ND
reg=1e-4
embed_size=64
n_layers=2
ssl_reg=0.02
ssl_ratio=0.5
ssl_temp=0.8
ssl_mode=both_side
lr=1e-3
learner=adam
adj_type=pre
epochs=200
batch_size=2048
num_negatives=1
param_init=xavier_uniform
stddev=0.01
verbose=1
stop_cnt=10
pretrain_flag=0
save_flag=0

Command line:
recommender=GNNEC
dataset=amazon-book
epochs=200
n_layers=2
embed_size=64
batch_size=2048
lr=1e-3
aug_type=ND
reg=1e-4
ssl_reg=0.02
ssl_ratio=0.5
ssl_temp=0.8
mf_reg=0
svd_q=5
2023-11-04 10:16:27.858: metrics:	Precision@20	Recall@20   	NDCG@20     
2023-11-04 10:16:41.307: [iter 1 : loss : 0.9590 = 0.6124 + 0.3466 + 0.0000 + 0.0000, time: 13.449022]
2023-11-04 10:16:41.999: epoch 1:	0.00993946  	0.03773352  	0.02487466  
2023-11-04 10:16:41.999: Find a better model.
2023-11-04 10:16:54.407: [iter 2 : loss : 0.7796 = 0.4797 + 0.2998 + 0.0002 + 0.0000, time: 12.383774]
2023-11-04 10:16:55.077: epoch 2:	0.01099273  	0.04210009  	0.02815070  
2023-11-04 10:16:55.077: Find a better model.
2023-11-04 10:17:07.511: [iter 3 : loss : 0.6964 = 0.4171 + 0.2791 + 0.0003 + 0.0000, time: 12.415570]
2023-11-04 10:17:08.160: epoch 3:	0.01159820  	0.04441303  	0.03005153  
2023-11-04 10:17:08.160: Find a better model.
2023-11-04 10:17:20.742: [iter 4 : loss : 0.6424 = 0.3772 + 0.2648 + 0.0004 + 0.0000, time: 12.562907]
2023-11-04 10:17:21.421: epoch 4:	0.01224783  	0.04700188  	0.03211977  
2023-11-04 10:17:21.422: Find a better model.
2023-11-04 10:17:33.858: [iter 5 : loss : 0.6004 = 0.3463 + 0.2536 + 0.0005 + 0.0000, time: 12.418323]
2023-11-04 10:17:34.515: epoch 5:	0.01287221  	0.04962327  	0.03392781  
2023-11-04 10:17:34.515: Find a better model.
2023-11-04 10:17:46.896: [iter 6 : loss : 0.5689 = 0.3240 + 0.2444 + 0.0006 + 0.0000, time: 12.367453]
2023-11-04 10:17:47.567: epoch 6:	0.01329479  	0.05158257  	0.03529306  
2023-11-04 10:17:47.567: Find a better model.
2023-11-04 10:18:00.110: [iter 7 : loss : 0.5425 = 0.3056 + 0.2363 + 0.0006 + 0.0000, time: 12.525335]
2023-11-04 10:18:00.783: epoch 7:	0.01374258  	0.05339249  	0.03665868  
2023-11-04 10:18:00.784: Find a better model.
2023-11-04 10:18:13.492: [iter 8 : loss : 0.5210 = 0.2908 + 0.2295 + 0.0007 + 0.0000, time: 12.686592]
2023-11-04 10:18:14.175: epoch 8:	0.01429760  	0.05550351  	0.03813881  
2023-11-04 10:18:14.176: Find a better model.
2023-11-04 10:18:26.481: [iter 9 : loss : 0.4996 = 0.2757 + 0.2230 + 0.0008 + 0.0000, time: 12.286180]
2023-11-04 10:18:27.094: epoch 9:	0.01455618  	0.05644348  	0.03891238  
2023-11-04 10:18:27.095: Find a better model.
2023-11-04 10:18:39.580: [iter 10 : loss : 0.4828 = 0.2647 + 0.2172 + 0.0009 + 0.0000, time: 12.461743]
2023-11-04 10:18:40.249: epoch 10:	0.01504812  	0.05828837  	0.04028325  
2023-11-04 10:18:40.249: Find a better model.
2023-11-04 10:18:52.849: [iter 11 : loss : 0.4665 = 0.2538 + 0.2117 + 0.0010 + 0.0000, time: 12.585510]
2023-11-04 10:18:53.527: epoch 11:	0.01542654  	0.05979771  	0.04120157  
2023-11-04 10:18:53.527: Find a better model.
2023-11-04 10:19:06.011: [iter 12 : loss : 0.4518 = 0.2441 + 0.2066 + 0.0011 + 0.0000, time: 12.469120]
2023-11-04 10:19:06.613: epoch 12:	0.01577973  	0.06145690  	0.04243250  
2023-11-04 10:19:06.614: Find a better model.
2023-11-04 10:19:19.256: [iter 13 : loss : 0.4394 = 0.2364 + 0.2019 + 0.0012 + 0.0000, time: 12.618062]
2023-11-04 10:19:19.918: epoch 13:	0.01633475  	0.06383818  	0.04398168  
2023-11-04 10:19:19.918: Find a better model.
2023-11-04 10:19:32.511: [iter 14 : loss : 0.4257 = 0.2274 + 0.1971 + 0.0013 + 0.0000, time: 12.577310]
2023-11-04 10:19:33.167: epoch 14:	0.01661225  	0.06522504  	0.04506355  
2023-11-04 10:19:33.168: Find a better model.
2023-11-04 10:19:45.714: [iter 15 : loss : 0.4119 = 0.2182 + 0.1924 + 0.0013 + 0.0000, time: 12.526507]
2023-11-04 10:19:46.379: epoch 15:	0.01698437  	0.06681931  	0.04637769  
2023-11-04 10:19:46.379: Find a better model.
2023-11-04 10:19:59.124: [iter 16 : loss : 0.4019 = 0.2125 + 0.1879 + 0.0014 + 0.0000, time: 12.728966]
2023-11-04 10:19:59.807: epoch 16:	0.01741955  	0.06867297  	0.04761674  
2023-11-04 10:19:59.807: Find a better model.
2023-11-04 10:20:12.295: [iter 17 : loss : 0.3916 = 0.2067 + 0.1834 + 0.0015 + 0.0000, time: 12.471128]
2023-11-04 10:20:12.954: epoch 17:	0.01782321  	0.07040683  	0.04873890  
2023-11-04 10:20:12.954: Find a better model.
2023-11-04 10:20:25.462: [iter 18 : loss : 0.3824 = 0.2015 + 0.1793 + 0.0016 + 0.0000, time: 12.487570]
2023-11-04 10:20:26.139: epoch 18:	0.01806918  	0.07130110  	0.04934686  
2023-11-04 10:20:26.139: Find a better model.
2023-11-04 10:20:38.874: [iter 19 : loss : 0.3725 = 0.1955 + 0.1753 + 0.0017 + 0.0000, time: 12.715980]
2023-11-04 10:20:39.540: epoch 19:	0.01843498  	0.07282221  	0.05023267  
2023-11-04 10:20:39.540: Find a better model.
2023-11-04 10:20:52.009: [iter 20 : loss : 0.3626 = 0.1896 + 0.1712 + 0.0018 + 0.0000, time: 12.455492]
2023-11-04 10:20:52.632: epoch 20:	0.01865573  	0.07381572  	0.05092714  
2023-11-04 10:20:52.632: Find a better model.
2023-11-04 10:21:05.007: [iter 21 : loss : 0.3535 = 0.1843 + 0.1673 + 0.0019 + 0.0000, time: 12.357528]
2023-11-04 10:21:05.668: epoch 21:	0.01899631  	0.07521798  	0.05180608  
2023-11-04 10:21:05.669: Find a better model.
2023-11-04 10:21:18.457: [iter 22 : loss : 0.3458 = 0.1805 + 0.1633 + 0.0020 + 0.0000, time: 12.767953]
2023-11-04 10:21:19.132: epoch 22:	0.01922335  	0.07614344  	0.05245766  
2023-11-04 10:21:19.132: Find a better model.
2023-11-04 10:21:31.859: [iter 23 : loss : 0.3384 = 0.1766 + 0.1597 + 0.0021 + 0.0000, time: 12.708671]
2023-11-04 10:21:32.488: epoch 23:	0.01946933  	0.07707039  	0.05295091  
2023-11-04 10:21:32.488: Find a better model.
2023-11-04 10:21:45.055: [iter 24 : loss : 0.3318 = 0.1735 + 0.1562 + 0.0022 + 0.0000, time: 12.550357]
2023-11-04 10:21:45.747: epoch 24:	0.01994236  	0.07905647  	0.05411315  
2023-11-04 10:21:45.747: Find a better model.
2023-11-04 10:21:58.530: [iter 25 : loss : 0.3240 = 0.1691 + 0.1527 + 0.0022 + 0.0000, time: 12.765736]
2023-11-04 10:21:59.172: epoch 25:	0.02019464  	0.07999530  	0.05484499  
2023-11-04 10:21:59.172: Find a better model.
2023-11-04 10:22:12.065: [iter 26 : loss : 0.3155 = 0.1641 + 0.1490 + 0.0023 + 0.0000, time: 12.874144]
2023-11-04 10:22:12.748: epoch 26:	0.02037754  	0.08064527  	0.05560056  
2023-11-04 10:22:12.748: Find a better model.
2023-11-04 10:22:25.463: [iter 27 : loss : 0.3096 = 0.1615 + 0.1457 + 0.0024 + 0.0000, time: 12.695070]
2023-11-04 10:22:26.150: epoch 27:	0.02062351  	0.08170766  	0.05618607  
2023-11-04 10:22:26.150: Find a better model.
2023-11-04 10:22:38.723: [iter 28 : loss : 0.3021 = 0.1577 + 0.1418 + 0.0025 + 0.0000, time: 12.557496]
2023-11-04 10:22:39.408: epoch 28:	0.02085056  	0.08291539  	0.05668174  
2023-11-04 10:22:39.408: Find a better model.
2023-11-04 10:22:52.109: [iter 29 : loss : 0.2956 = 0.1544 + 0.1386 + 0.0026 + 0.0000, time: 12.680677]
2023-11-04 10:22:52.776: epoch 29:	0.02095147  	0.08326486  	0.05694434  
2023-11-04 10:22:52.776: Find a better model.
2023-11-04 10:23:05.538: [iter 30 : loss : 0.2909 = 0.1530 + 0.1353 + 0.0027 + 0.0000, time: 12.744719]
2023-11-04 10:23:06.191: epoch 30:	0.02129836  	0.08448882  	0.05762072  
2023-11-04 10:23:06.192: Find a better model.
2023-11-04 10:23:18.807: [iter 31 : loss : 0.2833 = 0.1483 + 0.1322 + 0.0028 + 0.0000, time: 12.599091]
2023-11-04 10:23:19.496: epoch 31:	0.02158848  	0.08557462  	0.05838747  
2023-11-04 10:23:19.496: Find a better model.
2023-11-04 10:23:32.297: [iter 32 : loss : 0.2797 = 0.1480 + 0.1288 + 0.0029 + 0.0000, time: 12.772886]
2023-11-04 10:23:32.961: epoch 32:	0.02180291  	0.08649261  	0.05887386  
2023-11-04 10:23:32.961: Find a better model.
2023-11-04 10:23:45.784: [iter 33 : loss : 0.2725 = 0.1439 + 0.1256 + 0.0030 + 0.0000, time: 12.798738]
2023-11-04 10:23:46.452: epoch 33:	0.02185337  	0.08688357  	0.05926230  
2023-11-04 10:23:46.452: Find a better model.
2023-11-04 10:23:59.265: [iter 34 : loss : 0.2685 = 0.1430 + 0.1224 + 0.0031 + 0.0000, time: 12.795893]
2023-11-04 10:23:59.907: epoch 34:	0.02201104  	0.08737639  	0.05982746  
2023-11-04 10:23:59.907: Find a better model.
2023-11-04 10:24:12.549: [iter 35 : loss : 0.2616 = 0.1391 + 0.1194 + 0.0032 + 0.0000, time: 12.626587]
2023-11-04 10:24:13.235: epoch 35:	0.02217502  	0.08797078  	0.06039101  
2023-11-04 10:24:13.235: Find a better model.
2023-11-04 10:24:25.907: [iter 36 : loss : 0.2564 = 0.1368 + 0.1164 + 0.0033 + 0.0000, time: 12.651336]
2023-11-04 10:24:26.561: epoch 36:	0.02240207  	0.08871561  	0.06102135  
2023-11-04 10:24:26.561: Find a better model.
2023-11-04 10:24:39.252: [iter 37 : loss : 0.2518 = 0.1349 + 0.1135 + 0.0034 + 0.0000, time: 12.674676]
2023-11-04 10:24:39.903: epoch 37:	0.02260390  	0.08956498  	0.06149665  
2023-11-04 10:24:39.903: Find a better model.
2023-11-04 10:24:52.723: [iter 38 : loss : 0.2475 = 0.1336 + 0.1104 + 0.0035 + 0.0000, time: 12.799382]
2023-11-04 10:24:53.387: epoch 38:	0.02278050  	0.09034653  	0.06219130  
2023-11-04 10:24:53.387: Find a better model.
2023-11-04 10:25:06.304: [iter 39 : loss : 0.2408 = 0.1298 + 0.1074 + 0.0035 + 0.0000, time: 12.901131]
2023-11-04 10:25:06.990: epoch 39:	0.02305171  	0.09131381  	0.06277549  
2023-11-04 10:25:06.990: Find a better model.
2023-11-04 10:25:19.750: [iter 40 : loss : 0.2377 = 0.1298 + 0.1043 + 0.0036 + 0.0000, time: 12.743758]
2023-11-04 10:25:20.425: epoch 40:	0.02326613  	0.09223200  	0.06337781  
2023-11-04 10:25:20.425: Find a better model.
2023-11-04 10:25:33.237: [iter 41 : loss : 0.2320 = 0.1269 + 0.1013 + 0.0037 + 0.0000, time: 12.794242]
2023-11-04 10:25:33.923: epoch 41:	0.02351841  	0.09322613  	0.06400754  
2023-11-04 10:25:33.923: Find a better model.
2023-11-04 10:25:46.730: [iter 42 : loss : 0.2275 = 0.1249 + 0.0987 + 0.0038 + 0.0000, time: 12.787351]
2023-11-04 10:25:47.389: epoch 42:	0.02358779  	0.09355737  	0.06440302  
2023-11-04 10:25:47.390: Find a better model.
2023-11-04 10:25:59.970: [iter 43 : loss : 0.2234 = 0.1240 + 0.0955 + 0.0039 + 0.0000, time: 12.564100]
2023-11-04 10:26:00.674: epoch 43:	0.02387160  	0.09481976  	0.06503444  
2023-11-04 10:26:00.674: Find a better model.
2023-11-04 10:26:13.437: [iter 44 : loss : 0.2197 = 0.1229 + 0.0928 + 0.0040 + 0.0000, time: 12.741839]
2023-11-04 10:26:14.103: epoch 44:	0.02413650  	0.09576938  	0.06574132  
2023-11-04 10:26:14.103: Find a better model.
2023-11-04 10:26:26.680: [iter 45 : loss : 0.2146 = 0.1204 + 0.0901 + 0.0041 + 0.0000, time: 12.557975]
2023-11-04 10:26:27.315: epoch 45:	0.02430679  	0.09661652  	0.06614374  
2023-11-04 10:26:27.315: Find a better model.
2023-11-04 10:26:39.782: [iter 46 : loss : 0.2103 = 0.1191 + 0.0870 + 0.0042 + 0.0000, time: 12.449036]
2023-11-04 10:26:40.431: epoch 46:	0.02443923  	0.09715175  	0.06654153  
2023-11-04 10:26:40.431: Find a better model.
2023-11-04 10:26:52.853: [iter 47 : loss : 0.2070 = 0.1183 + 0.0844 + 0.0043 + 0.0000, time: 12.407493]
2023-11-04 10:26:53.513: epoch 47:	0.02474196  	0.09819091  	0.06719074  
2023-11-04 10:26:53.514: Find a better model.
2023-11-04 10:27:06.112: [iter 48 : loss : 0.2024 = 0.1164 + 0.0816 + 0.0044 + 0.0000, time: 12.583371]
2023-11-04 10:27:06.759: epoch 48:	0.02481135  	0.09833569  	0.06741732  
2023-11-04 10:27:06.759: Find a better model.
2023-11-04 10:27:19.633: [iter 49 : loss : 0.1974 = 0.1138 + 0.0791 + 0.0045 + 0.0000, time: 12.857670]
2023-11-04 10:27:20.270: epoch 49:	0.02495641  	0.09896223  	0.06780122  
2023-11-04 10:27:20.271: Find a better model.
2023-11-04 10:27:32.789: [iter 50 : loss : 0.1931 = 0.1126 + 0.0759 + 0.0046 + 0.0000, time: 12.501282]
2023-11-04 10:27:33.439: epoch 50:	0.02504470  	0.09946548  	0.06805687  
2023-11-04 10:27:33.439: Find a better model.
2023-11-04 10:27:46.249: [iter 51 : loss : 0.1915 = 0.1133 + 0.0734 + 0.0047 + 0.0000, time: 12.794447]
2023-11-04 10:27:46.945: epoch 51:	0.02510778  	0.09965274  	0.06864303  
2023-11-04 10:27:46.945: Find a better model.
2023-11-04 10:27:59.832: [iter 52 : loss : 0.1869 = 0.1114 + 0.0707 + 0.0048 + 0.0000, time: 12.867369]
2023-11-04 10:28:00.476: epoch 52:	0.02517085  	0.09980055  	0.06876691  
2023-11-04 10:28:00.476: Find a better model.
2023-11-04 10:28:13.169: [iter 53 : loss : 0.1828 = 0.1098 + 0.0681 + 0.0049 + 0.0000, time: 12.674174]
2023-11-04 10:28:13.850: epoch 53:	0.02541051  	0.10098477  	0.06949672  
2023-11-04 10:28:13.850: Find a better model.
2023-11-04 10:28:26.625: [iter 54 : loss : 0.1792 = 0.1089 + 0.0652 + 0.0050 + 0.0000, time: 12.752639]
2023-11-04 10:28:27.315: epoch 54:	0.02567539  	0.10214942  	0.06997851  
2023-11-04 10:28:27.316: Find a better model.
2023-11-04 10:28:40.209: [iter 55 : loss : 0.1742 = 0.1063 + 0.0628 + 0.0051 + 0.0000, time: 12.868672]
2023-11-04 10:28:40.880: epoch 55:	0.02578261  	0.10253859  	0.07034426  
2023-11-04 10:28:40.880: Find a better model.
2023-11-04 10:28:53.645: [iter 56 : loss : 0.1719 = 0.1067 + 0.0599 + 0.0052 + 0.0000, time: 12.744731]
2023-11-04 10:28:54.341: epoch 56:	0.02612320  	0.10392250  	0.07105353  
2023-11-04 10:28:54.341: Find a better model.
2023-11-04 10:29:06.933: [iter 57 : loss : 0.1688 = 0.1061 + 0.0574 + 0.0053 + 0.0000, time: 12.568210]
2023-11-04 10:29:07.613: epoch 57:	0.02640070  	0.10504491  	0.07160767  
2023-11-04 10:29:07.613: Find a better model.
2023-11-04 10:29:20.162: [iter 58 : loss : 0.1639 = 0.1040 + 0.0545 + 0.0054 + 0.0000, time: 12.533458]
2023-11-04 10:29:20.855: epoch 58:	0.02652684  	0.10574183  	0.07208653  
2023-11-04 10:29:20.855: Find a better model.
2023-11-04 10:29:33.592: [iter 59 : loss : 0.1611 = 0.1037 + 0.0518 + 0.0056 + 0.0000, time: 12.720866]
2023-11-04 10:29:34.262: epoch 59:	0.02664036  	0.10622548  	0.07248338  
2023-11-04 10:29:34.263: Find a better model.
2023-11-04 10:29:46.904: [iter 60 : loss : 0.1589 = 0.1038 + 0.0495 + 0.0057 + 0.0000, time: 12.627028]
2023-11-04 10:29:47.585: epoch 60:	0.02667190  	0.10644732  	0.07277954  
2023-11-04 10:29:47.585: Find a better model.
2023-11-04 10:29:59.719: [iter 61 : loss : 0.1543 = 0.1017 + 0.0468 + 0.0058 + 0.0000, time: 12.118251]
2023-11-04 10:30:00.384: epoch 61:	0.02675389  	0.10656305  	0.07296018  
2023-11-04 10:30:00.384: Find a better model.
2023-11-04 10:30:12.663: [iter 62 : loss : 0.1505 = 0.1003 + 0.0443 + 0.0059 + 0.0000, time: 12.260746]
2023-11-04 10:30:13.277: epoch 62:	0.02699987  	0.10770272  	0.07347386  
2023-11-04 10:30:13.278: Find a better model.
2023-11-04 10:30:25.387: [iter 63 : loss : 0.1488 = 0.1012 + 0.0416 + 0.0060 + 0.0000, time: 12.089588]
2023-11-04 10:30:26.032: epoch 63:	0.02716385  	0.10858499  	0.07388002  
2023-11-04 10:30:26.032: Find a better model.
2023-11-04 10:30:38.614: [iter 64 : loss : 0.1439 = 0.0987 + 0.0391 + 0.0061 + 0.0000, time: 12.560707]
2023-11-04 10:30:39.295: epoch 64:	0.02717016  	0.10850615  	0.07412931  
2023-11-04 10:30:51.561: [iter 65 : loss : 0.1391 = 0.0962 + 0.0367 + 0.0062 + 0.0000, time: 12.248767]
2023-11-04 10:30:52.183: epoch 65:	0.02736569  	0.10932896  	0.07452738  
2023-11-04 10:30:52.183: Find a better model.
2023-11-04 10:31:04.595: [iter 66 : loss : 0.1372 = 0.0968 + 0.0341 + 0.0063 + 0.0000, time: 12.393570]
2023-11-04 10:31:05.240: epoch 66:	0.02746029  	0.10962255  	0.07479168  
2023-11-04 10:31:05.240: Find a better model.
2023-11-04 10:31:17.925: [iter 67 : loss : 0.1357 = 0.0976 + 0.0317 + 0.0064 + 0.0000, time: 12.669970]
2023-11-04 10:31:18.565: epoch 67:	0.02760535  	0.11019645  	0.07517609  
2023-11-04 10:31:18.565: Find a better model.
2023-11-04 10:31:30.802: [iter 68 : loss : 0.1323 = 0.0969 + 0.0289 + 0.0065 + 0.0000, time: 12.220706]
2023-11-04 10:31:31.414: epoch 68:	0.02764950  	0.11063588  	0.07566718  
2023-11-04 10:31:31.414: Find a better model.
2023-11-04 10:31:43.590: [iter 69 : loss : 0.1288 = 0.0954 + 0.0268 + 0.0066 + 0.0000, time: 12.157944]
2023-11-04 10:31:44.192: epoch 69:	0.02778826  	0.11146822  	0.07611576  
2023-11-04 10:31:44.192: Find a better model.
2023-11-04 10:31:56.266: [iter 70 : loss : 0.1279 = 0.0971 + 0.0240 + 0.0067 + 0.0000, time: 12.060579]
2023-11-04 10:31:56.885: epoch 70:	0.02790178  	0.11172769  	0.07639268  
2023-11-04 10:31:56.886: Find a better model.
2023-11-04 10:32:09.229: [iter 71 : loss : 0.1231 = 0.0945 + 0.0218 + 0.0068 + 0.0000, time: 12.325353]
2023-11-04 10:32:09.842: epoch 71:	0.02799639  	0.11228802  	0.07670914  
2023-11-04 10:32:09.842: Find a better model.
2023-11-04 10:32:22.122: [iter 72 : loss : 0.1201 = 0.0939 + 0.0192 + 0.0069 + 0.0000, time: 12.266537]
2023-11-04 10:32:22.748: epoch 72:	0.02801531  	0.11231392  	0.07707810  
2023-11-04 10:32:22.748: Find a better model.
2023-11-04 10:32:34.816: [iter 73 : loss : 0.1168 = 0.0928 + 0.0169 + 0.0071 + 0.0000, time: 12.048059]
2023-11-04 10:32:35.488: epoch 73:	0.02815406  	0.11281463  	0.07739460  
2023-11-04 10:32:35.488: Find a better model.
2023-11-04 10:32:48.193: [iter 74 : loss : 0.1143 = 0.0925 + 0.0146 + 0.0072 + 0.0000, time: 12.691933]
2023-11-04 10:32:48.855: epoch 74:	0.02824867  	0.11322465  	0.07773573  
2023-11-04 10:32:48.855: Find a better model.
2023-11-04 10:33:01.364: [iter 75 : loss : 0.1099 = 0.0905 + 0.0121 + 0.0073 + 0.0000, time: 12.491997]
2023-11-04 10:33:01.980: epoch 75:	0.02844419  	0.11429063  	0.07816722  
2023-11-04 10:33:01.980: Find a better model.
2023-11-04 10:33:14.073: [iter 76 : loss : 0.1105 = 0.0936 + 0.0095 + 0.0074 + 0.0000, time: 12.076667]
2023-11-04 10:33:14.722: epoch 76:	0.02841265  	0.11419214  	0.07854695  
2023-11-04 10:33:27.343: [iter 77 : loss : 0.1054 = 0.0906 + 0.0073 + 0.0075 + 0.0000, time: 12.606535]
2023-11-04 10:33:27.975: epoch 77:	0.02853879  	0.11482779  	0.07875244  
2023-11-04 10:33:27.976: Find a better model.
2023-11-04 10:33:40.199: [iter 78 : loss : 0.1027 = 0.0901 + 0.0050 + 0.0076 + 0.0000, time: 12.209583]
2023-11-04 10:33:40.839: epoch 78:	0.02860185  	0.11508466  	0.07891787  
2023-11-04 10:33:40.839: Find a better model.
2023-11-04 10:33:53.359: [iter 79 : loss : 0.1003 = 0.0901 + 0.0025 + 0.0077 + 0.0000, time: 12.505015]
2023-11-04 10:33:54.028: epoch 79:	0.02870277  	0.11542667  	0.07921513  
2023-11-04 10:33:54.028: Find a better model.
2023-11-04 10:34:06.722: [iter 80 : loss : 0.0967 = 0.0887 + 0.0002 + 0.0078 + 0.0000, time: 12.681143]
2023-11-04 10:34:07.354: epoch 80:	0.02879107  	0.11585475  	0.07936794  
2023-11-04 10:34:07.354: Find a better model.
2023-11-04 10:34:19.403: [iter 81 : loss : 0.0956 = 0.0899 + -0.0023 + 0.0080 + 0.0000, time: 12.034807]
2023-11-04 10:34:20.014: epoch 81:	0.02892982  	0.11644269  	0.07974654  
2023-11-04 10:34:20.014: Find a better model.
2023-11-04 10:34:32.189: [iter 82 : loss : 0.0934 = 0.0899 + -0.0045 + 0.0081 + 0.0000, time: 12.159302]
2023-11-04 10:34:32.839: epoch 82:	0.02910011  	0.11712497  	0.08005437  
2023-11-04 10:34:32.839: Find a better model.
2023-11-04 10:34:45.099: [iter 83 : loss : 0.0884 = 0.0869 + -0.0067 + 0.0082 + 0.0000, time: 12.244673]
2023-11-04 10:34:45.763: epoch 83:	0.02906858  	0.11700975  	0.08009948  
2023-11-04 10:34:58.472: [iter 84 : loss : 0.0860 = 0.0869 + -0.0092 + 0.0083 + 0.0000, time: 12.690067]
2023-11-04 10:34:59.115: epoch 84:	0.02924516  	0.11761101  	0.08055583  
2023-11-04 10:34:59.115: Find a better model.
2023-11-04 10:35:11.281: [iter 85 : loss : 0.0834 = 0.0865 + -0.0115 + 0.0084 + 0.0000, time: 12.149003]
2023-11-04 10:35:11.876: epoch 85:	0.02934607  	0.11817732  	0.08092111  
2023-11-04 10:35:11.876: Find a better model.
2023-11-04 10:35:24.146: [iter 86 : loss : 0.0818 = 0.0871 + -0.0139 + 0.0085 + 0.0000, time: 12.254627]
2023-11-04 10:35:24.808: epoch 86:	0.02943437  	0.11831098  	0.08105778  
2023-11-04 10:35:24.809: Find a better model.
2023-11-04 10:35:37.430: [iter 87 : loss : 0.0797 = 0.0872 + -0.0162 + 0.0086 + 0.0000, time: 12.597212]
2023-11-04 10:35:38.115: epoch 87:	0.02946592  	0.11871090  	0.08139560  
2023-11-04 10:35:38.115: Find a better model.
2023-11-04 10:35:50.909: [iter 88 : loss : 0.0775 = 0.0872 + -0.0184 + 0.0088 + 0.0000, time: 12.779256]
2023-11-04 10:35:51.573: epoch 88:	0.02955421  	0.11904392  	0.08169055  
2023-11-04 10:35:51.573: Find a better model.
2023-11-04 10:36:03.874: [iter 89 : loss : 0.0749 = 0.0865 + -0.0204 + 0.0089 + 0.0000, time: 12.285106]
2023-11-04 10:36:04.505: epoch 89:	0.02965512  	0.11953738  	0.08194807  
2023-11-04 10:36:04.505: Find a better model.
2023-11-04 10:36:16.999: [iter 90 : loss : 0.0718 = 0.0855 + -0.0227 + 0.0090 + 0.0000, time: 12.478714]
2023-11-04 10:36:17.680: epoch 90:	0.02976234  	0.11992677  	0.08246465  
2023-11-04 10:36:17.681: Find a better model.
2023-11-04 10:36:29.824: [iter 91 : loss : 0.0698 = 0.0856 + -0.0250 + 0.0091 + 0.0000, time: 12.124823]
2023-11-04 10:36:30.422: epoch 91:	0.02987586  	0.12040263  	0.08257014  
2023-11-04 10:36:30.423: Find a better model.
2023-11-04 10:36:42.883: [iter 92 : loss : 0.0689 = 0.0872 + -0.0275 + 0.0092 + 0.0000, time: 12.443011]
2023-11-04 10:36:43.516: epoch 92:	0.03002091  	0.12093120  	0.08300336  
2023-11-04 10:36:43.517: Find a better model.
2023-11-04 10:36:56.264: [iter 93 : loss : 0.0647 = 0.0844 + -0.0291 + 0.0093 + 0.0000, time: 12.730968]
2023-11-04 10:36:56.919: epoch 93:	0.02994524  	0.12082859  	0.08291195  
2023-11-04 10:37:09.329: [iter 94 : loss : 0.0631 = 0.0850 + -0.0314 + 0.0095 + 0.0000, time: 12.392461]
2023-11-04 10:37:09.956: epoch 94:	0.03010291  	0.12139110  	0.08314432  
2023-11-04 10:37:09.956: Find a better model.
2023-11-04 10:37:22.430: [iter 95 : loss : 0.0615 = 0.0855 + -0.0336 + 0.0096 + 0.0000, time: 12.454963]
2023-11-04 10:37:23.089: epoch 95:	0.03015336  	0.12160616  	0.08329654  
2023-11-04 10:37:23.089: Find a better model.
2023-11-04 10:37:35.904: [iter 96 : loss : 0.0587 = 0.0847 + -0.0356 + 0.0097 + 0.0000, time: 12.799551]
2023-11-04 10:37:36.578: epoch 96:	0.03028581  	0.12212936  	0.08363208  
2023-11-04 10:37:36.578: Find a better model.
2023-11-04 10:37:49.411: [iter 97 : loss : 0.0537 = 0.0816 + -0.0377 + 0.0098 + 0.0000, time: 12.811225]
2023-11-04 10:37:50.085: epoch 97:	0.03034887  	0.12239110  	0.08381447  
2023-11-04 10:37:50.086: Find a better model.
2023-11-04 10:38:02.688: [iter 98 : loss : 0.0536 = 0.0840 + -0.0403 + 0.0099 + 0.0000, time: 12.587047]
2023-11-04 10:38:03.344: epoch 98:	0.03045609  	0.12281428  	0.08410988  
2023-11-04 10:38:03.344: Find a better model.
2023-11-04 10:38:15.979: [iter 99 : loss : 0.0501 = 0.0824 + -0.0423 + 0.0101 + 0.0000, time: 12.614957]
2023-11-04 10:38:16.609: epoch 99:	0.03054439  	0.12312295  	0.08440217  
2023-11-04 10:38:16.609: Find a better model.
2023-11-04 10:38:29.365: [iter 100 : loss : 0.0479 = 0.0819 + -0.0442 + 0.0102 + 0.0000, time: 12.740705]
2023-11-04 10:38:30.006: epoch 100:	0.03061377  	0.12347980  	0.08459777  
2023-11-04 10:38:30.006: Find a better model.
2023-11-04 10:38:42.751: [iter 101 : loss : 0.0487 = 0.0850 + -0.0465 + 0.0103 + 0.0000, time: 12.723882]
2023-11-04 10:38:43.441: epoch 101:	0.03070838  	0.12382966  	0.08470330  
2023-11-04 10:38:43.441: Find a better model.
2023-11-04 10:38:56.021: [iter 102 : loss : 0.0471 = 0.0852 + -0.0485 + 0.0104 + 0.0000, time: 12.560304]
2023-11-04 10:38:56.701: epoch 102:	0.03082190  	0.12429944  	0.08501034  
2023-11-04 10:38:56.701: Find a better model.
2023-11-04 10:39:09.442: [iter 103 : loss : 0.0438 = 0.0838 + -0.0506 + 0.0105 + 0.0000, time: 12.718217]
2023-11-04 10:39:10.075: epoch 103:	0.03073992  	0.12407743  	0.08502539  
2023-11-04 10:39:22.672: [iter 104 : loss : 0.0403 = 0.0822 + -0.0525 + 0.0106 + 0.0000, time: 12.583556]
2023-11-04 10:39:23.337: epoch 104:	0.03093543  	0.12483487  	0.08544588  
2023-11-04 10:39:23.337: Find a better model.
2023-11-04 10:39:35.717: [iter 105 : loss : 0.0372 = 0.0810 + -0.0545 + 0.0108 + 0.0000, time: 12.363304]
2023-11-04 10:39:36.388: epoch 105:	0.03106157  	0.12524979  	0.08581086  
2023-11-04 10:39:36.388: Find a better model.
2023-11-04 10:39:49.221: [iter 106 : loss : 0.0378 = 0.0836 + -0.0567 + 0.0109 + 0.0000, time: 12.819551]
2023-11-04 10:39:49.900: epoch 106:	0.03115617  	0.12560070  	0.08595508  
2023-11-04 10:39:49.901: Find a better model.
2023-11-04 10:40:02.662: [iter 107 : loss : 0.0343 = 0.0818 + -0.0586 + 0.0110 + 0.0000, time: 12.737251]
2023-11-04 10:40:03.293: epoch 107:	0.03122554  	0.12598132  	0.08619232  
2023-11-04 10:40:03.293: Find a better model.
2023-11-04 10:40:15.846: [iter 108 : loss : 0.0333 = 0.0828 + -0.0607 + 0.0111 + 0.0000, time: 12.537270]
2023-11-04 10:40:16.498: epoch 108:	0.03123185  	0.12589057  	0.08649615  
2023-11-04 10:40:29.364: [iter 109 : loss : 0.0282 = 0.0797 + -0.0627 + 0.0112 + 0.0000, time: 12.839784]
2023-11-04 10:40:30.031: epoch 109:	0.03123816  	0.12600042  	0.08659957  
2023-11-04 10:40:30.031: Find a better model.
2023-11-04 10:40:42.795: [iter 110 : loss : 0.0290 = 0.0824 + -0.0648 + 0.0113 + 0.0000, time: 12.746483]
2023-11-04 10:40:43.472: epoch 110:	0.03136430  	0.12645911  	0.08681866  
2023-11-04 10:40:43.472: Find a better model.
2023-11-04 10:40:56.194: [iter 111 : loss : 0.0235 = 0.0788 + -0.0668 + 0.0115 + 0.0000, time: 12.703371]
2023-11-04 10:40:56.869: epoch 111:	0.03136430  	0.12631240  	0.08689066  
2023-11-04 10:41:09.446: [iter 112 : loss : 0.0262 = 0.0832 + -0.0686 + 0.0116 + 0.0000, time: 12.561445]
2023-11-04 10:41:10.102: epoch 112:	0.03143999  	0.12663996  	0.08709475  
2023-11-04 10:41:10.102: Find a better model.
2023-11-04 10:41:22.696: [iter 113 : loss : 0.0203 = 0.0789 + -0.0703 + 0.0117 + 0.0000, time: 12.576976]
2023-11-04 10:41:23.356: epoch 113:	0.03147783  	0.12673761  	0.08727401  
2023-11-04 10:41:23.356: Find a better model.
2023-11-04 10:41:36.032: [iter 114 : loss : 0.0194 = 0.0803 + -0.0727 + 0.0118 + 0.0000, time: 12.657745]
2023-11-04 10:41:36.709: epoch 114:	0.03138953  	0.12662208  	0.08734598  
2023-11-04 10:41:49.453: [iter 115 : loss : 0.0198 = 0.0825 + -0.0746 + 0.0119 + 0.0000, time: 12.729536]
2023-11-04 10:41:50.139: epoch 115:	0.03137061  	0.12645878  	0.08737011  
2023-11-04 10:42:02.735: [iter 116 : loss : 0.0171 = 0.0817 + -0.0766 + 0.0121 + 0.0000, time: 12.575727]
2023-11-04 10:42:03.419: epoch 116:	0.03133278  	0.12654349  	0.08763218  
2023-11-04 10:42:16.103: [iter 117 : loss : 0.0146 = 0.0806 + -0.0782 + 0.0122 + 0.0000, time: 12.666209]
2023-11-04 10:42:16.730: epoch 117:	0.03154722  	0.12715127  	0.08796928  
2023-11-04 10:42:16.730: Find a better model.
2023-11-04 10:42:29.287: [iter 118 : loss : 0.0107 = 0.0785 + -0.0801 + 0.0123 + 0.0000, time: 12.541385]
2023-11-04 10:42:29.961: epoch 118:	0.03146521  	0.12686770  	0.08779698  
2023-11-04 10:42:42.531: [iter 119 : loss : 0.0113 = 0.0810 + -0.0821 + 0.0124 + 0.0000, time: 12.551997]
2023-11-04 10:42:43.159: epoch 119:	0.03164812  	0.12766574  	0.08828315  
2023-11-04 10:42:43.159: Find a better model.
2023-11-04 10:42:55.893: [iter 120 : loss : 0.0092 = 0.0805 + -0.0839 + 0.0125 + 0.0000, time: 12.716425]
2023-11-04 10:42:56.557: epoch 120:	0.03161028  	0.12770981  	0.08845627  
2023-11-04 10:42:56.557: Find a better model.
2023-11-04 10:43:09.336: [iter 121 : loss : 0.0084 = 0.0817 + -0.0860 + 0.0127 + 0.0000, time: 12.762516]
2023-11-04 10:43:10.019: epoch 121:	0.03159136  	0.12768070  	0.08848891  
2023-11-04 10:43:22.627: [iter 122 : loss : 0.0058 = 0.0807 + -0.0876 + 0.0128 + 0.0000, time: 12.591156]
2023-11-04 10:43:23.293: epoch 122:	0.03175534  	0.12811626  	0.08878022  
2023-11-04 10:43:23.293: Find a better model.
2023-11-04 10:43:35.993: [iter 123 : loss : 0.0035 = 0.0801 + -0.0896 + 0.0129 + 0.0000, time: 12.683399]
2023-11-04 10:43:36.650: epoch 123:	0.03167334  	0.12796988  	0.08875185  
2023-11-04 10:43:49.282: [iter 124 : loss : 0.0020 = 0.0805 + -0.0914 + 0.0130 + 0.0000, time: 12.612921]
2023-11-04 10:43:49.973: epoch 124:	0.03167965  	0.12796208  	0.08874635  
2023-11-04 10:44:02.506: [iter 125 : loss : 0.0027 = 0.0829 + -0.0933 + 0.0131 + 0.0000, time: 12.516663]
2023-11-04 10:44:03.136: epoch 125:	0.03175534  	0.12838484  	0.08884484  
2023-11-04 10:44:03.136: Find a better model.
2023-11-04 10:44:15.940: [iter 126 : loss : -0.0021 = 0.0796 + -0.0949 + 0.0133 + 0.0000, time: 12.787642]
2023-11-04 10:44:16.624: epoch 126:	0.03183731  	0.12879008  	0.08918059  
2023-11-04 10:44:16.624: Find a better model.
2023-11-04 10:44:29.149: [iter 127 : loss : -0.0049 = 0.0785 + -0.0968 + 0.0134 + 0.0000, time: 12.507845]
2023-11-04 10:44:29.827: epoch 127:	0.03187516  	0.12883054  	0.08935755  
2023-11-04 10:44:29.828: Find a better model.
2023-11-04 10:44:42.478: [iter 128 : loss : -0.0043 = 0.0805 + -0.0983 + 0.0135 + 0.0000, time: 12.636733]
2023-11-04 10:44:43.144: epoch 128:	0.03198238  	0.12917657  	0.08970041  
2023-11-04 10:44:43.144: Find a better model.
2023-11-04 10:44:56.039: [iter 129 : loss : -0.0059 = 0.0808 + -0.1003 + 0.0136 + 0.0000, time: 12.882126]
2023-11-04 10:44:56.740: epoch 129:	0.03208330  	0.12975024  	0.08991557  
2023-11-04 10:44:56.740: Find a better model.
2023-11-04 10:45:09.344: [iter 130 : loss : -0.0081 = 0.0801 + -0.1019 + 0.0137 + 0.0000, time: 12.582151]
2023-11-04 10:45:10.011: epoch 130:	0.03214006  	0.13017398  	0.09001206  
2023-11-04 10:45:10.011: Find a better model.
2023-11-04 10:45:22.546: [iter 131 : loss : -0.0119 = 0.0780 + -0.1038 + 0.0138 + 0.0000, time: 12.514768]
2023-11-04 10:45:23.183: epoch 131:	0.03216529  	0.13034946  	0.09028686  
2023-11-04 10:45:23.183: Find a better model.
2023-11-04 10:45:35.818: [iter 132 : loss : -0.0096 = 0.0817 + -0.1053 + 0.0140 + 0.0000, time: 12.620909]
2023-11-04 10:45:36.519: epoch 132:	0.03221574  	0.13061877  	0.09043962  
2023-11-04 10:45:36.519: Find a better model.
2023-11-04 10:45:49.194: [iter 133 : loss : -0.0121 = 0.0809 + -0.1071 + 0.0141 + 0.0000, time: 12.655471]
2023-11-04 10:45:49.893: epoch 133:	0.03226620  	0.13070400  	0.09041124  
2023-11-04 10:45:49.894: Find a better model.
2023-11-04 10:46:02.522: [iter 134 : loss : -0.0143 = 0.0804 + -0.1090 + 0.0142 + 0.0000, time: 12.607840]
2023-11-04 10:46:03.201: epoch 134:	0.03234818  	0.13094538  	0.09065174  
2023-11-04 10:46:03.201: Find a better model.
2023-11-04 10:46:16.052: [iter 135 : loss : -0.0167 = 0.0794 + -0.1105 + 0.0143 + 0.0000, time: 12.834794]
2023-11-04 10:46:16.741: epoch 135:	0.03241755  	0.13106681  	0.09082143  
2023-11-04 10:46:16.742: Find a better model.
2023-11-04 10:46:29.483: [iter 136 : loss : -0.0203 = 0.0777 + -0.1124 + 0.0144 + 0.0000, time: 12.725657]
2023-11-04 10:46:30.157: epoch 136:	0.03251214  	0.13151869  	0.09112820  
2023-11-04 10:46:30.157: Find a better model.
2023-11-04 10:46:42.834: [iter 137 : loss : -0.0191 = 0.0804 + -0.1141 + 0.0146 + 0.0000, time: 12.660729]
2023-11-04 10:46:43.471: epoch 137:	0.03238602  	0.13098745  	0.09092591  
2023-11-04 10:46:56.308: [iter 138 : loss : -0.0210 = 0.0797 + -0.1154 + 0.0147 + 0.0000, time: 12.816494]
2023-11-04 10:46:56.983: epoch 138:	0.03249953  	0.13129155  	0.09127792  
2023-11-04 10:47:09.632: [iter 139 : loss : -0.0231 = 0.0798 + -0.1177 + 0.0148 + 0.0000, time: 12.634006]
2023-11-04 10:47:10.322: epoch 139:	0.03247430  	0.13125230  	0.09116554  
2023-11-04 10:47:23.015: [iter 140 : loss : -0.0220 = 0.0823 + -0.1192 + 0.0149 + 0.0000, time: 12.671264]
2023-11-04 10:47:23.703: epoch 140:	0.03245539  	0.13135923  	0.09123359  
2023-11-04 10:47:36.530: [iter 141 : loss : -0.0256 = 0.0800 + -0.1207 + 0.0150 + 0.0000, time: 12.810697]
2023-11-04 10:47:37.188: epoch 141:	0.03255628  	0.13178778  	0.09146164  
2023-11-04 10:47:37.188: Find a better model.
2023-11-04 10:47:49.944: [iter 142 : loss : -0.0268 = 0.0801 + -0.1221 + 0.0152 + 0.0000, time: 12.729894]
2023-11-04 10:47:50.605: epoch 142:	0.03272654  	0.13218503  	0.09183566  
2023-11-04 10:47:50.605: Find a better model.
2023-11-04 10:48:03.292: [iter 143 : loss : -0.0267 = 0.0819 + -0.1238 + 0.0153 + 0.0000, time: 12.668047]
2023-11-04 10:48:03.954: epoch 143:	0.03269503  	0.13211241  	0.09178693  
2023-11-04 10:48:16.408: [iter 144 : loss : -0.0300 = 0.0800 + -0.1254 + 0.0154 + 0.0000, time: 12.434474]
2023-11-04 10:48:17.062: epoch 144:	0.03267610  	0.13208212  	0.09194262  
2023-11-04 10:48:29.708: [iter 145 : loss : -0.0331 = 0.0783 + -0.1269 + 0.0155 + 0.0000, time: 12.627748]
2023-11-04 10:48:30.345: epoch 145:	0.03272654  	0.13225564  	0.09208062  
2023-11-04 10:48:30.345: Find a better model.
2023-11-04 10:48:42.774: [iter 146 : loss : -0.0315 = 0.0814 + -0.1284 + 0.0156 + 0.0000, time: 12.415809]
2023-11-04 10:48:43.435: epoch 146:	0.03271393  	0.13207056  	0.09190632  
2023-11-04 10:48:56.204: [iter 147 : loss : -0.0330 = 0.0813 + -0.1300 + 0.0157 + 0.0000, time: 12.752311]
2023-11-04 10:48:56.871: epoch 147:	0.03272025  	0.13244303  	0.09218810  
2023-11-04 10:48:56.872: Find a better model.
2023-11-04 10:49:09.466: [iter 148 : loss : -0.0352 = 0.0805 + -0.1316 + 0.0158 + 0.0000, time: 12.579736]
2023-11-04 10:49:10.139: epoch 148:	0.03275177  	0.13233556  	0.09224398  
2023-11-04 10:49:22.922: [iter 149 : loss : -0.0373 = 0.0799 + -0.1332 + 0.0160 + 0.0000, time: 12.768422]
2023-11-04 10:49:23.599: epoch 149:	0.03281485  	0.13268110  	0.09227702  
2023-11-04 10:49:23.599: Find a better model.
2023-11-04 10:49:36.325: [iter 150 : loss : -0.0353 = 0.0834 + -0.1347 + 0.0161 + 0.0000, time: 12.710119]
2023-11-04 10:49:36.968: epoch 150:	0.03289682  	0.13307643  	0.09258182  
2023-11-04 10:49:36.968: Find a better model.
2023-11-04 10:49:49.637: [iter 151 : loss : -0.0403 = 0.0798 + -0.1363 + 0.0162 + 0.0000, time: 12.649451]
2023-11-04 10:49:50.308: epoch 151:	0.03292204  	0.13287739  	0.09258015  
2023-11-04 10:50:03.074: [iter 152 : loss : -0.0403 = 0.0810 + -0.1376 + 0.0163 + 0.0000, time: 12.747681]
2023-11-04 10:50:03.754: epoch 152:	0.03303555  	0.13327497  	0.09285291  
2023-11-04 10:50:03.754: Find a better model.
2023-11-04 10:50:16.525: [iter 153 : loss : -0.0431 = 0.0797 + -0.1393 + 0.0164 + 0.0000, time: 12.752663]
2023-11-04 10:50:17.188: epoch 153:	0.03309230  	0.13376632  	0.09297808  
2023-11-04 10:50:17.188: Find a better model.
2023-11-04 10:50:29.801: [iter 154 : loss : -0.0415 = 0.0827 + -0.1408 + 0.0165 + 0.0000, time: 12.596168]
2023-11-04 10:50:30.463: epoch 154:	0.03302294  	0.13339640  	0.09291582  
2023-11-04 10:50:43.207: [iter 155 : loss : -0.0472 = 0.0783 + -0.1422 + 0.0167 + 0.0000, time: 12.725000]
2023-11-04 10:50:43.864: epoch 155:	0.03302294  	0.13365886  	0.09290399  
2023-11-04 10:50:56.387: [iter 156 : loss : -0.0473 = 0.0796 + -0.1437 + 0.0168 + 0.0000, time: 12.508035]
2023-11-04 10:50:57.060: epoch 156:	0.03313645  	0.13404529  	0.09316733  
2023-11-04 10:50:57.060: Find a better model.
2023-11-04 10:51:09.900: [iter 157 : loss : -0.0499 = 0.0785 + -0.1453 + 0.0169 + 0.0000, time: 12.820183]
2023-11-04 10:51:10.598: epoch 157:	0.03313015  	0.13380674  	0.09320062  
2023-11-04 10:51:23.181: [iter 158 : loss : -0.0494 = 0.0802 + -0.1465 + 0.0170 + 0.0000, time: 12.559047]
2023-11-04 10:51:23.793: epoch 158:	0.03312384  	0.13389070  	0.09319233  
2023-11-04 10:51:36.299: [iter 159 : loss : -0.0515 = 0.0797 + -0.1483 + 0.0171 + 0.0000, time: 12.489941]
2023-11-04 10:51:36.934: epoch 159:	0.03324998  	0.13441797  	0.09341508  
2023-11-04 10:51:36.934: Find a better model.
2023-11-04 10:51:49.614: [iter 160 : loss : -0.0538 = 0.0787 + -0.1497 + 0.0172 + 0.0000, time: 12.663928]
2023-11-04 10:51:50.292: epoch 160:	0.03319321  	0.13423297  	0.09334321  
2023-11-04 10:52:02.933: [iter 161 : loss : -0.0531 = 0.0807 + -0.1511 + 0.0174 + 0.0000, time: 12.622232]
2023-11-04 10:52:03.608: epoch 161:	0.03326889  	0.13450505  	0.09351934  
2023-11-04 10:52:03.609: Find a better model.
2023-11-04 10:52:16.126: [iter 162 : loss : -0.0541 = 0.0812 + -0.1528 + 0.0175 + 0.0000, time: 12.503373]
2023-11-04 10:52:16.797: epoch 162:	0.03336980  	0.13485758  	0.09381973  
2023-11-04 10:52:16.797: Find a better model.
2023-11-04 10:52:29.544: [iter 163 : loss : -0.0562 = 0.0802 + -0.1539 + 0.0176 + 0.0000, time: 12.727696]
2023-11-04 10:52:30.191: epoch 163:	0.03354007  	0.13543396  	0.09418248  
2023-11-04 10:52:30.191: Find a better model.
2023-11-04 10:52:43.010: [iter 164 : loss : -0.0565 = 0.0813 + -0.1555 + 0.0177 + 0.0000, time: 12.801063]
2023-11-04 10:52:43.665: epoch 164:	0.03346439  	0.13514704  	0.09413674  
2023-11-04 10:52:56.440: [iter 165 : loss : -0.0582 = 0.0811 + -0.1571 + 0.0178 + 0.0000, time: 12.755322]
2023-11-04 10:52:57.138: epoch 165:	0.03344548  	0.13500974  	0.09419496  
2023-11-04 10:53:09.720: [iter 166 : loss : -0.0600 = 0.0805 + -0.1585 + 0.0179 + 0.0000, time: 12.566554]
2023-11-04 10:53:10.412: epoch 166:	0.03341395  	0.13489853  	0.09417581  
2023-11-04 10:53:23.209: [iter 167 : loss : -0.0624 = 0.0794 + -0.1599 + 0.0181 + 0.0000, time: 12.776344]
2023-11-04 10:53:23.900: epoch 167:	0.03346441  	0.13506682  	0.09418884  
2023-11-04 10:53:36.670: [iter 168 : loss : -0.0631 = 0.0800 + -0.1613 + 0.0182 + 0.0000, time: 12.752386]
2023-11-04 10:53:37.329: epoch 168:	0.03352116  	0.13556926  	0.09445515  
2023-11-04 10:53:37.329: Find a better model.
2023-11-04 10:53:50.089: [iter 169 : loss : -0.0615 = 0.0827 + -0.1625 + 0.0183 + 0.0000, time: 12.741780]
2023-11-04 10:53:50.756: epoch 169:	0.03357792  	0.13575275  	0.09447730  
2023-11-04 10:53:50.757: Find a better model.
2023-11-04 10:54:03.544: [iter 170 : loss : -0.0649 = 0.0805 + -0.1638 + 0.0184 + 0.0000, time: 12.771056]
2023-11-04 10:54:04.220: epoch 170:	0.03364097  	0.13596237  	0.09456383  
2023-11-04 10:54:04.220: Find a better model.
2023-11-04 10:54:16.721: [iter 171 : loss : -0.0669 = 0.0800 + -0.1654 + 0.0185 + 0.0000, time: 12.483827]
2023-11-04 10:54:17.394: epoch 171:	0.03355269  	0.13561632  	0.09465147  
2023-11-04 10:54:30.022: [iter 172 : loss : -0.0697 = 0.0785 + -0.1668 + 0.0186 + 0.0000, time: 12.611956]
2023-11-04 10:54:30.717: epoch 172:	0.03369141  	0.13610469  	0.09497323  
2023-11-04 10:54:30.717: Find a better model.
2023-11-04 10:54:43.425: [iter 173 : loss : -0.0681 = 0.0812 + -0.1681 + 0.0187 + 0.0000, time: 12.683944]
2023-11-04 10:54:44.094: epoch 173:	0.03365988  	0.13610674  	0.09495742  
2023-11-04 10:54:44.095: Find a better model.
2023-11-04 10:54:56.440: [iter 174 : loss : -0.0696 = 0.0811 + -0.1696 + 0.0188 + 0.0000, time: 12.326030]
2023-11-04 10:54:57.067: epoch 174:	0.03375448  	0.13635568  	0.09499174  
2023-11-04 10:54:57.067: Find a better model.
2023-11-04 10:55:09.773: [iter 175 : loss : -0.0705 = 0.0813 + -0.1708 + 0.0190 + 0.0000, time: 12.687300]
2023-11-04 10:55:10.439: epoch 175:	0.03380492  	0.13637915  	0.09513917  
2023-11-04 10:55:10.439: Find a better model.
2023-11-04 10:55:23.126: [iter 176 : loss : -0.0726 = 0.0804 + -0.1720 + 0.0191 + 0.0000, time: 12.668478]
2023-11-04 10:55:23.802: epoch 176:	0.03377970  	0.13611171  	0.09504817  
2023-11-04 10:55:36.428: [iter 177 : loss : -0.0721 = 0.0823 + -0.1736 + 0.0192 + 0.0000, time: 12.608874]
2023-11-04 10:55:37.085: epoch 177:	0.03385537  	0.13668875  	0.09531978  
2023-11-04 10:55:37.086: Find a better model.
2023-11-04 10:55:49.986: [iter 178 : loss : -0.0746 = 0.0810 + -0.1749 + 0.0193 + 0.0000, time: 12.883627]
2023-11-04 10:55:50.675: epoch 178:	0.03382384  	0.13652164  	0.09530229  
2023-11-04 10:56:03.325: [iter 179 : loss : -0.0754 = 0.0815 + -0.1763 + 0.0194 + 0.0000, time: 12.625892]
2023-11-04 10:56:03.998: epoch 179:	0.03386799  	0.13663496  	0.09537200  
2023-11-04 10:56:16.575: [iter 180 : loss : -0.0741 = 0.0837 + -0.1773 + 0.0195 + 0.0000, time: 12.561673]
2023-11-04 10:56:17.254: epoch 180:	0.03394996  	0.13700922  	0.09557112  
2023-11-04 10:56:17.254: Find a better model.
2023-11-04 10:56:29.350: [iter 181 : loss : -0.0739 = 0.0853 + -0.1789 + 0.0196 + 0.0000, time: 12.078666]
2023-11-04 10:56:29.993: epoch 181:	0.03384275  	0.13667208  	0.09543404  
2023-11-04 10:56:42.200: [iter 182 : loss : -0.0797 = 0.0806 + -0.1801 + 0.0198 + 0.0000, time: 12.188679]
2023-11-04 10:56:42.832: epoch 182:	0.03389952  	0.13697866  	0.09563459  
2023-11-04 10:56:54.865: [iter 183 : loss : -0.0810 = 0.0803 + -0.1811 + 0.0199 + 0.0000, time: 12.007931]
2023-11-04 10:56:55.460: epoch 183:	0.03397519  	0.13704953  	0.09580334  
2023-11-04 10:56:55.460: Find a better model.
2023-11-04 10:57:07.596: [iter 184 : loss : -0.0812 = 0.0814 + -0.1825 + 0.0200 + 0.0000, time: 12.119920]
2023-11-04 10:57:08.257: epoch 184:	0.03405085  	0.13742915  	0.09587868  
2023-11-04 10:57:08.257: Find a better model.
2023-11-04 10:57:20.388: [iter 185 : loss : -0.0840 = 0.0796 + -0.1837 + 0.0201 + 0.0000, time: 12.109070]
2023-11-04 10:57:21.063: epoch 185:	0.03401932  	0.13722171  	0.09581828  
2023-11-04 10:57:33.199: [iter 186 : loss : -0.0832 = 0.0816 + -0.1850 + 0.0202 + 0.0000, time: 12.120921]
2023-11-04 10:57:33.828: epoch 186:	0.03400041  	0.13727196  	0.09582356  
2023-11-04 10:57:46.523: [iter 187 : loss : -0.0842 = 0.0820 + -0.1865 + 0.0203 + 0.0000, time: 12.669302]
2023-11-04 10:57:47.206: epoch 187:	0.03402563  	0.13752899  	0.09591444  
2023-11-04 10:57:47.206: Find a better model.
2023-11-04 10:57:59.269: [iter 188 : loss : -0.0822 = 0.0847 + -0.1873 + 0.0204 + 0.0000, time: 12.044547]
2023-11-04 10:57:59.907: epoch 188:	0.03404456  	0.13741463  	0.09609906  
2023-11-04 10:58:12.094: [iter 189 : loss : -0.0875 = 0.0809 + -0.1889 + 0.0205 + 0.0000, time: 12.168329]
2023-11-04 10:58:12.735: epoch 189:	0.03401932  	0.13730195  	0.09616566  
2023-11-04 10:58:24.847: [iter 190 : loss : -0.0858 = 0.0833 + -0.1898 + 0.0206 + 0.0000, time: 12.094524]
2023-11-04 10:58:25.472: epoch 190:	0.03397519  	0.13722952  	0.09621591  
2023-11-04 10:58:37.956: [iter 191 : loss : -0.0877 = 0.0829 + -0.1914 + 0.0208 + 0.0000, time: 12.468095]
2023-11-04 10:58:38.649: epoch 191:	0.03397518  	0.13743822  	0.09644924  
2023-11-04 10:58:51.223: [iter 192 : loss : -0.0887 = 0.0830 + -0.1926 + 0.0209 + 0.0000, time: 12.555912]
2023-11-04 10:58:51.894: epoch 192:	0.03406978  	0.13789478  	0.09658152  
2023-11-04 10:58:51.894: Find a better model.
2023-11-04 10:59:04.794: [iter 193 : loss : -0.0901 = 0.0828 + -0.1939 + 0.0210 + 0.0000, time: 12.883922]
2023-11-04 10:59:05.488: epoch 193:	0.03415805  	0.13808005  	0.09655885  
2023-11-04 10:59:05.488: Find a better model.
2023-11-04 10:59:17.965: [iter 194 : loss : -0.0922 = 0.0816 + -0.1950 + 0.0211 + 0.0000, time: 12.457911]
2023-11-04 10:59:18.633: epoch 194:	0.03421483  	0.13830759  	0.09671544  
2023-11-04 10:59:18.634: Find a better model.
2023-11-04 10:59:30.934: [iter 195 : loss : -0.0939 = 0.0808 + -0.1960 + 0.0212 + 0.0000, time: 12.284619]
2023-11-04 10:59:31.615: epoch 195:	0.03419591  	0.13841228  	0.09676887  
2023-11-04 10:59:31.615: Find a better model.
2023-11-04 10:59:43.748: [iter 196 : loss : -0.0922 = 0.0840 + -0.1974 + 0.0213 + 0.0000, time: 12.109202]
2023-11-04 10:59:44.360: epoch 196:	0.03412024  	0.13793197  	0.09660391  
2023-11-04 10:59:56.442: [iter 197 : loss : -0.0937 = 0.0837 + -0.1988 + 0.0214 + 0.0000, time: 12.065640]
2023-11-04 10:59:57.091: epoch 197:	0.03419591  	0.13812830  	0.09674533  
2023-11-04 11:00:09.153: [iter 198 : loss : -0.0965 = 0.0818 + -0.1998 + 0.0215 + 0.0000, time: 12.046257]
2023-11-04 11:00:09.750: epoch 198:	0.03420852  	0.13813321  	0.09686937  
2023-11-04 11:00:22.074: [iter 199 : loss : -0.0989 = 0.0804 + -0.2009 + 0.0216 + 0.0000, time: 12.304945]
2023-11-04 11:00:22.702: epoch 199:	0.03430312  	0.13844623  	0.09709492  
2023-11-04 11:00:22.703: Find a better model.
2023-11-04 11:00:34.769: [iter 200 : loss : -0.0949 = 0.0856 + -0.2022 + 0.0217 + 0.0000, time: 12.052104]
2023-11-04 11:00:35.429: epoch 200:	0.03426529  	0.13825560  	0.09713293  
2023-11-04 11:00:35.429: best_result@epoch 199:

2023-11-04 11:00:35.429: 		0.0343      	0.1384      	0.0971      
