2023-11-03 13:57:00.485: my pid: 33688
2023-11-03 13:57:00.485: model: model.general_recommender.GNNEC
2023-11-03 13:57:00.485: Dataset statistics:
Name: amazon-book
The number of users: 7928
The number of items: 29346
The number of ratings: 460224
Average actions of users: 58.05
Average actions of items: 15.68
The sparsity of the dataset: 99.802186%

The number of training: 417417
The number of validation: 0
The number of testing: 42807
2023-11-03 13:57:00.485: NeuRec:[NeuRec]:
recommender=GNNEC
dataset=amazon-book
file_column=UI
sep=','
gpu_id=0
gpu_mem=0.99
metric=["Precision", "Recall", "NDCG"]
top_k=[20]
test_thread=8
test_batch_size=128
seed=2021
start_testing_epoch=0

GNNEC:[hyperparameters]:
mf_reg=1e-4
svd_q=5
aug_type=ND
reg=1e-4
embed_size=64
n_layers=2
ssl_reg=0.02
ssl_ratio=0.5
ssl_temp=5
ssl_mode=both_side
lr=1e-3
learner=adam
adj_type=pre
epochs=200
batch_size=2048
num_negatives=1
param_init=xavier_uniform
stddev=0.01
verbose=1
stop_cnt=10
pretrain_flag=0
save_flag=0

Command line:
recommender=GNNEC
dataset=amazon-book
epochs=200
n_layers=2
embed_size=64
batch_size=2048
lr=1e-3
aug_type=ND
reg=1e-4
ssl_reg=0.02
ssl_ratio=0.5
ssl_temp=5
mf_reg=1e-4
svd_q=5
2023-11-03 13:57:04.246: metrics:	Precision@20	Recall@20   	NDCG@20     
2023-11-03 13:57:17.465: [iter 1 : loss : 0.9951 = 0.6142 + 0.3789 + 0.0000 + 0.0019, time: 13.218300]
2023-11-03 13:57:18.123: epoch 1:	0.00930245  	0.03508490  	0.02306533  
2023-11-03 13:57:18.123: Find a better model.
2023-11-03 13:57:30.594: [iter 2 : loss : 0.8659 = 0.4928 + 0.3711 + 0.0001 + 0.0019, time: 12.454870]
2023-11-03 13:57:31.260: epoch 2:	0.01027373  	0.03869100  	0.02550663  
2023-11-03 13:57:31.260: Find a better model.
2023-11-03 13:57:43.772: [iter 3 : loss : 0.8065 = 0.4365 + 0.3680 + 0.0002 + 0.0018, time: 12.489494]
2023-11-03 13:57:44.425: epoch 3:	0.01077198  	0.04100886  	0.02723766  
2023-11-03 13:57:44.426: Find a better model.
2023-11-03 13:57:57.010: [iter 4 : loss : 0.7654 = 0.3974 + 0.3658 + 0.0003 + 0.0018, time: 12.565153]
2023-11-03 13:57:57.680: epoch 4:	0.01140269  	0.04369046  	0.02928427  
2023-11-03 13:57:57.680: Find a better model.
2023-11-03 13:58:10.230: [iter 5 : loss : 0.7327 = 0.3663 + 0.3641 + 0.0004 + 0.0018, time: 12.531631]
2023-11-03 13:58:10.867: epoch 5:	0.01200185  	0.04581263  	0.03090329  
2023-11-03 13:58:10.867: Find a better model.
2023-11-03 13:58:23.167: [iter 6 : loss : 0.7087 = 0.3436 + 0.3628 + 0.0005 + 0.0018, time: 12.283142]
2023-11-03 13:58:23.829: epoch 6:	0.01253164  	0.04811678  	0.03242943  
2023-11-03 13:58:23.829: Find a better model.
2023-11-03 13:58:36.292: [iter 7 : loss : 0.6890 = 0.3250 + 0.3616 + 0.0005 + 0.0018, time: 12.447210]
2023-11-03 13:58:36.942: epoch 7:	0.01279022  	0.04907740  	0.03349196  
2023-11-03 13:58:36.943: Find a better model.
2023-11-03 13:58:49.576: [iter 8 : loss : 0.6727 = 0.3095 + 0.3608 + 0.0006 + 0.0018, time: 12.615015]
2023-11-03 13:58:50.259: epoch 8:	0.01335155  	0.05157645  	0.03501815  
2023-11-03 13:58:50.259: Find a better model.
2023-11-03 13:59:02.439: [iter 9 : loss : 0.6566 = 0.2942 + 0.3599 + 0.0007 + 0.0018, time: 12.161580]
2023-11-03 13:59:03.096: epoch 9:	0.01359122  	0.05235937  	0.03582435  
2023-11-03 13:59:03.096: Find a better model.
2023-11-03 13:59:15.657: [iter 10 : loss : 0.6441 = 0.2824 + 0.3592 + 0.0008 + 0.0018, time: 12.545416]
2023-11-03 13:59:16.292: epoch 10:	0.01384980  	0.05334332  	0.03670238  
2023-11-03 13:59:16.292: Find a better model.
2023-11-03 13:59:28.932: [iter 11 : loss : 0.6321 = 0.2711 + 0.3584 + 0.0008 + 0.0018, time: 12.623291]
2023-11-03 13:59:29.588: epoch 11:	0.01412731  	0.05439594  	0.03723624  
2023-11-03 13:59:29.588: Find a better model.
2023-11-03 13:59:42.241: [iter 12 : loss : 0.6219 = 0.2613 + 0.3579 + 0.0009 + 0.0018, time: 12.637251]
2023-11-03 13:59:42.936: epoch 12:	0.01429128  	0.05506266  	0.03804457  
2023-11-03 13:59:42.936: Find a better model.
2023-11-03 13:59:55.667: [iter 13 : loss : 0.6130 = 0.2529 + 0.3574 + 0.0010 + 0.0018, time: 12.714190]
2023-11-03 13:59:56.304: epoch 13:	0.01469492  	0.05683701  	0.03884741  
2023-11-03 13:59:56.304: Find a better model.
2023-11-03 14:00:09.013: [iter 14 : loss : 0.6038 = 0.2442 + 0.3569 + 0.0010 + 0.0018, time: 12.691446]
2023-11-03 14:00:09.643: epoch 14:	0.01495351  	0.05814943  	0.03968373  
2023-11-03 14:00:09.644: Find a better model.
2023-11-03 14:00:22.102: [iter 15 : loss : 0.5941 = 0.2351 + 0.3561 + 0.0011 + 0.0018, time: 12.441426]
2023-11-03 14:00:22.776: epoch 15:	0.01527517  	0.05930501  	0.04061058  
2023-11-03 14:00:22.776: Find a better model.
2023-11-03 14:00:35.467: [iter 16 : loss : 0.5873 = 0.2286 + 0.3557 + 0.0012 + 0.0018, time: 12.673729]
2023-11-03 14:00:36.148: epoch 16:	0.01538238  	0.05995436  	0.04099019  
2023-11-03 14:00:36.148: Find a better model.
2023-11-03 14:00:48.710: [iter 17 : loss : 0.5805 = 0.2223 + 0.3552 + 0.0012 + 0.0018, time: 12.542774]
2023-11-03 14:00:49.368: epoch 17:	0.01577973  	0.06159293  	0.04232095  
2023-11-03 14:00:49.368: Find a better model.
2023-11-03 14:01:01.902: [iter 18 : loss : 0.5743 = 0.2166 + 0.3546 + 0.0013 + 0.0018, time: 12.517419]
2023-11-03 14:01:02.517: epoch 18:	0.01608246  	0.06295209  	0.04305007  
2023-11-03 14:01:02.517: Find a better model.
2023-11-03 14:01:15.133: [iter 19 : loss : 0.5676 = 0.2102 + 0.3543 + 0.0014 + 0.0018, time: 12.596113]
2023-11-03 14:01:15.820: epoch 19:	0.01639782  	0.06425039  	0.04394333  
2023-11-03 14:01:15.820: Find a better model.
2023-11-03 14:01:28.511: [iter 20 : loss : 0.5614 = 0.2043 + 0.3539 + 0.0014 + 0.0018, time: 12.672686]
2023-11-03 14:01:29.191: epoch 20:	0.01656180  	0.06509802  	0.04458146  
2023-11-03 14:01:29.191: Find a better model.
2023-11-03 14:01:41.781: [iter 21 : loss : 0.5550 = 0.1985 + 0.3533 + 0.0015 + 0.0018, time: 12.568428]
2023-11-03 14:01:42.447: epoch 21:	0.01679516  	0.06609227  	0.04530217  
2023-11-03 14:01:42.447: Find a better model.
2023-11-03 14:01:55.134: [iter 22 : loss : 0.5502 = 0.1940 + 0.3529 + 0.0015 + 0.0018, time: 12.672069]
2023-11-03 14:01:55.797: epoch 22:	0.01705374  	0.06691169  	0.04588542  
2023-11-03 14:01:55.797: Find a better model.
2023-11-03 14:02:08.303: [iter 23 : loss : 0.5456 = 0.1897 + 0.3526 + 0.0016 + 0.0018, time: 12.490124]
2023-11-03 14:02:08.959: epoch 23:	0.01731233  	0.06807672  	0.04665784  
2023-11-03 14:02:08.959: Find a better model.
2023-11-03 14:02:21.514: [iter 24 : loss : 0.5418 = 0.1861 + 0.3523 + 0.0017 + 0.0018, time: 12.538622]
2023-11-03 14:02:22.171: epoch 24:	0.01745739  	0.06885929  	0.04753515  
2023-11-03 14:02:22.171: Find a better model.
2023-11-03 14:02:34.883: [iter 25 : loss : 0.5364 = 0.1810 + 0.3520 + 0.0017 + 0.0017, time: 12.689360]
2023-11-03 14:02:35.542: epoch 25:	0.01785474  	0.07044239  	0.04845811  
2023-11-03 14:02:35.542: Find a better model.
2023-11-03 14:02:48.270: [iter 26 : loss : 0.5310 = 0.1760 + 0.3514 + 0.0018 + 0.0017, time: 12.713095]
2023-11-03 14:02:48.941: epoch 26:	0.01813225  	0.07157319  	0.04929088  
2023-11-03 14:02:48.941: Find a better model.
2023-11-03 14:03:01.448: [iter 27 : loss : 0.5275 = 0.1727 + 0.3512 + 0.0019 + 0.0017, time: 12.491165]
2023-11-03 14:03:02.107: epoch 27:	0.01830884  	0.07230776  	0.04953657  
2023-11-03 14:03:02.107: Find a better model.
2023-11-03 14:03:14.625: [iter 28 : loss : 0.5230 = 0.1688 + 0.3506 + 0.0019 + 0.0017, time: 12.503055]
2023-11-03 14:03:15.319: epoch 28:	0.01848545  	0.07293770  	0.04999605  
2023-11-03 14:03:15.319: Find a better model.
2023-11-03 14:03:27.694: [iter 29 : loss : 0.5190 = 0.1650 + 0.3503 + 0.0020 + 0.0017, time: 12.355675]
2023-11-03 14:03:28.358: epoch 29:	0.01858005  	0.07330035  	0.05022209  
2023-11-03 14:03:28.359: Find a better model.
2023-11-03 14:03:40.894: [iter 30 : loss : 0.5166 = 0.1627 + 0.3501 + 0.0020 + 0.0017, time: 12.511179]
2023-11-03 14:03:41.559: epoch 30:	0.01875665  	0.07420853  	0.05067826  
2023-11-03 14:03:41.559: Find a better model.
2023-11-03 14:03:54.126: [iter 31 : loss : 0.5115 = 0.1580 + 0.3497 + 0.0021 + 0.0017, time: 12.549087]
2023-11-03 14:03:54.792: epoch 31:	0.01896477  	0.07508757  	0.05129709  
2023-11-03 14:03:54.792: Find a better model.
2023-11-03 14:04:07.307: [iter 32 : loss : 0.5100 = 0.1567 + 0.3494 + 0.0022 + 0.0017, time: 12.500020]
2023-11-03 14:04:07.966: epoch 32:	0.01940626  	0.07664295  	0.05211793  
2023-11-03 14:04:07.966: Find a better model.
2023-11-03 14:04:20.676: [iter 33 : loss : 0.5053 = 0.1524 + 0.3490 + 0.0022 + 0.0017, time: 12.695386]
2023-11-03 14:04:21.334: epoch 33:	0.01943149  	0.07682972  	0.05232308  
2023-11-03 14:04:21.334: Find a better model.
2023-11-03 14:04:33.732: [iter 34 : loss : 0.5036 = 0.1509 + 0.3487 + 0.0023 + 0.0017, time: 12.379573]
2023-11-03 14:04:34.395: epoch 34:	0.01958917  	0.07744364  	0.05279640  
2023-11-03 14:04:34.395: Find a better model.
2023-11-03 14:04:46.900: [iter 35 : loss : 0.4993 = 0.1467 + 0.3485 + 0.0023 + 0.0017, time: 12.491560]
2023-11-03 14:04:47.518: epoch 35:	0.01979099  	0.07836804  	0.05346625  
2023-11-03 14:04:47.518: Find a better model.
2023-11-03 14:04:59.951: [iter 36 : loss : 0.4961 = 0.1440 + 0.3480 + 0.0024 + 0.0017, time: 12.414924]
2023-11-03 14:05:00.604: epoch 36:	0.01994867  	0.07886872  	0.05368286  
2023-11-03 14:05:00.604: Find a better model.
2023-11-03 14:05:13.180: [iter 37 : loss : 0.4933 = 0.1414 + 0.3477 + 0.0024 + 0.0017, time: 12.546592]
2023-11-03 14:05:13.852: epoch 37:	0.02011895  	0.07961752  	0.05420242  
2023-11-03 14:05:13.852: Find a better model.
2023-11-03 14:05:26.328: [iter 38 : loss : 0.4915 = 0.1397 + 0.3475 + 0.0025 + 0.0017, time: 12.457859]
2023-11-03 14:05:26.929: epoch 38:	0.02034600  	0.08041888  	0.05469486  
2023-11-03 14:05:26.930: Find a better model.
2023-11-03 14:05:39.566: [iter 39 : loss : 0.4877 = 0.1362 + 0.3472 + 0.0026 + 0.0017, time: 12.619632]
2023-11-03 14:05:40.253: epoch 39:	0.02059828  	0.08172559  	0.05537529  
2023-11-03 14:05:40.253: Find a better model.
2023-11-03 14:05:52.984: [iter 40 : loss : 0.4861 = 0.1350 + 0.3469 + 0.0026 + 0.0017, time: 12.713843]
2023-11-03 14:05:53.674: epoch 40:	0.02064243  	0.08206329  	0.05562366  
2023-11-03 14:05:53.674: Find a better model.
2023-11-03 14:06:06.103: [iter 41 : loss : 0.4833 = 0.1324 + 0.3465 + 0.0027 + 0.0017, time: 12.412626]
2023-11-03 14:06:06.764: epoch 41:	0.02084425  	0.08271079  	0.05613584  
2023-11-03 14:06:06.764: Find a better model.
2023-11-03 14:06:19.251: [iter 42 : loss : 0.4809 = 0.1301 + 0.3464 + 0.0027 + 0.0017, time: 12.472693]
2023-11-03 14:06:19.866: epoch 42:	0.02093885  	0.08311968  	0.05648796  
2023-11-03 14:06:19.866: Find a better model.
2023-11-03 14:06:32.333: [iter 43 : loss : 0.4787 = 0.1281 + 0.3461 + 0.0028 + 0.0017, time: 12.451249]
2023-11-03 14:06:33.000: epoch 43:	0.02103977  	0.08343963  	0.05659991  
2023-11-03 14:06:33.000: Find a better model.
2023-11-03 14:06:45.478: [iter 44 : loss : 0.4770 = 0.1266 + 0.3459 + 0.0028 + 0.0017, time: 12.464796]
2023-11-03 14:06:46.149: epoch 44:	0.02123529  	0.08410905  	0.05721829  
2023-11-03 14:06:46.149: Find a better model.
2023-11-03 14:06:58.667: [iter 45 : loss : 0.4740 = 0.1238 + 0.3456 + 0.0029 + 0.0017, time: 12.498838]
2023-11-03 14:06:59.306: epoch 45:	0.02148126  	0.08496124  	0.05755757  
2023-11-03 14:06:59.306: Find a better model.
2023-11-03 14:07:11.747: [iter 46 : loss : 0.4719 = 0.1219 + 0.3453 + 0.0030 + 0.0017, time: 12.419854]
2023-11-03 14:07:12.400: epoch 46:	0.02152541  	0.08521038  	0.05765556  
2023-11-03 14:07:12.401: Find a better model.
2023-11-03 14:07:24.830: [iter 47 : loss : 0.4707 = 0.1209 + 0.3451 + 0.0030 + 0.0017, time: 12.411396]
2023-11-03 14:07:25.492: epoch 47:	0.02179031  	0.08619498  	0.05819568  
2023-11-03 14:07:25.492: Find a better model.
2023-11-03 14:07:38.017: [iter 48 : loss : 0.4680 = 0.1183 + 0.3449 + 0.0031 + 0.0017, time: 12.508909]
2023-11-03 14:07:38.679: epoch 48:	0.02187860  	0.08670569  	0.05850035  
2023-11-03 14:07:38.679: Find a better model.
2023-11-03 14:07:51.178: [iter 49 : loss : 0.4657 = 0.1163 + 0.3446 + 0.0031 + 0.0017, time: 12.484777]
2023-11-03 14:07:51.834: epoch 49:	0.02191644  	0.08693810  	0.05859951  
2023-11-03 14:07:51.834: Find a better model.
2023-11-03 14:08:04.115: [iter 50 : loss : 0.4633 = 0.1142 + 0.3442 + 0.0032 + 0.0017, time: 12.267520]
2023-11-03 14:08:04.786: epoch 50:	0.02214349  	0.08764315  	0.05920819  
2023-11-03 14:08:04.787: Find a better model.
2023-11-03 14:08:17.185: [iter 51 : loss : 0.4624 = 0.1134 + 0.3440 + 0.0032 + 0.0017, time: 12.375296]
2023-11-03 14:08:17.844: epoch 51:	0.02222548  	0.08813924  	0.05938527  
2023-11-03 14:08:17.844: Find a better model.
2023-11-03 14:08:30.397: [iter 52 : loss : 0.4604 = 0.1117 + 0.3438 + 0.0033 + 0.0017, time: 12.538265]
2023-11-03 14:08:31.062: epoch 52:	0.02224440  	0.08801926  	0.05946076  
2023-11-03 14:08:43.351: [iter 53 : loss : 0.4587 = 0.1100 + 0.3436 + 0.0033 + 0.0017, time: 12.273848]
2023-11-03 14:08:44.000: epoch 53:	0.02254083  	0.08952415  	0.06023420  
2023-11-03 14:08:44.000: Find a better model.
2023-11-03 14:08:56.339: [iter 54 : loss : 0.4569 = 0.1086 + 0.3432 + 0.0034 + 0.0017, time: 12.326404]
2023-11-03 14:08:56.990: epoch 54:	0.02281202  	0.09058001  	0.06073961  
2023-11-03 14:08:56.990: Find a better model.
2023-11-03 14:09:09.314: [iter 55 : loss : 0.4540 = 0.1057 + 0.3431 + 0.0034 + 0.0017, time: 12.305751]
2023-11-03 14:09:09.960: epoch 55:	0.02284987  	0.09077097  	0.06096094  
2023-11-03 14:09:09.960: Find a better model.
2023-11-03 14:09:22.346: [iter 56 : loss : 0.4534 = 0.1052 + 0.3430 + 0.0035 + 0.0017, time: 12.372804]
2023-11-03 14:09:22.985: epoch 56:	0.02300754  	0.09144972  	0.06131504  
2023-11-03 14:09:22.985: Find a better model.
2023-11-03 14:09:35.512: [iter 57 : loss : 0.4523 = 0.1045 + 0.3426 + 0.0036 + 0.0017, time: 12.513071]
2023-11-03 14:09:36.179: epoch 57:	0.02321567  	0.09225393  	0.06181395  
2023-11-03 14:09:36.180: Find a better model.
2023-11-03 14:09:48.836: [iter 58 : loss : 0.4491 = 0.1015 + 0.3423 + 0.0036 + 0.0017, time: 12.638629]
2023-11-03 14:09:49.508: epoch 58:	0.02341750  	0.09323362  	0.06202753  
2023-11-03 14:09:49.508: Find a better model.
2023-11-03 14:10:02.279: [iter 59 : loss : 0.4485 = 0.1010 + 0.3422 + 0.0037 + 0.0017, time: 12.752757]
2023-11-03 14:10:02.932: epoch 59:	0.02356256  	0.09386803  	0.06251714  
2023-11-03 14:10:02.932: Find a better model.
2023-11-03 14:10:15.582: [iter 60 : loss : 0.4476 = 0.1003 + 0.3419 + 0.0037 + 0.0017, time: 12.630786]
2023-11-03 14:10:16.255: epoch 60:	0.02370131  	0.09447899  	0.06300566  
2023-11-03 14:10:16.256: Find a better model.
2023-11-03 14:10:28.781: [iter 61 : loss : 0.4452 = 0.0980 + 0.3418 + 0.0038 + 0.0017, time: 12.509208]
2023-11-03 14:10:29.415: epoch 61:	0.02370131  	0.09435286  	0.06291875  
2023-11-03 14:10:42.153: [iter 62 : loss : 0.4437 = 0.0967 + 0.3415 + 0.0038 + 0.0017, time: 12.722450]
2023-11-03 14:10:42.781: epoch 62:	0.02386530  	0.09526028  	0.06355425  
2023-11-03 14:10:42.781: Find a better model.
2023-11-03 14:10:55.267: [iter 63 : loss : 0.4431 = 0.0963 + 0.3412 + 0.0039 + 0.0017, time: 12.472528]
2023-11-03 14:10:55.923: epoch 63:	0.02395991  	0.09563045  	0.06375275  
2023-11-03 14:10:55.923: Find a better model.
2023-11-03 14:11:08.461: [iter 64 : loss : 0.4410 = 0.0942 + 0.3412 + 0.0039 + 0.0017, time: 12.522675]
2023-11-03 14:11:09.136: epoch 64:	0.02401035  	0.09601709  	0.06401896  
2023-11-03 14:11:09.136: Find a better model.
2023-11-03 14:11:21.742: [iter 65 : loss : 0.4385 = 0.0919 + 0.3410 + 0.0040 + 0.0017, time: 12.586872]
2023-11-03 14:11:22.404: epoch 65:	0.02409235  	0.09637380  	0.06449331  
2023-11-03 14:11:22.404: Find a better model.
2023-11-03 14:11:34.829: [iter 66 : loss : 0.4381 = 0.0917 + 0.3406 + 0.0040 + 0.0017, time: 12.402402]
2023-11-03 14:11:35.499: epoch 66:	0.02440139  	0.09742922  	0.06513481  
2023-11-03 14:11:35.499: Find a better model.
2023-11-03 14:11:48.113: [iter 67 : loss : 0.4377 = 0.0913 + 0.3407 + 0.0041 + 0.0017, time: 12.598268]
2023-11-03 14:11:48.775: epoch 67:	0.02459060  	0.09822379  	0.06553941  
2023-11-03 14:11:48.775: Find a better model.
2023-11-03 14:12:01.462: [iter 68 : loss : 0.4362 = 0.0901 + 0.3403 + 0.0041 + 0.0017, time: 12.668053]
2023-11-03 14:12:02.128: epoch 68:	0.02469151  	0.09829952  	0.06566951  
2023-11-03 14:12:02.128: Find a better model.
2023-11-03 14:12:14.628: [iter 69 : loss : 0.4346 = 0.0886 + 0.3401 + 0.0042 + 0.0017, time: 12.484622]
2023-11-03 14:12:15.288: epoch 69:	0.02477350  	0.09872279  	0.06625988  
2023-11-03 14:12:15.288: Find a better model.
2023-11-03 14:12:27.725: [iter 70 : loss : 0.4340 = 0.0883 + 0.3398 + 0.0042 + 0.0017, time: 12.416594]
2023-11-03 14:12:28.331: epoch 70:	0.02512040  	0.10028198  	0.06676219  
2023-11-03 14:12:28.331: Find a better model.
2023-11-03 14:12:41.016: [iter 71 : loss : 0.4319 = 0.0862 + 0.3397 + 0.0043 + 0.0017, time: 12.668984]
2023-11-03 14:12:41.670: epoch 71:	0.02527177  	0.10089675  	0.06719731  
2023-11-03 14:12:41.671: Find a better model.
2023-11-03 14:12:54.324: [iter 72 : loss : 0.4311 = 0.0855 + 0.3395 + 0.0043 + 0.0017, time: 12.629405]
2023-11-03 14:12:54.974: epoch 72:	0.02542314  	0.10158372  	0.06767014  
2023-11-03 14:12:54.975: Find a better model.
2023-11-03 14:13:07.495: [iter 73 : loss : 0.4295 = 0.0841 + 0.3394 + 0.0044 + 0.0017, time: 12.506528]
2023-11-03 14:13:08.179: epoch 73:	0.02544206  	0.10170261  	0.06775888  
2023-11-03 14:13:08.180: Find a better model.
2023-11-03 14:13:20.913: [iter 74 : loss : 0.4289 = 0.0837 + 0.3390 + 0.0044 + 0.0017, time: 12.713070]
2023-11-03 14:13:21.564: epoch 74:	0.02547360  	0.10213538  	0.06798435  
2023-11-03 14:13:21.565: Find a better model.
2023-11-03 14:13:34.217: [iter 75 : loss : 0.4268 = 0.0818 + 0.3388 + 0.0045 + 0.0017, time: 12.631769]
2023-11-03 14:13:34.852: epoch 75:	0.02548621  	0.10215377  	0.06822555  
2023-11-03 14:13:34.852: Find a better model.
2023-11-03 14:13:47.483: [iter 76 : loss : 0.4275 = 0.0825 + 0.3388 + 0.0045 + 0.0017, time: 12.610813]
2023-11-03 14:13:48.142: epoch 76:	0.02563127  	0.10289877  	0.06845886  
2023-11-03 14:13:48.142: Find a better model.
2023-11-03 14:14:00.621: [iter 77 : loss : 0.4254 = 0.0805 + 0.3386 + 0.0046 + 0.0017, time: 12.464538]
2023-11-03 14:14:01.258: epoch 77:	0.02584571  	0.10366158  	0.06902623  
2023-11-03 14:14:01.258: Find a better model.
2023-11-03 14:14:14.013: [iter 78 : loss : 0.4240 = 0.0794 + 0.3382 + 0.0046 + 0.0017, time: 12.740513]
2023-11-03 14:14:14.677: epoch 78:	0.02600337  	0.10423211  	0.06938835  
2023-11-03 14:14:14.677: Find a better model.
2023-11-03 14:14:27.121: [iter 79 : loss : 0.4238 = 0.0793 + 0.3381 + 0.0047 + 0.0017, time: 12.428281]
2023-11-03 14:14:27.781: epoch 79:	0.02620520  	0.10493870  	0.06972779  
2023-11-03 14:14:27.781: Find a better model.
2023-11-03 14:14:40.437: [iter 80 : loss : 0.4218 = 0.0775 + 0.3378 + 0.0047 + 0.0017, time: 12.642380]
2023-11-03 14:14:41.060: epoch 80:	0.02627458  	0.10534820  	0.06999090  
2023-11-03 14:14:41.060: Find a better model.
2023-11-03 14:14:53.613: [iter 81 : loss : 0.4213 = 0.0772 + 0.3377 + 0.0048 + 0.0017, time: 12.536670]
2023-11-03 14:14:54.282: epoch 81:	0.02642595  	0.10597396  	0.07047077  
2023-11-03 14:14:54.282: Find a better model.
2023-11-03 14:15:06.778: [iter 82 : loss : 0.4212 = 0.0772 + 0.3375 + 0.0048 + 0.0017, time: 12.482344]
2023-11-03 14:15:07.452: epoch 82:	0.02652055  	0.10655581  	0.07076998  
2023-11-03 14:15:07.452: Find a better model.
2023-11-03 14:15:20.198: [iter 83 : loss : 0.4184 = 0.0746 + 0.3373 + 0.0049 + 0.0017, time: 12.726959]
2023-11-03 14:15:20.872: epoch 83:	0.02679807  	0.10766315  	0.07128730  
2023-11-03 14:15:20.873: Find a better model.
2023-11-03 14:15:33.507: [iter 84 : loss : 0.4173 = 0.0737 + 0.3370 + 0.0049 + 0.0017, time: 12.611362]
2023-11-03 14:15:34.143: epoch 84:	0.02700620  	0.10850570  	0.07185335  
2023-11-03 14:15:34.143: Find a better model.
2023-11-03 14:15:46.575: [iter 85 : loss : 0.4168 = 0.0732 + 0.3369 + 0.0050 + 0.0017, time: 12.413758]
2023-11-03 14:15:47.259: epoch 85:	0.02703142  	0.10852338  	0.07194290  
2023-11-03 14:15:47.259: Find a better model.
2023-11-03 14:15:59.971: [iter 86 : loss : 0.4163 = 0.0730 + 0.3366 + 0.0050 + 0.0017, time: 12.692919]
2023-11-03 14:16:00.640: epoch 86:	0.02719540  	0.10939349  	0.07233544  
2023-11-03 14:16:00.640: Find a better model.
2023-11-03 14:16:13.117: [iter 87 : loss : 0.4156 = 0.0722 + 0.3366 + 0.0051 + 0.0017, time: 12.457591]
2023-11-03 14:16:13.753: epoch 87:	0.02737200  	0.11040793  	0.07291288  
2023-11-03 14:16:13.753: Find a better model.
2023-11-03 14:16:26.471: [iter 88 : loss : 0.4147 = 0.0715 + 0.3364 + 0.0051 + 0.0017, time: 12.701712]
2023-11-03 14:16:27.135: epoch 88:	0.02736570  	0.11018810  	0.07309371  
2023-11-03 14:16:39.732: [iter 89 : loss : 0.4136 = 0.0705 + 0.3363 + 0.0052 + 0.0017, time: 12.580305]
2023-11-03 14:16:40.403: epoch 89:	0.02759906  	0.11121619  	0.07348431  
2023-11-03 14:16:40.403: Find a better model.
2023-11-03 14:16:52.825: [iter 90 : loss : 0.4131 = 0.0701 + 0.3361 + 0.0052 + 0.0017, time: 12.403724]
2023-11-03 14:16:53.487: epoch 90:	0.02778196  	0.11207643  	0.07395963  
2023-11-03 14:16:53.487: Find a better model.
2023-11-03 14:17:06.072: [iter 91 : loss : 0.4122 = 0.0694 + 0.3358 + 0.0053 + 0.0017, time: 12.569824]
2023-11-03 14:17:06.734: epoch 91:	0.02768105  	0.11184858  	0.07417550  
2023-11-03 14:17:19.320: [iter 92 : loss : 0.4116 = 0.0692 + 0.3354 + 0.0053 + 0.0017, time: 12.563018]
2023-11-03 14:17:19.972: epoch 92:	0.02777566  	0.11221065  	0.07448524  
2023-11-03 14:17:19.972: Find a better model.
2023-11-03 14:17:32.653: [iter 93 : loss : 0.4102 = 0.0676 + 0.3356 + 0.0054 + 0.0017, time: 12.661147]
2023-11-03 14:17:33.328: epoch 93:	0.02799641  	0.11337402  	0.07501697  
2023-11-03 14:17:33.328: Find a better model.
2023-11-03 14:17:45.874: [iter 94 : loss : 0.4105 = 0.0679 + 0.3355 + 0.0054 + 0.0017, time: 12.529309]
2023-11-03 14:17:46.496: epoch 94:	0.02805316  	0.11352038  	0.07512568  
2023-11-03 14:17:46.496: Find a better model.
2023-11-03 14:17:58.958: [iter 95 : loss : 0.4093 = 0.0669 + 0.3353 + 0.0055 + 0.0017, time: 12.444296]
2023-11-03 14:17:59.588: epoch 95:	0.02820453  	0.11415764  	0.07549480  
2023-11-03 14:17:59.588: Find a better model.
2023-11-03 14:18:12.099: [iter 96 : loss : 0.4082 = 0.0659 + 0.3351 + 0.0055 + 0.0017, time: 12.494031]
2023-11-03 14:18:12.758: epoch 96:	0.02841897  	0.11497337  	0.07565596  
2023-11-03 14:18:12.758: Find a better model.
2023-11-03 14:18:25.469: [iter 97 : loss : 0.4065 = 0.0644 + 0.3349 + 0.0056 + 0.0017, time: 12.693802]
2023-11-03 14:18:26.140: epoch 97:	0.02838743  	0.11486219  	0.07580028  
2023-11-03 14:18:38.593: [iter 98 : loss : 0.4066 = 0.0647 + 0.3347 + 0.0056 + 0.0017, time: 12.433586]
2023-11-03 14:18:39.273: epoch 98:	0.02862079  	0.11574490  	0.07648268  
2023-11-03 14:18:39.274: Find a better model.
2023-11-03 14:18:51.828: [iter 99 : loss : 0.4054 = 0.0635 + 0.3345 + 0.0057 + 0.0017, time: 12.532955]
2023-11-03 14:18:52.488: epoch 99:	0.02872801  	0.11618175  	0.07654250  
2023-11-03 14:18:52.488: Find a better model.
2023-11-03 14:19:05.068: [iter 100 : loss : 0.4052 = 0.0635 + 0.3344 + 0.0057 + 0.0017, time: 12.562865]
2023-11-03 14:19:05.731: epoch 100:	0.02873431  	0.11633354  	0.07676518  
2023-11-03 14:19:05.732: Find a better model.
2023-11-03 14:19:18.370: [iter 101 : loss : 0.4056 = 0.0640 + 0.3342 + 0.0058 + 0.0017, time: 12.619409]
2023-11-03 14:19:19.056: epoch 101:	0.02863339  	0.11583596  	0.07674599  
2023-11-03 14:19:31.807: [iter 102 : loss : 0.4049 = 0.0634 + 0.3340 + 0.0058 + 0.0017, time: 12.734052]
2023-11-03 14:19:32.451: epoch 102:	0.02881631  	0.11702600  	0.07727951  
2023-11-03 14:19:32.451: Find a better model.
2023-11-03 14:19:45.189: [iter 103 : loss : 0.4034 = 0.0620 + 0.3338 + 0.0059 + 0.0017, time: 12.721462]
2023-11-03 14:19:45.853: epoch 103:	0.02904337  	0.11758024  	0.07766305  
2023-11-03 14:19:45.854: Find a better model.
2023-11-03 14:19:58.284: [iter 104 : loss : 0.4021 = 0.0609 + 0.3337 + 0.0059 + 0.0017, time: 12.415367]
2023-11-03 14:19:58.924: epoch 104:	0.02891093  	0.11704085  	0.07754660  
2023-11-03 14:20:11.480: [iter 105 : loss : 0.4013 = 0.0601 + 0.3336 + 0.0059 + 0.0017, time: 12.537955]
2023-11-03 14:20:12.138: epoch 105:	0.02895507  	0.11704583  	0.07774401  
2023-11-03 14:20:24.841: [iter 106 : loss : 0.4020 = 0.0610 + 0.3333 + 0.0060 + 0.0017, time: 12.686942]
2023-11-03 14:20:25.503: epoch 106:	0.02904968  	0.11758602  	0.07791595  
2023-11-03 14:20:25.503: Find a better model.
2023-11-03 14:20:37.989: [iter 107 : loss : 0.4006 = 0.0596 + 0.3333 + 0.0060 + 0.0016, time: 12.469263]
2023-11-03 14:20:38.640: epoch 107:	0.02906859  	0.11800519  	0.07808140  
2023-11-03 14:20:38.640: Find a better model.
2023-11-03 14:20:51.016: [iter 108 : loss : 0.4006 = 0.0598 + 0.3330 + 0.0061 + 0.0016, time: 12.357958]
2023-11-03 14:20:51.688: epoch 108:	0.02913797  	0.11826767  	0.07829017  
2023-11-03 14:20:51.688: Find a better model.
2023-11-03 14:21:04.338: [iter 109 : loss : 0.3986 = 0.0580 + 0.3328 + 0.0061 + 0.0016, time: 12.635211]
2023-11-03 14:21:04.976: epoch 109:	0.02906859  	0.11784376  	0.07831096  
2023-11-03 14:21:17.571: [iter 110 : loss : 0.3987 = 0.0582 + 0.3327 + 0.0062 + 0.0016, time: 12.573733]
2023-11-03 14:21:18.264: epoch 110:	0.02923257  	0.11845831  	0.07870710  
2023-11-03 14:21:18.264: Find a better model.
2023-11-03 14:21:31.002: [iter 111 : loss : 0.3969 = 0.0565 + 0.3325 + 0.0062 + 0.0016, time: 12.718333]
2023-11-03 14:21:31.648: epoch 111:	0.02935241  	0.11934692  	0.07907429  
2023-11-03 14:21:31.648: Find a better model.
2023-11-03 14:21:44.233: [iter 112 : loss : 0.3975 = 0.0573 + 0.3323 + 0.0063 + 0.0016, time: 12.568603]
2023-11-03 14:21:44.899: epoch 112:	0.02935870  	0.11938968  	0.07930980  
2023-11-03 14:21:44.899: Find a better model.
2023-11-03 14:21:57.407: [iter 113 : loss : 0.3958 = 0.0556 + 0.3322 + 0.0063 + 0.0016, time: 12.492067]
2023-11-03 14:21:58.085: epoch 113:	0.02952268  	0.11985065  	0.07964316  
2023-11-03 14:21:58.085: Find a better model.
2023-11-03 14:22:10.613: [iter 114 : loss : 0.3956 = 0.0556 + 0.3319 + 0.0064 + 0.0016, time: 12.508888]
2023-11-03 14:22:11.269: epoch 114:	0.02957314  	0.12012167  	0.07981770  
2023-11-03 14:22:11.269: Find a better model.
2023-11-03 14:22:23.967: [iter 115 : loss : 0.3960 = 0.0560 + 0.3319 + 0.0064 + 0.0016, time: 12.681972]
2023-11-03 14:22:24.650: epoch 115:	0.02952268  	0.11972664  	0.08005264  
2023-11-03 14:22:37.439: [iter 116 : loss : 0.3952 = 0.0556 + 0.3315 + 0.0065 + 0.0016, time: 12.770042]
2023-11-03 14:22:38.120: epoch 116:	0.02963620  	0.12044515  	0.08028159  
2023-11-03 14:22:38.120: Find a better model.
2023-11-03 14:22:50.646: [iter 117 : loss : 0.3944 = 0.0545 + 0.3317 + 0.0065 + 0.0016, time: 12.508549]
2023-11-03 14:22:51.315: epoch 117:	0.02981911  	0.12123128  	0.08081631  
2023-11-03 14:22:51.315: Find a better model.
2023-11-03 14:23:03.545: [iter 118 : loss : 0.3931 = 0.0536 + 0.3314 + 0.0066 + 0.0016, time: 12.213634]
2023-11-03 14:23:04.208: epoch 118:	0.02997679  	0.12198268  	0.08105095  
2023-11-03 14:23:04.208: Find a better model.
2023-11-03 14:23:16.625: [iter 119 : loss : 0.3938 = 0.0541 + 0.3314 + 0.0066 + 0.0016, time: 12.404129]
2023-11-03 14:23:17.271: epoch 119:	0.02981911  	0.12127407  	0.08101869  
2023-11-03 14:23:29.871: [iter 120 : loss : 0.3928 = 0.0535 + 0.3310 + 0.0066 + 0.0016, time: 12.585638]
2023-11-03 14:23:30.531: epoch 120:	0.02987587  	0.12145372  	0.08105121  
2023-11-03 14:23:42.963: [iter 121 : loss : 0.3926 = 0.0534 + 0.3309 + 0.0067 + 0.0016, time: 12.419328]
2023-11-03 14:23:43.564: epoch 121:	0.03017229  	0.12264467  	0.08169351  
2023-11-03 14:23:43.564: Find a better model.
2023-11-03 14:23:56.021: [iter 122 : loss : 0.3918 = 0.0526 + 0.3308 + 0.0067 + 0.0016, time: 12.444345]
2023-11-03 14:23:56.687: epoch 122:	0.02997678  	0.12216653  	0.08168907  
2023-11-03 14:24:09.200: [iter 123 : loss : 0.3912 = 0.0522 + 0.3305 + 0.0068 + 0.0016, time: 12.494907]
2023-11-03 14:24:09.871: epoch 123:	0.03015337  	0.12243874  	0.08186728  
2023-11-03 14:24:22.281: [iter 124 : loss : 0.3908 = 0.0519 + 0.3305 + 0.0068 + 0.0016, time: 12.387286]
2023-11-03 14:24:22.961: epoch 124:	0.03015968  	0.12252364  	0.08219074  
2023-11-03 14:24:35.277: [iter 125 : loss : 0.3912 = 0.0524 + 0.3303 + 0.0069 + 0.0016, time: 12.296111]
2023-11-03 14:24:35.933: epoch 125:	0.03018492  	0.12275594  	0.08227079  
2023-11-03 14:24:35.933: Find a better model.
2023-11-03 14:24:48.431: [iter 126 : loss : 0.3893 = 0.0506 + 0.3302 + 0.0069 + 0.0016, time: 12.484378]
2023-11-03 14:24:49.084: epoch 126:	0.03036150  	0.12325196  	0.08234394  
2023-11-03 14:24:49.084: Find a better model.
2023-11-03 14:25:01.561: [iter 127 : loss : 0.3886 = 0.0500 + 0.3300 + 0.0070 + 0.0016, time: 12.461833]
2023-11-03 14:25:02.228: epoch 127:	0.03031734  	0.12339850  	0.08255173  
2023-11-03 14:25:02.228: Find a better model.
2023-11-03 14:25:15.140: [iter 128 : loss : 0.3895 = 0.0508 + 0.3300 + 0.0070 + 0.0016, time: 12.898213]
2023-11-03 14:25:15.798: epoch 128:	0.03037411  	0.12359617  	0.08284579  
2023-11-03 14:25:15.798: Find a better model.
2023-11-03 14:25:28.632: [iter 129 : loss : 0.3888 = 0.0502 + 0.3299 + 0.0070 + 0.0016, time: 12.819226]
2023-11-03 14:25:29.315: epoch 129:	0.03046872  	0.12362511  	0.08300021  
2023-11-03 14:25:29.315: Find a better model.
2023-11-03 14:25:41.894: [iter 130 : loss : 0.3885 = 0.0500 + 0.3297 + 0.0071 + 0.0016, time: 12.562304]
2023-11-03 14:25:42.532: epoch 130:	0.03051918  	0.12390852  	0.08305447  
2023-11-03 14:25:42.532: Find a better model.
2023-11-03 14:25:54.932: [iter 131 : loss : 0.3864 = 0.0482 + 0.3294 + 0.0071 + 0.0016, time: 12.383681]
2023-11-03 14:25:55.619: epoch 131:	0.03050025  	0.12388293  	0.08316405  
2023-11-03 14:26:08.213: [iter 132 : loss : 0.3878 = 0.0497 + 0.3293 + 0.0072 + 0.0016, time: 12.575215]
2023-11-03 14:26:08.847: epoch 132:	0.03047504  	0.12404004  	0.08322561  
2023-11-03 14:26:08.848: Find a better model.
2023-11-03 14:26:21.536: [iter 133 : loss : 0.3870 = 0.0489 + 0.3293 + 0.0072 + 0.0016, time: 12.671392]
2023-11-03 14:26:22.208: epoch 133:	0.03061379  	0.12463031  	0.08356802  
2023-11-03 14:26:22.209: Find a better model.
2023-11-03 14:26:34.840: [iter 134 : loss : 0.3862 = 0.0483 + 0.3289 + 0.0073 + 0.0016, time: 12.616082]
2023-11-03 14:26:35.516: epoch 134:	0.03068316  	0.12471005  	0.08369269  
2023-11-03 14:26:35.517: Find a better model.
2023-11-03 14:26:48.252: [iter 135 : loss : 0.3859 = 0.0481 + 0.3289 + 0.0073 + 0.0016, time: 12.720069]
2023-11-03 14:26:48.924: epoch 135:	0.03063901  	0.12452056  	0.08388782  
2023-11-03 14:27:01.613: [iter 136 : loss : 0.3844 = 0.0467 + 0.3287 + 0.0074 + 0.0016, time: 12.670152]
2023-11-03 14:27:02.288: epoch 136:	0.03072731  	0.12515791  	0.08413419  
2023-11-03 14:27:02.288: Find a better model.
2023-11-03 14:27:14.751: [iter 137 : loss : 0.3852 = 0.0477 + 0.3286 + 0.0074 + 0.0016, time: 12.447597]
2023-11-03 14:27:15.380: epoch 137:	0.03088499  	0.12562692  	0.08449995  
2023-11-03 14:27:15.380: Find a better model.
2023-11-03 14:27:28.111: [iter 138 : loss : 0.3847 = 0.0470 + 0.3286 + 0.0074 + 0.0016, time: 12.716265]
2023-11-03 14:27:28.780: epoch 138:	0.03103004  	0.12630896  	0.08444267  
2023-11-03 14:27:28.780: Find a better model.
2023-11-03 14:27:41.248: [iter 139 : loss : 0.3842 = 0.0468 + 0.3283 + 0.0075 + 0.0016, time: 12.453105]
2023-11-03 14:27:41.908: epoch 139:	0.03098589  	0.12606505  	0.08474977  
2023-11-03 14:27:54.415: [iter 140 : loss : 0.3842 = 0.0469 + 0.3281 + 0.0075 + 0.0016, time: 12.490680]
2023-11-03 14:27:55.057: epoch 140:	0.03123186  	0.12714022  	0.08516888  
2023-11-03 14:27:55.058: Find a better model.
2023-11-03 14:28:07.754: [iter 141 : loss : 0.3837 = 0.0466 + 0.3280 + 0.0076 + 0.0016, time: 12.680136]
2023-11-03 14:28:08.377: epoch 141:	0.03121924  	0.12718500  	0.08557498  
2023-11-03 14:28:08.378: Find a better model.
2023-11-03 14:28:21.026: [iter 142 : loss : 0.3829 = 0.0456 + 0.3280 + 0.0076 + 0.0016, time: 12.617304]
2023-11-03 14:28:21.634: epoch 142:	0.03132646  	0.12743759  	0.08590499  
2023-11-03 14:28:21.635: Find a better model.
2023-11-03 14:28:34.324: [iter 143 : loss : 0.3833 = 0.0462 + 0.3278 + 0.0077 + 0.0016, time: 12.667250]
2023-11-03 14:28:34.968: epoch 143:	0.03137061  	0.12759791  	0.08589081  
2023-11-03 14:28:34.968: Find a better model.
2023-11-03 14:28:47.357: [iter 144 : loss : 0.3821 = 0.0452 + 0.3276 + 0.0077 + 0.0016, time: 12.372809]
2023-11-03 14:28:48.054: epoch 144:	0.03147152  	0.12777185  	0.08596845  
2023-11-03 14:28:48.054: Find a better model.
2023-11-03 14:29:00.664: [iter 145 : loss : 0.3815 = 0.0448 + 0.3274 + 0.0077 + 0.0016, time: 12.585183]
2023-11-03 14:29:01.322: epoch 145:	0.03158505  	0.12827691  	0.08637267  
2023-11-03 14:29:01.322: Find a better model.
2023-11-03 14:29:13.739: [iter 146 : loss : 0.3818 = 0.0450 + 0.3274 + 0.0078 + 0.0016, time: 12.399015]
2023-11-03 14:29:14.368: epoch 146:	0.03162290  	0.12865412  	0.08652586  
2023-11-03 14:29:14.368: Find a better model.
2023-11-03 14:29:26.382: [iter 147 : loss : 0.3818 = 0.0451 + 0.3273 + 0.0078 + 0.0016, time: 12.000100]
2023-11-03 14:29:26.965: epoch 147:	0.03172380  	0.12909639  	0.08712116  
2023-11-03 14:29:26.965: Find a better model.
2023-11-03 14:29:39.434: [iter 148 : loss : 0.3811 = 0.0446 + 0.3269 + 0.0079 + 0.0016, time: 12.452710]
2023-11-03 14:29:40.112: epoch 148:	0.03162289  	0.12884702  	0.08696921  
2023-11-03 14:29:52.833: [iter 149 : loss : 0.3801 = 0.0437 + 0.3269 + 0.0079 + 0.0016, time: 12.703258]
2023-11-03 14:29:53.496: epoch 149:	0.03178688  	0.12938336  	0.08712665  
2023-11-03 14:29:53.496: Find a better model.
2023-11-03 14:30:06.088: [iter 150 : loss : 0.3808 = 0.0444 + 0.3267 + 0.0080 + 0.0016, time: 12.577102]
2023-11-03 14:30:06.751: epoch 150:	0.03176796  	0.12916027  	0.08713286  
2023-11-03 14:30:19.314: [iter 151 : loss : 0.3798 = 0.0435 + 0.3266 + 0.0080 + 0.0016, time: 12.546000]
2023-11-03 14:30:19.974: epoch 151:	0.03174904  	0.12906563  	0.08730097  
2023-11-03 14:30:32.619: [iter 152 : loss : 0.3794 = 0.0433 + 0.3264 + 0.0080 + 0.0016, time: 12.628659]
2023-11-03 14:30:33.291: epoch 152:	0.03183733  	0.12945892  	0.08742917  
2023-11-03 14:30:33.291: Find a better model.
2023-11-03 14:30:45.959: [iter 153 : loss : 0.3788 = 0.0428 + 0.3263 + 0.0081 + 0.0016, time: 12.650074]
2023-11-03 14:30:46.634: epoch 153:	0.03179319  	0.12948257  	0.08724562  
2023-11-03 14:30:46.634: Find a better model.
2023-11-03 14:30:59.124: [iter 154 : loss : 0.3798 = 0.0438 + 0.3262 + 0.0081 + 0.0016, time: 12.474632]
2023-11-03 14:30:59.790: epoch 154:	0.03189411  	0.13004699  	0.08764468  
2023-11-03 14:30:59.790: Find a better model.
2023-11-03 14:31:12.377: [iter 155 : loss : 0.3780 = 0.0421 + 0.3261 + 0.0082 + 0.0016, time: 12.571270]
2023-11-03 14:31:13.051: epoch 155:	0.03188779  	0.12990816  	0.08753591  
2023-11-03 14:31:25.536: [iter 156 : loss : 0.3775 = 0.0416 + 0.3261 + 0.0082 + 0.0016, time: 12.461748]
2023-11-03 14:31:26.219: epoch 156:	0.03199499  	0.13016148  	0.08769196  
2023-11-03 14:31:26.219: Find a better model.
2023-11-03 14:31:38.654: [iter 157 : loss : 0.3773 = 0.0415 + 0.3259 + 0.0083 + 0.0016, time: 12.418299]
2023-11-03 14:31:39.333: epoch 157:	0.03214006  	0.13049257  	0.08796977  
2023-11-03 14:31:39.333: Find a better model.
2023-11-03 14:31:51.812: [iter 158 : loss : 0.3774 = 0.0417 + 0.3258 + 0.0083 + 0.0016, time: 12.458485]
2023-11-03 14:31:52.485: epoch 158:	0.03207700  	0.13048451  	0.08783730  
2023-11-03 14:32:05.180: [iter 159 : loss : 0.3772 = 0.0416 + 0.3256 + 0.0083 + 0.0016, time: 12.674100]
2023-11-03 14:32:05.844: epoch 159:	0.03211484  	0.13067102  	0.08805673  
2023-11-03 14:32:05.844: Find a better model.
2023-11-03 14:32:18.391: [iter 160 : loss : 0.3762 = 0.0408 + 0.3254 + 0.0084 + 0.0016, time: 12.528414]
2023-11-03 14:32:19.011: epoch 160:	0.03232296  	0.13174930  	0.08856271  
2023-11-03 14:32:19.011: Find a better model.
2023-11-03 14:32:31.459: [iter 161 : loss : 0.3763 = 0.0410 + 0.3254 + 0.0084 + 0.0016, time: 12.434953]
2023-11-03 14:32:32.110: epoch 161:	0.03221575  	0.13143870  	0.08838254  
2023-11-03 14:32:44.698: [iter 162 : loss : 0.3760 = 0.0407 + 0.3252 + 0.0085 + 0.0016, time: 12.573769]
2023-11-03 14:32:45.361: epoch 162:	0.03229143  	0.13178056  	0.08862272  
2023-11-03 14:32:45.361: Find a better model.
2023-11-03 14:32:57.986: [iter 163 : loss : 0.3758 = 0.0405 + 0.3252 + 0.0085 + 0.0016, time: 12.610167]
2023-11-03 14:32:58.615: epoch 163:	0.03237342  	0.13209455  	0.08883630  
2023-11-03 14:32:58.615: Find a better model.
2023-11-03 14:33:11.351: [iter 164 : loss : 0.3757 = 0.0405 + 0.3250 + 0.0085 + 0.0016, time: 12.719056]
2023-11-03 14:33:11.947: epoch 164:	0.03236080  	0.13176917  	0.08878943  
2023-11-03 14:33:24.608: [iter 165 : loss : 0.3750 = 0.0402 + 0.3247 + 0.0086 + 0.0016, time: 12.644164]
2023-11-03 14:33:25.286: epoch 165:	0.03234819  	0.13181542  	0.08909420  
2023-11-03 14:33:37.700: [iter 166 : loss : 0.3748 = 0.0398 + 0.3248 + 0.0086 + 0.0016, time: 12.399375]
2023-11-03 14:33:38.373: epoch 166:	0.03244278  	0.13214263  	0.08928148  
2023-11-03 14:33:38.373: Find a better model.
2023-11-03 14:33:51.095: [iter 167 : loss : 0.3739 = 0.0392 + 0.3244 + 0.0087 + 0.0016, time: 12.707569]
2023-11-03 14:33:51.767: epoch 167:	0.03235450  	0.13159654  	0.08920684  
2023-11-03 14:34:04.503: [iter 168 : loss : 0.3739 = 0.0393 + 0.3242 + 0.0087 + 0.0016, time: 12.717539]
2023-11-03 14:34:05.166: epoch 168:	0.03248693  	0.13213536  	0.08926349  
2023-11-03 14:34:17.712: [iter 169 : loss : 0.3743 = 0.0398 + 0.3242 + 0.0087 + 0.0016, time: 12.528850]
2023-11-03 14:34:18.382: epoch 169:	0.03261307  	0.13288820  	0.08966630  
2023-11-03 14:34:18.382: Find a better model.
2023-11-03 14:34:31.032: [iter 170 : loss : 0.3740 = 0.0393 + 0.3243 + 0.0088 + 0.0016, time: 12.629672]
2023-11-03 14:34:31.651: epoch 170:	0.03261307  	0.13296692  	0.08986149  
2023-11-03 14:34:31.651: Find a better model.
2023-11-03 14:34:44.127: [iter 171 : loss : 0.3733 = 0.0387 + 0.3241 + 0.0088 + 0.0016, time: 12.461052]
2023-11-03 14:34:44.805: epoch 171:	0.03275181  	0.13379072  	0.09022864  
2023-11-03 14:34:44.805: Find a better model.
2023-11-03 14:34:57.321: [iter 172 : loss : 0.3724 = 0.0380 + 0.3239 + 0.0089 + 0.0016, time: 12.496131]
2023-11-03 14:34:58.012: epoch 172:	0.03289054  	0.13424376  	0.09036349  
2023-11-03 14:34:58.013: Find a better model.
2023-11-03 14:35:10.632: [iter 173 : loss : 0.3730 = 0.0388 + 0.3237 + 0.0089 + 0.0016, time: 12.599795]
2023-11-03 14:35:11.315: epoch 173:	0.03286532  	0.13401026  	0.09045651  
2023-11-03 14:35:23.915: [iter 174 : loss : 0.3724 = 0.0382 + 0.3237 + 0.0090 + 0.0016, time: 12.577744]
2023-11-03 14:35:24.567: epoch 174:	0.03292206  	0.13420756  	0.09071879  
2023-11-03 14:35:37.163: [iter 175 : loss : 0.3726 = 0.0385 + 0.3235 + 0.0090 + 0.0016, time: 12.578583]
2023-11-03 14:35:37.804: epoch 175:	0.03292837  	0.13431290  	0.09082438  
2023-11-03 14:35:37.804: Find a better model.
2023-11-03 14:35:50.314: [iter 176 : loss : 0.3721 = 0.0380 + 0.3234 + 0.0090 + 0.0016, time: 12.493652]
2023-11-03 14:35:51.008: epoch 176:	0.03293468  	0.13417220  	0.09060626  
2023-11-03 14:36:03.537: [iter 177 : loss : 0.3718 = 0.0379 + 0.3232 + 0.0091 + 0.0016, time: 12.506134]
2023-11-03 14:36:04.208: epoch 177:	0.03296620  	0.13433880  	0.09094376  
2023-11-03 14:36:04.208: Find a better model.
2023-11-03 14:36:16.953: [iter 178 : loss : 0.3713 = 0.0375 + 0.3231 + 0.0091 + 0.0016, time: 12.729791]
2023-11-03 14:36:17.616: epoch 178:	0.03296620  	0.13407688  	0.09096428  
2023-11-03 14:36:30.134: [iter 179 : loss : 0.3711 = 0.0375 + 0.3229 + 0.0092 + 0.0016, time: 12.499720]
2023-11-03 14:36:30.802: epoch 179:	0.03307973  	0.13451907  	0.09142308  
2023-11-03 14:36:30.803: Find a better model.
2023-11-03 14:36:43.261: [iter 180 : loss : 0.3717 = 0.0380 + 0.3229 + 0.0092 + 0.0016, time: 12.438371]
2023-11-03 14:36:43.948: epoch 180:	0.03315539  	0.13490176  	0.09154952  
2023-11-03 14:36:43.948: Find a better model.
2023-11-03 14:36:56.502: [iter 181 : loss : 0.3718 = 0.0382 + 0.3228 + 0.0092 + 0.0016, time: 12.532293]
2023-11-03 14:36:57.179: epoch 181:	0.03316801  	0.13527815  	0.09167936  
2023-11-03 14:36:57.179: Find a better model.
2023-11-03 14:37:09.899: [iter 182 : loss : 0.3701 = 0.0367 + 0.3225 + 0.0093 + 0.0016, time: 12.699923]
2023-11-03 14:37:10.588: epoch 182:	0.03321215  	0.13540946  	0.09176623  
2023-11-03 14:37:10.589: Find a better model.
2023-11-03 14:37:23.088: [iter 183 : loss : 0.3696 = 0.0362 + 0.3226 + 0.0093 + 0.0016, time: 12.479391]
2023-11-03 14:37:23.736: epoch 183:	0.03344548  	0.13626346  	0.09182897  
2023-11-03 14:37:23.736: Find a better model.
2023-11-03 14:37:36.257: [iter 184 : loss : 0.3698 = 0.0364 + 0.3224 + 0.0094 + 0.0016, time: 12.506812]
2023-11-03 14:37:36.947: epoch 184:	0.03355899  	0.13651556  	0.09185254  
2023-11-03 14:37:36.947: Find a better model.
2023-11-03 14:37:49.436: [iter 185 : loss : 0.3692 = 0.0359 + 0.3223 + 0.0094 + 0.0016, time: 12.468828]
2023-11-03 14:37:50.083: epoch 185:	0.03347701  	0.13616854  	0.09171665  
2023-11-03 14:38:02.603: [iter 186 : loss : 0.3698 = 0.0365 + 0.3222 + 0.0094 + 0.0016, time: 12.499017]
2023-11-03 14:38:03.271: epoch 186:	0.03338242  	0.13576289  	0.09160098  
2023-11-03 14:38:15.953: [iter 187 : loss : 0.3692 = 0.0363 + 0.3219 + 0.0095 + 0.0016, time: 12.661887]
2023-11-03 14:38:16.632: epoch 187:	0.03329412  	0.13543391  	0.09159891  
2023-11-03 14:38:29.137: [iter 188 : loss : 0.3697 = 0.0365 + 0.3221 + 0.0095 + 0.0016, time: 12.485974]
2023-11-03 14:38:29.795: epoch 188:	0.03357161  	0.13646391  	0.09233402  
2023-11-03 14:38:42.373: [iter 189 : loss : 0.3688 = 0.0358 + 0.3219 + 0.0096 + 0.0016, time: 12.561973]
2023-11-03 14:38:43.040: epoch 189:	0.03348963  	0.13608868  	0.09215113  
2023-11-03 14:38:55.598: [iter 190 : loss : 0.3688 = 0.0359 + 0.3217 + 0.0096 + 0.0016, time: 12.541796]
2023-11-03 14:38:56.230: epoch 190:	0.03349593  	0.13613670  	0.09251818  
2023-11-03 14:39:08.850: [iter 191 : loss : 0.3681 = 0.0354 + 0.3215 + 0.0096 + 0.0016, time: 12.605744]
2023-11-03 14:39:09.505: epoch 191:	0.03349592  	0.13612559  	0.09251669  
2023-11-03 14:39:21.914: [iter 192 : loss : 0.3685 = 0.0359 + 0.3214 + 0.0097 + 0.0016, time: 12.393759]
2023-11-03 14:39:22.576: epoch 192:	0.03352115  	0.13641167  	0.09274818  
2023-11-03 14:39:35.232: [iter 193 : loss : 0.3678 = 0.0352 + 0.3214 + 0.0097 + 0.0016, time: 12.635877]
2023-11-03 14:39:35.891: epoch 193:	0.03369773  	0.13715857  	0.09296010  
2023-11-03 14:39:35.891: Find a better model.
2023-11-03 14:39:48.494: [iter 194 : loss : 0.3675 = 0.0349 + 0.3213 + 0.0097 + 0.0016, time: 12.584463]
2023-11-03 14:39:49.163: epoch 194:	0.03364096  	0.13707873  	0.09310950  
2023-11-03 14:40:01.511: [iter 195 : loss : 0.3671 = 0.0346 + 0.3210 + 0.0098 + 0.0016, time: 12.330692]
2023-11-03 14:40:02.190: epoch 195:	0.03381123  	0.13777810  	0.09338035  
2023-11-03 14:40:02.190: Find a better model.
2023-11-03 14:40:14.728: [iter 196 : loss : 0.3677 = 0.0354 + 0.3209 + 0.0098 + 0.0016, time: 12.519002]
2023-11-03 14:40:15.390: epoch 196:	0.03388691  	0.13802175  	0.09360560  
2023-11-03 14:40:15.391: Find a better model.
2023-11-03 14:40:27.804: [iter 197 : loss : 0.3669 = 0.0346 + 0.3208 + 0.0099 + 0.0016, time: 12.398834]
2023-11-03 14:40:28.464: epoch 197:	0.03381752  	0.13770767  	0.09323143  
2023-11-03 14:40:40.961: [iter 198 : loss : 0.3663 = 0.0341 + 0.3207 + 0.0099 + 0.0016, time: 12.482234]
2023-11-03 14:40:41.612: epoch 198:	0.03383645  	0.13784337  	0.09340023  
2023-11-03 14:40:54.322: [iter 199 : loss : 0.3660 = 0.0338 + 0.3206 + 0.0099 + 0.0016, time: 12.692096]
2023-11-03 14:40:54.965: epoch 199:	0.03381752  	0.13771845  	0.09354971  
2023-11-03 14:41:07.376: [iter 200 : loss : 0.3671 = 0.0351 + 0.3204 + 0.0100 + 0.0016, time: 12.394141]
2023-11-03 14:41:08.049: epoch 200:	0.03381753  	0.13798571  	0.09363766  
2023-11-03 14:41:08.050: best_result@epoch 196:

2023-11-03 14:41:08.050: 		0.0339      	0.1380      	0.0936      
