2023-11-02 15:20:13.679: my pid: 33441
2023-11-02 15:20:13.679: model: model.general_recommender.GNNEC
2023-11-02 15:20:13.679: Dataset statistics:
Name: amazon-book
The number of users: 7928
The number of items: 29346
The number of ratings: 460224
Average actions of users: 58.05
Average actions of items: 15.68
The sparsity of the dataset: 99.802186%

The number of training: 417417
The number of validation: 0
The number of testing: 42807
2023-11-02 15:20:13.679: NeuRec:[NeuRec]:
recommender=GNNEC
dataset=amazon-book
file_column=UI
sep=','
gpu_id=0
gpu_mem=0.99
metric=["Precision", "Recall", "NDCG"]
top_k=[20]
test_thread=8
test_batch_size=128
seed=2021
start_testing_epoch=0

GNNEC:[hyperparameters]:
mf_reg=0.02
svd_q=5
aug_type=ND
reg=1e-4
embed_size=64
n_layers=2
ssl_reg=0.02
ssl_ratio=0.5
ssl_temp=0.8
ssl_mode=both_side
lr=1e-3
learner=adam
adj_type=pre
epochs=200
batch_size=2048
num_negatives=1
param_init=xavier_uniform
stddev=0.01
verbose=1
stop_cnt=10
pretrain_flag=0
save_flag=0

Command line:
recommender=GNNEC
dataset=amazon-book
epochs=200
n_layers=2
embed_size=64
batch_size=2048
lr=1e-3
aug_type=ND
reg=1e-4
ssl_reg=0.02
ssl_ratio=0.5
ssl_temp=0.8
mf_reg=0.02
svd_q=5
2023-11-02 15:20:18.220: metrics:	Precision@20	Recall@20   	NDCG@20     
2023-11-02 15:20:31.253: [iter 1 : loss : 1.2992 = 0.6091 + 0.3450 + 0.0000 + 0.3450, time: 13.032169]
2023-11-02 15:20:31.959: epoch 1:	0.01016020  	0.03854476  	0.02554239  
2023-11-02 15:20:31.959: Find a better model.
2023-11-02 15:20:44.364: [iter 2 : loss : 1.0631 = 0.4721 + 0.2948 + 0.0002 + 0.2960, time: 12.388059]
2023-11-02 15:20:45.035: epoch 2:	0.01142791  	0.04386760  	0.02935113  
2023-11-02 15:20:45.035: Find a better model.
2023-11-02 15:20:57.284: [iter 3 : loss : 0.9522 = 0.4078 + 0.2715 + 0.0003 + 0.2726, time: 12.230538]
2023-11-02 15:20:57.978: epoch 3:	0.01204600  	0.04602462  	0.03140375  
2023-11-02 15:20:57.978: Find a better model.
2023-11-02 15:21:10.285: [iter 4 : loss : 0.8811 = 0.3688 + 0.2555 + 0.0004 + 0.2564, time: 12.289031]
2023-11-02 15:21:10.972: epoch 4:	0.01280284  	0.04925828  	0.03350940  
2023-11-02 15:21:10.972: Find a better model.
2023-11-02 15:21:23.445: [iter 5 : loss : 0.8256 = 0.3390 + 0.2426 + 0.0005 + 0.2434, time: 12.453059]
2023-11-02 15:21:24.140: epoch 5:	0.01334524  	0.05174299  	0.03518052  
2023-11-02 15:21:24.140: Find a better model.
2023-11-02 15:21:36.505: [iter 6 : loss : 0.7830 = 0.3179 + 0.2320 + 0.0007 + 0.2325, time: 12.344689]
2023-11-02 15:21:37.188: epoch 6:	0.01378673  	0.05371538  	0.03659791  
2023-11-02 15:21:37.188: Find a better model.
2023-11-02 15:21:49.565: [iter 7 : loss : 0.7465 = 0.3006 + 0.2224 + 0.0008 + 0.2227, time: 12.359598]
2023-11-02 15:21:50.232: epoch 7:	0.01425345  	0.05531368  	0.03787226  
2023-11-02 15:21:50.232: Find a better model.
2023-11-02 15:22:02.662: [iter 8 : loss : 0.7164 = 0.2872 + 0.2143 + 0.0009 + 0.2141, time: 12.415195]
2023-11-02 15:22:03.352: epoch 8:	0.01470755  	0.05726498  	0.03927196  
2023-11-02 15:22:03.352: Find a better model.
2023-11-02 15:22:15.623: [iter 9 : loss : 0.6862 = 0.2727 + 0.2064 + 0.0010 + 0.2061, time: 12.256448]
2023-11-02 15:22:16.317: epoch 9:	0.01504812  	0.05839592  	0.04012422  
2023-11-02 15:22:16.317: Find a better model.
2023-11-02 15:22:28.746: [iter 10 : loss : 0.6615 = 0.2626 + 0.1992 + 0.0011 + 0.1985, time: 12.415973]
2023-11-02 15:22:29.429: epoch 10:	0.01538869  	0.05947334  	0.04099428  
2023-11-02 15:22:29.429: Find a better model.
2023-11-02 15:22:41.799: [iter 11 : loss : 0.6375 = 0.2525 + 0.1923 + 0.0012 + 0.1914, time: 12.357161]
2023-11-02 15:22:42.482: epoch 11:	0.01588064  	0.06171394  	0.04233493  
2023-11-02 15:22:42.483: Find a better model.
2023-11-02 15:22:54.939: [iter 12 : loss : 0.6152 = 0.2433 + 0.1859 + 0.0013 + 0.1847, time: 12.440439]
2023-11-02 15:22:55.608: epoch 12:	0.01621491  	0.06307527  	0.04346668  
2023-11-02 15:22:55.608: Find a better model.
2023-11-02 15:23:08.093: [iter 13 : loss : 0.5962 = 0.2367 + 0.1799 + 0.0015 + 0.1782, time: 12.469423]
2023-11-02 15:23:08.771: epoch 13:	0.01677623  	0.06553292  	0.04496961  
2023-11-02 15:23:08.772: Find a better model.
2023-11-02 15:23:20.889: [iter 14 : loss : 0.5751 = 0.2276 + 0.1737 + 0.0016 + 0.1721, time: 12.105021]
2023-11-02 15:23:21.545: epoch 14:	0.01719250  	0.06728757  	0.04637782  
2023-11-02 15:23:21.545: Find a better model.
2023-11-02 15:23:33.566: [iter 15 : loss : 0.5540 = 0.2188 + 0.1677 + 0.0017 + 0.1658, time: 12.007946]
2023-11-02 15:23:34.268: epoch 15:	0.01754568  	0.06912119  	0.04752170  
2023-11-02 15:23:34.268: Find a better model.
2023-11-02 15:23:46.824: [iter 16 : loss : 0.5375 = 0.2140 + 0.1619 + 0.0018 + 0.1598, time: 12.540297]
2023-11-02 15:23:47.497: epoch 16:	0.01791781  	0.07055835  	0.04864203  
2023-11-02 15:23:47.497: Find a better model.
2023-11-02 15:23:59.876: [iter 17 : loss : 0.5209 = 0.2092 + 0.1560 + 0.0020 + 0.1538, time: 12.366338]
2023-11-02 15:24:00.573: epoch 17:	0.01840976  	0.07252586  	0.04989472  
2023-11-02 15:24:00.573: Find a better model.
2023-11-02 15:24:12.836: [iter 18 : loss : 0.5057 = 0.2051 + 0.1505 + 0.0021 + 0.1480, time: 12.242811]
2023-11-02 15:24:13.525: epoch 18:	0.01863050  	0.07368774  	0.05070044  
2023-11-02 15:24:13.525: Find a better model.
2023-11-02 15:24:26.014: [iter 19 : loss : 0.4900 = 0.2001 + 0.1452 + 0.0022 + 0.1425, time: 12.473401]
2023-11-02 15:24:26.711: epoch 19:	0.01893955  	0.07493505  	0.05153554  
2023-11-02 15:24:26.711: Find a better model.
2023-11-02 15:24:39.091: [iter 20 : loss : 0.4737 = 0.1946 + 0.1398 + 0.0024 + 0.1370, time: 12.365855]
2023-11-02 15:24:39.755: epoch 20:	0.01919182  	0.07603876  	0.05230321  
2023-11-02 15:24:39.755: Find a better model.
2023-11-02 15:24:52.020: [iter 21 : loss : 0.4584 = 0.1899 + 0.1345 + 0.0025 + 0.1315, time: 12.248684]
2023-11-02 15:24:52.716: epoch 21:	0.01941257  	0.07687712  	0.05289101  
2023-11-02 15:24:52.716: Find a better model.
2023-11-02 15:25:05.250: [iter 22 : loss : 0.4451 = 0.1873 + 0.1291 + 0.0026 + 0.1260, time: 12.518025]
2023-11-02 15:25:05.915: epoch 22:	0.01980360  	0.07826887  	0.05392911  
2023-11-02 15:25:05.915: Find a better model.
2023-11-02 15:25:18.313: [iter 23 : loss : 0.4323 = 0.1844 + 0.1242 + 0.0028 + 0.1210, time: 12.383152]
2023-11-02 15:25:18.980: epoch 23:	0.02012526  	0.07965247  	0.05472863  
2023-11-02 15:25:18.980: Find a better model.
2023-11-02 15:25:31.300: [iter 24 : loss : 0.4201 = 0.1822 + 0.1193 + 0.0029 + 0.1157, time: 12.302209]
2023-11-02 15:25:31.959: epoch 24:	0.02051630  	0.08123653  	0.05572597  
2023-11-02 15:25:31.960: Find a better model.
2023-11-02 15:25:44.400: [iter 25 : loss : 0.4076 = 0.1792 + 0.1145 + 0.0031 + 0.1108, time: 12.428086]
2023-11-02 15:25:45.087: epoch 25:	0.02090102  	0.08283345  	0.05678793  
2023-11-02 15:25:45.087: Find a better model.
2023-11-02 15:25:57.544: [iter 26 : loss : 0.3927 = 0.1743 + 0.1094 + 0.0032 + 0.1058, time: 12.440305]
2023-11-02 15:25:58.242: epoch 26:	0.02100194  	0.08369167  	0.05751350  
2023-11-02 15:25:58.242: Find a better model.
2023-11-02 15:26:10.608: [iter 27 : loss : 0.3819 = 0.1729 + 0.1049 + 0.0033 + 0.1008, time: 12.351866]
2023-11-02 15:26:11.300: epoch 27:	0.02118484  	0.08409142  	0.05781362  
2023-11-02 15:26:11.301: Find a better model.
2023-11-02 15:26:23.776: [iter 28 : loss : 0.3687 = 0.1696 + 0.0997 + 0.0035 + 0.0959, time: 12.458027]
2023-11-02 15:26:24.429: epoch 28:	0.02148757  	0.08540892  	0.05874671  
2023-11-02 15:26:24.429: Find a better model.
2023-11-02 15:26:36.594: [iter 29 : loss : 0.3572 = 0.1674 + 0.0951 + 0.0036 + 0.0911, time: 12.150087]
2023-11-02 15:26:37.295: epoch 29:	0.02175876  	0.08639421  	0.05927849  
2023-11-02 15:26:37.295: Find a better model.
2023-11-02 15:26:49.626: [iter 30 : loss : 0.3479 = 0.1675 + 0.0904 + 0.0038 + 0.0862, time: 12.316667]
2023-11-02 15:26:50.283: epoch 30:	0.02197951  	0.08714199  	0.05985449  
2023-11-02 15:26:50.283: Find a better model.
2023-11-02 15:27:02.479: [iter 31 : loss : 0.3347 = 0.1631 + 0.0860 + 0.0039 + 0.0817, time: 12.181256]
2023-11-02 15:27:03.162: epoch 31:	0.02221917  	0.08807503  	0.06054172  
2023-11-02 15:27:03.162: Find a better model.
2023-11-02 15:27:15.496: [iter 32 : loss : 0.3270 = 0.1646 + 0.0813 + 0.0041 + 0.0770, time: 12.320628]
2023-11-02 15:27:16.191: epoch 32:	0.02240207  	0.08896453  	0.06115829  
2023-11-02 15:27:16.191: Find a better model.
2023-11-02 15:27:28.600: [iter 33 : loss : 0.3148 = 0.1613 + 0.0768 + 0.0042 + 0.0725, time: 12.391703]
2023-11-02 15:27:29.261: epoch 33:	0.02261020  	0.08974661  	0.06164238  
2023-11-02 15:27:29.261: Find a better model.
2023-11-02 15:27:41.736: [iter 34 : loss : 0.3059 = 0.1614 + 0.0723 + 0.0044 + 0.0678, time: 12.458719]
2023-11-02 15:27:42.436: epoch 34:	0.02278680  	0.09060672  	0.06218723  
2023-11-02 15:27:42.436: Find a better model.
2023-11-02 15:27:54.720: [iter 35 : loss : 0.2941 = 0.1580 + 0.0680 + 0.0046 + 0.0635, time: 12.266664]
2023-11-02 15:27:55.457: epoch 35:	0.02315261  	0.09189049  	0.06295677  
2023-11-02 15:27:55.457: Find a better model.
2023-11-02 15:28:07.747: [iter 36 : loss : 0.2838 = 0.1563 + 0.0638 + 0.0047 + 0.0591, time: 12.271433]
2023-11-02 15:28:08.437: epoch 36:	0.02326613  	0.09238460  	0.06356003  
2023-11-02 15:28:08.437: Find a better model.
2023-11-02 15:28:21.095: [iter 37 : loss : 0.2751 = 0.1560 + 0.0596 + 0.0049 + 0.0547, time: 12.644736]
2023-11-02 15:28:21.809: epoch 37:	0.02343011  	0.09307571  	0.06405171  
2023-11-02 15:28:21.809: Find a better model.
2023-11-02 15:28:34.408: [iter 38 : loss : 0.2666 = 0.1557 + 0.0554 + 0.0050 + 0.0504, time: 12.584371]
2023-11-02 15:28:35.103: epoch 38:	0.02358778  	0.09355127  	0.06461988  
2023-11-02 15:28:35.103: Find a better model.
2023-11-02 15:28:47.704: [iter 39 : loss : 0.2538 = 0.1514 + 0.0511 + 0.0052 + 0.0461, time: 12.586069]
2023-11-02 15:28:48.407: epoch 39:	0.02375807  	0.09413932  	0.06503297  
2023-11-02 15:28:48.407: Find a better model.
2023-11-02 15:29:00.821: [iter 40 : loss : 0.2474 = 0.1537 + 0.0467 + 0.0054 + 0.0416, time: 12.394788]
2023-11-02 15:29:01.488: epoch 40:	0.02394728  	0.09481789  	0.06561805  
2023-11-02 15:29:01.489: Find a better model.
2023-11-02 15:29:14.055: [iter 41 : loss : 0.2365 = 0.1508 + 0.0426 + 0.0055 + 0.0375, time: 12.553867]
2023-11-02 15:29:14.741: epoch 41:	0.02414910  	0.09556556  	0.06601451  
2023-11-02 15:29:14.741: Find a better model.
2023-11-02 15:29:27.309: [iter 42 : loss : 0.2272 = 0.1494 + 0.0388 + 0.0057 + 0.0334, time: 12.550732]
2023-11-02 15:29:27.994: epoch 42:	0.02426893  	0.09595397  	0.06647518  
2023-11-02 15:29:27.994: Find a better model.
2023-11-02 15:29:40.421: [iter 43 : loss : 0.2194 = 0.1501 + 0.0343 + 0.0058 + 0.0291, time: 12.408812]
2023-11-02 15:29:41.114: epoch 43:	0.02435723  	0.09642564  	0.06699631  
2023-11-02 15:29:41.114: Find a better model.
2023-11-02 15:29:53.490: [iter 44 : loss : 0.2114 = 0.1499 + 0.0305 + 0.0060 + 0.0250, time: 12.359396]
2023-11-02 15:29:54.175: epoch 44:	0.02459690  	0.09748520  	0.06760909  
2023-11-02 15:29:54.175: Find a better model.
2023-11-02 15:30:06.703: [iter 45 : loss : 0.2013 = 0.1476 + 0.0266 + 0.0062 + 0.0210, time: 12.513364]
2023-11-02 15:30:07.401: epoch 45:	0.02482396  	0.09835117  	0.06810899  
2023-11-02 15:30:07.401: Find a better model.
2023-11-02 15:30:19.831: [iter 46 : loss : 0.1936 = 0.1482 + 0.0224 + 0.0064 + 0.0168, time: 12.417810]
2023-11-02 15:30:20.508: epoch 46:	0.02508885  	0.09949742  	0.06869008  
2023-11-02 15:30:20.508: Find a better model.
2023-11-02 15:30:32.964: [iter 47 : loss : 0.1861 = 0.1481 + 0.0186 + 0.0065 + 0.0129, time: 12.439942]
2023-11-02 15:30:33.647: epoch 47:	0.02513300  	0.09958936  	0.06896064  
2023-11-02 15:30:33.648: Find a better model.
2023-11-02 15:30:46.072: [iter 48 : loss : 0.1773 = 0.1470 + 0.0147 + 0.0067 + 0.0089, time: 12.409407]
2023-11-02 15:30:46.769: epoch 48:	0.02527807  	0.10022415  	0.06932943  
2023-11-02 15:30:46.769: Find a better model.
2023-11-02 15:30:59.327: [iter 49 : loss : 0.1669 = 0.1437 + 0.0111 + 0.0069 + 0.0052, time: 12.538997]
2023-11-02 15:31:00.042: epoch 49:	0.02540420  	0.10062899  	0.06973704  
2023-11-02 15:31:00.042: Find a better model.
2023-11-02 15:31:12.506: [iter 50 : loss : 0.1583 = 0.1436 + 0.0067 + 0.0070 + 0.0010, time: 12.446219]
2023-11-02 15:31:13.196: epoch 50:	0.02547988  	0.10103364  	0.07000262  
2023-11-02 15:31:13.197: Find a better model.
2023-11-02 15:31:25.399: [iter 51 : loss : 0.1538 = 0.1464 + 0.0031 + 0.0072 + -0.0029, time: 12.175072]
2023-11-02 15:31:26.106: epoch 51:	0.02570694  	0.10209209  	0.07059758  
2023-11-02 15:31:26.106: Find a better model.
2023-11-02 15:31:38.575: [iter 52 : loss : 0.1450 = 0.1449 + -0.0006 + 0.0074 + -0.0066, time: 12.452353]
2023-11-02 15:31:39.225: epoch 52:	0.02582046  	0.10247565  	0.07091694  
2023-11-02 15:31:39.225: Find a better model.
2023-11-02 15:31:51.563: [iter 53 : loss : 0.1364 = 0.1436 + -0.0043 + 0.0076 + -0.0105, time: 12.323803]
2023-11-02 15:31:52.198: epoch 53:	0.02604120  	0.10352731  	0.07150827  
2023-11-02 15:31:52.198: Find a better model.
2023-11-02 15:32:04.648: [iter 54 : loss : 0.1288 = 0.1436 + -0.0083 + 0.0077 + -0.0143, time: 12.431118]
2023-11-02 15:32:05.339: epoch 54:	0.02618626  	0.10407529  	0.07190625  
2023-11-02 15:32:05.340: Find a better model.
2023-11-02 15:32:17.816: [iter 55 : loss : 0.1191 = 0.1412 + -0.0117 + 0.0079 + -0.0182, time: 12.454847]
2023-11-02 15:32:18.472: epoch 55:	0.02628717  	0.10470888  	0.07229003  
2023-11-02 15:32:18.473: Find a better model.
2023-11-02 15:32:30.970: [iter 56 : loss : 0.1137 = 0.1432 + -0.0156 + 0.0081 + -0.0220, time: 12.480351]
2023-11-02 15:32:31.619: epoch 56:	0.02645746  	0.10542601  	0.07279082  
2023-11-02 15:32:31.619: Find a better model.
2023-11-02 15:32:43.928: [iter 57 : loss : 0.1063 = 0.1429 + -0.0192 + 0.0083 + -0.0256, time: 12.293947]
2023-11-02 15:32:44.600: epoch 57:	0.02657730  	0.10579467  	0.07316818  
2023-11-02 15:32:44.600: Find a better model.
2023-11-02 15:32:57.116: [iter 58 : loss : 0.0967 = 0.1409 + -0.0231 + 0.0085 + -0.0295, time: 12.498161]
2023-11-02 15:32:57.822: epoch 58:	0.02662145  	0.10615013  	0.07336674  
2023-11-02 15:32:57.822: Find a better model.
2023-11-02 15:33:10.376: [iter 59 : loss : 0.0909 = 0.1421 + -0.0268 + 0.0087 + -0.0330, time: 12.533347]
2023-11-02 15:33:11.032: epoch 59:	0.02677913  	0.10662714  	0.07366195  
2023-11-02 15:33:11.038: Find a better model.
2023-11-02 15:33:23.451: [iter 60 : loss : 0.0860 = 0.1439 + -0.0301 + 0.0088 + -0.0367, time: 12.398161]
2023-11-02 15:33:24.062: epoch 60:	0.02693680  	0.10708266  	0.07394083  
2023-11-02 15:33:24.062: Find a better model.
2023-11-02 15:33:36.418: [iter 61 : loss : 0.0763 = 0.1416 + -0.0338 + 0.0090 + -0.0405, time: 12.339859]
2023-11-02 15:33:37.093: epoch 61:	0.02705663  	0.10755692  	0.07440239  
2023-11-02 15:33:37.093: Find a better model.
2023-11-02 15:33:49.626: [iter 62 : loss : 0.0682 = 0.1402 + -0.0372 + 0.0092 + -0.0440, time: 12.515910]
2023-11-02 15:33:50.306: epoch 62:	0.02716385  	0.10793830  	0.07468202  
2023-11-02 15:33:50.306: Find a better model.
2023-11-02 15:34:02.738: [iter 63 : loss : 0.0641 = 0.1429 + -0.0408 + 0.0094 + -0.0473, time: 12.412416]
2023-11-02 15:34:03.448: epoch 63:	0.02727738  	0.10847650  	0.07502750  
2023-11-02 15:34:03.448: Find a better model.
2023-11-02 15:34:15.920: [iter 64 : loss : 0.0538 = 0.1394 + -0.0441 + 0.0096 + -0.0510, time: 12.455760]
2023-11-02 15:34:16.614: epoch 64:	0.02745398  	0.10923701  	0.07548741  
2023-11-02 15:34:16.614: Find a better model.
2023-11-02 15:34:29.227: [iter 65 : loss : 0.0452 = 0.1376 + -0.0476 + 0.0098 + -0.0546, time: 12.599067]
2023-11-02 15:34:29.915: epoch 65:	0.02754859  	0.10965818  	0.07570294  
2023-11-02 15:34:29.915: Find a better model.
2023-11-02 15:34:42.284: [iter 66 : loss : 0.0399 = 0.1389 + -0.0510 + 0.0099 + -0.0580, time: 12.354702]
2023-11-02 15:34:42.963: epoch 66:	0.02758643  	0.10983633  	0.07588659  
2023-11-02 15:34:42.963: Find a better model.
2023-11-02 15:34:55.534: [iter 67 : loss : 0.0356 = 0.1412 + -0.0543 + 0.0101 + -0.0615, time: 12.551060]
2023-11-02 15:34:56.252: epoch 67:	0.02761796  	0.11007238  	0.07619232  
2023-11-02 15:34:56.252: Find a better model.
2023-11-02 15:35:08.915: [iter 68 : loss : 0.0289 = 0.1416 + -0.0580 + 0.0103 + -0.0650, time: 12.645494]
2023-11-02 15:35:09.600: epoch 68:	0.02776933  	0.11095112  	0.07686323  
2023-11-02 15:35:09.600: Find a better model.
2023-11-02 15:35:21.923: [iter 69 : loss : 0.0221 = 0.1406 + -0.0609 + 0.0105 + -0.0681, time: 12.308476]
2023-11-02 15:35:22.599: epoch 69:	0.02793960  	0.11152561  	0.07723799  
2023-11-02 15:35:22.599: Find a better model.
2023-11-02 15:35:34.968: [iter 70 : loss : 0.0187 = 0.1441 + -0.0645 + 0.0107 + -0.0716, time: 12.354220]
2023-11-02 15:35:35.663: epoch 70:	0.02805943  	0.11197995  	0.07755737  
2023-11-02 15:35:35.663: Find a better model.
2023-11-02 15:35:48.241: [iter 71 : loss : 0.0088 = 0.1405 + -0.0676 + 0.0109 + -0.0750, time: 12.565768]
2023-11-02 15:35:48.951: epoch 71:	0.02811619  	0.11223040  	0.07775711  
2023-11-02 15:35:48.951: Find a better model.
2023-11-02 15:36:01.521: [iter 72 : loss : 0.0021 = 0.1403 + -0.0710 + 0.0111 + -0.0783, time: 12.547056]
2023-11-02 15:36:02.235: epoch 72:	0.02817926  	0.11263878  	0.07801087  
2023-11-02 15:36:02.235: Find a better model.
2023-11-02 15:36:14.592: [iter 73 : loss : -0.0040 = 0.1401 + -0.0739 + 0.0113 + -0.0815, time: 12.335487]
2023-11-02 15:36:15.301: epoch 73:	0.02824864  	0.11266509  	0.07816954  
2023-11-02 15:36:15.301: Find a better model.
2023-11-02 15:36:27.871: [iter 74 : loss : -0.0111 = 0.1393 + -0.0772 + 0.0115 + -0.0846, time: 12.547773]
2023-11-02 15:36:28.537: epoch 74:	0.02836217  	0.11317419  	0.07852934  
2023-11-02 15:36:28.537: Find a better model.
2023-11-02 15:36:40.973: [iter 75 : loss : -0.0198 = 0.1370 + -0.0804 + 0.0117 + -0.0880, time: 12.421817]
2023-11-02 15:36:41.663: epoch 75:	0.02837479  	0.11343805  	0.07867377  
2023-11-02 15:36:41.663: Find a better model.
2023-11-02 15:36:54.076: [iter 76 : loss : -0.0192 = 0.1440 + -0.0837 + 0.0119 + -0.0913, time: 12.398246]
2023-11-02 15:36:54.744: epoch 76:	0.02854508  	0.11402956  	0.07913420  
2023-11-02 15:36:54.744: Find a better model.
2023-11-02 15:37:07.221: [iter 77 : loss : -0.0297 = 0.1393 + -0.0867 + 0.0120 + -0.0944, time: 12.459388]
2023-11-02 15:37:07.909: epoch 77:	0.02846308  	0.11400895  	0.07913186  
2023-11-02 15:37:20.390: [iter 78 : loss : -0.0347 = 0.1403 + -0.0898 + 0.0122 + -0.0974, time: 12.465255]
2023-11-02 15:37:21.024: epoch 78:	0.02856400  	0.11428415  	0.07949060  
2023-11-02 15:37:21.024: Find a better model.
2023-11-02 15:37:33.351: [iter 79 : loss : -0.0411 = 0.1400 + -0.0928 + 0.0124 + -0.1007, time: 12.308205]
2023-11-02 15:37:34.026: epoch 79:	0.02867752  	0.11464215  	0.07968566  
2023-11-02 15:37:34.027: Find a better model.
2023-11-02 15:37:46.640: [iter 80 : loss : -0.0482 = 0.1388 + -0.0959 + 0.0126 + -0.1037, time: 12.597199]
2023-11-02 15:37:47.308: epoch 80:	0.02875320  	0.11500328  	0.07990031  
2023-11-02 15:37:47.308: Find a better model.
2023-11-02 15:37:59.688: [iter 81 : loss : -0.0517 = 0.1414 + -0.0990 + 0.0128 + -0.1068, time: 12.365424]
2023-11-02 15:38:00.362: epoch 81:	0.02887304  	0.11546449  	0.08023766  
2023-11-02 15:38:00.362: Find a better model.
2023-11-02 15:38:12.761: [iter 82 : loss : -0.0562 = 0.1425 + -0.1019 + 0.0130 + -0.1097, time: 12.379746]
2023-11-02 15:38:13.417: epoch 82:	0.02896134  	0.11581805  	0.08047980  
2023-11-02 15:38:13.417: Find a better model.
2023-11-02 15:38:25.921: [iter 83 : loss : -0.0660 = 0.1381 + -0.1047 + 0.0132 + -0.1126, time: 12.487784]
2023-11-02 15:38:26.634: epoch 83:	0.02904964  	0.11645479  	0.08074955  
2023-11-02 15:38:26.634: Find a better model.
2023-11-02 15:38:39.172: [iter 84 : loss : -0.0711 = 0.1393 + -0.1080 + 0.0134 + -0.1159, time: 12.519218]
2023-11-02 15:38:39.811: epoch 84:	0.02910639  	0.11649675  	0.08094463  
2023-11-02 15:38:39.811: Find a better model.
2023-11-02 15:38:52.136: [iter 85 : loss : -0.0772 = 0.1390 + -0.1109 + 0.0136 + -0.1189, time: 12.309900]
2023-11-02 15:38:52.811: epoch 85:	0.02915685  	0.11672831  	0.08115031  
2023-11-02 15:38:52.811: Find a better model.
2023-11-02 15:39:05.282: [iter 86 : loss : -0.0815 = 0.1403 + -0.1139 + 0.0138 + -0.1218, time: 12.453555]
2023-11-02 15:39:05.962: epoch 86:	0.02930821  	0.11724939  	0.08149617  
2023-11-02 15:39:05.962: Find a better model.
2023-11-02 15:39:18.355: [iter 87 : loss : -0.0858 = 0.1419 + -0.1167 + 0.0140 + -0.1249, time: 12.372551]
2023-11-02 15:39:19.041: epoch 87:	0.02937128  	0.11761101  	0.08169865  
2023-11-02 15:39:19.041: Find a better model.
2023-11-02 15:39:31.593: [iter 88 : loss : -0.0903 = 0.1428 + -0.1196 + 0.0142 + -0.1277, time: 12.535015]
2023-11-02 15:39:32.271: epoch 88:	0.02939651  	0.11775602  	0.08188451  
2023-11-02 15:39:32.271: Find a better model.
2023-11-02 15:39:44.717: [iter 89 : loss : -0.0960 = 0.1424 + -0.1222 + 0.0144 + -0.1306, time: 12.428108]
2023-11-02 15:39:45.389: epoch 89:	0.02948481  	0.11809558  	0.08210949  
2023-11-02 15:39:45.389: Find a better model.
2023-11-02 15:39:57.698: [iter 90 : loss : -0.1030 = 0.1408 + -0.1250 + 0.0146 + -0.1334, time: 12.289878]
2023-11-02 15:39:58.385: epoch 90:	0.02963618  	0.11873120  	0.08245127  
2023-11-02 15:39:58.385: Find a better model.
2023-11-02 15:40:10.805: [iter 91 : loss : -0.1070 = 0.1422 + -0.1278 + 0.0148 + -0.1362, time: 12.405781]
2023-11-02 15:40:11.493: epoch 91:	0.02967403  	0.11880986  	0.08257054  
2023-11-02 15:40:11.493: Find a better model.
2023-11-02 15:40:23.904: [iter 92 : loss : -0.1098 = 0.1454 + -0.1310 + 0.0150 + -0.1392, time: 12.394880]
2023-11-02 15:40:24.552: epoch 92:	0.02978124  	0.11950627  	0.08289301  
2023-11-02 15:40:24.552: Find a better model.
2023-11-02 15:40:36.985: [iter 93 : loss : -0.1185 = 0.1410 + -0.1330 + 0.0152 + -0.1417, time: 12.413759]
2023-11-02 15:40:37.678: epoch 93:	0.02979387  	0.11953529  	0.08284454  
2023-11-02 15:40:37.679: Find a better model.
2023-11-02 15:40:50.166: [iter 94 : loss : -0.1220 = 0.1430 + -0.1358 + 0.0154 + -0.1445, time: 12.470423]
2023-11-02 15:40:50.825: epoch 94:	0.02990738  	0.11974980  	0.08303597  
2023-11-02 15:40:50.826: Find a better model.
2023-11-02 15:41:03.238: [iter 95 : loss : -0.1256 = 0.1448 + -0.1387 + 0.0156 + -0.1473, time: 12.389387]
2023-11-02 15:41:03.905: epoch 95:	0.02999568  	0.12031098  	0.08336226  
2023-11-02 15:41:03.905: Find a better model.
2023-11-02 15:41:16.418: [iter 96 : loss : -0.1324 = 0.1431 + -0.1411 + 0.0158 + -0.1501, time: 12.497364]
2023-11-02 15:41:17.094: epoch 96:	0.03007136  	0.12077285  	0.08351743  
2023-11-02 15:41:17.094: Find a better model.
2023-11-02 15:41:29.702: [iter 97 : loss : -0.1420 = 0.1381 + -0.1436 + 0.0160 + -0.1525, time: 12.586437]
2023-11-02 15:41:30.367: epoch 97:	0.03013443  	0.12111337  	0.08367860  
2023-11-02 15:41:30.367: Find a better model.
2023-11-02 15:41:42.719: [iter 98 : loss : -0.1434 = 0.1428 + -0.1468 + 0.0162 + -0.1555, time: 12.335851]
2023-11-02 15:41:43.425: epoch 98:	0.03023534  	0.12141345  	0.08401945  
2023-11-02 15:41:43.425: Find a better model.
2023-11-02 15:41:55.840: [iter 99 : loss : -0.1502 = 0.1405 + -0.1491 + 0.0164 + -0.1580, time: 12.398186]
2023-11-02 15:41:56.527: epoch 99:	0.03031733  	0.12162185  	0.08421784  
2023-11-02 15:41:56.527: Find a better model.
2023-11-02 15:42:09.041: [iter 100 : loss : -0.1557 = 0.1401 + -0.1517 + 0.0166 + -0.1607, time: 12.501980]
2023-11-02 15:42:09.717: epoch 100:	0.03044348  	0.12205626  	0.08455731  
2023-11-02 15:42:09.717: Find a better model.
2023-11-02 15:42:22.251: [iter 101 : loss : -0.1545 = 0.1466 + -0.1544 + 0.0168 + -0.1634, time: 12.517350]
2023-11-02 15:42:22.965: epoch 101:	0.03053809  	0.12252723  	0.08476990  
2023-11-02 15:42:22.965: Find a better model.
2023-11-02 15:42:35.503: [iter 102 : loss : -0.1579 = 0.1481 + -0.1570 + 0.0170 + -0.1660, time: 12.519626]
2023-11-02 15:42:36.217: epoch 102:	0.03057593  	0.12271850  	0.08495437  
2023-11-02 15:42:36.217: Find a better model.
2023-11-02 15:42:48.812: [iter 103 : loss : -0.1644 = 0.1464 + -0.1594 + 0.0171 + -0.1684, time: 12.576878]
2023-11-02 15:42:49.517: epoch 103:	0.03065792  	0.12311474  	0.08514065  
2023-11-02 15:42:49.517: Find a better model.
2023-11-02 15:43:01.901: [iter 104 : loss : -0.1723 = 0.1432 + -0.1618 + 0.0173 + -0.1711, time: 12.364438]
2023-11-02 15:43:02.583: epoch 104:	0.03073991  	0.12328655  	0.08536195  
2023-11-02 15:43:02.583: Find a better model.
2023-11-02 15:43:14.989: [iter 105 : loss : -0.1785 = 0.1418 + -0.1642 + 0.0175 + -0.1736, time: 12.387614]
2023-11-02 15:43:15.697: epoch 105:	0.03076514  	0.12343693  	0.08557096  
2023-11-02 15:43:15.697: Find a better model.
2023-11-02 15:43:28.336: [iter 106 : loss : -0.1783 = 0.1469 + -0.1668 + 0.0177 + -0.1761, time: 12.622260]
2023-11-02 15:43:29.062: epoch 106:	0.03078405  	0.12330037  	0.08558319  
2023-11-02 15:43:41.628: [iter 107 : loss : -0.1850 = 0.1445 + -0.1690 + 0.0179 + -0.1784, time: 12.549795]
2023-11-02 15:43:42.323: epoch 107:	0.03088496  	0.12398180  	0.08586593  
2023-11-02 15:43:42.323: Find a better model.
2023-11-02 15:43:54.857: [iter 108 : loss : -0.1879 = 0.1463 + -0.1715 + 0.0181 + -0.1809, time: 12.518021]
2023-11-02 15:43:55.576: epoch 108:	0.03097326  	0.12417950  	0.08603484  
2023-11-02 15:43:55.576: Find a better model.
2023-11-02 15:44:08.042: [iter 109 : loss : -0.1986 = 0.1405 + -0.1740 + 0.0183 + -0.1834, time: 12.448984]
2023-11-02 15:44:08.742: epoch 109:	0.03104264  	0.12450876  	0.08622956  
2023-11-02 15:44:08.743: Find a better model.
2023-11-02 15:44:21.329: [iter 110 : loss : -0.1971 = 0.1465 + -0.1764 + 0.0185 + -0.1858, time: 12.567867]
2023-11-02 15:44:22.034: epoch 110:	0.03109940  	0.12472269  	0.08626268  
2023-11-02 15:44:22.034: Find a better model.
2023-11-02 15:44:34.511: [iter 111 : loss : -0.2084 = 0.1402 + -0.1789 + 0.0187 + -0.1884, time: 12.452849]
2023-11-02 15:44:35.186: epoch 111:	0.03112463  	0.12486131  	0.08647364  
2023-11-02 15:44:35.186: Find a better model.
2023-11-02 15:44:47.666: [iter 112 : loss : -0.2031 = 0.1496 + -0.1811 + 0.0189 + -0.1906, time: 12.456947]
2023-11-02 15:44:48.353: epoch 112:	0.03120032  	0.12523302  	0.08679267  
2023-11-02 15:44:48.353: Find a better model.
2023-11-02 15:45:00.823: [iter 113 : loss : -0.2153 = 0.1415 + -0.1831 + 0.0191 + -0.1929, time: 12.456500]
2023-11-02 15:45:01.516: epoch 113:	0.03128231  	0.12564789  	0.08696054  
2023-11-02 15:45:01.517: Find a better model.
2023-11-02 15:45:14.004: [iter 114 : loss : -0.2184 = 0.1438 + -0.1860 + 0.0193 + -0.1955, time: 12.470689]
2023-11-02 15:45:14.726: epoch 114:	0.03124447  	0.12548110  	0.08703358  
2023-11-02 15:45:27.288: [iter 115 : loss : -0.2178 = 0.1488 + -0.1882 + 0.0195 + -0.1979, time: 12.540819]
2023-11-02 15:45:27.977: epoch 115:	0.03135169  	0.12583150  	0.08726230  
2023-11-02 15:45:27.978: Find a better model.
2023-11-02 15:45:40.563: [iter 116 : loss : -0.2239 = 0.1475 + -0.1908 + 0.0197 + -0.2002, time: 12.566449]
2023-11-02 15:45:41.267: epoch 116:	0.03133276  	0.12575695  	0.08736646  
2023-11-02 15:45:53.880: [iter 117 : loss : -0.2283 = 0.1468 + -0.1925 + 0.0199 + -0.2025, time: 12.593526]
2023-11-02 15:45:54.555: epoch 117:	0.03133275  	0.12572388  	0.08740103  
2023-11-02 15:46:06.966: [iter 118 : loss : -0.2374 = 0.1418 + -0.1947 + 0.0201 + -0.2047, time: 12.392943]
2023-11-02 15:46:07.666: epoch 118:	0.03137690  	0.12594685  	0.08749247  
2023-11-02 15:46:07.666: Find a better model.
2023-11-02 15:46:20.226: [iter 119 : loss : -0.2355 = 0.1484 + -0.1971 + 0.0203 + -0.2071, time: 12.547299]
2023-11-02 15:46:20.931: epoch 119:	0.03147781  	0.12632416  	0.08775395  
2023-11-02 15:46:20.932: Find a better model.
2023-11-02 15:46:33.590: [iter 120 : loss : -0.2405 = 0.1475 + -0.1994 + 0.0205 + -0.2091, time: 12.643935]
2023-11-02 15:46:34.281: epoch 120:	0.03152827  	0.12668465  	0.08798133  
2023-11-02 15:46:34.281: Find a better model.
2023-11-02 15:46:46.791: [iter 121 : loss : -0.2423 = 0.1502 + -0.2016 + 0.0207 + -0.2117, time: 12.494075]
2023-11-02 15:46:47.473: epoch 121:	0.03149043  	0.12630747  	0.08788787  
2023-11-02 15:46:59.904: [iter 122 : loss : -0.2479 = 0.1487 + -0.2037 + 0.0209 + -0.2138, time: 12.412490]
2023-11-02 15:47:00.596: epoch 122:	0.03160395  	0.12673873  	0.08805764  
2023-11-02 15:47:00.596: Find a better model.
2023-11-02 15:47:13.089: [iter 123 : loss : -0.2525 = 0.1484 + -0.2059 + 0.0211 + -0.2160, time: 12.473938]
2023-11-02 15:47:13.762: epoch 123:	0.03164180  	0.12694000  	0.08817909  
2023-11-02 15:47:13.762: Find a better model.
2023-11-02 15:47:26.183: [iter 124 : loss : -0.2558 = 0.1493 + -0.2081 + 0.0213 + -0.2183, time: 12.400059]
2023-11-02 15:47:26.899: epoch 124:	0.03168595  	0.12707664  	0.08832887  
2023-11-02 15:47:26.900: Find a better model.
2023-11-02 15:47:39.329: [iter 125 : loss : -0.2555 = 0.1537 + -0.2103 + 0.0215 + -0.2204, time: 12.409209]
2023-11-02 15:47:40.021: epoch 125:	0.03155981  	0.12675057  	0.08801898  
2023-11-02 15:47:52.659: [iter 126 : loss : -0.2644 = 0.1485 + -0.2122 + 0.0217 + -0.2225, time: 12.620538]
2023-11-02 15:47:53.334: epoch 126:	0.03174271  	0.12753847  	0.08847166  
2023-11-02 15:47:53.334: Find a better model.
2023-11-02 15:48:05.885: [iter 127 : loss : -0.2706 = 0.1466 + -0.2144 + 0.0219 + -0.2246, time: 12.529559]
2023-11-02 15:48:06.568: epoch 127:	0.03180578  	0.12781836  	0.08869341  
2023-11-02 15:48:06.568: Find a better model.
2023-11-02 15:48:19.177: [iter 128 : loss : -0.2707 = 0.1501 + -0.2162 + 0.0221 + -0.2267, time: 12.594499]
2023-11-02 15:48:19.890: epoch 128:	0.03173640  	0.12747400  	0.08850082  
2023-11-02 15:48:32.442: [iter 129 : loss : -0.2748 = 0.1503 + -0.2185 + 0.0223 + -0.2290, time: 12.533141]
2023-11-02 15:48:33.127: epoch 129:	0.03177425  	0.12760621  	0.08858851  
2023-11-02 15:48:45.630: [iter 130 : loss : -0.2793 = 0.1497 + -0.2204 + 0.0225 + -0.2310, time: 12.485073]
2023-11-02 15:48:46.361: epoch 130:	0.03186254  	0.12801732  	0.08891432  
2023-11-02 15:48:46.362: Find a better model.
2023-11-02 15:48:58.842: [iter 131 : loss : -0.2872 = 0.1461 + -0.2228 + 0.0227 + -0.2332, time: 12.465125]
2023-11-02 15:48:59.543: epoch 131:	0.03190037  	0.12815341  	0.08907139  
2023-11-02 15:48:59.544: Find a better model.
2023-11-02 15:49:12.044: [iter 132 : loss : -0.2829 = 0.1537 + -0.2244 + 0.0229 + -0.2351, time: 12.484866]
2023-11-02 15:49:12.753: epoch 132:	0.03207067  	0.12896235  	0.08940195  
2023-11-02 15:49:12.753: Find a better model.
2023-11-02 15:49:25.124: [iter 133 : loss : -0.2886 = 0.1520 + -0.2265 + 0.0231 + -0.2372, time: 12.354866]
2023-11-02 15:49:25.765: epoch 133:	0.03197606  	0.12866446  	0.08930971  
2023-11-02 15:49:38.097: [iter 134 : loss : -0.2930 = 0.1519 + -0.2288 + 0.0233 + -0.2393, time: 12.312364]
2023-11-02 15:49:38.775: epoch 134:	0.03206437  	0.12904908  	0.08959886  
2023-11-02 15:49:38.775: Find a better model.
2023-11-02 15:49:51.345: [iter 135 : loss : -0.2978 = 0.1508 + -0.2307 + 0.0234 + -0.2413, time: 12.554784]
2023-11-02 15:49:52.033: epoch 135:	0.03207698  	0.12903288  	0.08971802  
2023-11-02 15:50:04.426: [iter 136 : loss : -0.3053 = 0.1475 + -0.2329 + 0.0236 + -0.2435, time: 12.374744]
2023-11-02 15:50:05.096: epoch 136:	0.03216527  	0.12943430  	0.08990214  
2023-11-02 15:50:05.096: Find a better model.
2023-11-02 15:50:17.411: [iter 137 : loss : -0.3038 = 0.1528 + -0.2349 + 0.0238 + -0.2456, time: 12.299813]
2023-11-02 15:50:18.114: epoch 137:	0.03221573  	0.12970270  	0.09005260  
2023-11-02 15:50:18.115: Find a better model.
2023-11-02 15:50:30.666: [iter 138 : loss : -0.3083 = 0.1512 + -0.2363 + 0.0240 + -0.2472, time: 12.534805]
2023-11-02 15:50:31.338: epoch 138:	0.03231034  	0.12987308  	0.09032004  
2023-11-02 15:50:31.338: Find a better model.
2023-11-02 15:50:43.695: [iter 139 : loss : -0.3122 = 0.1522 + -0.2390 + 0.0242 + -0.2496, time: 12.342320]
2023-11-02 15:50:44.390: epoch 139:	0.03224096  	0.12963033  	0.09029549  
2023-11-02 15:50:56.795: [iter 140 : loss : -0.3111 = 0.1568 + -0.2408 + 0.0244 + -0.2515, time: 12.388547]
2023-11-02 15:50:57.471: epoch 140:	0.03232927  	0.12999974  	0.09045522  
2023-11-02 15:50:57.471: Find a better model.
2023-11-02 15:51:10.004: [iter 141 : loss : -0.3175 = 0.1537 + -0.2426 + 0.0246 + -0.2532, time: 12.519879]
2023-11-02 15:51:10.626: epoch 141:	0.03231035  	0.13001165  	0.09056598  
2023-11-02 15:51:10.626: Find a better model.
2023-11-02 15:51:23.068: [iter 142 : loss : -0.3198 = 0.1546 + -0.2441 + 0.0248 + -0.2552, time: 12.425453]
2023-11-02 15:51:23.774: epoch 142:	0.03233558  	0.13032347  	0.09054307  
2023-11-02 15:51:23.775: Find a better model.
2023-11-02 15:51:36.335: [iter 143 : loss : -0.3204 = 0.1579 + -0.2462 + 0.0250 + -0.2571, time: 12.541976]
2023-11-02 15:51:37.005: epoch 143:	0.03240494  	0.13070892  	0.09076697  
2023-11-02 15:51:37.005: Find a better model.
2023-11-02 15:51:49.339: [iter 144 : loss : -0.3273 = 0.1545 + -0.2480 + 0.0252 + -0.2591, time: 12.312002]
2023-11-02 15:51:50.000: epoch 144:	0.03253737  	0.13110483  	0.09096592  
2023-11-02 15:51:50.000: Find a better model.
2023-11-02 15:52:02.469: [iter 145 : loss : -0.3355 = 0.1500 + -0.2499 + 0.0254 + -0.2610, time: 12.455712]
2023-11-02 15:52:03.128: epoch 145:	0.03249953  	0.13096727  	0.09102216  
2023-11-02 15:52:15.467: [iter 146 : loss : -0.3316 = 0.1576 + -0.2518 + 0.0256 + -0.2630, time: 12.324587]
2023-11-02 15:52:16.175: epoch 146:	0.03248691  	0.13101347  	0.09106615  
2023-11-02 15:52:28.716: [iter 147 : loss : -0.3342 = 0.1581 + -0.2535 + 0.0258 + -0.2646, time: 12.522112]
2023-11-02 15:52:29.397: epoch 147:	0.03241755  	0.13063882  	0.09093733  
2023-11-02 15:52:41.696: [iter 148 : loss : -0.3405 = 0.1556 + -0.2555 + 0.0260 + -0.2666, time: 12.282377]
2023-11-02 15:52:42.360: epoch 148:	0.03248061  	0.13092819  	0.09123173  
2023-11-02 15:52:54.824: [iter 149 : loss : -0.3440 = 0.1555 + -0.2573 + 0.0262 + -0.2684, time: 12.449928]
2023-11-02 15:52:55.525: epoch 149:	0.03251844  	0.13115616  	0.09124859  
2023-11-02 15:52:55.526: Find a better model.
2023-11-02 15:53:08.119: [iter 150 : loss : -0.3414 = 0.1617 + -0.2591 + 0.0264 + -0.2703, time: 12.579012]
2023-11-02 15:53:08.807: epoch 150:	0.03260042  	0.13154657  	0.09148040  
2023-11-02 15:53:08.807: Find a better model.
2023-11-02 15:53:21.198: [iter 151 : loss : -0.3508 = 0.1554 + -0.2608 + 0.0265 + -0.2719, time: 12.376587]
2023-11-02 15:53:21.853: epoch 151:	0.03265088  	0.13173622  	0.09157043  
2023-11-02 15:53:21.853: Find a better model.
2023-11-02 15:53:34.321: [iter 152 : loss : -0.3504 = 0.1591 + -0.2625 + 0.0267 + -0.2738, time: 12.453609]
2023-11-02 15:53:35.019: epoch 152:	0.03267610  	0.13182542  	0.09150507  
2023-11-02 15:53:35.019: Find a better model.
2023-11-02 15:53:47.582: [iter 153 : loss : -0.3565 = 0.1565 + -0.2643 + 0.0269 + -0.2756, time: 12.543303]
2023-11-02 15:53:48.293: epoch 153:	0.03263826  	0.13180816  	0.09154875  
2023-11-02 15:54:00.642: [iter 154 : loss : -0.3552 = 0.1613 + -0.2662 + 0.0271 + -0.2774, time: 12.334665]
2023-11-02 15:54:01.308: epoch 154:	0.03265088  	0.13186534  	0.09161676  
2023-11-02 15:54:01.308: Find a better model.
2023-11-02 15:54:13.801: [iter 155 : loss : -0.3665 = 0.1533 + -0.2678 + 0.0273 + -0.2793, time: 12.479901]
2023-11-02 15:54:14.500: epoch 155:	0.03268242  	0.13193619  	0.09174654  
2023-11-02 15:54:14.500: Find a better model.
2023-11-02 15:54:26.807: [iter 156 : loss : -0.3665 = 0.1566 + -0.2695 + 0.0275 + -0.2811, time: 12.292530]
2023-11-02 15:54:27.513: epoch 156:	0.03268242  	0.13195491  	0.09169658  
2023-11-02 15:54:27.513: Find a better model.
2023-11-02 15:54:40.018: [iter 157 : loss : -0.3725 = 0.1540 + -0.2713 + 0.0277 + -0.2830, time: 12.486644]
2023-11-02 15:54:40.678: epoch 157:	0.03271395  	0.13194680  	0.09172737  
2023-11-02 15:54:53.065: [iter 158 : loss : -0.3704 = 0.1589 + -0.2728 + 0.0279 + -0.2845, time: 12.367662]
2023-11-02 15:54:53.721: epoch 158:	0.03278963  	0.13224539  	0.09188112  
2023-11-02 15:54:53.721: Find a better model.
2023-11-02 15:55:06.128: [iter 159 : loss : -0.3770 = 0.1563 + -0.2748 + 0.0281 + -0.2865, time: 12.389946]
2023-11-02 15:55:06.777: epoch 159:	0.03278333  	0.13224673  	0.09192985  
2023-11-02 15:55:06.783: Find a better model.
2023-11-02 15:55:19.190: [iter 160 : loss : -0.3806 = 0.1558 + -0.2766 + 0.0283 + -0.2881, time: 12.391793]
2023-11-02 15:55:19.889: epoch 160:	0.03275179  	0.13207644  	0.09192063  
2023-11-02 15:55:32.280: [iter 161 : loss : -0.3797 = 0.1598 + -0.2781 + 0.0285 + -0.2898, time: 12.378535]
2023-11-02 15:55:32.980: epoch 161:	0.03289684  	0.13272011  	0.09218583  
2023-11-02 15:55:32.981: Find a better model.
2023-11-02 15:55:45.417: [iter 162 : loss : -0.3828 = 0.1603 + -0.2800 + 0.0287 + -0.2917, time: 12.418791]
2023-11-02 15:55:46.140: epoch 162:	0.03294727  	0.13296956  	0.09238131  
2023-11-02 15:55:46.141: Find a better model.
2023-11-02 15:55:58.596: [iter 163 : loss : -0.3863 = 0.1595 + -0.2813 + 0.0288 + -0.2933, time: 12.436435]
2023-11-02 15:55:59.242: epoch 163:	0.03304187  	0.13337311  	0.09259482  
2023-11-02 15:55:59.243: Find a better model.
2023-11-02 15:56:11.748: [iter 164 : loss : -0.3880 = 0.1613 + -0.2833 + 0.0291 + -0.2951, time: 12.486553]
2023-11-02 15:56:12.435: epoch 164:	0.03300403  	0.13321897  	0.09247426  
2023-11-02 15:56:25.020: [iter 165 : loss : -0.3917 = 0.1611 + -0.2852 + 0.0292 + -0.2967, time: 12.565312]
2023-11-02 15:56:25.707: epoch 165:	0.03295359  	0.13309972  	0.09246758  
2023-11-02 15:56:37.995: [iter 166 : loss : -0.3956 = 0.1602 + -0.2867 + 0.0294 + -0.2987, time: 12.270329]
2023-11-02 15:56:38.701: epoch 166:	0.03300404  	0.13305572  	0.09258434  
2023-11-02 15:56:51.352: [iter 167 : loss : -0.4013 = 0.1578 + -0.2885 + 0.0296 + -0.3003, time: 12.634471]
2023-11-02 15:56:52.049: epoch 167:	0.03304818  	0.13331988  	0.09280259  
2023-11-02 15:57:04.621: [iter 168 : loss : -0.4020 = 0.1606 + -0.2904 + 0.0298 + -0.3021, time: 12.555453]
2023-11-02 15:57:05.321: epoch 168:	0.03309231  	0.13338226  	0.09294616  
2023-11-02 15:57:05.321: Find a better model.
2023-11-02 15:57:17.846: [iter 169 : loss : -0.4005 = 0.1647 + -0.2917 + 0.0300 + -0.3035, time: 12.509696]
2023-11-02 15:57:18.546: epoch 169:	0.03306709  	0.13324060  	0.09288939  
2023-11-02 15:57:31.125: [iter 170 : loss : -0.4066 = 0.1614 + -0.2930 + 0.0302 + -0.3052, time: 12.561847]
2023-11-02 15:57:31.871: epoch 170:	0.03308602  	0.13346320  	0.09292091  
2023-11-02 15:57:31.871: Find a better model.
2023-11-02 15:57:44.274: [iter 171 : loss : -0.4116 = 0.1599 + -0.2950 + 0.0304 + -0.3070, time: 12.384090]
2023-11-02 15:57:45.003: epoch 171:	0.03312385  	0.13377237  	0.09316605  
2023-11-02 15:57:45.004: Find a better model.
2023-11-02 15:57:57.356: [iter 172 : loss : -0.4179 = 0.1569 + -0.2967 + 0.0306 + -0.3087, time: 12.333947]
2023-11-02 15:57:58.071: epoch 172:	0.03313647  	0.13370988  	0.09328914  
2023-11-02 15:58:10.579: [iter 173 : loss : -0.4152 = 0.1623 + -0.2981 + 0.0308 + -0.3102, time: 12.485055]
2023-11-02 15:58:11.225: epoch 173:	0.03314277  	0.13373937  	0.09334971  
2023-11-02 15:58:23.597: [iter 174 : loss : -0.4193 = 0.1616 + -0.2999 + 0.0310 + -0.3119, time: 12.353883]
2023-11-02 15:58:24.269: epoch 174:	0.03327521  	0.13415846  	0.09354479  
2023-11-02 15:58:24.269: Find a better model.
2023-11-02 15:58:36.705: [iter 175 : loss : -0.4194 = 0.1641 + -0.3013 + 0.0312 + -0.3134, time: 12.419113]
2023-11-02 15:58:37.402: epoch 175:	0.03326260  	0.13421197  	0.09351640  
2023-11-02 15:58:37.402: Find a better model.
2023-11-02 15:58:49.848: [iter 176 : loss : -0.4245 = 0.1619 + -0.3028 + 0.0313 + -0.3149, time: 12.427621]
2023-11-02 15:58:50.536: epoch 176:	0.03332566  	0.13445775  	0.09373309  
2023-11-02 15:58:50.536: Find a better model.
2023-11-02 15:59:02.988: [iter 177 : loss : -0.4250 = 0.1650 + -0.3047 + 0.0315 + -0.3168, time: 12.431542]
2023-11-02 15:59:03.703: epoch 177:	0.03342026  	0.13488100  	0.09386106  
2023-11-02 15:59:03.703: Find a better model.
2023-11-02 15:59:16.268: [iter 178 : loss : -0.4278 = 0.1652 + -0.3063 + 0.0317 + -0.3185, time: 12.549053]
2023-11-02 15:59:16.961: epoch 178:	0.03336981  	0.13468713  	0.09377138  
2023-11-02 15:59:29.322: [iter 179 : loss : -0.4317 = 0.1644 + -0.3080 + 0.0319 + -0.3201, time: 12.345833]
2023-11-02 15:59:30.022: epoch 179:	0.03343287  	0.13480994  	0.09392779  
2023-11-02 15:59:42.331: [iter 180 : loss : -0.4305 = 0.1678 + -0.3091 + 0.0321 + -0.3213, time: 12.290148]
2023-11-02 15:59:42.996: epoch 180:	0.03347071  	0.13505469  	0.09396148  
2023-11-02 15:59:42.996: Find a better model.
2023-11-02 15:59:55.366: [iter 181 : loss : -0.4300 = 0.1717 + -0.3108 + 0.0323 + -0.3232, time: 12.349598]
2023-11-02 15:59:56.021: epoch 181:	0.03356530  	0.13534866  	0.09411687  
2023-11-02 15:59:56.021: Find a better model.
2023-11-02 16:00:08.483: [iter 182 : loss : -0.4405 = 0.1641 + -0.3125 + 0.0325 + -0.3245, time: 12.444146]
2023-11-02 16:00:09.173: epoch 182:	0.03360944  	0.13539954  	0.09416761  
2023-11-02 16:00:09.173: Find a better model.
2023-11-02 16:00:21.483: [iter 183 : loss : -0.4449 = 0.1621 + -0.3135 + 0.0327 + -0.3261, time: 12.287644]
2023-11-02 16:00:22.159: epoch 183:	0.03363466  	0.13544452  	0.09422203  
2023-11-02 16:00:22.159: Find a better model.
2023-11-02 16:00:34.696: [iter 184 : loss : -0.4457 = 0.1644 + -0.3153 + 0.0329 + -0.3277, time: 12.524279]
2023-11-02 16:00:35.383: epoch 184:	0.03372294  	0.13572969  	0.09439950  
2023-11-02 16:00:35.384: Find a better model.
2023-11-02 16:00:47.844: [iter 185 : loss : -0.4502 = 0.1625 + -0.3167 + 0.0331 + -0.3291, time: 12.442951]
2023-11-02 16:00:48.563: epoch 185:	0.03366619  	0.13561691  	0.09441771  
2023-11-02 16:01:00.956: [iter 186 : loss : -0.4492 = 0.1664 + -0.3182 + 0.0332 + -0.3307, time: 12.375654]
2023-11-02 16:01:01.654: epoch 186:	0.03371663  	0.13580070  	0.09453890  
2023-11-02 16:01:01.655: Find a better model.
2023-11-02 16:01:14.211: [iter 187 : loss : -0.4529 = 0.1660 + -0.3200 + 0.0334 + -0.3324, time: 12.537918]
2023-11-02 16:01:14.880: epoch 187:	0.03367880  	0.13587764  	0.09454369  
2023-11-02 16:01:14.880: Find a better model.
2023-11-02 16:01:27.257: [iter 188 : loss : -0.4492 = 0.1717 + -0.3208 + 0.0336 + -0.3336, time: 12.356119]
2023-11-02 16:01:27.966: epoch 188:	0.03374186  	0.13612060  	0.09490460  
2023-11-02 16:01:27.966: Find a better model.
2023-11-02 16:01:40.713: [iter 189 : loss : -0.4606 = 0.1638 + -0.3228 + 0.0338 + -0.3353, time: 12.730579]
2023-11-02 16:01:41.337: epoch 189:	0.03371664  	0.13616937  	0.09495061  
2023-11-02 16:01:41.337: Find a better model.
2023-11-02 16:01:53.909: [iter 190 : loss : -0.4550 = 0.1716 + -0.3239 + 0.0340 + -0.3367, time: 12.548862]
2023-11-02 16:01:54.558: epoch 190:	0.03371035  	0.13590544  	0.09493585  
2023-11-02 16:02:07.249: [iter 191 : loss : -0.4601 = 0.1699 + -0.3258 + 0.0342 + -0.3383, time: 12.673089]
2023-11-02 16:02:07.964: epoch 191:	0.03376079  	0.13613074  	0.09506883  
