2023-05-03 16:52:20.984: my pid: 14328
2023-05-03 16:52:20.985: model: model.general_recommender.GNNEC
2023-05-03 16:52:20.985: Dataset statistics:
Name: amazon-book
The number of users: 7928
The number of items: 29346
The number of ratings: 460224
Average actions of users: 58.05
Average actions of items: 15.68
The sparsity of the dataset: 99.802186%

The number of training: 417417
The number of validation: 0
The number of testing: 42807
2023-05-03 16:52:20.985: NeuRec:[NeuRec]:
recommender=GNNEC
dataset=amazon-book
file_column=UI
sep=','
gpu_id=0
gpu_mem=0.99
metric=["Precision", "Recall", "NDCG"]
top_k=[20]
test_thread=8
test_batch_size=128
seed=2021
start_testing_epoch=0

GNNEC:[hyperparameters]:
mf_reg=1e-4
svd_q=5
aug_type=ND
reg=1e-4
embed_size=64
n_layers=2
ssl_reg=0.02
ssl_ratio=0.5
ssl_temp=0.8
ssl_mode=both_side
lr=1e-3
learner=adam
adj_type=pre
epochs=200
batch_size=2048
num_negatives=1
param_init=xavier_uniform
stddev=0.01
verbose=1
stop_cnt=10
pretrain_flag=0
save_flag=1

Command line:
recommender=GNNEC
save_flag=1
pretrain_flag=0
dataset=amazon-book
epochs=200
n_layers=2
embed_size=64
batch_size=2048
lr=1e-3
aug_type=ND
reg=1e-4
ssl_reg=0.02
ssl_ratio=0.5
ssl_temp=0.8
mf_reg=1e-4
svd_q=5
2023-05-03 16:52:25.970: metrics:	Precision@20	Recall@20   	NDCG@20     
2023-05-03 16:52:57.374: [iter 1 : loss : 0.9261 = 0.5592 + 0.3650 + 0.0001 + 0.0018, time: 31.403423]
2023-05-03 16:52:58.024: epoch 1:	0.00932137  	0.03529648  	0.02357606  
2023-05-03 16:52:58.024: Find a better model.
2023-05-03 16:52:58.024: Save model to file as pretrain.
2023-05-03 16:53:29.420: [iter 2 : loss : 0.6495 = 0.3051 + 0.3424 + 0.0003 + 0.0017, time: 31.357070]
2023-05-03 16:53:30.030: epoch 2:	0.01012236  	0.03900507  	0.02592614  
2023-05-03 16:53:30.030: Find a better model.
2023-05-03 16:53:30.030: Save model to file as pretrain.
2023-05-03 16:54:01.658: [iter 3 : loss : 0.5706 = 0.2352 + 0.3333 + 0.0004 + 0.0017, time: 31.588491]
2023-05-03 16:54:02.295: epoch 3:	0.01070261  	0.04132550  	0.02765875  
2023-05-03 16:54:02.295: Find a better model.
2023-05-03 16:54:02.296: Save model to file as pretrain.
2023-05-03 16:54:33.975: [iter 4 : loss : 0.5312 = 0.2020 + 0.3270 + 0.0005 + 0.0017, time: 31.652501]
2023-05-03 16:54:34.603: epoch 4:	0.01125132  	0.04356121  	0.02945889  
2023-05-03 16:54:34.603: Find a better model.
2023-05-03 16:54:34.603: Save model to file as pretrain.
2023-05-03 16:55:06.390: [iter 5 : loss : 0.5037 = 0.1795 + 0.3220 + 0.0006 + 0.0016, time: 31.752984]
2023-05-03 16:55:07.015: epoch 5:	0.01171804  	0.04547897  	0.03060319  
2023-05-03 16:55:07.015: Find a better model.
2023-05-03 16:55:07.015: Save model to file as pretrain.
2023-05-03 16:55:38.781: [iter 6 : loss : 0.4840 = 0.1637 + 0.3180 + 0.0007 + 0.0016, time: 31.737159]
2023-05-03 16:55:39.422: epoch 6:	0.01217845  	0.04719628  	0.03201646  
2023-05-03 16:55:39.422: Find a better model.
2023-05-03 16:55:39.422: Save model to file as pretrain.
2023-05-03 16:56:11.340: [iter 7 : loss : 0.4675 = 0.1507 + 0.3144 + 0.0008 + 0.0016, time: 31.883318]
2023-05-03 16:56:12.013: epoch 7:	0.01272085  	0.04926161  	0.03339219  
2023-05-03 16:56:12.013: Find a better model.
2023-05-03 16:56:12.013: Save model to file as pretrain.
2023-05-03 16:56:44.138: [iter 8 : loss : 0.4544 = 0.1408 + 0.3112 + 0.0008 + 0.0016, time: 32.091247]
2023-05-03 16:56:44.758: epoch 8:	0.01312450  	0.05083520  	0.03461821  
2023-05-03 16:56:44.758: Find a better model.
2023-05-03 16:56:44.758: Save model to file as pretrain.
