2023-11-03 22:28:18.649: my pid: 14561
2023-11-03 22:28:18.650: model: model.general_recommender.GNNEC
2023-11-03 22:28:18.650: Dataset statistics:
Name: amazon-book
The number of users: 7928
The number of items: 29346
The number of ratings: 460224
Average actions of users: 58.05
Average actions of items: 15.68
The sparsity of the dataset: 99.802186%

The number of training: 417417
The number of validation: 0
The number of testing: 42807
2023-11-03 22:28:18.650: NeuRec:[NeuRec]:
recommender=GNNEC
dataset=amazon-book
file_column=UI
sep=','
gpu_id=0
gpu_mem=0.99
metric=["Precision", "Recall", "NDCG"]
top_k=[20]
test_thread=8
test_batch_size=128
seed=2021
start_testing_epoch=0

GNNEC:[hyperparameters]:
mf_reg=1e-4
svd_q=5
aug_type=ND
reg=1e-4
embed_size=64
n_layers=2
ssl_reg=1e-4
ssl_ratio=0.5
ssl_temp=0.2
ssl_mode=both_side
lr=1e-3
learner=adam
adj_type=pre
epochs=200
batch_size=2048
num_negatives=1
param_init=xavier_uniform
stddev=0.01
verbose=1
stop_cnt=10
pretrain_flag=0
save_flag=0

Command line:
recommender=GNNEC
dataset=amazon-book
epochs=200
n_layers=2
embed_size=64
batch_size=2048
lr=1e-3
aug_type=ND
reg=1e-4
ssl_reg=1e-4
ssl_ratio=0.5
ssl_temp=0.2
mf_reg=1e-4
svd_q=5
2023-11-03 22:28:22.265: metrics:	Precision@20	Recall@20   	NDCG@20     
2023-11-03 22:28:35.434: [iter 1 : loss : 0.6189 = 0.6161 + 0.0014 + 0.0000 + 0.0013, time: 13.167333]
2023-11-03 22:28:36.136: epoch 1:	0.00917631  	0.03456957  	0.02272370  
2023-11-03 22:28:36.136: Find a better model.
2023-11-03 22:28:48.541: [iter 2 : loss : 0.4971 = 0.4953 + 0.0010 + 0.0001 + 0.0007, time: 12.382611]
2023-11-03 22:28:49.259: epoch 2:	0.01014759  	0.03822885  	0.02524553  
2023-11-03 22:28:49.259: Find a better model.
2023-11-03 22:29:01.505: [iter 3 : loss : 0.4416 = 0.4402 + 0.0007 + 0.0002 + 0.0005, time: 12.228292]
2023-11-03 22:29:02.155: epoch 3:	0.01060800  	0.04046652  	0.02702127  
2023-11-03 22:29:02.155: Find a better model.
2023-11-03 22:29:14.550: [iter 4 : loss : 0.4024 = 0.4014 + 0.0005 + 0.0003 + 0.0003, time: 12.376557]
2023-11-03 22:29:15.246: epoch 4:	0.01128916  	0.04314972  	0.02897438  
2023-11-03 22:29:15.246: Find a better model.
2023-11-03 22:29:27.722: [iter 5 : loss : 0.3712 = 0.3703 + 0.0003 + 0.0004 + 0.0001, time: 12.459668]
2023-11-03 22:29:28.443: epoch 5:	0.01190094  	0.04529643  	0.03058285  
2023-11-03 22:29:28.444: Find a better model.
2023-11-03 22:29:40.834: [iter 6 : loss : 0.3482 = 0.3476 + 0.0002 + 0.0005 + -0.0000, time: 12.369848]
2023-11-03 22:29:41.536: epoch 6:	0.01238658  	0.04746721  	0.03218357  
2023-11-03 22:29:41.536: Find a better model.
2023-11-03 22:29:53.871: [iter 7 : loss : 0.3293 = 0.3288 + 0.0001 + 0.0005 + -0.0001, time: 12.320240]
2023-11-03 22:29:54.558: epoch 7:	0.01279022  	0.04895647  	0.03369908  
2023-11-03 22:29:54.559: Find a better model.
2023-11-03 22:30:06.977: [iter 8 : loss : 0.3134 = 0.3130 + 0.0000 + 0.0006 + -0.0002, time: 12.396023]
2023-11-03 22:30:07.624: epoch 8:	0.01328848  	0.05103745  	0.03489640  
2023-11-03 22:30:07.624: Find a better model.
2023-11-03 22:30:19.963: [iter 9 : loss : 0.2978 = 0.2975 + -0.0000 + 0.0007 + -0.0003, time: 12.318952]
2023-11-03 22:30:20.674: epoch 9:	0.01359121  	0.05229013  	0.03574166  
2023-11-03 22:30:20.674: Find a better model.
2023-11-03 22:30:33.129: [iter 10 : loss : 0.2856 = 0.2854 + -0.0001 + 0.0007 + -0.0004, time: 12.438519]
2023-11-03 22:30:33.839: epoch 10:	0.01393179  	0.05354822  	0.03672243  
2023-11-03 22:30:33.839: Find a better model.
2023-11-03 22:30:46.377: [iter 11 : loss : 0.2738 = 0.2737 + -0.0002 + 0.0008 + -0.0005, time: 12.520324]
2023-11-03 22:30:47.085: epoch 11:	0.01415884  	0.05427838  	0.03712012  
2023-11-03 22:30:47.086: Find a better model.
2023-11-03 22:30:59.563: [iter 12 : loss : 0.2638 = 0.2638 + -0.0002 + 0.0009 + -0.0006, time: 12.460000]
2023-11-03 22:31:00.305: epoch 12:	0.01450572  	0.05585458  	0.03823011  
2023-11-03 22:31:00.305: Find a better model.
2023-11-03 22:31:12.924: [iter 13 : loss : 0.2549 = 0.2549 + -0.0003 + 0.0009 + -0.0006, time: 12.592187]
2023-11-03 22:31:13.665: epoch 13:	0.01474538  	0.05686155  	0.03876178  
2023-11-03 22:31:13.665: Find a better model.
2023-11-03 22:31:26.241: [iter 14 : loss : 0.2460 = 0.2460 + -0.0003 + 0.0010 + -0.0007, time: 12.557604]
2023-11-03 22:31:26.953: epoch 14:	0.01501658  	0.05835976  	0.03984923  
2023-11-03 22:31:26.953: Find a better model.
2023-11-03 22:31:39.261: [iter 15 : loss : 0.2368 = 0.2369 + -0.0004 + 0.0011 + -0.0007, time: 12.295305]
2023-11-03 22:31:39.914: epoch 15:	0.01535084  	0.05967771  	0.04081575  
2023-11-03 22:31:39.914: Find a better model.
2023-11-03 22:31:52.377: [iter 16 : loss : 0.2301 = 0.2303 + -0.0005 + 0.0011 + -0.0008, time: 12.443871]
2023-11-03 22:31:53.062: epoch 16:	0.01553375  	0.06066024  	0.04179115  
2023-11-03 22:31:53.062: Find a better model.
2023-11-03 22:32:05.635: [iter 17 : loss : 0.2236 = 0.2238 + -0.0005 + 0.0012 + -0.0009, time: 12.552169]
2023-11-03 22:32:06.339: epoch 17:	0.01586172  	0.06188553  	0.04281627  
2023-11-03 22:32:06.339: Find a better model.
2023-11-03 22:32:18.654: [iter 18 : loss : 0.2177 = 0.2180 + -0.0006 + 0.0012 + -0.0009, time: 12.300011]
2023-11-03 22:32:19.373: epoch 18:	0.01626536  	0.06354611  	0.04369738  
2023-11-03 22:32:19.374: Find a better model.
2023-11-03 22:32:32.027: [iter 19 : loss : 0.2111 = 0.2114 + -0.0006 + 0.0013 + -0.0010, time: 12.628455]
2023-11-03 22:32:32.734: epoch 19:	0.01663749  	0.06505957  	0.04476932  
2023-11-03 22:32:32.735: Find a better model.
2023-11-03 22:32:45.283: [iter 20 : loss : 0.2054 = 0.2057 + -0.0007 + 0.0014 + -0.0010, time: 12.530313]
2023-11-03 22:32:45.993: epoch 20:	0.01697805  	0.06675702  	0.04571810  
2023-11-03 22:32:45.994: Find a better model.
2023-11-03 22:32:58.395: [iter 21 : loss : 0.1995 = 0.1998 + -0.0007 + 0.0014 + -0.0011, time: 12.386809]
2023-11-03 22:32:59.088: epoch 21:	0.01729341  	0.06788375  	0.04646428  
2023-11-03 22:32:59.088: Find a better model.
2023-11-03 22:33:11.625: [iter 22 : loss : 0.1948 = 0.1952 + -0.0008 + 0.0015 + -0.0011, time: 12.523071]
2023-11-03 22:33:12.364: epoch 22:	0.01749523  	0.06854977  	0.04702593  
2023-11-03 22:33:12.364: Find a better model.
2023-11-03 22:33:24.984: [iter 23 : loss : 0.1906 = 0.1910 + -0.0008 + 0.0016 + -0.0011, time: 12.601485]
2023-11-03 22:33:25.679: epoch 23:	0.01773490  	0.06938454  	0.04772995  
2023-11-03 22:33:25.679: Find a better model.
2023-11-03 22:33:38.045: [iter 24 : loss : 0.1869 = 0.1873 + -0.0008 + 0.0016 + -0.0012, time: 12.347346]
2023-11-03 22:33:38.755: epoch 24:	0.01805655  	0.07101571  	0.04901802  
2023-11-03 22:33:38.756: Find a better model.
2023-11-03 22:33:51.373: [iter 25 : loss : 0.1818 = 0.1822 + -0.0009 + 0.0017 + -0.0012, time: 12.601509]
2023-11-03 22:33:52.081: epoch 25:	0.01846652  	0.07266665  	0.04989558  
2023-11-03 22:33:52.081: Find a better model.
2023-11-03 22:34:04.537: [iter 26 : loss : 0.1768 = 0.1773 + -0.0009 + 0.0017 + -0.0013, time: 12.438789]
2023-11-03 22:34:05.255: epoch 26:	0.01876925  	0.07390875  	0.05069730  
2023-11-03 22:34:05.255: Find a better model.
2023-11-03 22:34:17.607: [iter 27 : loss : 0.1735 = 0.1740 + -0.0010 + 0.0018 + -0.0013, time: 12.335220]
2023-11-03 22:34:18.297: epoch 27:	0.01899000  	0.07473826  	0.05113731  
2023-11-03 22:34:18.297: Find a better model.
2023-11-03 22:34:30.742: [iter 28 : loss : 0.1696 = 0.1701 + -0.0010 + 0.0018 + -0.0013, time: 12.426004]
2023-11-03 22:34:31.428: epoch 28:	0.01912876  	0.07532565  	0.05155757  
2023-11-03 22:34:31.428: Find a better model.
2023-11-03 22:34:43.855: [iter 29 : loss : 0.1658 = 0.1663 + -0.0010 + 0.0019 + -0.0014, time: 12.408187]
2023-11-03 22:34:44.541: epoch 29:	0.01934950  	0.07616071  	0.05212506  
2023-11-03 22:34:44.541: Find a better model.
2023-11-03 22:34:57.011: [iter 30 : loss : 0.1634 = 0.1640 + -0.0011 + 0.0020 + -0.0014, time: 12.451047]
2023-11-03 22:34:57.704: epoch 30:	0.01962071  	0.07731601  	0.05271897  
2023-11-03 22:34:57.704: Find a better model.
2023-11-03 22:35:10.156: [iter 31 : loss : 0.1588 = 0.1593 + -0.0011 + 0.0020 + -0.0015, time: 12.436323]
2023-11-03 22:35:10.851: epoch 31:	0.01960810  	0.07747173  	0.05292586  
2023-11-03 22:35:10.851: Find a better model.
2023-11-03 22:35:23.310: [iter 32 : loss : 0.1573 = 0.1578 + -0.0011 + 0.0021 + -0.0015, time: 12.442472]
2023-11-03 22:35:24.001: epoch 32:	0.01986037  	0.07833197  	0.05368541  
2023-11-03 22:35:24.001: Find a better model.
2023-11-03 22:35:36.448: [iter 33 : loss : 0.1530 = 0.1536 + -0.0012 + 0.0021 + -0.0015, time: 12.426542]
2023-11-03 22:35:37.107: epoch 33:	0.02019464  	0.07965093  	0.05462972  
2023-11-03 22:35:37.108: Find a better model.
2023-11-03 22:35:49.524: [iter 34 : loss : 0.1516 = 0.1522 + -0.0012 + 0.0022 + -0.0016, time: 12.398515]
2023-11-03 22:35:50.220: epoch 34:	0.02028924  	0.08035825  	0.05517877  
2023-11-03 22:35:50.220: Find a better model.
2023-11-03 22:36:02.600: [iter 35 : loss : 0.1475 = 0.1481 + -0.0012 + 0.0022 + -0.0016, time: 12.361620]
2023-11-03 22:36:03.316: epoch 35:	0.02040276  	0.08052558  	0.05545066  
2023-11-03 22:36:03.316: Find a better model.
2023-11-03 22:36:15.728: [iter 36 : loss : 0.1448 = 0.1454 + -0.0013 + 0.0023 + -0.0016, time: 12.393050]
2023-11-03 22:36:16.440: epoch 36:	0.02054152  	0.08090051  	0.05580995  
2023-11-03 22:36:16.440: Find a better model.
2023-11-03 22:36:28.912: [iter 37 : loss : 0.1420 = 0.1427 + -0.0013 + 0.0023 + -0.0016, time: 12.452261]
2023-11-03 22:36:29.621: epoch 37:	0.02083164  	0.08236488  	0.05659392  
2023-11-03 22:36:29.622: Find a better model.
2023-11-03 22:36:42.259: [iter 38 : loss : 0.1404 = 0.1410 + -0.0013 + 0.0024 + -0.0017, time: 12.621279]
2023-11-03 22:36:43.003: epoch 38:	0.02087579  	0.08251748  	0.05678878  
2023-11-03 22:36:43.004: Find a better model.
2023-11-03 22:36:55.629: [iter 39 : loss : 0.1370 = 0.1376 + -0.0014 + 0.0025 + -0.0017, time: 12.606675]
2023-11-03 22:36:56.357: epoch 39:	0.02121637  	0.08399157  	0.05749311  
2023-11-03 22:36:56.357: Find a better model.
2023-11-03 22:37:08.919: [iter 40 : loss : 0.1356 = 0.1362 + -0.0014 + 0.0025 + -0.0017, time: 12.544365]
2023-11-03 22:37:09.628: epoch 40:	0.02139297  	0.08470330  	0.05784636  
2023-11-03 22:37:09.628: Find a better model.
2023-11-03 22:37:22.263: [iter 41 : loss : 0.1331 = 0.1337 + -0.0014 + 0.0026 + -0.0018, time: 12.620951]
2023-11-03 22:37:22.968: epoch 41:	0.02158218  	0.08556706  	0.05841487  
2023-11-03 22:37:22.968: Find a better model.
2023-11-03 22:37:35.537: [iter 42 : loss : 0.1308 = 0.1314 + -0.0014 + 0.0026 + -0.0018, time: 12.548644]
2023-11-03 22:37:36.260: epoch 42:	0.02158218  	0.08544944  	0.05864764  
2023-11-03 22:37:48.732: [iter 43 : loss : 0.1288 = 0.1294 + -0.0015 + 0.0027 + -0.0018, time: 12.454781]
2023-11-03 22:37:49.440: epoch 43:	0.02162632  	0.08572023  	0.05875794  
2023-11-03 22:37:49.440: Find a better model.
2023-11-03 22:38:01.827: [iter 44 : loss : 0.1273 = 0.1279 + -0.0015 + 0.0027 + -0.0018, time: 12.369678]
2023-11-03 22:38:02.553: epoch 44:	0.02197952  	0.08704504  	0.05950060  
2023-11-03 22:38:02.553: Find a better model.
2023-11-03 22:38:15.204: [iter 45 : loss : 0.1246 = 0.1253 + -0.0015 + 0.0028 + -0.0019, time: 12.629568]
2023-11-03 22:38:15.900: epoch 45:	0.02209935  	0.08777291  	0.05989313  
2023-11-03 22:38:15.900: Find a better model.
2023-11-03 22:38:28.308: [iter 46 : loss : 0.1227 = 0.1233 + -0.0016 + 0.0028 + -0.0019, time: 12.389973]
2023-11-03 22:38:29.003: epoch 46:	0.02237055  	0.08882673  	0.06042967  
2023-11-03 22:38:29.003: Find a better model.
2023-11-03 22:38:41.470: [iter 47 : loss : 0.1215 = 0.1222 + -0.0016 + 0.0029 + -0.0019, time: 12.453286]
2023-11-03 22:38:42.170: epoch 47:	0.02254082  	0.08960320  	0.06097876  
2023-11-03 22:38:42.171: Find a better model.
2023-11-03 22:38:54.605: [iter 48 : loss : 0.1191 = 0.1197 + -0.0016 + 0.0029 + -0.0019, time: 12.418954]
2023-11-03 22:38:55.304: epoch 48:	0.02275526  	0.09039137  	0.06148003  
2023-11-03 22:38:55.304: Find a better model.
2023-11-03 22:39:07.842: [iter 49 : loss : 0.1171 = 0.1178 + -0.0016 + 0.0030 + -0.0020, time: 12.520069]
2023-11-03 22:39:08.527: epoch 49:	0.02274896  	0.09034782  	0.06160080  
2023-11-03 22:39:20.899: [iter 50 : loss : 0.1148 = 0.1155 + -0.0017 + 0.0030 + -0.0020, time: 12.357592]
2023-11-03 22:39:21.611: epoch 50:	0.02295079  	0.09120877  	0.06208662  
2023-11-03 22:39:21.611: Find a better model.
2023-11-03 22:39:34.114: [iter 51 : loss : 0.1140 = 0.1146 + -0.0017 + 0.0031 + -0.0020, time: 12.484122]
2023-11-03 22:39:34.817: epoch 51:	0.02312739  	0.09206591  	0.06245434  
2023-11-03 22:39:34.817: Find a better model.
2023-11-03 22:39:47.259: [iter 52 : loss : 0.1124 = 0.1130 + -0.0017 + 0.0031 + -0.0020, time: 12.427376]
2023-11-03 22:39:47.930: epoch 52:	0.02324722  	0.09263046  	0.06283405  
2023-11-03 22:39:47.931: Find a better model.
2023-11-03 22:40:00.352: [iter 53 : loss : 0.1108 = 0.1114 + -0.0017 + 0.0032 + -0.0021, time: 12.396686]
2023-11-03 22:40:01.046: epoch 53:	0.02327245  	0.09270681  	0.06288899  
2023-11-03 22:40:01.046: Find a better model.
2023-11-03 22:40:13.486: [iter 54 : loss : 0.1094 = 0.1100 + -0.0017 + 0.0032 + -0.0021, time: 12.421892]
2023-11-03 22:40:14.139: epoch 54:	0.02364455  	0.09413904  	0.06358063  
2023-11-03 22:40:14.139: Find a better model.
2023-11-03 22:40:26.613: [iter 55 : loss : 0.1065 = 0.1071 + -0.0017 + 0.0033 + -0.0021, time: 12.454994]
2023-11-03 22:40:27.287: epoch 55:	0.02357517  	0.09402865  	0.06380551  
2023-11-03 22:40:39.705: [iter 56 : loss : 0.1058 = 0.1064 + -0.0018 + 0.0033 + -0.0021, time: 12.403716]
2023-11-03 22:40:40.375: epoch 56:	0.02371393  	0.09483337  	0.06425631  
2023-11-03 22:40:40.375: Find a better model.
2023-11-03 22:40:52.913: [iter 57 : loss : 0.1051 = 0.1057 + -0.0018 + 0.0034 + -0.0021, time: 12.517963]
2023-11-03 22:40:53.612: epoch 57:	0.02402296  	0.09615173  	0.06489278  
2023-11-03 22:40:53.612: Find a better model.
2023-11-03 22:41:06.185: [iter 58 : loss : 0.1024 = 0.1030 + -0.0018 + 0.0034 + -0.0022, time: 12.554772]
2023-11-03 22:41:06.873: epoch 58:	0.02412389  	0.09625602  	0.06515224  
2023-11-03 22:41:06.873: Find a better model.
2023-11-03 22:41:19.441: [iter 59 : loss : 0.1016 = 0.1022 + -0.0018 + 0.0035 + -0.0022, time: 12.549469]
2023-11-03 22:41:20.095: epoch 59:	0.02438247  	0.09770989  	0.06581606  
2023-11-03 22:41:20.095: Find a better model.
2023-11-03 22:41:32.663: [iter 60 : loss : 0.1008 = 0.1014 + -0.0019 + 0.0035 + -0.0022, time: 12.550164]
2023-11-03 22:41:33.361: epoch 60:	0.02439509  	0.09765455  	0.06609034  
2023-11-03 22:41:45.850: [iter 61 : loss : 0.0987 = 0.0992 + -0.0019 + 0.0036 + -0.0022, time: 12.473432]
2023-11-03 22:41:46.567: epoch 61:	0.02449600  	0.09823278  	0.06647104  
2023-11-03 22:41:46.567: Find a better model.
2023-11-03 22:41:59.199: [iter 62 : loss : 0.0974 = 0.0979 + -0.0019 + 0.0036 + -0.0022, time: 12.614366]
2023-11-03 22:41:59.893: epoch 62:	0.02455277  	0.09818562  	0.06678996  
2023-11-03 22:42:12.286: [iter 63 : loss : 0.0969 = 0.0974 + -0.0019 + 0.0036 + -0.0023, time: 12.375508]
2023-11-03 22:42:12.978: epoch 63:	0.02486812  	0.09952458  	0.06732018  
2023-11-03 22:42:12.978: Find a better model.
2023-11-03 22:42:25.397: [iter 64 : loss : 0.0950 = 0.0955 + -0.0019 + 0.0037 + -0.0023, time: 12.402745]
2023-11-03 22:42:26.107: epoch 64:	0.02495642  	0.09987798  	0.06764327  
2023-11-03 22:42:26.107: Find a better model.
2023-11-03 22:42:38.668: [iter 65 : loss : 0.0927 = 0.0932 + -0.0019 + 0.0037 + -0.0023, time: 12.545611]
2023-11-03 22:42:39.364: epoch 65:	0.02513932  	0.10073990  	0.06838405  
2023-11-03 22:42:39.364: Find a better model.
2023-11-03 22:42:51.747: [iter 66 : loss : 0.0924 = 0.0929 + -0.0020 + 0.0038 + -0.0023, time: 12.367918]
2023-11-03 22:42:52.467: epoch 66:	0.02526545  	0.10126249  	0.06868824  
2023-11-03 22:42:52.468: Find a better model.
2023-11-03 22:43:05.079: [iter 67 : loss : 0.0919 = 0.0923 + -0.0020 + 0.0038 + -0.0023, time: 12.590556]
2023-11-03 22:43:05.748: epoch 67:	0.02554928  	0.10248159  	0.06930147  
2023-11-03 22:43:05.748: Find a better model.
2023-11-03 22:43:18.407: [iter 68 : loss : 0.0907 = 0.0912 + -0.0020 + 0.0039 + -0.0024, time: 12.640122]
2023-11-03 22:43:19.114: epoch 68:	0.02572587  	0.10311904  	0.07005654  
2023-11-03 22:43:19.114: Find a better model.
2023-11-03 22:43:31.543: [iter 69 : loss : 0.0893 = 0.0898 + -0.0020 + 0.0039 + -0.0024, time: 12.410123]
2023-11-03 22:43:32.215: epoch 69:	0.02580786  	0.10353259  	0.07050400  
2023-11-03 22:43:32.215: Find a better model.
2023-11-03 22:43:44.508: [iter 70 : loss : 0.0888 = 0.0893 + -0.0020 + 0.0040 + -0.0024, time: 12.276992]
2023-11-03 22:43:45.297: epoch 70:	0.02603492  	0.10449807  	0.07095461  
2023-11-03 22:43:45.297: Find a better model.
2023-11-03 22:43:57.938: [iter 71 : loss : 0.0870 = 0.0874 + -0.0020 + 0.0040 + -0.0024, time: 12.625812]
2023-11-03 22:43:58.646: epoch 71:	0.02606646  	0.10457735  	0.07123943  
2023-11-03 22:43:58.646: Find a better model.
2023-11-03 22:44:11.105: [iter 72 : loss : 0.0862 = 0.0866 + -0.0021 + 0.0041 + -0.0024, time: 12.441839]
2023-11-03 22:44:11.825: epoch 72:	0.02630612  	0.10559516  	0.07177852  
2023-11-03 22:44:11.825: Find a better model.
2023-11-03 22:44:24.168: [iter 73 : loss : 0.0847 = 0.0851 + -0.0021 + 0.0041 + -0.0024, time: 12.325077]
2023-11-03 22:44:24.891: epoch 73:	0.02631874  	0.10570957  	0.07211690  
2023-11-03 22:44:24.891: Find a better model.
2023-11-03 22:44:37.523: [iter 74 : loss : 0.0844 = 0.0849 + -0.0021 + 0.0041 + -0.0025, time: 12.613699]
2023-11-03 22:44:38.226: epoch 74:	0.02623043  	0.10551273  	0.07206918  
2023-11-03 22:44:50.732: [iter 75 : loss : 0.0826 = 0.0830 + -0.0021 + 0.0042 + -0.0025, time: 12.490655]
2023-11-03 22:44:51.413: epoch 75:	0.02638812  	0.10608184  	0.07258484  
2023-11-03 22:44:51.413: Find a better model.
2023-11-03 22:45:03.751: [iter 76 : loss : 0.0831 = 0.0834 + -0.0021 + 0.0042 + -0.0025, time: 12.316440]
2023-11-03 22:45:04.463: epoch 76:	0.02651425  	0.10688169  	0.07289536  
2023-11-03 22:45:04.464: Find a better model.
2023-11-03 22:45:16.889: [iter 77 : loss : 0.0812 = 0.0816 + -0.0021 + 0.0043 + -0.0025, time: 12.403977]
2023-11-03 22:45:17.571: epoch 77:	0.02649532  	0.10716370  	0.07305315  
2023-11-03 22:45:17.571: Find a better model.
2023-11-03 22:45:30.049: [iter 78 : loss : 0.0802 = 0.0806 + -0.0022 + 0.0043 + -0.0025, time: 12.460154]
2023-11-03 22:45:30.713: epoch 78:	0.02679807  	0.10793252  	0.07331499  
2023-11-03 22:45:30.713: Find a better model.
2023-11-03 22:45:43.194: [iter 79 : loss : 0.0799 = 0.0802 + -0.0022 + 0.0044 + -0.0025, time: 12.465197]
2023-11-03 22:45:43.912: epoch 79:	0.02705665  	0.10917912  	0.07376080  
2023-11-03 22:45:43.912: Find a better model.
2023-11-03 22:45:56.469: [iter 80 : loss : 0.0783 = 0.0786 + -0.0022 + 0.0044 + -0.0025, time: 12.537619]
2023-11-03 22:45:57.160: epoch 80:	0.02713234  	0.10950393  	0.07384673  
2023-11-03 22:45:57.160: Find a better model.
2023-11-03 22:46:09.617: [iter 81 : loss : 0.0778 = 0.0781 + -0.0022 + 0.0044 + -0.0026, time: 12.439622]
2023-11-03 22:46:10.334: epoch 81:	0.02722064  	0.10984585  	0.07436412  
2023-11-03 22:46:10.334: Find a better model.
2023-11-03 22:46:22.718: [iter 82 : loss : 0.0778 = 0.0781 + -0.0022 + 0.0045 + -0.0026, time: 12.363061]
2023-11-03 22:46:23.429: epoch 82:	0.02737832  	0.11084973  	0.07485359  
2023-11-03 22:46:23.429: Find a better model.
2023-11-03 22:46:35.993: [iter 83 : loss : 0.0754 = 0.0757 + -0.0022 + 0.0045 + -0.0026, time: 12.546316]
2023-11-03 22:46:36.691: epoch 83:	0.02750444  	0.11104161  	0.07510079  
2023-11-03 22:46:36.691: Find a better model.
2023-11-03 22:46:49.155: [iter 84 : loss : 0.0743 = 0.0746 + -0.0023 + 0.0046 + -0.0026, time: 12.450083]
2023-11-03 22:46:49.855: epoch 84:	0.02774410  	0.11183093  	0.07548407  
2023-11-03 22:46:49.855: Find a better model.
2023-11-03 22:47:02.245: [iter 85 : loss : 0.0740 = 0.0743 + -0.0023 + 0.0046 + -0.0026, time: 12.375634]
2023-11-03 22:47:02.945: epoch 85:	0.02783239  	0.11200611  	0.07573719  
2023-11-03 22:47:02.945: Find a better model.
2023-11-03 22:47:15.513: [iter 86 : loss : 0.0738 = 0.0740 + -0.0023 + 0.0047 + -0.0026, time: 12.551275]
2023-11-03 22:47:16.226: epoch 86:	0.02795222  	0.11270988  	0.07602543  
2023-11-03 22:47:16.226: Find a better model.
2023-11-03 22:47:28.650: [iter 87 : loss : 0.0728 = 0.0731 + -0.0023 + 0.0047 + -0.0027, time: 12.403764]
2023-11-03 22:47:29.363: epoch 87:	0.02802160  	0.11300071  	0.07613311  
2023-11-03 22:47:29.363: Find a better model.
2023-11-03 22:47:41.937: [iter 88 : loss : 0.0723 = 0.0725 + -0.0023 + 0.0047 + -0.0027, time: 12.556444]
2023-11-03 22:47:42.639: epoch 88:	0.02819190  	0.11353084  	0.07654261  
2023-11-03 22:47:42.639: Find a better model.
2023-11-03 22:47:55.119: [iter 89 : loss : 0.0711 = 0.0713 + -0.0023 + 0.0048 + -0.0027, time: 12.465965]
2023-11-03 22:47:55.843: epoch 89:	0.02836219  	0.11465432  	0.07692555  
2023-11-03 22:47:55.843: Find a better model.
2023-11-03 22:48:08.269: [iter 90 : loss : 0.0708 = 0.0709 + -0.0023 + 0.0048 + -0.0027, time: 12.404408]
2023-11-03 22:48:08.962: epoch 90:	0.02841895  	0.11472459  	0.07737160  
2023-11-03 22:48:08.962: Find a better model.
2023-11-03 22:48:21.396: [iter 91 : loss : 0.0701 = 0.0703 + -0.0023 + 0.0049 + -0.0027, time: 12.419753]
2023-11-03 22:48:22.044: epoch 91:	0.02858295  	0.11562961  	0.07782720  
2023-11-03 22:48:22.044: Find a better model.
2023-11-03 22:48:34.498: [iter 92 : loss : 0.0698 = 0.0700 + -0.0024 + 0.0049 + -0.0027, time: 12.437427]
2023-11-03 22:48:35.204: epoch 92:	0.02865862  	0.11639033  	0.07813774  
2023-11-03 22:48:35.204: Find a better model.
2023-11-03 22:48:47.731: [iter 93 : loss : 0.0684 = 0.0686 + -0.0024 + 0.0049 + -0.0027, time: 12.510352]
2023-11-03 22:48:48.434: epoch 93:	0.02879738  	0.11704691  	0.07842579  
2023-11-03 22:48:48.434: Find a better model.
2023-11-03 22:49:00.941: [iter 94 : loss : 0.0687 = 0.0688 + -0.0024 + 0.0050 + -0.0027, time: 12.489613]
2023-11-03 22:49:01.633: epoch 94:	0.02890459  	0.11756298  	0.07872236  
2023-11-03 22:49:01.633: Find a better model.
2023-11-03 22:49:13.912: [iter 95 : loss : 0.0676 = 0.0678 + -0.0024 + 0.0050 + -0.0028, time: 12.257868]
2023-11-03 22:49:14.585: epoch 95:	0.02904965  	0.11816884  	0.07906218  
2023-11-03 22:49:14.585: Find a better model.
2023-11-03 22:49:27.096: [iter 96 : loss : 0.0667 = 0.0668 + -0.0024 + 0.0051 + -0.0028, time: 12.496816]
2023-11-03 22:49:27.793: epoch 96:	0.02925778  	0.11884621  	0.07950421  
2023-11-03 22:49:27.793: Find a better model.
2023-11-03 22:49:40.285: [iter 97 : loss : 0.0653 = 0.0654 + -0.0024 + 0.0051 + -0.0028, time: 12.476035]
2023-11-03 22:49:40.984: epoch 97:	0.02927040  	0.11884388  	0.07938818  
2023-11-03 22:49:53.180: [iter 98 : loss : 0.0654 = 0.0655 + -0.0024 + 0.0051 + -0.0028, time: 12.179038]
2023-11-03 22:49:53.872: epoch 98:	0.02951638  	0.12007509  	0.08005423  
2023-11-03 22:49:53.872: Find a better model.
2023-11-03 22:50:06.264: [iter 99 : loss : 0.0644 = 0.0644 + -0.0024 + 0.0052 + -0.0028, time: 12.374437]
2023-11-03 22:50:06.963: epoch 99:	0.02952899  	0.12008052  	0.08021452  
2023-11-03 22:50:06.963: Find a better model.
2023-11-03 22:50:19.446: [iter 100 : loss : 0.0645 = 0.0645 + -0.0025 + 0.0052 + -0.0028, time: 12.463327]
2023-11-03 22:50:20.129: epoch 100:	0.02972450  	0.12085795  	0.08074953  
2023-11-03 22:50:20.129: Find a better model.
2023-11-03 22:50:32.580: [iter 101 : loss : 0.0646 = 0.0646 + -0.0025 + 0.0053 + -0.0028, time: 12.435975]
2023-11-03 22:50:33.276: epoch 101:	0.02949745  	0.12015968  	0.08047066  
2023-11-03 22:50:45.779: [iter 102 : loss : 0.0640 = 0.0641 + -0.0025 + 0.0053 + -0.0028, time: 12.485560]
2023-11-03 22:50:46.476: epoch 102:	0.02964883  	0.12078929  	0.08089598  
2023-11-03 22:50:59.058: [iter 103 : loss : 0.0627 = 0.0628 + -0.0025 + 0.0053 + -0.0029, time: 12.565964]
2023-11-03 22:50:59.751: epoch 103:	0.02981279  	0.12115166  	0.08114330  
2023-11-03 22:50:59.751: Find a better model.
2023-11-03 22:51:12.074: [iter 104 : loss : 0.0617 = 0.0617 + -0.0025 + 0.0054 + -0.0029, time: 12.307075]
2023-11-03 22:51:12.774: epoch 104:	0.02979387  	0.12062985  	0.08115090  
2023-11-03 22:51:25.129: [iter 105 : loss : 0.0610 = 0.0610 + -0.0025 + 0.0054 + -0.0029, time: 12.339876]
2023-11-03 22:51:25.833: epoch 105:	0.02981910  	0.12112100  	0.08147410  
2023-11-03 22:51:38.436: [iter 106 : loss : 0.0616 = 0.0616 + -0.0025 + 0.0054 + -0.0029, time: 12.589932]
2023-11-03 22:51:39.143: epoch 106:	0.02980018  	0.12089102  	0.08137333  
2023-11-03 22:51:51.677: [iter 107 : loss : 0.0606 = 0.0605 + -0.0025 + 0.0055 + -0.0029, time: 12.519693]
2023-11-03 22:51:52.319: epoch 107:	0.02988848  	0.12149502  	0.08146107  
2023-11-03 22:51:52.320: Find a better model.
2023-11-03 22:52:04.852: [iter 108 : loss : 0.0606 = 0.0605 + -0.0025 + 0.0055 + -0.0029, time: 12.519419]
2023-11-03 22:52:05.562: epoch 108:	0.02980649  	0.12068181  	0.08153983  
2023-11-03 22:52:18.051: [iter 109 : loss : 0.0590 = 0.0589 + -0.0026 + 0.0056 + -0.0029, time: 12.475915]
2023-11-03 22:52:18.757: epoch 109:	0.03009661  	0.12183177  	0.08201578  
2023-11-03 22:52:18.757: Find a better model.
2023-11-03 22:52:31.275: [iter 110 : loss : 0.0589 = 0.0588 + -0.0026 + 0.0056 + -0.0029, time: 12.503125]
2023-11-03 22:52:31.989: epoch 110:	0.03017229  	0.12239139  	0.08257902  
2023-11-03 22:52:31.989: Find a better model.
2023-11-03 22:52:44.483: [iter 111 : loss : 0.0575 = 0.0574 + -0.0026 + 0.0056 + -0.0030, time: 12.478122]
2023-11-03 22:52:45.183: epoch 111:	0.03021645  	0.12285477  	0.08273886  
2023-11-03 22:52:45.184: Find a better model.
2023-11-03 22:52:57.654: [iter 112 : loss : 0.0582 = 0.0581 + -0.0026 + 0.0057 + -0.0030, time: 12.456763]
2023-11-03 22:52:58.351: epoch 112:	0.03025428  	0.12286451  	0.08304468  
2023-11-03 22:52:58.351: Find a better model.
2023-11-03 22:53:10.748: [iter 113 : loss : 0.0567 = 0.0566 + -0.0026 + 0.0057 + -0.0030, time: 12.380115]
2023-11-03 22:53:11.454: epoch 113:	0.03028581  	0.12296627  	0.08311371  
2023-11-03 22:53:11.454: Find a better model.
2023-11-03 22:53:23.822: [iter 114 : loss : 0.0567 = 0.0566 + -0.0026 + 0.0057 + -0.0030, time: 12.348405]
2023-11-03 22:53:24.510: epoch 114:	0.03054440  	0.12421588  	0.08351097  
2023-11-03 22:53:24.510: Find a better model.
2023-11-03 22:53:37.030: [iter 115 : loss : 0.0568 = 0.0567 + -0.0026 + 0.0058 + -0.0030, time: 12.496338]
2023-11-03 22:53:37.751: epoch 115:	0.03072099  	0.12499201  	0.08416654  
2023-11-03 22:53:37.751: Find a better model.
2023-11-03 22:53:50.278: [iter 116 : loss : 0.0563 = 0.0562 + -0.0027 + 0.0058 + -0.0030, time: 12.510522]
2023-11-03 22:53:50.949: epoch 116:	0.03073361  	0.12493155  	0.08448455  
2023-11-03 22:54:03.590: [iter 117 : loss : 0.0556 = 0.0554 + -0.0026 + 0.0059 + -0.0030, time: 12.624864]
2023-11-03 22:54:04.302: epoch 117:	0.03062007  	0.12458735  	0.08429976  
2023-11-03 22:54:16.648: [iter 118 : loss : 0.0546 = 0.0544 + -0.0027 + 0.0059 + -0.0030, time: 12.332448]
2023-11-03 22:54:17.357: epoch 118:	0.03061377  	0.12464349  	0.08446906  
2023-11-03 22:54:29.839: [iter 119 : loss : 0.0550 = 0.0548 + -0.0026 + 0.0059 + -0.0030, time: 12.469065]
2023-11-03 22:54:30.512: epoch 119:	0.03061376  	0.12450926  	0.08448426  
2023-11-03 22:54:43.063: [iter 120 : loss : 0.0544 = 0.0542 + -0.0027 + 0.0060 + -0.0030, time: 12.536545]
2023-11-03 22:54:43.755: epoch 120:	0.03058224  	0.12450866  	0.08437380  
2023-11-03 22:54:56.234: [iter 121 : loss : 0.0543 = 0.0541 + -0.0027 + 0.0060 + -0.0031, time: 12.466669]
2023-11-03 22:54:56.926: epoch 121:	0.03071468  	0.12518518  	0.08473700  
2023-11-03 22:54:56.926: Find a better model.
2023-11-03 22:55:09.486: [iter 122 : loss : 0.0535 = 0.0533 + -0.0027 + 0.0060 + -0.0031, time: 12.544875]
2023-11-03 22:55:10.193: epoch 122:	0.03067684  	0.12497797  	0.08480597  
2023-11-03 22:55:22.631: [iter 123 : loss : 0.0531 = 0.0528 + -0.0027 + 0.0061 + -0.0031, time: 12.419659]
2023-11-03 22:55:23.324: epoch 123:	0.03054440  	0.12449747  	0.08465860  
2023-11-03 22:55:35.770: [iter 124 : loss : 0.0529 = 0.0526 + -0.0027 + 0.0061 + -0.0031, time: 12.431265]
2023-11-03 22:55:36.466: epoch 124:	0.03089758  	0.12548374  	0.08495747  
2023-11-03 22:55:36.466: Find a better model.
2023-11-03 22:55:48.857: [iter 125 : loss : 0.0532 = 0.0529 + -0.0027 + 0.0061 + -0.0031, time: 12.373668]
2023-11-03 22:55:49.553: epoch 125:	0.03094804  	0.12608176  	0.08526015  
2023-11-03 22:55:49.553: Find a better model.
2023-11-03 22:56:02.192: [iter 126 : loss : 0.0516 = 0.0513 + -0.0027 + 0.0062 + -0.0031, time: 12.626402]
2023-11-03 22:56:02.892: epoch 126:	0.03113093  	0.12693308  	0.08553769  
2023-11-03 22:56:02.892: Find a better model.
2023-11-03 22:56:15.498: [iter 127 : loss : 0.0511 = 0.0508 + -0.0028 + 0.0062 + -0.0031, time: 12.585963]
2023-11-03 22:56:16.175: epoch 127:	0.03107417  	0.12658192  	0.08535351  
2023-11-03 22:56:28.772: [iter 128 : loss : 0.0517 = 0.0513 + -0.0027 + 0.0062 + -0.0031, time: 12.579095]
2023-11-03 22:56:29.478: epoch 128:	0.03096695  	0.12626432  	0.08531234  
2023-11-03 22:56:42.103: [iter 129 : loss : 0.0510 = 0.0506 + -0.0027 + 0.0063 + -0.0031, time: 12.605717]
2023-11-03 22:56:42.819: epoch 129:	0.03105527  	0.12648451  	0.08572336  
2023-11-03 22:56:55.397: [iter 130 : loss : 0.0509 = 0.0505 + -0.0028 + 0.0063 + -0.0031, time: 12.555358]
2023-11-03 22:56:56.129: epoch 130:	0.03113095  	0.12693836  	0.08622634  
2023-11-03 22:56:56.129: Find a better model.
2023-11-03 22:57:08.645: [iter 131 : loss : 0.0493 = 0.0489 + -0.0028 + 0.0063 + -0.0032, time: 12.496585]
2023-11-03 22:57:09.352: epoch 131:	0.03106787  	0.12653784  	0.08606228  
2023-11-03 22:57:21.866: [iter 132 : loss : 0.0506 = 0.0502 + -0.0028 + 0.0064 + -0.0032, time: 12.496859]
2023-11-03 22:57:22.537: epoch 132:	0.03127600  	0.12750596  	0.08607600  
2023-11-03 22:57:22.537: Find a better model.
2023-11-03 22:57:35.046: [iter 133 : loss : 0.0497 = 0.0493 + -0.0028 + 0.0064 + -0.0032, time: 12.485153]
2023-11-03 22:57:35.744: epoch 133:	0.03135800  	0.12804696  	0.08643750  
2023-11-03 22:57:35.744: Find a better model.
2023-11-03 22:57:48.222: [iter 134 : loss : 0.0493 = 0.0488 + -0.0028 + 0.0064 + -0.0032, time: 12.461781]
2023-11-03 22:57:48.937: epoch 134:	0.03158505  	0.12872387  	0.08676895  
2023-11-03 22:57:48.938: Find a better model.
2023-11-03 22:58:01.592: [iter 135 : loss : 0.0490 = 0.0485 + -0.0028 + 0.0065 + -0.0032, time: 12.636949]
2023-11-03 22:58:02.295: epoch 135:	0.03147152  	0.12810259  	0.08666687  
2023-11-03 22:58:14.803: [iter 136 : loss : 0.0478 = 0.0474 + -0.0028 + 0.0065 + -0.0032, time: 12.490278]
2023-11-03 22:58:15.480: epoch 136:	0.03140844  	0.12804037  	0.08649772  
2023-11-03 22:58:27.959: [iter 137 : loss : 0.0486 = 0.0482 + -0.0028 + 0.0065 + -0.0032, time: 12.459504]
2023-11-03 22:58:28.658: epoch 137:	0.03154090  	0.12840110  	0.08688018  
2023-11-03 22:58:41.393: [iter 138 : loss : 0.0481 = 0.0475 + -0.0028 + 0.0066 + -0.0032, time: 12.713804]
2023-11-03 22:58:42.095: epoch 138:	0.03173011  	0.12943095  	0.08727731  
2023-11-03 22:58:42.095: Find a better model.
2023-11-03 22:58:54.525: [iter 139 : loss : 0.0479 = 0.0474 + -0.0029 + 0.0066 + -0.0032, time: 12.414026]
2023-11-03 22:58:55.220: epoch 139:	0.03183734  	0.12974662  	0.08768193  
2023-11-03 22:58:55.221: Find a better model.
2023-11-03 22:59:07.699: [iter 140 : loss : 0.0477 = 0.0472 + -0.0029 + 0.0066 + -0.0032, time: 12.463339]
2023-11-03 22:59:08.399: epoch 140:	0.03183732  	0.12994899  	0.08778451  
2023-11-03 22:59:08.399: Find a better model.
2023-11-03 22:59:20.945: [iter 141 : loss : 0.0476 = 0.0470 + -0.0029 + 0.0067 + -0.0032, time: 12.529096]
2023-11-03 22:59:21.664: epoch 141:	0.03183733  	0.12987323  	0.08811936  
2023-11-03 22:59:34.188: [iter 142 : loss : 0.0466 = 0.0460 + -0.0029 + 0.0067 + -0.0033, time: 12.503855]
2023-11-03 22:59:34.881: epoch 142:	0.03186887  	0.13012560  	0.08845840  
2023-11-03 22:59:34.881: Find a better model.
2023-11-03 22:59:47.418: [iter 143 : loss : 0.0472 = 0.0466 + -0.0029 + 0.0067 + -0.0033, time: 12.519411]
2023-11-03 22:59:48.101: epoch 143:	0.03193824  	0.13047850  	0.08853818  
2023-11-03 22:59:48.101: Find a better model.
2023-11-03 23:00:00.522: [iter 144 : loss : 0.0462 = 0.0456 + -0.0029 + 0.0068 + -0.0033, time: 12.405008]
2023-11-03 23:00:01.231: epoch 144:	0.03201392  	0.13048935  	0.08869193  
2023-11-03 23:00:01.231: Find a better model.
2023-11-03 23:00:13.832: [iter 145 : loss : 0.0459 = 0.0453 + -0.0029 + 0.0068 + -0.0033, time: 12.582661]
2023-11-03 23:00:14.539: epoch 145:	0.03205808  	0.13069963  	0.08878583  
2023-11-03 23:00:14.539: Find a better model.
2023-11-03 23:00:27.041: [iter 146 : loss : 0.0460 = 0.0454 + -0.0029 + 0.0068 + -0.0033, time: 12.488225]
2023-11-03 23:00:27.722: epoch 146:	0.03207070  	0.13079350  	0.08893621  
2023-11-03 23:00:27.722: Find a better model.
2023-11-03 23:00:40.293: [iter 147 : loss : 0.0461 = 0.0454 + -0.0029 + 0.0068 + -0.0033, time: 12.555340]
2023-11-03 23:00:41.020: epoch 147:	0.03229143  	0.13158354  	0.08961628  
2023-11-03 23:00:41.020: Find a better model.
2023-11-03 23:00:53.530: [iter 148 : loss : 0.0456 = 0.0450 + -0.0029 + 0.0069 + -0.0033, time: 12.493596]
2023-11-03 23:00:54.248: epoch 148:	0.03212114  	0.13108410  	0.08932109  
2023-11-03 23:01:06.902: [iter 149 : loss : 0.0448 = 0.0442 + -0.0029 + 0.0069 + -0.0033, time: 12.633998]
2023-11-03 23:01:07.616: epoch 149:	0.03229774  	0.13134901  	0.08942896  
2023-11-03 23:01:20.183: [iter 150 : loss : 0.0454 = 0.0448 + -0.0030 + 0.0069 + -0.0033, time: 12.544737]
2023-11-03 23:01:20.918: epoch 150:	0.03222205  	0.13121897  	0.08926244  
2023-11-03 23:01:33.417: [iter 151 : loss : 0.0447 = 0.0440 + -0.0030 + 0.0070 + -0.0033, time: 12.480762]
2023-11-03 23:01:34.115: epoch 151:	0.03228512  	0.13156897  	0.08959347  
2023-11-03 23:01:46.773: [iter 152 : loss : 0.0443 = 0.0436 + -0.0030 + 0.0070 + -0.0033, time: 12.632571]
2023-11-03 23:01:47.498: epoch 152:	0.03236710  	0.13206615  	0.08968445  
2023-11-03 23:01:47.498: Find a better model.
2023-11-03 23:02:00.103: [iter 153 : loss : 0.0439 = 0.0432 + -0.0030 + 0.0070 + -0.0033, time: 12.581570]
2023-11-03 23:02:00.806: epoch 153:	0.03215268  	0.13113220  	0.08940479  
2023-11-03 23:02:13.271: [iter 154 : loss : 0.0446 = 0.0439 + -0.0030 + 0.0071 + -0.0034, time: 12.444915]
2023-11-03 23:02:13.985: epoch 154:	0.03227251  	0.13164183  	0.08991126  
2023-11-03 23:02:26.703: [iter 155 : loss : 0.0434 = 0.0427 + -0.0030 + 0.0071 + -0.0034, time: 12.697535]
2023-11-03 23:02:27.401: epoch 155:	0.03234819  	0.13184220  	0.08992167  
2023-11-03 23:02:39.794: [iter 156 : loss : 0.0428 = 0.0420 + -0.0030 + 0.0071 + -0.0034, time: 12.374754]
2023-11-03 23:02:40.497: epoch 156:	0.03241756  	0.13224931  	0.09013491  
2023-11-03 23:02:40.498: Find a better model.
2023-11-03 23:02:53.047: [iter 157 : loss : 0.0427 = 0.0419 + -0.0030 + 0.0071 + -0.0034, time: 12.530128]
2023-11-03 23:02:53.758: epoch 157:	0.03248692  	0.13254549  	0.09041137  
2023-11-03 23:02:53.759: Find a better model.
2023-11-03 23:03:06.265: [iter 158 : loss : 0.0430 = 0.0422 + -0.0030 + 0.0072 + -0.0034, time: 12.488207]
2023-11-03 23:03:06.945: epoch 158:	0.03260043  	0.13301148  	0.09073192  
2023-11-03 23:03:06.945: Find a better model.
2023-11-03 23:03:19.469: [iter 159 : loss : 0.0427 = 0.0419 + -0.0030 + 0.0072 + -0.0034, time: 12.507726]
2023-11-03 23:03:20.180: epoch 159:	0.03266349  	0.13336767  	0.09096971  
2023-11-03 23:03:20.180: Find a better model.
2023-11-03 23:03:32.811: [iter 160 : loss : 0.0421 = 0.0413 + -0.0030 + 0.0072 + -0.0034, time: 12.607836]
2023-11-03 23:03:33.518: epoch 160:	0.03270131  	0.13379963  	0.09106654  
2023-11-03 23:03:33.518: Find a better model.
2023-11-03 23:03:45.975: [iter 161 : loss : 0.0421 = 0.0413 + -0.0030 + 0.0073 + -0.0034, time: 12.438933]
2023-11-03 23:03:46.675: epoch 161:	0.03292834  	0.13461600  	0.09136815  
2023-11-03 23:03:46.676: Find a better model.
2023-11-03 23:03:59.191: [iter 162 : loss : 0.0420 = 0.0412 + -0.0030 + 0.0073 + -0.0034, time: 12.496427]
2023-11-03 23:03:59.864: epoch 162:	0.03292836  	0.13472156  	0.09095943  
2023-11-03 23:03:59.864: Find a better model.
2023-11-03 23:04:12.422: [iter 163 : loss : 0.0415 = 0.0407 + -0.0030 + 0.0073 + -0.0034, time: 12.542151]
2023-11-03 23:04:13.154: epoch 163:	0.03290312  	0.13451676  	0.09129714  
2023-11-03 23:04:25.810: [iter 164 : loss : 0.0416 = 0.0407 + -0.0030 + 0.0073 + -0.0034, time: 12.639817]
2023-11-03 23:04:26.507: epoch 164:	0.03302923  	0.13490345  	0.09144904  
2023-11-03 23:04:26.507: Find a better model.
2023-11-03 23:04:39.088: [iter 165 : loss : 0.0414 = 0.0406 + -0.0031 + 0.0074 + -0.0034, time: 12.564327]
2023-11-03 23:04:39.751: epoch 165:	0.03299141  	0.13433744  	0.09175615  
2023-11-03 23:04:52.088: [iter 166 : loss : 0.0409 = 0.0400 + -0.0030 + 0.0074 + -0.0034, time: 12.320536]
2023-11-03 23:04:52.783: epoch 166:	0.03311753  	0.13512079  	0.09206165  
2023-11-03 23:04:52.783: Find a better model.
2023-11-03 23:05:05.435: [iter 167 : loss : 0.0406 = 0.0397 + -0.0031 + 0.0074 + -0.0035, time: 12.637781]
2023-11-03 23:05:06.141: epoch 167:	0.03309860  	0.13469858  	0.09194489  
2023-11-03 23:05:18.792: [iter 168 : loss : 0.0407 = 0.0398 + -0.0031 + 0.0075 + -0.0035, time: 12.632865]
2023-11-03 23:05:19.514: epoch 168:	0.03301033  	0.13477066  	0.09206450  
2023-11-03 23:05:31.996: [iter 169 : loss : 0.0408 = 0.0398 + -0.0031 + 0.0075 + -0.0035, time: 12.461724]
2023-11-03 23:05:32.690: epoch 169:	0.03311751  	0.13530397  	0.09212276  
2023-11-03 23:05:32.690: Find a better model.
2023-11-03 23:05:45.349: [iter 170 : loss : 0.0406 = 0.0396 + -0.0031 + 0.0075 + -0.0035, time: 12.641967]
2023-11-03 23:05:46.052: epoch 170:	0.03302924  	0.13478804  	0.09206171  
2023-11-03 23:05:58.494: [iter 171 : loss : 0.0398 = 0.0388 + -0.0031 + 0.0075 + -0.0035, time: 12.425335]
2023-11-03 23:05:59.208: epoch 171:	0.03318689  	0.13576712  	0.09268923  
2023-11-03 23:05:59.208: Find a better model.
2023-11-03 23:06:11.547: [iter 172 : loss : 0.0394 = 0.0384 + -0.0031 + 0.0076 + -0.0035, time: 12.324420]
2023-11-03 23:06:12.179: epoch 172:	0.03326256  	0.13596217  	0.09270875  
2023-11-03 23:06:12.179: Find a better model.
2023-11-03 23:06:24.758: [iter 173 : loss : 0.0401 = 0.0391 + -0.0031 + 0.0076 + -0.0035, time: 12.562213]
2023-11-03 23:06:25.443: epoch 173:	0.03345175  	0.13664439  	0.09305107  
2023-11-03 23:06:25.443: Find a better model.
2023-11-03 23:06:37.909: [iter 174 : loss : 0.0395 = 0.0385 + -0.0031 + 0.0076 + -0.0035, time: 12.453571]
2023-11-03 23:06:38.584: epoch 174:	0.03348329  	0.13677913  	0.09320201  
2023-11-03 23:06:38.585: Find a better model.
2023-11-03 23:06:51.090: [iter 175 : loss : 0.0397 = 0.0387 + -0.0031 + 0.0076 + -0.0035, time: 12.494137]
2023-11-03 23:06:51.783: epoch 175:	0.03347067  	0.13680230  	0.09317030  
2023-11-03 23:06:51.784: Find a better model.
2023-11-03 23:07:04.268: [iter 176 : loss : 0.0395 = 0.0384 + -0.0031 + 0.0077 + -0.0035, time: 12.460714]
2023-11-03 23:07:04.961: epoch 176:	0.03350852  	0.13714440  	0.09317707  
2023-11-03 23:07:04.961: Find a better model.
2023-11-03 23:07:17.355: [iter 177 : loss : 0.0391 = 0.0380 + -0.0032 + 0.0077 + -0.0035, time: 12.379406]
2023-11-03 23:07:18.081: epoch 177:	0.03356528  	0.13719137  	0.09328681  
2023-11-03 23:07:18.081: Find a better model.
2023-11-03 23:07:30.731: [iter 178 : loss : 0.0388 = 0.0378 + -0.0032 + 0.0077 + -0.0035, time: 12.636179]
2023-11-03 23:07:31.431: epoch 178:	0.03345174  	0.13662004  	0.09339008  
2023-11-03 23:07:43.875: [iter 179 : loss : 0.0388 = 0.0377 + -0.0032 + 0.0077 + -0.0035, time: 12.428652]
2023-11-03 23:07:44.590: epoch 179:	0.03335717  	0.13597876  	0.09343455  
2023-11-03 23:07:57.029: [iter 180 : loss : 0.0390 = 0.0380 + -0.0032 + 0.0078 + -0.0035, time: 12.421558]
2023-11-03 23:07:57.711: epoch 180:	0.03340761  	0.13613339  	0.09337893  
2023-11-03 23:08:10.289: [iter 181 : loss : 0.0391 = 0.0380 + -0.0032 + 0.0078 + -0.0035, time: 12.563722]
2023-11-03 23:08:10.995: epoch 181:	0.03354636  	0.13691948  	0.09382146  
2023-11-03 23:08:23.586: [iter 182 : loss : 0.0381 = 0.0370 + -0.0032 + 0.0078 + -0.0036, time: 12.573936]
2023-11-03 23:08:24.291: epoch 182:	0.03373554  	0.13729933  	0.09394319  
2023-11-03 23:08:24.291: Find a better model.
2023-11-03 23:08:36.699: [iter 183 : loss : 0.0376 = 0.0365 + -0.0032 + 0.0079 + -0.0036, time: 12.394251]
2023-11-03 23:08:37.399: epoch 183:	0.03374185  	0.13722515  	0.09359764  
2023-11-03 23:08:49.792: [iter 184 : loss : 0.0379 = 0.0368 + -0.0032 + 0.0079 + -0.0036, time: 12.379787]
2023-11-03 23:08:50.470: epoch 184:	0.03354006  	0.13656129  	0.09351101  
2023-11-03 23:09:02.898: [iter 185 : loss : 0.0372 = 0.0361 + -0.0032 + 0.0079 + -0.0036, time: 12.413276]
2023-11-03 23:09:03.598: epoch 185:	0.03354636  	0.13683906  	0.09364855  
2023-11-03 23:09:16.092: [iter 186 : loss : 0.0377 = 0.0366 + -0.0032 + 0.0079 + -0.0036, time: 12.481394]
2023-11-03 23:09:16.807: epoch 186:	0.03369140  	0.13740808  	0.09376712  
2023-11-03 23:09:16.807: Find a better model.
2023-11-03 23:09:29.495: [iter 187 : loss : 0.0375 = 0.0363 + -0.0032 + 0.0079 + -0.0036, time: 12.673986]
2023-11-03 23:09:30.187: epoch 187:	0.03380490  	0.13766912  	0.09389903  
2023-11-03 23:09:30.187: Find a better model.
2023-11-03 23:09:42.629: [iter 188 : loss : 0.0375 = 0.0363 + -0.0032 + 0.0080 + -0.0036, time: 12.425689]
2023-11-03 23:09:43.340: epoch 188:	0.03379232  	0.13772433  	0.09404382  
2023-11-03 23:09:43.340: Find a better model.
2023-11-03 23:09:55.919: [iter 189 : loss : 0.0370 = 0.0358 + -0.0032 + 0.0080 + -0.0036, time: 12.561874]
2023-11-03 23:09:56.639: epoch 189:	0.03372296  	0.13729382  	0.09413959  
2023-11-03 23:10:09.176: [iter 190 : loss : 0.0371 = 0.0359 + -0.0032 + 0.0080 + -0.0036, time: 12.520871]
2023-11-03 23:10:09.863: epoch 190:	0.03370403  	0.13717233  	0.09400751  
2023-11-03 23:10:22.463: [iter 191 : loss : 0.0368 = 0.0356 + -0.0032 + 0.0080 + -0.0036, time: 12.586274]
2023-11-03 23:10:23.157: epoch 191:	0.03388691  	0.13770108  	0.09430172  
2023-11-03 23:10:35.571: [iter 192 : loss : 0.0372 = 0.0359 + -0.0032 + 0.0081 + -0.0036, time: 12.401503]
2023-11-03 23:10:36.295: epoch 192:	0.03395626  	0.13817395  	0.09472383  
2023-11-03 23:10:36.295: Find a better model.
2023-11-03 23:10:48.960: [iter 193 : loss : 0.0365 = 0.0352 + -0.0032 + 0.0081 + -0.0036, time: 12.649513]
2023-11-03 23:10:49.667: epoch 193:	0.03396257  	0.13853973  	0.09494856  
2023-11-03 23:10:49.667: Find a better model.
2023-11-03 23:11:02.219: [iter 194 : loss : 0.0364 = 0.0351 + -0.0032 + 0.0081 + -0.0036, time: 12.535955]
2023-11-03 23:11:02.917: epoch 194:	0.03398780  	0.13862109  	0.09523542  
2023-11-03 23:11:02.917: Find a better model.
2023-11-03 23:11:15.274: [iter 195 : loss : 0.0362 = 0.0349 + -0.0033 + 0.0081 + -0.0036, time: 12.336503]
2023-11-03 23:11:15.995: epoch 195:	0.03405084  	0.13866253  	0.09518726  
2023-11-03 23:11:15.996: Find a better model.
2023-11-03 23:11:28.484: [iter 196 : loss : 0.0364 = 0.0351 + -0.0033 + 0.0082 + -0.0036, time: 12.472508]
2023-11-03 23:11:29.197: epoch 196:	0.03423370  	0.13906950  	0.09541999  
2023-11-03 23:11:29.198: Find a better model.
2023-11-03 23:11:41.678: [iter 197 : loss : 0.0359 = 0.0346 + -0.0033 + 0.0082 + -0.0036, time: 12.466568]
2023-11-03 23:11:42.351: epoch 197:	0.03396255  	0.13825829  	0.09507073  
2023-11-03 23:11:54.765: [iter 198 : loss : 0.0357 = 0.0344 + -0.0033 + 0.0082 + -0.0037, time: 12.397269]
2023-11-03 23:11:55.477: epoch 198:	0.03396884  	0.13857970  	0.09488628  
2023-11-03 23:12:08.101: [iter 199 : loss : 0.0353 = 0.0340 + -0.0033 + 0.0082 + -0.0037, time: 12.605152]
2023-11-03 23:12:08.813: epoch 199:	0.03400668  	0.13841066  	0.09501716  
2023-11-03 23:12:21.150: [iter 200 : loss : 0.0362 = 0.0349 + -0.0033 + 0.0083 + -0.0037, time: 12.322217]
2023-11-03 23:12:21.844: epoch 200:	0.03391210  	0.13811553  	0.09502505  
2023-11-03 23:12:21.844: best_result@epoch 196:

2023-11-03 23:12:21.844: 		0.0342      	0.1391      	0.0954      
