2023-11-02 13:43:17.019: my pid: 34223
2023-11-02 13:43:17.019: model: model.general_recommender.GNNEC
2023-11-02 13:43:17.019: Dataset statistics:
Name: amazon-book
The number of users: 7928
The number of items: 29346
The number of ratings: 460224
Average actions of users: 58.05
Average actions of items: 15.68
The sparsity of the dataset: 99.802186%

The number of training: 417417
The number of validation: 0
The number of testing: 42807
2023-11-02 13:43:17.019: NeuRec:[NeuRec]:
recommender=GNNEC
dataset=amazon-book
file_column=UI
sep=','
gpu_id=0
gpu_mem=0.99
metric=["Precision", "Recall", "NDCG"]
top_k=[20]
test_thread=8
test_batch_size=128
seed=2021
start_testing_epoch=0

GNNEC:[hyperparameters]:
mf_reg=1e-4
svd_q=5
aug_type=ND
reg=1e-4
embed_size=64
n_layers=2
ssl_reg=0.02
ssl_ratio=0.5
ssl_temp=0.8
ssl_mode=both_side
lr=1e-3
learner=adam
adj_type=pre
epochs=200
batch_size=2048
num_negatives=1
param_init=xavier_uniform
stddev=0.01
verbose=1
stop_cnt=10
pretrain_flag=0
save_flag=0

Command line:
recommender=GNNEC
dataset=amazon-book
epochs=200
n_layers=2
embed_size=64
batch_size=2048
lr=1e-3
aug_type=ND
reg=1e-4
ssl_reg=0.02
ssl_ratio=0.5
ssl_temp=0.8
mf_reg=1e-4
svd_q=5
2023-11-02 13:43:21.576: metrics:	Precision@20	Recall@20   	NDCG@20     
2023-11-02 13:43:34.636: [iter 1 : loss : 0.9607 = 0.6123 + 0.3466 + 0.0000 + 0.0017, time: 13.059474]
2023-11-02 13:43:35.304: epoch 1:	0.00993946  	0.03773352  	0.02487713  
2023-11-02 13:43:35.304: Find a better model.
2023-11-02 13:43:47.725: [iter 2 : loss : 0.7810 = 0.4797 + 0.2997 + 0.0002 + 0.0015, time: 12.403786]
2023-11-02 13:43:48.366: epoch 2:	0.01099273  	0.04210009  	0.02814698  
2023-11-02 13:43:48.366: Find a better model.
2023-11-02 13:44:00.660: [iter 3 : loss : 0.6977 = 0.4170 + 0.2790 + 0.0003 + 0.0014, time: 12.276431]
2023-11-02 13:44:01.328: epoch 3:	0.01160451  	0.04447399  	0.03010337  
2023-11-02 13:44:01.328: Find a better model.
2023-11-02 13:44:13.770: [iter 4 : loss : 0.6435 = 0.3771 + 0.2648 + 0.0004 + 0.0013, time: 12.424438]
2023-11-02 13:44:14.423: epoch 4:	0.01226044  	0.04706337  	0.03215929  
2023-11-02 13:44:14.423: Find a better model.
2023-11-02 13:44:26.763: [iter 5 : loss : 0.6015 = 0.3462 + 0.2535 + 0.0005 + 0.0013, time: 12.323998]
2023-11-02 13:44:27.454: epoch 5:	0.01288483  	0.04971787  	0.03395744  
2023-11-02 13:44:27.454: Find a better model.
2023-11-02 13:44:39.789: [iter 6 : loss : 0.5700 = 0.3239 + 0.2443 + 0.0006 + 0.0012, time: 12.313626]
2023-11-02 13:44:40.385: epoch 6:	0.01330109  	0.05159886  	0.03533307  
2023-11-02 13:44:40.385: Find a better model.
2023-11-02 13:44:52.736: [iter 7 : loss : 0.5436 = 0.3056 + 0.2362 + 0.0006 + 0.0012, time: 12.335454]
2023-11-02 13:44:53.386: epoch 7:	0.01372997  	0.05335292  	0.03664406  
2023-11-02 13:44:53.386: Find a better model.
2023-11-02 13:45:05.811: [iter 8 : loss : 0.5221 = 0.2907 + 0.2294 + 0.0007 + 0.0011, time: 12.408597]
2023-11-02 13:45:06.471: epoch 8:	0.01431021  	0.05555877  	0.03814868  
2023-11-02 13:45:06.472: Find a better model.
2023-11-02 13:45:18.747: [iter 9 : loss : 0.5006 = 0.2757 + 0.2229 + 0.0008 + 0.0011, time: 12.261747]
2023-11-02 13:45:19.344: epoch 9:	0.01459402  	0.05657117  	0.03894773  
2023-11-02 13:45:19.344: Find a better model.
2023-11-02 13:45:31.804: [iter 10 : loss : 0.4838 = 0.2647 + 0.2171 + 0.0009 + 0.0011, time: 12.446249]
2023-11-02 13:45:32.444: epoch 10:	0.01504181  	0.05826524  	0.04028720  
2023-11-02 13:45:32.444: Find a better model.
2023-11-02 13:45:44.978: [iter 11 : loss : 0.4674 = 0.2538 + 0.2116 + 0.0010 + 0.0011, time: 12.520383]
2023-11-02 13:45:45.642: epoch 11:	0.01542654  	0.05975683  	0.04121852  
2023-11-02 13:45:45.643: Find a better model.
2023-11-02 13:45:58.088: [iter 12 : loss : 0.4527 = 0.2441 + 0.2065 + 0.0011 + 0.0010, time: 12.427640]
2023-11-02 13:45:58.783: epoch 12:	0.01578603  	0.06152303  	0.04245410  
2023-11-02 13:45:58.784: Find a better model.
2023-11-02 13:46:11.472: [iter 13 : loss : 0.4403 = 0.2363 + 0.2018 + 0.0012 + 0.0010, time: 12.669479]
2023-11-02 13:46:12.144: epoch 13:	0.01630952  	0.06376034  	0.04393195  
2023-11-02 13:46:12.144: Find a better model.
2023-11-02 13:46:24.679: [iter 14 : loss : 0.4265 = 0.2273 + 0.1969 + 0.0013 + 0.0010, time: 12.520133]
2023-11-02 13:46:25.338: epoch 14:	0.01665640  	0.06536435  	0.04512781  
2023-11-02 13:46:25.338: Find a better model.
2023-11-02 13:46:37.852: [iter 15 : loss : 0.4127 = 0.2181 + 0.1922 + 0.0013 + 0.0010, time: 12.496188]
2023-11-02 13:46:38.513: epoch 15:	0.01700329  	0.06690889  	0.04642470  
2023-11-02 13:46:38.514: Find a better model.
2023-11-02 13:46:51.048: [iter 16 : loss : 0.4026 = 0.2125 + 0.1878 + 0.0014 + 0.0009, time: 12.515189]
2023-11-02 13:46:51.708: epoch 16:	0.01744478  	0.06878194  	0.04766247  
2023-11-02 13:46:51.708: Find a better model.
2023-11-02 13:47:04.154: [iter 17 : loss : 0.3923 = 0.2066 + 0.1832 + 0.0015 + 0.0009, time: 12.430255]
2023-11-02 13:47:04.831: epoch 17:	0.01784213  	0.07045395  	0.04876007  
2023-11-02 13:47:04.831: Find a better model.
2023-11-02 13:47:17.395: [iter 18 : loss : 0.3831 = 0.2015 + 0.1791 + 0.0016 + 0.0009, time: 12.548865]
2023-11-02 13:47:18.056: epoch 18:	0.01807549  	0.07129353  	0.04934958  
2023-11-02 13:47:18.056: Find a better model.
2023-11-02 13:47:30.689: [iter 19 : loss : 0.3731 = 0.1954 + 0.1751 + 0.0017 + 0.0009, time: 12.616410]
2023-11-02 13:47:31.347: epoch 19:	0.01839714  	0.07266875  	0.05023313  
2023-11-02 13:47:31.348: Find a better model.
2023-11-02 13:47:44.044: [iter 20 : loss : 0.3633 = 0.1896 + 0.1710 + 0.0018 + 0.0008, time: 12.682948]
2023-11-02 13:47:44.720: epoch 20:	0.01866203  	0.07383534  	0.05095179  
2023-11-02 13:47:44.720: Find a better model.
2023-11-02 13:47:57.081: [iter 21 : loss : 0.3541 = 0.1843 + 0.1671 + 0.0019 + 0.0008, time: 12.337702]
2023-11-02 13:47:57.743: epoch 21:	0.01902153  	0.07531214  	0.05188373  
2023-11-02 13:47:57.743: Find a better model.
2023-11-02 13:48:10.355: [iter 22 : loss : 0.3463 = 0.1804 + 0.1631 + 0.0020 + 0.0008, time: 12.592324]
2023-11-02 13:48:11.021: epoch 22:	0.01922335  	0.07618392  	0.05246247  
2023-11-02 13:48:11.021: Find a better model.
2023-11-02 13:48:23.718: [iter 23 : loss : 0.3390 = 0.1766 + 0.1595 + 0.0021 + 0.0008, time: 12.680254]
2023-11-02 13:48:24.330: epoch 23:	0.01949456  	0.07718849  	0.05299381  
2023-11-02 13:48:24.331: Find a better model.
2023-11-02 13:48:36.936: [iter 24 : loss : 0.3323 = 0.1734 + 0.1560 + 0.0022 + 0.0008, time: 12.589152]
2023-11-02 13:48:37.614: epoch 24:	0.01990452  	0.07889213  	0.05407494  
2023-11-02 13:48:37.614: Find a better model.
2023-11-02 13:48:50.385: [iter 25 : loss : 0.3246 = 0.1690 + 0.1525 + 0.0022 + 0.0007, time: 12.753815]
2023-11-02 13:48:51.001: epoch 25:	0.02017572  	0.07993059  	0.05481188  
2023-11-02 13:48:51.001: Find a better model.
2023-11-02 13:49:03.706: [iter 26 : loss : 0.3159 = 0.1641 + 0.1488 + 0.0023 + 0.0007, time: 12.691024]
2023-11-02 13:49:04.401: epoch 26:	0.02039646  	0.08072549  	0.05563368  
2023-11-02 13:49:04.401: Find a better model.
2023-11-02 13:49:17.087: [iter 27 : loss : 0.3101 = 0.1615 + 0.1455 + 0.0024 + 0.0007, time: 12.667854]
2023-11-02 13:49:17.763: epoch 27:	0.02064873  	0.08180075  	0.05622972  
2023-11-02 13:49:17.764: Find a better model.
2023-11-02 13:49:30.465: [iter 28 : loss : 0.3025 = 0.1577 + 0.1416 + 0.0025 + 0.0007, time: 12.683271]
2023-11-02 13:49:31.146: epoch 28:	0.02085686  	0.08292650  	0.05669621  
2023-11-02 13:49:31.146: Find a better model.
2023-11-02 13:49:43.811: [iter 29 : loss : 0.2960 = 0.1544 + 0.1383 + 0.0026 + 0.0007, time: 12.644151]
2023-11-02 13:49:44.456: epoch 29:	0.02097670  	0.08339960  	0.05700567  
2023-11-02 13:49:44.456: Find a better model.
2023-11-02 13:49:57.180: [iter 30 : loss : 0.2913 = 0.1530 + 0.1350 + 0.0027 + 0.0007, time: 12.708307]
2023-11-02 13:49:57.858: epoch 30:	0.02134251  	0.08471256  	0.05774337  
2023-11-02 13:49:57.858: Find a better model.
2023-11-02 13:50:10.252: [iter 31 : loss : 0.2837 = 0.1483 + 0.1320 + 0.0028 + 0.0006, time: 12.373703]
2023-11-02 13:50:10.839: epoch 31:	0.02156956  	0.08551116  	0.05837659  
2023-11-02 13:50:10.839: Find a better model.
2023-11-02 13:50:23.379: [iter 32 : loss : 0.2800 = 0.1480 + 0.1285 + 0.0029 + 0.0006, time: 12.522820]
2023-11-02 13:50:24.051: epoch 32:	0.02179030  	0.08644105  	0.05888468  
2023-11-02 13:50:24.051: Find a better model.
2023-11-02 13:50:36.673: [iter 33 : loss : 0.2729 = 0.1439 + 0.1253 + 0.0030 + 0.0006, time: 12.605650]
2023-11-02 13:50:37.332: epoch 33:	0.02187860  	0.08696568  	0.05929270  
2023-11-02 13:50:37.333: Find a better model.
2023-11-02 13:50:49.849: [iter 34 : loss : 0.2688 = 0.1430 + 0.1222 + 0.0031 + 0.0006, time: 12.494419]
2023-11-02 13:50:50.514: epoch 34:	0.02200474  	0.08742144  	0.05988776  
2023-11-02 13:50:50.514: Find a better model.
2023-11-02 13:51:03.041: [iter 35 : loss : 0.2619 = 0.1391 + 0.1191 + 0.0032 + 0.0006, time: 12.509670]
2023-11-02 13:51:03.650: epoch 35:	0.02219394  	0.08799581  	0.06045310  
2023-11-02 13:51:03.650: Find a better model.
2023-11-02 13:51:16.103: [iter 36 : loss : 0.2567 = 0.1368 + 0.1161 + 0.0033 + 0.0006, time: 12.434542]
2023-11-02 13:51:16.771: epoch 36:	0.02243361  	0.08876648  	0.06107583  
2023-11-02 13:51:16.771: Find a better model.
2023-11-02 13:51:29.308: [iter 37 : loss : 0.2521 = 0.1350 + 0.1132 + 0.0034 + 0.0005, time: 12.521662]
2023-11-02 13:51:29.925: epoch 37:	0.02257236  	0.08941721  	0.06146373  
2023-11-02 13:51:29.925: Find a better model.
2023-11-02 13:51:42.651: [iter 38 : loss : 0.2478 = 0.1337 + 0.1101 + 0.0035 + 0.0005, time: 12.708315]
2023-11-02 13:51:43.328: epoch 38:	0.02279942  	0.09049867  	0.06225868  
2023-11-02 13:51:43.328: Find a better model.
2023-11-02 13:51:55.923: [iter 39 : loss : 0.2410 = 0.1298 + 0.1071 + 0.0036 + 0.0005, time: 12.578323]
2023-11-02 13:51:56.603: epoch 39:	0.02305171  	0.09133935  	0.06282365  
2023-11-02 13:51:56.603: Find a better model.
2023-11-02 13:52:09.316: [iter 40 : loss : 0.2379 = 0.1298 + 0.1040 + 0.0037 + 0.0005, time: 12.698594]
2023-11-02 13:52:09.969: epoch 40:	0.02327244  	0.09229366  	0.06340804  
2023-11-02 13:52:09.969: Find a better model.
2023-11-02 13:52:22.664: [iter 41 : loss : 0.2322 = 0.1269 + 0.1010 + 0.0037 + 0.0005, time: 12.679111]
2023-11-02 13:52:23.324: epoch 41:	0.02351210  	0.09323297  	0.06400949  
2023-11-02 13:52:23.324: Find a better model.
2023-11-02 13:52:36.090: [iter 42 : loss : 0.2277 = 0.1250 + 0.0984 + 0.0038 + 0.0005, time: 12.750483]
2023-11-02 13:52:36.751: epoch 42:	0.02358148  	0.09356007  	0.06438503  
2023-11-02 13:52:36.752: Find a better model.
2023-11-02 13:52:49.382: [iter 43 : loss : 0.2236 = 0.1241 + 0.0951 + 0.0039 + 0.0005, time: 12.615089]
2023-11-02 13:52:50.032: epoch 43:	0.02385268  	0.09469357  	0.06500483  
2023-11-02 13:52:50.032: Find a better model.
2023-11-02 13:53:02.560: [iter 44 : loss : 0.2199 = 0.1229 + 0.0925 + 0.0040 + 0.0004, time: 12.512858]
2023-11-02 13:53:03.235: epoch 44:	0.02416172  	0.09584595  	0.06578740  
2023-11-02 13:53:03.235: Find a better model.
2023-11-02 13:53:16.009: [iter 45 : loss : 0.2147 = 0.1204 + 0.0898 + 0.0041 + 0.0004, time: 12.755644]
2023-11-02 13:53:16.671: epoch 45:	0.02428157  	0.09656346  	0.06614223  
2023-11-02 13:53:16.671: Find a better model.
2023-11-02 13:53:29.319: [iter 46 : loss : 0.2105 = 0.1192 + 0.0867 + 0.0042 + 0.0004, time: 12.631902]
2023-11-02 13:53:29.938: epoch 46:	0.02442661  	0.09713291  	0.06654513  
2023-11-02 13:53:29.939: Find a better model.
2023-11-02 13:53:42.570: [iter 47 : loss : 0.2071 = 0.1183 + 0.0840 + 0.0043 + 0.0004, time: 12.615412]
2023-11-02 13:53:43.242: epoch 47:	0.02471043  	0.09800425  	0.06714809  
2023-11-02 13:53:43.242: Find a better model.
2023-11-02 13:53:56.003: [iter 48 : loss : 0.2025 = 0.1165 + 0.0813 + 0.0044 + 0.0004, time: 12.739816]
2023-11-02 13:53:56.670: epoch 48:	0.02481765  	0.09834418  	0.06743469  
2023-11-02 13:53:56.671: Find a better model.
2023-11-02 13:54:09.282: [iter 49 : loss : 0.1975 = 0.1139 + 0.0787 + 0.0045 + 0.0004, time: 12.595258]
2023-11-02 13:54:09.962: epoch 49:	0.02496902  	0.09903459  	0.06779124  
2023-11-02 13:54:09.962: Find a better model.
2023-11-02 13:54:22.536: [iter 50 : loss : 0.1932 = 0.1127 + 0.0755 + 0.0046 + 0.0004, time: 12.555802]
2023-11-02 13:54:23.191: epoch 50:	0.02510147  	0.09968144  	0.06822464  
2023-11-02 13:54:23.191: Find a better model.
2023-11-02 13:54:35.883: [iter 51 : loss : 0.1915 = 0.1134 + 0.0730 + 0.0047 + 0.0003, time: 12.675115]
2023-11-02 13:54:36.573: epoch 51:	0.02510147  	0.09964711  	0.06865082  
2023-11-02 13:54:49.231: [iter 52 : loss : 0.1869 = 0.1115 + 0.0703 + 0.0048 + 0.0003, time: 12.641117]
2023-11-02 13:54:49.910: epoch 52:	0.02514562  	0.09977982  	0.06874920  
2023-11-02 13:54:49.910: Find a better model.
2023-11-02 13:55:02.505: [iter 53 : loss : 0.1828 = 0.1099 + 0.0677 + 0.0049 + 0.0003, time: 12.570621]
2023-11-02 13:55:03.135: epoch 53:	0.02542944  	0.10103935  	0.06956431  
2023-11-02 13:55:03.136: Find a better model.
2023-11-02 13:55:15.784: [iter 54 : loss : 0.1792 = 0.1090 + 0.0648 + 0.0050 + 0.0003, time: 12.636591]
2023-11-02 13:55:16.447: epoch 54:	0.02564386  	0.10197781  	0.06991255  
2023-11-02 13:55:16.447: Find a better model.
2023-11-02 13:55:29.132: [iter 55 : loss : 0.1742 = 0.1064 + 0.0624 + 0.0051 + 0.0003, time: 12.666289]
2023-11-02 13:55:29.802: epoch 55:	0.02576369  	0.10248430  	0.07036418  
2023-11-02 13:55:29.802: Find a better model.
2023-11-02 13:55:42.351: [iter 56 : loss : 0.1719 = 0.1068 + 0.0595 + 0.0052 + 0.0003, time: 12.531490]
2023-11-02 13:55:43.020: epoch 56:	0.02609797  	0.10376824  	0.07103921  
2023-11-02 13:55:43.020: Find a better model.
2023-11-02 13:55:55.635: [iter 57 : loss : 0.1688 = 0.1062 + 0.0569 + 0.0054 + 0.0003, time: 12.596327]
2023-11-02 13:55:56.285: epoch 57:	0.02637547  	0.10492918  	0.07160165  
2023-11-02 13:55:56.285: Find a better model.
2023-11-02 13:56:08.944: [iter 58 : loss : 0.1639 = 0.1041 + 0.0541 + 0.0055 + 0.0002, time: 12.640873]
2023-11-02 13:56:09.614: epoch 58:	0.02652053  	0.10575590  	0.07208522  
2023-11-02 13:56:09.614: Find a better model.
2023-11-02 13:56:22.427: [iter 59 : loss : 0.1610 = 0.1038 + 0.0514 + 0.0056 + 0.0002, time: 12.796549]
2023-11-02 13:56:23.094: epoch 59:	0.02658991  	0.10609465  	0.07243647  
2023-11-02 13:56:23.094: Find a better model.
2023-11-02 13:56:35.744: [iter 60 : loss : 0.1588 = 0.1039 + 0.0490 + 0.0057 + 0.0002, time: 12.631483]
2023-11-02 13:56:36.402: epoch 60:	0.02670974  	0.10666647  	0.07286555  
2023-11-02 13:56:36.403: Find a better model.
2023-11-02 13:56:48.998: [iter 61 : loss : 0.1542 = 0.1018 + 0.0464 + 0.0058 + 0.0002, time: 12.576176]
2023-11-02 13:56:49.612: epoch 61:	0.02675389  	0.10655715  	0.07299580  
2023-11-02 13:57:02.432: [iter 62 : loss : 0.1504 = 0.1005 + 0.0439 + 0.0059 + 0.0002, time: 12.801180]
2023-11-02 13:57:03.058: epoch 62:	0.02699356  	0.10772972  	0.07344291  
2023-11-02 13:57:03.059: Find a better model.
2023-11-02 13:57:15.691: [iter 63 : loss : 0.1487 = 0.1013 + 0.0412 + 0.0060 + 0.0002, time: 12.615962]
2023-11-02 13:57:16.371: epoch 63:	0.02713863  	0.10842934  	0.07384343  
2023-11-02 13:57:16.372: Find a better model.
2023-11-02 13:57:28.609: [iter 64 : loss : 0.1437 = 0.0988 + 0.0387 + 0.0061 + 0.0002, time: 12.221764]
2023-11-02 13:57:29.260: epoch 64:	0.02716386  	0.10854828  	0.07411586  
2023-11-02 13:57:29.260: Find a better model.
2023-11-02 13:57:41.863: [iter 65 : loss : 0.1390 = 0.0964 + 0.0362 + 0.0062 + 0.0002, time: 12.588261]
2023-11-02 13:57:42.529: epoch 65:	0.02735938  	0.10941035  	0.07454728  
2023-11-02 13:57:42.529: Find a better model.
2023-11-02 13:57:55.099: [iter 66 : loss : 0.1370 = 0.0969 + 0.0337 + 0.0063 + 0.0001, time: 12.553908]
2023-11-02 13:57:55.769: epoch 66:	0.02745398  	0.10960550  	0.07479767  
2023-11-02 13:57:55.769: Find a better model.
2023-11-02 13:58:08.487: [iter 67 : loss : 0.1355 = 0.0978 + 0.0312 + 0.0064 + 0.0001, time: 12.701283]
2023-11-02 13:58:09.121: epoch 67:	0.02759904  	0.11020396  	0.07520585  
2023-11-02 13:58:09.121: Find a better model.
2023-11-02 13:58:21.872: [iter 68 : loss : 0.1321 = 0.0971 + 0.0284 + 0.0065 + 0.0001, time: 12.730708]
2023-11-02 13:58:22.511: epoch 68:	0.02764319  	0.11068192  	0.07566220  
2023-11-02 13:58:22.511: Find a better model.
2023-11-02 13:58:34.987: [iter 69 : loss : 0.1285 = 0.0955 + 0.0263 + 0.0066 + 0.0001, time: 12.461716]
2023-11-02 13:58:35.625: epoch 69:	0.02782610  	0.11162241  	0.07621763  
2023-11-02 13:58:35.625: Find a better model.
2023-11-02 13:58:48.233: [iter 70 : loss : 0.1277 = 0.0973 + 0.0235 + 0.0067 + 0.0001, time: 12.590560]
2023-11-02 13:58:48.846: epoch 70:	0.02786394  	0.11160371  	0.07632290  
2023-11-02 13:59:01.633: [iter 71 : loss : 0.1229 = 0.0947 + 0.0213 + 0.0069 + 0.0001, time: 12.769297]
2023-11-02 13:59:02.288: epoch 71:	0.02796485  	0.11221052  	0.07666823  
2023-11-02 13:59:02.288: Find a better model.
2023-11-02 13:59:14.818: [iter 72 : loss : 0.1198 = 0.0941 + 0.0187 + 0.0070 + 0.0001, time: 12.515935]
2023-11-02 13:59:15.491: epoch 72:	0.02797747  	0.11223288  	0.07699575  
2023-11-02 13:59:15.491: Find a better model.
2023-11-02 13:59:27.871: [iter 73 : loss : 0.1165 = 0.0929 + 0.0164 + 0.0071 + 0.0001, time: 12.357924]
2023-11-02 13:59:28.532: epoch 73:	0.02816037  	0.11291318  	0.07740788  
2023-11-02 13:59:28.532: Find a better model.
2023-11-02 13:59:41.297: [iter 74 : loss : 0.1140 = 0.0927 + 0.0141 + 0.0072 + 0.0000, time: 12.746965]
2023-11-02 13:59:41.922: epoch 74:	0.02822975  	0.11307452  	0.07775264  
2023-11-02 13:59:41.923: Find a better model.
2023-11-02 13:59:54.428: [iter 75 : loss : 0.1096 = 0.0907 + 0.0116 + 0.0073 + 0.0000, time: 12.489006]
2023-11-02 13:59:55.100: epoch 75:	0.02842527  	0.11425953  	0.07809710  
2023-11-02 13:59:55.100: Find a better model.
2023-11-02 14:00:07.637: [iter 76 : loss : 0.1102 = 0.0938 + 0.0090 + 0.0074 + 0.0000, time: 12.517972]
2023-11-02 14:00:08.280: epoch 76:	0.02839373  	0.11414815  	0.07845578  
2023-11-02 14:00:20.870: [iter 77 : loss : 0.1051 = 0.0908 + 0.0067 + 0.0075 + 0.0000, time: 12.572030]
2023-11-02 14:00:21.539: epoch 77:	0.02852617  	0.11474618  	0.07871410  
2023-11-02 14:00:21.539: Find a better model.
2023-11-02 14:00:34.206: [iter 78 : loss : 0.1024 = 0.0903 + 0.0044 + 0.0076 + -0.0000, time: 12.650706]
2023-11-02 14:00:34.901: epoch 78:	0.02859554  	0.11497734  	0.07889970  
2023-11-02 14:00:34.901: Find a better model.
2023-11-02 14:00:47.527: [iter 79 : loss : 0.1000 = 0.0902 + 0.0020 + 0.0078 + -0.0000, time: 12.603818]
2023-11-02 14:00:48.175: epoch 79:	0.02868385  	0.11534743  	0.07915304  
2023-11-02 14:00:48.175: Find a better model.
2023-11-02 14:01:00.947: [iter 80 : loss : 0.0963 = 0.0888 + -0.0004 + 0.0079 + -0.0000, time: 12.755190]
2023-11-02 14:01:01.608: epoch 80:	0.02876584  	0.11578178  	0.07938498  
2023-11-02 14:01:01.608: Find a better model.
2023-11-02 14:01:14.122: [iter 81 : loss : 0.0952 = 0.0901 + -0.0028 + 0.0080 + -0.0000, time: 12.495751]
2023-11-02 14:01:14.767: epoch 81:	0.02892982  	0.11640450  	0.07973292  
2023-11-02 14:01:14.767: Find a better model.
2023-11-02 14:01:27.305: [iter 82 : loss : 0.0930 = 0.0901 + -0.0051 + 0.0081 + -0.0001, time: 12.522501]
2023-11-02 14:01:27.976: epoch 82:	0.02906227  	0.11701691  	0.07998420  
2023-11-02 14:01:27.976: Find a better model.
2023-11-02 14:01:40.673: [iter 83 : loss : 0.0880 = 0.0871 + -0.0072 + 0.0082 + -0.0001, time: 12.682009]
2023-11-02 14:01:41.304: epoch 83:	0.02914427  	0.11725484  	0.08017053  
2023-11-02 14:01:41.304: Find a better model.
2023-11-02 14:01:53.960: [iter 84 : loss : 0.0856 = 0.0871 + -0.0098 + 0.0083 + -0.0001, time: 12.638093]
2023-11-02 14:01:54.652: epoch 84:	0.02925777  	0.11770757  	0.08059002  
2023-11-02 14:01:54.652: Find a better model.
2023-11-02 14:02:07.201: [iter 85 : loss : 0.0830 = 0.0867 + -0.0121 + 0.0084 + -0.0001, time: 12.531214]
2023-11-02 14:02:07.862: epoch 85:	0.02935869  	0.11819980  	0.08101269  
2023-11-02 14:02:07.862: Find a better model.
2023-11-02 14:02:20.534: [iter 86 : loss : 0.0814 = 0.0873 + -0.0144 + 0.0086 + -0.0001, time: 12.655242]
2023-11-02 14:02:21.209: epoch 86:	0.02947221  	0.11851033  	0.08124541  
2023-11-02 14:02:21.209: Find a better model.
2023-11-02 14:02:33.861: [iter 87 : loss : 0.0792 = 0.0874 + -0.0168 + 0.0087 + -0.0001, time: 12.637211]
2023-11-02 14:02:34.539: epoch 87:	0.02945960  	0.11861134  	0.08135273  
2023-11-02 14:02:34.540: Find a better model.
2023-11-02 14:02:47.346: [iter 88 : loss : 0.0771 = 0.0874 + -0.0190 + 0.0088 + -0.0001, time: 12.787385]
2023-11-02 14:02:48.000: epoch 88:	0.02958574  	0.11921288  	0.08172244  
2023-11-02 14:02:48.000: Find a better model.
2023-11-02 14:03:00.739: [iter 89 : loss : 0.0744 = 0.0867 + -0.0210 + 0.0089 + -0.0001, time: 12.723136]
2023-11-02 14:03:01.390: epoch 89:	0.02965512  	0.11951533  	0.08202003  
2023-11-02 14:03:01.390: Find a better model.
2023-11-02 14:03:14.043: [iter 90 : loss : 0.0713 = 0.0857 + -0.0233 + 0.0090 + -0.0001, time: 12.636057]
2023-11-02 14:03:14.713: epoch 90:	0.02971188  	0.11977355  	0.08239848  
2023-11-02 14:03:14.713: Find a better model.
2023-11-02 14:03:27.299: [iter 91 : loss : 0.0692 = 0.0858 + -0.0256 + 0.0091 + -0.0002, time: 12.570215]
2023-11-02 14:03:27.988: epoch 91:	0.02991370  	0.12056904  	0.08265768  
2023-11-02 14:03:27.988: Find a better model.
2023-11-02 14:03:40.579: [iter 92 : loss : 0.0684 = 0.0875 + -0.0281 + 0.0093 + -0.0002, time: 12.570020]
2023-11-02 14:03:41.233: epoch 92:	0.03002722  	0.12102251  	0.08295333  
2023-11-02 14:03:41.234: Find a better model.
2023-11-02 14:03:53.882: [iter 93 : loss : 0.0641 = 0.0846 + -0.0297 + 0.0094 + -0.0002, time: 12.630293]
2023-11-02 14:03:54.516: epoch 93:	0.02994524  	0.12086061  	0.08294474  
2023-11-02 14:04:07.195: [iter 94 : loss : 0.0625 = 0.0852 + -0.0320 + 0.0095 + -0.0002, time: 12.661877]
2023-11-02 14:04:07.880: epoch 94:	0.03002092  	0.12104283  	0.08307794  
2023-11-02 14:04:07.881: Find a better model.
2023-11-02 14:04:20.359: [iter 95 : loss : 0.0609 = 0.0857 + -0.0343 + 0.0096 + -0.0002, time: 12.460045]
2023-11-02 14:04:21.023: epoch 95:	0.03010922  	0.12141506  	0.08326004  
2023-11-02 14:04:21.024: Find a better model.
2023-11-02 14:04:33.635: [iter 96 : loss : 0.0581 = 0.0849 + -0.0363 + 0.0097 + -0.0002, time: 12.597132]
2023-11-02 14:04:34.287: epoch 96:	0.03020381  	0.12177092  	0.08348916  
2023-11-02 14:04:34.287: Find a better model.
2023-11-02 14:04:46.874: [iter 97 : loss : 0.0531 = 0.0818 + -0.0383 + 0.0098 + -0.0002, time: 12.571909]
2023-11-02 14:04:47.494: epoch 97:	0.03037410  	0.12251723  	0.08380821  
2023-11-02 14:04:47.495: Find a better model.
2023-11-02 14:05:00.095: [iter 98 : loss : 0.0529 = 0.0842 + -0.0410 + 0.0100 + -0.0002, time: 12.586518]
2023-11-02 14:05:00.735: epoch 98:	0.03047501  	0.12284857  	0.08412674  
2023-11-02 14:05:00.735: Find a better model.
2023-11-02 14:05:13.317: [iter 99 : loss : 0.0495 = 0.0826 + -0.0429 + 0.0101 + -0.0002, time: 12.562580]
2023-11-02 14:05:13.988: epoch 99:	0.03049394  	0.12293140  	0.08431946  
2023-11-02 14:05:13.988: Find a better model.
2023-11-02 14:05:26.596: [iter 100 : loss : 0.0473 = 0.0821 + -0.0448 + 0.0102 + -0.0003, time: 12.589068]
2023-11-02 14:05:27.261: epoch 100:	0.03061377  	0.12337455  	0.08457252  
2023-11-02 14:05:27.261: Find a better model.
2023-11-02 14:05:39.830: [iter 101 : loss : 0.0481 = 0.0852 + -0.0472 + 0.0103 + -0.0003, time: 12.548072]
2023-11-02 14:05:40.481: epoch 101:	0.03067685  	0.12367182  	0.08469921  
2023-11-02 14:05:40.482: Find a better model.
2023-11-02 14:05:53.118: [iter 102 : loss : 0.0464 = 0.0855 + -0.0492 + 0.0104 + -0.0003, time: 12.618535]
2023-11-02 14:05:53.796: epoch 102:	0.03082822  	0.12428137  	0.08506692  
2023-11-02 14:05:53.796: Find a better model.
2023-11-02 14:06:06.392: [iter 103 : loss : 0.0431 = 0.0841 + -0.0512 + 0.0106 + -0.0003, time: 12.578840]
2023-11-02 14:06:07.048: epoch 103:	0.03075884  	0.12409125  	0.08498996  
2023-11-02 14:06:19.434: [iter 104 : loss : 0.0396 = 0.0824 + -0.0531 + 0.0107 + -0.0003, time: 12.368957]
2023-11-02 14:06:20.097: epoch 104:	0.03094173  	0.12472733  	0.08543704  
2023-11-02 14:06:20.097: Find a better model.
2023-11-02 14:06:32.551: [iter 105 : loss : 0.0365 = 0.0812 + -0.0552 + 0.0108 + -0.0003, time: 12.436819]
2023-11-02 14:06:33.210: epoch 105:	0.03106788  	0.12515488  	0.08580649  
2023-11-02 14:06:33.210: Find a better model.
2023-11-02 14:06:45.875: [iter 106 : loss : 0.0371 = 0.0838 + -0.0573 + 0.0109 + -0.0003, time: 12.649944]
2023-11-02 14:06:46.544: epoch 106:	0.03112464  	0.12540983  	0.08591751  
2023-11-02 14:06:46.545: Find a better model.
2023-11-02 14:06:59.146: [iter 107 : loss : 0.0335 = 0.0821 + -0.0592 + 0.0110 + -0.0003, time: 12.585936]
2023-11-02 14:06:59.806: epoch 107:	0.03117509  	0.12579827  	0.08614591  
2023-11-02 14:06:59.806: Find a better model.
2023-11-02 14:07:12.444: [iter 108 : loss : 0.0325 = 0.0831 + -0.0613 + 0.0111 + -0.0003, time: 12.622900]
2023-11-02 14:07:13.060: epoch 108:	0.03126339  	0.12606795  	0.08651347  
2023-11-02 14:07:13.060: Find a better model.
2023-11-02 14:07:25.631: [iter 109 : loss : 0.0274 = 0.0799 + -0.0634 + 0.0113 + -0.0004, time: 12.550066]
2023-11-02 14:07:26.309: epoch 109:	0.03118140  	0.12580137  	0.08652253  
2023-11-02 14:07:38.962: [iter 110 : loss : 0.0282 = 0.0827 + -0.0655 + 0.0114 + -0.0004, time: 12.636612]
2023-11-02 14:07:39.625: epoch 110:	0.03137060  	0.12647280  	0.08689651  
2023-11-02 14:07:39.626: Find a better model.
2023-11-02 14:07:52.319: [iter 111 : loss : 0.0227 = 0.0790 + -0.0675 + 0.0115 + -0.0004, time: 12.675590]
2023-11-02 14:07:52.968: epoch 111:	0.03137061  	0.12637004  	0.08692139  
2023-11-02 14:08:05.491: [iter 112 : loss : 0.0254 = 0.0834 + -0.0693 + 0.0116 + -0.0004, time: 12.508436]
2023-11-02 14:08:06.188: epoch 112:	0.03145891  	0.12663853  	0.08710875  
2023-11-02 14:08:06.188: Find a better model.
2023-11-02 14:08:18.719: [iter 113 : loss : 0.0195 = 0.0791 + -0.0710 + 0.0117 + -0.0004, time: 12.510186]
2023-11-02 14:08:19.407: epoch 113:	0.03152198  	0.12689540  	0.08731638  
2023-11-02 14:08:19.407: Find a better model.
2023-11-02 14:08:32.023: [iter 114 : loss : 0.0186 = 0.0805 + -0.0734 + 0.0119 + -0.0004, time: 12.590378]
2023-11-02 14:08:32.708: epoch 114:	0.03140214  	0.12658921  	0.08741729  
2023-11-02 14:08:45.412: [iter 115 : loss : 0.0190 = 0.0827 + -0.0753 + 0.0120 + -0.0004, time: 12.684016]
2023-11-02 14:08:46.092: epoch 115:	0.03147152  	0.12679821  	0.08751483  
2023-11-02 14:08:58.808: [iter 116 : loss : 0.0163 = 0.0819 + -0.0773 + 0.0121 + -0.0004, time: 12.694984]
2023-11-02 14:08:59.468: epoch 116:	0.03136431  	0.12658754  	0.08766743  
2023-11-02 14:09:12.149: [iter 117 : loss : 0.0138 = 0.0809 + -0.0789 + 0.0122 + -0.0004, time: 12.664452]
2023-11-02 14:09:12.803: epoch 117:	0.03155352  	0.12716457  	0.08797550  
2023-11-02 14:09:12.803: Find a better model.
2023-11-02 14:09:25.283: [iter 118 : loss : 0.0098 = 0.0788 + -0.0808 + 0.0123 + -0.0004, time: 12.462714]
2023-11-02 14:09:25.965: epoch 118:	0.03148413  	0.12695852  	0.08785019  
2023-11-02 14:09:38.593: [iter 119 : loss : 0.0104 = 0.0813 + -0.0829 + 0.0125 + -0.0005, time: 12.604477]
2023-11-02 14:09:39.270: epoch 119:	0.03166705  	0.12761861  	0.08826322  
2023-11-02 14:09:39.270: Find a better model.
2023-11-02 14:09:51.953: [iter 120 : loss : 0.0083 = 0.0808 + -0.0846 + 0.0126 + -0.0005, time: 12.663715]
2023-11-02 14:09:52.561: epoch 120:	0.03158506  	0.12756424  	0.08841582  
2023-11-02 14:10:05.262: [iter 121 : loss : 0.0075 = 0.0819 + -0.0867 + 0.0127 + -0.0005, time: 12.685646]
2023-11-02 14:10:05.895: epoch 121:	0.03162920  	0.12776595  	0.08855905  
2023-11-02 14:10:05.895: Find a better model.
2023-11-02 14:10:18.496: [iter 122 : loss : 0.0049 = 0.0809 + -0.0884 + 0.0128 + -0.0005, time: 12.585253]
2023-11-02 14:10:19.157: epoch 122:	0.03172380  	0.12792408  	0.08874016  
2023-11-02 14:10:19.163: Find a better model.
2023-11-02 14:10:31.644: [iter 123 : loss : 0.0026 = 0.0804 + -0.0903 + 0.0129 + -0.0005, time: 12.467685]
2023-11-02 14:10:32.337: epoch 123:	0.03168596  	0.12796921  	0.08870929  
2023-11-02 14:10:32.337: Find a better model.
2023-11-02 14:10:44.828: [iter 124 : loss : 0.0011 = 0.0807 + -0.0921 + 0.0131 + -0.0005, time: 12.469710]
2023-11-02 14:10:45.474: epoch 124:	0.03167334  	0.12789774  	0.08876948  
2023-11-02 14:10:57.957: [iter 125 : loss : 0.0018 = 0.0831 + -0.0940 + 0.0132 + -0.0005, time: 12.465022]
2023-11-02 14:10:58.584: epoch 125:	0.03173641  	0.12832195  	0.08884194  
2023-11-02 14:10:58.584: Find a better model.
2023-11-02 14:11:11.303: [iter 126 : loss : -0.0030 = 0.0799 + -0.0956 + 0.0133 + -0.0005, time: 12.699437]
2023-11-02 14:11:11.992: epoch 126:	0.03179316  	0.12855804  	0.08906161  
2023-11-02 14:11:11.992: Find a better model.
2023-11-02 14:11:24.619: [iter 127 : loss : -0.0059 = 0.0787 + -0.0975 + 0.0134 + -0.0005, time: 12.606319]
2023-11-02 14:11:25.293: epoch 127:	0.03186886  	0.12875444  	0.08933014  
2023-11-02 14:11:25.293: Find a better model.
2023-11-02 14:11:37.913: [iter 128 : loss : -0.0053 = 0.0808 + -0.0990 + 0.0135 + -0.0005, time: 12.603759]
2023-11-02 14:11:38.579: epoch 128:	0.03200761  	0.12926190  	0.08975904  
2023-11-02 14:11:38.579: Find a better model.
2023-11-02 14:11:51.220: [iter 129 : loss : -0.0069 = 0.0810 + -0.1010 + 0.0137 + -0.0005, time: 12.615300]
2023-11-02 14:11:51.898: epoch 129:	0.03200761  	0.12948398  	0.08979046  
2023-11-02 14:11:51.898: Find a better model.
2023-11-02 14:12:04.453: [iter 130 : loss : -0.0091 = 0.0804 + -0.1027 + 0.0138 + -0.0006, time: 12.534367]
2023-11-02 14:12:05.130: epoch 130:	0.03213375  	0.13010842  	0.08994482  
2023-11-02 14:12:05.130: Find a better model.
2023-11-02 14:12:17.604: [iter 131 : loss : -0.0129 = 0.0783 + -0.1045 + 0.0139 + -0.0006, time: 12.456012]
2023-11-02 14:12:18.273: epoch 131:	0.03217160  	0.13035938  	0.09032340  
2023-11-02 14:12:18.273: Find a better model.
2023-11-02 14:12:30.870: [iter 132 : loss : -0.0106 = 0.0820 + -0.1061 + 0.0140 + -0.0006, time: 12.582618]
2023-11-02 14:12:31.513: epoch 132:	0.03222836  	0.13066384  	0.09043177  
2023-11-02 14:12:31.513: Find a better model.
2023-11-02 14:12:44.033: [iter 133 : loss : -0.0131 = 0.0812 + -0.1079 + 0.0141 + -0.0006, time: 12.499037]
2023-11-02 14:12:44.712: epoch 133:	0.03228512  	0.13083333  	0.09049752  
2023-11-02 14:12:44.712: Find a better model.
2023-11-02 14:12:57.163: [iter 134 : loss : -0.0154 = 0.0807 + -0.1097 + 0.0143 + -0.0006, time: 12.432318]
2023-11-02 14:12:57.873: epoch 134:	0.03240494  	0.13111489  	0.09072913  
2023-11-02 14:12:57.873: Find a better model.
2023-11-02 14:13:10.600: [iter 135 : loss : -0.0178 = 0.0797 + -0.1113 + 0.0144 + -0.0006, time: 12.700092]
2023-11-02 14:13:11.263: epoch 135:	0.03243016  	0.13121943  	0.09086784  
2023-11-02 14:13:11.263: Find a better model.
2023-11-02 14:13:23.860: [iter 136 : loss : -0.0213 = 0.0779 + -0.1131 + 0.0145 + -0.0006, time: 12.581236]
2023-11-02 14:13:24.510: epoch 136:	0.03246169  	0.13138789  	0.09106807  
2023-11-02 14:13:24.510: Find a better model.
2023-11-02 14:13:37.076: [iter 137 : loss : -0.0202 = 0.0807 + -0.1149 + 0.0146 + -0.0006, time: 12.549220]
2023-11-02 14:13:37.733: epoch 137:	0.03240494  	0.13100994  	0.09093885  
2023-11-02 14:13:50.422: [iter 138 : loss : -0.0220 = 0.0800 + -0.1161 + 0.0147 + -0.0006, time: 12.667047]
2023-11-02 14:13:51.096: epoch 138:	0.03248691  	0.13124353  	0.09126832  
2023-11-02 14:14:03.575: [iter 139 : loss : -0.0241 = 0.0801 + -0.1184 + 0.0148 + -0.0006, time: 12.461996]
2023-11-02 14:14:04.250: epoch 139:	0.03249952  	0.13143034  	0.09123443  
2023-11-02 14:14:04.250: Find a better model.
2023-11-02 14:14:16.701: [iter 140 : loss : -0.0230 = 0.0826 + -0.1200 + 0.0150 + -0.0006, time: 12.432646]
2023-11-02 14:14:17.369: epoch 140:	0.03245539  	0.13130194  	0.09124098  
2023-11-02 14:14:30.030: [iter 141 : loss : -0.0267 = 0.0803 + -0.1214 + 0.0151 + -0.0006, time: 12.644905]
2023-11-02 14:14:30.712: epoch 141:	0.03253106  	0.13160801  	0.09144641  
2023-11-02 14:14:30.712: Find a better model.
2023-11-02 14:14:43.374: [iter 142 : loss : -0.0279 = 0.0804 + -0.1228 + 0.0152 + -0.0007, time: 12.639884]
2023-11-02 14:14:44.051: epoch 142:	0.03269501  	0.13203530  	0.09171474  
2023-11-02 14:14:44.051: Find a better model.
2023-11-02 14:14:56.725: [iter 143 : loss : -0.0277 = 0.0822 + -0.1246 + 0.0153 + -0.0007, time: 12.655961]
2023-11-02 14:14:57.383: epoch 143:	0.03270763  	0.13214341  	0.09179115  
2023-11-02 14:14:57.383: Find a better model.
2023-11-02 14:15:09.816: [iter 144 : loss : -0.0311 = 0.0803 + -0.1262 + 0.0154 + -0.0007, time: 12.413934]
2023-11-02 14:15:10.434: epoch 144:	0.03266979  	0.13210268  	0.09197845  
2023-11-02 14:15:22.995: [iter 145 : loss : -0.0343 = 0.0785 + -0.1277 + 0.0155 + -0.0007, time: 12.545521]
2023-11-02 14:15:23.675: epoch 145:	0.03269501  	0.13220541  	0.09200905  
2023-11-02 14:15:23.675: Find a better model.
2023-11-02 14:15:36.173: [iter 146 : loss : -0.0326 = 0.0817 + -0.1292 + 0.0157 + -0.0007, time: 12.480425]
2023-11-02 14:15:36.850: epoch 146:	0.03268240  	0.13202910  	0.09186342  
2023-11-02 14:15:49.481: [iter 147 : loss : -0.0341 = 0.0816 + -0.1308 + 0.0158 + -0.0007, time: 12.614842]
2023-11-02 14:15:50.114: epoch 147:	0.03273286  	0.13248657  	0.09222002  
2023-11-02 14:15:50.114: Find a better model.
2023-11-02 14:16:02.730: [iter 148 : loss : -0.0364 = 0.0808 + -0.1324 + 0.0159 + -0.0007, time: 12.593893]
2023-11-02 14:16:03.358: epoch 148:	0.03276439  	0.13240406  	0.09227314  
2023-11-02 14:16:16.041: [iter 149 : loss : -0.0384 = 0.0802 + -0.1340 + 0.0160 + -0.0007, time: 12.665553]
2023-11-02 14:16:16.702: epoch 149:	0.03282746  	0.13275221  	0.09230586  
2023-11-02 14:16:16.702: Find a better model.
2023-11-02 14:16:29.243: [iter 150 : loss : -0.0364 = 0.0837 + -0.1355 + 0.0161 + -0.0007, time: 12.521640]
2023-11-02 14:16:29.893: epoch 150:	0.03290312  	0.13303849  	0.09251331  
2023-11-02 14:16:29.894: Find a better model.
2023-11-02 14:16:42.413: [iter 151 : loss : -0.0414 = 0.0801 + -0.1371 + 0.0163 + -0.0007, time: 12.498946]
2023-11-02 14:16:43.078: epoch 151:	0.03292834  	0.13289224  	0.09261090  
2023-11-02 14:16:55.755: [iter 152 : loss : -0.0415 = 0.0813 + -0.1384 + 0.0164 + -0.0007, time: 12.662819]
2023-11-02 14:16:56.411: epoch 152:	0.03297879  	0.13302515  	0.09279738  
2023-11-02 14:17:09.102: [iter 153 : loss : -0.0443 = 0.0800 + -0.1401 + 0.0165 + -0.0007, time: 12.667748]
2023-11-02 14:17:09.694: epoch 153:	0.03302293  	0.13330981  	0.09288460  
2023-11-02 14:17:09.695: Find a better model.
2023-11-02 14:17:22.122: [iter 154 : loss : -0.0427 = 0.0830 + -0.1416 + 0.0166 + -0.0007, time: 12.408970]
2023-11-02 14:17:22.801: epoch 154:	0.03302294  	0.13343243  	0.09291738  
2023-11-02 14:17:22.802: Find a better model.
2023-11-02 14:17:35.417: [iter 155 : loss : -0.0484 = 0.0786 + -0.1430 + 0.0167 + -0.0008, time: 12.597243]
2023-11-02 14:17:36.056: epoch 155:	0.03302295  	0.13365366  	0.09287364  
2023-11-02 14:17:36.057: Find a better model.
2023-11-02 14:17:48.468: [iter 156 : loss : -0.0485 = 0.0799 + -0.1445 + 0.0168 + -0.0008, time: 12.395899]
2023-11-02 14:17:49.150: epoch 156:	0.03313645  	0.13413611  	0.09323951  
2023-11-02 14:17:49.150: Find a better model.
2023-11-02 14:18:01.809: [iter 157 : loss : -0.0511 = 0.0788 + -0.1461 + 0.0170 + -0.0008, time: 12.634784]
2023-11-02 14:18:02.503: epoch 157:	0.03309862  	0.13372810  	0.09319333  
2023-11-02 14:18:14.993: [iter 158 : loss : -0.0506 = 0.0805 + -0.1474 + 0.0171 + -0.0008, time: 12.468432]
2023-11-02 14:18:15.665: epoch 158:	0.03316799  	0.13425271  	0.09328127  
2023-11-02 14:18:15.666: Find a better model.
2023-11-02 14:18:28.262: [iter 159 : loss : -0.0527 = 0.0800 + -0.1492 + 0.0172 + -0.0008, time: 12.577951]
2023-11-02 14:18:28.868: epoch 159:	0.03329413  	0.13473859  	0.09352007  
2023-11-02 14:18:28.869: Find a better model.
2023-11-02 14:18:41.456: [iter 160 : loss : -0.0550 = 0.0790 + -0.1505 + 0.0173 + -0.0008, time: 12.569783]
2023-11-02 14:18:42.116: epoch 160:	0.03323736  	0.13448586  	0.09339941  
2023-11-02 14:18:54.664: [iter 161 : loss : -0.0543 = 0.0810 + -0.1520 + 0.0174 + -0.0008, time: 12.531277]
2023-11-02 14:18:55.358: epoch 161:	0.03326259  	0.13443576  	0.09348211  
2023-11-02 14:19:07.872: [iter 162 : loss : -0.0553 = 0.0815 + -0.1536 + 0.0175 + -0.0008, time: 12.491810]
2023-11-02 14:19:08.549: epoch 162:	0.03340764  	0.13509865  	0.09385747  
2023-11-02 14:19:08.550: Find a better model.
2023-11-02 14:19:21.211: [iter 163 : loss : -0.0574 = 0.0805 + -0.1548 + 0.0176 + -0.0008, time: 12.640196]
2023-11-02 14:19:21.832: epoch 163:	0.03344548  	0.13506193  	0.09398669  
2023-11-02 14:19:34.309: [iter 164 : loss : -0.0577 = 0.0816 + -0.1563 + 0.0178 + -0.0008, time: 12.461414]
2023-11-02 14:19:34.947: epoch 164:	0.03345178  	0.13503791  	0.09404672  
2023-11-02 14:19:47.642: [iter 165 : loss : -0.0594 = 0.0814 + -0.1579 + 0.0179 + -0.0008, time: 12.674820]
2023-11-02 14:19:48.324: epoch 165:	0.03341395  	0.13496426  	0.09413346  
2023-11-02 14:20:00.703: [iter 166 : loss : -0.0613 = 0.0808 + -0.1593 + 0.0180 + -0.0008, time: 12.359698]
2023-11-02 14:20:01.358: epoch 166:	0.03340764  	0.13495159  	0.09417650  
2023-11-02 14:20:14.011: [iter 167 : loss : -0.0637 = 0.0797 + -0.1607 + 0.0181 + -0.0008, time: 12.636524]
2023-11-02 14:20:14.683: epoch 167:	0.03345810  	0.13504753  	0.09420423  
2023-11-02 14:20:27.309: [iter 168 : loss : -0.0644 = 0.0804 + -0.1621 + 0.0182 + -0.0009, time: 12.606413]
2023-11-02 14:20:27.996: epoch 168:	0.03350854  	0.13551296  	0.09443294  
2023-11-02 14:20:27.996: Find a better model.
2023-11-02 14:20:40.539: [iter 169 : loss : -0.0628 = 0.0830 + -0.1633 + 0.0183 + -0.0009, time: 12.527001]
2023-11-02 14:20:41.222: epoch 169:	0.03357791  	0.13568656  	0.09450395  
2023-11-02 14:20:41.222: Find a better model.
2023-11-02 14:20:53.911: [iter 170 : loss : -0.0662 = 0.0808 + -0.1646 + 0.0185 + -0.0009, time: 12.668803]
2023-11-02 14:20:54.595: epoch 170:	0.03361573  	0.13591115  	0.09455567  
2023-11-02 14:20:54.595: Find a better model.
2023-11-02 14:21:07.078: [iter 171 : loss : -0.0682 = 0.0804 + -0.1663 + 0.0186 + -0.0009, time: 12.464912]
2023-11-02 14:21:07.757: epoch 171:	0.03359052  	0.13579795  	0.09471966  
2023-11-02 14:21:20.279: [iter 172 : loss : -0.0711 = 0.0788 + -0.1677 + 0.0187 + -0.0009, time: 12.503422]
2023-11-02 14:21:20.925: epoch 172:	0.03366619  	0.13602397  	0.09486385  
2023-11-02 14:21:20.925: Find a better model.
2023-11-02 14:21:33.553: [iter 173 : loss : -0.0694 = 0.0816 + -0.1689 + 0.0188 + -0.0009, time: 12.608680]
2023-11-02 14:21:34.247: epoch 173:	0.03374186  	0.13638441  	0.09504658  
2023-11-02 14:21:34.248: Find a better model.
2023-11-02 14:21:46.762: [iter 174 : loss : -0.0710 = 0.0815 + -0.1705 + 0.0189 + -0.0009, time: 12.487183]
2023-11-02 14:21:47.440: epoch 174:	0.03377340  	0.13630064  	0.09499580  
2023-11-02 14:21:59.961: [iter 175 : loss : -0.0719 = 0.0816 + -0.1716 + 0.0190 + -0.0009, time: 12.496394]
2023-11-02 14:22:00.637: epoch 175:	0.03380492  	0.13635018  	0.09512909  
2023-11-02 14:22:13.147: [iter 176 : loss : -0.0739 = 0.0807 + -0.1728 + 0.0191 + -0.0009, time: 12.489640]
2023-11-02 14:22:13.767: epoch 176:	0.03377970  	0.13629667  	0.09515658  
2023-11-02 14:22:26.316: [iter 177 : loss : -0.0734 = 0.0826 + -0.1744 + 0.0193 + -0.0009, time: 12.530688]
2023-11-02 14:22:26.978: epoch 177:	0.03388690  	0.13685098  	0.09540252  
2023-11-02 14:22:26.978: Find a better model.
2023-11-02 14:22:39.705: [iter 178 : loss : -0.0760 = 0.0814 + -0.1758 + 0.0194 + -0.0009, time: 12.707406]
2023-11-02 14:22:40.354: epoch 178:	0.03382384  	0.13665873  	0.09536571  
2023-11-02 14:22:52.863: [iter 179 : loss : -0.0767 = 0.0818 + -0.1771 + 0.0195 + -0.0009, time: 12.492564]
2023-11-02 14:22:53.536: epoch 179:	0.03391843  	0.13683733  	0.09555230  
2023-11-02 14:23:05.930: [iter 180 : loss : -0.0755 = 0.0840 + -0.1781 + 0.0196 + -0.0009, time: 12.376556]
2023-11-02 14:23:06.591: epoch 180:	0.03389320  	0.13688646  	0.09555969  
2023-11-02 14:23:06.591: Find a better model.
2023-11-02 14:23:19.106: [iter 181 : loss : -0.0753 = 0.0857 + -0.1797 + 0.0197 + -0.0009, time: 12.499735]
2023-11-02 14:23:19.783: epoch 181:	0.03382383  	0.13671120  	0.09552081  
2023-11-02 14:23:32.402: [iter 182 : loss : -0.0811 = 0.0810 + -0.1809 + 0.0198 + -0.0009, time: 12.599194]
2023-11-02 14:23:33.014: epoch 182:	0.03389322  	0.13693647  	0.09565548  
2023-11-02 14:23:33.014: Find a better model.
2023-11-02 14:23:45.482: [iter 183 : loss : -0.0824 = 0.0806 + -0.1820 + 0.0199 + -0.0010, time: 12.450392]
2023-11-02 14:23:46.167: epoch 183:	0.03396259  	0.13713604  	0.09576287  
2023-11-02 14:23:46.167: Find a better model.
2023-11-02 14:23:58.757: [iter 184 : loss : -0.0826 = 0.0817 + -0.1834 + 0.0200 + -0.0010, time: 12.572423]
2023-11-02 14:23:59.440: epoch 184:	0.03402563  	0.13734914  	0.09584386  
2023-11-02 14:23:59.441: Find a better model.
2023-11-02 14:24:11.926: [iter 185 : loss : -0.0855 = 0.0799 + -0.1845 + 0.0202 + -0.0010, time: 12.463926]
2023-11-02 14:24:12.615: epoch 185:	0.03402563  	0.13732047  	0.09584825  
2023-11-02 14:24:25.100: [iter 186 : loss : -0.0846 = 0.0820 + -0.1859 + 0.0203 + -0.0010, time: 12.467114]
2023-11-02 14:24:25.749: epoch 186:	0.03395627  	0.13713910  	0.09572210  
2023-11-02 14:24:38.452: [iter 187 : loss : -0.0856 = 0.0823 + -0.1873 + 0.0204 + -0.0010, time: 12.685420]
2023-11-02 14:24:39.120: epoch 187:	0.03403194  	0.13755532  	0.09591044  
2023-11-02 14:24:39.120: Find a better model.
2023-11-02 14:24:51.639: [iter 188 : loss : -0.0836 = 0.0851 + -0.1882 + 0.0205 + -0.0010, time: 12.499326]
2023-11-02 14:24:52.309: epoch 188:	0.03403825  	0.13746046  	0.09610127  
2023-11-02 14:25:04.880: [iter 189 : loss : -0.0889 = 0.0812 + -0.1897 + 0.0206 + -0.0010, time: 12.552428]
2023-11-02 14:25:05.471: epoch 189:	0.03403824  	0.13747257  	0.09627485  
2023-11-02 14:25:18.111: [iter 190 : loss : -0.0872 = 0.0837 + -0.1907 + 0.0207 + -0.0010, time: 12.621180]
2023-11-02 14:25:18.780: epoch 190:	0.03409500  	0.13781089  	0.09643539  
2023-11-02 14:25:18.780: Find a better model.
2023-11-02 14:25:31.435: [iter 191 : loss : -0.0891 = 0.0833 + -0.1922 + 0.0208 + -0.0010, time: 12.637829]
2023-11-02 14:25:32.096: epoch 191:	0.03400671  	0.13770208  	0.09649768  
2023-11-02 14:25:44.540: [iter 192 : loss : -0.0902 = 0.0834 + -0.1935 + 0.0209 + -0.0010, time: 12.424432]
2023-11-02 14:25:45.219: epoch 192:	0.03408870  	0.13791087  	0.09658702  
2023-11-02 14:25:45.220: Find a better model.
2023-11-02 14:25:57.921: [iter 193 : loss : -0.0915 = 0.0832 + -0.1947 + 0.0210 + -0.0010, time: 12.683533]
2023-11-02 14:25:58.584: epoch 193:	0.03418959  	0.13819529  	0.09667625  
2023-11-02 14:25:58.584: Find a better model.
2023-11-02 14:26:11.220: [iter 194 : loss : -0.0937 = 0.0820 + -0.1958 + 0.0212 + -0.0010, time: 12.615778]
2023-11-02 14:26:11.878: epoch 194:	0.03417068  	0.13828500  	0.09674011  
2023-11-02 14:26:11.878: Find a better model.
2023-11-02 14:26:24.310: [iter 195 : loss : -0.0954 = 0.0812 + -0.1968 + 0.0213 + -0.0010, time: 12.413327]
2023-11-02 14:26:24.985: epoch 195:	0.03422114  	0.13847890  	0.09686362  
2023-11-02 14:26:24.986: Find a better model.
2023-11-02 14:26:37.464: [iter 196 : loss : -0.0937 = 0.0843 + -0.1983 + 0.0214 + -0.0010, time: 12.460503]
2023-11-02 14:26:38.132: epoch 196:	0.03413285  	0.13792670  	0.09661271  
2023-11-02 14:26:50.504: [iter 197 : loss : -0.0952 = 0.0840 + -0.1996 + 0.0215 + -0.0010, time: 12.357362]
2023-11-02 14:26:51.182: epoch 197:	0.03417699  	0.13812371  	0.09670969  
2023-11-02 14:27:03.680: [iter 198 : loss : -0.0980 = 0.0821 + -0.2007 + 0.0216 + -0.0010, time: 12.482239]
2023-11-02 14:27:04.336: epoch 198:	0.03418330  	0.13806579  	0.09676982  
2023-11-02 14:27:17.050: [iter 199 : loss : -0.1004 = 0.0807 + -0.2018 + 0.0217 + -0.0011, time: 12.695200]
2023-11-02 14:27:17.732: epoch 199:	0.03430942  	0.13845669  	0.09713081  
2023-11-02 14:27:30.175: [iter 200 : loss : -0.0964 = 0.0860 + -0.2031 + 0.0218 + -0.0011, time: 12.424911]
2023-11-02 14:27:30.858: epoch 200:	0.03427159  	0.13834837  	0.09715936  
2023-11-02 14:27:30.858: best_result@epoch 195:

2023-11-02 14:27:30.858: 		0.0342      	0.1385      	0.0969      
