2023-09-01 21:29:53.807: my pid: 31347
2023-09-01 21:29:53.807: model: model.general_recommender.GNNEC
2023-09-01 21:29:53.807: Dataset statistics:
Name: amazon-book
The number of users: 7928
The number of items: 29346
The number of ratings: 460224
Average actions of users: 58.05
Average actions of items: 15.68
The sparsity of the dataset: 99.802186%

The number of training: 417417
The number of validation: 0
The number of testing: 42807
2023-09-01 21:29:53.807: NeuRec:[NeuRec]:
recommender=GNNEC
dataset=amazon-book
file_column=UI
sep=','
gpu_id=0
gpu_mem=0.99
metric=["Precision", "Recall", "NDCG"]
top_k=[20]
test_thread=8
test_batch_size=128
seed=2021
start_testing_epoch=0

GNNEC:[hyperparameters]:
mf_reg=0.02
svd_q=5
aug_type=ND
reg=1e-4
embed_size=32
n_layers=2
ssl_reg=0.02
ssl_ratio=0.5
ssl_temp=5
ssl_mode=both_side
lr=1e-3
learner=adam
adj_type=pre
epochs=200
batch_size=2048
num_negatives=1
param_init=xavier_uniform
stddev=0.01
verbose=1
stop_cnt=10
pretrain_flag=0
save_flag=0

Command line:
recommender=GNNEC
dataset=amazon-book
epochs=200
n_layers=2
embed_size=32
batch_size=2048
lr=1e-3
aug_type=ND
reg=1e-4
ssl_reg=0.02
ssl_ratio=0.5
ssl_temp=5
mf_reg=0.02
svd_q=5
2023-09-01 21:30:14.434: metrics:	Precision@20	Recall@20   	NDCG@20     
2023-09-01 21:30:26.056: [iter 1 : loss : 1.3816 = 0.6222 + 0.3797 + 0.0000 + 0.3796, time: 11.622169]
2023-09-01 21:30:26.737: epoch 1:	0.00925830  	0.03482714  	0.02299627  
2023-09-01 21:30:26.737: Find a better model.
2023-09-01 21:30:37.706: [iter 2 : loss : 1.1954 = 0.4542 + 0.3706 + 0.0001 + 0.3704, time: 10.955088]
2023-09-01 21:30:38.348: epoch 2:	0.00967457  	0.03660596  	0.02424292  
2023-09-01 21:30:38.348: Find a better model.
2023-09-01 21:30:49.244: [iter 3 : loss : 1.1230 = 0.3900 + 0.3665 + 0.0002 + 0.3663, time: 10.879468]
2023-09-01 21:30:49.833: epoch 3:	0.01014128  	0.03847100  	0.02559708  
2023-09-01 21:30:49.833: Find a better model.
2023-09-01 21:31:00.831: [iter 4 : loss : 1.0839 = 0.3557 + 0.3641 + 0.0003 + 0.3639, time: 10.981282]
2023-09-01 21:31:01.475: epoch 4:	0.01053862  	0.04030064  	0.02707885  
2023-09-01 21:31:01.475: Find a better model.
2023-09-01 21:31:12.417: [iter 5 : loss : 1.0553 = 0.3304 + 0.3624 + 0.0004 + 0.3622, time: 10.925480]
2023-09-01 21:31:13.073: epoch 5:	0.01094227  	0.04201948  	0.02802922  
2023-09-01 21:31:13.073: Find a better model.
2023-09-01 21:31:24.076: [iter 6 : loss : 1.0331 = 0.3108 + 0.3610 + 0.0004 + 0.3609, time: 10.983713]
2023-09-01 21:31:24.762: epoch 6:	0.01115040  	0.04292349  	0.02864013  
2023-09-01 21:31:24.762: Find a better model.
2023-09-01 21:31:35.693: [iter 7 : loss : 1.0148 = 0.2947 + 0.3599 + 0.0005 + 0.3597, time: 10.912592]
2023-09-01 21:31:36.362: epoch 7:	0.01142161  	0.04381854  	0.02927100  
2023-09-01 21:31:36.362: Find a better model.
2023-09-01 21:31:47.268: [iter 8 : loss : 0.9992 = 0.2810 + 0.3589 + 0.0005 + 0.3587, time: 10.889166]
2023-09-01 21:31:47.928: epoch 8:	0.01177480  	0.04490107  	0.02996339  
2023-09-01 21:31:47.928: Find a better model.
2023-09-01 21:31:58.842: [iter 9 : loss : 0.9845 = 0.2680 + 0.3581 + 0.0006 + 0.3578, time: 10.898529]
2023-09-01 21:31:59.495: epoch 9:	0.01202708  	0.04579499  	0.03074346  
2023-09-01 21:31:59.496: Find a better model.
2023-09-01 21:32:10.496: [iter 10 : loss : 0.9726 = 0.2578 + 0.3573 + 0.0006 + 0.3570, time: 10.982236]
2023-09-01 21:32:11.175: epoch 10:	0.01236766  	0.04701597  	0.03179711  
2023-09-01 21:32:11.175: Find a better model.
2023-09-01 21:32:22.143: [iter 11 : loss : 0.9615 = 0.2480 + 0.3565 + 0.0007 + 0.3563, time: 10.953524]
2023-09-01 21:32:22.803: epoch 11:	0.01265147  	0.04828252  	0.03262736  
2023-09-01 21:32:22.803: Find a better model.
2023-09-01 21:32:33.849: [iter 12 : loss : 0.9515 = 0.2393 + 0.3559 + 0.0007 + 0.3556, time: 11.033581]
2023-09-01 21:32:34.524: epoch 12:	0.01283437  	0.04910510  	0.03335950  
2023-09-01 21:32:34.524: Find a better model.
2023-09-01 21:32:45.654: [iter 13 : loss : 0.9433 = 0.2323 + 0.3553 + 0.0008 + 0.3549, time: 11.114444]
2023-09-01 21:32:46.311: epoch 13:	0.01304881  	0.04997148  	0.03413728  
2023-09-01 21:32:46.311: Find a better model.
2023-09-01 21:32:57.275: [iter 14 : loss : 0.9348 = 0.2249 + 0.3548 + 0.0008 + 0.3543, time: 10.947790]
2023-09-01 21:32:57.964: epoch 14:	0.01331371  	0.05120179  	0.03500894  
2023-09-01 21:32:57.965: Find a better model.
2023-09-01 21:33:08.896: [iter 15 : loss : 0.9257 = 0.2169 + 0.3542 + 0.0009 + 0.3538, time: 10.914744]
2023-09-01 21:33:09.555: epoch 15:	0.01348400  	0.05178393  	0.03549009  
2023-09-01 21:33:09.555: Find a better model.
2023-09-01 21:33:20.672: [iter 16 : loss : 0.9192 = 0.2114 + 0.3537 + 0.0009 + 0.3532, time: 11.102974]
2023-09-01 21:33:21.348: epoch 16:	0.01369843  	0.05265159  	0.03607048  
2023-09-01 21:33:21.349: Find a better model.
2023-09-01 21:33:32.264: [iter 17 : loss : 0.9130 = 0.2062 + 0.3532 + 0.0010 + 0.3526, time: 10.900139]
2023-09-01 21:33:32.957: epoch 17:	0.01390656  	0.05337160  	0.03672311  
2023-09-01 21:33:32.957: Find a better model.
2023-09-01 21:33:43.950: [iter 18 : loss : 0.9073 = 0.2014 + 0.3527 + 0.0010 + 0.3521, time: 10.973776]
2023-09-01 21:33:44.607: epoch 18:	0.01410838  	0.05427279  	0.03729733  
2023-09-01 21:33:44.612: Find a better model.
2023-09-01 21:33:55.680: [iter 19 : loss : 0.9009 = 0.1958 + 0.3523 + 0.0011 + 0.3517, time: 11.053730]
2023-09-01 21:33:56.352: epoch 19:	0.01437958  	0.05539539  	0.03795340  
2023-09-01 21:33:56.352: Find a better model.
2023-09-01 21:34:07.403: [iter 20 : loss : 0.8952 = 0.1910 + 0.3519 + 0.0011 + 0.3512, time: 11.037670]
2023-09-01 21:34:08.015: epoch 20:	0.01451203  	0.05605878  	0.03838421  
2023-09-01 21:34:08.015: Find a better model.
2023-09-01 21:34:18.863: [iter 21 : loss : 0.8896 = 0.1863 + 0.3515 + 0.0011 + 0.3507, time: 10.833035]
2023-09-01 21:34:19.488: epoch 21:	0.01466970  	0.05651676  	0.03876398  
2023-09-01 21:34:19.488: Find a better model.
2023-09-01 21:34:30.557: [iter 22 : loss : 0.8844 = 0.1819 + 0.3511 + 0.0012 + 0.3503, time: 11.056165]
2023-09-01 21:34:31.223: epoch 22:	0.01480846  	0.05707354  	0.03916168  
2023-09-01 21:34:31.224: Find a better model.
2023-09-01 21:34:42.234: [iter 23 : loss : 0.8806 = 0.1788 + 0.3507 + 0.0012 + 0.3499, time: 10.997657]
2023-09-01 21:34:42.897: epoch 23:	0.01502290  	0.05794478  	0.03994079  
2023-09-01 21:34:42.897: Find a better model.
2023-09-01 21:34:53.780: [iter 24 : loss : 0.8765 = 0.1754 + 0.3504 + 0.0013 + 0.3495, time: 10.868515]
2023-09-01 21:34:54.447: epoch 24:	0.01529410  	0.05918793  	0.04067400  
2023-09-01 21:34:54.447: Find a better model.
2023-09-01 21:35:05.730: [iter 25 : loss : 0.8712 = 0.1707 + 0.3501 + 0.0013 + 0.3491, time: 11.269805]
2023-09-01 21:35:06.400: epoch 25:	0.01545808  	0.05994694  	0.04115220  
2023-09-01 21:35:06.400: Find a better model.
2023-09-01 21:35:17.504: [iter 26 : loss : 0.8665 = 0.1669 + 0.3497 + 0.0014 + 0.3487, time: 11.086690]
2023-09-01 21:35:18.185: epoch 26:	0.01562206  	0.06062322  	0.04162983  
2023-09-01 21:35:18.185: Find a better model.
2023-09-01 21:35:29.309: [iter 27 : loss : 0.8632 = 0.1642 + 0.3494 + 0.0014 + 0.3483, time: 11.111136]
2023-09-01 21:35:29.971: epoch 27:	0.01577343  	0.06118812  	0.04192401  
2023-09-01 21:35:29.971: Find a better model.
2023-09-01 21:35:41.052: [iter 28 : loss : 0.8590 = 0.1608 + 0.3489 + 0.0014 + 0.3479, time: 11.065566]
2023-09-01 21:35:41.721: epoch 28:	0.01600048  	0.06239136  	0.04240329  
2023-09-01 21:35:41.721: Find a better model.
2023-09-01 21:35:52.765: [iter 29 : loss : 0.8550 = 0.1574 + 0.3486 + 0.0015 + 0.3475, time: 11.030160]
2023-09-01 21:35:53.442: epoch 29:	0.01608877  	0.06284805  	0.04282059  
2023-09-01 21:35:53.442: Find a better model.
2023-09-01 21:36:04.559: [iter 30 : loss : 0.8527 = 0.1557 + 0.3483 + 0.0015 + 0.3471, time: 11.101050]
2023-09-01 21:36:05.250: epoch 30:	0.01618337  	0.06335507  	0.04319806  
2023-09-01 21:36:05.250: Find a better model.
2023-09-01 21:36:16.411: [iter 31 : loss : 0.8482 = 0.1517 + 0.3480 + 0.0016 + 0.3468, time: 11.145746]
2023-09-01 21:36:17.089: epoch 31:	0.01639151  	0.06414487  	0.04356872  
2023-09-01 21:36:17.089: Find a better model.
2023-09-01 21:36:28.167: [iter 32 : loss : 0.8471 = 0.1513 + 0.3477 + 0.0016 + 0.3465, time: 11.058028]
2023-09-01 21:36:28.806: epoch 32:	0.01665640  	0.06522696  	0.04435111  
2023-09-01 21:36:28.806: Find a better model.
2023-09-01 21:36:39.993: [iter 33 : loss : 0.8415 = 0.1463 + 0.3474 + 0.0017 + 0.3462, time: 11.167554]
2023-09-01 21:36:40.664: epoch 33:	0.01675100  	0.06568741  	0.04450468  
2023-09-01 21:36:40.664: Find a better model.
2023-09-01 21:36:51.768: [iter 34 : loss : 0.8408 = 0.1463 + 0.3471 + 0.0017 + 0.3458, time: 11.085695]
2023-09-01 21:36:52.432: epoch 34:	0.01692760  	0.06642567  	0.04503497  
2023-09-01 21:36:52.432: Find a better model.
2023-09-01 21:37:03.486: [iter 35 : loss : 0.8364 = 0.1424 + 0.3468 + 0.0017 + 0.3455, time: 11.038361]
2023-09-01 21:37:04.180: epoch 35:	0.01705375  	0.06705973  	0.04544038  
2023-09-01 21:37:04.180: Find a better model.
2023-09-01 21:37:15.268: [iter 36 : loss : 0.8338 = 0.1404 + 0.3465 + 0.0018 + 0.3452, time: 11.065762]
2023-09-01 21:37:15.948: epoch 36:	0.01709789  	0.06720670  	0.04565121  
2023-09-01 21:37:15.948: Find a better model.
2023-09-01 21:37:27.024: [iter 37 : loss : 0.8309 = 0.1380 + 0.3462 + 0.0018 + 0.3448, time: 11.057352]
2023-09-01 21:37:27.692: epoch 37:	0.01726188  	0.06786192  	0.04610276  
2023-09-01 21:37:27.692: Find a better model.
2023-09-01 21:37:38.735: [iter 38 : loss : 0.8289 = 0.1365 + 0.3460 + 0.0019 + 0.3445, time: 11.024937]
2023-09-01 21:37:39.359: epoch 38:	0.01748892  	0.06868079  	0.04664747  
2023-09-01 21:37:39.359: Find a better model.
2023-09-01 21:37:50.568: [iter 39 : loss : 0.8257 = 0.1339 + 0.3457 + 0.0019 + 0.3442, time: 11.186651]
2023-09-01 21:37:51.245: epoch 39:	0.01757092  	0.06918029  	0.04707451  
2023-09-01 21:37:51.245: Find a better model.
2023-09-01 21:38:02.418: [iter 40 : loss : 0.8241 = 0.1329 + 0.3454 + 0.0020 + 0.3439, time: 11.157043]
2023-09-01 21:38:03.094: epoch 40:	0.01763398  	0.06920785  	0.04725442  
2023-09-01 21:38:03.094: Find a better model.
2023-09-01 21:38:14.216: [iter 41 : loss : 0.8218 = 0.1311 + 0.3451 + 0.0020 + 0.3436, time: 11.103968]
2023-09-01 21:38:14.889: epoch 41:	0.01786735  	0.07004981  	0.04776712  
2023-09-01 21:38:14.889: Find a better model.
2023-09-01 21:38:26.101: [iter 42 : loss : 0.8193 = 0.1290 + 0.3449 + 0.0020 + 0.3433, time: 11.195214]
2023-09-01 21:38:26.790: epoch 42:	0.01777905  	0.06987640  	0.04785119  
2023-09-01 21:38:37.890: [iter 43 : loss : 0.8171 = 0.1274 + 0.3446 + 0.0021 + 0.3430, time: 11.081320]
2023-09-01 21:38:38.572: epoch 43:	0.01798718  	0.07044276  	0.04828957  
2023-09-01 21:38:38.573: Find a better model.
2023-09-01 21:38:49.700: [iter 44 : loss : 0.8154 = 0.1262 + 0.3444 + 0.0021 + 0.3428, time: 11.110246]
2023-09-01 21:38:50.376: epoch 44:	0.01807548  	0.07109775  	0.04866470  
2023-09-01 21:38:50.376: Find a better model.
2023-09-01 21:39:01.543: [iter 45 : loss : 0.8126 = 0.1238 + 0.3441 + 0.0022 + 0.3425, time: 11.150545]
2023-09-01 21:39:02.243: epoch 45:	0.01824577  	0.07195786  	0.04911938  
2023-09-01 21:39:02.243: Find a better model.
2023-09-01 21:39:13.354: [iter 46 : loss : 0.8108 = 0.1226 + 0.3438 + 0.0022 + 0.3422, time: 11.086473]
2023-09-01 21:39:14.038: epoch 46:	0.01840344  	0.07254249  	0.04942041  
2023-09-01 21:39:14.039: Find a better model.
2023-09-01 21:39:25.190: [iter 47 : loss : 0.8094 = 0.1217 + 0.3436 + 0.0022 + 0.3419, time: 11.129767]
2023-09-01 21:39:25.837: epoch 47:	0.01858635  	0.07318319  	0.04985741  
2023-09-01 21:39:25.837: Find a better model.
2023-09-01 21:39:36.948: [iter 48 : loss : 0.8071 = 0.1198 + 0.3434 + 0.0023 + 0.3417, time: 11.096423]
2023-09-01 21:39:37.620: epoch 48:	0.01860527  	0.07350954  	0.05005633  
2023-09-01 21:39:37.620: Find a better model.
2023-09-01 21:39:48.705: [iter 49 : loss : 0.8050 = 0.1180 + 0.3431 + 0.0023 + 0.3414, time: 11.070097]
2023-09-01 21:39:49.383: epoch 49:	0.01873772  	0.07403432  	0.05051389  
2023-09-01 21:39:49.384: Find a better model.
2023-09-01 21:40:00.488: [iter 50 : loss : 0.8028 = 0.1165 + 0.3428 + 0.0024 + 0.3411, time: 11.088763]
2023-09-01 21:40:01.162: epoch 50:	0.01888909  	0.07465748  	0.05089682  
2023-09-01 21:40:01.163: Find a better model.
2023-09-01 21:40:12.308: [iter 51 : loss : 0.8014 = 0.1155 + 0.3426 + 0.0024 + 0.3409, time: 11.129373]
2023-09-01 21:40:12.983: epoch 51:	0.01890170  	0.07464619  	0.05104389  
2023-09-01 21:40:24.114: [iter 52 : loss : 0.7996 = 0.1142 + 0.3423 + 0.0024 + 0.3406, time: 11.112287]
2023-09-01 21:40:24.798: epoch 52:	0.01909722  	0.07554329  	0.05143765  
2023-09-01 21:40:24.798: Find a better model.
2023-09-01 21:40:35.956: [iter 53 : loss : 0.7988 = 0.1138 + 0.3421 + 0.0025 + 0.3404, time: 11.141276]
2023-09-01 21:40:36.646: epoch 53:	0.01919182  	0.07568325  	0.05174311  
2023-09-01 21:40:36.646: Find a better model.
2023-09-01 21:40:47.782: [iter 54 : loss : 0.7967 = 0.1121 + 0.3419 + 0.0025 + 0.3401, time: 11.121633]
2023-09-01 21:40:48.458: epoch 54:	0.01938103  	0.07651130  	0.05215930  
2023-09-01 21:40:48.458: Find a better model.
2023-09-01 21:40:59.590: [iter 55 : loss : 0.7942 = 0.1100 + 0.3417 + 0.0026 + 0.3399, time: 11.113506]
2023-09-01 21:41:00.245: epoch 55:	0.01942518  	0.07667750  	0.05244575  
2023-09-01 21:41:00.245: Find a better model.
2023-09-01 21:41:11.391: [iter 56 : loss : 0.7932 = 0.1094 + 0.3415 + 0.0026 + 0.3396, time: 11.133209]
2023-09-01 21:41:12.051: epoch 56:	0.01956393  	0.07725438  	0.05274017  
2023-09-01 21:41:12.052: Find a better model.
2023-09-01 21:41:23.106: [iter 57 : loss : 0.7922 = 0.1089 + 0.3413 + 0.0026 + 0.3394, time: 11.039513]
2023-09-01 21:41:23.784: epoch 57:	0.01962701  	0.07755248  	0.05284609  
2023-09-01 21:41:23.785: Find a better model.
2023-09-01 21:41:34.913: [iter 58 : loss : 0.7887 = 0.1059 + 0.3409 + 0.0027 + 0.3392, time: 11.109815]
2023-09-01 21:41:35.614: epoch 58:	0.01977206  	0.07792612  	0.05321916  
2023-09-01 21:41:35.614: Find a better model.
2023-09-01 21:41:46.747: [iter 59 : loss : 0.7883 = 0.1059 + 0.3407 + 0.0027 + 0.3389, time: 11.110831]
2023-09-01 21:41:47.449: epoch 59:	0.01986036  	0.07844076  	0.05352797  
2023-09-01 21:41:47.449: Find a better model.
2023-09-01 21:41:58.518: [iter 60 : loss : 0.7881 = 0.1060 + 0.3406 + 0.0028 + 0.3387, time: 11.046547]
2023-09-01 21:41:59.202: epoch 60:	0.01985405  	0.07835025  	0.05352925  
2023-09-01 21:42:10.101: [iter 61 : loss : 0.7847 = 0.1031 + 0.3404 + 0.0028 + 0.3384, time: 10.881710]
2023-09-01 21:42:10.783: epoch 61:	0.01990450  	0.07871864  	0.05369953  
2023-09-01 21:42:10.783: Find a better model.
2023-09-01 21:42:21.772: [iter 62 : loss : 0.7837 = 0.1025 + 0.3402 + 0.0028 + 0.3382, time: 10.972809]
2023-09-01 21:42:22.444: epoch 62:	0.02011895  	0.07931080  	0.05416318  
2023-09-01 21:42:22.444: Find a better model.
2023-09-01 21:42:33.393: [iter 63 : loss : 0.7836 = 0.1028 + 0.3399 + 0.0029 + 0.3380, time: 10.934673]
2023-09-01 21:42:34.075: epoch 63:	0.02023247  	0.08006643  	0.05445593  
2023-09-01 21:42:34.076: Find a better model.
2023-09-01 21:42:44.924: [iter 64 : loss : 0.7811 = 0.1006 + 0.3397 + 0.0029 + 0.3378, time: 10.829230]
2023-09-01 21:42:45.579: epoch 64:	0.02025770  	0.08037548  	0.05459813  
2023-09-01 21:42:45.579: Find a better model.
2023-09-01 21:42:56.428: [iter 65 : loss : 0.7785 = 0.0984 + 0.3396 + 0.0030 + 0.3375, time: 10.833979]
2023-09-01 21:42:57.048: epoch 65:	0.02034600  	0.08063832  	0.05482738  
2023-09-01 21:42:57.048: Find a better model.
2023-09-01 21:43:07.882: [iter 66 : loss : 0.7782 = 0.0986 + 0.3392 + 0.0030 + 0.3373, time: 10.819100]
2023-09-01 21:43:08.560: epoch 66:	0.02041538  	0.08118178  	0.05526457  
2023-09-01 21:43:08.560: Find a better model.
2023-09-01 21:43:19.503: [iter 67 : loss : 0.7780 = 0.0987 + 0.3392 + 0.0030 + 0.3371, time: 10.927218]
2023-09-01 21:43:20.157: epoch 67:	0.02044690  	0.08137757  	0.05539823  
2023-09-01 21:43:20.157: Find a better model.
2023-09-01 21:43:31.112: [iter 68 : loss : 0.7766 = 0.0978 + 0.3388 + 0.0031 + 0.3369, time: 10.941628]
2023-09-01 21:43:31.758: epoch 68:	0.02064243  	0.08193155  	0.05581137  
2023-09-01 21:43:31.758: Find a better model.
2023-09-01 21:43:42.586: [iter 69 : loss : 0.7750 = 0.0965 + 0.3387 + 0.0031 + 0.3367, time: 10.814590]
2023-09-01 21:43:43.263: epoch 69:	0.02069288  	0.08206926  	0.05605277  
2023-09-01 21:43:43.263: Find a better model.
2023-09-01 21:43:54.166: [iter 70 : loss : 0.7743 = 0.0963 + 0.3384 + 0.0032 + 0.3364, time: 10.890191]
2023-09-01 21:43:54.832: epoch 70:	0.02083795  	0.08284540  	0.05635386  
2023-09-01 21:43:54.833: Find a better model.
2023-09-01 21:44:05.876: [iter 71 : loss : 0.7719 = 0.0942 + 0.3383 + 0.0032 + 0.3362, time: 11.030283]
2023-09-01 21:44:06.555: epoch 71:	0.02085687  	0.08288708  	0.05645083  
2023-09-01 21:44:06.555: Find a better model.
2023-09-01 21:44:17.570: [iter 72 : loss : 0.7719 = 0.0947 + 0.3380 + 0.0032 + 0.3360, time: 10.996357]
2023-09-01 21:44:18.218: epoch 72:	0.02093255  	0.08297150  	0.05659522  
2023-09-01 21:44:18.218: Find a better model.
2023-09-01 21:44:29.010: [iter 73 : loss : 0.7697 = 0.0928 + 0.3379 + 0.0033 + 0.3358, time: 10.776227]
2023-09-01 21:44:29.678: epoch 73:	0.02097039  	0.08297867  	0.05682467  
2023-09-01 21:44:29.678: Find a better model.
2023-09-01 21:44:40.625: [iter 74 : loss : 0.7693 = 0.0927 + 0.3377 + 0.0033 + 0.3356, time: 10.930291]
2023-09-01 21:44:41.265: epoch 74:	0.02115330  	0.08388680  	0.05728828  
2023-09-01 21:44:41.265: Find a better model.
2023-09-01 21:44:52.109: [iter 75 : loss : 0.7670 = 0.0908 + 0.3375 + 0.0034 + 0.3354, time: 10.828548]
2023-09-01 21:44:52.712: epoch 75:	0.02119744  	0.08402202  	0.05741495  
2023-09-01 21:44:52.712: Find a better model.
2023-09-01 21:45:03.614: [iter 76 : loss : 0.7681 = 0.0922 + 0.3373 + 0.0034 + 0.3352, time: 10.886143]
2023-09-01 21:45:04.296: epoch 76:	0.02137404  	0.08467782  	0.05771831  
2023-09-01 21:45:04.296: Find a better model.
2023-09-01 21:45:15.242: [iter 77 : loss : 0.7656 = 0.0901 + 0.3372 + 0.0034 + 0.3350, time: 10.929041]
2023-09-01 21:45:15.913: epoch 77:	0.02142449  	0.08512682  	0.05785413  
2023-09-01 21:45:15.913: Find a better model.
2023-09-01 21:45:26.855: [iter 78 : loss : 0.7641 = 0.0890 + 0.3368 + 0.0035 + 0.3348, time: 10.927725]
2023-09-01 21:45:27.538: epoch 78:	0.02149387  	0.08545993  	0.05811252  
2023-09-01 21:45:27.538: Find a better model.
2023-09-01 21:45:38.307: [iter 79 : loss : 0.7633 = 0.0885 + 0.3367 + 0.0035 + 0.3346, time: 10.754193]
2023-09-01 21:45:38.959: epoch 79:	0.02160109  	0.08577427  	0.05827387  
2023-09-01 21:45:38.960: Find a better model.
2023-09-01 21:45:49.905: [iter 80 : loss : 0.7620 = 0.0876 + 0.3365 + 0.0035 + 0.3344, time: 10.924466]
2023-09-01 21:45:50.573: epoch 80:	0.02163894  	0.08610626  	0.05844666  
2023-09-01 21:45:50.574: Find a better model.
2023-09-01 21:46:01.420: [iter 81 : loss : 0.7614 = 0.0874 + 0.3363 + 0.0036 + 0.3341, time: 10.831965]
2023-09-01 21:46:02.056: epoch 81:	0.02167678  	0.08615446  	0.05858198  
2023-09-01 21:46:02.057: Find a better model.
2023-09-01 21:46:13.091: [iter 82 : loss : 0.7616 = 0.0879 + 0.3361 + 0.0036 + 0.3340, time: 11.018821]
2023-09-01 21:46:13.735: epoch 82:	0.02164524  	0.08595720  	0.05860611  
2023-09-01 21:46:24.907: [iter 83 : loss : 0.7585 = 0.0851 + 0.3359 + 0.0037 + 0.3338, time: 11.160491]
2023-09-01 21:46:25.562: epoch 83:	0.02188491  	0.08695097  	0.05911011  
2023-09-01 21:46:25.563: Find a better model.
2023-09-01 21:46:36.681: [iter 84 : loss : 0.7571 = 0.0842 + 0.3357 + 0.0037 + 0.3336, time: 11.103818]
2023-09-01 21:46:37.372: epoch 84:	0.02194168  	0.08722439  	0.05943938  
2023-09-01 21:46:37.372: Find a better model.
2023-09-01 21:46:48.339: [iter 85 : loss : 0.7565 = 0.0838 + 0.3355 + 0.0037 + 0.3334, time: 10.951398]
2023-09-01 21:46:48.932: epoch 85:	0.02209304  	0.08739974  	0.05976360  
2023-09-01 21:46:48.932: Find a better model.
2023-09-01 21:46:59.829: [iter 86 : loss : 0.7564 = 0.0842 + 0.3353 + 0.0038 + 0.3332, time: 10.883035]
2023-09-01 21:47:00.448: epoch 86:	0.02204258  	0.08750544  	0.05978072  
2023-09-01 21:47:00.448: Find a better model.
2023-09-01 21:47:11.394: [iter 87 : loss : 0.7550 = 0.0831 + 0.3351 + 0.0038 + 0.3330, time: 10.931702]
2023-09-01 21:47:12.053: epoch 87:	0.02209303  	0.08768164  	0.06000128  
2023-09-01 21:47:12.053: Find a better model.
2023-09-01 21:47:23.044: [iter 88 : loss : 0.7547 = 0.0831 + 0.3349 + 0.0039 + 0.3328, time: 10.977865]
2023-09-01 21:47:23.703: epoch 88:	0.02220025  	0.08815329  	0.06026493  
2023-09-01 21:47:23.704: Find a better model.
2023-09-01 21:47:34.614: [iter 89 : loss : 0.7531 = 0.0818 + 0.3349 + 0.0039 + 0.3326, time: 10.896816]
2023-09-01 21:47:35.294: epoch 89:	0.02223810  	0.08827508  	0.06029514  
2023-09-01 21:47:35.294: Find a better model.
2023-09-01 21:47:46.169: [iter 90 : loss : 0.7524 = 0.0814 + 0.3346 + 0.0039 + 0.3324, time: 10.858685]
2023-09-01 21:47:46.839: epoch 90:	0.02238316  	0.08877683  	0.06065784  
2023-09-01 21:47:46.839: Find a better model.
2023-09-01 21:47:57.759: [iter 91 : loss : 0.7516 = 0.0809 + 0.3344 + 0.0040 + 0.3322, time: 10.906934]
2023-09-01 21:47:58.425: epoch 91:	0.02252822  	0.08958185  	0.06096579  
2023-09-01 21:47:58.425: Find a better model.
2023-09-01 21:48:09.290: [iter 92 : loss : 0.7511 = 0.0809 + 0.3342 + 0.0040 + 0.3320, time: 10.852111]
2023-09-01 21:48:09.940: epoch 92:	0.02250299  	0.08952682  	0.06123610  
2023-09-01 21:48:20.991: [iter 93 : loss : 0.7499 = 0.0798 + 0.3342 + 0.0040 + 0.3319, time: 11.034696]
2023-09-01 21:48:21.662: epoch 93:	0.02260391  	0.08996592  	0.06112969  
2023-09-01 21:48:21.662: Find a better model.
2023-09-01 21:48:32.692: [iter 94 : loss : 0.7495 = 0.0798 + 0.3340 + 0.0041 + 0.3317, time: 11.014305]
2023-09-01 21:48:33.357: epoch 94:	0.02261022  	0.09002776  	0.06119397  
2023-09-01 21:48:33.357: Find a better model.
2023-09-01 21:48:44.266: [iter 95 : loss : 0.7480 = 0.0787 + 0.3337 + 0.0041 + 0.3315, time: 10.896038]
2023-09-01 21:48:44.920: epoch 95:	0.02277419  	0.09050515  	0.06163690  
2023-09-01 21:48:44.921: Find a better model.
2023-09-01 21:48:55.892: [iter 96 : loss : 0.7472 = 0.0782 + 0.3336 + 0.0042 + 0.3313, time: 10.957333]
2023-09-01 21:48:56.559: epoch 96:	0.02272374  	0.09038572  	0.06150427  
2023-09-01 21:49:07.539: [iter 97 : loss : 0.7457 = 0.0769 + 0.3334 + 0.0042 + 0.3311, time: 10.965985]
2023-09-01 21:49:08.207: epoch 97:	0.02271113  	0.09006209  	0.06151860  
2023-09-01 21:49:19.030: [iter 98 : loss : 0.7450 = 0.0767 + 0.3332 + 0.0042 + 0.3309, time: 10.810126]
2023-09-01 21:49:19.676: epoch 98:	0.02286880  	0.09087577  	0.06201578  
2023-09-01 21:49:19.676: Find a better model.
2023-09-01 21:49:30.645: [iter 99 : loss : 0.7443 = 0.0763 + 0.3330 + 0.0043 + 0.3307, time: 10.955074]
2023-09-01 21:49:31.292: epoch 99:	0.02290664  	0.09104791  	0.06206151  
2023-09-01 21:49:31.292: Find a better model.
2023-09-01 21:49:42.288: [iter 100 : loss : 0.7443 = 0.0765 + 0.3329 + 0.0043 + 0.3306, time: 10.980411]
2023-09-01 21:49:42.937: epoch 100:	0.02296340  	0.09133140  	0.06216977  
2023-09-01 21:49:42.937: Find a better model.
2023-09-01 21:49:53.751: [iter 101 : loss : 0.7440 = 0.0766 + 0.3327 + 0.0044 + 0.3304, time: 10.800708]
2023-09-01 21:49:54.408: epoch 101:	0.02296970  	0.09130770  	0.06211751  
2023-09-01 21:50:05.816: [iter 102 : loss : 0.7434 = 0.0763 + 0.3325 + 0.0044 + 0.3302, time: 11.392031]
2023-09-01 21:50:06.504: epoch 102:	0.02306431  	0.09201683  	0.06250650  
2023-09-01 21:50:06.504: Find a better model.
2023-09-01 21:50:17.674: [iter 103 : loss : 0.7418 = 0.0750 + 0.3324 + 0.0044 + 0.3300, time: 11.148181]
2023-09-01 21:50:18.331: epoch 103:	0.02310846  	0.09205293  	0.06254315  
2023-09-01 21:50:18.332: Find a better model.
2023-09-01 21:50:29.263: [iter 104 : loss : 0.7409 = 0.0744 + 0.3322 + 0.0045 + 0.3298, time: 10.913687]
2023-09-01 21:50:29.923: epoch 104:	0.02307693  	0.09182030  	0.06248946  
2023-09-01 21:50:40.978: [iter 105 : loss : 0.7398 = 0.0735 + 0.3321 + 0.0045 + 0.3297, time: 11.036890]
2023-09-01 21:50:41.673: epoch 105:	0.02327876  	0.09278957  	0.06296828  
2023-09-01 21:50:41.674: Find a better model.
2023-09-01 21:50:52.791: [iter 106 : loss : 0.7404 = 0.0744 + 0.3319 + 0.0045 + 0.3295, time: 11.097212]
2023-09-01 21:50:53.440: epoch 106:	0.02332921  	0.09304237  	0.06321231  
2023-09-01 21:50:53.440: Find a better model.
2023-09-01 21:51:04.711: [iter 107 : loss : 0.7383 = 0.0726 + 0.3318 + 0.0046 + 0.3293, time: 11.257643]
2023-09-01 21:51:05.398: epoch 107:	0.02333552  	0.09320543  	0.06319295  
2023-09-01 21:51:05.398: Find a better model.
2023-09-01 21:51:16.432: [iter 108 : loss : 0.7387 = 0.0734 + 0.3315 + 0.0046 + 0.3292, time: 11.013768]
2023-09-01 21:51:17.100: epoch 108:	0.02339228  	0.09338162  	0.06332051  
2023-09-01 21:51:17.100: Find a better model.
2023-09-01 21:51:28.090: [iter 109 : loss : 0.7362 = 0.0712 + 0.3313 + 0.0047 + 0.3290, time: 10.974795]
2023-09-01 21:51:28.782: epoch 109:	0.02349950  	0.09362873  	0.06345813  
2023-09-01 21:51:28.782: Find a better model.
2023-09-01 21:51:39.941: [iter 110 : loss : 0.7367 = 0.0719 + 0.3312 + 0.0047 + 0.3288, time: 11.138878]
2023-09-01 21:51:40.583: epoch 110:	0.02356256  	0.09384384  	0.06366765  
2023-09-01 21:51:40.583: Find a better model.
2023-09-01 21:51:51.703: [iter 111 : loss : 0.7346 = 0.0702 + 0.3310 + 0.0047 + 0.3286, time: 11.099552]
2023-09-01 21:51:52.352: epoch 111:	0.02353103  	0.09381434  	0.06369092  
2023-09-01 21:52:03.364: [iter 112 : loss : 0.7349 = 0.0709 + 0.3308 + 0.0048 + 0.3285, time: 10.992828]
2023-09-01 21:52:03.994: epoch 112:	0.02355625  	0.09394591  	0.06389406  
2023-09-01 21:52:03.994: Find a better model.
2023-09-01 21:52:15.105: [iter 113 : loss : 0.7328 = 0.0690 + 0.3307 + 0.0048 + 0.3283, time: 11.094439]
2023-09-01 21:52:15.805: epoch 113:	0.02358778  	0.09409867  	0.06393225  
2023-09-01 21:52:15.805: Find a better model.
2023-09-01 21:52:26.982: [iter 114 : loss : 0.7333 = 0.0700 + 0.3304 + 0.0049 + 0.3281, time: 11.157996]
2023-09-01 21:52:27.644: epoch 114:	0.02371392  	0.09453165  	0.06409837  
2023-09-01 21:52:27.645: Find a better model.
2023-09-01 21:52:38.698: [iter 115 : loss : 0.7332 = 0.0701 + 0.3304 + 0.0049 + 0.3279, time: 11.036051]
2023-09-01 21:52:39.366: epoch 115:	0.02371393  	0.09454244  	0.06420057  
2023-09-01 21:52:39.366: Find a better model.
2023-09-01 21:52:50.456: [iter 116 : loss : 0.7324 = 0.0696 + 0.3301 + 0.0049 + 0.3277, time: 11.069363]
2023-09-01 21:52:51.140: epoch 116:	0.02382745  	0.09499994  	0.06443930  
2023-09-01 21:52:51.140: Find a better model.
2023-09-01 21:53:02.316: [iter 117 : loss : 0.7312 = 0.0686 + 0.3301 + 0.0050 + 0.3276, time: 11.161702]
2023-09-01 21:53:02.990: epoch 117:	0.02395989  	0.09575838  	0.06474575  
2023-09-01 21:53:02.990: Find a better model.
2023-09-01 21:53:14.054: [iter 118 : loss : 0.7295 = 0.0673 + 0.3299 + 0.0050 + 0.3274, time: 11.043170]
2023-09-01 21:53:14.727: epoch 118:	0.02396620  	0.09576045  	0.06476820  
2023-09-01 21:53:14.728: Find a better model.
2023-09-01 21:53:25.912: [iter 119 : loss : 0.7308 = 0.0687 + 0.3298 + 0.0050 + 0.3272, time: 11.168670]
2023-09-01 21:53:26.604: epoch 119:	0.02401665  	0.09606394  	0.06492578  
2023-09-01 21:53:26.604: Find a better model.
2023-09-01 21:53:37.783: [iter 120 : loss : 0.7295 = 0.0678 + 0.3296 + 0.0051 + 0.3271, time: 11.163000]
2023-09-01 21:53:38.463: epoch 120:	0.02416803  	0.09668771  	0.06516110  
2023-09-01 21:53:38.464: Find a better model.
2023-09-01 21:53:49.517: [iter 121 : loss : 0.7293 = 0.0679 + 0.3294 + 0.0051 + 0.3269, time: 11.039595]
2023-09-01 21:53:50.198: epoch 121:	0.02407343  	0.09626510  	0.06523298  
2023-09-01 21:54:01.211: [iter 122 : loss : 0.7279 = 0.0668 + 0.3292 + 0.0052 + 0.3267, time: 10.996526]
2023-09-01 21:54:01.900: epoch 122:	0.02409234  	0.09651979  	0.06540998  
2023-09-01 21:54:12.879: [iter 123 : loss : 0.7275 = 0.0667 + 0.3290 + 0.0052 + 0.3266, time: 10.958381]
2023-09-01 21:54:13.520: epoch 123:	0.02411126  	0.09661639  	0.06545275  
2023-09-01 21:54:24.495: [iter 124 : loss : 0.7263 = 0.0658 + 0.3289 + 0.0052 + 0.3264, time: 10.960777]
2023-09-01 21:54:25.128: epoch 124:	0.02418695  	0.09704950  	0.06558676  
2023-09-01 21:54:25.128: Find a better model.
2023-09-01 21:54:36.003: [iter 125 : loss : 0.7273 = 0.0671 + 0.3288 + 0.0053 + 0.3262, time: 10.861547]
2023-09-01 21:54:36.656: epoch 125:	0.02423740  	0.09710918  	0.06558298  
2023-09-01 21:54:36.656: Find a better model.
2023-09-01 21:54:47.076: [iter 126 : loss : 0.7250 = 0.0649 + 0.3287 + 0.0053 + 0.3261, time: 10.405785]
2023-09-01 21:54:47.662: epoch 126:	0.02438877  	0.09791377  	0.06590822  
2023-09-01 21:54:47.662: Find a better model.
2023-09-01 21:54:58.745: [iter 127 : loss : 0.7242 = 0.0645 + 0.3284 + 0.0054 + 0.3259, time: 11.067126]
2023-09-01 21:54:59.422: epoch 127:	0.02428156  	0.09742988  	0.06583266  
2023-09-01 21:55:10.427: [iter 128 : loss : 0.7248 = 0.0654 + 0.3283 + 0.0054 + 0.3257, time: 10.991730]
2023-09-01 21:55:11.087: epoch 128:	0.02428157  	0.09758896  	0.06592099  
2023-09-01 21:55:22.129: [iter 129 : loss : 0.7243 = 0.0652 + 0.3282 + 0.0054 + 0.3255, time: 11.029183]
2023-09-01 21:55:22.791: epoch 129:	0.02427525  	0.09771641  	0.06596929  
2023-09-01 21:55:33.823: [iter 130 : loss : 0.7241 = 0.0653 + 0.3280 + 0.0055 + 0.3254, time: 11.018495]
2023-09-01 21:55:34.472: epoch 130:	0.02438879  	0.09806424  	0.06613047  
2023-09-01 21:55:34.472: Find a better model.
2023-09-01 21:55:45.337: [iter 131 : loss : 0.7215 = 0.0630 + 0.3277 + 0.0055 + 0.3252, time: 10.848794]
2023-09-01 21:55:45.996: epoch 131:	0.02444554  	0.09826691  	0.06625227  
2023-09-01 21:55:45.996: Find a better model.
2023-09-01 21:55:56.854: [iter 132 : loss : 0.7238 = 0.0655 + 0.3277 + 0.0055 + 0.3251, time: 10.845163]
2023-09-01 21:55:57.487: epoch 132:	0.02454014  	0.09845524  	0.06645578  
2023-09-01 21:55:57.487: Find a better model.
2023-09-01 21:56:08.388: [iter 133 : loss : 0.7217 = 0.0637 + 0.3276 + 0.0056 + 0.3249, time: 10.887662]
2023-09-01 21:56:09.053: epoch 133:	0.02450861  	0.09850777  	0.06649438  
2023-09-01 21:56:09.054: Find a better model.
2023-09-01 21:56:19.885: [iter 134 : loss : 0.7216 = 0.0639 + 0.3273 + 0.0056 + 0.3248, time: 10.818438]
2023-09-01 21:56:20.545: epoch 134:	0.02465368  	0.09883452  	0.06659015  
2023-09-01 21:56:20.545: Find a better model.
2023-09-01 21:56:31.467: [iter 135 : loss : 0.7207 = 0.0633 + 0.3272 + 0.0057 + 0.3246, time: 10.906640]
2023-09-01 21:56:32.137: epoch 135:	0.02469783  	0.09896642  	0.06671698  
2023-09-01 21:56:32.137: Find a better model.
2023-09-01 21:56:43.043: [iter 136 : loss : 0.7184 = 0.0612 + 0.3270 + 0.0057 + 0.3244, time: 10.892871]
2023-09-01 21:56:43.707: epoch 136:	0.02467890  	0.09903267  	0.06670127  
2023-09-01 21:56:43.707: Find a better model.
2023-09-01 21:56:54.533: [iter 137 : loss : 0.7199 = 0.0630 + 0.3269 + 0.0057 + 0.3242, time: 10.804662]
2023-09-01 21:56:55.175: epoch 137:	0.02470413  	0.09887014  	0.06676407  
2023-09-01 21:57:06.247: [iter 138 : loss : 0.7191 = 0.0624 + 0.3268 + 0.0058 + 0.3241, time: 11.056574]
2023-09-01 21:57:06.916: epoch 138:	0.02483027  	0.09956408  	0.06719245  
2023-09-01 21:57:06.916: Find a better model.
2023-09-01 21:57:17.885: [iter 139 : loss : 0.7187 = 0.0624 + 0.3265 + 0.0058 + 0.3239, time: 10.952523]
2023-09-01 21:57:18.555: epoch 139:	0.02499426  	0.10038645  	0.06754389  
2023-09-01 21:57:18.555: Find a better model.
2023-09-01 21:57:29.593: [iter 140 : loss : 0.7179 = 0.0619 + 0.3264 + 0.0059 + 0.3238, time: 11.020481]
2023-09-01 21:57:30.256: epoch 140:	0.02499426  	0.10051291  	0.06769621  
2023-09-01 21:57:30.256: Find a better model.
2023-09-01 21:57:41.385: [iter 141 : loss : 0.7184 = 0.0627 + 0.3262 + 0.0059 + 0.3237, time: 11.114902]
2023-09-01 21:57:42.053: epoch 141:	0.02500056  	0.10055540  	0.06784402  
2023-09-01 21:57:42.053: Find a better model.
2023-09-01 21:57:53.104: [iter 142 : loss : 0.7175 = 0.0618 + 0.3263 + 0.0059 + 0.3235, time: 11.035023]
2023-09-01 21:57:53.794: epoch 142:	0.02501318  	0.10043156  	0.06798548  
2023-09-01 21:58:04.236: [iter 143 : loss : 0.7172 = 0.0620 + 0.3259 + 0.0060 + 0.3233, time: 10.425498]
2023-09-01 21:58:04.860: epoch 143:	0.02510779  	0.10062975  	0.06808589  
2023-09-01 21:58:04.861: Find a better model.
2023-09-01 21:58:15.839: [iter 144 : loss : 0.7163 = 0.0613 + 0.3258 + 0.0060 + 0.3232, time: 10.961874]
2023-09-01 21:58:16.487: epoch 144:	0.02503210  	0.10035776  	0.06791347  
2023-09-01 21:58:27.494: [iter 145 : loss : 0.7148 = 0.0600 + 0.3257 + 0.0060 + 0.3230, time: 10.992739]
2023-09-01 21:58:28.179: epoch 145:	0.02518346  	0.10105834  	0.06817077  
2023-09-01 21:58:28.179: Find a better model.
2023-09-01 21:58:39.042: [iter 146 : loss : 0.7156 = 0.0610 + 0.3256 + 0.0061 + 0.3229, time: 10.846720]
2023-09-01 21:58:39.678: epoch 146:	0.02513933  	0.10110280  	0.06831819  
2023-09-01 21:58:39.679: Find a better model.
2023-09-01 21:58:50.671: [iter 147 : loss : 0.7153 = 0.0610 + 0.3254 + 0.0061 + 0.3228, time: 10.979026]
2023-09-01 21:58:51.336: epoch 147:	0.02529700  	0.10172064  	0.06859764  
2023-09-01 21:58:51.336: Find a better model.
2023-09-01 21:59:02.169: [iter 148 : loss : 0.7140 = 0.0601 + 0.3252 + 0.0062 + 0.3226, time: 10.817002]
2023-09-01 21:59:02.788: epoch 148:	0.02539161  	0.10207926  	0.06871765  
2023-09-01 21:59:02.788: Find a better model.
2023-09-01 21:59:13.828: [iter 149 : loss : 0.7134 = 0.0597 + 0.3251 + 0.0062 + 0.3224, time: 11.027182]
2023-09-01 21:59:14.459: epoch 149:	0.02536006  	0.10185304  	0.06878430  
2023-09-01 21:59:25.607: [iter 150 : loss : 0.7138 = 0.0603 + 0.3249 + 0.0062 + 0.3223, time: 11.131781]
2023-09-01 21:59:26.284: epoch 150:	0.02537899  	0.10198248  	0.06888697  
2023-09-01 21:59:37.283: [iter 151 : loss : 0.7124 = 0.0591 + 0.3248 + 0.0063 + 0.3221, time: 10.983383]
2023-09-01 21:59:37.938: epoch 151:	0.02552405  	0.10240844  	0.06905765  
2023-09-01 21:59:37.938: Find a better model.
2023-09-01 21:59:48.860: [iter 152 : loss : 0.7119 = 0.0590 + 0.3246 + 0.0063 + 0.3220, time: 10.907137]
2023-09-01 21:59:49.538: epoch 152:	0.02547360  	0.10218444  	0.06890705  
2023-09-01 22:00:00.460: [iter 153 : loss : 0.7112 = 0.0585 + 0.3245 + 0.0064 + 0.3218, time: 10.906137]
2023-09-01 22:00:01.112: epoch 153:	0.02552405  	0.10257410  	0.06911028  
2023-09-01 22:00:01.112: Find a better model.
2023-09-01 22:00:11.915: [iter 154 : loss : 0.7121 = 0.0598 + 0.3243 + 0.0064 + 0.3216, time: 10.788040]
2023-09-01 22:00:12.544: epoch 154:	0.02544207  	0.10237861  	0.06920701  
2023-09-01 22:00:23.428: [iter 155 : loss : 0.7100 = 0.0579 + 0.3241 + 0.0064 + 0.3215, time: 10.871235]
2023-09-01 22:00:24.084: epoch 155:	0.02559343  	0.10291368  	0.06939641  
2023-09-01 22:00:24.084: Find a better model.
2023-09-01 22:00:34.882: [iter 156 : loss : 0.7096 = 0.0576 + 0.3242 + 0.0065 + 0.3213, time: 10.784610]
2023-09-01 22:00:35.521: epoch 156:	0.02558712  	0.10279723  	0.06934135  
2023-09-01 22:00:46.375: [iter 157 : loss : 0.7095 = 0.0579 + 0.3240 + 0.0065 + 0.3212, time: 10.840244]
2023-09-01 22:00:46.995: epoch 157:	0.02558081  	0.10289426  	0.06948282  
2023-09-01 22:00:57.838: [iter 158 : loss : 0.7097 = 0.0583 + 0.3238 + 0.0065 + 0.3211, time: 10.824277]
2023-09-01 22:00:58.495: epoch 158:	0.02564388  	0.10301849  	0.06955326  
2023-09-01 22:00:58.495: Find a better model.
2023-09-01 22:01:08.813: [iter 159 : loss : 0.7087 = 0.0576 + 0.3236 + 0.0066 + 0.3209, time: 10.302798]
2023-09-01 22:01:09.406: epoch 159:	0.02574480  	0.10339345  	0.06984366  
2023-09-01 22:01:09.406: Find a better model.
2023-09-01 22:01:20.441: [iter 160 : loss : 0.7078 = 0.0571 + 0.3234 + 0.0066 + 0.3207, time: 11.019432]
2023-09-01 22:01:21.102: epoch 160:	0.02574479  	0.10342583  	0.06982277  
2023-09-01 22:01:21.102: Find a better model.
2023-09-01 22:01:32.081: [iter 161 : loss : 0.7076 = 0.0569 + 0.3234 + 0.0067 + 0.3206, time: 10.962166]
2023-09-01 22:01:32.740: epoch 161:	0.02580156  	0.10368238  	0.06993336  
2023-09-01 22:01:32.741: Find a better model.
2023-09-01 22:01:43.579: [iter 162 : loss : 0.7071 = 0.0568 + 0.3233 + 0.0067 + 0.3204, time: 10.824096]
2023-09-01 22:01:44.243: epoch 162:	0.02590247  	0.10387383  	0.07010128  
2023-09-01 22:01:44.244: Find a better model.
2023-09-01 22:01:55.146: [iter 163 : loss : 0.7068 = 0.0566 + 0.3232 + 0.0067 + 0.3203, time: 10.889879]
2023-09-01 22:01:55.820: epoch 163:	0.02590878  	0.10407925  	0.07028890  
2023-09-01 22:01:55.820: Find a better model.
2023-09-01 22:02:06.818: [iter 164 : loss : 0.7066 = 0.0567 + 0.3230 + 0.0068 + 0.3201, time: 10.984133]
2023-09-01 22:02:07.448: epoch 164:	0.02592769  	0.10400368  	0.07010350  
2023-09-01 22:02:18.457: [iter 165 : loss : 0.7062 = 0.0567 + 0.3227 + 0.0068 + 0.3200, time: 10.996176]
2023-09-01 22:02:19.132: epoch 165:	0.02603491  	0.10454935  	0.07053623  
2023-09-01 22:02:19.132: Find a better model.
2023-09-01 22:02:30.044: [iter 166 : loss : 0.7055 = 0.0562 + 0.3227 + 0.0069 + 0.3198, time: 10.890048]
2023-09-01 22:02:30.715: epoch 166:	0.02604121  	0.10453538  	0.07058299  
2023-09-01 22:02:41.545: [iter 167 : loss : 0.7051 = 0.0562 + 0.3224 + 0.0069 + 0.3197, time: 10.816925]
2023-09-01 22:02:42.204: epoch 167:	0.02605383  	0.10457356  	0.07046878  
2023-09-01 22:02:42.204: Find a better model.
2023-09-01 22:02:52.982: [iter 168 : loss : 0.7047 = 0.0560 + 0.3223 + 0.0069 + 0.3195, time: 10.760942]
2023-09-01 22:02:53.644: epoch 168:	0.02607275  	0.10465166  	0.07049411  
2023-09-01 22:02:53.644: Find a better model.
2023-09-01 22:03:04.444: [iter 169 : loss : 0.7049 = 0.0564 + 0.3221 + 0.0070 + 0.3194, time: 10.781695]
2023-09-01 22:03:05.102: epoch 169:	0.02612951  	0.10487372  	0.07061147  
2023-09-01 22:03:05.102: Find a better model.
2023-09-01 22:03:15.915: [iter 170 : loss : 0.7039 = 0.0555 + 0.3222 + 0.0070 + 0.3192, time: 10.799383]
2023-09-01 22:03:16.537: epoch 170:	0.02609167  	0.10474889  	0.07057345  
2023-09-01 22:03:27.295: [iter 171 : loss : 0.7032 = 0.0551 + 0.3219 + 0.0070 + 0.3191, time: 10.739037]
2023-09-01 22:03:27.964: epoch 171:	0.02611689  	0.10483020  	0.07077193  
2023-09-01 22:03:38.925: [iter 172 : loss : 0.7022 = 0.0545 + 0.3217 + 0.0071 + 0.3189, time: 10.947635]
2023-09-01 22:03:39.575: epoch 172:	0.02623042  	0.10535569  	0.07110106  
2023-09-01 22:03:39.575: Find a better model.
2023-09-01 22:03:50.603: [iter 173 : loss : 0.7030 = 0.0554 + 0.3216 + 0.0071 + 0.3188, time: 11.016116]
2023-09-01 22:03:51.273: epoch 173:	0.02624304  	0.10528629  	0.07097925  
2023-09-01 22:04:02.204: [iter 174 : loss : 0.7018 = 0.0545 + 0.3215 + 0.0072 + 0.3187, time: 10.917414]
2023-09-01 22:04:02.868: epoch 174:	0.02636287  	0.10582554  	0.07137875  
2023-09-01 22:04:02.868: Find a better model.
2023-09-01 22:04:13.855: [iter 175 : loss : 0.7017 = 0.0546 + 0.3214 + 0.0072 + 0.3185, time: 10.973472]
2023-09-01 22:04:14.515: epoch 175:	0.02635026  	0.10591104  	0.07125813  
2023-09-01 22:04:14.515: Find a better model.
2023-09-01 22:04:25.499: [iter 176 : loss : 0.7015 = 0.0547 + 0.3212 + 0.0072 + 0.3184, time: 10.966217]
2023-09-01 22:04:26.126: epoch 176:	0.02645747  	0.10614052  	0.07138657  
2023-09-01 22:04:26.127: Find a better model.
2023-09-01 22:04:36.989: [iter 177 : loss : 0.7012 = 0.0548 + 0.3210 + 0.0073 + 0.3182, time: 10.850388]
2023-09-01 22:04:37.671: epoch 177:	0.02646378  	0.10630313  	0.07154889  
2023-09-01 22:04:37.672: Find a better model.
2023-09-01 22:04:48.641: [iter 178 : loss : 0.7003 = 0.0541 + 0.3209 + 0.0073 + 0.3180, time: 10.953337]
2023-09-01 22:04:49.311: epoch 178:	0.02645117  	0.10643293  	0.07151897  
2023-09-01 22:04:49.311: Find a better model.
2023-09-01 22:05:00.171: [iter 179 : loss : 0.6998 = 0.0539 + 0.3207 + 0.0074 + 0.3179, time: 10.846406]
2023-09-01 22:05:00.815: epoch 179:	0.02647010  	0.10656811  	0.07162526  
2023-09-01 22:05:00.815: Find a better model.
2023-09-01 22:05:11.635: [iter 180 : loss : 0.6999 = 0.0540 + 0.3206 + 0.0074 + 0.3178, time: 10.806343]
2023-09-01 22:05:12.309: epoch 180:	0.02648272  	0.10660216  	0.07171925  
2023-09-01 22:05:12.309: Find a better model.
2023-09-01 22:05:23.169: [iter 181 : loss : 0.7008 = 0.0553 + 0.3205 + 0.0074 + 0.3176, time: 10.845242]
2023-09-01 22:05:23.821: epoch 181:	0.02666561  	0.10711677  	0.07196857  
2023-09-01 22:05:23.821: Find a better model.
2023-09-01 22:05:34.763: [iter 182 : loss : 0.6990 = 0.0537 + 0.3203 + 0.0075 + 0.3175, time: 10.928761]
2023-09-01 22:05:35.416: epoch 182:	0.02669715  	0.10741221  	0.07207447  
2023-09-01 22:05:35.417: Find a better model.
2023-09-01 22:05:46.353: [iter 183 : loss : 0.6982 = 0.0531 + 0.3203 + 0.0075 + 0.3174, time: 10.922075]
2023-09-01 22:05:47.012: epoch 183:	0.02669715  	0.10736664  	0.07214819  
2023-09-01 22:05:57.999: [iter 184 : loss : 0.6981 = 0.0532 + 0.3201 + 0.0075 + 0.3172, time: 10.972775]
2023-09-01 22:05:58.671: epoch 184:	0.02666561  	0.10715119  	0.07195291  
2023-09-01 22:06:09.455: [iter 185 : loss : 0.6972 = 0.0525 + 0.3200 + 0.0076 + 0.3171, time: 10.771705]
2023-09-01 22:06:10.113: epoch 185:	0.02671607  	0.10745504  	0.07210249  
2023-09-01 22:06:10.113: Find a better model.
2023-09-01 22:06:20.946: [iter 186 : loss : 0.6981 = 0.0537 + 0.3198 + 0.0076 + 0.3169, time: 10.819748]
2023-09-01 22:06:21.627: epoch 186:	0.02665931  	0.10725904  	0.07204174  
2023-09-01 22:06:32.636: [iter 187 : loss : 0.6971 = 0.0531 + 0.3195 + 0.0077 + 0.3168, time: 10.992936]
2023-09-01 22:06:33.303: epoch 187:	0.02672237  	0.10748808  	0.07210585  
2023-09-01 22:06:33.303: Find a better model.
2023-09-01 22:06:44.152: [iter 188 : loss : 0.6973 = 0.0534 + 0.3196 + 0.0077 + 0.3167, time: 10.835525]
2023-09-01 22:06:44.812: epoch 188:	0.02676653  	0.10769469  	0.07224745  
2023-09-01 22:06:44.813: Find a better model.
2023-09-01 22:06:55.756: [iter 189 : loss : 0.6960 = 0.0524 + 0.3194 + 0.0077 + 0.3165, time: 10.928283]
2023-09-01 22:06:56.396: epoch 189:	0.02675391  	0.10765152  	0.07231741  
2023-09-01 22:07:07.333: [iter 190 : loss : 0.6972 = 0.0538 + 0.3193 + 0.0078 + 0.3164, time: 10.924268]
2023-09-01 22:07:08.008: epoch 190:	0.02691790  	0.10836942  	0.07270110  
2023-09-01 22:07:08.008: Find a better model.
2023-09-01 22:07:19.052: [iter 191 : loss : 0.6951 = 0.0520 + 0.3191 + 0.0078 + 0.3162, time: 11.030987]
2023-09-01 22:07:19.734: epoch 191:	0.02699988  	0.10888191  	0.07288963  
2023-09-01 22:07:19.734: Find a better model.
2023-09-01 22:07:30.687: [iter 192 : loss : 0.6957 = 0.0528 + 0.3189 + 0.0079 + 0.3161, time: 10.930230]
2023-09-01 22:07:31.323: epoch 192:	0.02698726  	0.10857084  	0.07281564  
2023-09-01 22:07:42.411: [iter 193 : loss : 0.6952 = 0.0526 + 0.3188 + 0.0079 + 0.3160, time: 11.072814]
2023-09-01 22:07:43.074: epoch 193:	0.02708818  	0.10923645  	0.07313062  
2023-09-01 22:07:43.074: Find a better model.
2023-09-01 22:07:54.143: [iter 194 : loss : 0.6941 = 0.0516 + 0.3188 + 0.0079 + 0.3158, time: 11.049566]
2023-09-01 22:07:54.823: epoch 194:	0.02706925  	0.10901469  	0.07308433  
2023-09-01 22:08:05.782: [iter 195 : loss : 0.6933 = 0.0511 + 0.3185 + 0.0080 + 0.3157, time: 10.938808]
2023-09-01 22:08:06.462: epoch 195:	0.02701879  	0.10887765  	0.07309388  
2023-09-01 22:08:17.532: [iter 196 : loss : 0.6946 = 0.0527 + 0.3184 + 0.0080 + 0.3155, time: 11.054463]
2023-09-01 22:08:18.175: epoch 196:	0.02705033  	0.10901460  	0.07315902  
2023-09-01 22:08:29.006: [iter 197 : loss : 0.6933 = 0.0516 + 0.3183 + 0.0080 + 0.3154, time: 10.815170]
2023-09-01 22:08:29.674: epoch 197:	0.02715754  	0.10928432  	0.07327192  
2023-09-01 22:08:29.674: Find a better model.
2023-09-01 22:08:40.516: [iter 198 : loss : 0.6923 = 0.0509 + 0.3181 + 0.0081 + 0.3152, time: 10.828629]
2023-09-01 22:08:41.163: epoch 198:	0.02723953  	0.10944700  	0.07329102  
2023-09-01 22:08:41.163: Find a better model.
2023-09-01 22:08:52.203: [iter 199 : loss : 0.6918 = 0.0506 + 0.3180 + 0.0081 + 0.3151, time: 11.026652]
2023-09-01 22:08:52.870: epoch 199:	0.02728999  	0.10981891  	0.07350603  
2023-09-01 22:08:52.870: Find a better model.
2023-09-01 22:09:03.784: [iter 200 : loss : 0.6931 = 0.0522 + 0.3178 + 0.0082 + 0.3149, time: 10.897871]
2023-09-01 22:09:04.460: epoch 200:	0.02731522  	0.11011676  	0.07362175  
2023-09-01 22:09:04.460: Find a better model.
2023-09-01 22:09:04.460: best_result@epoch 200:

2023-09-01 22:09:04.460: 		0.0273      	0.1101      	0.0736      
