2023-08-31 13:53:23.750: my pid: 9484
2023-08-31 13:53:23.750: model: model.general_recommender.GNNEC
2023-08-31 13:53:23.750: Dataset statistics:
Name: amazon-book
The number of users: 7928
The number of items: 29346
The number of ratings: 460224
Average actions of users: 58.05
Average actions of items: 15.68
The sparsity of the dataset: 99.802186%

The number of training: 417417
The number of validation: 0
The number of testing: 42807
2023-08-31 13:53:23.750: NeuRec:[NeuRec]:
recommender=GNNEC
dataset=amazon-book
file_column=UI
sep=','
gpu_id=0
gpu_mem=0.99
metric=["Precision", "Recall", "NDCG"]
top_k=[20]
test_thread=8
test_batch_size=128
seed=2021
start_testing_epoch=0

GNNEC:[hyperparameters]:
mf_reg=1e-4
svd_q=5
aug_type=ND
reg=1e-4
embed_size=64
n_layers=2
ssl_reg=0.02
ssl_ratio=0.5
ssl_temp=0.8
ssl_mode=both_side
lr=1e-3
learner=adam
adj_type=pre
epochs=200
batch_size=2048
num_negatives=1
param_init=xavier_uniform
stddev=0.01
verbose=1
stop_cnt=10
pretrain_flag=0
save_flag=0

Command line:
recommender=GNNEC
dataset=amazon-book
epochs=200
n_layers=2
embed_size=64
batch_size=2048
lr=1e-3
aug_type=ND
reg=1e-4
ssl_reg=0.02
ssl_ratio=0.5
ssl_temp=0.8
mf_reg=1e-4
svd_q=5
2023-08-31 13:53:43.885: metrics:	Precision@20	Recall@20   	NDCG@20     
2023-08-31 13:53:58.241: [iter 1 : loss : 0.9578 = 0.5895 + 0.3665 + 0.0000 + 0.0018, time: 14.355839]
2023-08-31 13:53:58.921: epoch 1:	0.00961150  	0.03626301  	0.02401651  
2023-08-31 13:53:58.921: Find a better model.
2023-08-31 13:54:12.795: [iter 2 : loss : 0.7628 = 0.4151 + 0.3457 + 0.0002 + 0.0017, time: 13.858548]
2023-08-31 13:54:13.449: epoch 2:	0.01050709  	0.04010564  	0.02671815  
2023-08-31 13:54:13.449: Find a better model.
2023-08-31 13:54:27.249: [iter 3 : loss : 0.6913 = 0.3524 + 0.3369 + 0.0003 + 0.0017, time: 13.784803]
2023-08-31 13:54:27.885: epoch 3:	0.01100534  	0.04225939  	0.02850062  
2023-08-31 13:54:27.885: Find a better model.
2023-08-31 13:54:41.762: [iter 4 : loss : 0.6476 = 0.3148 + 0.3307 + 0.0004 + 0.0017, time: 13.861705]
2023-08-31 13:54:42.412: epoch 4:	0.01154144  	0.04437109  	0.03004588  
2023-08-31 13:54:42.412: Find a better model.
2023-08-31 13:54:56.294: [iter 5 : loss : 0.6144 = 0.2864 + 0.3259 + 0.0005 + 0.0016, time: 13.869638]
2023-08-31 13:54:56.923: epoch 5:	0.01213430  	0.04673171  	0.03175950  
2023-08-31 13:54:56.923: Find a better model.
2023-08-31 13:55:10.736: [iter 6 : loss : 0.5904 = 0.2661 + 0.3221 + 0.0006 + 0.0016, time: 13.801929]
2023-08-31 13:55:11.415: epoch 6:	0.01271454  	0.04900974  	0.03344487  
2023-08-31 13:55:11.415: Find a better model.
2023-08-31 13:55:25.539: [iter 7 : loss : 0.5703 = 0.2494 + 0.3186 + 0.0006 + 0.0016, time: 14.108417]
2023-08-31 13:55:26.160: epoch 7:	0.01323172  	0.05116592  	0.03505955  
2023-08-31 13:55:26.161: Find a better model.
2023-08-31 13:55:40.047: [iter 8 : loss : 0.5538 = 0.2358 + 0.3157 + 0.0007 + 0.0016, time: 13.872609]
2023-08-31 13:55:40.679: epoch 8:	0.01372366  	0.05310935  	0.03647286  
2023-08-31 13:55:40.679: Find a better model.
2023-08-31 13:55:54.309: [iter 9 : loss : 0.5377 = 0.2224 + 0.3129 + 0.0008 + 0.0016, time: 13.617796]
2023-08-31 13:55:54.918: epoch 9:	0.01386872  	0.05357535  	0.03717924  
2023-08-31 13:55:54.918: Find a better model.
2023-08-31 13:56:08.776: [iter 10 : loss : 0.5251 = 0.2123 + 0.3103 + 0.0008 + 0.0016, time: 13.847223]
2023-08-31 13:56:09.435: epoch 10:	0.01443004  	0.05588955  	0.03849201  
2023-08-31 13:56:09.435: Find a better model.
2023-08-31 13:56:22.811: [iter 11 : loss : 0.5132 = 0.2028 + 0.3080 + 0.0009 + 0.0015, time: 13.362566]
2023-08-31 13:56:23.446: epoch 11:	0.01468862  	0.05678239  	0.03922980  
2023-08-31 13:56:23.446: Find a better model.
2023-08-31 13:56:37.361: [iter 12 : loss : 0.5027 = 0.1945 + 0.3057 + 0.0010 + 0.0015, time: 13.902734]
2023-08-31 13:56:38.027: epoch 12:	0.01506073  	0.05832952  	0.04026246  
2023-08-31 13:56:38.027: Find a better model.
2023-08-31 13:56:52.100: [iter 13 : loss : 0.4937 = 0.1875 + 0.3037 + 0.0010 + 0.0015, time: 14.061458]
2023-08-31 13:56:52.784: epoch 13:	0.01550221  	0.06022964  	0.04139265  
2023-08-31 13:56:52.784: Find a better model.
2023-08-31 13:57:06.712: [iter 14 : loss : 0.4843 = 0.1800 + 0.3017 + 0.0011 + 0.0015, time: 13.914919]
2023-08-31 13:57:07.366: epoch 14:	0.01579234  	0.06159904  	0.04247147  
2023-08-31 13:57:07.366: Find a better model.
2023-08-31 13:57:21.160: [iter 15 : loss : 0.4745 = 0.1721 + 0.2997 + 0.0012 + 0.0015, time: 13.782260]
2023-08-31 13:57:21.792: epoch 15:	0.01609507  	0.06270172  	0.04312172  
2023-08-31 13:57:21.793: Find a better model.
2023-08-31 13:57:35.880: [iter 16 : loss : 0.4677 = 0.1672 + 0.2978 + 0.0012 + 0.0015, time: 14.076892]
2023-08-31 13:57:36.547: epoch 16:	0.01635366  	0.06409559  	0.04416975  
2023-08-31 13:57:36.547: Find a better model.
2023-08-31 13:57:50.615: [iter 17 : loss : 0.4606 = 0.1619 + 0.2959 + 0.0013 + 0.0015, time: 14.056316]
2023-08-31 13:57:51.248: epoch 17:	0.01679515  	0.06598728  	0.04561155  
2023-08-31 13:57:51.248: Find a better model.
2023-08-31 13:58:04.975: [iter 18 : loss : 0.4543 = 0.1574 + 0.2941 + 0.0014 + 0.0015, time: 13.715780]
2023-08-31 13:58:05.606: epoch 18:	0.01727449  	0.06798329  	0.04669780  
2023-08-31 13:58:05.606: Find a better model.
2023-08-31 13:58:19.562: [iter 19 : loss : 0.4470 = 0.1517 + 0.2924 + 0.0014 + 0.0015, time: 13.946393]
2023-08-31 13:58:20.218: epoch 19:	0.01760876  	0.06958565  	0.04780062  
2023-08-31 13:58:20.219: Find a better model.
2023-08-31 13:58:34.131: [iter 20 : loss : 0.4407 = 0.1471 + 0.2907 + 0.0015 + 0.0015, time: 13.901680]
2023-08-31 13:58:34.769: epoch 20:	0.01806918  	0.07151019  	0.04895165  
2023-08-31 13:58:34.769: Find a better model.
2023-08-31 13:58:48.731: [iter 21 : loss : 0.4348 = 0.1428 + 0.2890 + 0.0016 + 0.0014, time: 13.949991]
2023-08-31 13:58:49.353: epoch 21:	0.01825208  	0.07193945  	0.04947090  
2023-08-31 13:58:49.353: Find a better model.
2023-08-31 13:59:03.305: [iter 22 : loss : 0.4295 = 0.1391 + 0.2873 + 0.0016 + 0.0014, time: 13.940416]
2023-08-31 13:59:03.958: epoch 22:	0.01851068  	0.07317588  	0.05028082  
2023-08-31 13:59:03.958: Find a better model.
2023-08-31 13:59:17.918: [iter 23 : loss : 0.4246 = 0.1356 + 0.2858 + 0.0017 + 0.0014, time: 13.949757]
2023-08-31 13:59:18.590: epoch 23:	0.01881341  	0.07427068  	0.05102101  
2023-08-31 13:59:18.590: Find a better model.
2023-08-31 13:59:32.354: [iter 24 : loss : 0.4201 = 0.1325 + 0.2844 + 0.0018 + 0.0014, time: 13.751796]
2023-08-31 13:59:33.008: epoch 24:	0.01914768  	0.07572240  	0.05196527  
2023-08-31 13:59:33.009: Find a better model.
2023-08-31 13:59:46.938: [iter 25 : loss : 0.4144 = 0.1283 + 0.2829 + 0.0018 + 0.0014, time: 13.919373]
2023-08-31 13:59:47.600: epoch 25:	0.01953871  	0.07728457  	0.05303058  
2023-08-31 13:59:47.601: Find a better model.
2023-08-31 14:00:01.575: [iter 26 : loss : 0.4092 = 0.1245 + 0.2813 + 0.0019 + 0.0014, time: 13.961540]
2023-08-31 14:00:02.204: epoch 26:	0.01993605  	0.07896508  	0.05395874  
2023-08-31 14:00:02.204: Find a better model.
2023-08-31 14:00:15.975: [iter 27 : loss : 0.4055 = 0.1222 + 0.2800 + 0.0020 + 0.0014, time: 13.758826]
2023-08-31 14:00:16.623: epoch 27:	0.02013786  	0.07975177  	0.05458529  
2023-08-31 14:00:16.623: Find a better model.
2023-08-31 14:00:30.446: [iter 28 : loss : 0.4008 = 0.1190 + 0.2784 + 0.0020 + 0.0014, time: 13.812023]
2023-08-31 14:00:31.078: epoch 28:	0.02045322  	0.08079008  	0.05528118  
2023-08-31 14:00:31.078: Find a better model.
2023-08-31 14:00:44.888: [iter 29 : loss : 0.3969 = 0.1164 + 0.2770 + 0.0021 + 0.0014, time: 13.799187]
2023-08-31 14:00:45.537: epoch 29:	0.02052260  	0.08084441  	0.05568472  
2023-08-31 14:00:45.537: Find a better model.
2023-08-31 14:00:59.349: [iter 30 : loss : 0.3936 = 0.1144 + 0.2757 + 0.0022 + 0.0014, time: 13.801546]
2023-08-31 14:00:59.993: epoch 30:	0.02080011  	0.08238164  	0.05624012  
2023-08-31 14:00:59.993: Find a better model.
2023-08-31 14:01:13.731: [iter 31 : loss : 0.3886 = 0.1106 + 0.2744 + 0.0022 + 0.0014, time: 13.724975]
2023-08-31 14:01:14.393: epoch 31:	0.02097670  	0.08284553  	0.05682575  
2023-08-31 14:01:14.393: Find a better model.
2023-08-31 14:01:28.265: [iter 32 : loss : 0.3868 = 0.1102 + 0.2730 + 0.0023 + 0.0014, time: 13.858037]
2023-08-31 14:01:28.916: epoch 32:	0.02132358  	0.08444145  	0.05764627  
2023-08-31 14:01:28.917: Find a better model.
2023-08-31 14:01:42.863: [iter 33 : loss : 0.3814 = 0.1061 + 0.2716 + 0.0024 + 0.0014, time: 13.935078]
2023-08-31 14:01:43.483: epoch 33:	0.02159478  	0.08529481  	0.05822354  
2023-08-31 14:01:43.483: Find a better model.
2023-08-31 14:01:57.464: [iter 34 : loss : 0.3796 = 0.1056 + 0.2703 + 0.0024 + 0.0013, time: 13.970672]
2023-08-31 14:01:58.142: epoch 34:	0.02175875  	0.08618101  	0.05886370  
2023-08-31 14:01:58.142: Find a better model.
2023-08-31 14:02:12.112: [iter 35 : loss : 0.3750 = 0.1021 + 0.2691 + 0.0025 + 0.0013, time: 13.958231]
2023-08-31 14:02:12.752: epoch 35:	0.02210564  	0.08759212  	0.05980095  
2023-08-31 14:02:12.752: Find a better model.
2023-08-31 14:02:26.624: [iter 36 : loss : 0.3721 = 0.1004 + 0.2678 + 0.0025 + 0.0013, time: 13.860025]
2023-08-31 14:02:27.267: epoch 36:	0.02218133  	0.08786310  	0.05999804  
2023-08-31 14:02:27.267: Find a better model.
2023-08-31 14:02:41.097: [iter 37 : loss : 0.3687 = 0.0981 + 0.2666 + 0.0026 + 0.0013, time: 13.818268]
2023-08-31 14:02:41.764: epoch 37:	0.02247144  	0.08910141  	0.06069681  
2023-08-31 14:02:41.765: Find a better model.
2023-08-31 14:02:55.751: [iter 38 : loss : 0.3663 = 0.0969 + 0.2654 + 0.0027 + 0.0013, time: 13.973571]
2023-08-31 14:02:56.405: epoch 38:	0.02275526  	0.09035448  	0.06152085  
2023-08-31 14:02:56.405: Find a better model.
2023-08-31 14:03:10.436: [iter 39 : loss : 0.3625 = 0.0943 + 0.2641 + 0.0027 + 0.0013, time: 14.019163]
2023-08-31 14:03:11.053: epoch 39:	0.02297601  	0.09098790  	0.06212047  
2023-08-31 14:03:11.053: Find a better model.
2023-08-31 14:03:25.100: [iter 40 : loss : 0.3605 = 0.0936 + 0.2628 + 0.0028 + 0.0013, time: 14.032981]
2023-08-31 14:03:25.744: epoch 40:	0.02320306  	0.09220411  	0.06265457  
2023-08-31 14:03:25.744: Find a better model.
2023-08-31 14:03:39.600: [iter 41 : loss : 0.3571 = 0.0912 + 0.2616 + 0.0029 + 0.0013, time: 13.843139]
2023-08-31 14:03:40.263: epoch 41:	0.02337334  	0.09276266  	0.06314139  
2023-08-31 14:03:40.263: Find a better model.
2023-08-31 14:03:54.250: [iter 42 : loss : 0.3547 = 0.0898 + 0.2606 + 0.0029 + 0.0013, time: 13.974479]
2023-08-31 14:03:54.881: epoch 42:	0.02337335  	0.09317319  	0.06343587  
2023-08-31 14:03:54.881: Find a better model.
2023-08-31 14:04:08.676: [iter 43 : loss : 0.3519 = 0.0883 + 0.2592 + 0.0030 + 0.0013, time: 13.780880]
2023-08-31 14:04:09.265: epoch 43:	0.02366977  	0.09427634  	0.06407151  
2023-08-31 14:04:09.265: Find a better model.
2023-08-31 14:04:23.075: [iter 44 : loss : 0.3497 = 0.0872 + 0.2581 + 0.0031 + 0.0013, time: 13.799194]
2023-08-31 14:04:23.724: epoch 44:	0.02401665  	0.09554480  	0.06480110  
2023-08-31 14:04:23.724: Find a better model.
2023-08-31 14:04:37.640: [iter 45 : loss : 0.3464 = 0.0850 + 0.2570 + 0.0031 + 0.0013, time: 13.904591]
2023-08-31 14:04:38.247: epoch 45:	0.02405450  	0.09595238  	0.06511267  
2023-08-31 14:04:38.247: Find a better model.
2023-08-31 14:04:52.083: [iter 46 : loss : 0.3441 = 0.0838 + 0.2558 + 0.0032 + 0.0013, time: 13.826729]
2023-08-31 14:04:52.739: epoch 46:	0.02425632  	0.09681153  	0.06563590  
2023-08-31 14:04:52.739: Find a better model.
2023-08-31 14:05:06.662: [iter 47 : loss : 0.3424 = 0.0832 + 0.2547 + 0.0033 + 0.0013, time: 13.912815]
2023-08-31 14:05:07.311: epoch 47:	0.02438876  	0.09720530  	0.06603695  
2023-08-31 14:05:07.311: Find a better model.
2023-08-31 14:05:21.229: [iter 48 : loss : 0.3394 = 0.0812 + 0.2536 + 0.0033 + 0.0013, time: 13.907622]
2023-08-31 14:05:21.896: epoch 48:	0.02456536  	0.09791610  	0.06653793  
2023-08-31 14:05:21.896: Find a better model.
2023-08-31 14:05:35.872: [iter 49 : loss : 0.3367 = 0.0795 + 0.2526 + 0.0034 + 0.0013, time: 13.963655]
2023-08-31 14:05:36.493: epoch 49:	0.02476719  	0.09868108  	0.06702212  
2023-08-31 14:05:36.493: Find a better model.
2023-08-31 14:05:50.348: [iter 50 : loss : 0.3338 = 0.0778 + 0.2513 + 0.0035 + 0.0013, time: 13.843007]
2023-08-31 14:05:51.005: epoch 50:	0.02490595  	0.09913357  	0.06740336  
2023-08-31 14:05:51.006: Find a better model.
2023-08-31 14:06:04.973: [iter 51 : loss : 0.3327 = 0.0776 + 0.2503 + 0.0035 + 0.0012, time: 13.956318]
2023-08-31 14:06:05.638: epoch 51:	0.02509515  	0.10017654  	0.06810667  
2023-08-31 14:06:05.638: Find a better model.
2023-08-31 14:06:19.721: [iter 52 : loss : 0.3302 = 0.0762 + 0.2492 + 0.0036 + 0.0012, time: 14.070171]
2023-08-31 14:06:20.399: epoch 52:	0.02513931  	0.10034037  	0.06839182  
2023-08-31 14:06:20.399: Find a better model.
2023-08-31 14:06:34.238: [iter 53 : loss : 0.3283 = 0.0752 + 0.2482 + 0.0037 + 0.0012, time: 13.825694]
2023-08-31 14:06:34.854: epoch 53:	0.02527175  	0.10097525  	0.06893710  
2023-08-31 14:06:34.854: Find a better model.
2023-08-31 14:06:48.563: [iter 54 : loss : 0.3260 = 0.0740 + 0.2470 + 0.0037 + 0.0012, time: 13.698088]
2023-08-31 14:06:49.227: epoch 54:	0.02558710  	0.10228948  	0.06958453  
2023-08-31 14:06:49.227: Find a better model.
2023-08-31 14:07:03.183: [iter 55 : loss : 0.3231 = 0.0721 + 0.2460 + 0.0038 + 0.0012, time: 13.944985]
2023-08-31 14:07:03.860: epoch 55:	0.02573217  	0.10271851  	0.06991228  
2023-08-31 14:07:03.861: Find a better model.
2023-08-31 14:07:17.889: [iter 56 : loss : 0.3216 = 0.0716 + 0.2449 + 0.0039 + 0.0012, time: 14.015583]
2023-08-31 14:07:18.541: epoch 56:	0.02600336  	0.10377100  	0.07062496  
2023-08-31 14:07:18.541: Find a better model.
2023-08-31 14:07:32.508: [iter 57 : loss : 0.3198 = 0.0708 + 0.2439 + 0.0039 + 0.0012, time: 13.954517]
2023-08-31 14:07:33.144: epoch 57:	0.02612320  	0.10453684  	0.07116134  
2023-08-31 14:07:33.144: Find a better model.
2023-08-31 14:07:47.243: [iter 58 : loss : 0.3167 = 0.0688 + 0.2427 + 0.0040 + 0.0012, time: 14.087880]
2023-08-31 14:07:47.910: epoch 58:	0.02629980  	0.10504320  	0.07159102  
2023-08-31 14:07:47.910: Find a better model.
2023-08-31 14:08:01.962: [iter 59 : loss : 0.3153 = 0.0684 + 0.2416 + 0.0041 + 0.0012, time: 14.039871]
2023-08-31 14:08:02.623: epoch 59:	0.02645747  	0.10585457  	0.07210293  
2023-08-31 14:08:02.623: Find a better model.
2023-08-31 14:08:16.680: [iter 60 : loss : 0.3143 = 0.0683 + 0.2407 + 0.0041 + 0.0012, time: 14.045294]
2023-08-31 14:08:17.324: epoch 60:	0.02655838  	0.10634056  	0.07251886  
2023-08-31 14:08:17.325: Find a better model.
2023-08-31 14:08:31.213: [iter 61 : loss : 0.3112 = 0.0663 + 0.2396 + 0.0042 + 0.0012, time: 13.878033]
2023-08-31 14:08:31.860: epoch 61:	0.02663407  	0.10653605  	0.07264858  
2023-08-31 14:08:31.861: Find a better model.
2023-08-31 14:08:45.943: [iter 62 : loss : 0.3093 = 0.0653 + 0.2386 + 0.0043 + 0.0012, time: 14.072364]
2023-08-31 14:08:46.613: epoch 62:	0.02692419  	0.10803199  	0.07336479  
2023-08-31 14:08:46.613: Find a better model.
2023-08-31 14:09:00.429: [iter 63 : loss : 0.3085 = 0.0654 + 0.2375 + 0.0044 + 0.0012, time: 13.804788]
2023-08-31 14:09:01.043: epoch 63:	0.02689267  	0.10786250  	0.07353719  
2023-08-31 14:09:14.831: [iter 64 : loss : 0.3058 = 0.0637 + 0.2365 + 0.0044 + 0.0012, time: 13.777430]
2023-08-31 14:09:15.481: epoch 64:	0.02717018  	0.10878648  	0.07399466  
2023-08-31 14:09:15.481: Find a better model.
2023-08-31 14:09:29.376: [iter 65 : loss : 0.3033 = 0.0621 + 0.2355 + 0.0045 + 0.0012, time: 13.881188]
2023-08-31 14:09:30.033: epoch 65:	0.02732154  	0.10966547  	0.07456084  
2023-08-31 14:09:30.033: Find a better model.
2023-08-31 14:09:43.764: [iter 66 : loss : 0.3020 = 0.0617 + 0.2345 + 0.0046 + 0.0012, time: 13.719573]
2023-08-31 14:09:44.405: epoch 66:	0.02745399  	0.11026499  	0.07513370  
2023-08-31 14:09:44.405: Find a better model.
2023-08-31 14:09:57.902: [iter 67 : loss : 0.3011 = 0.0617 + 0.2335 + 0.0046 + 0.0012, time: 13.480772]
2023-08-31 14:09:58.482: epoch 67:	0.02769366  	0.11143953  	0.07581740  
2023-08-31 14:09:58.482: Find a better model.
2023-08-31 14:10:11.968: [iter 68 : loss : 0.2996 = 0.0614 + 0.2324 + 0.0047 + 0.0012, time: 13.475384]
2023-08-31 14:10:12.605: epoch 68:	0.02779457  	0.11170544  	0.07618466  
2023-08-31 14:10:12.605: Find a better model.
2023-08-31 14:10:26.513: [iter 69 : loss : 0.2976 = 0.0601 + 0.2316 + 0.0048 + 0.0011, time: 13.893722]
2023-08-31 14:10:27.169: epoch 69:	0.02787025  	0.11218719  	0.07668776  
2023-08-31 14:10:27.169: Find a better model.
2023-08-31 14:10:40.974: [iter 70 : loss : 0.2968 = 0.0603 + 0.2305 + 0.0048 + 0.0011, time: 13.794280]
2023-08-31 14:10:41.633: epoch 70:	0.02808469  	0.11302110  	0.07706760  
2023-08-31 14:10:41.633: Find a better model.
2023-08-31 14:10:55.708: [iter 71 : loss : 0.2938 = 0.0582 + 0.2296 + 0.0049 + 0.0011, time: 14.061290]
2023-08-31 14:10:56.388: epoch 71:	0.02826128  	0.11379014  	0.07772598  
2023-08-31 14:10:56.388: Find a better model.
2023-08-31 14:11:10.476: [iter 72 : loss : 0.2927 = 0.0580 + 0.2286 + 0.0050 + 0.0011, time: 14.069278]
2023-08-31 14:11:11.143: epoch 72:	0.02828020  	0.11419562  	0.07787991  
2023-08-31 14:11:11.144: Find a better model.
2023-08-31 14:11:25.512: [iter 73 : loss : 0.2906 = 0.0567 + 0.2277 + 0.0051 + 0.0011, time: 14.352828]
2023-08-31 14:11:26.161: epoch 73:	0.02837480  	0.11444484  	0.07825805  
2023-08-31 14:11:26.161: Find a better model.
2023-08-31 14:11:40.431: [iter 74 : loss : 0.2893 = 0.0564 + 0.2266 + 0.0051 + 0.0011, time: 14.258424]
2023-08-31 14:11:41.071: epoch 74:	0.02848834  	0.11486570  	0.07859229  
2023-08-31 14:11:41.071: Find a better model.
2023-08-31 14:11:55.415: [iter 75 : loss : 0.2874 = 0.0554 + 0.2257 + 0.0052 + 0.0011, time: 14.328176]
2023-08-31 14:11:56.057: epoch 75:	0.02854509  	0.11506164  	0.07865912  
2023-08-31 14:11:56.058: Find a better model.
2023-08-31 14:12:09.968: [iter 76 : loss : 0.2876 = 0.0566 + 0.2247 + 0.0053 + 0.0011, time: 13.896393]
2023-08-31 14:12:10.655: epoch 76:	0.02850725  	0.11509573  	0.07894936  
2023-08-31 14:12:10.655: Find a better model.
2023-08-31 14:12:24.651: [iter 77 : loss : 0.2848 = 0.0546 + 0.2238 + 0.0054 + 0.0011, time: 13.981319]
2023-08-31 14:12:25.309: epoch 77:	0.02863339  	0.11558745  	0.07918058  
2023-08-31 14:12:25.309: Find a better model.
2023-08-31 14:12:39.235: [iter 78 : loss : 0.2830 = 0.0537 + 0.2228 + 0.0054 + 0.0011, time: 13.911202]
2023-08-31 14:12:39.884: epoch 78:	0.02892350  	0.11672594  	0.07987669  
2023-08-31 14:12:39.884: Find a better model.
2023-08-31 14:12:53.723: [iter 79 : loss : 0.2818 = 0.0534 + 0.2219 + 0.0055 + 0.0011, time: 13.824939]
2023-08-31 14:12:54.375: epoch 79:	0.02888565  	0.11659338  	0.07992339  
2023-08-31 14:13:08.005: [iter 80 : loss : 0.2801 = 0.0525 + 0.2209 + 0.0056 + 0.0011, time: 13.616159]
2023-08-31 14:13:08.619: epoch 80:	0.02899919  	0.11719774  	0.08023421  
2023-08-31 14:13:08.619: Find a better model.
2023-08-31 14:13:22.705: [iter 81 : loss : 0.2794 = 0.0527 + 0.2199 + 0.0056 + 0.0011, time: 14.075707]
2023-08-31 14:13:23.331: epoch 81:	0.02922624  	0.11797785  	0.08076964  
2023-08-31 14:13:23.331: Find a better model.
2023-08-31 14:13:37.195: [iter 82 : loss : 0.2785 = 0.0526 + 0.2191 + 0.0057 + 0.0011, time: 13.853512]
2023-08-31 14:13:37.812: epoch 82:	0.02932716  	0.11842687  	0.08117888  
2023-08-31 14:13:37.812: Find a better model.
2023-08-31 14:13:52.099: [iter 83 : loss : 0.2757 = 0.0506 + 0.2182 + 0.0058 + 0.0011, time: 14.274385]
2023-08-31 14:13:52.741: epoch 83:	0.02950374  	0.11904415  	0.08138714  
2023-08-31 14:13:52.742: Find a better model.
2023-08-31 14:14:06.660: [iter 84 : loss : 0.2744 = 0.0502 + 0.2172 + 0.0059 + 0.0011, time: 13.907299]
2023-08-31 14:14:07.308: epoch 84:	0.02973079  	0.11998785  	0.08184358  
2023-08-31 14:14:07.308: Find a better model.
2023-08-31 14:14:21.219: [iter 85 : loss : 0.2730 = 0.0497 + 0.2163 + 0.0060 + 0.0011, time: 13.900002]
2023-08-31 14:14:21.876: epoch 85:	0.02977494  	0.12020648  	0.08203496  
2023-08-31 14:14:21.877: Find a better model.
2023-08-31 14:14:35.979: [iter 86 : loss : 0.2723 = 0.0498 + 0.2153 + 0.0060 + 0.0011, time: 14.090603]
2023-08-31 14:14:36.630: epoch 86:	0.02973079  	0.12028673  	0.08231757  
2023-08-31 14:14:36.631: Find a better model.
2023-08-31 14:14:50.813: [iter 87 : loss : 0.2713 = 0.0498 + 0.2144 + 0.0061 + 0.0011, time: 14.167490]
2023-08-31 14:14:51.456: epoch 87:	0.02981909  	0.12072174  	0.08245326  
2023-08-31 14:14:51.456: Find a better model.
2023-08-31 14:15:05.603: [iter 88 : loss : 0.2698 = 0.0491 + 0.2135 + 0.0062 + 0.0011, time: 14.128270]
2023-08-31 14:15:06.267: epoch 88:	0.02993262  	0.12091751  	0.08269190  
2023-08-31 14:15:06.267: Find a better model.
2023-08-31 14:15:20.579: [iter 89 : loss : 0.2683 = 0.0483 + 0.2127 + 0.0063 + 0.0011, time: 14.297632]
2023-08-31 14:15:21.206: epoch 89:	0.03002722  	0.12139985  	0.08310066  
2023-08-31 14:15:21.206: Find a better model.
2023-08-31 14:15:35.336: [iter 90 : loss : 0.2672 = 0.0481 + 0.2118 + 0.0063 + 0.0010, time: 14.117945]
2023-08-31 14:15:35.968: epoch 90:	0.03010921  	0.12178021  	0.08335102  
2023-08-31 14:15:35.969: Find a better model.
2023-08-31 14:15:50.109: [iter 91 : loss : 0.2655 = 0.0472 + 0.2109 + 0.0064 + 0.0010, time: 14.124550]
2023-08-31 14:15:50.750: epoch 91:	0.03026687  	0.12229067  	0.08376697  
2023-08-31 14:15:50.750: Find a better model.
2023-08-31 14:16:04.891: [iter 92 : loss : 0.2652 = 0.0478 + 0.2098 + 0.0065 + 0.0010, time: 14.128463]
2023-08-31 14:16:05.512: epoch 92:	0.03042454  	0.12300786  	0.08432398  
2023-08-31 14:16:05.512: Find a better model.
2023-08-31 14:16:19.727: [iter 93 : loss : 0.2629 = 0.0461 + 0.2092 + 0.0066 + 0.0010, time: 14.203858]
2023-08-31 14:16:20.407: epoch 93:	0.03043086  	0.12294260  	0.08447541  
2023-08-31 14:16:34.643: [iter 94 : loss : 0.2624 = 0.0464 + 0.2083 + 0.0066 + 0.0010, time: 14.220872]
2023-08-31 14:16:35.333: epoch 94:	0.03049393  	0.12341969  	0.08461677  
2023-08-31 14:16:35.333: Find a better model.
2023-08-31 14:16:49.467: [iter 95 : loss : 0.2618 = 0.0467 + 0.2074 + 0.0067 + 0.0010, time: 14.119300]
2023-08-31 14:16:50.130: epoch 95:	0.03068945  	0.12427962  	0.08507428  
2023-08-31 14:16:50.130: Find a better model.
2023-08-31 14:17:04.398: [iter 96 : loss : 0.2601 = 0.0457 + 0.2066 + 0.0068 + 0.0010, time: 14.252002]
2023-08-31 14:17:05.036: epoch 96:	0.03066422  	0.12430058  	0.08513568  
2023-08-31 14:17:05.036: Find a better model.
2023-08-31 14:17:19.396: [iter 97 : loss : 0.2576 = 0.0440 + 0.2057 + 0.0069 + 0.0010, time: 14.348438]
2023-08-31 14:17:20.069: epoch 97:	0.03067683  	0.12438460  	0.08514815  
2023-08-31 14:17:20.069: Find a better model.
2023-08-31 14:17:33.904: [iter 98 : loss : 0.2576 = 0.0450 + 0.2047 + 0.0069 + 0.0010, time: 13.821023]
2023-08-31 14:17:34.549: epoch 98:	0.03070206  	0.12428856  	0.08553310  
2023-08-31 14:17:48.607: [iter 99 : loss : 0.2555 = 0.0435 + 0.2039 + 0.0070 + 0.0010, time: 14.043028]
2023-08-31 14:17:49.253: epoch 99:	0.03089126  	0.12477688  	0.08593082  
2023-08-31 14:17:49.253: Find a better model.
2023-08-31 14:18:03.366: [iter 100 : loss : 0.2552 = 0.0440 + 0.2031 + 0.0071 + 0.0010, time: 14.099036]
2023-08-31 14:18:04.000: epoch 100:	0.03113724  	0.12580793  	0.08634745  
2023-08-31 14:18:04.000: Find a better model.
2023-08-31 14:18:18.029: [iter 101 : loss : 0.2553 = 0.0450 + 0.2022 + 0.0072 + 0.0010, time: 14.016824]
2023-08-31 14:18:18.699: epoch 101:	0.03112461  	0.12598497  	0.08656728  
2023-08-31 14:18:18.699: Find a better model.
2023-08-31 14:18:32.966: [iter 102 : loss : 0.2544 = 0.0448 + 0.2014 + 0.0072 + 0.0010, time: 14.255583]
2023-08-31 14:18:33.598: epoch 102:	0.03109309  	0.12612006  	0.08670111  
2023-08-31 14:18:33.598: Find a better model.
2023-08-31 14:18:47.936: [iter 103 : loss : 0.2524 = 0.0435 + 0.2006 + 0.0073 + 0.0010, time: 14.326126]
2023-08-31 14:18:48.618: epoch 103:	0.03111200  	0.12597583  	0.08687541  
2023-08-31 14:19:02.677: [iter 104 : loss : 0.2509 = 0.0428 + 0.1998 + 0.0074 + 0.0010, time: 14.045096]
2023-08-31 14:19:03.366: epoch 104:	0.03129490  	0.12663303  	0.08725943  
2023-08-31 14:19:03.367: Find a better model.
2023-08-31 14:19:17.472: [iter 105 : loss : 0.2490 = 0.0416 + 0.1990 + 0.0075 + 0.0010, time: 14.091673]
2023-08-31 14:19:18.150: epoch 105:	0.03140844  	0.12718573  	0.08759918  
2023-08-31 14:19:18.150: Find a better model.
2023-08-31 14:19:32.451: [iter 106 : loss : 0.2498 = 0.0431 + 0.1981 + 0.0076 + 0.0010, time: 14.289114]
2023-08-31 14:19:33.147: epoch 106:	0.03129491  	0.12678663  	0.08746859  
2023-08-31 14:19:47.356: [iter 107 : loss : 0.2476 = 0.0416 + 0.1973 + 0.0076 + 0.0010, time: 14.193636]
2023-08-31 14:19:47.981: epoch 107:	0.03132013  	0.12676099  	0.08770161  
2023-08-31 14:20:02.171: [iter 108 : loss : 0.2473 = 0.0421 + 0.1965 + 0.0077 + 0.0010, time: 14.172170]
2023-08-31 14:20:02.758: epoch 108:	0.03149042  	0.12746069  	0.08813420  
2023-08-31 14:20:02.758: Find a better model.
2023-08-31 14:20:17.018: [iter 109 : loss : 0.2452 = 0.0408 + 0.1957 + 0.0078 + 0.0010, time: 14.247543]
2023-08-31 14:20:17.649: epoch 109:	0.03155349  	0.12749881  	0.08815125  
2023-08-31 14:20:17.649: Find a better model.
2023-08-31 14:20:31.888: [iter 110 : loss : 0.2452 = 0.0415 + 0.1949 + 0.0079 + 0.0010, time: 14.223987]
2023-08-31 14:20:32.561: epoch 110:	0.03156609  	0.12772173  	0.08831766  
2023-08-31 14:20:32.561: Find a better model.
2023-08-31 14:20:46.742: [iter 111 : loss : 0.2426 = 0.0397 + 0.1941 + 0.0079 + 0.0010, time: 14.167639]
2023-08-31 14:20:47.430: epoch 111:	0.03169225  	0.12830073  	0.08876996  
2023-08-31 14:20:47.431: Find a better model.
2023-08-31 14:21:01.583: [iter 112 : loss : 0.2437 = 0.0414 + 0.1934 + 0.0080 + 0.0010, time: 14.137737]
2023-08-31 14:21:02.262: epoch 112:	0.03177424  	0.12851550  	0.08912747  
2023-08-31 14:21:02.262: Find a better model.
2023-08-31 14:21:16.312: [iter 113 : loss : 0.2410 = 0.0393 + 0.1926 + 0.0081 + 0.0010, time: 14.033765]
2023-08-31 14:21:16.994: epoch 113:	0.03193191  	0.12904076  	0.08941451  
2023-08-31 14:21:16.994: Find a better model.
2023-08-31 14:21:31.114: [iter 114 : loss : 0.2406 = 0.0398 + 0.1917 + 0.0082 + 0.0009, time: 14.104032]
2023-08-31 14:21:31.780: epoch 114:	0.03191299  	0.12910452  	0.08952269  
2023-08-31 14:21:31.780: Find a better model.
2023-08-31 14:21:45.851: [iter 115 : loss : 0.2406 = 0.0405 + 0.1909 + 0.0083 + 0.0009, time: 14.057307]
2023-08-31 14:21:46.480: epoch 115:	0.03193192  	0.12929976  	0.08971696  
2023-08-31 14:21:46.480: Find a better model.
2023-08-31 14:22:00.707: [iter 116 : loss : 0.2394 = 0.0401 + 0.1901 + 0.0083 + 0.0009, time: 14.215440]
2023-08-31 14:22:01.380: epoch 116:	0.03195083  	0.12920357  	0.08970667  
2023-08-31 14:22:15.697: [iter 117 : loss : 0.2380 = 0.0392 + 0.1895 + 0.0084 + 0.0009, time: 14.302791]
2023-08-31 14:22:16.348: epoch 117:	0.03199498  	0.12941033  	0.08997598  
2023-08-31 14:22:16.348: Find a better model.
2023-08-31 14:22:30.461: [iter 118 : loss : 0.2363 = 0.0382 + 0.1887 + 0.0085 + 0.0009, time: 14.097900]
2023-08-31 14:22:31.134: epoch 118:	0.03203914  	0.12961838  	0.09005353  
2023-08-31 14:22:31.134: Find a better model.
2023-08-31 14:22:45.249: [iter 119 : loss : 0.2368 = 0.0393 + 0.1879 + 0.0086 + 0.0009, time: 14.097481]
2023-08-31 14:22:45.915: epoch 119:	0.03205806  	0.12993656  	0.09020574  
2023-08-31 14:22:45.916: Find a better model.
2023-08-31 14:23:00.319: [iter 120 : loss : 0.2353 = 0.0385 + 0.1872 + 0.0086 + 0.0009, time: 14.390279]
2023-08-31 14:23:00.986: epoch 120:	0.03220943  	0.13075282  	0.09057355  
2023-08-31 14:23:00.986: Find a better model.
2023-08-31 14:23:15.365: [iter 121 : loss : 0.2350 = 0.0390 + 0.1864 + 0.0087 + 0.0009, time: 14.367830]
2023-08-31 14:23:16.009: epoch 121:	0.03225358  	0.13077480  	0.09073738  
2023-08-31 14:23:16.009: Find a better model.
2023-08-31 14:23:30.207: [iter 122 : loss : 0.2337 = 0.0382 + 0.1857 + 0.0088 + 0.0009, time: 14.185857]
2023-08-31 14:23:30.872: epoch 122:	0.03236711  	0.13099444  	0.09102438  
2023-08-31 14:23:30.872: Find a better model.
2023-08-31 14:23:44.954: [iter 123 : loss : 0.2326 = 0.0379 + 0.1849 + 0.0089 + 0.0009, time: 14.065925]
2023-08-31 14:23:45.619: epoch 123:	0.03233558  	0.13088693  	0.09094762  
2023-08-31 14:23:59.747: [iter 124 : loss : 0.2316 = 0.0375 + 0.1842 + 0.0090 + 0.0009, time: 14.117122]
2023-08-31 14:24:00.416: epoch 124:	0.03243015  	0.13113925  	0.09100501  
2023-08-31 14:24:00.416: Find a better model.
2023-08-31 14:24:14.404: [iter 125 : loss : 0.2321 = 0.0387 + 0.1834 + 0.0090 + 0.0009, time: 13.975492]
2023-08-31 14:24:15.031: epoch 125:	0.03231034  	0.13066623  	0.09087520  
2023-08-31 14:24:29.316: [iter 126 : loss : 0.2304 = 0.0376 + 0.1828 + 0.0091 + 0.0009, time: 14.271695]
2023-08-31 14:24:29.984: epoch 126:	0.03227881  	0.13077416  	0.09095675  
2023-08-31 14:24:44.319: [iter 127 : loss : 0.2284 = 0.0363 + 0.1820 + 0.0092 + 0.0009, time: 14.319386]
2023-08-31 14:24:44.984: epoch 127:	0.03247431  	0.13141525  	0.09126970  
2023-08-31 14:24:44.984: Find a better model.
2023-08-31 14:24:59.351: [iter 128 : loss : 0.2291 = 0.0375 + 0.1814 + 0.0093 + 0.0009, time: 14.353780]
2023-08-31 14:25:00.012: epoch 128:	0.03258152  	0.13172112  	0.09157134  
2023-08-31 14:25:00.013: Find a better model.
2023-08-31 14:25:14.298: [iter 129 : loss : 0.2284 = 0.0375 + 0.1806 + 0.0093 + 0.0009, time: 14.268281]
2023-08-31 14:25:14.929: epoch 129:	0.03258152  	0.13201019  	0.09174175  
2023-08-31 14:25:14.929: Find a better model.
2023-08-31 14:25:29.081: [iter 130 : loss : 0.2272 = 0.0369 + 0.1799 + 0.0094 + 0.0009, time: 14.141781]
2023-08-31 14:25:29.724: epoch 130:	0.03260674  	0.13217346  	0.09184160  
2023-08-31 14:25:29.724: Find a better model.
2023-08-31 14:25:43.732: [iter 131 : loss : 0.2252 = 0.0357 + 0.1792 + 0.0095 + 0.0009, time: 13.994907]
2023-08-31 14:25:44.385: epoch 131:	0.03267610  	0.13240777  	0.09200913  
2023-08-31 14:25:44.385: Find a better model.
2023-08-31 14:25:58.540: [iter 132 : loss : 0.2266 = 0.0376 + 0.1786 + 0.0096 + 0.0009, time: 14.139474]
2023-08-31 14:25:59.185: epoch 132:	0.03271395  	0.13267452  	0.09225482  
2023-08-31 14:25:59.185: Find a better model.
2023-08-31 14:26:13.290: [iter 133 : loss : 0.2251 = 0.0366 + 0.1779 + 0.0097 + 0.0009, time: 14.089651]
2023-08-31 14:26:13.920: epoch 133:	0.03282116  	0.13313770  	0.09239423  
2023-08-31 14:26:13.920: Find a better model.
2023-08-31 14:26:28.052: [iter 134 : loss : 0.2245 = 0.0367 + 0.1772 + 0.0097 + 0.0009, time: 14.120293]
2023-08-31 14:26:28.684: epoch 134:	0.03295358  	0.13341330  	0.09269101  
2023-08-31 14:26:28.684: Find a better model.
2023-08-31 14:26:42.926: [iter 135 : loss : 0.2231 = 0.0359 + 0.1766 + 0.0098 + 0.0009, time: 14.228895]
2023-08-31 14:26:43.606: epoch 135:	0.03280224  	0.13278949  	0.09257700  
2023-08-31 14:26:57.888: [iter 136 : loss : 0.2213 = 0.0348 + 0.1758 + 0.0099 + 0.0009, time: 14.260954]
2023-08-31 14:26:58.574: epoch 136:	0.03289682  	0.13321762  	0.09284660  
2023-08-31 14:27:12.728: [iter 137 : loss : 0.2216 = 0.0356 + 0.1751 + 0.0100 + 0.0009, time: 14.136075]
2023-08-31 14:27:13.373: epoch 137:	0.03304188  	0.13369571  	0.09327332  
2023-08-31 14:27:13.373: Find a better model.
2023-08-31 14:27:27.594: [iter 138 : loss : 0.2209 = 0.0354 + 0.1746 + 0.0100 + 0.0009, time: 14.205613]
2023-08-31 14:27:28.239: epoch 138:	0.03308602  	0.13400383  	0.09334048  
2023-08-31 14:27:28.239: Find a better model.
2023-08-31 14:27:42.277: [iter 139 : loss : 0.2206 = 0.0359 + 0.1737 + 0.0101 + 0.0009, time: 14.023815]
2023-08-31 14:27:42.938: epoch 139:	0.03315537  	0.13449065  	0.09353309  
2023-08-31 14:27:42.939: Find a better model.
2023-08-31 14:27:57.053: [iter 140 : loss : 0.2203 = 0.0361 + 0.1731 + 0.0102 + 0.0009, time: 14.103368]
2023-08-31 14:27:57.724: epoch 140:	0.03316168  	0.13424900  	0.09358999  
2023-08-31 14:28:11.967: [iter 141 : loss : 0.2188 = 0.0352 + 0.1725 + 0.0103 + 0.0009, time: 14.231392]
2023-08-31 14:28:12.631: epoch 141:	0.03321215  	0.13483278  	0.09380826  
2023-08-31 14:28:12.631: Find a better model.
2023-08-31 14:28:26.855: [iter 142 : loss : 0.2186 = 0.0355 + 0.1720 + 0.0103 + 0.0008, time: 14.207816]
2023-08-31 14:28:27.509: epoch 142:	0.03323736  	0.13477504  	0.09387331  
2023-08-31 14:28:41.848: [iter 143 : loss : 0.2187 = 0.0361 + 0.1713 + 0.0104 + 0.0008, time: 14.317198]
2023-08-31 14:28:42.509: epoch 143:	0.03332565  	0.13518937  	0.09407731  
2023-08-31 14:28:42.509: Find a better model.
2023-08-31 14:28:56.327: [iter 144 : loss : 0.2168 = 0.0349 + 0.1706 + 0.0105 + 0.0008, time: 13.804468]
2023-08-31 14:28:56.978: epoch 144:	0.03342654  	0.13549933  	0.09426640  
2023-08-31 14:28:56.978: Find a better model.
2023-08-31 14:29:11.272: [iter 145 : loss : 0.2153 = 0.0339 + 0.1700 + 0.0106 + 0.0008, time: 14.278790]
2023-08-31 14:29:11.916: epoch 145:	0.03346439  	0.13572015  	0.09461638  
2023-08-31 14:29:11.916: Find a better model.
2023-08-31 14:29:26.120: [iter 146 : loss : 0.2162 = 0.0353 + 0.1694 + 0.0106 + 0.0008, time: 14.193287]
2023-08-31 14:29:26.748: epoch 146:	0.03333197  	0.13494551  	0.09437773  
2023-08-31 14:29:40.946: [iter 147 : loss : 0.2153 = 0.0349 + 0.1688 + 0.0107 + 0.0008, time: 14.186505]
2023-08-31 14:29:41.606: epoch 147:	0.03342025  	0.13556896  	0.09476442  
2023-08-31 14:29:55.499: [iter 148 : loss : 0.2150 = 0.0352 + 0.1681 + 0.0108 + 0.0008, time: 13.879606]
2023-08-31 14:29:56.121: epoch 148:	0.03348331  	0.13596851  	0.09504940  
2023-08-31 14:29:56.121: Find a better model.
2023-08-31 14:30:10.387: [iter 149 : loss : 0.2135 = 0.0343 + 0.1676 + 0.0109 + 0.0008, time: 14.255605]
2023-08-31 14:30:11.029: epoch 149:	0.03346440  	0.13595240  	0.09493152  
2023-08-31 14:30:25.264: [iter 150 : loss : 0.2142 = 0.0355 + 0.1669 + 0.0109 + 0.0008, time: 14.222543]
2023-08-31 14:30:25.939: epoch 150:	0.03364727  	0.13662797  	0.09531930  
2023-08-31 14:30:25.939: Find a better model.
2023-08-31 14:30:40.181: [iter 151 : loss : 0.2125 = 0.0343 + 0.1663 + 0.0110 + 0.0008, time: 14.225458]
2023-08-31 14:30:40.869: epoch 151:	0.03371033  	0.13662988  	0.09534138  
2023-08-31 14:30:40.869: Find a better model.
2023-08-31 14:30:55.138: [iter 152 : loss : 0.2119 = 0.0343 + 0.1658 + 0.0111 + 0.0008, time: 14.254993]
2023-08-31 14:30:55.768: epoch 152:	0.03364727  	0.13620090  	0.09532872  
2023-08-31 14:31:10.037: [iter 153 : loss : 0.2107 = 0.0335 + 0.1652 + 0.0112 + 0.0008, time: 14.253521]
2023-08-31 14:31:10.728: epoch 153:	0.03363466  	0.13639566  	0.09538869  
2023-08-31 14:31:24.843: [iter 154 : loss : 0.2115 = 0.0349 + 0.1646 + 0.0112 + 0.0008, time: 14.093191]
2023-08-31 14:31:25.500: epoch 154:	0.03374816  	0.13688530  	0.09556258  
2023-08-31 14:31:25.500: Find a better model.
2023-08-31 14:31:39.636: [iter 155 : loss : 0.2090 = 0.0329 + 0.1640 + 0.0113 + 0.0008, time: 14.121079]
2023-08-31 14:31:40.294: epoch 155:	0.03378600  	0.13700470  	0.09564083  
2023-08-31 14:31:40.294: Find a better model.
2023-08-31 14:31:54.345: [iter 156 : loss : 0.2087 = 0.0330 + 0.1635 + 0.0114 + 0.0008, time: 14.041177]
2023-08-31 14:31:54.964: epoch 156:	0.03382385  	0.13716450  	0.09560619  
2023-08-31 14:31:54.964: Find a better model.
2023-08-31 14:32:09.211: [iter 157 : loss : 0.2078 = 0.0327 + 0.1629 + 0.0114 + 0.0008, time: 14.232261]
2023-08-31 14:32:09.841: epoch 157:	0.03381753  	0.13699774  	0.09571911  
2023-08-31 14:32:23.953: [iter 158 : loss : 0.2084 = 0.0337 + 0.1624 + 0.0115 + 0.0008, time: 14.099276]
2023-08-31 14:32:24.613: epoch 158:	0.03393105  	0.13740548  	0.09591415  
2023-08-31 14:32:24.613: Find a better model.
2023-08-31 14:32:38.880: [iter 159 : loss : 0.2074 = 0.0333 + 0.1617 + 0.0116 + 0.0008, time: 14.252196]
2023-08-31 14:32:39.575: epoch 159:	0.03388059  	0.13714424  	0.09597191  
2023-08-31 14:32:53.833: [iter 160 : loss : 0.2061 = 0.0325 + 0.1611 + 0.0117 + 0.0008, time: 14.243134]
2023-08-31 14:32:54.477: epoch 160:	0.03397518  	0.13755786  	0.09613325  
2023-08-31 14:32:54.477: Find a better model.
2023-08-31 14:33:08.601: [iter 161 : loss : 0.2065 = 0.0334 + 0.1606 + 0.0117 + 0.0008, time: 14.114357]
2023-08-31 14:33:09.266: epoch 161:	0.03389950  	0.13721919  	0.09600373  
2023-08-31 14:33:23.307: [iter 162 : loss : 0.2054 = 0.0328 + 0.1600 + 0.0118 + 0.0008, time: 14.029554]
2023-08-31 14:33:23.980: epoch 162:	0.03391842  	0.13735798  	0.09608816  
2023-08-31 14:33:38.222: [iter 163 : loss : 0.2052 = 0.0330 + 0.1596 + 0.0119 + 0.0008, time: 14.231358]
2023-08-31 14:33:38.880: epoch 163:	0.03396887  	0.13756111  	0.09624221  
2023-08-31 14:33:38.880: Find a better model.
2023-08-31 14:33:53.225: [iter 164 : loss : 0.2047 = 0.0330 + 0.1589 + 0.0119 + 0.0008, time: 14.333971]
2023-08-31 14:33:53.887: epoch 164:	0.03405084  	0.13792993  	0.09638090  
2023-08-31 14:33:53.888: Find a better model.
2023-08-31 14:34:08.143: [iter 165 : loss : 0.2043 = 0.0332 + 0.1583 + 0.0120 + 0.0008, time: 14.243917]
2023-08-31 14:34:08.802: epoch 165:	0.03400670  	0.13791314  	0.09655647  
2023-08-31 14:34:22.830: [iter 166 : loss : 0.2031 = 0.0324 + 0.1578 + 0.0121 + 0.0008, time: 14.015868]
2023-08-31 14:34:23.461: epoch 166:	0.03412021  	0.13810822  	0.09676773  
2023-08-31 14:34:23.461: Find a better model.
2023-08-31 14:34:37.529: [iter 167 : loss : 0.2022 = 0.0319 + 0.1573 + 0.0122 + 0.0008, time: 14.054344]
2023-08-31 14:34:38.191: epoch 167:	0.03417695  	0.13828950  	0.09704275  
2023-08-31 14:34:38.191: Find a better model.
2023-08-31 14:34:52.516: [iter 168 : loss : 0.2017 = 0.0320 + 0.1567 + 0.0122 + 0.0008, time: 14.312053]
2023-08-31 14:34:53.198: epoch 168:	0.03414542  	0.13837777  	0.09708716  
2023-08-31 14:34:53.198: Find a better model.
2023-08-31 14:35:07.417: [iter 169 : loss : 0.2029 = 0.0335 + 0.1563 + 0.0123 + 0.0008, time: 14.204498]
2023-08-31 14:35:08.095: epoch 169:	0.03414541  	0.13845646  	0.09724673  
2023-08-31 14:35:08.095: Find a better model.
2023-08-31 14:35:22.237: [iter 170 : loss : 0.2013 = 0.0323 + 0.1558 + 0.0124 + 0.0008, time: 14.131501]
2023-08-31 14:35:22.864: epoch 170:	0.03427785  	0.13890891  	0.09737063  
2023-08-31 14:35:22.864: Find a better model.
2023-08-31 14:35:37.058: [iter 171 : loss : 0.2001 = 0.0317 + 0.1552 + 0.0124 + 0.0008, time: 14.178438]
2023-08-31 14:35:37.729: epoch 171:	0.03437874  	0.13929665  	0.09764891  
2023-08-31 14:35:37.730: Find a better model.
2023-08-31 14:35:51.810: [iter 172 : loss : 0.1986 = 0.0308 + 0.1546 + 0.0125 + 0.0008, time: 14.064931]
2023-08-31 14:35:52.487: epoch 172:	0.03437244  	0.13928430  	0.09761617  
2023-08-31 14:36:06.619: [iter 173 : loss : 0.1998 = 0.0323 + 0.1542 + 0.0126 + 0.0008, time: 14.115335]
2023-08-31 14:36:07.288: epoch 173:	0.03444181  	0.13971518  	0.09770336  
2023-08-31 14:36:07.288: Find a better model.
2023-08-31 14:36:21.301: [iter 174 : loss : 0.1992 = 0.0322 + 0.1536 + 0.0126 + 0.0008, time: 13.996158]
2023-08-31 14:36:21.975: epoch 174:	0.03453010  	0.14005576  	0.09794388  
2023-08-31 14:36:21.975: Find a better model.
2023-08-31 14:36:36.144: [iter 175 : loss : 0.1988 = 0.0322 + 0.1531 + 0.0127 + 0.0008, time: 14.156677]
2023-08-31 14:36:36.804: epoch 175:	0.03456162  	0.14001438  	0.09803878  
2023-08-31 14:36:50.297: [iter 176 : loss : 0.1975 = 0.0313 + 0.1527 + 0.0128 + 0.0008, time: 13.478770]
2023-08-31 14:36:50.963: epoch 176:	0.03451117  	0.13970017  	0.09790083  
2023-08-31 14:37:05.080: [iter 177 : loss : 0.1980 = 0.0323 + 0.1521 + 0.0129 + 0.0007, time: 14.105587]
2023-08-31 14:37:05.748: epoch 177:	0.03461207  	0.14015628  	0.09815126  
2023-08-31 14:37:05.748: Find a better model.
2023-08-31 14:37:20.051: [iter 178 : loss : 0.1968 = 0.0315 + 0.1516 + 0.0129 + 0.0007, time: 14.285276]
2023-08-31 14:37:20.733: epoch 178:	0.03457425  	0.14003478  	0.09831611  
2023-08-31 14:37:34.789: [iter 179 : loss : 0.1965 = 0.0317 + 0.1511 + 0.0130 + 0.0007, time: 14.037794]
2023-08-31 14:37:35.482: epoch 179:	0.03437245  	0.13902928  	0.09809898  
2023-08-31 14:37:49.570: [iter 180 : loss : 0.1967 = 0.0322 + 0.1507 + 0.0131 + 0.0007, time: 14.067524]
2023-08-31 14:37:50.203: epoch 180:	0.03442920  	0.13921498  	0.09817622  
2023-08-31 14:38:04.258: [iter 181 : loss : 0.1972 = 0.0333 + 0.1501 + 0.0131 + 0.0007, time: 14.042468]
2023-08-31 14:38:04.915: epoch 181:	0.03454270  	0.13985921  	0.09844837  
2023-08-31 14:38:19.163: [iter 182 : loss : 0.1946 = 0.0311 + 0.1496 + 0.0132 + 0.0007, time: 14.230920]
2023-08-31 14:38:19.856: epoch 182:	0.03452379  	0.13957690  	0.09847689  
2023-08-31 14:38:33.734: [iter 183 : loss : 0.1942 = 0.0309 + 0.1492 + 0.0133 + 0.0007, time: 13.859146]
2023-08-31 14:38:34.397: epoch 183:	0.03461207  	0.13982376  	0.09855407  
2023-08-31 14:38:48.575: [iter 184 : loss : 0.1942 = 0.0314 + 0.1487 + 0.0133 + 0.0007, time: 14.167116]
2023-08-31 14:38:49.261: epoch 184:	0.03454901  	0.13947479  	0.09841210  
2023-08-31 14:39:03.311: [iter 185 : loss : 0.1931 = 0.0306 + 0.1483 + 0.0134 + 0.0007, time: 14.035414]
2023-08-31 14:39:03.978: epoch 185:	0.03459315  	0.13986228  	0.09852986  
2023-08-31 14:39:18.108: [iter 186 : loss : 0.1933 = 0.0312 + 0.1479 + 0.0134 + 0.0007, time: 14.115581]
2023-08-31 14:39:18.770: epoch 186:	0.03468142  	0.14006627  	0.09861238  
2023-08-31 14:39:32.995: [iter 187 : loss : 0.1924 = 0.0309 + 0.1473 + 0.0135 + 0.0007, time: 14.214496]
2023-08-31 14:39:33.675: epoch 187:	0.03466252  	0.14018388  	0.09875362  
2023-08-31 14:39:33.675: Find a better model.
2023-08-31 14:39:47.623: [iter 188 : loss : 0.1935 = 0.0323 + 0.1469 + 0.0136 + 0.0007, time: 13.933302]
2023-08-31 14:39:48.250: epoch 188:	0.03469403  	0.14020766  	0.09895888  
2023-08-31 14:39:48.250: Find a better model.
2023-08-31 14:40:02.438: [iter 189 : loss : 0.1918 = 0.0310 + 0.1464 + 0.0136 + 0.0007, time: 14.172481]
2023-08-31 14:40:03.068: epoch 189:	0.03469403  	0.14007886  	0.09879369  
2023-08-31 14:40:17.180: [iter 190 : loss : 0.1923 = 0.0319 + 0.1460 + 0.0137 + 0.0007, time: 14.098038]
2023-08-31 14:40:17.852: epoch 190:	0.03461837  	0.13991001  	0.09872445  
2023-08-31 14:40:31.993: [iter 191 : loss : 0.1910 = 0.0310 + 0.1455 + 0.0138 + 0.0007, time: 14.129647]
2023-08-31 14:40:32.656: epoch 191:	0.03470665  	0.14025225  	0.09884135  
2023-08-31 14:40:32.657: Find a better model.
2023-08-31 14:40:46.695: [iter 192 : loss : 0.1905 = 0.0309 + 0.1450 + 0.0138 + 0.0007, time: 14.019131]
2023-08-31 14:40:47.329: epoch 192:	0.03468772  	0.14028724  	0.09894473  
2023-08-31 14:40:47.330: Find a better model.
2023-08-31 14:41:01.592: [iter 193 : loss : 0.1909 = 0.0317 + 0.1446 + 0.0139 + 0.0007, time: 14.249415]
2023-08-31 14:41:02.254: epoch 193:	0.03466880  	0.14019181  	0.09901047  
2023-08-31 14:41:16.493: [iter 194 : loss : 0.1896 = 0.0307 + 0.1442 + 0.0140 + 0.0007, time: 14.225819]
2023-08-31 14:41:17.127: epoch 194:	0.03473186  	0.14043459  	0.09913523  
2023-08-31 14:41:17.128: Find a better model.
2023-08-31 14:41:31.079: [iter 195 : loss : 0.1887 = 0.0302 + 0.1438 + 0.0140 + 0.0007, time: 13.933882]
2023-08-31 14:41:31.704: epoch 195:	0.03481386  	0.14084019  	0.09920723  
2023-08-31 14:41:31.704: Find a better model.
2023-08-31 14:41:45.763: [iter 196 : loss : 0.1894 = 0.0313 + 0.1433 + 0.0141 + 0.0007, time: 14.046845]
2023-08-31 14:41:46.390: epoch 196:	0.03487060  	0.14082105  	0.09936065  
2023-08-31 14:42:00.516: [iter 197 : loss : 0.1886 = 0.0309 + 0.1428 + 0.0142 + 0.0007, time: 14.114015]
2023-08-31 14:42:01.173: epoch 197:	0.03486430  	0.14076364  	0.09942701  
2023-08-31 14:42:15.272: [iter 198 : loss : 0.1881 = 0.0308 + 0.1424 + 0.0142 + 0.0007, time: 14.087938]
2023-08-31 14:42:15.908: epoch 198:	0.03488953  	0.14098276  	0.09941677  
2023-08-31 14:42:15.908: Find a better model.
2023-08-31 14:42:30.178: [iter 199 : loss : 0.1865 = 0.0295 + 0.1420 + 0.0143 + 0.0007, time: 14.253922]
2023-08-31 14:42:30.838: epoch 199:	0.03479496  	0.14069524  	0.09945232  
2023-08-31 14:42:44.882: [iter 200 : loss : 0.1884 = 0.0317 + 0.1416 + 0.0143 + 0.0007, time: 14.031991]
2023-08-31 14:42:45.568: epoch 200:	0.03499674  	0.14133653  	0.09966454  
2023-08-31 14:42:45.568: Find a better model.
2023-08-31 14:42:45.568: best_result@epoch 200:

2023-08-31 14:42:45.568: 		0.0350      	0.1413      	0.0997      
