2023-11-03 15:36:44.844: my pid: 33302
2023-11-03 15:36:44.844: model: model.general_recommender.GNNEC
2023-11-03 15:36:44.844: Dataset statistics:
Name: amazon-book
The number of users: 7928
The number of items: 29346
The number of ratings: 460224
Average actions of users: 58.05
Average actions of items: 15.68
The sparsity of the dataset: 99.802186%

The number of training: 417417
The number of validation: 0
The number of testing: 42807
2023-11-03 15:36:44.844: NeuRec:[NeuRec]:
recommender=GNNEC
dataset=amazon-book
file_column=UI
sep=','
gpu_id=0
gpu_mem=0.99
metric=["Precision", "Recall", "NDCG"]
top_k=[20]
test_thread=8
test_batch_size=128
seed=2021
start_testing_epoch=0

GNNEC:[hyperparameters]:
mf_reg=1e-4
svd_q=5
aug_type=ND
reg=1e-4
embed_size=64
n_layers=2
ssl_reg=0.02
ssl_ratio=0.5
ssl_temp=2
ssl_mode=both_side
lr=1e-3
learner=adam
adj_type=pre
epochs=200
batch_size=2048
num_negatives=1
param_init=xavier_uniform
stddev=0.01
verbose=1
stop_cnt=10
pretrain_flag=0
save_flag=0

Command line:
recommender=GNNEC
dataset=amazon-book
epochs=200
n_layers=2
embed_size=64
batch_size=2048
lr=1e-3
aug_type=ND
reg=1e-4
ssl_reg=0.02
ssl_ratio=0.5
ssl_temp=2
mf_reg=1e-4
svd_q=5
2023-11-03 15:36:48.557: metrics:	Precision@20	Recall@20   	NDCG@20     
2023-11-03 15:37:01.623: [iter 1 : loss : 0.9843 = 0.6131 + 0.3693 + 0.0000 + 0.0018, time: 13.064441]
2023-11-03 15:37:02.281: epoch 1:	0.00951689  	0.03605069  	0.02357339  
2023-11-03 15:37:02.282: Find a better model.
2023-11-03 15:37:14.634: [iter 2 : loss : 0.8419 = 0.4898 + 0.3502 + 0.0001 + 0.0018, time: 12.336982]
2023-11-03 15:37:15.342: epoch 2:	0.01043141  	0.03962213  	0.02620228  
2023-11-03 15:37:15.342: Find a better model.
2023-11-03 15:37:27.774: [iter 3 : loss : 0.7753 = 0.4312 + 0.3422 + 0.0002 + 0.0017, time: 12.415040]
2023-11-03 15:37:28.473: epoch 3:	0.01096750  	0.04193069  	0.02814336  
2023-11-03 15:37:28.473: Find a better model.
2023-11-03 15:37:40.886: [iter 4 : loss : 0.7300 = 0.3914 + 0.3366 + 0.0003 + 0.0017, time: 12.394366]
2023-11-03 15:37:41.577: epoch 4:	0.01150360  	0.04419579  	0.02984364  
2023-11-03 15:37:41.577: Find a better model.
2023-11-03 15:37:54.082: [iter 5 : loss : 0.6944 = 0.3601 + 0.3323 + 0.0004 + 0.0017, time: 12.487922]
2023-11-03 15:37:54.793: epoch 5:	0.01219737  	0.04689990  	0.03174790  
2023-11-03 15:37:54.793: Find a better model.
2023-11-03 15:38:07.156: [iter 6 : loss : 0.6682 = 0.3374 + 0.3287 + 0.0005 + 0.0016, time: 12.344724]
2023-11-03 15:38:07.845: epoch 6:	0.01268931  	0.04879557  	0.03306890  
2023-11-03 15:38:07.846: Find a better model.
2023-11-03 15:38:20.134: [iter 7 : loss : 0.6466 = 0.3187 + 0.3257 + 0.0006 + 0.0016, time: 12.273025]
2023-11-03 15:38:20.823: epoch 7:	0.01312450  	0.05058226  	0.03455696  
2023-11-03 15:38:20.823: Find a better model.
2023-11-03 15:38:33.296: [iter 8 : loss : 0.6286 = 0.3031 + 0.3232 + 0.0007 + 0.0016, time: 12.457855]
2023-11-03 15:38:34.015: epoch 8:	0.01364798  	0.05289294  	0.03610034  
2023-11-03 15:38:34.016: Find a better model.
2023-11-03 15:38:46.383: [iter 9 : loss : 0.6107 = 0.2876 + 0.3208 + 0.0007 + 0.0016, time: 12.351799]
2023-11-03 15:38:47.088: epoch 9:	0.01374258  	0.05304559  	0.03663826  
2023-11-03 15:38:47.088: Find a better model.
2023-11-03 15:38:59.587: [iter 10 : loss : 0.5971 = 0.2759 + 0.3188 + 0.0008 + 0.0016, time: 12.469945]
2023-11-03 15:39:00.268: epoch 10:	0.01411470  	0.05442996  	0.03775901  
2023-11-03 15:39:00.269: Find a better model.
2023-11-03 15:39:12.761: [iter 11 : loss : 0.5839 = 0.2646 + 0.3168 + 0.0009 + 0.0016, time: 12.474899]
2023-11-03 15:39:13.496: epoch 11:	0.01443634  	0.05565702  	0.03862724  
2023-11-03 15:39:13.496: Find a better model.
2023-11-03 15:39:25.925: [iter 12 : loss : 0.5724 = 0.2548 + 0.3151 + 0.0010 + 0.0016, time: 12.405486]
2023-11-03 15:39:26.616: epoch 12:	0.01473908  	0.05688701  	0.03957018  
2023-11-03 15:39:26.616: Find a better model.
2023-11-03 15:39:39.180: [iter 13 : loss : 0.5626 = 0.2465 + 0.3135 + 0.0010 + 0.0016, time: 12.547381]
2023-11-03 15:39:39.894: epoch 13:	0.01507965  	0.05861696  	0.04059128  
2023-11-03 15:39:39.894: Find a better model.
2023-11-03 15:39:52.372: [iter 14 : loss : 0.5522 = 0.2377 + 0.3119 + 0.0011 + 0.0015, time: 12.462062]
2023-11-03 15:39:53.067: epoch 14:	0.01550852  	0.06029768  	0.04136861  
2023-11-03 15:39:53.067: Find a better model.
2023-11-03 15:40:05.404: [iter 15 : loss : 0.5414 = 0.2285 + 0.3102 + 0.0012 + 0.0015, time: 12.322874]
2023-11-03 15:40:06.095: epoch 15:	0.01576080  	0.06154815  	0.04238141  
2023-11-03 15:40:06.095: Find a better model.
2023-11-03 15:40:18.668: [iter 16 : loss : 0.5340 = 0.2224 + 0.3088 + 0.0012 + 0.0015, time: 12.559751]
2023-11-03 15:40:19.365: epoch 16:	0.01613292  	0.06296101  	0.04362035  
2023-11-03 15:40:19.365: Find a better model.
2023-11-03 15:40:31.866: [iter 17 : loss : 0.5263 = 0.2163 + 0.3073 + 0.0013 + 0.0015, time: 12.486628]
2023-11-03 15:40:32.535: epoch 17:	0.01650503  	0.06452074  	0.04474328  
2023-11-03 15:40:32.535: Find a better model.
2023-11-03 15:40:44.796: [iter 18 : loss : 0.5194 = 0.2106 + 0.3059 + 0.0014 + 0.0015, time: 12.246176]
2023-11-03 15:40:45.504: epoch 18:	0.01690237  	0.06625619  	0.04569586  
2023-11-03 15:40:45.504: Find a better model.
2023-11-03 15:40:58.287: [iter 19 : loss : 0.5121 = 0.2045 + 0.3047 + 0.0015 + 0.0015, time: 12.769466]
2023-11-03 15:40:58.980: epoch 19:	0.01716727  	0.06748374  	0.04630718  
2023-11-03 15:40:58.980: Find a better model.
2023-11-03 15:41:11.436: [iter 20 : loss : 0.5053 = 0.1988 + 0.3035 + 0.0015 + 0.0015, time: 12.439047]
2023-11-03 15:41:12.134: epoch 20:	0.01744478  	0.06882752  	0.04701200  
2023-11-03 15:41:12.134: Find a better model.
2023-11-03 15:41:24.464: [iter 21 : loss : 0.4983 = 0.1931 + 0.3021 + 0.0016 + 0.0015, time: 12.314845]
2023-11-03 15:41:25.154: epoch 21:	0.01771598  	0.06998411  	0.04793290  
2023-11-03 15:41:25.154: Find a better model.
2023-11-03 15:41:37.681: [iter 22 : loss : 0.4928 = 0.1889 + 0.3007 + 0.0017 + 0.0015, time: 12.510909]
2023-11-03 15:41:38.359: epoch 22:	0.01782320  	0.07066789  	0.04839616  
2023-11-03 15:41:38.359: Find a better model.
2023-11-03 15:41:50.848: [iter 23 : loss : 0.4877 = 0.1848 + 0.2997 + 0.0017 + 0.0015, time: 12.474059]
2023-11-03 15:41:51.555: epoch 23:	0.01804395  	0.07112177  	0.04884404  
2023-11-03 15:41:51.555: Find a better model.
2023-11-03 15:42:03.911: [iter 24 : loss : 0.4834 = 0.1813 + 0.2988 + 0.0018 + 0.0015, time: 12.338680]
2023-11-03 15:42:04.588: epoch 24:	0.01828992  	0.07234599  	0.04973314  
2023-11-03 15:42:04.588: Find a better model.
2023-11-03 15:42:17.223: [iter 25 : loss : 0.4776 = 0.1765 + 0.2979 + 0.0019 + 0.0015, time: 12.614421]
2023-11-03 15:42:17.929: epoch 25:	0.01868097  	0.07408655  	0.05065063  
2023-11-03 15:42:17.930: Find a better model.
2023-11-03 15:42:30.435: [iter 26 : loss : 0.4714 = 0.1716 + 0.2964 + 0.0019 + 0.0015, time: 12.491322]
2023-11-03 15:42:31.131: epoch 26:	0.01888278  	0.07478755  	0.05125334  
2023-11-03 15:42:31.131: Find a better model.
2023-11-03 15:42:43.502: [iter 27 : loss : 0.4675 = 0.1685 + 0.2956 + 0.0020 + 0.0015, time: 12.350771]
2023-11-03 15:42:44.212: epoch 27:	0.01907829  	0.07548214  	0.05174346  
2023-11-03 15:42:44.212: Find a better model.
2023-11-03 15:42:56.770: [iter 28 : loss : 0.4623 = 0.1647 + 0.2941 + 0.0021 + 0.0015, time: 12.540482]
2023-11-03 15:42:57.469: epoch 28:	0.01917290  	0.07590558  	0.05200192  
2023-11-03 15:42:57.469: Find a better model.
2023-11-03 15:43:10.010: [iter 29 : loss : 0.4578 = 0.1609 + 0.2933 + 0.0021 + 0.0014, time: 12.525334]
2023-11-03 15:43:10.757: epoch 29:	0.01923597  	0.07605252  	0.05221420  
2023-11-03 15:43:10.757: Find a better model.
2023-11-03 15:43:23.273: [iter 30 : loss : 0.4550 = 0.1591 + 0.2923 + 0.0022 + 0.0014, time: 12.494575]
2023-11-03 15:43:23.974: epoch 30:	0.01934320  	0.07677547  	0.05259245  
2023-11-03 15:43:23.975: Find a better model.
2023-11-03 15:43:36.319: [iter 31 : loss : 0.4495 = 0.1544 + 0.2914 + 0.0023 + 0.0014, time: 12.323939]
2023-11-03 15:43:37.018: epoch 31:	0.01960179  	0.07773646  	0.05328000  
2023-11-03 15:43:37.018: Find a better model.
2023-11-03 15:43:49.473: [iter 32 : loss : 0.4474 = 0.1534 + 0.2902 + 0.0023 + 0.0014, time: 12.434767]
2023-11-03 15:43:50.180: epoch 32:	0.01989190  	0.07877943  	0.05389460  
2023-11-03 15:43:50.180: Find a better model.
2023-11-03 15:44:02.757: [iter 33 : loss : 0.4420 = 0.1489 + 0.2893 + 0.0024 + 0.0014, time: 12.554755]
2023-11-03 15:44:03.447: epoch 33:	0.02007481  	0.07962030  	0.05446618  
2023-11-03 15:44:03.447: Find a better model.
2023-11-03 15:44:15.972: [iter 34 : loss : 0.4399 = 0.1477 + 0.2883 + 0.0025 + 0.0014, time: 12.509548]
2023-11-03 15:44:16.657: epoch 34:	0.02011265  	0.07980779  	0.05484475  
2023-11-03 15:44:16.657: Find a better model.
2023-11-03 15:44:29.025: [iter 35 : loss : 0.4348 = 0.1434 + 0.2874 + 0.0025 + 0.0014, time: 12.351267]
2023-11-03 15:44:29.718: epoch 35:	0.02035231  	0.08068681  	0.05527232  
2023-11-03 15:44:29.724: Find a better model.
2023-11-03 15:44:42.008: [iter 36 : loss : 0.4315 = 0.1410 + 0.2865 + 0.0026 + 0.0014, time: 12.269065]
2023-11-03 15:44:42.662: epoch 36:	0.02059828  	0.08176340  	0.05578756  
2023-11-03 15:44:42.662: Find a better model.
2023-11-03 15:44:55.180: [iter 37 : loss : 0.4285 = 0.1387 + 0.2857 + 0.0027 + 0.0014, time: 12.496334]
2023-11-03 15:44:55.888: epoch 37:	0.02078750  	0.08253296  	0.05622150  
2023-11-03 15:44:55.889: Find a better model.
2023-11-03 15:45:08.523: [iter 38 : loss : 0.4260 = 0.1370 + 0.2848 + 0.0027 + 0.0014, time: 12.619102]
2023-11-03 15:45:09.245: epoch 38:	0.02098301  	0.08340109  	0.05669641  
2023-11-03 15:45:09.245: Find a better model.
2023-11-03 15:45:21.889: [iter 39 : loss : 0.4215 = 0.1333 + 0.2839 + 0.0028 + 0.0014, time: 12.624053]
2023-11-03 15:45:22.604: epoch 39:	0.02118484  	0.08420058  	0.05724943  
2023-11-03 15:45:22.604: Find a better model.
2023-11-03 15:45:35.160: [iter 40 : loss : 0.4197 = 0.1325 + 0.2830 + 0.0029 + 0.0014, time: 12.538398]
2023-11-03 15:45:35.861: epoch 40:	0.02141189  	0.08510171  	0.05768662  
2023-11-03 15:45:35.862: Find a better model.
2023-11-03 15:45:48.469: [iter 41 : loss : 0.4160 = 0.1295 + 0.2821 + 0.0029 + 0.0014, time: 12.588887]
2023-11-03 15:45:49.191: epoch 41:	0.02144974  	0.08552002  	0.05798385  
2023-11-03 15:45:49.192: Find a better model.
2023-11-03 15:46:01.923: [iter 42 : loss : 0.4132 = 0.1275 + 0.2814 + 0.0030 + 0.0014, time: 12.710833]
2023-11-03 15:46:02.620: epoch 42:	0.02151280  	0.08564122  	0.05822090  
2023-11-03 15:46:02.620: Find a better model.
2023-11-03 15:46:14.994: [iter 43 : loss : 0.4106 = 0.1258 + 0.2803 + 0.0031 + 0.0014, time: 12.354547]
2023-11-03 15:46:15.660: epoch 43:	0.02164524  	0.08588401  	0.05846941  
2023-11-03 15:46:15.660: Find a better model.
2023-11-03 15:46:28.015: [iter 44 : loss : 0.4086 = 0.1244 + 0.2797 + 0.0031 + 0.0014, time: 12.342698]
2023-11-03 15:46:28.734: epoch 44:	0.02175877  	0.08672703  	0.05908667  
2023-11-03 15:46:28.734: Find a better model.
2023-11-03 15:46:41.355: [iter 45 : loss : 0.4052 = 0.1217 + 0.2789 + 0.0032 + 0.0014, time: 12.604395]
2023-11-03 15:46:42.049: epoch 45:	0.02204889  	0.08790920  	0.05953784  
2023-11-03 15:46:42.049: Find a better model.
2023-11-03 15:46:54.492: [iter 46 : loss : 0.4026 = 0.1200 + 0.2780 + 0.0033 + 0.0014, time: 12.423809]
2023-11-03 15:46:55.195: epoch 46:	0.02204890  	0.08792745  	0.05987539  
2023-11-03 15:46:55.195: Find a better model.
2023-11-03 15:47:07.632: [iter 47 : loss : 0.4008 = 0.1189 + 0.2772 + 0.0033 + 0.0014, time: 12.420538]
2023-11-03 15:47:08.366: epoch 47:	0.02219396  	0.08817251  	0.06015729  
2023-11-03 15:47:08.367: Find a better model.
2023-11-03 15:47:20.823: [iter 48 : loss : 0.3978 = 0.1163 + 0.2767 + 0.0034 + 0.0014, time: 12.438525]
2023-11-03 15:47:21.530: epoch 48:	0.02231378  	0.08870355  	0.06042483  
2023-11-03 15:47:21.531: Find a better model.
2023-11-03 15:47:33.981: [iter 49 : loss : 0.3950 = 0.1144 + 0.2758 + 0.0035 + 0.0014, time: 12.433728]
2023-11-03 15:47:34.715: epoch 49:	0.02240839  	0.08936540  	0.06070932  
2023-11-03 15:47:34.715: Find a better model.
2023-11-03 15:47:47.084: [iter 50 : loss : 0.3922 = 0.1126 + 0.2747 + 0.0035 + 0.0013, time: 12.351829]
2023-11-03 15:47:47.767: epoch 50:	0.02253452  	0.08956954  	0.06114771  
2023-11-03 15:47:47.767: Find a better model.
2023-11-03 15:48:00.403: [iter 51 : loss : 0.3911 = 0.1120 + 0.2742 + 0.0036 + 0.0013, time: 12.620241]
2023-11-03 15:48:01.103: epoch 51:	0.02261020  	0.08985818  	0.06133787  
2023-11-03 15:48:01.103: Find a better model.
2023-11-03 15:48:13.656: [iter 52 : loss : 0.3885 = 0.1102 + 0.2733 + 0.0037 + 0.0013, time: 12.536462]
2023-11-03 15:48:14.351: epoch 52:	0.02281203  	0.09075873  	0.06204554  
2023-11-03 15:48:14.352: Find a better model.
2023-11-03 15:48:26.742: [iter 53 : loss : 0.3863 = 0.1086 + 0.2726 + 0.0037 + 0.0013, time: 12.375488]
2023-11-03 15:48:27.469: epoch 53:	0.02278681  	0.09089173  	0.06222928  
2023-11-03 15:48:27.469: Find a better model.
2023-11-03 15:48:39.974: [iter 54 : loss : 0.3842 = 0.1073 + 0.2718 + 0.0038 + 0.0013, time: 12.486627]
2023-11-03 15:48:40.704: epoch 54:	0.02302017  	0.09206138  	0.06269857  
2023-11-03 15:48:40.704: Find a better model.
2023-11-03 15:48:53.201: [iter 55 : loss : 0.3810 = 0.1045 + 0.2713 + 0.0039 + 0.0013, time: 12.465724]
2023-11-03 15:48:53.910: epoch 55:	0.02299493  	0.09181658  	0.06279019  
2023-11-03 15:49:06.386: [iter 56 : loss : 0.3798 = 0.1040 + 0.2705 + 0.0039 + 0.0013, time: 12.454882]
2023-11-03 15:49:07.093: epoch 56:	0.02307062  	0.09232084  	0.06310611  
2023-11-03 15:49:07.094: Find a better model.
2023-11-03 15:49:19.511: [iter 57 : loss : 0.3785 = 0.1035 + 0.2697 + 0.0040 + 0.0013, time: 12.396832]
2023-11-03 15:49:20.203: epoch 57:	0.02327875  	0.09311936  	0.06358553  
2023-11-03 15:49:20.204: Find a better model.
2023-11-03 15:49:32.735: [iter 58 : loss : 0.3748 = 0.1007 + 0.2687 + 0.0041 + 0.0013, time: 12.516126]
2023-11-03 15:49:33.439: epoch 58:	0.02341119  	0.09359524  	0.06385173  
2023-11-03 15:49:33.439: Find a better model.
2023-11-03 15:49:46.073: [iter 59 : loss : 0.3739 = 0.1003 + 0.2681 + 0.0041 + 0.0013, time: 12.617388]
2023-11-03 15:49:46.778: epoch 59:	0.02349318  	0.09403113  	0.06401799  
2023-11-03 15:49:46.778: Find a better model.
2023-11-03 15:49:59.358: [iter 60 : loss : 0.3727 = 0.0997 + 0.2675 + 0.0042 + 0.0013, time: 12.563643]
2023-11-03 15:50:00.052: epoch 60:	0.02359409  	0.09424726  	0.06429450  
2023-11-03 15:50:00.052: Find a better model.
2023-11-03 15:50:12.341: [iter 61 : loss : 0.3696 = 0.0972 + 0.2668 + 0.0042 + 0.0013, time: 12.274315]
2023-11-03 15:50:13.051: epoch 61:	0.02375808  	0.09495684  	0.06468584  
2023-11-03 15:50:13.052: Find a better model.
2023-11-03 15:50:25.581: [iter 62 : loss : 0.3677 = 0.0960 + 0.2661 + 0.0043 + 0.0013, time: 12.516857]
2023-11-03 15:50:26.242: epoch 62:	0.02387791  	0.09514598  	0.06495076  
2023-11-03 15:50:26.243: Find a better model.
2023-11-03 15:50:38.590: [iter 63 : loss : 0.3672 = 0.0964 + 0.2651 + 0.0044 + 0.0013, time: 12.331191]
2023-11-03 15:50:39.291: epoch 63:	0.02394097  	0.09578817  	0.06517550  
2023-11-03 15:50:39.291: Find a better model.
2023-11-03 15:50:51.600: [iter 64 : loss : 0.3639 = 0.0936 + 0.2646 + 0.0044 + 0.0013, time: 12.288584]
2023-11-03 15:50:52.327: epoch 64:	0.02407342  	0.09620549  	0.06569747  
2023-11-03 15:50:52.328: Find a better model.
2023-11-03 15:51:04.739: [iter 65 : loss : 0.3614 = 0.0914 + 0.2641 + 0.0045 + 0.0013, time: 12.392434]
2023-11-03 15:51:05.435: epoch 65:	0.02418695  	0.09687498  	0.06607531  
2023-11-03 15:51:05.435: Find a better model.
2023-11-03 15:51:17.660: [iter 66 : loss : 0.3602 = 0.0912 + 0.2631 + 0.0046 + 0.0013, time: 12.212021]
2023-11-03 15:51:18.361: epoch 66:	0.02423110  	0.09696835  	0.06615185  
2023-11-03 15:51:18.361: Find a better model.
2023-11-03 15:51:30.819: [iter 67 : loss : 0.3602 = 0.0916 + 0.2627 + 0.0046 + 0.0013, time: 12.444051]
2023-11-03 15:51:31.520: epoch 67:	0.02446446  	0.09774791  	0.06677760  
2023-11-03 15:51:31.520: Find a better model.
2023-11-03 15:51:44.054: [iter 68 : loss : 0.3581 = 0.0904 + 0.2617 + 0.0047 + 0.0013, time: 12.522064]
2023-11-03 15:51:44.762: epoch 68:	0.02454645  	0.09796061  	0.06692972  
2023-11-03 15:51:44.762: Find a better model.
2023-11-03 15:51:57.091: [iter 69 : loss : 0.3559 = 0.0886 + 0.2613 + 0.0048 + 0.0013, time: 12.316717]
2023-11-03 15:51:57.747: epoch 69:	0.02462213  	0.09808280  	0.06740884  
2023-11-03 15:51:57.747: Find a better model.
2023-11-03 15:52:10.025: [iter 70 : loss : 0.3554 = 0.0890 + 0.2602 + 0.0048 + 0.0013, time: 12.263607]
2023-11-03 15:52:10.753: epoch 70:	0.02484288  	0.09924046  	0.06795515  
2023-11-03 15:52:10.754: Find a better model.
2023-11-03 15:52:23.199: [iter 71 : loss : 0.3528 = 0.0868 + 0.2598 + 0.0049 + 0.0013, time: 12.430773]
2023-11-03 15:52:23.916: epoch 71:	0.02495641  	0.09960515  	0.06822266  
2023-11-03 15:52:23.916: Find a better model.
2023-11-03 15:52:36.392: [iter 72 : loss : 0.3515 = 0.0862 + 0.2591 + 0.0050 + 0.0013, time: 12.461673]
2023-11-03 15:52:37.098: epoch 72:	0.02510778  	0.10014361  	0.06851467  
2023-11-03 15:52:37.099: Find a better model.
2023-11-03 15:52:49.542: [iter 73 : loss : 0.3498 = 0.0851 + 0.2584 + 0.0050 + 0.0013, time: 12.428619]
2023-11-03 15:52:50.250: epoch 73:	0.02520238  	0.10047764  	0.06887554  
2023-11-03 15:52:50.250: Find a better model.
2023-11-03 15:53:02.924: [iter 74 : loss : 0.3486 = 0.0844 + 0.2578 + 0.0051 + 0.0013, time: 12.659532]
2023-11-03 15:53:03.613: epoch 74:	0.02530331  	0.10118280  	0.06917061  
2023-11-03 15:53:03.614: Find a better model.
2023-11-03 15:53:16.046: [iter 75 : loss : 0.3461 = 0.0824 + 0.2573 + 0.0052 + 0.0013, time: 12.418252]
2023-11-03 15:53:16.718: epoch 75:	0.02529700  	0.10116706  	0.06923380  
2023-11-03 15:53:29.216: [iter 76 : loss : 0.3468 = 0.0838 + 0.2565 + 0.0052 + 0.0013, time: 12.483051]
2023-11-03 15:53:29.934: epoch 76:	0.02544206  	0.10189702  	0.06967885  
2023-11-03 15:53:29.934: Find a better model.
2023-11-03 15:53:42.292: [iter 77 : loss : 0.3441 = 0.0816 + 0.2560 + 0.0053 + 0.0013, time: 12.344977]
2023-11-03 15:53:42.987: epoch 77:	0.02541683  	0.10214054  	0.06967899  
2023-11-03 15:53:42.987: Find a better model.
2023-11-03 15:53:55.215: [iter 78 : loss : 0.3424 = 0.0806 + 0.2552 + 0.0053 + 0.0012, time: 12.210187]
2023-11-03 15:53:55.903: epoch 78:	0.02549252  	0.10221978  	0.06966777  
2023-11-03 15:53:55.903: Find a better model.
2023-11-03 15:54:08.236: [iter 79 : loss : 0.3419 = 0.0806 + 0.2547 + 0.0054 + 0.0012, time: 12.320213]
2023-11-03 15:54:08.901: epoch 79:	0.02566912  	0.10286118  	0.07009757  
2023-11-03 15:54:08.901: Find a better model.
2023-11-03 15:54:21.485: [iter 80 : loss : 0.3395 = 0.0788 + 0.2539 + 0.0055 + 0.0012, time: 12.568324]
2023-11-03 15:54:22.180: epoch 80:	0.02579525  	0.10367185  	0.07061160  
2023-11-03 15:54:22.180: Find a better model.
2023-11-03 15:54:34.564: [iter 81 : loss : 0.3388 = 0.0789 + 0.2532 + 0.0055 + 0.0012, time: 12.367938]
2023-11-03 15:54:35.247: epoch 81:	0.02575741  	0.10339698  	0.07069665  
2023-11-03 15:54:47.636: [iter 82 : loss : 0.3386 = 0.0791 + 0.2526 + 0.0056 + 0.0012, time: 12.374854]
2023-11-03 15:54:48.341: epoch 82:	0.02592139  	0.10404680  	0.07123804  
2023-11-03 15:54:48.341: Find a better model.
2023-11-03 15:55:00.903: [iter 83 : loss : 0.3350 = 0.0761 + 0.2520 + 0.0057 + 0.0012, time: 12.541552]
2023-11-03 15:55:01.603: epoch 83:	0.02612321  	0.10494306  	0.07149103  
2023-11-03 15:55:01.603: Find a better model.
2023-11-03 15:55:14.029: [iter 84 : loss : 0.3340 = 0.0758 + 0.2513 + 0.0057 + 0.0012, time: 12.411509]
2023-11-03 15:55:14.739: epoch 84:	0.02627458  	0.10557655  	0.07176195  
2023-11-03 15:55:14.739: Find a better model.
2023-11-03 15:55:27.187: [iter 85 : loss : 0.3326 = 0.0750 + 0.2506 + 0.0058 + 0.0012, time: 12.432440]
2023-11-03 15:55:27.894: epoch 85:	0.02636917  	0.10596833  	0.07212140  
2023-11-03 15:55:27.894: Find a better model.
2023-11-03 15:55:40.381: [iter 86 : loss : 0.3318 = 0.0748 + 0.2499 + 0.0059 + 0.0012, time: 12.472766]
2023-11-03 15:55:41.087: epoch 86:	0.02647008  	0.10646718  	0.07237428  
2023-11-03 15:55:41.087: Find a better model.
2023-11-03 15:55:53.392: [iter 87 : loss : 0.3313 = 0.0748 + 0.2493 + 0.0059 + 0.0012, time: 12.285676]
2023-11-03 15:55:54.097: epoch 87:	0.02659624  	0.10730217  	0.07262926  
2023-11-03 15:55:54.097: Find a better model.
2023-11-03 15:56:06.580: [iter 88 : loss : 0.3299 = 0.0741 + 0.2486 + 0.0060 + 0.0012, time: 12.470145]
2023-11-03 15:56:07.262: epoch 88:	0.02665931  	0.10758337  	0.07300289  
2023-11-03 15:56:07.262: Find a better model.
2023-11-03 15:56:19.687: [iter 89 : loss : 0.3288 = 0.0732 + 0.2483 + 0.0061 + 0.0012, time: 12.407666]
2023-11-03 15:56:20.378: epoch 89:	0.02666562  	0.10758060  	0.07320745  
2023-11-03 15:56:33.070: [iter 90 : loss : 0.3275 = 0.0725 + 0.2476 + 0.0061 + 0.0012, time: 12.676053]
2023-11-03 15:56:33.775: epoch 90:	0.02685482  	0.10830527  	0.07363330  
2023-11-03 15:56:33.775: Find a better model.
2023-11-03 15:56:46.255: [iter 91 : loss : 0.3263 = 0.0720 + 0.2469 + 0.0062 + 0.0012, time: 12.462795]
2023-11-03 15:56:46.936: epoch 91:	0.02687373  	0.10835369  	0.07381254  
2023-11-03 15:56:46.936: Find a better model.
2023-11-03 15:56:59.364: [iter 92 : loss : 0.3262 = 0.0725 + 0.2462 + 0.0063 + 0.0012, time: 12.412414]
2023-11-03 15:57:00.042: epoch 92:	0.02708817  	0.10929186  	0.07421276  
2023-11-03 15:57:00.042: Find a better model.
2023-11-03 15:57:12.518: [iter 93 : loss : 0.3239 = 0.0703 + 0.2461 + 0.0063 + 0.0012, time: 12.460688]
2023-11-03 15:57:13.237: epoch 93:	0.02699988  	0.10919748  	0.07416813  
2023-11-03 15:57:25.852: [iter 94 : loss : 0.3235 = 0.0707 + 0.2452 + 0.0064 + 0.0012, time: 12.596566]
2023-11-03 15:57:26.560: epoch 94:	0.02711971  	0.10960787  	0.07430466  
2023-11-03 15:57:26.560: Find a better model.
2023-11-03 15:57:38.955: [iter 95 : loss : 0.3220 = 0.0699 + 0.2445 + 0.0065 + 0.0012, time: 12.373126]
2023-11-03 15:57:39.601: epoch 95:	0.02710078  	0.10957073  	0.07454829  
2023-11-03 15:57:52.188: [iter 96 : loss : 0.3212 = 0.0692 + 0.2442 + 0.0065 + 0.0012, time: 12.572279]
2023-11-03 15:57:52.892: epoch 96:	0.02725847  	0.11007047  	0.07468521  
2023-11-03 15:57:52.892: Find a better model.
2023-11-03 15:58:05.565: [iter 97 : loss : 0.3183 = 0.0671 + 0.2435 + 0.0066 + 0.0012, time: 12.649915]
2023-11-03 15:58:06.245: epoch 97:	0.02720800  	0.10989133  	0.07474160  
2023-11-03 15:58:18.513: [iter 98 : loss : 0.3184 = 0.0680 + 0.2426 + 0.0067 + 0.0012, time: 12.254381]
2023-11-03 15:58:19.219: epoch 98:	0.02730262  	0.11024527  	0.07523823  
2023-11-03 15:58:19.225: Find a better model.
2023-11-03 15:58:31.464: [iter 99 : loss : 0.3171 = 0.0671 + 0.2421 + 0.0067 + 0.0012, time: 12.223580]
2023-11-03 15:58:32.174: epoch 99:	0.02754859  	0.11126631  	0.07568309  
2023-11-03 15:58:32.174: Find a better model.
2023-11-03 15:58:44.841: [iter 100 : loss : 0.3161 = 0.0665 + 0.2416 + 0.0068 + 0.0012, time: 12.651361]
2023-11-03 15:58:45.545: epoch 100:	0.02764950  	0.11183541  	0.07598677  
2023-11-03 15:58:45.545: Find a better model.
2023-11-03 15:58:58.172: [iter 101 : loss : 0.3166 = 0.0677 + 0.2409 + 0.0069 + 0.0012, time: 12.606722]
2023-11-03 15:58:58.879: epoch 101:	0.02766842  	0.11184838  	0.07610896  
2023-11-03 15:58:58.880: Find a better model.
2023-11-03 15:59:11.395: [iter 102 : loss : 0.3159 = 0.0675 + 0.2403 + 0.0069 + 0.0012, time: 12.501229]
2023-11-03 15:59:12.076: epoch 102:	0.02770626  	0.11188144  	0.07601427  
2023-11-03 15:59:12.076: Find a better model.
2023-11-03 15:59:24.763: [iter 103 : loss : 0.3142 = 0.0662 + 0.2398 + 0.0070 + 0.0012, time: 12.670634]
2023-11-03 15:59:25.469: epoch 103:	0.02778194  	0.11221965  	0.07631844  
2023-11-03 15:59:25.469: Find a better model.
2023-11-03 15:59:37.796: [iter 104 : loss : 0.3121 = 0.0648 + 0.2392 + 0.0071 + 0.0012, time: 12.312116]
2023-11-03 15:59:38.467: epoch 104:	0.02782610  	0.11235681  	0.07647146  
2023-11-03 15:59:38.467: Find a better model.
2023-11-03 15:59:50.777: [iter 105 : loss : 0.3113 = 0.0642 + 0.2388 + 0.0071 + 0.0012, time: 12.291353]
2023-11-03 15:59:51.495: epoch 105:	0.02787655  	0.11256643  	0.07684137  
2023-11-03 15:59:51.496: Find a better model.
2023-11-03 16:00:04.221: [iter 106 : loss : 0.3117 = 0.0653 + 0.2381 + 0.0072 + 0.0012, time: 12.699287]
2023-11-03 16:00:04.862: epoch 106:	0.02795854  	0.11300850  	0.07704511  
2023-11-03 16:00:04.862: Find a better model.
2023-11-03 16:00:17.140: [iter 107 : loss : 0.3098 = 0.0638 + 0.2375 + 0.0073 + 0.0012, time: 12.258529]
2023-11-03 16:00:17.869: epoch 107:	0.02800900  	0.11311979  	0.07694505  
2023-11-03 16:00:17.869: Find a better model.
2023-11-03 16:00:30.305: [iter 108 : loss : 0.3097 = 0.0644 + 0.2369 + 0.0073 + 0.0012, time: 12.420161]
2023-11-03 16:00:31.007: epoch 108:	0.02812253  	0.11361375  	0.07758177  
2023-11-03 16:00:31.007: Find a better model.
2023-11-03 16:00:43.363: [iter 109 : loss : 0.3066 = 0.0618 + 0.2362 + 0.0074 + 0.0012, time: 12.337828]
2023-11-03 16:00:44.072: epoch 109:	0.02829282  	0.11430580  	0.07791304  
2023-11-03 16:00:44.072: Find a better model.
2023-11-03 16:00:56.465: [iter 110 : loss : 0.3073 = 0.0630 + 0.2358 + 0.0075 + 0.0011, time: 12.379062]
2023-11-03 16:00:57.082: epoch 110:	0.02846311  	0.11519492  	0.07832047  
2023-11-03 16:00:57.083: Find a better model.
2023-11-03 16:01:09.671: [iter 111 : loss : 0.3045 = 0.0607 + 0.2351 + 0.0075 + 0.0011, time: 12.576204]
2023-11-03 16:01:10.375: epoch 111:	0.02836220  	0.11471491  	0.07815318  
2023-11-03 16:01:22.853: [iter 112 : loss : 0.3054 = 0.0623 + 0.2344 + 0.0076 + 0.0011, time: 12.463520]
2023-11-03 16:01:23.571: epoch 112:	0.02837481  	0.11496895  	0.07824924  
2023-11-03 16:01:35.899: [iter 113 : loss : 0.3027 = 0.0598 + 0.2340 + 0.0077 + 0.0011, time: 12.307943]
2023-11-03 16:01:36.629: epoch 113:	0.02834328  	0.11502673  	0.07808642  
2023-11-03 16:01:49.151: [iter 114 : loss : 0.3024 = 0.0604 + 0.2331 + 0.0077 + 0.0011, time: 12.506565]
2023-11-03 16:01:49.829: epoch 114:	0.02851987  	0.11545758  	0.07848819  
2023-11-03 16:01:49.829: Find a better model.
2023-11-03 16:02:02.329: [iter 115 : loss : 0.3028 = 0.0611 + 0.2328 + 0.0078 + 0.0011, time: 12.487141]
2023-11-03 16:02:03.039: epoch 115:	0.02851987  	0.11547098  	0.07870246  
2023-11-03 16:02:03.039: Find a better model.
2023-11-03 16:02:15.597: [iter 116 : loss : 0.3018 = 0.0608 + 0.2320 + 0.0079 + 0.0011, time: 12.537181]
2023-11-03 16:02:16.271: epoch 116:	0.02859556  	0.11588073  	0.07891802  
2023-11-03 16:02:16.271: Find a better model.
2023-11-03 16:02:28.750: [iter 117 : loss : 0.3003 = 0.0595 + 0.2317 + 0.0079 + 0.0011, time: 12.462080]
2023-11-03 16:02:29.420: epoch 117:	0.02862077  	0.11610168  	0.07893166  
2023-11-03 16:02:29.420: Find a better model.
2023-11-03 16:02:41.684: [iter 118 : loss : 0.2985 = 0.0583 + 0.2311 + 0.0080 + 0.0011, time: 12.243842]
2023-11-03 16:02:42.388: epoch 118:	0.02865862  	0.11622393  	0.07891648  
2023-11-03 16:02:42.389: Find a better model.
2023-11-03 16:02:54.925: [iter 119 : loss : 0.2995 = 0.0597 + 0.2306 + 0.0081 + 0.0011, time: 12.522467]
2023-11-03 16:02:55.628: epoch 119:	0.02887937  	0.11713751  	0.07934064  
2023-11-03 16:02:55.628: Find a better model.
2023-11-03 16:03:08.163: [iter 120 : loss : 0.2984 = 0.0593 + 0.2299 + 0.0081 + 0.0011, time: 12.511715]
2023-11-03 16:03:08.849: epoch 120:	0.02884783  	0.11699678  	0.07946791  
2023-11-03 16:03:21.301: [iter 121 : loss : 0.2980 = 0.0593 + 0.2293 + 0.0082 + 0.0011, time: 12.435587]
2023-11-03 16:03:21.973: epoch 121:	0.02880369  	0.11673927  	0.07954121  
2023-11-03 16:03:34.597: [iter 122 : loss : 0.2966 = 0.0585 + 0.2287 + 0.0083 + 0.0011, time: 12.594423]
2023-11-03 16:03:35.306: epoch 122:	0.02882892  	0.11706862  	0.07968906  
2023-11-03 16:03:47.771: [iter 123 : loss : 0.2954 = 0.0579 + 0.2281 + 0.0083 + 0.0011, time: 12.445564]
2023-11-03 16:03:48.490: epoch 123:	0.02869646  	0.11639947  	0.07944398  
2023-11-03 16:04:00.930: [iter 124 : loss : 0.2949 = 0.0578 + 0.2276 + 0.0084 + 0.0011, time: 12.421408]
2023-11-03 16:04:01.659: epoch 124:	0.02878476  	0.11665962  	0.07953189  
2023-11-03 16:04:14.070: [iter 125 : loss : 0.2956 = 0.0590 + 0.2271 + 0.0085 + 0.0011, time: 12.394459]
2023-11-03 16:04:14.778: epoch 125:	0.02876584  	0.11653975  	0.07959881  
2023-11-03 16:04:27.457: [iter 126 : loss : 0.2925 = 0.0563 + 0.2266 + 0.0085 + 0.0011, time: 12.658960]
2023-11-03 16:04:28.163: epoch 126:	0.02893613  	0.11731439  	0.07991154  
2023-11-03 16:04:28.163: Find a better model.
2023-11-03 16:04:40.768: [iter 127 : loss : 0.2915 = 0.0559 + 0.2259 + 0.0086 + 0.0011, time: 12.578135]
2023-11-03 16:04:41.501: epoch 127:	0.02896136  	0.11755464  	0.08018392  
2023-11-03 16:04:41.501: Find a better model.
2023-11-03 16:04:54.116: [iter 128 : loss : 0.2919 = 0.0568 + 0.2254 + 0.0087 + 0.0011, time: 12.593607]
2023-11-03 16:04:54.833: epoch 128:	0.02911274  	0.11829837  	0.08061944  
2023-11-03 16:04:54.833: Find a better model.
2023-11-03 16:05:07.432: [iter 129 : loss : 0.2914 = 0.0568 + 0.2248 + 0.0087 + 0.0011, time: 12.582699]
2023-11-03 16:05:08.129: epoch 129:	0.02911904  	0.11830589  	0.08064423  
2023-11-03 16:05:08.130: Find a better model.
2023-11-03 16:05:20.603: [iter 130 : loss : 0.2907 = 0.0565 + 0.2243 + 0.0088 + 0.0011, time: 12.456231]
2023-11-03 16:05:21.295: epoch 130:	0.02915688  	0.11865625  	0.08098121  
2023-11-03 16:05:21.295: Find a better model.
2023-11-03 16:05:33.795: [iter 131 : loss : 0.2883 = 0.0547 + 0.2236 + 0.0089 + 0.0011, time: 12.483305]
2023-11-03 16:05:34.500: epoch 131:	0.02916319  	0.11843027  	0.08091251  
2023-11-03 16:05:47.072: [iter 132 : loss : 0.2900 = 0.0567 + 0.2233 + 0.0089 + 0.0011, time: 12.552773]
2023-11-03 16:05:47.790: epoch 132:	0.02923258  	0.11888284  	0.08108968  
2023-11-03 16:05:47.790: Find a better model.
2023-11-03 16:06:00.088: [iter 133 : loss : 0.2886 = 0.0559 + 0.2226 + 0.0090 + 0.0011, time: 12.282809]
2023-11-03 16:06:00.787: epoch 133:	0.02937763  	0.11945578  	0.08150240  
2023-11-03 16:06:00.787: Find a better model.
2023-11-03 16:06:13.224: [iter 134 : loss : 0.2880 = 0.0557 + 0.2221 + 0.0091 + 0.0011, time: 12.423604]
2023-11-03 16:06:13.938: epoch 134:	0.02949115  	0.12003515  	0.08179612  
2023-11-03 16:06:13.938: Find a better model.
2023-11-03 16:06:26.565: [iter 135 : loss : 0.2867 = 0.0549 + 0.2216 + 0.0091 + 0.0011, time: 12.610314]
2023-11-03 16:06:27.277: epoch 135:	0.02952900  	0.12018475  	0.08200929  
2023-11-03 16:06:27.278: Find a better model.
2023-11-03 16:06:39.757: [iter 136 : loss : 0.2847 = 0.0534 + 0.2210 + 0.0092 + 0.0011, time: 12.460248]
2023-11-03 16:06:40.482: epoch 136:	0.02954792  	0.12032659  	0.08200463  
2023-11-03 16:06:40.482: Find a better model.
2023-11-03 16:06:52.807: [iter 137 : loss : 0.2856 = 0.0549 + 0.2204 + 0.0093 + 0.0011, time: 12.303938]
2023-11-03 16:06:53.523: epoch 137:	0.02949114  	0.11966038  	0.08186990  
2023-11-03 16:07:06.025: [iter 138 : loss : 0.2850 = 0.0544 + 0.2202 + 0.0093 + 0.0011, time: 12.483643]
2023-11-03 16:07:06.693: epoch 138:	0.02961099  	0.12053315  	0.08241704  
2023-11-03 16:07:06.693: Find a better model.
2023-11-03 16:07:19.112: [iter 139 : loss : 0.2841 = 0.0544 + 0.2192 + 0.0094 + 0.0011, time: 12.387666]
2023-11-03 16:07:19.773: epoch 139:	0.02968666  	0.12067271  	0.08255483  
2023-11-03 16:07:19.773: Find a better model.
2023-11-03 16:07:32.203: [iter 140 : loss : 0.2841 = 0.0550 + 0.2186 + 0.0095 + 0.0011, time: 12.413543]
2023-11-03 16:07:32.909: epoch 140:	0.02963620  	0.12058997  	0.08251764  
2023-11-03 16:07:45.560: [iter 141 : loss : 0.2826 = 0.0539 + 0.2181 + 0.0095 + 0.0011, time: 12.631814]
2023-11-03 16:07:46.263: epoch 141:	0.02968034  	0.12065453  	0.08275011  
2023-11-03 16:07:58.789: [iter 142 : loss : 0.2822 = 0.0536 + 0.2179 + 0.0096 + 0.0011, time: 12.508477]
2023-11-03 16:07:59.498: epoch 142:	0.02978126  	0.12113341  	0.08283544  
2023-11-03 16:07:59.498: Find a better model.
2023-11-03 16:08:12.109: [iter 143 : loss : 0.2822 = 0.0544 + 0.2171 + 0.0097 + 0.0011, time: 12.593295]
2023-11-03 16:08:12.805: epoch 143:	0.02993261  	0.12178046  	0.08324219  
2023-11-03 16:08:12.805: Find a better model.
2023-11-03 16:08:25.121: [iter 144 : loss : 0.2805 = 0.0530 + 0.2167 + 0.0098 + 0.0011, time: 12.300025]
2023-11-03 16:08:25.801: epoch 144:	0.02985693  	0.12125604  	0.08325282  
2023-11-03 16:08:38.375: [iter 145 : loss : 0.2792 = 0.0522 + 0.2162 + 0.0098 + 0.0011, time: 12.557214]
2023-11-03 16:08:39.089: epoch 145:	0.03000200  	0.12214120  	0.08346625  
2023-11-03 16:08:39.089: Find a better model.
2023-11-03 16:08:51.659: [iter 146 : loss : 0.2800 = 0.0535 + 0.2156 + 0.0099 + 0.0010, time: 12.547870]
2023-11-03 16:08:52.335: epoch 146:	0.03007768  	0.12217353  	0.08371594  
2023-11-03 16:08:52.336: Find a better model.
2023-11-03 16:09:04.888: [iter 147 : loss : 0.2794 = 0.0534 + 0.2150 + 0.0100 + 0.0010, time: 12.534229]
2023-11-03 16:09:05.592: epoch 147:	0.03004614  	0.12198933  	0.08387377  
2023-11-03 16:09:18.002: [iter 148 : loss : 0.2782 = 0.0528 + 0.2144 + 0.0100 + 0.0010, time: 12.395388]
2023-11-03 16:09:18.665: epoch 148:	0.03019750  	0.12259854  	0.08418757  
2023-11-03 16:09:18.665: Find a better model.
2023-11-03 16:09:31.262: [iter 149 : loss : 0.2770 = 0.0517 + 0.2141 + 0.0101 + 0.0010, time: 12.580577]
2023-11-03 16:09:31.964: epoch 149:	0.03017227  	0.12246642  	0.08395504  
2023-11-03 16:09:44.568: [iter 150 : loss : 0.2779 = 0.0533 + 0.2134 + 0.0102 + 0.0010, time: 12.589150]
2023-11-03 16:09:45.299: epoch 150:	0.03029211  	0.12292512  	0.08410730  
2023-11-03 16:09:45.299: Find a better model.
2023-11-03 16:09:57.789: [iter 151 : loss : 0.2759 = 0.0517 + 0.2129 + 0.0102 + 0.0010, time: 12.469803]
2023-11-03 16:09:58.479: epoch 151:	0.03032995  	0.12293668  	0.08436580  
2023-11-03 16:09:58.479: Find a better model.
2023-11-03 16:10:10.985: [iter 152 : loss : 0.2761 = 0.0523 + 0.2124 + 0.0103 + 0.0010, time: 12.486000]
2023-11-03 16:10:11.660: epoch 152:	0.03036148  	0.12306227  	0.08447808  
2023-11-03 16:10:11.661: Find a better model.
2023-11-03 16:10:24.224: [iter 153 : loss : 0.2745 = 0.0512 + 0.2118 + 0.0104 + 0.0010, time: 12.540464]
2023-11-03 16:10:24.915: epoch 153:	0.03038671  	0.12335045  	0.08453580  
2023-11-03 16:10:24.915: Find a better model.
2023-11-03 16:10:37.244: [iter 154 : loss : 0.2758 = 0.0530 + 0.2113 + 0.0104 + 0.0010, time: 12.317449]
2023-11-03 16:10:37.950: epoch 154:	0.03050024  	0.12374848  	0.08477717  
2023-11-03 16:10:37.950: Find a better model.
2023-11-03 16:10:50.510: [iter 155 : loss : 0.2727 = 0.0504 + 0.2108 + 0.0105 + 0.0010, time: 12.538652]
2023-11-03 16:10:51.207: epoch 155:	0.03048132  	0.12388037  	0.08465172  
2023-11-03 16:10:51.207: Find a better model.
2023-11-03 16:11:03.513: [iter 156 : loss : 0.2726 = 0.0506 + 0.2104 + 0.0106 + 0.0010, time: 12.287908]
2023-11-03 16:11:04.254: epoch 156:	0.03056331  	0.12422731  	0.08509897  
2023-11-03 16:11:04.255: Find a better model.
2023-11-03 16:11:16.813: [iter 157 : loss : 0.2712 = 0.0497 + 0.2099 + 0.0106 + 0.0010, time: 12.538423]
2023-11-03 16:11:17.528: epoch 157:	0.03055070  	0.12397843  	0.08492784  
2023-11-03 16:11:29.995: [iter 158 : loss : 0.2719 = 0.0508 + 0.2094 + 0.0107 + 0.0010, time: 12.451302]
2023-11-03 16:11:30.688: epoch 158:	0.03067054  	0.12457598  	0.08528837  
2023-11-03 16:11:30.688: Find a better model.
2023-11-03 16:11:43.235: [iter 159 : loss : 0.2710 = 0.0506 + 0.2086 + 0.0108 + 0.0010, time: 12.529648]
2023-11-03 16:11:43.930: epoch 159:	0.03071469  	0.12501708  	0.08543769  
2023-11-03 16:11:43.930: Find a better model.
2023-11-03 16:11:56.380: [iter 160 : loss : 0.2698 = 0.0498 + 0.2081 + 0.0109 + 0.0010, time: 12.435856]
2023-11-03 16:11:57.073: epoch 160:	0.03070207  	0.12501036  	0.08555763  
2023-11-03 16:12:09.560: [iter 161 : loss : 0.2702 = 0.0505 + 0.2078 + 0.0109 + 0.0010, time: 12.470625]
2023-11-03 16:12:10.277: epoch 161:	0.03085345  	0.12572286  	0.08584423  
2023-11-03 16:12:10.277: Find a better model.
2023-11-03 16:12:22.689: [iter 162 : loss : 0.2691 = 0.0499 + 0.2072 + 0.0110 + 0.0010, time: 12.395562]
2023-11-03 16:12:23.430: epoch 162:	0.03085345  	0.12585926  	0.08588697  
2023-11-03 16:12:23.431: Find a better model.
2023-11-03 16:12:35.937: [iter 163 : loss : 0.2690 = 0.0502 + 0.2068 + 0.0111 + 0.0010, time: 12.484354]
2023-11-03 16:12:36.637: epoch 163:	0.03103005  	0.12629651  	0.08630835  
2023-11-03 16:12:36.637: Find a better model.
2023-11-03 16:12:49.119: [iter 164 : loss : 0.2682 = 0.0499 + 0.2062 + 0.0111 + 0.0010, time: 12.467199]
2023-11-03 16:12:49.837: epoch 164:	0.03106789  	0.12651585  	0.08620535  
2023-11-03 16:12:49.837: Find a better model.
2023-11-03 16:13:02.364: [iter 165 : loss : 0.2676 = 0.0500 + 0.2054 + 0.0112 + 0.0010, time: 12.499732]
2023-11-03 16:13:03.061: epoch 165:	0.03104266  	0.12641798  	0.08617815  
2023-11-03 16:13:15.305: [iter 166 : loss : 0.2671 = 0.0499 + 0.2050 + 0.0113 + 0.0010, time: 12.224603]
2023-11-03 16:13:16.035: epoch 166:	0.03111834  	0.12676406  	0.08648643  
2023-11-03 16:13:16.035: Find a better model.
2023-11-03 16:13:28.677: [iter 167 : loss : 0.2653 = 0.0487 + 0.2043 + 0.0113 + 0.0010, time: 12.628113]
2023-11-03 16:13:29.393: epoch 167:	0.03104267  	0.12658849  	0.08626287  
2023-11-03 16:13:41.928: [iter 168 : loss : 0.2654 = 0.0492 + 0.2038 + 0.0114 + 0.0010, time: 12.518968]
2023-11-03 16:13:42.625: epoch 168:	0.03116249  	0.12699889  	0.08671247  
2023-11-03 16:13:42.626: Find a better model.
2023-11-03 16:13:55.036: [iter 169 : loss : 0.2665 = 0.0505 + 0.2035 + 0.0115 + 0.0010, time: 12.391791]
2023-11-03 16:13:55.716: epoch 169:	0.03115618  	0.12671258  	0.08672523  
2023-11-03 16:14:08.274: [iter 170 : loss : 0.2648 = 0.0491 + 0.2032 + 0.0115 + 0.0010, time: 12.534384]
2023-11-03 16:14:08.967: epoch 170:	0.03120032  	0.12667190  	0.08662139  
2023-11-03 16:14:21.421: [iter 171 : loss : 0.2640 = 0.0490 + 0.2024 + 0.0116 + 0.0010, time: 12.434434]
2023-11-03 16:14:22.132: epoch 171:	0.03123816  	0.12684952  	0.08685698  
2023-11-03 16:14:34.514: [iter 172 : loss : 0.2621 = 0.0476 + 0.2018 + 0.0117 + 0.0010, time: 12.366823]
2023-11-03 16:14:35.213: epoch 172:	0.03133908  	0.12728986  	0.08727304  
2023-11-03 16:14:35.213: Find a better model.
2023-11-03 16:14:47.761: [iter 173 : loss : 0.2635 = 0.0493 + 0.2015 + 0.0118 + 0.0010, time: 12.532236]
2023-11-03 16:14:48.506: epoch 173:	0.03125077  	0.12685512  	0.08717788  
2023-11-03 16:15:00.951: [iter 174 : loss : 0.2623 = 0.0486 + 0.2009 + 0.0118 + 0.0010, time: 12.425076]
2023-11-03 16:15:01.664: epoch 174:	0.03131385  	0.12709473  	0.08738011  
2023-11-03 16:15:14.097: [iter 175 : loss : 0.2621 = 0.0488 + 0.2004 + 0.0119 + 0.0010, time: 12.417922]
2023-11-03 16:15:14.795: epoch 175:	0.03125710  	0.12686205  	0.08717674  
2023-11-03 16:15:27.214: [iter 176 : loss : 0.2611 = 0.0483 + 0.1998 + 0.0120 + 0.0010, time: 12.401321]
2023-11-03 16:15:27.918: epoch 176:	0.03149045  	0.12772225  	0.08759512  
2023-11-03 16:15:27.918: Find a better model.
2023-11-03 16:15:40.371: [iter 177 : loss : 0.2612 = 0.0488 + 0.1993 + 0.0120 + 0.0010, time: 12.433224]
2023-11-03 16:15:41.058: epoch 177:	0.03164812  	0.12851734  	0.08797029  
2023-11-03 16:15:41.058: Find a better model.
2023-11-03 16:15:53.822: [iter 178 : loss : 0.2599 = 0.0481 + 0.1988 + 0.0121 + 0.0010, time: 12.746129]
2023-11-03 16:15:54.529: epoch 178:	0.03164812  	0.12843908  	0.08801168  
2023-11-03 16:16:06.958: [iter 179 : loss : 0.2598 = 0.0484 + 0.1982 + 0.0122 + 0.0010, time: 12.409571]
2023-11-03 16:16:07.667: epoch 179:	0.03164181  	0.12861238  	0.08813926  
2023-11-03 16:16:07.667: Find a better model.
2023-11-03 16:16:20.067: [iter 180 : loss : 0.2602 = 0.0491 + 0.1979 + 0.0122 + 0.0010, time: 12.385854]
2023-11-03 16:16:20.769: epoch 180:	0.03162289  	0.12832901  	0.08810551  
2023-11-03 16:16:33.214: [iter 181 : loss : 0.2610 = 0.0504 + 0.1973 + 0.0123 + 0.0010, time: 12.430857]
2023-11-03 16:16:33.913: epoch 181:	0.03166074  	0.12870660  	0.08841250  
2023-11-03 16:16:33.913: Find a better model.
2023-11-03 16:16:46.417: [iter 182 : loss : 0.2576 = 0.0476 + 0.1967 + 0.0124 + 0.0010, time: 12.488630]
2023-11-03 16:16:47.112: epoch 182:	0.03146522  	0.12799515  	0.08813630  
2023-11-03 16:16:59.585: [iter 183 : loss : 0.2575 = 0.0475 + 0.1966 + 0.0125 + 0.0010, time: 12.450096]
2023-11-03 16:17:00.297: epoch 183:	0.03162920  	0.12850635  	0.08833907  
2023-11-03 16:17:12.704: [iter 184 : loss : 0.2570 = 0.0476 + 0.1959 + 0.0125 + 0.0009, time: 12.393565]
2023-11-03 16:17:13.399: epoch 184:	0.03172381  	0.12881339  	0.08852877  
2023-11-03 16:17:13.399: Find a better model.
2023-11-03 16:17:25.736: [iter 185 : loss : 0.2556 = 0.0466 + 0.1954 + 0.0126 + 0.0009, time: 12.319664]
2023-11-03 16:17:26.452: epoch 185:	0.03171120  	0.12895027  	0.08858515  
2023-11-03 16:17:26.452: Find a better model.
2023-11-03 16:17:38.842: [iter 186 : loss : 0.2567 = 0.0481 + 0.1949 + 0.0127 + 0.0009, time: 12.377474]
2023-11-03 16:17:39.547: epoch 186:	0.03177427  	0.12887634  	0.08859732  
2023-11-03 16:17:52.219: [iter 187 : loss : 0.2558 = 0.0479 + 0.1942 + 0.0127 + 0.0009, time: 12.655594]
2023-11-03 16:17:52.917: epoch 187:	0.03190671  	0.12976991  	0.08887291  
2023-11-03 16:17:52.917: Find a better model.
2023-11-03 16:18:05.295: [iter 188 : loss : 0.2568 = 0.0490 + 0.1940 + 0.0128 + 0.0009, time: 12.366138]
2023-11-03 16:18:05.991: epoch 188:	0.03209592  	0.13047135  	0.08926798  
2023-11-03 16:18:05.991: Find a better model.
2023-11-03 16:18:18.506: [iter 189 : loss : 0.2545 = 0.0473 + 0.1935 + 0.0129 + 0.0009, time: 12.501299]
2023-11-03 16:18:19.222: epoch 189:	0.03191933  	0.12979577  	0.08922639  
2023-11-03 16:18:31.710: [iter 190 : loss : 0.2552 = 0.0484 + 0.1929 + 0.0130 + 0.0009, time: 12.474019]
2023-11-03 16:18:32.396: epoch 190:	0.03206439  	0.13016863  	0.08939961  
2023-11-03 16:18:44.912: [iter 191 : loss : 0.2536 = 0.0473 + 0.1924 + 0.0130 + 0.0009, time: 12.501961]
2023-11-03 16:18:45.637: epoch 191:	0.03198240  	0.12989797  	0.08932903  
2023-11-03 16:18:57.994: [iter 192 : loss : 0.2541 = 0.0481 + 0.1919 + 0.0131 + 0.0009, time: 12.339727]
2023-11-03 16:18:58.710: epoch 192:	0.03210223  	0.13054098  	0.08980385  
2023-11-03 16:18:58.710: Find a better model.
2023-11-03 16:19:11.264: [iter 193 : loss : 0.2529 = 0.0474 + 0.1914 + 0.0132 + 0.0009, time: 12.539590]
2023-11-03 16:19:11.962: epoch 193:	0.03218422  	0.13096285  	0.09000587  
2023-11-03 16:19:11.962: Find a better model.
2023-11-03 16:19:24.446: [iter 194 : loss : 0.2515 = 0.0463 + 0.1910 + 0.0132 + 0.0009, time: 12.466227]
2023-11-03 16:19:25.132: epoch 194:	0.03228514  	0.13146727  	0.09020406  
2023-11-03 16:19:25.132: Find a better model.
2023-11-03 16:19:37.179: [iter 195 : loss : 0.2511 = 0.0464 + 0.1905 + 0.0133 + 0.0009, time: 12.033542]
2023-11-03 16:19:37.874: epoch 195:	0.03223468  	0.13133906  	0.09003277  
2023-11-03 16:19:50.014: [iter 196 : loss : 0.2526 = 0.0483 + 0.1900 + 0.0134 + 0.0009, time: 12.127161]
2023-11-03 16:19:50.715: epoch 196:	0.03232928  	0.13122711  	0.09004886  
2023-11-03 16:20:03.343: [iter 197 : loss : 0.2510 = 0.0472 + 0.1894 + 0.0134 + 0.0009, time: 12.614356]
2023-11-03 16:20:04.024: epoch 197:	0.03225360  	0.13088584  	0.08991703  
2023-11-03 16:20:16.419: [iter 198 : loss : 0.2497 = 0.0463 + 0.1889 + 0.0135 + 0.0009, time: 12.379369]
2023-11-03 16:20:17.093: epoch 198:	0.03241757  	0.13157180  	0.09015964  
2023-11-03 16:20:17.093: Find a better model.
2023-11-03 16:20:29.667: [iter 199 : loss : 0.2485 = 0.0453 + 0.1886 + 0.0136 + 0.0009, time: 12.550332]
2023-11-03 16:20:30.376: epoch 199:	0.03246801  	0.13155501  	0.09033193  
2023-11-03 16:20:42.836: [iter 200 : loss : 0.2510 = 0.0485 + 0.1880 + 0.0137 + 0.0009, time: 12.447677]
2023-11-03 16:20:43.547: epoch 200:	0.03250586  	0.13194285  	0.09058962  
2023-11-03 16:20:43.548: Find a better model.
2023-11-03 16:20:43.548: best_result@epoch 200:

2023-11-03 16:20:43.548: 		0.0325      	0.1319      	0.0906      
