2023-04-30 12:43:24.923: my pid: 36969
2023-04-30 12:43:24.923: model: model.general_recommender.GNNEC
2023-04-30 12:43:24.923: Dataset statistics:
Name: amazon-book
The number of users: 7928
The number of items: 29346
The number of ratings: 460224
Average actions of users: 58.05
Average actions of items: 15.68
The sparsity of the dataset: 99.802186%

The number of training: 417417
The number of validation: 0
The number of testing: 42807
2023-04-30 12:43:24.923: NeuRec:[NeuRec]:
recommender=GNNEC
dataset=amazon-book
file_column=UI
sep=','
gpu_id=0
gpu_mem=0.99
metric=["Precision", "Recall", "NDCG"]
top_k=[20]
test_thread=8
test_batch_size=128
seed=2021
start_testing_epoch=0

GNNEC:[hyperparameters]:
mf_reg=1e-4
svd_q=5
aug_type=ND
reg=1e-4
embed_size=64
n_layers=2
ssl_reg=0.02
ssl_ratio=0.5
ssl_temp=0.5
ssl_mode=both_side
lr=1e-3
learner=adam
adj_type=pre
epochs=200
batch_size=2048
num_negatives=1
param_init=xavier_uniform
stddev=0.01
verbose=1
stop_cnt=10
pretrain_flag=0
save_flag=0

Command line:
recommender=GNNEC
dataset=amazon-book
epochs=200
n_layers=2
embed_size=64
batch_size=2048
lr=1e-3
aug_type=ND
reg=1e-4
ssl_reg=0.02
ssl_ratio=0.5
ssl_temp=0.5
mf_reg=1e-4
svd_q=5
2023-04-30 12:43:33.132: metrics:	Precision@20	Recall@20   	NDCG@20     
2023-04-30 12:45:01.933: [iter 1 : loss : 0.9231 = 0.5641 + 0.3571 + 0.0001 + 0.0018, time: 88.798993]
2023-04-30 12:45:02.958: epoch 1:	0.00956104  	0.03652168  	0.02431184  
2023-04-30 12:45:02.958: Find a better model.
2023-04-30 12:46:32.718: [iter 2 : loss : 0.6387 = 0.3058 + 0.3310 + 0.0003 + 0.0017, time: 89.739859]
2023-04-30 12:46:33.749: epoch 2:	0.01042510  	0.04017136  	0.02738457  
2023-04-30 12:46:33.749: Find a better model.
2023-04-30 12:48:04.007: [iter 3 : loss : 0.5511 = 0.2299 + 0.3192 + 0.0004 + 0.0016, time: 90.240071]
2023-04-30 12:48:05.038: epoch 3:	0.01130177  	0.04402034  	0.02989149  
2023-04-30 12:48:05.038: Find a better model.
2023-04-30 12:49:35.465: [iter 4 : loss : 0.5064 = 0.1943 + 0.3100 + 0.0005 + 0.0016, time: 90.405393]
2023-04-30 12:49:36.505: epoch 4:	0.01209646  	0.04683147  	0.03187737  
2023-04-30 12:49:36.505: Find a better model.
2023-04-30 12:51:06.635: [iter 5 : loss : 0.4752 = 0.1706 + 0.3024 + 0.0006 + 0.0016, time: 90.108206]
2023-04-30 12:51:07.666: epoch 5:	0.01277762  	0.04957762  	0.03394069  
2023-04-30 12:51:07.666: Find a better model.
2023-04-30 12:52:37.337: [iter 6 : loss : 0.4526 = 0.1540 + 0.2963 + 0.0007 + 0.0015, time: 89.648113]
2023-04-30 12:52:38.380: epoch 6:	0.01340200  	0.05197756  	0.03529504  
2023-04-30 12:52:38.380: Find a better model.
2023-04-30 12:54:08.046: [iter 7 : loss : 0.4334 = 0.1407 + 0.2905 + 0.0008 + 0.0015, time: 89.647697]
2023-04-30 12:54:09.012: epoch 7:	0.01402640  	0.05477364  	0.03714784  
2023-04-30 12:54:09.012: Find a better model.
2023-04-30 12:55:38.620: [iter 8 : loss : 0.4181 = 0.1303 + 0.2855 + 0.0009 + 0.0015, time: 89.591538]
2023-04-30 12:55:39.696: epoch 8:	0.01459401  	0.05678639  	0.03863271  
2023-04-30 12:55:39.696: Find a better model.
2023-04-30 12:57:09.019: [iter 9 : loss : 0.4044 = 0.1212 + 0.2808 + 0.0009 + 0.0015, time: 89.303817]
2023-04-30 12:57:10.062: epoch 9:	0.01485260  	0.05788627  	0.03950477  
2023-04-30 12:57:10.063: Find a better model.
2023-04-30 12:58:39.831: [iter 10 : loss : 0.3922 = 0.1136 + 0.2762 + 0.0010 + 0.0014, time: 89.748296]
2023-04-30 12:58:40.838: epoch 10:	0.01540763  	0.06025210  	0.04096541  
2023-04-30 12:58:40.839: Find a better model.
2023-04-30 13:00:10.678: [iter 11 : loss : 0.3813 = 0.1069 + 0.2720 + 0.0011 + 0.0014, time: 89.820977]
2023-04-30 13:00:11.697: epoch 11:	0.01593741  	0.06274968  	0.04275198  
2023-04-30 13:00:11.698: Find a better model.
2023-04-30 13:01:41.293: [iter 12 : loss : 0.3712 = 0.1010 + 0.2677 + 0.0012 + 0.0014, time: 89.578054]
2023-04-30 13:01:42.311: epoch 12:	0.01666270  	0.06562922  	0.04439713  
2023-04-30 13:01:42.311: Find a better model.
2023-04-30 13:03:12.067: [iter 13 : loss : 0.3624 = 0.0959 + 0.2639 + 0.0012 + 0.0014, time: 89.736670]
2023-04-30 13:03:13.088: epoch 13:	0.01714834  	0.06771369  	0.04595735  
2023-04-30 13:03:13.088: Find a better model.
2023-04-30 13:04:42.585: [iter 14 : loss : 0.3540 = 0.0911 + 0.2603 + 0.0013 + 0.0014, time: 89.479437]
2023-04-30 13:04:43.601: epoch 14:	0.01774751  	0.07021578  	0.04744579  
2023-04-30 13:04:43.601: Find a better model.
2023-04-30 13:06:13.213: [iter 15 : loss : 0.3454 = 0.0863 + 0.2564 + 0.0014 + 0.0013, time: 89.595649]
2023-04-30 13:06:14.259: epoch 15:	0.01810070  	0.07154178  	0.04883320  
2023-04-30 13:06:14.259: Find a better model.
2023-04-30 13:07:43.834: [iter 16 : loss : 0.3381 = 0.0827 + 0.2526 + 0.0015 + 0.0013, time: 89.558255]
2023-04-30 13:07:44.885: epoch 16:	0.01864311  	0.07397954  	0.05005324  
2023-04-30 13:07:44.886: Find a better model.
2023-04-30 13:09:14.262: [iter 17 : loss : 0.3304 = 0.0788 + 0.2488 + 0.0015 + 0.0013, time: 89.357435]
2023-04-30 13:09:15.300: epoch 17:	0.01908460  	0.07590552  	0.05139878  
2023-04-30 13:09:15.301: Find a better model.
2023-04-30 13:10:44.869: [iter 18 : loss : 0.3242 = 0.0761 + 0.2452 + 0.0016 + 0.0013, time: 89.544050]
2023-04-30 13:10:45.921: epoch 18:	0.01954501  	0.07752400  	0.05279699  
2023-04-30 13:10:45.922: Find a better model.
2023-04-30 13:12:15.712: [iter 19 : loss : 0.3165 = 0.0720 + 0.2415 + 0.0017 + 0.0013, time: 89.768993]
2023-04-30 13:12:16.724: epoch 19:	0.01999910  	0.07920005  	0.05374474  
2023-04-30 13:12:16.724: Find a better model.
2023-04-30 13:13:46.346: [iter 20 : loss : 0.3098 = 0.0687 + 0.2381 + 0.0018 + 0.0012, time: 89.601629]
2023-04-30 13:13:47.395: epoch 20:	0.02041536  	0.08093707  	0.05501408  
2023-04-30 13:13:47.395: Find a better model.
2023-04-30 13:15:16.989: [iter 21 : loss : 0.3047 = 0.0671 + 0.2345 + 0.0019 + 0.0012, time: 89.568830]
2023-04-30 13:15:18.035: epoch 21:	0.02063611  	0.08172001  	0.05590796  
2023-04-30 13:15:18.036: Find a better model.
2023-04-30 13:16:47.898: [iter 22 : loss : 0.2981 = 0.0639 + 0.2310 + 0.0019 + 0.0012, time: 89.845764]
2023-04-30 13:16:48.886: epoch 22:	0.02115329  	0.08378603  	0.05721044  
2023-04-30 13:16:48.887: Find a better model.
2023-04-30 13:18:18.468: [iter 23 : loss : 0.2929 = 0.0619 + 0.2277 + 0.0020 + 0.0012, time: 89.561835]
2023-04-30 13:18:19.512: epoch 23:	0.02159477  	0.08567150  	0.05835930  
2023-04-30 13:18:19.513: Find a better model.
2023-04-30 13:19:49.023: [iter 24 : loss : 0.2874 = 0.0596 + 0.2245 + 0.0021 + 0.0012, time: 89.495461]
2023-04-30 13:19:49.991: epoch 24:	0.02197319  	0.08758999  	0.05957936  
2023-04-30 13:19:49.991: Find a better model.
2023-04-30 13:21:19.878: [iter 25 : loss : 0.2811 = 0.0566 + 0.2212 + 0.0022 + 0.0012, time: 89.868740]
2023-04-30 13:21:20.910: epoch 25:	0.02213087  	0.08816241  	0.06028046  
2023-04-30 13:21:20.910: Find a better model.
2023-04-30 13:22:50.604: [iter 26 : loss : 0.2758 = 0.0545 + 0.2179 + 0.0023 + 0.0011, time: 89.671885]
2023-04-30 13:22:51.650: epoch 26:	0.02251560  	0.08977148  	0.06155185  
2023-04-30 13:22:51.650: Find a better model.
2023-04-30 13:24:20.309: [iter 27 : loss : 0.2715 = 0.0532 + 0.2148 + 0.0024 + 0.0011, time: 88.643655]
2023-04-30 13:24:21.334: epoch 27:	0.02293816  	0.09135540  	0.06250015  
2023-04-30 13:24:21.334: Find a better model.
2023-04-30 13:25:50.990: [iter 28 : loss : 0.2661 = 0.0510 + 0.2116 + 0.0025 + 0.0011, time: 89.636977]
2023-04-30 13:25:52.012: epoch 28:	0.02336704  	0.09307156  	0.06349016  
2023-04-30 13:25:52.012: Find a better model.
2023-04-30 13:27:21.456: [iter 29 : loss : 0.2621 = 0.0500 + 0.2085 + 0.0026 + 0.0011, time: 89.425778]
2023-04-30 13:27:22.492: epoch 29:	0.02363824  	0.09442236  	0.06453802  
2023-04-30 13:27:22.492: Find a better model.
2023-04-30 13:28:51.762: [iter 30 : loss : 0.2572 = 0.0481 + 0.2053 + 0.0027 + 0.0011, time: 89.254149]
2023-04-30 13:28:52.775: epoch 30:	0.02394728  	0.09578193  	0.06546951  
2023-04-30 13:28:52.775: Find a better model.
2023-04-30 13:30:22.051: [iter 31 : loss : 0.2520 = 0.0458 + 0.2023 + 0.0028 + 0.0011, time: 89.256930]
2023-04-30 13:30:23.085: epoch 31:	0.02428785  	0.09682155  	0.06628410  
2023-04-30 13:30:23.085: Find a better model.
2023-04-30 13:31:52.484: [iter 32 : loss : 0.2490 = 0.0458 + 0.1993 + 0.0029 + 0.0010, time: 89.381033]
2023-04-30 13:31:53.501: epoch 32:	0.02465365  	0.09860378  	0.06716023  
2023-04-30 13:31:53.501: Find a better model.
2023-04-30 13:33:22.994: [iter 33 : loss : 0.2434 = 0.0431 + 0.1963 + 0.0030 + 0.0010, time: 89.473582]
2023-04-30 13:33:23.938: epoch 33:	0.02491225  	0.09984926  	0.06805745  
2023-04-30 13:33:23.938: Find a better model.
2023-04-30 13:34:52.042: [iter 34 : loss : 0.2400 = 0.0428 + 0.1932 + 0.0031 + 0.0010, time: 88.086186]
2023-04-30 13:34:53.089: epoch 34:	0.02515192  	0.10137734  	0.06904943  
2023-04-30 13:34:53.090: Find a better model.
2023-04-30 13:36:22.408: [iter 35 : loss : 0.2355 = 0.0408 + 0.1905 + 0.0032 + 0.0010, time: 89.293729]
2023-04-30 13:36:23.467: epoch 35:	0.02545466  	0.10237922  	0.06992786  
2023-04-30 13:36:23.468: Find a better model.
2023-04-30 13:37:52.858: [iter 36 : loss : 0.2320 = 0.0400 + 0.1877 + 0.0033 + 0.0010, time: 89.364378]
2023-04-30 13:37:53.884: epoch 36:	0.02573217  	0.10345864  	0.07068016  
2023-04-30 13:37:53.884: Find a better model.
2023-04-30 13:39:23.699: [iter 37 : loss : 0.2277 = 0.0386 + 0.1848 + 0.0034 + 0.0010, time: 89.793984]
2023-04-30 13:39:24.715: epoch 37:	0.02602230  	0.10459276  	0.07154676  
2023-04-30 13:39:24.715: Find a better model.
2023-04-30 13:40:54.374: [iter 38 : loss : 0.2239 = 0.0375 + 0.1819 + 0.0035 + 0.0009, time: 89.640858]
2023-04-30 13:40:55.447: epoch 38:	0.02611689  	0.10549108  	0.07217762  
2023-04-30 13:40:55.447: Find a better model.
2023-04-30 13:42:24.066: [iter 39 : loss : 0.2200 = 0.0364 + 0.1791 + 0.0036 + 0.0009, time: 88.593932]
2023-04-30 13:42:24.819: epoch 39:	0.02646378  	0.10682220  	0.07302368  
2023-04-30 13:42:24.819: Find a better model.
2023-04-30 13:43:19.330: [iter 40 : loss : 0.2169 = 0.0360 + 0.1763 + 0.0037 + 0.0009, time: 54.493683]
2023-04-30 13:43:20.076: epoch 40:	0.02664669  	0.10764393  	0.07358373  
2023-04-30 13:43:20.076: Find a better model.
2023-04-30 13:44:14.545: [iter 41 : loss : 0.2130 = 0.0347 + 0.1737 + 0.0038 + 0.0009, time: 54.452389]
2023-04-30 13:44:15.281: epoch 41:	0.02690527  	0.10870029  	0.07434940  
2023-04-30 13:44:15.281: Find a better model.
2023-04-30 13:45:09.951: [iter 42 : loss : 0.2098 = 0.0340 + 0.1710 + 0.0039 + 0.0009, time: 54.654375]
2023-04-30 13:45:10.712: epoch 42:	0.02713863  	0.10944672  	0.07459448  
2023-04-30 13:45:10.713: Find a better model.
2023-04-30 13:46:05.248: [iter 43 : loss : 0.2064 = 0.0331 + 0.1683 + 0.0040 + 0.0009, time: 54.518177]
2023-04-30 13:46:05.973: epoch 43:	0.02720169  	0.10982242  	0.07507417  
2023-04-30 13:46:05.973: Find a better model.
2023-04-30 13:47:00.502: [iter 44 : loss : 0.2029 = 0.0323 + 0.1657 + 0.0042 + 0.0009, time: 54.513114]
2023-04-30 13:47:01.270: epoch 44:	0.02743505  	0.11053566  	0.07568551  
2023-04-30 13:47:01.270: Find a better model.
2023-04-30 13:47:55.895: [iter 45 : loss : 0.1996 = 0.0312 + 0.1632 + 0.0043 + 0.0009, time: 54.604516]
2023-04-30 13:47:56.627: epoch 45:	0.02756117  	0.11115851  	0.07607257  
2023-04-30 13:47:56.627: Find a better model.
2023-04-30 13:48:51.409: [iter 46 : loss : 0.1966 = 0.0307 + 0.1606 + 0.0044 + 0.0008, time: 54.765784]
2023-04-30 13:48:52.189: epoch 46:	0.02792068  	0.11249790  	0.07715430  
2023-04-30 13:48:52.189: Find a better model.
2023-04-30 13:49:46.946: [iter 47 : loss : 0.1939 = 0.0303 + 0.1582 + 0.0045 + 0.0008, time: 54.739177]
2023-04-30 13:49:47.696: epoch 47:	0.02803421  	0.11268680  	0.07747807  
2023-04-30 13:49:47.696: Find a better model.
2023-04-30 13:50:42.219: [iter 48 : loss : 0.1907 = 0.0295 + 0.1558 + 0.0046 + 0.0008, time: 54.507043]
2023-04-30 13:50:42.980: epoch 48:	0.02826757  	0.11380429  	0.07811546  
2023-04-30 13:50:42.980: Find a better model.
2023-04-30 13:51:37.658: [iter 49 : loss : 0.1879 = 0.0288 + 0.1535 + 0.0047 + 0.0008, time: 54.661436]
2023-04-30 13:51:38.418: epoch 49:	0.02843155  	0.11472715  	0.07891549  
2023-04-30 13:51:38.418: Find a better model.
2023-04-30 13:52:32.913: [iter 50 : loss : 0.1849 = 0.0281 + 0.1511 + 0.0048 + 0.0008, time: 54.479721]
2023-04-30 13:52:33.677: epoch 50:	0.02853877  	0.11517593  	0.07924612  
2023-04-30 13:52:33.677: Find a better model.
2023-04-30 13:53:28.387: [iter 51 : loss : 0.1814 = 0.0268 + 0.1488 + 0.0050 + 0.0008, time: 54.692080]
2023-04-30 13:53:29.140: epoch 51:	0.02883518  	0.11627288  	0.08013669  
2023-04-30 13:53:29.141: Find a better model.
2023-04-30 13:54:23.735: [iter 52 : loss : 0.1794 = 0.0269 + 0.1466 + 0.0051 + 0.0008, time: 54.576358]
2023-04-30 13:54:24.487: epoch 52:	0.02895501  	0.11657590  	0.08052102  
2023-04-30 13:54:24.487: Find a better model.
2023-04-30 13:55:19.007: [iter 53 : loss : 0.1766 = 0.0263 + 0.1443 + 0.0052 + 0.0008, time: 54.499214]
2023-04-30 13:55:19.764: epoch 53:	0.02898655  	0.11659200  	0.08073363  
2023-04-30 13:55:19.764: Find a better model.
2023-04-30 13:56:14.357: [iter 54 : loss : 0.1741 = 0.0259 + 0.1421 + 0.0053 + 0.0007, time: 54.578435]
2023-04-30 13:56:15.099: epoch 54:	0.02920729  	0.11759795  	0.08145705  
2023-04-30 13:56:15.099: Find a better model.
2023-04-30 13:57:09.875: [iter 55 : loss : 0.1713 = 0.0253 + 0.1398 + 0.0054 + 0.0007, time: 54.758934]
2023-04-30 13:57:10.623: epoch 55:	0.02940910  	0.11861877  	0.08203972  
2023-04-30 13:57:10.623: Find a better model.
2023-04-30 13:58:05.280: [iter 56 : loss : 0.1686 = 0.0244 + 0.1379 + 0.0055 + 0.0007, time: 54.641359]
2023-04-30 13:58:06.032: epoch 56:	0.02954156  	0.11901110  	0.08246163  
2023-04-30 13:58:06.033: Find a better model.
2023-04-30 13:59:00.572: [iter 57 : loss : 0.1665 = 0.0243 + 0.1358 + 0.0057 + 0.0007, time: 54.521049]
2023-04-30 13:59:01.293: epoch 57:	0.02968032  	0.11975086  	0.08278205  
2023-04-30 13:59:01.293: Find a better model.
2023-04-30 13:59:56.037: [iter 58 : loss : 0.1632 = 0.0231 + 0.1336 + 0.0058 + 0.0007, time: 54.728953]
2023-04-30 13:59:56.796: epoch 58:	0.02983169  	0.12026437  	0.08329171  
2023-04-30 13:59:56.796: Find a better model.
2023-04-30 14:00:51.509: [iter 59 : loss : 0.1613 = 0.0230 + 0.1318 + 0.0059 + 0.0007, time: 54.691734]
2023-04-30 14:00:52.254: epoch 59:	0.02993890  	0.12081277  	0.08372822  
2023-04-30 14:00:52.254: Find a better model.
2023-04-30 14:01:46.907: [iter 60 : loss : 0.1595 = 0.0231 + 0.1298 + 0.0060 + 0.0007, time: 54.638789]
2023-04-30 14:01:47.644: epoch 60:	0.03008397  	0.12163267  	0.08408993  
2023-04-30 14:01:47.645: Find a better model.
2023-04-30 14:02:42.261: [iter 61 : loss : 0.1566 = 0.0220 + 0.1278 + 0.0061 + 0.0007, time: 54.599727]
2023-04-30 14:02:43.013: epoch 61:	0.03019751  	0.12202458  	0.08457105  
2023-04-30 14:02:43.013: Find a better model.
2023-04-30 14:03:37.763: [iter 62 : loss : 0.1548 = 0.0220 + 0.1259 + 0.0063 + 0.0007, time: 54.732883]
2023-04-30 14:03:38.522: epoch 62:	0.03022274  	0.12221776  	0.08483810  
2023-04-30 14:03:38.522: Find a better model.
2023-04-30 14:04:33.102: [iter 63 : loss : 0.1531 = 0.0219 + 0.1242 + 0.0064 + 0.0006, time: 54.567248]
2023-04-30 14:04:33.856: epoch 63:	0.03044979  	0.12299333  	0.08534727  
2023-04-30 14:04:33.857: Find a better model.
2023-04-30 14:05:28.410: [iter 64 : loss : 0.1509 = 0.0213 + 0.1224 + 0.0065 + 0.0006, time: 54.535527]
2023-04-30 14:05:29.145: epoch 64:	0.03051916  	0.12305177  	0.08550231  
2023-04-30 14:05:29.145: Find a better model.
2023-04-30 14:06:23.822: [iter 65 : loss : 0.1483 = 0.0205 + 0.1205 + 0.0066 + 0.0006, time: 54.660448]
2023-04-30 14:06:24.576: epoch 65:	0.03063900  	0.12367289  	0.08596437  
2023-04-30 14:06:24.577: Find a better model.
2023-04-30 14:07:19.150: [iter 66 : loss : 0.1461 = 0.0198 + 0.1189 + 0.0067 + 0.0006, time: 54.553958]
2023-04-30 14:07:19.914: epoch 66:	0.03067053  	0.12383949  	0.08618760  
2023-04-30 14:07:19.914: Find a better model.
2023-04-30 14:08:14.604: [iter 67 : loss : 0.1450 = 0.0205 + 0.1170 + 0.0068 + 0.0006, time: 54.674576]
2023-04-30 14:08:15.379: epoch 67:	0.03085974  	0.12444726  	0.08658439  
2023-04-30 14:08:15.380: Find a better model.
2023-04-30 14:09:10.231: [iter 68 : loss : 0.1431 = 0.0201 + 0.1154 + 0.0070 + 0.0006, time: 54.832401]
2023-04-30 14:09:10.989: epoch 68:	0.03086606  	0.12467396  	0.08672013  
2023-04-30 14:09:10.989: Find a better model.
2023-04-30 14:10:04.679: [iter 69 : loss : 0.1415 = 0.0199 + 0.1139 + 0.0071 + 0.0006, time: 53.673345]
2023-04-30 14:10:05.345: epoch 69:	0.03097327  	0.12512474  	0.08705631  
2023-04-30 14:10:05.345: Find a better model.
2023-04-30 14:10:59.563: [iter 70 : loss : 0.1396 = 0.0196 + 0.1123 + 0.0072 + 0.0006, time: 54.203222]
2023-04-30 14:11:00.319: epoch 70:	0.03097958  	0.12517428  	0.08722662  
2023-04-30 14:11:00.319: Find a better model.
2023-04-30 14:11:55.117: [iter 71 : loss : 0.1368 = 0.0183 + 0.1106 + 0.0073 + 0.0006, time: 54.784503]
2023-04-30 14:11:55.847: epoch 71:	0.03118771  	0.12603348  	0.08762324  
2023-04-30 14:11:55.847: Find a better model.
2023-04-30 14:12:50.435: [iter 72 : loss : 0.1356 = 0.0185 + 0.1091 + 0.0074 + 0.0006, time: 54.571699]
2023-04-30 14:12:51.220: epoch 72:	0.03118140  	0.12596001  	0.08799357  
2023-04-30 14:13:45.666: [iter 73 : loss : 0.1340 = 0.0181 + 0.1078 + 0.0075 + 0.0006, time: 54.428379]
2023-04-30 14:13:46.391: epoch 73:	0.03126968  	0.12637573  	0.08803418  
2023-04-30 14:13:46.392: Find a better model.
2023-04-30 14:14:40.998: [iter 74 : loss : 0.1321 = 0.0177 + 0.1062 + 0.0077 + 0.0006, time: 54.587948]
2023-04-30 14:14:41.764: epoch 74:	0.03138952  	0.12667385  	0.08847049  
2023-04-30 14:14:41.764: Find a better model.
2023-04-30 14:15:36.398: [iter 75 : loss : 0.1310 = 0.0181 + 0.1046 + 0.0078 + 0.0005, time: 54.617474]
2023-04-30 14:15:37.149: epoch 75:	0.03147782  	0.12695219  	0.08862358  
2023-04-30 14:15:37.149: Find a better model.
2023-04-30 14:16:31.767: [iter 76 : loss : 0.1298 = 0.0182 + 0.1032 + 0.0079 + 0.0005, time: 54.606725]
2023-04-30 14:16:32.513: epoch 76:	0.03159765  	0.12759306  	0.08885530  
2023-04-30 14:16:32.513: Find a better model.
2023-04-30 14:17:27.099: [iter 77 : loss : 0.1279 = 0.0174 + 0.1020 + 0.0080 + 0.0005, time: 54.564956]
2023-04-30 14:17:27.842: epoch 77:	0.03171747  	0.12803917  	0.08913041  
2023-04-30 14:17:27.842: Find a better model.
2023-04-30 14:18:22.490: [iter 78 : loss : 0.1260 = 0.0169 + 0.1005 + 0.0081 + 0.0005, time: 54.634180]
2023-04-30 14:18:23.248: epoch 78:	0.03183100  	0.12852590  	0.08951419  
2023-04-30 14:18:23.248: Find a better model.
2023-04-30 14:19:17.756: [iter 79 : loss : 0.1242 = 0.0164 + 0.0990 + 0.0082 + 0.0005, time: 54.482214]
2023-04-30 14:19:18.498: epoch 79:	0.03187516  	0.12859745  	0.08961360  
2023-04-30 14:19:18.498: Find a better model.
2023-04-30 14:20:13.294: [iter 80 : loss : 0.1232 = 0.0165 + 0.0978 + 0.0083 + 0.0005, time: 54.779218]
2023-04-30 14:20:14.048: epoch 80:	0.03206436  	0.12945521  	0.09022682  
2023-04-30 14:20:14.049: Find a better model.
2023-04-30 14:21:08.644: [iter 81 : loss : 0.1222 = 0.0167 + 0.0966 + 0.0084 + 0.0005, time: 54.578324]
2023-04-30 14:21:09.393: epoch 81:	0.03219049  	0.13000301  	0.09058591  
2023-04-30 14:21:09.393: Find a better model.
2023-04-30 14:22:04.075: [iter 82 : loss : 0.1209 = 0.0165 + 0.0953 + 0.0085 + 0.0005, time: 54.665084]
2023-04-30 14:22:04.823: epoch 82:	0.03232924  	0.13072604  	0.09090627  
2023-04-30 14:22:04.823: Find a better model.
2023-04-30 14:22:59.539: [iter 83 : loss : 0.1190 = 0.0158 + 0.0941 + 0.0087 + 0.0005, time: 54.699584]
2023-04-30 14:23:00.295: epoch 83:	0.03239232  	0.13062249  	0.09110280  
2023-04-30 14:23:54.972: [iter 84 : loss : 0.1183 = 0.0161 + 0.0929 + 0.0088 + 0.0005, time: 54.658369]
2023-04-30 14:23:55.735: epoch 84:	0.03241124  	0.13067688  	0.09103953  
2023-04-30 14:24:50.327: [iter 85 : loss : 0.1165 = 0.0155 + 0.0917 + 0.0089 + 0.0005, time: 54.578343]
2023-04-30 14:24:51.059: epoch 85:	0.03235448  	0.13043997  	0.09089796  
2023-04-30 14:25:45.866: [iter 86 : loss : 0.1156 = 0.0156 + 0.0905 + 0.0090 + 0.0005, time: 54.788984]
2023-04-30 14:25:46.603: epoch 86:	0.03244276  	0.13080120  	0.09117582  
2023-04-30 14:25:46.603: Find a better model.
2023-04-30 14:26:41.221: [iter 87 : loss : 0.1142 = 0.0153 + 0.0893 + 0.0091 + 0.0005, time: 54.597495]
2023-04-30 14:26:41.966: epoch 87:	0.03256888  	0.13127014  	0.09148689  
2023-04-30 14:26:41.966: Find a better model.
2023-04-30 14:27:36.679: [iter 88 : loss : 0.1131 = 0.0154 + 0.0881 + 0.0092 + 0.0005, time: 54.695029]
2023-04-30 14:27:37.423: epoch 88:	0.03261303  	0.13163051  	0.09161656  
2023-04-30 14:27:37.423: Find a better model.
2023-04-30 14:28:32.087: [iter 89 : loss : 0.1114 = 0.0147 + 0.0870 + 0.0093 + 0.0005, time: 54.646820]
2023-04-30 14:28:32.865: epoch 89:	0.03260674  	0.13168140  	0.09160907  
2023-04-30 14:28:32.865: Find a better model.
2023-04-30 14:29:27.514: [iter 90 : loss : 0.1108 = 0.0150 + 0.0860 + 0.0094 + 0.0004, time: 54.631525]
2023-04-30 14:29:28.268: epoch 90:	0.03256890  	0.13147706  	0.09178025  
2023-04-30 14:30:22.917: [iter 91 : loss : 0.1095 = 0.0145 + 0.0850 + 0.0095 + 0.0004, time: 54.629896]
2023-04-30 14:30:23.668: epoch 91:	0.03268871  	0.13166073  	0.09188289  
2023-04-30 14:31:18.250: [iter 92 : loss : 0.1080 = 0.0142 + 0.0838 + 0.0096 + 0.0004, time: 54.565859]
2023-04-30 14:31:19.006: epoch 92:	0.03272024  	0.13190143  	0.09199231  
2023-04-30 14:31:19.006: Find a better model.
2023-04-30 14:32:13.651: [iter 93 : loss : 0.1068 = 0.0138 + 0.0828 + 0.0097 + 0.0004, time: 54.629780]
2023-04-30 14:32:14.398: epoch 93:	0.03271393  	0.13192746  	0.09192218  
2023-04-30 14:32:14.398: Find a better model.
2023-04-30 14:33:09.075: [iter 94 : loss : 0.1063 = 0.0144 + 0.0817 + 0.0098 + 0.0004, time: 54.660783]
2023-04-30 14:33:09.831: epoch 94:	0.03277700  	0.13224904  	0.09201262  
2023-04-30 14:33:09.831: Find a better model.
2023-04-30 14:34:04.354: [iter 95 : loss : 0.1054 = 0.0144 + 0.0807 + 0.0099 + 0.0004, time: 54.503633]
2023-04-30 14:34:05.098: epoch 95:	0.03280853  	0.13244125  	0.09230863  
2023-04-30 14:34:05.098: Find a better model.
2023-04-30 14:34:59.827: [iter 96 : loss : 0.1038 = 0.0137 + 0.0797 + 0.0100 + 0.0004, time: 54.706910]
2023-04-30 14:35:00.578: epoch 96:	0.03282744  	0.13254105  	0.09237370  
2023-04-30 14:35:00.578: Find a better model.
2023-04-30 14:35:55.263: [iter 97 : loss : 0.1031 = 0.0137 + 0.0788 + 0.0101 + 0.0004, time: 54.667735]
2023-04-30 14:35:56.011: epoch 97:	0.03278961  	0.13220365  	0.09241316  
2023-04-30 14:36:50.502: [iter 98 : loss : 0.1029 = 0.0143 + 0.0779 + 0.0102 + 0.0004, time: 54.471047]
2023-04-30 14:36:51.237: epoch 98:	0.03294096  	0.13292195  	0.09264276  
2023-04-30 14:36:51.237: Find a better model.
2023-04-30 14:37:45.852: [iter 99 : loss : 0.1006 = 0.0130 + 0.0768 + 0.0104 + 0.0004, time: 54.590808]
2023-04-30 14:37:46.577: epoch 99:	0.03294096  	0.13311802  	0.09288815  
2023-04-30 14:37:46.577: Find a better model.
2023-04-30 14:38:41.230: [iter 100 : loss : 0.1006 = 0.0139 + 0.0759 + 0.0105 + 0.0004, time: 54.635831]
2023-04-30 14:38:41.971: epoch 100:	0.03285899  	0.13257609  	0.09280892  
2023-04-30 14:39:36.789: [iter 101 : loss : 0.0998 = 0.0139 + 0.0750 + 0.0106 + 0.0004, time: 54.803050]
2023-04-30 14:39:37.537: epoch 101:	0.03284005  	0.13236646  	0.09272210  
2023-04-30 14:40:32.364: [iter 102 : loss : 0.0991 = 0.0139 + 0.0741 + 0.0107 + 0.0004, time: 54.804787]
2023-04-30 14:40:33.114: epoch 102:	0.03300399  	0.13280535  	0.09301021  
2023-04-30 14:41:27.817: [iter 103 : loss : 0.0975 = 0.0132 + 0.0732 + 0.0108 + 0.0004, time: 54.688461]
2023-04-30 14:41:28.568: epoch 103:	0.03296617  	0.13280353  	0.09304301  
2023-04-30 14:42:23.001: [iter 104 : loss : 0.0968 = 0.0131 + 0.0725 + 0.0108 + 0.0004, time: 54.416416]
2023-04-30 14:42:23.747: epoch 104:	0.03298509  	0.13272683  	0.09286822  
2023-04-30 14:43:18.401: [iter 105 : loss : 0.0952 = 0.0124 + 0.0715 + 0.0110 + 0.0004, time: 54.638822]
2023-04-30 14:43:19.136: epoch 105:	0.03292833  	0.13257754  	0.09310678  
2023-04-30 14:44:11.145: [iter 106 : loss : 0.0954 = 0.0133 + 0.0706 + 0.0110 + 0.0004, time: 51.994267]
2023-04-30 14:44:11.895: epoch 106:	0.03295987  	0.13290286  	0.09317593  
2023-04-30 14:45:06.570: [iter 107 : loss : 0.0939 = 0.0125 + 0.0698 + 0.0111 + 0.0004, time: 54.659371]
2023-04-30 14:45:07.317: epoch 107:	0.03294726  	0.13301675  	0.09320658  
2023-04-30 14:46:01.867: [iter 108 : loss : 0.0933 = 0.0127 + 0.0691 + 0.0113 + 0.0004, time: 54.533767]
2023-04-30 14:46:02.613: epoch 108:	0.03301032  	0.13340470  	0.09344456  
2023-04-30 14:46:02.613: Find a better model.
2023-04-30 14:46:57.267: [iter 109 : loss : 0.0929 = 0.0130 + 0.0683 + 0.0113 + 0.0004, time: 54.638935]
2023-04-30 14:46:58.011: epoch 109:	0.03314907  	0.13367377  	0.09352463  
2023-04-30 14:46:58.011: Find a better model.
2023-04-30 14:47:52.719: [iter 110 : loss : 0.0919 = 0.0127 + 0.0675 + 0.0114 + 0.0003, time: 54.691679]
2023-04-30 14:47:53.457: epoch 110:	0.03314905  	0.13360175  	0.09363113  
2023-04-30 14:48:48.043: [iter 111 : loss : 0.0903 = 0.0118 + 0.0666 + 0.0115 + 0.0003, time: 54.572824]
2023-04-30 14:48:48.807: epoch 111:	0.03318059  	0.13381784  	0.09386303  
2023-04-30 14:48:48.807: Find a better model.
2023-04-30 14:49:43.491: [iter 112 : loss : 0.0903 = 0.0124 + 0.0659 + 0.0116 + 0.0003, time: 54.660768]
2023-04-30 14:49:44.255: epoch 112:	0.03317428  	0.13380647  	0.09382122  
2023-04-30 14:50:38.915: [iter 113 : loss : 0.0896 = 0.0123 + 0.0652 + 0.0117 + 0.0003, time: 54.641198]
2023-04-30 14:50:39.665: epoch 113:	0.03316166  	0.13386410  	0.09385943  
2023-04-30 14:50:39.665: Find a better model.
2023-04-30 14:51:34.410: [iter 114 : loss : 0.0883 = 0.0118 + 0.0644 + 0.0118 + 0.0003, time: 54.726497]
2023-04-30 14:51:35.158: epoch 114:	0.03319950  	0.13375147  	0.09391972  
2023-04-30 14:52:29.894: [iter 115 : loss : 0.0877 = 0.0120 + 0.0635 + 0.0119 + 0.0003, time: 54.712879]
2023-04-30 14:52:30.618: epoch 115:	0.03322473  	0.13382900  	0.09379476  
2023-04-30 14:53:24.182: [iter 116 : loss : 0.0875 = 0.0124 + 0.0628 + 0.0120 + 0.0003, time: 53.547871]
2023-04-30 14:53:24.957: epoch 116:	0.03334455  	0.13423508  	0.09396141  
2023-04-30 14:53:24.957: Find a better model.
2023-04-30 14:54:19.874: [iter 117 : loss : 0.0865 = 0.0119 + 0.0622 + 0.0121 + 0.0003, time: 54.899563]
2023-04-30 14:54:20.616: epoch 117:	0.03328149  	0.13399206  	0.09393979  
2023-04-30 14:55:15.026: [iter 118 : loss : 0.0857 = 0.0116 + 0.0615 + 0.0122 + 0.0003, time: 54.385839]
2023-04-30 14:55:15.769: epoch 118:	0.03330672  	0.13406491  	0.09399664  
2023-04-30 14:56:10.376: [iter 119 : loss : 0.0850 = 0.0118 + 0.0607 + 0.0123 + 0.0003, time: 54.590284]
2023-04-30 14:56:11.148: epoch 119:	0.03316167  	0.13312361  	0.09373066  
2023-04-30 14:57:05.899: [iter 120 : loss : 0.0842 = 0.0116 + 0.0600 + 0.0124 + 0.0003, time: 54.731111]
2023-04-30 14:57:06.650: epoch 120:	0.03323105  	0.13340218  	0.09374896  
2023-04-30 14:58:01.251: [iter 121 : loss : 0.0837 = 0.0116 + 0.0594 + 0.0125 + 0.0003, time: 54.584770]
2023-04-30 14:58:01.996: epoch 121:	0.03323104  	0.13354266  	0.09384865  
2023-04-30 14:58:56.599: [iter 122 : loss : 0.0829 = 0.0114 + 0.0587 + 0.0126 + 0.0003, time: 54.586443]
2023-04-30 14:58:57.361: epoch 122:	0.03325627  	0.13388169  	0.09399693  
2023-04-30 14:59:52.117: [iter 123 : loss : 0.0820 = 0.0110 + 0.0580 + 0.0127 + 0.0003, time: 54.734610]
2023-04-30 14:59:52.885: epoch 123:	0.03308601  	0.13334893  	0.09375118  
2023-04-30 15:00:47.545: [iter 124 : loss : 0.0814 = 0.0109 + 0.0574 + 0.0128 + 0.0003, time: 54.641964]
2023-04-30 15:00:48.313: epoch 124:	0.03310492  	0.13342607  	0.09382273  
2023-04-30 15:01:42.968: [iter 125 : loss : 0.0815 = 0.0116 + 0.0568 + 0.0129 + 0.0003, time: 54.637868]
2023-04-30 15:01:43.718: epoch 125:	0.03313646  	0.13365379  	0.09387495  
2023-04-30 15:02:38.387: [iter 126 : loss : 0.0808 = 0.0115 + 0.0561 + 0.0129 + 0.0003, time: 54.653270]
2023-04-30 15:02:39.129: epoch 126:	0.03326258  	0.13420063  	0.09408139  
2023-04-30 15:02:39.129: Early stopping is trigger at epoch: 126
2023-04-30 15:02:39.130: best_result@epoch 116:

2023-04-30 15:02:39.130: 		0.0333      	0.1342      	0.0940      
