2023-04-29 17:09:57.797: my pid: 13057
2023-04-29 17:09:57.797: model: model.general_recommender.GNNEC
2023-04-29 17:09:57.797: Dataset statistics:
Name: amazon-book
The number of users: 7928
The number of items: 29346
The number of ratings: 460224
Average actions of users: 58.05
Average actions of items: 15.68
The sparsity of the dataset: 99.802186%

The number of training: 417417
The number of validation: 0
The number of testing: 42807
2023-04-29 17:09:57.797: NeuRec:[NeuRec]:
recommender=GNNEC
dataset=amazon-book
file_column=UI
sep=','
gpu_id=0
gpu_mem=0.99
metric=["Precision", "Recall", "NDCG"]
top_k=[20]
test_thread=8
test_batch_size=128
seed=2021
start_testing_epoch=0

GNNEC:[hyperparameters]:
mf_reg=1e-4
svd_q=5
aug_type=ND
reg=1e-4
embed_size=64
n_layers=2
ssl_reg=0.02
ssl_ratio=0.5
ssl_temp=0.8
ssl_mode=both_side
lr=1e-3
learner=adam
adj_type=pre
epochs=200
batch_size=2048
num_negatives=1
param_init=xavier_uniform
stddev=0.01
verbose=1
stop_cnt=10
pretrain_flag=0
save_flag=0

Command line:
recommender=GNNEC
dataset=amazon-book
epochs=200
n_layers=2
embed_size=64
batch_size=2048
lr=1e-3
aug_type=ND
reg=1e-4
ssl_reg=0.02
ssl_ratio=0.5
ssl_temp=0.8
mf_reg=1e-4
svd_q=5
2023-04-29 17:10:08.424: metrics:	Precision@20	Recall@20   	NDCG@20     
2023-04-29 17:11:37.162: [iter 1 : loss : 0.9261 = 0.5592 + 0.3650 + 0.0001 + 0.0018, time: 88.737046]
2023-04-29 17:11:38.161: epoch 1:	0.00932137  	0.03529648  	0.02357606  
2023-04-29 17:11:38.161: Find a better model.
2023-04-29 17:13:05.521: [iter 2 : loss : 0.6495 = 0.3051 + 0.3424 + 0.0003 + 0.0017, time: 87.338254]
2023-04-29 17:13:06.484: epoch 2:	0.01012236  	0.03900507  	0.02592614  
2023-04-29 17:13:06.484: Find a better model.
2023-04-29 17:14:34.446: [iter 3 : loss : 0.5706 = 0.2352 + 0.3333 + 0.0004 + 0.0017, time: 87.939924]
2023-04-29 17:14:35.418: epoch 3:	0.01070261  	0.04132550  	0.02765875  
2023-04-29 17:14:35.418: Find a better model.
2023-04-29 17:16:05.505: [iter 4 : loss : 0.5312 = 0.2020 + 0.3270 + 0.0005 + 0.0017, time: 90.067183]
2023-04-29 17:16:06.475: epoch 4:	0.01125132  	0.04356121  	0.02945889  
2023-04-29 17:16:06.476: Find a better model.
2023-04-29 17:17:33.976: [iter 5 : loss : 0.5037 = 0.1795 + 0.3220 + 0.0006 + 0.0016, time: 87.475800]
2023-04-29 17:17:34.866: epoch 5:	0.01171804  	0.04547897  	0.03060319  
2023-04-29 17:17:34.866: Find a better model.
2023-04-29 17:19:02.475: [iter 6 : loss : 0.4840 = 0.1637 + 0.3180 + 0.0007 + 0.0016, time: 87.586926]
2023-04-29 17:19:03.417: epoch 6:	0.01217845  	0.04719628  	0.03201646  
2023-04-29 17:19:03.418: Find a better model.
2023-04-29 17:20:33.059: [iter 7 : loss : 0.4675 = 0.1507 + 0.3144 + 0.0008 + 0.0016, time: 89.620340]
2023-04-29 17:20:34.122: epoch 7:	0.01272085  	0.04926161  	0.03339219  
2023-04-29 17:20:34.122: Find a better model.
2023-04-29 17:22:01.716: [iter 8 : loss : 0.4544 = 0.1408 + 0.3112 + 0.0008 + 0.0016, time: 87.560194]
2023-04-29 17:22:02.836: epoch 8:	0.01312450  	0.05083520  	0.03461821  
2023-04-29 17:22:02.836: Find a better model.
2023-04-29 17:23:29.970: [iter 9 : loss : 0.4429 = 0.1320 + 0.3084 + 0.0009 + 0.0016, time: 87.108195]
2023-04-29 17:23:31.003: epoch 9:	0.01351553  	0.05245719  	0.03572298  
2023-04-29 17:23:31.003: Find a better model.
2023-04-29 17:24:58.578: [iter 10 : loss : 0.4330 = 0.1248 + 0.3057 + 0.0010 + 0.0016, time: 87.554117]
2023-04-29 17:24:59.545: epoch 10:	0.01383088  	0.05353826  	0.03657046  
2023-04-29 17:24:59.545: Find a better model.
2023-04-29 17:26:27.871: [iter 11 : loss : 0.4240 = 0.1182 + 0.3032 + 0.0010 + 0.0016, time: 88.305713]
2023-04-29 17:26:28.832: epoch 11:	0.01410208  	0.05460257  	0.03733281  
2023-04-29 17:26:28.833: Find a better model.
2023-04-29 17:27:57.954: [iter 12 : loss : 0.4161 = 0.1126 + 0.3009 + 0.0011 + 0.0015, time: 89.097945]
2023-04-29 17:27:58.911: epoch 12:	0.01441112  	0.05588942  	0.03800294  
2023-04-29 17:27:58.911: Find a better model.
2023-04-29 17:29:26.982: [iter 13 : loss : 0.4091 = 0.1078 + 0.2987 + 0.0011 + 0.0015, time: 88.045195]
2023-04-29 17:29:27.945: epoch 13:	0.01470755  	0.05738667  	0.03889303  
2023-04-29 17:29:27.945: Find a better model.
2023-04-29 17:30:54.992: [iter 14 : loss : 0.4025 = 0.1032 + 0.2966 + 0.0012 + 0.0015, time: 87.023499]
2023-04-29 17:30:56.077: epoch 14:	0.01507335  	0.05898122  	0.03991571  
2023-04-29 17:30:56.078: Find a better model.
2023-04-29 17:32:26.173: [iter 15 : loss : 0.3958 = 0.0985 + 0.2946 + 0.0013 + 0.0015, time: 90.073328]
2023-04-29 17:32:27.127: epoch 15:	0.01545806  	0.06032906  	0.04090266  
2023-04-29 17:32:27.127: Find a better model.
2023-04-29 17:33:54.275: [iter 16 : loss : 0.3905 = 0.0951 + 0.2925 + 0.0013 + 0.0015, time: 87.126800]
2023-04-29 17:33:55.257: epoch 16:	0.01575450  	0.06174097  	0.04186057  
2023-04-29 17:33:55.257: Find a better model.
2023-04-29 17:35:22.518: [iter 17 : loss : 0.3848 = 0.0914 + 0.2905 + 0.0014 + 0.0015, time: 87.234101]
2023-04-29 17:35:23.452: epoch 17:	0.01605723  	0.06301598  	0.04266494  
2023-04-29 17:35:23.452: Find a better model.
2023-04-29 17:36:52.465: [iter 18 : loss : 0.3804 = 0.0889 + 0.2887 + 0.0014 + 0.0015, time: 88.986277]
2023-04-29 17:36:53.465: epoch 18:	0.01634735  	0.06422790  	0.04330721  
2023-04-29 17:36:53.471: Find a better model.
2023-04-29 17:38:20.977: [iter 19 : loss : 0.3749 = 0.0851 + 0.2868 + 0.0015 + 0.0015, time: 87.481168]
2023-04-29 17:38:21.953: epoch 19:	0.01667532  	0.06544545  	0.04426923  
2023-04-29 17:38:21.953: Find a better model.
2023-04-29 17:39:52.235: [iter 20 : loss : 0.3697 = 0.0816 + 0.2850 + 0.0016 + 0.0015, time: 90.261577]
2023-04-29 17:39:53.216: epoch 20:	0.01683930  	0.06625126  	0.04483036  
2023-04-29 17:39:53.217: Find a better model.
2023-04-29 17:41:17.806: [iter 21 : loss : 0.3666 = 0.0803 + 0.2832 + 0.0016 + 0.0015, time: 84.566911]
2023-04-29 17:41:18.768: epoch 21:	0.01714204  	0.06740776  	0.04558984  
2023-04-29 17:41:18.769: Find a better model.
2023-04-29 17:42:45.915: [iter 22 : loss : 0.3617 = 0.0772 + 0.2814 + 0.0017 + 0.0014, time: 87.123305]
2023-04-29 17:42:46.887: epoch 22:	0.01739433  	0.06855015  	0.04658845  
2023-04-29 17:42:46.887: Find a better model.
2023-04-29 17:44:14.901: [iter 23 : loss : 0.3583 = 0.0753 + 0.2798 + 0.0017 + 0.0014, time: 87.993334]
2023-04-29 17:44:15.802: epoch 23:	0.01774120  	0.06956792  	0.04726322  
2023-04-29 17:44:15.808: Find a better model.
2023-04-29 17:45:41.899: [iter 24 : loss : 0.3545 = 0.0731 + 0.2782 + 0.0018 + 0.0014, time: 86.073725]
2023-04-29 17:45:42.861: epoch 24:	0.01804395  	0.07119546  	0.04821265  
2023-04-29 17:45:42.861: Find a better model.
2023-04-29 17:47:10.394: [iter 25 : loss : 0.3496 = 0.0698 + 0.2765 + 0.0019 + 0.0014, time: 87.518007]
2023-04-29 17:47:11.333: epoch 25:	0.01836560  	0.07232336  	0.04905491  
2023-04-29 17:47:11.334: Find a better model.
2023-04-29 17:48:40.695: [iter 26 : loss : 0.3461 = 0.0679 + 0.2749 + 0.0019 + 0.0014, time: 89.335747]
2023-04-29 17:48:41.672: epoch 26:	0.01858004  	0.07350553  	0.04992126  
2023-04-29 17:48:41.678: Find a better model.
2023-04-29 17:50:09.049: [iter 27 : loss : 0.3432 = 0.0665 + 0.2733 + 0.0020 + 0.0014, time: 87.343176]
2023-04-29 17:50:09.932: epoch 27:	0.01897738  	0.07511681  	0.05077320  
2023-04-29 17:50:09.933: Find a better model.
2023-04-29 17:51:37.502: [iter 28 : loss : 0.3396 = 0.0644 + 0.2717 + 0.0021 + 0.0014, time: 87.547274]
2023-04-29 17:51:38.475: epoch 28:	0.01905306  	0.07521631  	0.05111625  
2023-04-29 17:51:38.475: Find a better model.
2023-04-29 17:53:07.918: [iter 29 : loss : 0.3370 = 0.0633 + 0.2701 + 0.0021 + 0.0014, time: 89.420977]
2023-04-29 17:53:08.868: epoch 29:	0.01930535  	0.07661171  	0.05188828  
2023-04-29 17:53:08.868: Find a better model.
2023-04-29 17:54:36.410: [iter 30 : loss : 0.3338 = 0.0616 + 0.2686 + 0.0022 + 0.0014, time: 87.522639]
2023-04-29 17:54:37.344: epoch 30:	0.01958286  	0.07752200  	0.05261771  
2023-04-29 17:54:37.344: Find a better model.
2023-04-29 17:56:06.502: [iter 31 : loss : 0.3301 = 0.0593 + 0.2671 + 0.0023 + 0.0014, time: 89.139480]
2023-04-29 17:56:07.448: epoch 31:	0.01989821  	0.07888176  	0.05341158  
2023-04-29 17:56:07.449: Find a better model.
2023-04-29 17:57:34.660: [iter 32 : loss : 0.3287 = 0.0595 + 0.2656 + 0.0023 + 0.0014, time: 87.195384]
2023-04-29 17:57:35.556: epoch 32:	0.02020724  	0.08020934  	0.05422938  
2023-04-29 17:57:35.556: Find a better model.
2023-04-29 17:58:58.175: [iter 33 : loss : 0.3241 = 0.0562 + 0.2641 + 0.0024 + 0.0014, time: 82.596305]
2023-04-29 17:58:59.046: epoch 33:	0.02059197  	0.08185730  	0.05506813  
2023-04-29 17:58:59.046: Find a better model.
2023-04-29 18:00:28.519: [iter 34 : loss : 0.3226 = 0.0563 + 0.2625 + 0.0025 + 0.0013, time: 89.456520]
2023-04-29 18:00:29.464: epoch 34:	0.02069918  	0.08222477  	0.05560762  
2023-04-29 18:00:29.465: Find a better model.
2023-04-29 18:01:56.772: [iter 35 : loss : 0.3193 = 0.0542 + 0.2612 + 0.0025 + 0.0013, time: 87.287327]
2023-04-29 18:01:57.701: epoch 35:	0.02091992  	0.08320086  	0.05639668  
2023-04-29 18:01:57.707: Find a better model.
2023-04-29 18:03:24.920: [iter 36 : loss : 0.3171 = 0.0533 + 0.2598 + 0.0026 + 0.0013, time: 87.187191]
2023-04-29 18:03:25.890: epoch 36:	0.02117221  	0.08414973  	0.05700704  
2023-04-29 18:03:25.890: Find a better model.
2023-04-29 18:04:55.554: [iter 37 : loss : 0.3142 = 0.0519 + 0.2583 + 0.0027 + 0.0013, time: 89.644999]
2023-04-29 18:04:56.516: epoch 37:	0.02133618  	0.08472783  	0.05755007  
2023-04-29 18:04:56.522: Find a better model.
2023-04-29 18:06:23.836: [iter 38 : loss : 0.3118 = 0.0508 + 0.2569 + 0.0027 + 0.0013, time: 87.295627]
2023-04-29 18:06:24.768: epoch 38:	0.02155062  	0.08576725  	0.05829533  
2023-04-29 18:06:24.768: Find a better model.
2023-04-29 18:07:52.290: [iter 39 : loss : 0.3094 = 0.0498 + 0.2554 + 0.0028 + 0.0013, time: 87.498529]
2023-04-29 18:07:53.237: epoch 39:	0.02184074  	0.08677761  	0.05884590  
2023-04-29 18:07:53.237: Find a better model.
2023-04-29 18:09:21.478: [iter 40 : loss : 0.3075 = 0.0494 + 0.2539 + 0.0029 + 0.0013, time: 88.221049]
2023-04-29 18:09:22.451: epoch 40:	0.02202995  	0.08792000  	0.05950444  
2023-04-29 18:09:22.451: Find a better model.
2023-04-29 18:10:50.007: [iter 41 : loss : 0.3048 = 0.0479 + 0.2526 + 0.0029 + 0.0013, time: 87.539958]
2023-04-29 18:10:50.878: epoch 41:	0.02220655  	0.08849781  	0.06001875  
2023-04-29 18:10:50.879: Find a better model.
2023-04-29 18:12:19.065: [iter 42 : loss : 0.3029 = 0.0472 + 0.2514 + 0.0030 + 0.0013, time: 88.161225]
2023-04-29 18:12:20.046: epoch 42:	0.02232638  	0.08903655  	0.06028615  
2023-04-29 18:12:20.046: Find a better model.
2023-04-29 18:13:43.759: [iter 43 : loss : 0.3007 = 0.0464 + 0.2499 + 0.0031 + 0.0013, time: 83.692153]
2023-04-29 18:13:44.687: epoch 43:	0.02255343  	0.08988374  	0.06087251  
2023-04-29 18:13:44.687: Find a better model.
2023-04-29 18:15:11.772: [iter 44 : loss : 0.2984 = 0.0454 + 0.2486 + 0.0032 + 0.0013, time: 87.060444]
2023-04-29 18:15:12.705: epoch 44:	0.02273633  	0.09046910  	0.06133830  
2023-04-29 18:15:12.705: Find a better model.
2023-04-29 18:16:43.895: [iter 45 : loss : 0.2962 = 0.0445 + 0.2473 + 0.0032 + 0.0013, time: 91.169838]
2023-04-29 18:16:44.923: epoch 45:	0.02291924  	0.09137550  	0.06191851  
2023-04-29 18:16:44.923: Find a better model.
2023-04-29 18:18:10.013: [iter 46 : loss : 0.2942 = 0.0437 + 0.2459 + 0.0033 + 0.0013, time: 85.069943]
2023-04-29 18:18:10.957: epoch 46:	0.02311475  	0.09214814  	0.06255288  
2023-04-29 18:18:10.957: Find a better model.
2023-04-29 18:19:33.027: [iter 47 : loss : 0.2927 = 0.0435 + 0.2446 + 0.0034 + 0.0013, time: 82.047151]
2023-04-29 18:19:33.984: epoch 47:	0.02329134  	0.09288097  	0.06315447  
2023-04-29 18:19:33.984: Find a better model.
2023-04-29 18:20:54.806: [iter 48 : loss : 0.2903 = 0.0423 + 0.2433 + 0.0035 + 0.0013, time: 80.803925]
2023-04-29 18:20:55.761: epoch 48:	0.02357516  	0.09393966  	0.06357632  
2023-04-29 18:20:55.762: Find a better model.
2023-04-29 18:22:14.707: [iter 49 : loss : 0.2886 = 0.0418 + 0.2421 + 0.0035 + 0.0012, time: 78.921384]
2023-04-29 18:22:15.712: epoch 49:	0.02371391  	0.09446047  	0.06397524  
2023-04-29 18:22:15.712: Find a better model.
2023-04-29 18:23:34.342: [iter 50 : loss : 0.2866 = 0.0411 + 0.2407 + 0.0036 + 0.0012, time: 78.607656]
2023-04-29 18:23:35.274: epoch 50:	0.02373914  	0.09463714  	0.06433757  
2023-04-29 18:23:35.275: Find a better model.
2023-04-29 18:25:03.874: [iter 51 : loss : 0.2839 = 0.0396 + 0.2394 + 0.0037 + 0.0012, time: 88.571415]
2023-04-29 18:25:04.814: epoch 51:	0.02380221  	0.09503207  	0.06453171  
2023-04-29 18:25:04.815: Find a better model.
2023-04-29 18:26:31.551: [iter 52 : loss : 0.2829 = 0.0397 + 0.2382 + 0.0038 + 0.0012, time: 86.712394]
2023-04-29 18:26:32.500: epoch 52:	0.02401034  	0.09597138  	0.06525896  
2023-04-29 18:26:32.506: Find a better model.
2023-04-29 18:28:00.303: [iter 53 : loss : 0.2811 = 0.0391 + 0.2369 + 0.0038 + 0.0012, time: 87.774855]
2023-04-29 18:28:01.305: epoch 53:	0.02418062  	0.09704154  	0.06574621  
2023-04-29 18:28:01.305: Find a better model.
2023-04-29 18:29:29.726: [iter 54 : loss : 0.2793 = 0.0385 + 0.2356 + 0.0039 + 0.0012, time: 88.396887]
2023-04-29 18:29:30.711: epoch 54:	0.02437613  	0.09757938  	0.06648736  
2023-04-29 18:29:30.711: Find a better model.
2023-04-29 18:30:55.500: [iter 55 : loss : 0.2773 = 0.0377 + 0.2343 + 0.0040 + 0.0012, time: 84.769419]
2023-04-29 18:30:56.392: epoch 55:	0.02450858  	0.09822515  	0.06684041  
2023-04-29 18:30:56.392: Find a better model.
2023-04-29 18:32:23.573: [iter 56 : loss : 0.2753 = 0.0369 + 0.2331 + 0.0041 + 0.0012, time: 87.158630]
2023-04-29 18:32:24.509: epoch 56:	0.02470410  	0.09888329  	0.06735711  
2023-04-29 18:32:24.509: Find a better model.
2023-04-29 18:33:51.809: [iter 57 : loss : 0.2741 = 0.0369 + 0.2319 + 0.0042 + 0.0012, time: 87.270892]
2023-04-29 18:33:52.762: epoch 57:	0.02488701  	0.09979121  	0.06762557  
2023-04-29 18:33:52.763: Find a better model.
2023-04-29 18:35:20.578: [iter 58 : loss : 0.2711 = 0.0352 + 0.2305 + 0.0042 + 0.0012, time: 87.796074]
2023-04-29 18:35:21.612: epoch 58:	0.02508253  	0.10045536  	0.06823599  
2023-04-29 18:35:21.613: Find a better model.
2023-04-29 18:36:51.208: [iter 59 : loss : 0.2700 = 0.0352 + 0.2293 + 0.0043 + 0.0012, time: 89.573703]
2023-04-29 18:36:52.200: epoch 59:	0.02511406  	0.10062024  	0.06841897  
2023-04-29 18:36:52.200: Find a better model.
2023-04-29 18:38:19.859: [iter 60 : loss : 0.2689 = 0.0353 + 0.2281 + 0.0044 + 0.0012, time: 87.633551]
2023-04-29 18:38:20.860: epoch 60:	0.02530328  	0.10165965  	0.06892125  
2023-04-29 18:38:20.860: Find a better model.
2023-04-29 18:39:48.127: [iter 61 : loss : 0.2663 = 0.0339 + 0.2268 + 0.0045 + 0.0012, time: 87.242631]
2023-04-29 18:39:49.063: epoch 61:	0.02554925  	0.10279883  	0.06964114  
2023-04-29 18:39:49.064: Find a better model.
2023-04-29 18:41:18.221: [iter 62 : loss : 0.2651 = 0.0338 + 0.2255 + 0.0046 + 0.0012, time: 89.134859]
2023-04-29 18:41:19.130: epoch 62:	0.02569432  	0.10360741  	0.07028043  
2023-04-29 18:41:19.131: Find a better model.
2023-04-29 18:42:44.960: [iter 63 : loss : 0.2642 = 0.0340 + 0.2244 + 0.0046 + 0.0012, time: 85.804034]
2023-04-29 18:42:45.919: epoch 63:	0.02585829  	0.10412921  	0.07060656  
2023-04-29 18:42:45.920: Find a better model.
2023-04-29 18:44:14.438: [iter 64 : loss : 0.2622 = 0.0331 + 0.2232 + 0.0047 + 0.0011, time: 88.498492]
2023-04-29 18:44:15.228: epoch 64:	0.02597813  	0.10464332  	0.07101145  
2023-04-29 18:44:15.228: Find a better model.
2023-04-29 18:45:44.558: [iter 65 : loss : 0.2600 = 0.0321 + 0.2219 + 0.0048 + 0.0011, time: 89.311186]
2023-04-29 18:45:45.515: epoch 65:	0.02612319  	0.10509996  	0.07132433  
2023-04-29 18:45:45.515: Find a better model.
2023-04-29 18:47:12.537: [iter 66 : loss : 0.2581 = 0.0312 + 0.2208 + 0.0049 + 0.0011, time: 87.004381]
2023-04-29 18:47:13.608: epoch 66:	0.02630610  	0.10605827  	0.07173983  
2023-04-29 18:47:13.609: Find a better model.
2023-04-29 18:48:42.089: [iter 67 : loss : 0.2574 = 0.0318 + 0.2195 + 0.0050 + 0.0011, time: 88.454471]
2023-04-29 18:48:43.008: epoch 67:	0.02632502  	0.10617477  	0.07209111  
2023-04-29 18:48:43.008: Find a better model.
2023-04-29 18:50:07.654: [iter 68 : loss : 0.2562 = 0.0317 + 0.2182 + 0.0051 + 0.0011, time: 84.622817]
2023-04-29 18:50:08.527: epoch 68:	0.02640071  	0.10668431  	0.07240256  
2023-04-29 18:50:08.528: Find a better model.
2023-04-29 18:51:35.719: [iter 69 : loss : 0.2549 = 0.0314 + 0.2172 + 0.0052 + 0.0011, time: 87.171095]
2023-04-29 18:51:36.724: epoch 69:	0.02657100  	0.10736192  	0.07287901  
2023-04-29 18:51:36.724: Find a better model.
2023-04-29 18:53:05.670: [iter 70 : loss : 0.2530 = 0.0307 + 0.2160 + 0.0052 + 0.0011, time: 88.921205]
2023-04-29 18:53:06.636: epoch 70:	0.02670975  	0.10810957  	0.07329566  
2023-04-29 18:53:06.636: Find a better model.
2023-04-29 18:54:34.067: [iter 71 : loss : 0.2506 = 0.0295 + 0.2147 + 0.0053 + 0.0011, time: 87.411857]
2023-04-29 18:54:35.078: epoch 71:	0.02688004  	0.10877931  	0.07394984  
2023-04-29 18:54:35.078: Find a better model.
2023-04-29 18:56:02.642: [iter 72 : loss : 0.2501 = 0.0301 + 0.2135 + 0.0054 + 0.0011, time: 87.540364]
2023-04-29 18:56:03.625: epoch 72:	0.02694942  	0.10880227  	0.07412305  
2023-04-29 18:56:03.625: Find a better model.
2023-04-29 18:57:32.976: [iter 73 : loss : 0.2479 = 0.0288 + 0.2125 + 0.0055 + 0.0011, time: 89.328295]
2023-04-29 18:57:33.963: epoch 73:	0.02709448  	0.10940374  	0.07438748  
2023-04-29 18:57:33.963: Find a better model.
2023-04-29 18:59:01.752: [iter 74 : loss : 0.2468 = 0.0289 + 0.2112 + 0.0056 + 0.0011, time: 87.769709]
2023-04-29 18:59:02.778: epoch 74:	0.02715756  	0.10968690  	0.07455143  
2023-04-29 18:59:02.778: Find a better model.
2023-04-29 19:00:29.391: [iter 75 : loss : 0.2456 = 0.0289 + 0.2100 + 0.0057 + 0.0011, time: 86.592842]
2023-04-29 19:00:30.310: epoch 75:	0.02739722  	0.11061275  	0.07484248  
2023-04-29 19:00:30.310: Find a better model.
2023-04-29 19:01:59.898: [iter 76 : loss : 0.2450 = 0.0293 + 0.2088 + 0.0058 + 0.0011, time: 89.573688]
2023-04-29 19:02:00.917: epoch 76:	0.02728369  	0.11029448  	0.07493733  
2023-04-29 19:03:28.365: [iter 77 : loss : 0.2430 = 0.0283 + 0.2077 + 0.0059 + 0.0011, time: 87.425913]
2023-04-29 19:03:29.330: epoch 77:	0.02740352  	0.11091496  	0.07527991  
2023-04-29 19:03:29.330: Find a better model.
2023-04-29 19:04:59.209: [iter 78 : loss : 0.2409 = 0.0273 + 0.2066 + 0.0060 + 0.0011, time: 89.862792]
2023-04-29 19:05:00.219: epoch 78:	0.02743506  	0.11082637  	0.07526597  
2023-04-29 19:06:26.376: [iter 79 : loss : 0.2390 = 0.0266 + 0.2053 + 0.0061 + 0.0011, time: 86.137203]
2023-04-29 19:06:27.368: epoch 79:	0.02755489  	0.11134636  	0.07571828  
2023-04-29 19:06:27.369: Find a better model.
2023-04-29 19:07:53.725: [iter 80 : loss : 0.2384 = 0.0270 + 0.2042 + 0.0062 + 0.0010, time: 86.332912]
2023-04-29 19:07:54.693: epoch 80:	0.02766211  	0.11170377  	0.07612111  
2023-04-29 19:07:54.694: Find a better model.
2023-04-29 19:09:24.196: [iter 81 : loss : 0.2376 = 0.0273 + 0.2030 + 0.0063 + 0.0010, time: 89.480048]
2023-04-29 19:09:25.183: epoch 81:	0.02776933  	0.11227324  	0.07661705  
2023-04-29 19:09:25.184: Find a better model.
2023-04-29 19:10:52.318: [iter 82 : loss : 0.2363 = 0.0270 + 0.2019 + 0.0064 + 0.0010, time: 87.111890]
2023-04-29 19:10:53.314: epoch 82:	0.02783870  	0.11274716  	0.07696196  
2023-04-29 19:10:53.315: Find a better model.
2023-04-29 19:12:21.545: [iter 83 : loss : 0.2343 = 0.0260 + 0.2008 + 0.0065 + 0.0010, time: 88.208908]
2023-04-29 19:12:22.503: epoch 83:	0.02791439  	0.11319835  	0.07725757  
2023-04-29 19:12:22.503: Find a better model.
2023-04-29 19:13:52.225: [iter 84 : loss : 0.2331 = 0.0260 + 0.1996 + 0.0066 + 0.0010, time: 89.707028]
2023-04-29 19:13:53.219: epoch 84:	0.02807206  	0.11371927  	0.07769515  
2023-04-29 19:13:53.219: Find a better model.
2023-04-29 19:14:59.022: [iter 85 : loss : 0.2316 = 0.0254 + 0.1985 + 0.0067 + 0.0010, time: 65.782677]
2023-04-29 19:14:59.719: epoch 85:	0.02812252  	0.11372682  	0.07782602  
2023-04-29 19:14:59.719: Find a better model.
2023-04-29 19:15:54.410: [iter 86 : loss : 0.2311 = 0.0260 + 0.1974 + 0.0067 + 0.0010, time: 54.673450]
2023-04-29 19:15:55.124: epoch 86:	0.02826128  	0.11406559  	0.07818266  
2023-04-29 19:15:55.124: Find a better model.
2023-04-29 19:16:47.508: [iter 87 : loss : 0.2292 = 0.0252 + 0.1962 + 0.0068 + 0.0010, time: 52.364089]
2023-04-29 19:16:48.272: epoch 87:	0.02831804  	0.11439036  	0.07837893  
2023-04-29 19:16:48.272: Find a better model.
2023-04-29 19:17:43.113: [iter 88 : loss : 0.2282 = 0.0253 + 0.1950 + 0.0069 + 0.0010, time: 54.821337]
2023-04-29 19:17:43.836: epoch 88:	0.02846941  	0.11493456  	0.07873183  
2023-04-29 19:17:43.836: Find a better model.
2023-04-29 19:18:38.339: [iter 89 : loss : 0.2263 = 0.0243 + 0.1940 + 0.0070 + 0.0010, time: 54.482958]
2023-04-29 19:18:39.034: epoch 89:	0.02857032  	0.11547025  	0.07914858  
2023-04-29 19:18:39.034: Find a better model.
2023-04-29 19:19:33.643: [iter 90 : loss : 0.2257 = 0.0247 + 0.1929 + 0.0071 + 0.0010, time: 54.593193]
2023-04-29 19:19:34.336: epoch 90:	0.02869016  	0.11583725  	0.07949121  
2023-04-29 19:19:34.336: Find a better model.
2023-04-29 19:20:28.954: [iter 91 : loss : 0.2239 = 0.0239 + 0.1918 + 0.0072 + 0.0010, time: 54.597253]
2023-04-29 19:20:29.649: epoch 91:	0.02879108  	0.11655108  	0.07981714  
2023-04-29 19:20:29.649: Find a better model.
2023-04-29 19:21:24.303: [iter 92 : loss : 0.2226 = 0.0237 + 0.1906 + 0.0074 + 0.0010, time: 54.631954]
2023-04-29 19:21:24.991: epoch 92:	0.02886675  	0.11680090  	0.08004063  
2023-04-29 19:21:24.991: Find a better model.
2023-04-29 19:22:14.660: [iter 93 : loss : 0.2212 = 0.0233 + 0.1895 + 0.0075 + 0.0010, time: 49.650770]
2023-04-29 19:22:15.359: epoch 93:	0.02886045  	0.11691626  	0.08016016  
2023-04-29 19:22:15.359: Find a better model.
2023-04-29 19:23:09.882: [iter 94 : loss : 0.2205 = 0.0236 + 0.1884 + 0.0076 + 0.0010, time: 54.503423]
2023-04-29 19:23:10.560: epoch 94:	0.02894243  	0.11687417  	0.08030405  
2023-04-29 19:24:05.043: [iter 95 : loss : 0.2195 = 0.0235 + 0.1873 + 0.0077 + 0.0010, time: 54.462835]
2023-04-29 19:24:05.767: epoch 95:	0.02902442  	0.11739085  	0.08060744  
2023-04-29 19:24:05.767: Find a better model.
2023-04-29 19:25:00.388: [iter 96 : loss : 0.2178 = 0.0229 + 0.1862 + 0.0078 + 0.0010, time: 54.603881]
2023-04-29 19:25:01.114: epoch 96:	0.02917579  	0.11802836  	0.08096190  
2023-04-29 19:25:01.114: Find a better model.
2023-04-29 19:25:56.635: [iter 97 : loss : 0.2168 = 0.0228 + 0.1852 + 0.0079 + 0.0010, time: 55.500641]
2023-04-29 19:25:57.454: epoch 97:	0.02927670  	0.11819085  	0.08111139  
2023-04-29 19:25:57.454: Find a better model.
2023-04-29 19:26:50.498: [iter 98 : loss : 0.2165 = 0.0235 + 0.1840 + 0.0080 + 0.0009, time: 53.022288]
2023-04-29 19:26:51.275: epoch 98:	0.02930823  	0.11865161  	0.08141167  
2023-04-29 19:26:51.275: Find a better model.
2023-04-29 19:27:45.550: [iter 99 : loss : 0.2142 = 0.0222 + 0.1830 + 0.0081 + 0.0009, time: 54.255721]
2023-04-29 19:27:46.285: epoch 99:	0.02951636  	0.11949525  	0.08191976  
2023-04-29 19:27:46.286: Find a better model.
2023-04-29 19:28:41.562: [iter 100 : loss : 0.2142 = 0.0232 + 0.1819 + 0.0082 + 0.0009, time: 55.255625]
2023-04-29 19:28:42.402: epoch 100:	0.02952898  	0.11949430  	0.08213166  
2023-04-29 19:29:36.990: [iter 101 : loss : 0.2133 = 0.0232 + 0.1808 + 0.0083 + 0.0009, time: 54.569043]
2023-04-29 19:29:37.706: epoch 101:	0.02952266  	0.11942314  	0.08203052  
2023-04-29 19:30:32.950: [iter 102 : loss : 0.2124 = 0.0233 + 0.1798 + 0.0084 + 0.0009, time: 55.226477]
2023-04-29 19:30:33.643: epoch 102:	0.02959204  	0.11987608  	0.08231095  
2023-04-29 19:30:33.643: Find a better model.
2023-04-29 19:31:28.522: [iter 103 : loss : 0.2101 = 0.0220 + 0.1787 + 0.0085 + 0.0009, time: 54.855783]
2023-04-29 19:31:29.245: epoch 103:	0.02980017  	0.12082615  	0.08264008  
2023-04-29 19:31:29.245: Find a better model.
2023-04-29 19:32:23.853: [iter 104 : loss : 0.2093 = 0.0219 + 0.1778 + 0.0086 + 0.0009, time: 54.582142]
2023-04-29 19:32:24.526: epoch 104:	0.02984432  	0.12081104  	0.08301561  
2023-04-29 19:33:15.333: [iter 105 : loss : 0.2074 = 0.0210 + 0.1768 + 0.0087 + 0.0009, time: 50.784369]
2023-04-29 19:33:16.058: epoch 105:	0.02981278  	0.12077466  	0.08308880  
2023-04-29 19:34:10.856: [iter 106 : loss : 0.2077 = 0.0223 + 0.1757 + 0.0088 + 0.0009, time: 54.780339]
2023-04-29 19:34:11.557: epoch 106:	0.02983170  	0.12092654  	0.08325298  
2023-04-29 19:34:11.557: Find a better model.
2023-04-29 19:35:06.404: [iter 107 : loss : 0.2057 = 0.0212 + 0.1747 + 0.0089 + 0.0009, time: 54.827927]
2023-04-29 19:35:07.128: epoch 107:	0.02995153  	0.12114381  	0.08328625  
2023-04-29 19:35:07.128: Find a better model.
2023-04-29 19:36:02.385: [iter 108 : loss : 0.2050 = 0.0214 + 0.1737 + 0.0090 + 0.0009, time: 55.237158]
2023-04-29 19:36:03.113: epoch 108:	0.03005876  	0.12144759  	0.08345100  
2023-04-29 19:36:03.119: Find a better model.
2023-04-29 19:36:57.817: [iter 109 : loss : 0.2043 = 0.0215 + 0.1728 + 0.0091 + 0.0009, time: 54.679566]
2023-04-29 19:36:58.494: epoch 109:	0.03017860  	0.12199570  	0.08364347  
2023-04-29 19:36:58.495: Find a better model.
2023-04-29 19:37:51.095: [iter 110 : loss : 0.2032 = 0.0213 + 0.1717 + 0.0092 + 0.0009, time: 52.576823]
2023-04-29 19:37:51.819: epoch 110:	0.03014074  	0.12206381  	0.08388726  
2023-04-29 19:37:51.825: Find a better model.
2023-04-29 19:38:46.543: [iter 111 : loss : 0.2013 = 0.0204 + 0.1706 + 0.0093 + 0.0009, time: 54.697629]
2023-04-29 19:38:47.282: epoch 111:	0.03022274  	0.12225746  	0.08409649  
2023-04-29 19:38:47.282: Find a better model.
2023-04-29 19:40:12.183: [iter 112 : loss : 0.2009 = 0.0208 + 0.1698 + 0.0095 + 0.0009, time: 84.876842]
2023-04-29 19:40:13.156: epoch 112:	0.03032366  	0.12271865  	0.08446172  
2023-04-29 19:40:13.156: Find a better model.
2023-04-29 19:41:39.230: [iter 113 : loss : 0.1999 = 0.0205 + 0.1689 + 0.0096 + 0.0009, time: 86.055261]
2023-04-29 19:41:40.295: epoch 113:	0.03036780  	0.12286129  	0.08444132  
2023-04-29 19:41:40.295: Find a better model.
2023-04-29 19:43:04.876: [iter 114 : loss : 0.1986 = 0.0203 + 0.1678 + 0.0097 + 0.0009, time: 84.543931]
2023-04-29 19:43:05.805: epoch 114:	0.03041195  	0.12299341  	0.08481415  
2023-04-29 19:43:05.805: Find a better model.
2023-04-29 19:44:26.918: [iter 115 : loss : 0.1977 = 0.0204 + 0.1667 + 0.0098 + 0.0009, time: 81.090706]
2023-04-29 19:44:27.850: epoch 115:	0.03041194  	0.12297954  	0.08491237  
2023-04-29 19:45:49.042: [iter 116 : loss : 0.1972 = 0.0206 + 0.1658 + 0.0099 + 0.0009, time: 81.159455]
2023-04-29 19:45:49.814: epoch 116:	0.03048763  	0.12333287  	0.08528047  
2023-04-29 19:45:49.814: Find a better model.
2023-04-29 19:47:19.267: [iter 117 : loss : 0.1958 = 0.0201 + 0.1649 + 0.0100 + 0.0008, time: 89.431167]
2023-04-29 19:47:20.190: epoch 117:	0.03053177  	0.12339976  	0.08538704  
2023-04-29 19:47:20.190: Find a better model.
2023-04-29 19:48:49.183: [iter 118 : loss : 0.1947 = 0.0198 + 0.1640 + 0.0101 + 0.0008, time: 88.968325]
2023-04-29 19:48:50.102: epoch 118:	0.03058223  	0.12363669  	0.08551610  
2023-04-29 19:48:50.102: Find a better model.
2023-04-29 19:50:20.992: [iter 119 : loss : 0.1938 = 0.0198 + 0.1630 + 0.0102 + 0.0008, time: 90.858611]
2023-04-29 19:50:21.937: epoch 119:	0.03065160  	0.12392625  	0.08571465  
2023-04-29 19:50:21.937: Find a better model.
2023-04-29 19:51:47.757: [iter 120 : loss : 0.1927 = 0.0194 + 0.1621 + 0.0103 + 0.0008, time: 85.795495]
2023-04-29 19:51:48.753: epoch 120:	0.03067683  	0.12419866  	0.08586217  
2023-04-29 19:51:48.753: Find a better model.
2023-04-29 19:53:17.990: [iter 121 : loss : 0.1925 = 0.0201 + 0.1611 + 0.0104 + 0.0008, time: 89.217290]
2023-04-29 19:53:18.969: epoch 121:	0.03073359  	0.12422704  	0.08603876  
2023-04-29 19:53:18.969: Find a better model.
2023-04-29 19:54:51.232: [iter 122 : loss : 0.1910 = 0.0194 + 0.1602 + 0.0105 + 0.0008, time: 92.249062]
2023-04-29 19:54:52.259: epoch 122:	0.03083450  	0.12470547  	0.08640900  
2023-04-29 19:54:52.260: Find a better model.
2023-04-29 19:56:21.749: [iter 123 : loss : 0.1898 = 0.0190 + 0.1593 + 0.0107 + 0.0008, time: 89.467789]
2023-04-29 19:56:22.728: epoch 123:	0.03084711  	0.12473601  	0.08632401  
2023-04-29 19:56:22.728: Find a better model.
2023-04-29 19:57:53.181: [iter 124 : loss : 0.1888 = 0.0188 + 0.1584 + 0.0108 + 0.0008, time: 90.428617]
2023-04-29 19:57:54.140: epoch 124:	0.03105524  	0.12548859  	0.08676703  
2023-04-29 19:57:54.140: Find a better model.
2023-04-29 19:59:23.245: [iter 125 : loss : 0.1890 = 0.0198 + 0.1575 + 0.0109 + 0.0008, time: 89.082212]
2023-04-29 19:59:24.209: epoch 125:	0.03093541  	0.12533182  	0.08669854  
2023-04-29 20:00:53.910: [iter 126 : loss : 0.1876 = 0.0192 + 0.1566 + 0.0110 + 0.0008, time: 89.685569]
2023-04-29 20:00:54.897: epoch 126:	0.03106155  	0.12596016  	0.08706327  
2023-04-29 20:00:54.897: Find a better model.
2023-04-29 20:02:26.884: [iter 127 : loss : 0.1862 = 0.0186 + 0.1556 + 0.0111 + 0.0008, time: 91.964632]
2023-04-29 20:02:27.873: epoch 127:	0.03117508  	0.12647499  	0.08708172  
2023-04-29 20:02:27.873: Find a better model.
2023-04-29 20:03:57.477: [iter 128 : loss : 0.1864 = 0.0195 + 0.1549 + 0.0112 + 0.0008, time: 89.584568]
2023-04-29 20:03:58.440: epoch 128:	0.03125707  	0.12661316  	0.08745242  
2023-04-29 20:03:58.441: Find a better model.
2023-04-29 20:05:27.511: [iter 129 : loss : 0.1849 = 0.0189 + 0.1539 + 0.0113 + 0.0008, time: 89.046207]
2023-04-29 20:05:28.494: epoch 129:	0.03126337  	0.12658235  	0.08756372  
2023-04-29 20:07:00.664: [iter 130 : loss : 0.1840 = 0.0188 + 0.1529 + 0.0114 + 0.0008, time: 92.138073]
2023-04-29 20:07:01.647: epoch 130:	0.03132645  	0.12715897  	0.08788498  
2023-04-29 20:07:01.647: Find a better model.
2023-04-29 20:08:30.848: [iter 131 : loss : 0.1830 = 0.0186 + 0.1521 + 0.0115 + 0.0008, time: 89.180254]
2023-04-29 20:08:31.866: epoch 131:	0.03141475  	0.12751971  	0.08813547  
2023-04-29 20:08:31.866: Find a better model.
2023-04-29 20:10:00.868: [iter 132 : loss : 0.1832 = 0.0194 + 0.1514 + 0.0116 + 0.0008, time: 88.983416]
2023-04-29 20:10:01.960: epoch 132:	0.03145890  	0.12770768  	0.08820804  
2023-04-29 20:10:01.960: Find a better model.
2023-04-29 20:11:31.466: [iter 133 : loss : 0.1819 = 0.0188 + 0.1506 + 0.0117 + 0.0008, time: 89.483667]
2023-04-29 20:11:32.565: epoch 133:	0.03144628  	0.12745045  	0.08828280  
2023-04-29 20:13:02.537: [iter 134 : loss : 0.1814 = 0.0190 + 0.1497 + 0.0118 + 0.0008, time: 89.945935]
2023-04-29 20:13:03.508: epoch 134:	0.03139583  	0.12723212  	0.08815335  
2023-04-29 20:14:35.427: [iter 135 : loss : 0.1797 = 0.0181 + 0.1489 + 0.0120 + 0.0008, time: 91.893022]
2023-04-29 20:14:36.413: epoch 135:	0.03143998  	0.12760833  	0.08846430  
2023-04-29 20:16:05.569: [iter 136 : loss : 0.1782 = 0.0174 + 0.1480 + 0.0121 + 0.0008, time: 89.135402]
2023-04-29 20:16:06.571: epoch 136:	0.03152197  	0.12780011  	0.08855314  
2023-04-29 20:16:06.572: Find a better model.
2023-04-29 20:17:38.495: [iter 137 : loss : 0.1782 = 0.0180 + 0.1472 + 0.0122 + 0.0008, time: 91.901630]
2023-04-29 20:17:39.504: epoch 137:	0.03159765  	0.12788501  	0.08874867  
2023-04-29 20:17:39.505: Find a better model.
2023-04-29 20:19:09.521: [iter 138 : loss : 0.1773 = 0.0179 + 0.1464 + 0.0123 + 0.0008, time: 89.994949]
2023-04-29 20:19:10.454: epoch 138:	0.03164180  	0.12811244  	0.08897255  
2023-04-29 20:19:10.455: Find a better model.
2023-04-29 20:20:40.043: [iter 139 : loss : 0.1774 = 0.0187 + 0.1455 + 0.0124 + 0.0007, time: 89.567928]
2023-04-29 20:20:41.070: epoch 139:	0.03169855  	0.12839711  	0.08909154  
2023-04-29 20:20:41.070: Find a better model.
2023-04-29 20:22:12.699: [iter 140 : loss : 0.1767 = 0.0185 + 0.1449 + 0.0125 + 0.0007, time: 91.607946]
2023-04-29 20:22:13.686: epoch 140:	0.03164810  	0.12817723  	0.08930567  
2023-04-29 20:23:40.466: [iter 141 : loss : 0.1754 = 0.0181 + 0.1440 + 0.0126 + 0.0007, time: 86.758508]
2023-04-29 20:23:41.494: epoch 141:	0.03167965  	0.12831011  	0.08948369  
2023-04-29 20:25:11.183: [iter 142 : loss : 0.1749 = 0.0183 + 0.1431 + 0.0127 + 0.0007, time: 89.661986]
2023-04-29 20:25:12.250: epoch 142:	0.03186255  	0.12901114  	0.08986148  
2023-04-29 20:25:12.250: Find a better model.
2023-04-29 20:26:44.577: [iter 143 : loss : 0.1742 = 0.0182 + 0.1425 + 0.0128 + 0.0007, time: 92.301097]
2023-04-29 20:26:45.515: epoch 143:	0.03193191  	0.12926339  	0.08985163  
2023-04-29 20:26:45.515: Find a better model.
2023-04-29 20:28:12.721: [iter 144 : loss : 0.1728 = 0.0174 + 0.1417 + 0.0129 + 0.0007, time: 87.184812]
2023-04-29 20:28:13.652: epoch 144:	0.03200130  	0.12968417  	0.09006562  
2023-04-29 20:28:13.652: Find a better model.
2023-04-29 20:29:44.483: [iter 145 : loss : 0.1724 = 0.0177 + 0.1409 + 0.0130 + 0.0007, time: 90.805889]
2023-04-29 20:29:45.476: epoch 145:	0.03212744  	0.13016909  	0.09018426  
2023-04-29 20:29:45.476: Find a better model.
2023-04-29 20:31:14.891: [iter 146 : loss : 0.1718 = 0.0178 + 0.1401 + 0.0131 + 0.0007, time: 89.394776]
2023-04-29 20:31:15.869: epoch 146:	0.03198238  	0.12958825  	0.08999906  
2023-04-29 20:32:45.900: [iter 147 : loss : 0.1715 = 0.0182 + 0.1394 + 0.0132 + 0.0007, time: 90.008780]
2023-04-29 20:32:46.845: epoch 147:	0.03205175  	0.12978862  	0.09014455  
2023-04-29 20:34:18.611: [iter 148 : loss : 0.1708 = 0.0181 + 0.1386 + 0.0133 + 0.0007, time: 91.745409]
2023-04-29 20:34:19.567: epoch 148:	0.03213374  	0.13011116  	0.09051120  
2023-04-29 20:35:49.447: [iter 149 : loss : 0.1701 = 0.0180 + 0.1379 + 0.0134 + 0.0007, time: 89.859037]
2023-04-29 20:35:50.448: epoch 149:	0.03219050  	0.13037825  	0.09070303  
2023-04-29 20:35:50.448: Find a better model.
2023-04-29 20:37:22.842: [iter 150 : loss : 0.1691 = 0.0178 + 0.1371 + 0.0135 + 0.0007, time: 92.373405]
2023-04-29 20:37:23.869: epoch 150:	0.03223465  	0.13038476  	0.09068304  
2023-04-29 20:37:23.869: Find a better model.
2023-04-29 20:38:54.298: [iter 151 : loss : 0.1682 = 0.0174 + 0.1365 + 0.0136 + 0.0007, time: 90.406142]
2023-04-29 20:38:55.270: epoch 151:	0.03225357  	0.13060911  	0.09094095  
2023-04-29 20:38:55.270: Find a better model.
2023-04-29 20:40:24.773: [iter 152 : loss : 0.1676 = 0.0174 + 0.1357 + 0.0137 + 0.0007, time: 89.477607]
2023-04-29 20:40:25.737: epoch 152:	0.03236710  	0.13085935  	0.09118318  
2023-04-29 20:40:25.738: Find a better model.
2023-04-29 20:41:55.414: [iter 153 : loss : 0.1667 = 0.0171 + 0.1350 + 0.0139 + 0.0007, time: 89.644563]
2023-04-29 20:41:56.405: epoch 153:	0.03240493  	0.13094719  	0.09128188  
2023-04-29 20:41:56.406: Find a better model.
2023-04-29 20:43:25.775: [iter 154 : loss : 0.1666 = 0.0176 + 0.1344 + 0.0139 + 0.0007, time: 89.345966]
2023-04-29 20:43:26.905: epoch 154:	0.03242385  	0.13111989  	0.09131172  
2023-04-29 20:43:26.905: Find a better model.
2023-04-29 20:44:56.023: [iter 155 : loss : 0.1652 = 0.0169 + 0.1335 + 0.0141 + 0.0007, time: 89.091667]
2023-04-29 20:44:56.995: epoch 155:	0.03245539  	0.13149920  	0.09151281  
2023-04-29 20:44:56.996: Find a better model.
2023-04-29 20:46:28.799: [iter 156 : loss : 0.1638 = 0.0161 + 0.1329 + 0.0142 + 0.0007, time: 91.780220]
2023-04-29 20:46:29.827: epoch 156:	0.03254368  	0.13172580  	0.09171839  
2023-04-29 20:46:29.827: Find a better model.
2023-04-29 20:47:56.200: [iter 157 : loss : 0.1639 = 0.0167 + 0.1322 + 0.0143 + 0.0007, time: 86.340721]
2023-04-29 20:47:57.207: epoch 157:	0.03261935  	0.13187334  	0.09188355  
2023-04-29 20:47:57.207: Find a better model.
2023-04-29 20:49:28.917: [iter 158 : loss : 0.1643 = 0.0176 + 0.1317 + 0.0144 + 0.0007, time: 91.689275]
2023-04-29 20:49:29.918: epoch 158:	0.03262565  	0.13209192  	0.09216553  
2023-04-29 20:49:29.919: Find a better model.
2023-04-29 20:50:59.369: [iter 159 : loss : 0.1632 = 0.0171 + 0.1309 + 0.0145 + 0.0007, time: 89.427593]
2023-04-29 20:51:00.392: epoch 159:	0.03251215  	0.13179256  	0.09194352  
2023-04-29 20:52:30.358: [iter 160 : loss : 0.1619 = 0.0166 + 0.1301 + 0.0146 + 0.0007, time: 89.944959]
2023-04-29 20:52:31.395: epoch 160:	0.03262565  	0.13226822  	0.09238824  
2023-04-29 20:52:31.395: Find a better model.
2023-04-29 20:54:03.316: [iter 161 : loss : 0.1613 = 0.0164 + 0.1295 + 0.0147 + 0.0007, time: 91.895710]
2023-04-29 20:54:04.300: epoch 161:	0.03263196  	0.13227892  	0.09223413  
2023-04-29 20:54:04.300: Find a better model.
2023-04-29 20:55:32.608: [iter 162 : loss : 0.1606 = 0.0164 + 0.1288 + 0.0148 + 0.0007, time: 88.294375]
2023-04-29 20:55:33.561: epoch 162:	0.03272655  	0.13283889  	0.09259095  
2023-04-29 20:55:33.562: Find a better model.
2023-04-29 20:57:03.543: [iter 163 : loss : 0.1608 = 0.0171 + 0.1281 + 0.0149 + 0.0007, time: 89.960951]
2023-04-29 20:57:04.486: epoch 163:	0.03274548  	0.13276143  	0.09271496  
2023-04-29 20:58:36.574: [iter 164 : loss : 0.1594 = 0.0163 + 0.1275 + 0.0150 + 0.0007, time: 92.067708]
2023-04-29 20:58:37.548: epoch 164:	0.03279594  	0.13290985  	0.09274305  
2023-04-29 20:58:37.549: Find a better model.
2023-04-29 21:00:07.501: [iter 165 : loss : 0.1597 = 0.0172 + 0.1268 + 0.0151 + 0.0007, time: 89.928802]
2023-04-29 21:00:08.555: epoch 165:	0.03275809  	0.13279957  	0.09277347  
2023-04-29 21:01:37.886: [iter 166 : loss : 0.1584 = 0.0164 + 0.1262 + 0.0152 + 0.0006, time: 89.305979]
2023-04-29 21:01:39.002: epoch 166:	0.03275809  	0.13290013  	0.09292351  
2023-04-29 21:03:08.455: [iter 167 : loss : 0.1579 = 0.0164 + 0.1255 + 0.0153 + 0.0006, time: 89.421736]
2023-04-29 21:03:09.466: epoch 167:	0.03274548  	0.13266012  	0.09290512  
2023-04-29 21:04:39.538: [iter 168 : loss : 0.1572 = 0.0164 + 0.1248 + 0.0154 + 0.0006, time: 90.045175]
2023-04-29 21:04:40.474: epoch 168:	0.03273918  	0.13263565  	0.09293707  
2023-04-29 21:06:12.646: [iter 169 : loss : 0.1570 = 0.0166 + 0.1244 + 0.0155 + 0.0006, time: 92.149105]
2023-04-29 21:06:13.613: epoch 169:	0.03272656  	0.13244843  	0.09284046  
2023-04-29 21:07:42.692: [iter 170 : loss : 0.1563 = 0.0165 + 0.1236 + 0.0156 + 0.0006, time: 89.057319]
2023-04-29 21:07:43.736: epoch 170:	0.03282117  	0.13285676  	0.09306727  
2023-04-29 21:09:15.624: [iter 171 : loss : 0.1555 = 0.0162 + 0.1230 + 0.0157 + 0.0006, time: 91.864072]
2023-04-29 21:09:16.583: epoch 171:	0.03280224  	0.13248041  	0.09300679  
2023-04-29 21:10:44.747: [iter 172 : loss : 0.1538 = 0.0150 + 0.1224 + 0.0158 + 0.0006, time: 88.142921]
2023-04-29 21:10:45.802: epoch 172:	0.03288421  	0.13298458  	0.09341038  
2023-04-29 21:10:45.802: Find a better model.
2023-04-29 21:12:15.244: [iter 173 : loss : 0.1543 = 0.0161 + 0.1217 + 0.0159 + 0.0006, time: 89.420186]
2023-04-29 21:12:16.228: epoch 173:	0.03296619  	0.13317265  	0.09352587  
2023-04-29 21:12:16.228: Find a better model.
2023-04-29 21:13:48.486: [iter 174 : loss : 0.1539 = 0.0162 + 0.1211 + 0.0160 + 0.0006, time: 92.239145]
2023-04-29 21:13:49.468: epoch 174:	0.03287791  	0.13270123  	0.09351174  
2023-04-29 21:15:17.044: [iter 175 : loss : 0.1531 = 0.0158 + 0.1206 + 0.0161 + 0.0006, time: 87.552455]
2023-04-29 21:15:17.941: epoch 175:	0.03288421  	0.13253537  	0.09351415  
2023-04-29 21:16:35.047: [iter 176 : loss : 0.1527 = 0.0159 + 0.1200 + 0.0162 + 0.0006, time: 77.075061]
2023-04-29 21:16:36.002: epoch 176:	0.03293466  	0.13301246  	0.09374294  
2023-04-29 21:18:00.274: [iter 177 : loss : 0.1523 = 0.0161 + 0.1193 + 0.0163 + 0.0006, time: 84.249694]
2023-04-29 21:18:01.226: epoch 177:	0.03299773  	0.13328223  	0.09396971  
2023-04-29 21:18:01.226: Find a better model.
2023-04-29 21:19:21.944: [iter 178 : loss : 0.1507 = 0.0151 + 0.1186 + 0.0164 + 0.0006, time: 80.695604]
2023-04-29 21:19:22.866: epoch 178:	0.03302294  	0.13328740  	0.09397184  
2023-04-29 21:19:22.866: Find a better model.
2023-04-29 21:20:49.815: [iter 179 : loss : 0.1511 = 0.0160 + 0.1181 + 0.0165 + 0.0006, time: 86.928971]
2023-04-29 21:20:50.803: epoch 179:	0.03306079  	0.13344929  	0.09397735  
2023-04-29 21:20:50.803: Find a better model.
2023-04-29 21:22:20.074: [iter 180 : loss : 0.1512 = 0.0164 + 0.1176 + 0.0166 + 0.0006, time: 89.245206]
2023-04-29 21:22:21.082: epoch 180:	0.03314907  	0.13385952  	0.09407043  
2023-04-29 21:22:21.082: Find a better model.
2023-04-29 21:23:50.217: [iter 181 : loss : 0.1506 = 0.0164 + 0.1169 + 0.0167 + 0.0006, time: 89.113120]
2023-04-29 21:23:51.211: epoch 181:	0.03312384  	0.13368466  	0.09416404  
2023-04-29 21:25:19.813: [iter 182 : loss : 0.1497 = 0.0160 + 0.1164 + 0.0168 + 0.0006, time: 88.568970]
2023-04-29 21:25:20.722: epoch 182:	0.03316169  	0.13371526  	0.09429181  
2023-04-29 21:26:48.562: [iter 183 : loss : 0.1486 = 0.0153 + 0.1158 + 0.0169 + 0.0006, time: 87.820252]
2023-04-29 21:26:49.493: epoch 183:	0.03318691  	0.13395487  	0.09454614  
2023-04-29 21:26:49.493: Find a better model.
2023-04-29 21:28:18.902: [iter 184 : loss : 0.1484 = 0.0156 + 0.1152 + 0.0170 + 0.0006, time: 89.389841]
2023-04-29 21:28:19.793: epoch 184:	0.03321213  	0.13403833  	0.09453640  
2023-04-29 21:28:19.793: Find a better model.
2023-04-29 21:29:51.283: [iter 185 : loss : 0.1483 = 0.0158 + 0.1148 + 0.0171 + 0.0006, time: 91.475371]
2023-04-29 21:29:52.259: epoch 185:	0.03321214  	0.13410951  	0.09451321  
2023-04-29 21:29:52.259: Find a better model.
2023-04-29 21:31:21.626: [iter 186 : loss : 0.1473 = 0.0154 + 0.1142 + 0.0171 + 0.0006, time: 89.345518]
2023-04-29 21:31:22.662: epoch 186:	0.03321213  	0.13393201  	0.09437436  
2023-04-29 21:32:54.299: [iter 187 : loss : 0.1468 = 0.0154 + 0.1135 + 0.0172 + 0.0006, time: 91.615357]
2023-04-29 21:32:55.277: epoch 187:	0.03328782  	0.13413607  	0.09464357  
2023-04-29 21:32:55.278: Find a better model.
2023-04-29 21:34:24.257: [iter 188 : loss : 0.1465 = 0.0155 + 0.1131 + 0.0173 + 0.0006, time: 88.953094]
2023-04-29 21:34:25.292: epoch 188:	0.03325629  	0.13403219  	0.09462506  
2023-04-29 21:35:54.633: [iter 189 : loss : 0.1464 = 0.0158 + 0.1125 + 0.0174 + 0.0006, time: 89.315586]
2023-04-29 21:35:55.621: epoch 189:	0.03335720  	0.13430668  	0.09488789  
2023-04-29 21:35:55.622: Find a better model.
2023-04-29 21:37:27.126: [iter 190 : loss : 0.1463 = 0.0162 + 0.1120 + 0.0175 + 0.0006, time: 91.484624]
2023-04-29 21:37:28.098: epoch 190:	0.03341395  	0.13481106  	0.09502849  
2023-04-29 21:37:28.099: Find a better model.
2023-04-29 21:38:54.392: [iter 191 : loss : 0.1451 = 0.0154 + 0.1115 + 0.0176 + 0.0006, time: 86.269916]
2023-04-29 21:38:55.384: epoch 191:	0.03338242  	0.13475341  	0.09496041  
2023-04-29 21:40:27.767: [iter 192 : loss : 0.1441 = 0.0149 + 0.1109 + 0.0177 + 0.0006, time: 92.351723]
2023-04-29 21:40:28.760: epoch 192:	0.03353376  	0.13541931  	0.09520948  
2023-04-29 21:40:28.760: Find a better model.
2023-04-29 21:41:58.569: [iter 193 : loss : 0.1449 = 0.0162 + 0.1104 + 0.0178 + 0.0006, time: 89.788283]
2023-04-29 21:41:59.507: epoch 193:	0.03351484  	0.13528827  	0.09509145  
2023-04-29 21:43:27.872: [iter 194 : loss : 0.1435 = 0.0152 + 0.1098 + 0.0179 + 0.0006, time: 88.346585]
2023-04-29 21:43:28.834: epoch 194:	0.03353377  	0.13533825  	0.09518059  
2023-04-29 21:44:56.179: [iter 195 : loss : 0.1433 = 0.0154 + 0.1094 + 0.0180 + 0.0006, time: 87.327227]
2023-04-29 21:44:57.156: epoch 195:	0.03352747  	0.13531698  	0.09515880  
2023-04-29 21:46:25.629: [iter 196 : loss : 0.1433 = 0.0157 + 0.1089 + 0.0181 + 0.0006, time: 88.451006]
2023-04-29 21:46:26.609: epoch 196:	0.03357792  	0.13552076  	0.09526523  
2023-04-29 21:46:26.610: Find a better model.
2023-04-29 21:47:54.851: [iter 197 : loss : 0.1424 = 0.0154 + 0.1083 + 0.0181 + 0.0006, time: 88.220815]
2023-04-29 21:47:55.675: epoch 197:	0.03358423  	0.13557777  	0.09532839  
2023-04-29 21:47:55.675: Find a better model.
2023-04-29 21:49:26.929: [iter 198 : loss : 0.1413 = 0.0147 + 0.1077 + 0.0183 + 0.0006, time: 91.237285]
2023-04-29 21:49:27.960: epoch 198:	0.03348964  	0.13532467  	0.09521861  
2023-04-29 21:50:56.888: [iter 199 : loss : 0.1409 = 0.0147 + 0.1072 + 0.0184 + 0.0006, time: 88.906033]
2023-04-29 21:50:57.860: epoch 199:	0.03354008  	0.13537197  	0.09535541  
2023-04-29 21:52:29.352: [iter 200 : loss : 0.1409 = 0.0151 + 0.1068 + 0.0184 + 0.0005, time: 91.470602]
2023-04-29 21:52:30.337: epoch 200:	0.03363466  	0.13564657  	0.09552306  
2023-04-29 21:52:30.337: Find a better model.
2023-04-29 21:52:30.337: best_result@epoch 200:

2023-04-29 21:52:30.337: 		0.0336      	0.1356      	0.0955      
