2023-11-02 14:28:39.716: my pid: 13490
2023-11-02 14:28:39.716: model: model.general_recommender.GNNEC
2023-11-02 14:28:39.716: Dataset statistics:
Name: amazon-book
The number of users: 7928
The number of items: 29346
The number of ratings: 460224
Average actions of users: 58.05
Average actions of items: 15.68
The sparsity of the dataset: 99.802186%

The number of training: 417417
The number of validation: 0
The number of testing: 42807
2023-11-02 14:28:39.716: NeuRec:[NeuRec]:
recommender=GNNEC
dataset=amazon-book
file_column=UI
sep=','
gpu_id=0
gpu_mem=0.99
metric=["Precision", "Recall", "NDCG"]
top_k=[20]
test_thread=8
test_batch_size=128
seed=2021
start_testing_epoch=0

GNNEC:[hyperparameters]:
mf_reg=1e-4
svd_q=5
aug_type=ND
reg=1e-4
embed_size=64
n_layers=2
ssl_reg=0.02
ssl_ratio=0.5
ssl_temp=0.5
ssl_mode=both_side
lr=1e-3
learner=adam
adj_type=pre
epochs=200
batch_size=2048
num_negatives=1
param_init=xavier_uniform
stddev=0.01
verbose=1
stop_cnt=10
pretrain_flag=0
save_flag=0

Command line:
recommender=GNNEC
dataset=amazon-book
epochs=200
n_layers=2
embed_size=64
batch_size=2048
lr=1e-3
aug_type=ND
reg=1e-4
ssl_reg=0.02
ssl_ratio=0.5
ssl_temp=0.5
mf_reg=1e-4
svd_q=5
2023-11-02 14:28:44.167: metrics:	Precision@20	Recall@20   	NDCG@20     
2023-11-02 14:28:57.481: [iter 1 : loss : 0.9401 = 0.6126 + 0.3258 + 0.0000 + 0.0016, time: 13.312783]
2023-11-02 14:28:58.144: epoch 1:	0.01019804  	0.03871047  	0.02570410  
2023-11-02 14:28:58.144: Find a better model.
2023-11-02 14:29:10.455: [iter 2 : loss : 0.7274 = 0.4727 + 0.2533 + 0.0002 + 0.0013, time: 12.292724]
2023-11-02 14:29:11.051: epoch 2:	0.01145945  	0.04405131  	0.02953943  
2023-11-02 14:29:11.052: Find a better model.
2023-11-02 14:29:23.444: [iter 3 : loss : 0.6285 = 0.4068 + 0.2203 + 0.0003 + 0.0011, time: 12.372073]
2023-11-02 14:29:24.142: epoch 3:	0.01229829  	0.04717518  	0.03180928  
2023-11-02 14:29:24.142: Find a better model.
2023-11-02 14:29:36.787: [iter 4 : loss : 0.5655 = 0.3665 + 0.1976 + 0.0004 + 0.0010, time: 12.625186]
2023-11-02 14:29:37.404: epoch 4:	0.01287222  	0.04963107  	0.03387317  
2023-11-02 14:29:37.404: Find a better model.
2023-11-02 14:29:49.874: [iter 5 : loss : 0.5164 = 0.3356 + 0.1795 + 0.0005 + 0.0009, time: 12.453703]
2023-11-02 14:29:50.508: epoch 5:	0.01367951  	0.05316725  	0.03625676  
2023-11-02 14:29:50.508: Find a better model.
2023-11-02 14:30:02.805: [iter 6 : loss : 0.4792 = 0.3133 + 0.1645 + 0.0006 + 0.0008, time: 12.281839]
2023-11-02 14:30:03.484: epoch 6:	0.01396332  	0.05429935  	0.03726519  
2023-11-02 14:30:03.484: Find a better model.
2023-11-02 14:30:15.706: [iter 7 : loss : 0.4477 = 0.2951 + 0.1511 + 0.0007 + 0.0008, time: 12.205492]
2023-11-02 14:30:16.357: epoch 7:	0.01469493  	0.05699998  	0.03922261  
2023-11-02 14:30:16.357: Find a better model.
2023-11-02 14:30:28.785: [iter 8 : loss : 0.4218 = 0.2806 + 0.1397 + 0.0008 + 0.0007, time: 12.406774]
2023-11-02 14:30:29.407: epoch 8:	0.01528148  	0.05961573  	0.04110449  
2023-11-02 14:30:29.408: Find a better model.
2023-11-02 14:30:41.709: [iter 9 : loss : 0.3961 = 0.2658 + 0.1288 + 0.0009 + 0.0006, time: 12.287136]
2023-11-02 14:30:42.371: epoch 9:	0.01559052  	0.06068757  	0.04210044  
2023-11-02 14:30:42.372: Find a better model.
2023-11-02 14:30:54.788: [iter 10 : loss : 0.3752 = 0.2549 + 0.1186 + 0.0010 + 0.0006, time: 12.403452]
2023-11-02 14:30:55.452: epoch 10:	0.01606353  	0.06258088  	0.04349980  
2023-11-02 14:30:55.452: Find a better model.
2023-11-02 14:31:07.885: [iter 11 : loss : 0.3549 = 0.2441 + 0.1091 + 0.0011 + 0.0005, time: 12.414518]
2023-11-02 14:31:08.531: epoch 11:	0.01661856  	0.06498785  	0.04502299  
2023-11-02 14:31:08.532: Find a better model.
2023-11-02 14:31:20.939: [iter 12 : loss : 0.3365 = 0.2347 + 0.1001 + 0.0012 + 0.0005, time: 12.391435]
2023-11-02 14:31:21.611: epoch 12:	0.01702221  	0.06697897  	0.04638974  
2023-11-02 14:31:21.612: Find a better model.
2023-11-02 14:31:33.866: [iter 13 : loss : 0.3205 = 0.2270 + 0.0917 + 0.0013 + 0.0005, time: 12.239587]
2023-11-02 14:31:34.509: epoch 13:	0.01762767  	0.06949628  	0.04801714  
2023-11-02 14:31:34.510: Find a better model.
2023-11-02 14:31:46.955: [iter 14 : loss : 0.3029 = 0.2179 + 0.0832 + 0.0014 + 0.0004, time: 12.432668]
2023-11-02 14:31:47.597: epoch 14:	0.01813854  	0.07166380  	0.04920487  
2023-11-02 14:31:47.597: Find a better model.
2023-11-02 14:31:59.756: [iter 15 : loss : 0.2858 = 0.2090 + 0.0749 + 0.0015 + 0.0004, time: 12.138910]
2023-11-02 14:32:00.403: epoch 15:	0.01856112  	0.07351440  	0.05042362  
2023-11-02 14:32:00.403: Find a better model.
2023-11-02 14:32:12.619: [iter 16 : loss : 0.2722 = 0.2035 + 0.0668 + 0.0016 + 0.0003, time: 12.203025]
2023-11-02 14:32:13.224: epoch 16:	0.01881341  	0.07446713  	0.05136601  
2023-11-02 14:32:13.224: Find a better model.
2023-11-02 14:32:25.625: [iter 17 : loss : 0.2585 = 0.1977 + 0.0587 + 0.0017 + 0.0003, time: 12.387514]
2023-11-02 14:32:26.295: epoch 17:	0.01930535  	0.07641514  	0.05270810  
2023-11-02 14:32:26.295: Find a better model.
2023-11-02 14:32:38.568: [iter 18 : loss : 0.2463 = 0.1930 + 0.0512 + 0.0018 + 0.0002, time: 12.256656]
2023-11-02 14:32:39.237: epoch 18:	0.01955764  	0.07742557  	0.05351980  
2023-11-02 14:32:39.237: Find a better model.
2023-11-02 14:32:51.703: [iter 19 : loss : 0.2331 = 0.1871 + 0.0438 + 0.0020 + 0.0002, time: 12.442937]
2023-11-02 14:32:52.362: epoch 19:	0.01988560  	0.07899491  	0.05438107  
2023-11-02 14:32:52.362: Find a better model.
2023-11-02 14:33:04.915: [iter 20 : loss : 0.2198 = 0.1812 + 0.0363 + 0.0021 + 0.0002, time: 12.540001]
2023-11-02 14:33:05.587: epoch 20:	0.02027032  	0.08050878  	0.05514846  
2023-11-02 14:33:05.587: Find a better model.
2023-11-02 14:33:17.980: [iter 21 : loss : 0.2076 = 0.1760 + 0.0292 + 0.0022 + 0.0001, time: 12.380126]
2023-11-02 14:33:18.627: epoch 21:	0.02070550  	0.08202653  	0.05627586  
2023-11-02 14:33:18.627: Find a better model.
2023-11-02 14:33:31.173: [iter 22 : loss : 0.1967 = 0.1725 + 0.0219 + 0.0023 + 0.0001, time: 12.532766]
2023-11-02 14:33:31.775: epoch 22:	0.02114068  	0.08372329  	0.05709235  
2023-11-02 14:33:31.775: Find a better model.
2023-11-02 14:33:44.275: [iter 23 : loss : 0.1863 = 0.1688 + 0.0150 + 0.0024 + 0.0001, time: 12.485538]
2023-11-02 14:33:44.930: epoch 23:	0.02138035  	0.08484799  	0.05797774  
2023-11-02 14:33:44.930: Find a better model.
2023-11-02 14:33:57.249: [iter 24 : loss : 0.1766 = 0.1658 + 0.0083 + 0.0025 + 0.0000, time: 12.301776]
2023-11-02 14:33:57.924: epoch 24:	0.02175245  	0.08623776  	0.05924676  
2023-11-02 14:33:57.925: Find a better model.
2023-11-02 14:34:10.686: [iter 25 : loss : 0.1665 = 0.1621 + 0.0018 + 0.0026 + -0.0000, time: 12.744869]
2023-11-02 14:34:11.350: epoch 25:	0.02203627  	0.08714664  	0.05990738  
2023-11-02 14:34:11.351: Find a better model.
2023-11-02 14:34:23.998: [iter 26 : loss : 0.1546 = 0.1569 + -0.0051 + 0.0028 + -0.0000, time: 12.632003]
2023-11-02 14:34:24.662: epoch 26:	0.02222547  	0.08790733  	0.06090650  
2023-11-02 14:34:24.662: Find a better model.
2023-11-02 14:34:37.244: [iter 27 : loss : 0.1462 = 0.1548 + -0.0113 + 0.0029 + -0.0001, time: 12.567473]
2023-11-02 14:34:37.835: epoch 27:	0.02259759  	0.08958455  	0.06182575  
2023-11-02 14:34:37.835: Find a better model.
2023-11-02 14:34:50.462: [iter 28 : loss : 0.1357 = 0.1511 + -0.0183 + 0.0030 + -0.0001, time: 12.610163]
2023-11-02 14:34:51.128: epoch 28:	0.02274896  	0.09043663  	0.06245248  
2023-11-02 14:34:51.128: Find a better model.
2023-11-02 14:35:03.702: [iter 29 : loss : 0.1265 = 0.1480 + -0.0245 + 0.0031 + -0.0001, time: 12.556164]
2023-11-02 14:35:04.379: epoch 29:	0.02308954  	0.09192072  	0.06315645  
2023-11-02 14:35:04.379: Find a better model.
2023-11-02 14:35:16.916: [iter 30 : loss : 0.1193 = 0.1470 + -0.0308 + 0.0032 + -0.0002, time: 12.523228]
2023-11-02 14:35:17.578: epoch 30:	0.02320936  	0.09229777  	0.06378276  
2023-11-02 14:35:17.578: Find a better model.
2023-11-02 14:35:30.074: [iter 31 : loss : 0.1090 = 0.1425 + -0.0367 + 0.0034 + -0.0002, time: 12.476686]
2023-11-02 14:35:30.735: epoch 31:	0.02348686  	0.09332696  	0.06455773  
2023-11-02 14:35:30.736: Find a better model.
2023-11-02 14:35:43.367: [iter 32 : loss : 0.1030 = 0.1427 + -0.0430 + 0.0035 + -0.0002, time: 12.616599]
2023-11-02 14:35:44.028: epoch 32:	0.02376438  	0.09438887  	0.06514235  
2023-11-02 14:35:44.028: Find a better model.
2023-11-02 14:35:56.674: [iter 33 : loss : 0.0935 = 0.1391 + -0.0490 + 0.0036 + -0.0003, time: 12.627608]
2023-11-02 14:35:57.340: epoch 33:	0.02417433  	0.09598010  	0.06599106  
2023-11-02 14:35:57.340: Find a better model.
2023-11-02 14:36:10.102: [iter 34 : loss : 0.0868 = 0.1383 + -0.0550 + 0.0037 + -0.0003, time: 12.748155]
2023-11-02 14:36:10.778: epoch 34:	0.02435093  	0.09675645  	0.06670792  
2023-11-02 14:36:10.778: Find a better model.
2023-11-02 14:36:23.411: [iter 35 : loss : 0.0774 = 0.1346 + -0.0607 + 0.0039 + -0.0003, time: 12.616309]
2023-11-02 14:36:24.016: epoch 35:	0.02452122  	0.09742491  	0.06719756  
2023-11-02 14:36:24.016: Find a better model.
2023-11-02 14:36:36.468: [iter 36 : loss : 0.0700 = 0.1326 + -0.0662 + 0.0040 + -0.0004, time: 12.438020]
2023-11-02 14:36:37.138: epoch 36:	0.02477350  	0.09860443  	0.06806301  
2023-11-02 14:36:37.138: Find a better model.
2023-11-02 14:36:49.736: [iter 37 : loss : 0.0631 = 0.1312 + -0.0719 + 0.0041 + -0.0004, time: 12.577850]
2023-11-02 14:36:50.417: epoch 37:	0.02508254  	0.09959047  	0.06865492  
2023-11-02 14:36:50.417: Find a better model.
2023-11-02 14:37:03.152: [iter 38 : loss : 0.0569 = 0.1305 + -0.0774 + 0.0043 + -0.0004, time: 12.720289]
2023-11-02 14:37:03.848: epoch 38:	0.02514561  	0.10011492  	0.06913871  
2023-11-02 14:37:03.849: Find a better model.
2023-11-02 14:37:16.682: [iter 39 : loss : 0.0471 = 0.1263 + -0.0831 + 0.0044 + -0.0004, time: 12.813846]
2023-11-02 14:37:17.314: epoch 39:	0.02552404  	0.10160185  	0.07011329  
2023-11-02 14:37:17.314: Find a better model.
2023-11-02 14:37:30.003: [iter 40 : loss : 0.0423 = 0.1271 + -0.0888 + 0.0045 + -0.0005, time: 12.673002]
2023-11-02 14:37:30.687: epoch 40:	0.02565017  	0.10212161  	0.07072347  
2023-11-02 14:37:30.688: Find a better model.
2023-11-02 14:37:43.337: [iter 41 : loss : 0.0343 = 0.1243 + -0.0942 + 0.0046 + -0.0005, time: 12.632923]
2023-11-02 14:37:44.030: epoch 41:	0.02588984  	0.10304029  	0.07141639  
2023-11-02 14:37:44.031: Find a better model.
2023-11-02 14:37:56.768: [iter 42 : loss : 0.0277 = 0.1228 + -0.0993 + 0.0048 + -0.0005, time: 12.719706]
2023-11-02 14:37:57.441: epoch 42:	0.02610426  	0.10369126  	0.07198567  
2023-11-02 14:37:57.441: Find a better model.
2023-11-02 14:38:10.051: [iter 43 : loss : 0.0217 = 0.1222 + -0.1049 + 0.0049 + -0.0005, time: 12.593821]
2023-11-02 14:38:10.736: epoch 43:	0.02629979  	0.10485239  	0.07250579  
2023-11-02 14:38:10.736: Find a better model.
2023-11-02 14:38:23.270: [iter 44 : loss : 0.0163 = 0.1218 + -0.1100 + 0.0050 + -0.0006, time: 12.515224]
2023-11-02 14:38:23.958: epoch 44:	0.02645747  	0.10550182  	0.07303767  
2023-11-02 14:38:23.958: Find a better model.
2023-11-02 14:38:36.720: [iter 45 : loss : 0.0089 = 0.1193 + -0.1150 + 0.0052 + -0.0006, time: 12.745906]
2023-11-02 14:38:37.375: epoch 45:	0.02670975  	0.10673486  	0.07363536  
2023-11-02 14:38:37.375: Find a better model.
2023-11-02 14:38:49.864: [iter 46 : loss : 0.0030 = 0.1186 + -0.1204 + 0.0053 + -0.0006, time: 12.472786]
2023-11-02 14:38:50.533: epoch 46:	0.02679173  	0.10708399  	0.07393910  
2023-11-02 14:38:50.533: Find a better model.
2023-11-02 14:39:03.104: [iter 47 : loss : -0.0021 = 0.1184 + -0.1253 + 0.0055 + -0.0007, time: 12.557287]
2023-11-02 14:39:03.789: epoch 47:	0.02696833  	0.10796209  	0.07442654  
2023-11-02 14:39:03.790: Find a better model.
2023-11-02 14:39:16.456: [iter 48 : loss : -0.0083 = 0.1171 + -0.1303 + 0.0056 + -0.0007, time: 12.645968]
2023-11-02 14:39:17.075: epoch 48:	0.02716384  	0.10851318  	0.07507031  
2023-11-02 14:39:17.075: Find a better model.
2023-11-02 14:39:29.718: [iter 49 : loss : -0.0157 = 0.1140 + -0.1348 + 0.0057 + -0.0007, time: 12.627979]
2023-11-02 14:39:30.392: epoch 49:	0.02735305  	0.10906561  	0.07537177  
2023-11-02 14:39:30.392: Find a better model.
2023-11-02 14:39:42.946: [iter 50 : loss : -0.0218 = 0.1133 + -0.1402 + 0.0059 + -0.0007, time: 12.535035]
2023-11-02 14:39:43.619: epoch 50:	0.02752334  	0.10993000  	0.07601175  
2023-11-02 14:39:43.619: Find a better model.
2023-11-02 14:39:56.208: [iter 51 : loss : -0.0247 = 0.1148 + -0.1448 + 0.0060 + -0.0008, time: 12.566556]
2023-11-02 14:39:56.876: epoch 51:	0.02751702  	0.11003576  	0.07615503  
2023-11-02 14:39:56.877: Find a better model.
2023-11-02 14:40:09.572: [iter 52 : loss : -0.0307 = 0.1134 + -0.1495 + 0.0061 + -0.0008, time: 12.678952]
2023-11-02 14:40:10.237: epoch 52:	0.02762424  	0.11042771  	0.07676664  
2023-11-02 14:40:10.237: Find a better model.
2023-11-02 14:40:22.702: [iter 53 : loss : -0.0369 = 0.1118 + -0.1541 + 0.0063 + -0.0008, time: 12.448967]
2023-11-02 14:40:23.349: epoch 53:	0.02781976  	0.11109353  	0.07711164  
2023-11-02 14:40:23.349: Find a better model.
2023-11-02 14:40:35.996: [iter 54 : loss : -0.0420 = 0.1114 + -0.1590 + 0.0064 + -0.0008, time: 12.626953]
2023-11-02 14:40:36.584: epoch 54:	0.02795221  	0.11182033  	0.07757273  
2023-11-02 14:40:36.584: Find a better model.
2023-11-02 14:40:49.171: [iter 55 : loss : -0.0484 = 0.1092 + -0.1633 + 0.0066 + -0.0008, time: 12.570882]
2023-11-02 14:40:49.848: epoch 55:	0.02818557  	0.11278859  	0.07818655  
2023-11-02 14:40:49.848: Find a better model.
2023-11-02 14:41:02.480: [iter 56 : loss : -0.0522 = 0.1100 + -0.1680 + 0.0067 + -0.0009, time: 12.613571]
2023-11-02 14:41:03.151: epoch 56:	0.02831171  	0.11350352  	0.07855877  
2023-11-02 14:41:03.151: Find a better model.
2023-11-02 14:41:15.726: [iter 57 : loss : -0.0571 = 0.1095 + -0.1725 + 0.0068 + -0.0009, time: 12.561611]
2023-11-02 14:41:16.347: epoch 57:	0.02861444  	0.11438125  	0.07894688  
2023-11-02 14:41:16.347: Find a better model.
2023-11-02 14:41:28.981: [iter 58 : loss : -0.0635 = 0.1077 + -0.1773 + 0.0070 + -0.0009, time: 12.616795]
2023-11-02 14:41:29.655: epoch 58:	0.02870274  	0.11497643  	0.07930630  
2023-11-02 14:41:29.655: Find a better model.
2023-11-02 14:41:42.318: [iter 59 : loss : -0.0674 = 0.1080 + -0.1816 + 0.0071 + -0.0009, time: 12.646963]
2023-11-02 14:41:42.992: epoch 59:	0.02882887  	0.11554867  	0.07981617  
2023-11-02 14:41:42.992: Find a better model.
2023-11-02 14:41:55.605: [iter 60 : loss : -0.0707 = 0.1087 + -0.1858 + 0.0073 + -0.0010, time: 12.595866]
2023-11-02 14:41:56.270: epoch 60:	0.02875320  	0.11528983  	0.07978940  
2023-11-02 14:42:08.853: [iter 61 : loss : -0.0769 = 0.1070 + -0.1903 + 0.0074 + -0.0010, time: 12.566596]
2023-11-02 14:42:09.515: epoch 61:	0.02898655  	0.11630762  	0.08039871  
2023-11-02 14:42:09.515: Find a better model.
2023-11-02 14:42:22.103: [iter 62 : loss : -0.0822 = 0.1056 + -0.1943 + 0.0075 + -0.0010, time: 12.572984]
2023-11-02 14:42:22.780: epoch 62:	0.02905592  	0.11635797  	0.08058783  
2023-11-02 14:42:22.780: Find a better model.
2023-11-02 14:42:35.294: [iter 63 : loss : -0.0850 = 0.1070 + -0.1986 + 0.0077 + -0.0010, time: 12.495742]
2023-11-02 14:42:35.952: epoch 63:	0.02928298  	0.11744925  	0.08116480  
2023-11-02 14:42:35.952: Find a better model.
2023-11-02 14:42:48.500: [iter 64 : loss : -0.0912 = 0.1046 + -0.2026 + 0.0078 + -0.0010, time: 12.534863]
2023-11-02 14:42:49.185: epoch 64:	0.02933975  	0.11775970  	0.08152793  
2023-11-02 14:42:49.186: Find a better model.
2023-11-02 14:43:01.908: [iter 65 : loss : -0.0974 = 0.1024 + -0.2068 + 0.0080 + -0.0011, time: 12.706418]
2023-11-02 14:43:02.581: epoch 65:	0.02941543  	0.11804588  	0.08167911  
2023-11-02 14:43:02.581: Find a better model.
2023-11-02 14:43:15.003: [iter 66 : loss : -0.1003 = 0.1034 + -0.2108 + 0.0081 + -0.0011, time: 12.406465]
2023-11-02 14:43:15.667: epoch 66:	0.02944696  	0.11824285  	0.08196927  
2023-11-02 14:43:15.667: Find a better model.
2023-11-02 14:43:28.267: [iter 67 : loss : -0.1034 = 0.1043 + -0.2149 + 0.0082 + -0.0011, time: 12.583692]
2023-11-02 14:43:28.930: epoch 67:	0.02949112  	0.11857642  	0.08223888  
2023-11-02 14:43:28.931: Find a better model.
2023-11-02 14:43:41.691: [iter 68 : loss : -0.1077 = 0.1041 + -0.2191 + 0.0084 + -0.0011, time: 12.743123]
2023-11-02 14:43:42.371: epoch 68:	0.02970555  	0.11964451  	0.08287273  
2023-11-02 14:43:42.371: Find a better model.
2023-11-02 14:43:54.956: [iter 69 : loss : -0.1119 = 0.1033 + -0.2226 + 0.0085 + -0.0011, time: 12.565922]
2023-11-02 14:43:55.659: epoch 69:	0.02989476  	0.12058285  	0.08349966  
2023-11-02 14:43:55.659: Find a better model.
2023-11-02 14:44:08.114: [iter 70 : loss : -0.1136 = 0.1057 + -0.2268 + 0.0087 + -0.0012, time: 12.435146]
2023-11-02 14:44:08.780: epoch 70:	0.03001460  	0.12075110  	0.08369187  
2023-11-02 14:44:08.780: Find a better model.
2023-11-02 14:44:21.525: [iter 71 : loss : -0.1200 = 0.1028 + -0.2304 + 0.0088 + -0.0012, time: 12.725969]
2023-11-02 14:44:22.207: epoch 71:	0.03005874  	0.12092126  	0.08385762  
2023-11-02 14:44:22.208: Find a better model.
2023-11-02 14:44:34.907: [iter 72 : loss : -0.1242 = 0.1023 + -0.2343 + 0.0090 + -0.0012, time: 12.677513]
2023-11-02 14:44:35.587: epoch 72:	0.03007767  	0.12108827  	0.08404572  
2023-11-02 14:44:35.588: Find a better model.
2023-11-02 14:44:48.029: [iter 73 : loss : -0.1280 = 0.1019 + -0.2378 + 0.0091 + -0.0012, time: 12.424949]
2023-11-02 14:44:48.649: epoch 73:	0.03015335  	0.12121455  	0.08404097  
2023-11-02 14:44:48.649: Find a better model.
2023-11-02 14:45:01.200: [iter 74 : loss : -0.1322 = 0.1013 + -0.2416 + 0.0093 + -0.0012, time: 12.535989]
2023-11-02 14:45:01.863: epoch 74:	0.03022271  	0.12167177  	0.08434061  
2023-11-02 14:45:01.863: Find a better model.
2023-11-02 14:45:14.509: [iter 75 : loss : -0.1376 = 0.0997 + -0.2454 + 0.0094 + -0.0013, time: 12.623750]
2023-11-02 14:45:15.183: epoch 75:	0.03034886  	0.12196249  	0.08460183  
2023-11-02 14:45:15.183: Find a better model.
2023-11-02 14:45:27.728: [iter 76 : loss : -0.1369 = 0.1041 + -0.2493 + 0.0095 + -0.0013, time: 12.527442]
2023-11-02 14:45:28.402: epoch 76:	0.03036778  	0.12208231  	0.08464257  
2023-11-02 14:45:28.402: Find a better model.
2023-11-02 14:45:40.960: [iter 77 : loss : -0.1436 = 0.1007 + -0.2527 + 0.0097 + -0.0013, time: 12.543751]
2023-11-02 14:45:41.629: epoch 77:	0.03043716  	0.12230176  	0.08502562  
2023-11-02 14:45:41.629: Find a better model.
2023-11-02 14:45:54.200: [iter 78 : loss : -0.1468 = 0.1009 + -0.2562 + 0.0098 + -0.0013, time: 12.554707]
2023-11-02 14:45:54.880: epoch 78:	0.03050653  	0.12248027  	0.08520146  
2023-11-02 14:45:54.880: Find a better model.
2023-11-02 14:46:07.466: [iter 79 : loss : -0.1506 = 0.1007 + -0.2599 + 0.0100 + -0.0013, time: 12.568064]
2023-11-02 14:46:08.142: epoch 79:	0.03060114  	0.12289611  	0.08544226  
2023-11-02 14:46:08.142: Find a better model.
2023-11-02 14:46:20.894: [iter 80 : loss : -0.1554 = 0.0993 + -0.2635 + 0.0101 + -0.0014, time: 12.732569]
2023-11-02 14:46:21.557: epoch 80:	0.03072097  	0.12330157  	0.08570779  
2023-11-02 14:46:21.557: Find a better model.
2023-11-02 14:46:34.064: [iter 81 : loss : -0.1567 = 0.1014 + -0.2670 + 0.0103 + -0.0014, time: 12.492637]
2023-11-02 14:46:34.740: epoch 81:	0.03081557  	0.12365229  	0.08592309  
2023-11-02 14:46:34.741: Find a better model.
2023-11-02 14:46:47.344: [iter 82 : loss : -0.1596 = 0.1017 + -0.2703 + 0.0104 + -0.0014, time: 12.585860]
2023-11-02 14:46:48.023: epoch 82:	0.03092279  	0.12433696  	0.08632230  
2023-11-02 14:46:48.024: Find a better model.
2023-11-02 14:47:00.696: [iter 83 : loss : -0.1660 = 0.0985 + -0.2736 + 0.0106 + -0.0014, time: 12.656110]
2023-11-02 14:47:01.384: epoch 83:	0.03101739  	0.12454884  	0.08657441  
2023-11-02 14:47:01.385: Find a better model.
2023-11-02 14:47:14.021: [iter 84 : loss : -0.1690 = 0.0990 + -0.2773 + 0.0107 + -0.0014, time: 12.620764]
2023-11-02 14:47:14.661: epoch 84:	0.03104262  	0.12473184  	0.08673382  
2023-11-02 14:47:14.661: Find a better model.
2023-11-02 14:47:27.063: [iter 85 : loss : -0.1722 = 0.0990 + -0.2807 + 0.0109 + -0.0014, time: 12.386082]
2023-11-02 14:47:27.741: epoch 85:	0.03108046  	0.12489536  	0.08690887  
2023-11-02 14:47:27.742: Find a better model.
2023-11-02 14:47:40.390: [iter 86 : loss : -0.1753 = 0.0993 + -0.2841 + 0.0110 + -0.0015, time: 12.625233]
2023-11-02 14:47:41.061: epoch 86:	0.03114984  	0.12518999  	0.08709871  
2023-11-02 14:47:41.061: Find a better model.
2023-11-02 14:47:53.698: [iter 87 : loss : -0.1774 = 0.1004 + -0.2874 + 0.0111 + -0.0015, time: 12.619108]
2023-11-02 14:47:54.370: epoch 87:	0.03129490  	0.12571251  	0.08736379  
2023-11-02 14:47:54.370: Find a better model.
2023-11-02 14:48:06.953: [iter 88 : loss : -0.1805 = 0.1006 + -0.2909 + 0.0113 + -0.0015, time: 12.567261]
2023-11-02 14:48:07.638: epoch 88:	0.03135797  	0.12620054  	0.08762058  
2023-11-02 14:48:07.639: Find a better model.
2023-11-02 14:48:20.130: [iter 89 : loss : -0.1838 = 0.1002 + -0.2939 + 0.0114 + -0.0015, time: 12.476878]
2023-11-02 14:48:20.809: epoch 89:	0.03133905  	0.12606692  	0.08760150  
2023-11-02 14:48:33.339: [iter 90 : loss : -0.1878 = 0.0992 + -0.2971 + 0.0116 + -0.0015, time: 12.511552]
2023-11-02 14:48:34.008: epoch 90:	0.03137059  	0.12627997  	0.08781004  
2023-11-02 14:48:34.008: Find a better model.
2023-11-02 14:48:46.534: [iter 91 : loss : -0.1902 = 0.0998 + -0.3002 + 0.0117 + -0.0015, time: 12.510735]
2023-11-02 14:48:47.245: epoch 91:	0.03142735  	0.12662357  	0.08816116  
2023-11-02 14:48:47.245: Find a better model.
2023-11-02 14:48:59.818: [iter 92 : loss : -0.1916 = 0.1019 + -0.3038 + 0.0119 + -0.0016, time: 12.550321]
2023-11-02 14:49:00.489: epoch 92:	0.03157241  	0.12708345  	0.08848780  
2023-11-02 14:49:00.490: Find a better model.
2023-11-02 14:49:12.994: [iter 93 : loss : -0.1968 = 0.0991 + -0.3063 + 0.0120 + -0.0016, time: 12.483727]
2023-11-02 14:49:13.658: epoch 93:	0.03150304  	0.12685046  	0.08828259  
2023-11-02 14:49:26.265: [iter 94 : loss : -0.1993 = 0.0998 + -0.3097 + 0.0122 + -0.0016, time: 12.590369]
2023-11-02 14:49:26.918: epoch 94:	0.03162917  	0.12715715  	0.08848305  
2023-11-02 14:49:26.918: Find a better model.
2023-11-02 14:49:39.384: [iter 95 : loss : -0.2008 = 0.1014 + -0.3129 + 0.0123 + -0.0016, time: 12.448414]
2023-11-02 14:49:40.062: epoch 95:	0.03167333  	0.12723319  	0.08859845  
2023-11-02 14:49:40.062: Find a better model.
2023-11-02 14:49:52.712: [iter 96 : loss : -0.2047 = 0.1003 + -0.3158 + 0.0125 + -0.0016, time: 12.631044]
2023-11-02 14:49:53.405: epoch 96:	0.03188145  	0.12829551  	0.08902809  
2023-11-02 14:49:53.405: Find a better model.
2023-11-02 14:50:06.098: [iter 97 : loss : -0.2107 = 0.0970 + -0.3187 + 0.0126 + -0.0016, time: 12.674098]
2023-11-02 14:50:06.768: epoch 97:	0.03192560  	0.12857154  	0.08921719  
2023-11-02 14:50:06.768: Find a better model.
2023-11-02 14:50:19.201: [iter 98 : loss : -0.2112 = 0.0998 + -0.3221 + 0.0127 + -0.0017, time: 12.415683]
2023-11-02 14:50:19.876: epoch 98:	0.03197605  	0.12870680  	0.08938237  
2023-11-02 14:50:19.876: Find a better model.
2023-11-02 14:50:32.371: [iter 99 : loss : -0.2157 = 0.0980 + -0.3249 + 0.0129 + -0.0017, time: 12.476456]
2023-11-02 14:50:33.048: epoch 99:	0.03210219  	0.12906410  	0.08977239  
2023-11-02 14:50:33.048: Find a better model.
2023-11-02 14:50:45.612: [iter 100 : loss : -0.2188 = 0.0976 + -0.3278 + 0.0130 + -0.0017, time: 12.542797]
2023-11-02 14:50:46.266: epoch 100:	0.03213372  	0.12922432  	0.08983497  
2023-11-02 14:50:46.266: Find a better model.
2023-11-02 14:50:58.978: [iter 101 : loss : -0.2177 = 0.1017 + -0.3310 + 0.0132 + -0.0017, time: 12.698788]
2023-11-02 14:50:59.644: epoch 101:	0.03214003  	0.12936044  	0.09001840  
2023-11-02 14:50:59.644: Find a better model.
2023-11-02 14:51:12.049: [iter 102 : loss : -0.2197 = 0.1025 + -0.3338 + 0.0133 + -0.0017, time: 12.388664]
2023-11-02 14:51:12.698: epoch 102:	0.03220940  	0.12937665  	0.09009820  
2023-11-02 14:51:12.698: Find a better model.
2023-11-02 14:51:25.272: [iter 103 : loss : -0.2237 = 0.1013 + -0.3367 + 0.0135 + -0.0017, time: 12.558274]
2023-11-02 14:51:25.923: epoch 103:	0.03230400  	0.13003628  	0.09035022  
2023-11-02 14:51:25.924: Find a better model.
2023-11-02 14:51:38.235: [iter 104 : loss : -0.2283 = 0.0991 + -0.3393 + 0.0136 + -0.0017, time: 12.297024]
2023-11-02 14:51:38.908: epoch 104:	0.03244906  	0.13052164  	0.09077043  
2023-11-02 14:51:38.908: Find a better model.
2023-11-02 14:51:51.326: [iter 105 : loss : -0.2323 = 0.0979 + -0.3422 + 0.0138 + -0.0018, time: 12.404752]
2023-11-02 14:51:52.008: epoch 105:	0.03243015  	0.13051286  	0.09090162  
2023-11-02 14:52:04.585: [iter 106 : loss : -0.2315 = 0.1016 + -0.3452 + 0.0139 + -0.0018, time: 12.560192]
2023-11-02 14:52:05.203: epoch 106:	0.03253104  	0.13087131  	0.09092620  
2023-11-02 14:52:05.203: Find a better model.
2023-11-02 14:52:17.961: [iter 107 : loss : -0.2360 = 0.0996 + -0.3478 + 0.0141 + -0.0018, time: 12.744945]
2023-11-02 14:52:18.620: epoch 107:	0.03243645  	0.13053221  	0.09089449  
2023-11-02 14:52:31.149: [iter 108 : loss : -0.2375 = 0.1007 + -0.3507 + 0.0142 + -0.0018, time: 12.515998]
2023-11-02 14:52:31.806: epoch 108:	0.03258149  	0.13115989  	0.09125889  
2023-11-02 14:52:31.806: Find a better model.
2023-11-02 14:52:44.302: [iter 109 : loss : -0.2436 = 0.0974 + -0.3536 + 0.0143 + -0.0018, time: 12.483153]
2023-11-02 14:52:44.960: epoch 109:	0.03265087  	0.13133936  	0.09145513  
2023-11-02 14:52:44.961: Find a better model.
2023-11-02 14:52:57.432: [iter 110 : loss : -0.2430 = 0.1007 + -0.3564 + 0.0145 + -0.0018, time: 12.457076]
2023-11-02 14:52:58.124: epoch 110:	0.03253735  	0.13083397  	0.09132910  
2023-11-02 14:53:10.498: [iter 111 : loss : -0.2498 = 0.0967 + -0.3593 + 0.0146 + -0.0018, time: 12.356509]
2023-11-02 14:53:11.162: epoch 111:	0.03272023  	0.13145791  	0.09174865  
2023-11-02 14:53:11.163: Find a better model.
2023-11-02 14:53:23.619: [iter 112 : loss : -0.2457 = 0.1031 + -0.3617 + 0.0148 + -0.0019, time: 12.443387]
2023-11-02 14:53:24.266: epoch 112:	0.03279590  	0.13166764  	0.09194537  
2023-11-02 14:53:24.266: Find a better model.
2023-11-02 14:53:36.382: [iter 113 : loss : -0.2530 = 0.0981 + -0.3642 + 0.0149 + -0.0019, time: 12.102098]
2023-11-02 14:53:37.035: epoch 113:	0.03272654  	0.13166271  	0.09206119  
2023-11-02 14:53:49.505: [iter 114 : loss : -0.2548 = 0.0994 + -0.3674 + 0.0151 + -0.0019, time: 12.451288]
2023-11-02 14:53:50.148: epoch 114:	0.03276439  	0.13185789  	0.09210812  
2023-11-02 14:53:50.148: Find a better model.
2023-11-02 14:54:02.678: [iter 115 : loss : -0.2540 = 0.1028 + -0.3701 + 0.0152 + -0.0019, time: 12.516890]
2023-11-02 14:54:03.328: epoch 115:	0.03294726  	0.13247301  	0.09250082  
2023-11-02 14:54:03.329: Find a better model.
2023-11-02 14:54:15.941: [iter 116 : loss : -0.2579 = 0.1016 + -0.3730 + 0.0154 + -0.0019, time: 12.595998]
2023-11-02 14:54:16.572: epoch 116:	0.03294725  	0.13247453  	0.09259275  
2023-11-02 14:54:16.572: Find a better model.
2023-11-02 14:54:28.953: [iter 117 : loss : -0.2608 = 0.1006 + -0.3750 + 0.0155 + -0.0019, time: 12.365698]
2023-11-02 14:54:29.615: epoch 117:	0.03301032  	0.13273872  	0.09257028  
2023-11-02 14:54:29.615: Find a better model.
2023-11-02 14:54:41.807: [iter 118 : loss : -0.2663 = 0.0976 + -0.3777 + 0.0157 + -0.0019, time: 12.178667]
2023-11-02 14:54:42.447: epoch 118:	0.03303554  	0.13292858  	0.09271800  
2023-11-02 14:54:42.447: Find a better model.
2023-11-02 14:54:54.861: [iter 119 : loss : -0.2650 = 0.1016 + -0.3805 + 0.0158 + -0.0020, time: 12.400782]
2023-11-02 14:54:55.507: epoch 119:	0.03306706  	0.13325922  	0.09288343  
2023-11-02 14:54:55.508: Find a better model.
2023-11-02 14:55:07.980: [iter 120 : loss : -0.2683 = 0.1008 + -0.3831 + 0.0160 + -0.0020, time: 12.452523]
2023-11-02 14:55:08.604: epoch 120:	0.03303553  	0.13306162  	0.09289870  
2023-11-02 14:55:20.992: [iter 121 : loss : -0.2684 = 0.1031 + -0.3857 + 0.0161 + -0.0020, time: 12.374972]
2023-11-02 14:55:21.594: epoch 121:	0.03298509  	0.13284136  	0.09280393  
2023-11-02 14:55:34.000: [iter 122 : loss : -0.2724 = 0.1015 + -0.3881 + 0.0162 + -0.0020, time: 12.390190]
2023-11-02 14:55:34.668: epoch 122:	0.03306707  	0.13326308  	0.09302344  
2023-11-02 14:55:34.668: Find a better model.
2023-11-02 14:55:47.103: [iter 123 : loss : -0.2750 = 0.1014 + -0.3908 + 0.0164 + -0.0020, time: 12.416229]
2023-11-02 14:55:47.793: epoch 123:	0.03304815  	0.13329701  	0.09314027  
2023-11-02 14:55:47.793: Find a better model.
2023-11-02 14:56:00.128: [iter 124 : loss : -0.2767 = 0.1021 + -0.3933 + 0.0165 + -0.0020, time: 12.319479]
2023-11-02 14:56:00.769: epoch 124:	0.03321841  	0.13402209  	0.09343851  
2023-11-02 14:56:00.769: Find a better model.
2023-11-02 14:56:13.137: [iter 125 : loss : -0.2759 = 0.1052 + -0.3958 + 0.0167 + -0.0020, time: 12.352906]
2023-11-02 14:56:13.807: epoch 125:	0.03322472  	0.13412809  	0.09351427  
2023-11-02 14:56:13.807: Find a better model.
2023-11-02 14:56:26.300: [iter 126 : loss : -0.2819 = 0.1014 + -0.3981 + 0.0168 + -0.0020, time: 12.479011]
2023-11-02 14:56:26.898: epoch 126:	0.03320580  	0.13404387  	0.09352007  
2023-11-02 14:56:39.255: [iter 127 : loss : -0.2858 = 0.1000 + -0.4007 + 0.0170 + -0.0021, time: 12.343371]
2023-11-02 14:56:39.891: epoch 127:	0.03323733  	0.13404079  	0.09368635  
2023-11-02 14:56:52.183: [iter 128 : loss : -0.2854 = 0.1025 + -0.4029 + 0.0171 + -0.0021, time: 12.273949]
2023-11-02 14:56:52.845: epoch 128:	0.03330671  	0.13448051  	0.09386744  
2023-11-02 14:56:52.846: Find a better model.
2023-11-02 14:57:05.172: [iter 129 : loss : -0.2881 = 0.1024 + -0.4056 + 0.0173 + -0.0021, time: 12.314040]
2023-11-02 14:57:05.845: epoch 129:	0.03334454  	0.13462608  	0.09383453  
2023-11-02 14:57:05.846: Find a better model.
2023-11-02 14:57:18.268: [iter 130 : loss : -0.2910 = 0.1016 + -0.4079 + 0.0174 + -0.0021, time: 12.409433]
2023-11-02 14:57:18.937: epoch 130:	0.03342023  	0.13498662  	0.09396631  
2023-11-02 14:57:18.937: Find a better model.
2023-11-02 14:57:31.263: [iter 131 : loss : -0.2953 = 0.0998 + -0.4106 + 0.0176 + -0.0021, time: 12.311919]
2023-11-02 14:57:31.866: epoch 131:	0.03357159  	0.13565290  	0.09431470  
2023-11-02 14:57:31.867: Find a better model.
2023-11-02 14:57:44.231: [iter 132 : loss : -0.2923 = 0.1047 + -0.4126 + 0.0177 + -0.0021, time: 12.351837]
2023-11-02 14:57:44.863: epoch 132:	0.03362834  	0.13593279  	0.09438100  
2023-11-02 14:57:44.863: Find a better model.
2023-11-02 14:57:57.254: [iter 133 : loss : -0.2959 = 0.1034 + -0.4151 + 0.0179 + -0.0021, time: 12.371327]
2023-11-02 14:57:57.896: epoch 133:	0.03365357  	0.13607529  	0.09443575  
2023-11-02 14:57:57.896: Find a better model.
2023-11-02 14:58:10.089: [iter 134 : loss : -0.2983 = 0.1035 + -0.4176 + 0.0180 + -0.0021, time: 12.179625]
2023-11-02 14:58:10.754: epoch 134:	0.03372293  	0.13630135  	0.09466809  
2023-11-02 14:58:10.754: Find a better model.
2023-11-02 14:58:23.207: [iter 135 : loss : -0.3013 = 0.1027 + -0.4200 + 0.0181 + -0.0022, time: 12.438014]
2023-11-02 14:58:23.831: epoch 135:	0.03386167  	0.13681427  	0.09495226  
2023-11-02 14:58:23.832: Find a better model.
2023-11-02 14:58:36.274: [iter 136 : loss : -0.3062 = 0.1002 + -0.4226 + 0.0183 + -0.0022, time: 12.430750]
2023-11-02 14:58:36.961: epoch 136:	0.03384274  	0.13667265  	0.09500874  
2023-11-02 14:58:49.347: [iter 137 : loss : -0.3045 = 0.1040 + -0.4248 + 0.0184 + -0.0022, time: 12.369754]
2023-11-02 14:58:49.974: epoch 137:	0.03379229  	0.13640006  	0.09504444  
2023-11-02 14:59:02.523: [iter 138 : loss : -0.3078 = 0.1027 + -0.4268 + 0.0186 + -0.0022, time: 12.534375]
2023-11-02 14:59:03.170: epoch 138:	0.03383643  	0.13653392  	0.09499495  
2023-11-02 14:59:15.527: [iter 139 : loss : -0.3097 = 0.1036 + -0.4299 + 0.0187 + -0.0022, time: 12.341046]
2023-11-02 14:59:16.190: epoch 139:	0.03389320  	0.13673253  	0.09515798  
2023-11-02 14:59:28.530: [iter 140 : loss : -0.3085 = 0.1068 + -0.4320 + 0.0189 + -0.0022, time: 12.325710]
2023-11-02 14:59:29.171: epoch 140:	0.03394365  	0.13699687  	0.09539200  
2023-11-02 14:59:29.171: Find a better model.
2023-11-02 14:59:41.757: [iter 141 : loss : -0.3130 = 0.1043 + -0.4341 + 0.0190 + -0.0022, time: 12.571810]
2023-11-02 14:59:42.418: epoch 141:	0.03397518  	0.13718115  	0.09567999  
2023-11-02 14:59:42.418: Find a better model.
2023-11-02 14:59:54.867: [iter 142 : loss : -0.3151 = 0.1040 + -0.4360 + 0.0192 + -0.0022, time: 12.434037]
2023-11-02 14:59:55.507: epoch 142:	0.03393103  	0.13694286  	0.09545622  
2023-11-02 15:00:08.045: [iter 143 : loss : -0.3147 = 0.1067 + -0.4385 + 0.0193 + -0.0023, time: 12.524945]
2023-11-02 15:00:08.690: epoch 143:	0.03400039  	0.13735071  	0.09557798  
2023-11-02 15:00:08.690: Find a better model.
2023-11-02 15:00:21.040: [iter 144 : loss : -0.3186 = 0.1048 + -0.4406 + 0.0194 + -0.0023, time: 12.337029]
2023-11-02 15:00:21.705: epoch 144:	0.03409498  	0.13783081  	0.09592203  
2023-11-02 15:00:21.705: Find a better model.
2023-11-02 15:00:34.174: [iter 145 : loss : -0.3233 = 0.1022 + -0.4429 + 0.0196 + -0.0023, time: 12.456353]
2023-11-02 15:00:34.827: epoch 145:	0.03404454  	0.13757947  	0.09581885  
2023-11-02 15:00:47.072: [iter 146 : loss : -0.3214 = 0.1062 + -0.4451 + 0.0197 + -0.0023, time: 12.231376]
2023-11-02 15:00:47.672: epoch 146:	0.03415173  	0.13790798  	0.09591330  
2023-11-02 15:00:47.672: Find a better model.
2023-11-02 15:01:00.238: [iter 147 : loss : -0.3234 = 0.1063 + -0.4473 + 0.0199 + -0.0023, time: 12.553751]
2023-11-02 15:01:00.899: epoch 147:	0.03406346  	0.13760261  	0.09589162  
2023-11-02 15:01:13.192: [iter 148 : loss : -0.3264 = 0.1055 + -0.4496 + 0.0200 + -0.0023, time: 12.278804]
2023-11-02 15:01:13.857: epoch 148:	0.03412650  	0.13804944  	0.09615491  
2023-11-02 15:01:13.857: Find a better model.
2023-11-02 15:01:26.449: [iter 149 : loss : -0.3289 = 0.1050 + -0.4518 + 0.0202 + -0.0023, time: 12.578490]
2023-11-02 15:01:27.112: epoch 149:	0.03416435  	0.13826478  	0.09613733  
2023-11-02 15:01:27.112: Find a better model.
2023-11-02 15:01:39.288: [iter 150 : loss : -0.3266 = 0.1094 + -0.4540 + 0.0203 + -0.0023, time: 12.157202]
2023-11-02 15:01:39.887: epoch 150:	0.03424634  	0.13845553  	0.09622544  
2023-11-02 15:01:39.887: Find a better model.
2023-11-02 15:01:52.035: [iter 151 : loss : -0.3323 = 0.1056 + -0.4560 + 0.0204 + -0.0023, time: 12.125858]
2023-11-02 15:01:52.624: epoch 151:	0.03425895  	0.13847291  	0.09623150  
2023-11-02 15:01:52.625: Find a better model.
2023-11-02 15:02:04.888: [iter 152 : loss : -0.3321 = 0.1077 + -0.4581 + 0.0206 + -0.0024, time: 12.247932]
2023-11-02 15:02:05.564: epoch 152:	0.03420219  	0.13831331  	0.09635705  
2023-11-02 15:02:17.774: [iter 153 : loss : -0.3366 = 0.1054 + -0.4604 + 0.0207 + -0.0024, time: 12.182338]
2023-11-02 15:02:18.368: epoch 153:	0.03419589  	0.13822481  	0.09643228  
2023-11-02 15:02:30.416: [iter 154 : loss : -0.3347 = 0.1093 + -0.4626 + 0.0209 + -0.0024, time: 12.033165]
2023-11-02 15:02:31.048: epoch 154:	0.03417067  	0.13815103  	0.09637669  
2023-11-02 15:02:43.190: [iter 155 : loss : -0.3418 = 0.1042 + -0.4646 + 0.0210 + -0.0024, time: 12.124731]
2023-11-02 15:02:43.787: epoch 155:	0.03420220  	0.13826005  	0.09629830  
2023-11-02 15:02:55.781: [iter 156 : loss : -0.3420 = 0.1059 + -0.4667 + 0.0212 + -0.0024, time: 11.976507]
2023-11-02 15:02:56.370: epoch 156:	0.03430310  	0.13872287  	0.09653548  
2023-11-02 15:02:56.370: Find a better model.
2023-11-02 15:03:08.499: [iter 157 : loss : -0.3458 = 0.1042 + -0.4689 + 0.0213 + -0.0024, time: 12.115660]
2023-11-02 15:03:09.117: epoch 157:	0.03423374  	0.13829602  	0.09652135  
2023-11-02 15:03:21.171: [iter 158 : loss : -0.3443 = 0.1073 + -0.4707 + 0.0215 + -0.0024, time: 12.039904]
2023-11-02 15:03:21.846: epoch 158:	0.03427156  	0.13832560  	0.09654713  
2023-11-02 15:03:34.317: [iter 159 : loss : -0.3481 = 0.1059 + -0.4732 + 0.0216 + -0.0024, time: 12.453871]
2023-11-02 15:03:34.977: epoch 159:	0.03428419  	0.13845120  	0.09658302  
2023-11-02 15:03:47.433: [iter 160 : loss : -0.3513 = 0.1047 + -0.4753 + 0.0217 + -0.0024, time: 12.441316]
2023-11-02 15:03:48.091: epoch 160:	0.03426526  	0.13836929  	0.09650520  
2023-11-02 15:04:00.151: [iter 161 : loss : -0.3494 = 0.1083 + -0.4772 + 0.0219 + -0.0024, time: 12.041481]
2023-11-02 15:04:00.776: epoch 161:	0.03424634  	0.13858880  	0.09660019  
2023-11-02 15:04:12.800: [iter 162 : loss : -0.3514 = 0.1085 + -0.4795 + 0.0220 + -0.0025, time: 12.004844]
2023-11-02 15:04:13.380: epoch 162:	0.03429047  	0.13887472  	0.09673057  
2023-11-02 15:04:13.381: Find a better model.
2023-11-02 15:04:25.537: [iter 163 : loss : -0.3541 = 0.1076 + -0.4813 + 0.0222 + -0.0025, time: 12.139404]
2023-11-02 15:04:26.153: epoch 163:	0.03436615  	0.13893609  	0.09682969  
2023-11-02 15:04:26.153: Find a better model.
2023-11-02 15:04:38.428: [iter 164 : loss : -0.3545 = 0.1091 + -0.4835 + 0.0223 + -0.0025, time: 12.260145]
2023-11-02 15:04:38.996: epoch 164:	0.03436615  	0.13892652  	0.09689699  
2023-11-02 15:04:51.126: [iter 165 : loss : -0.3570 = 0.1089 + -0.4858 + 0.0225 + -0.0025, time: 12.112210]
2023-11-02 15:04:51.720: epoch 165:	0.03445444  	0.13923313  	0.09720147  
2023-11-02 15:04:51.720: Find a better model.
2023-11-02 15:05:03.720: [iter 166 : loss : -0.3597 = 0.1079 + -0.4878 + 0.0226 + -0.0025, time: 11.984736]
2023-11-02 15:05:04.343: epoch 166:	0.03443551  	0.13937141  	0.09712607  
2023-11-02 15:05:04.343: Find a better model.
2023-11-02 15:05:16.593: [iter 167 : loss : -0.3628 = 0.1068 + -0.4899 + 0.0228 + -0.0025, time: 12.231524]
2023-11-02 15:05:17.186: epoch 167:	0.03437246  	0.13898055  	0.09717098  
2023-11-02 15:05:29.390: [iter 168 : loss : -0.3642 = 0.1076 + -0.4921 + 0.0229 + -0.0025, time: 12.187594]
2023-11-02 15:05:29.936: epoch 168:	0.03437876  	0.13909237  	0.09711050  
2023-11-02 15:05:42.029: [iter 169 : loss : -0.3622 = 0.1111 + -0.4938 + 0.0230 + -0.0025, time: 12.075875]
2023-11-02 15:05:42.649: epoch 169:	0.03439768  	0.13925794  	0.09722281  
2023-11-02 15:05:55.221: [iter 170 : loss : -0.3657 = 0.1093 + -0.4956 + 0.0232 + -0.0025, time: 12.554352]
2023-11-02 15:05:55.844: epoch 170:	0.03445442  	0.13942859  	0.09736338  
2023-11-02 15:05:55.844: Find a better model.
2023-11-02 15:06:08.235: [iter 171 : loss : -0.3690 = 0.1081 + -0.4978 + 0.0233 + -0.0026, time: 12.375120]
2023-11-02 15:06:08.910: epoch 171:	0.03448595  	0.13961358  	0.09757695  
2023-11-02 15:06:08.910: Find a better model.
2023-11-02 15:06:21.277: [iter 172 : loss : -0.3737 = 0.1053 + -0.5000 + 0.0235 + -0.0026, time: 12.349934]
2023-11-02 15:06:21.939: epoch 172:	0.03459316  	0.13993572  	0.09763221  
2023-11-02 15:06:21.939: Find a better model.
2023-11-02 15:06:34.605: [iter 173 : loss : -0.3711 = 0.1096 + -0.5018 + 0.0236 + -0.0026, time: 12.648184]
2023-11-02 15:06:35.242: epoch 173:	0.03478233  	0.14079267  	0.09807758  
2023-11-02 15:06:35.242: Find a better model.
2023-11-02 15:06:47.571: [iter 174 : loss : -0.3730 = 0.1098 + -0.5040 + 0.0238 + -0.0026, time: 12.315718]
2023-11-02 15:06:48.198: epoch 174:	0.03476341  	0.14072242  	0.09802383  
2023-11-02 15:07:00.699: [iter 175 : loss : -0.3741 = 0.1103 + -0.5057 + 0.0239 + -0.0026, time: 12.488641]
2023-11-02 15:07:01.370: epoch 175:	0.03476972  	0.14076787  	0.09800221  
2023-11-02 15:07:13.837: [iter 176 : loss : -0.3771 = 0.1091 + -0.5076 + 0.0241 + -0.0026, time: 12.449692]
2023-11-02 15:07:14.504: epoch 176:	0.03483909  	0.14110544  	0.09826537  
2023-11-02 15:07:14.504: Find a better model.
2023-11-02 15:07:26.960: [iter 177 : loss : -0.3767 = 0.1116 + -0.5099 + 0.0242 + -0.0026, time: 12.440795]
2023-11-02 15:07:27.620: epoch 177:	0.03489583  	0.14111750  	0.09836002  
2023-11-02 15:07:27.620: Find a better model.
2023-11-02 15:07:40.162: [iter 178 : loss : -0.3799 = 0.1104 + -0.5120 + 0.0244 + -0.0026, time: 12.520871]
2023-11-02 15:07:40.802: epoch 178:	0.03487692  	0.14111182  	0.09825844  
2023-11-02 15:07:53.100: [iter 179 : loss : -0.3815 = 0.1106 + -0.5139 + 0.0245 + -0.0026, time: 12.286318]
2023-11-02 15:07:53.764: epoch 179:	0.03483908  	0.14081427  	0.09808105  
2023-11-02 15:08:06.168: [iter 180 : loss : -0.3798 = 0.1137 + -0.5155 + 0.0246 + -0.0026, time: 12.380958]
2023-11-02 15:08:06.801: epoch 180:	0.03486429  	0.14114158  	0.09830306  
2023-11-02 15:08:06.801: Find a better model.
2023-11-02 15:08:19.231: [iter 181 : loss : -0.3798 = 0.1158 + -0.5177 + 0.0248 + -0.0027, time: 12.408882]
2023-11-02 15:08:19.923: epoch 181:	0.03490214  	0.14133535  	0.09832074  
2023-11-02 15:08:19.923: Find a better model.
2023-11-02 15:08:32.471: [iter 182 : loss : -0.3870 = 0.1102 + -0.5195 + 0.0249 + -0.0027, time: 12.528737]
2023-11-02 15:08:33.136: epoch 182:	0.03490843  	0.14111745  	0.09821291  
2023-11-02 15:08:45.467: [iter 183 : loss : -0.3897 = 0.1089 + -0.5211 + 0.0251 + -0.0027, time: 12.314878]
2023-11-02 15:08:46.159: epoch 183:	0.03488321  	0.14116348  	0.09828579  
2023-11-02 15:08:58.846: [iter 184 : loss : -0.3895 = 0.1111 + -0.5231 + 0.0252 + -0.0027, time: 12.667581]
2023-11-02 15:08:59.485: epoch 184:	0.03490845  	0.14125997  	0.09836665  
2023-11-02 15:09:11.858: [iter 185 : loss : -0.3930 = 0.1092 + -0.5248 + 0.0254 + -0.0027, time: 12.360857]
2023-11-02 15:09:12.514: epoch 185:	0.03492736  	0.14141908  	0.09837589  
2023-11-02 15:09:12.514: Find a better model.
2023-11-02 15:09:24.944: [iter 186 : loss : -0.3925 = 0.1116 + -0.5269 + 0.0255 + -0.0027, time: 12.412577]
2023-11-02 15:09:25.615: epoch 186:	0.03499672  	0.14161824  	0.09859079  
2023-11-02 15:09:25.615: Find a better model.
2023-11-02 15:09:38.199: [iter 187 : loss : -0.3939 = 0.1122 + -0.5290 + 0.0256 + -0.0027, time: 12.567487]
2023-11-02 15:09:38.859: epoch 187:	0.03496519  	0.14145847  	0.09859058  
2023-11-02 15:09:51.266: [iter 188 : loss : -0.3915 = 0.1157 + -0.5303 + 0.0258 + -0.0027, time: 12.390724]
2023-11-02 15:09:51.934: epoch 188:	0.03492735  	0.14133368  	0.09855206  
2023-11-02 15:10:04.422: [iter 189 : loss : -0.3992 = 0.1102 + -0.5326 + 0.0259 + -0.0027, time: 12.471645]
2023-11-02 15:10:05.095: epoch 189:	0.03494627  	0.14153743  	0.09878478  
2023-11-02 15:10:17.516: [iter 190 : loss : -0.3964 = 0.1144 + -0.5340 + 0.0261 + -0.0027, time: 12.406694]
2023-11-02 15:10:18.189: epoch 190:	0.03505979  	0.14204223  	0.09895829  
2023-11-02 15:10:18.189: Find a better model.
2023-11-02 15:10:30.666: [iter 191 : loss : -0.3984 = 0.1145 + -0.5364 + 0.0262 + -0.0027, time: 12.462339]
2023-11-02 15:10:31.301: epoch 191:	0.03504718  	0.14211516  	0.09908028  
2023-11-02 15:10:31.301: Find a better model.
2023-11-02 15:10:43.779: [iter 192 : loss : -0.4004 = 0.1141 + -0.5381 + 0.0264 + -0.0028, time: 12.460321]
2023-11-02 15:10:44.456: epoch 192:	0.03511023  	0.14222474  	0.09910949  
2023-11-02 15:10:44.456: Find a better model.
2023-11-02 15:10:56.953: [iter 193 : loss : -0.4031 = 0.1133 + -0.5401 + 0.0265 + -0.0028, time: 12.483864]
2023-11-02 15:10:57.621: epoch 193:	0.03504087  	0.14184771  	0.09916817  
2023-11-02 15:11:10.135: [iter 194 : loss : -0.4051 = 0.1128 + -0.5417 + 0.0266 + -0.0028, time: 12.500110]
2023-11-02 15:11:10.822: epoch 194:	0.03497780  	0.14150223  	0.09899801  
2023-11-02 15:11:23.130: [iter 195 : loss : -0.4076 = 0.1118 + -0.5434 + 0.0268 + -0.0028, time: 12.289913]
2023-11-02 15:11:23.809: epoch 195:	0.03502194  	0.14165756  	0.09906361  
2023-11-02 15:11:36.119: [iter 196 : loss : -0.4061 = 0.1151 + -0.5453 + 0.0269 + -0.0028, time: 12.294140]
2023-11-02 15:11:36.738: epoch 196:	0.03493997  	0.14129642  	0.09880660  
2023-11-02 15:11:48.772: [iter 197 : loss : -0.4069 = 0.1162 + -0.5473 + 0.0271 + -0.0028, time: 12.020319]
2023-11-02 15:11:49.384: epoch 197:	0.03493997  	0.14125055  	0.09886178  
2023-11-02 15:12:01.395: [iter 198 : loss : -0.4122 = 0.1125 + -0.5491 + 0.0272 + -0.0028, time: 11.998829]
2023-11-02 15:12:02.033: epoch 198:	0.03495889  	0.14133340  	0.09905246  
2023-11-02 15:12:14.219: [iter 199 : loss : -0.4148 = 0.1114 + -0.5507 + 0.0274 + -0.0028, time: 12.168941]
2023-11-02 15:12:14.839: epoch 199:	0.03499043  	0.14150718  	0.09909224  
2023-11-02 15:12:26.875: [iter 200 : loss : -0.4097 = 0.1183 + -0.5527 + 0.0275 + -0.0028, time: 12.018977]
2023-11-02 15:12:27.475: epoch 200:	0.03507870  	0.14190577  	0.09945932  
2023-11-02 15:12:27.476: best_result@epoch 192:

2023-11-02 15:12:27.476: 		0.0351      	0.1422      	0.0991      
