2023-05-03 17:11:07.277: my pid: 20557
2023-05-03 17:11:07.277: model: model.general_recommender.GNNEC
2023-05-03 17:11:07.277: Dataset statistics:
Name: amazon-book
The number of users: 7928
The number of items: 29346
The number of ratings: 460224
Average actions of users: 58.05
Average actions of items: 15.68
The sparsity of the dataset: 99.802186%

The number of training: 417417
The number of validation: 0
The number of testing: 42807
2023-05-03 17:11:07.277: NeuRec:[NeuRec]:
recommender=GNNEC
dataset=amazon-book
file_column=UI
sep=','
gpu_id=0
gpu_mem=0.99
metric=["Precision", "Recall", "NDCG"]
top_k=[20]
test_thread=8
test_batch_size=128
seed=2021
start_testing_epoch=0

GNNEC:[hyperparameters]:
mf_reg=1e-4
svd_q=5
aug_type=ND
reg=1e-4
embed_size=64
n_layers=2
ssl_reg=0.02
ssl_ratio=0.5
ssl_temp=0.8
ssl_mode=both_side
lr=1e-3
learner=adam
adj_type=pre
epochs=200
batch_size=2048
num_negatives=1
param_init=xavier_uniform
stddev=0.01
verbose=1
stop_cnt=10
pretrain_flag=0
save_flag=1

Command line:
recommender=GNNEC
save_flag=1
pretrain_flag=0
dataset=amazon-book
epochs=200
n_layers=2
embed_size=64
batch_size=2048
lr=1e-3
aug_type=ND
reg=1e-4
ssl_reg=0.02
ssl_ratio=0.5
ssl_temp=0.8
mf_reg=1e-4
svd_q=5
2023-05-03 17:11:12.341: metrics:	Precision@20	Recall@20   	NDCG@20     
2023-05-03 17:11:43.691: [iter 1 : loss : 0.9261 = 0.5592 + 0.3650 + 0.0001 + 0.0018, time: 31.349276]
2023-05-03 17:11:44.338: epoch 1:	0.00932137  	0.03529648  	0.02357606  
2023-05-03 17:11:44.338: Find a better model.
2023-05-03 17:11:44.338: Save model to file as pretrain.
2023-05-03 17:12:15.697: [iter 2 : loss : 0.6495 = 0.3051 + 0.3424 + 0.0003 + 0.0017, time: 31.318777]
2023-05-03 17:12:16.337: epoch 2:	0.01012236  	0.03900507  	0.02592614  
2023-05-03 17:12:16.337: Find a better model.
2023-05-03 17:12:16.337: Save model to file as pretrain.
2023-05-03 17:12:47.743: [iter 3 : loss : 0.5706 = 0.2352 + 0.3333 + 0.0004 + 0.0017, time: 31.368309]
2023-05-03 17:12:48.360: epoch 3:	0.01070261  	0.04132550  	0.02765875  
2023-05-03 17:12:48.360: Find a better model.
2023-05-03 17:12:48.360: Save model to file as pretrain.
2023-05-03 17:13:19.910: [iter 4 : loss : 0.5312 = 0.2020 + 0.3270 + 0.0005 + 0.0017, time: 31.512510]
2023-05-03 17:13:20.543: epoch 4:	0.01125132  	0.04356121  	0.02945889  
2023-05-03 17:13:20.543: Find a better model.
2023-05-03 17:13:20.544: Save model to file as pretrain.
2023-05-03 17:13:52.309: [iter 5 : loss : 0.5037 = 0.1795 + 0.3220 + 0.0006 + 0.0016, time: 31.726118]
2023-05-03 17:13:52.938: epoch 5:	0.01171804  	0.04547897  	0.03060319  
2023-05-03 17:13:52.938: Find a better model.
2023-05-03 17:13:52.938: Save model to file as pretrain.
2023-05-03 17:14:24.632: [iter 6 : loss : 0.4840 = 0.1637 + 0.3180 + 0.0007 + 0.0016, time: 31.650170]
2023-05-03 17:14:25.242: epoch 6:	0.01217845  	0.04719628  	0.03201646  
2023-05-03 17:14:25.243: Find a better model.
2023-05-03 17:14:25.243: Save model to file as pretrain.
2023-05-03 17:14:57.042: [iter 7 : loss : 0.4675 = 0.1507 + 0.3144 + 0.0008 + 0.0016, time: 31.762921]
2023-05-03 17:14:57.668: epoch 7:	0.01272085  	0.04926161  	0.03339219  
2023-05-03 17:14:57.668: Find a better model.
2023-05-03 17:14:57.669: Save model to file as pretrain.
2023-05-03 17:15:29.681: [iter 8 : loss : 0.4544 = 0.1408 + 0.3112 + 0.0008 + 0.0016, time: 31.975004]
2023-05-03 17:15:30.319: epoch 8:	0.01312450  	0.05083520  	0.03461821  
2023-05-03 17:15:30.319: Find a better model.
2023-05-03 17:15:30.319: Save model to file as pretrain.
2023-05-03 17:16:02.277: [iter 9 : loss : 0.4429 = 0.1320 + 0.3084 + 0.0009 + 0.0016, time: 31.916024]
2023-05-03 17:16:02.918: epoch 9:	0.01351553  	0.05245719  	0.03572298  
2023-05-03 17:16:02.919: Find a better model.
2023-05-03 17:16:02.919: Save model to file as pretrain.
2023-05-03 17:16:35.021: [iter 10 : loss : 0.4330 = 0.1248 + 0.3057 + 0.0010 + 0.0016, time: 32.065367]
2023-05-03 17:16:35.628: epoch 10:	0.01383088  	0.05353826  	0.03657046  
2023-05-03 17:16:35.628: Find a better model.
2023-05-03 17:16:35.628: Save model to file as pretrain.
2023-05-03 17:17:07.710: [iter 11 : loss : 0.4240 = 0.1182 + 0.3032 + 0.0010 + 0.0016, time: 32.046668]
2023-05-03 17:17:08.342: epoch 11:	0.01410208  	0.05460257  	0.03733281  
2023-05-03 17:17:08.343: Find a better model.
2023-05-03 17:17:08.343: Save model to file as pretrain.
2023-05-03 17:17:40.424: [iter 12 : loss : 0.4161 = 0.1126 + 0.3009 + 0.0011 + 0.0015, time: 32.038785]
2023-05-03 17:17:41.049: epoch 12:	0.01441112  	0.05588942  	0.03800294  
2023-05-03 17:17:41.049: Find a better model.
2023-05-03 17:17:41.049: Save model to file as pretrain.
2023-05-03 17:18:13.025: [iter 13 : loss : 0.4091 = 0.1078 + 0.2987 + 0.0011 + 0.0015, time: 31.938738]
2023-05-03 17:18:13.652: epoch 13:	0.01470755  	0.05738667  	0.03889303  
2023-05-03 17:18:13.652: Find a better model.
2023-05-03 17:18:13.652: Save model to file as pretrain.
2023-05-03 17:18:45.568: [iter 14 : loss : 0.4025 = 0.1032 + 0.2966 + 0.0012 + 0.0015, time: 31.876914]
2023-05-03 17:18:46.192: epoch 14:	0.01507335  	0.05898122  	0.03991571  
2023-05-03 17:18:46.192: Find a better model.
2023-05-03 17:18:46.192: Save model to file as pretrain.
2023-05-03 17:19:17.960: [iter 15 : loss : 0.3958 = 0.0985 + 0.2946 + 0.0013 + 0.0015, time: 31.728201]
2023-05-03 17:19:18.574: epoch 15:	0.01545806  	0.06032906  	0.04090266  
2023-05-03 17:19:18.574: Find a better model.
2023-05-03 17:19:18.574: Save model to file as pretrain.
2023-05-03 17:19:50.526: [iter 16 : loss : 0.3905 = 0.0951 + 0.2925 + 0.0013 + 0.0015, time: 31.917461]
2023-05-03 17:19:51.207: epoch 16:	0.01575450  	0.06174097  	0.04186057  
2023-05-03 17:19:51.208: Find a better model.
2023-05-03 17:19:51.208: Save model to file as pretrain.
2023-05-03 17:20:23.008: [iter 17 : loss : 0.3848 = 0.0914 + 0.2905 + 0.0014 + 0.0015, time: 31.756186]
2023-05-03 17:20:23.652: epoch 17:	0.01605723  	0.06301598  	0.04266494  
2023-05-03 17:20:23.652: Find a better model.
2023-05-03 17:20:23.652: Save model to file as pretrain.
2023-05-03 17:20:55.329: [iter 18 : loss : 0.3804 = 0.0889 + 0.2887 + 0.0014 + 0.0015, time: 31.637355]
2023-05-03 17:20:56.014: epoch 18:	0.01634735  	0.06422790  	0.04330721  
2023-05-03 17:20:56.014: Find a better model.
2023-05-03 17:20:56.014: Save model to file as pretrain.
2023-05-03 17:21:27.932: [iter 19 : loss : 0.3749 = 0.0851 + 0.2868 + 0.0015 + 0.0015, time: 31.880103]
2023-05-03 17:21:28.568: epoch 19:	0.01667532  	0.06544545  	0.04426923  
2023-05-03 17:21:28.568: Find a better model.
2023-05-03 17:21:28.568: Save model to file as pretrain.
2023-05-03 17:22:00.365: [iter 20 : loss : 0.3697 = 0.0816 + 0.2850 + 0.0016 + 0.0015, time: 31.753156]
2023-05-03 17:22:01.020: epoch 20:	0.01683930  	0.06625126  	0.04483036  
2023-05-03 17:22:01.020: Find a better model.
2023-05-03 17:22:01.020: Save model to file as pretrain.
2023-05-03 17:22:32.753: [iter 21 : loss : 0.3666 = 0.0803 + 0.2832 + 0.0016 + 0.0015, time: 31.690965]
2023-05-03 17:22:33.415: epoch 21:	0.01714204  	0.06740776  	0.04558984  
2023-05-03 17:22:33.416: Find a better model.
2023-05-03 17:22:33.416: Save model to file as pretrain.
2023-05-03 17:23:05.296: [iter 22 : loss : 0.3617 = 0.0772 + 0.2814 + 0.0017 + 0.0014, time: 31.834438]
2023-05-03 17:23:05.938: epoch 22:	0.01739433  	0.06855015  	0.04658845  
2023-05-03 17:23:05.938: Find a better model.
2023-05-03 17:23:05.938: Save model to file as pretrain.
2023-05-03 17:23:37.807: [iter 23 : loss : 0.3583 = 0.0753 + 0.2798 + 0.0017 + 0.0014, time: 31.818770]
2023-05-03 17:23:38.439: epoch 23:	0.01774120  	0.06956792  	0.04726322  
2023-05-03 17:23:38.439: Find a better model.
2023-05-03 17:23:38.439: Save model to file as pretrain.
2023-05-03 17:24:10.178: [iter 24 : loss : 0.3545 = 0.0731 + 0.2782 + 0.0018 + 0.0014, time: 31.702532]
2023-05-03 17:24:10.813: epoch 24:	0.01804395  	0.07119546  	0.04821265  
2023-05-03 17:24:10.813: Find a better model.
2023-05-03 17:24:10.813: Save model to file as pretrain.
2023-05-03 17:24:42.748: [iter 25 : loss : 0.3496 = 0.0698 + 0.2765 + 0.0019 + 0.0014, time: 31.890450]
2023-05-03 17:24:43.375: epoch 25:	0.01836560  	0.07232336  	0.04905491  
2023-05-03 17:24:43.376: Find a better model.
2023-05-03 17:24:43.376: Save model to file as pretrain.
2023-05-03 17:25:15.197: [iter 26 : loss : 0.3461 = 0.0679 + 0.2749 + 0.0019 + 0.0014, time: 31.785491]
2023-05-03 17:25:15.841: epoch 26:	0.01858004  	0.07350553  	0.04992126  
2023-05-03 17:25:15.842: Find a better model.
2023-05-03 17:25:15.842: Save model to file as pretrain.
2023-05-03 17:25:47.628: [iter 27 : loss : 0.3432 = 0.0665 + 0.2733 + 0.0020 + 0.0014, time: 31.741882]
2023-05-03 17:25:48.226: epoch 27:	0.01897738  	0.07511681  	0.05077320  
2023-05-03 17:25:48.227: Find a better model.
2023-05-03 17:25:48.227: Save model to file as pretrain.
2023-05-03 17:26:20.091: [iter 28 : loss : 0.3396 = 0.0644 + 0.2717 + 0.0021 + 0.0014, time: 31.827477]
2023-05-03 17:26:20.731: epoch 28:	0.01905306  	0.07521631  	0.05111625  
2023-05-03 17:26:20.731: Find a better model.
2023-05-03 17:26:20.732: Save model to file as pretrain.
2023-05-03 17:26:52.524: [iter 29 : loss : 0.3370 = 0.0633 + 0.2701 + 0.0021 + 0.0014, time: 31.753015]
2023-05-03 17:26:53.146: epoch 29:	0.01930535  	0.07661171  	0.05188828  
2023-05-03 17:26:53.146: Find a better model.
2023-05-03 17:26:53.146: Save model to file as pretrain.
2023-05-03 17:27:24.888: [iter 30 : loss : 0.3338 = 0.0616 + 0.2686 + 0.0022 + 0.0014, time: 31.704011]
2023-05-03 17:27:25.504: epoch 30:	0.01958286  	0.07752200  	0.05261771  
2023-05-03 17:27:25.504: Find a better model.
2023-05-03 17:27:25.504: Save model to file as pretrain.
2023-05-03 17:27:57.148: [iter 31 : loss : 0.3301 = 0.0593 + 0.2671 + 0.0023 + 0.0014, time: 31.607034]
2023-05-03 17:27:57.792: epoch 31:	0.01989821  	0.07888176  	0.05341158  
2023-05-03 17:27:57.792: Find a better model.
2023-05-03 17:27:57.792: Save model to file as pretrain.
2023-05-03 17:28:29.608: [iter 32 : loss : 0.3287 = 0.0595 + 0.2656 + 0.0023 + 0.0014, time: 31.765181]
2023-05-03 17:28:30.254: epoch 32:	0.02020724  	0.08020934  	0.05422938  
2023-05-03 17:28:30.255: Find a better model.
2023-05-03 17:28:30.255: Save model to file as pretrain.
2023-05-03 17:29:02.080: [iter 33 : loss : 0.3241 = 0.0562 + 0.2641 + 0.0024 + 0.0014, time: 31.780862]
2023-05-03 17:29:02.713: epoch 33:	0.02059197  	0.08185730  	0.05506813  
2023-05-03 17:29:02.713: Find a better model.
2023-05-03 17:29:02.713: Save model to file as pretrain.
2023-05-03 17:29:34.568: [iter 34 : loss : 0.3226 = 0.0563 + 0.2625 + 0.0025 + 0.0013, time: 31.819502]
2023-05-03 17:29:35.200: epoch 34:	0.02069918  	0.08222477  	0.05560762  
2023-05-03 17:29:35.200: Find a better model.
2023-05-03 17:29:35.200: Save model to file as pretrain.
2023-05-03 17:30:06.918: [iter 35 : loss : 0.3193 = 0.0542 + 0.2612 + 0.0025 + 0.0013, time: 31.680291]
2023-05-03 17:30:07.551: epoch 35:	0.02091992  	0.08320086  	0.05639668  
2023-05-03 17:30:07.552: Find a better model.
2023-05-03 17:30:07.552: Save model to file as pretrain.
2023-05-03 17:30:39.268: [iter 36 : loss : 0.3171 = 0.0533 + 0.2598 + 0.0026 + 0.0013, time: 31.678049]
2023-05-03 17:30:39.917: epoch 36:	0.02117221  	0.08414973  	0.05700704  
2023-05-03 17:30:39.918: Find a better model.
2023-05-03 17:30:39.918: Save model to file as pretrain.
2023-05-03 17:31:11.678: [iter 37 : loss : 0.3142 = 0.0519 + 0.2583 + 0.0027 + 0.0013, time: 31.708938]
2023-05-03 17:31:12.314: epoch 37:	0.02133618  	0.08472783  	0.05755007  
2023-05-03 17:31:12.314: Find a better model.
2023-05-03 17:31:12.314: Save model to file as pretrain.
2023-05-03 17:31:44.155: [iter 38 : loss : 0.3118 = 0.0508 + 0.2569 + 0.0027 + 0.0013, time: 31.801586]
2023-05-03 17:31:44.769: epoch 38:	0.02155062  	0.08576725  	0.05829533  
2023-05-03 17:31:44.770: Find a better model.
2023-05-03 17:31:44.770: Save model to file as pretrain.
2023-05-03 17:32:16.658: [iter 39 : loss : 0.3094 = 0.0498 + 0.2554 + 0.0028 + 0.0013, time: 31.853731]
2023-05-03 17:32:17.286: epoch 39:	0.02184074  	0.08677761  	0.05884590  
2023-05-03 17:32:17.286: Find a better model.
2023-05-03 17:32:17.286: Save model to file as pretrain.
2023-05-03 17:32:49.179: [iter 40 : loss : 0.3075 = 0.0494 + 0.2539 + 0.0029 + 0.0013, time: 31.853070]
2023-05-03 17:32:49.805: epoch 40:	0.02202995  	0.08792000  	0.05950444  
2023-05-03 17:32:49.805: Find a better model.
2023-05-03 17:32:49.805: Save model to file as pretrain.
2023-05-03 17:33:21.655: [iter 41 : loss : 0.3048 = 0.0479 + 0.2526 + 0.0029 + 0.0013, time: 31.814322]
2023-05-03 17:33:22.296: epoch 41:	0.02220655  	0.08849781  	0.06001875  
2023-05-03 17:33:22.296: Find a better model.
2023-05-03 17:33:22.296: Save model to file as pretrain.
2023-05-03 17:33:54.196: [iter 42 : loss : 0.3029 = 0.0472 + 0.2514 + 0.0030 + 0.0013, time: 31.859994]
2023-05-03 17:33:54.816: epoch 42:	0.02232638  	0.08903655  	0.06028615  
2023-05-03 17:33:54.816: Find a better model.
2023-05-03 17:33:54.816: Save model to file as pretrain.
2023-05-03 17:34:26.522: [iter 43 : loss : 0.3007 = 0.0464 + 0.2499 + 0.0031 + 0.0013, time: 31.667913]
2023-05-03 17:34:27.148: epoch 43:	0.02255343  	0.08988374  	0.06087251  
2023-05-03 17:34:27.149: Find a better model.
2023-05-03 17:34:27.149: Save model to file as pretrain.
2023-05-03 17:34:58.801: [iter 44 : loss : 0.2984 = 0.0454 + 0.2486 + 0.0032 + 0.0013, time: 31.609403]
2023-05-03 17:34:59.465: epoch 44:	0.02273633  	0.09046910  	0.06133830  
2023-05-03 17:34:59.465: Find a better model.
2023-05-03 17:34:59.465: Save model to file as pretrain.
2023-05-03 17:35:31.364: [iter 45 : loss : 0.2962 = 0.0445 + 0.2473 + 0.0032 + 0.0013, time: 31.855986]
2023-05-03 17:35:31.998: epoch 45:	0.02291924  	0.09137550  	0.06191851  
2023-05-03 17:35:31.998: Find a better model.
2023-05-03 17:35:31.998: Save model to file as pretrain.
2023-05-03 17:36:03.729: [iter 46 : loss : 0.2942 = 0.0437 + 0.2459 + 0.0033 + 0.0013, time: 31.691872]
2023-05-03 17:36:04.386: epoch 46:	0.02311475  	0.09214814  	0.06255288  
2023-05-03 17:36:04.387: Find a better model.
2023-05-03 17:36:04.387: Save model to file as pretrain.
2023-05-03 17:36:36.194: [iter 47 : loss : 0.2927 = 0.0435 + 0.2446 + 0.0034 + 0.0013, time: 31.764904]
2023-05-03 17:36:36.814: epoch 47:	0.02329134  	0.09288097  	0.06315447  
2023-05-03 17:36:36.814: Find a better model.
2023-05-03 17:36:36.814: Save model to file as pretrain.
2023-05-03 17:37:08.593: [iter 48 : loss : 0.2903 = 0.0423 + 0.2433 + 0.0035 + 0.0013, time: 31.741940]
2023-05-03 17:37:09.218: epoch 48:	0.02357516  	0.09393966  	0.06357632  
2023-05-03 17:37:09.219: Find a better model.
2023-05-03 17:37:09.219: Save model to file as pretrain.
2023-05-03 17:37:41.055: [iter 49 : loss : 0.2886 = 0.0418 + 0.2421 + 0.0035 + 0.0012, time: 31.797478]
2023-05-03 17:37:41.678: epoch 49:	0.02371391  	0.09446047  	0.06397524  
2023-05-03 17:37:41.678: Find a better model.
2023-05-03 17:37:41.678: Save model to file as pretrain.
2023-05-03 17:38:13.452: [iter 50 : loss : 0.2866 = 0.0411 + 0.2407 + 0.0036 + 0.0012, time: 31.731266]
2023-05-03 17:38:14.120: epoch 50:	0.02373914  	0.09463714  	0.06433757  
2023-05-03 17:38:14.120: Find a better model.
2023-05-03 17:38:14.120: Save model to file as pretrain.
2023-05-03 17:38:45.995: [iter 51 : loss : 0.2839 = 0.0396 + 0.2394 + 0.0037 + 0.0012, time: 31.829261]
2023-05-03 17:38:46.650: epoch 51:	0.02380221  	0.09503207  	0.06453171  
2023-05-03 17:38:46.650: Find a better model.
2023-05-03 17:38:46.650: Save model to file as pretrain.
2023-05-03 17:39:18.459: [iter 52 : loss : 0.2829 = 0.0397 + 0.2382 + 0.0038 + 0.0012, time: 31.771292]
2023-05-03 17:39:19.087: epoch 52:	0.02401034  	0.09597138  	0.06525896  
2023-05-03 17:39:19.087: Find a better model.
2023-05-03 17:39:19.088: Save model to file as pretrain.
2023-05-03 17:39:50.855: [iter 53 : loss : 0.2811 = 0.0391 + 0.2369 + 0.0038 + 0.0012, time: 31.725979]
2023-05-03 17:39:51.480: epoch 53:	0.02418062  	0.09704154  	0.06574621  
2023-05-03 17:39:51.481: Find a better model.
2023-05-03 17:39:51.481: Save model to file as pretrain.
2023-05-03 17:40:23.227: [iter 54 : loss : 0.2793 = 0.0385 + 0.2356 + 0.0039 + 0.0012, time: 31.710886]
2023-05-03 17:40:23.877: epoch 54:	0.02437613  	0.09757938  	0.06648736  
2023-05-03 17:40:23.877: Find a better model.
2023-05-03 17:40:23.877: Save model to file as pretrain.
2023-05-03 17:40:55.785: [iter 55 : loss : 0.2773 = 0.0377 + 0.2343 + 0.0040 + 0.0012, time: 31.866034]
2023-05-03 17:40:56.437: epoch 55:	0.02450858  	0.09822515  	0.06684041  
2023-05-03 17:40:56.437: Find a better model.
2023-05-03 17:40:56.437: Save model to file as pretrain.
2023-05-03 17:41:28.326: [iter 56 : loss : 0.2753 = 0.0369 + 0.2331 + 0.0041 + 0.0012, time: 31.847441]
2023-05-03 17:41:28.974: epoch 56:	0.02470410  	0.09888329  	0.06735711  
2023-05-03 17:41:28.974: Find a better model.
2023-05-03 17:41:28.974: Save model to file as pretrain.
2023-05-03 17:42:00.705: [iter 57 : loss : 0.2741 = 0.0369 + 0.2319 + 0.0042 + 0.0012, time: 31.690009]
2023-05-03 17:42:01.312: epoch 57:	0.02488701  	0.09979121  	0.06762557  
2023-05-03 17:42:01.312: Find a better model.
2023-05-03 17:42:01.312: Save model to file as pretrain.
2023-05-03 17:42:33.175: [iter 58 : loss : 0.2711 = 0.0352 + 0.2305 + 0.0042 + 0.0012, time: 31.826056]
2023-05-03 17:42:33.796: epoch 58:	0.02508253  	0.10045536  	0.06823599  
2023-05-03 17:42:33.796: Find a better model.
2023-05-03 17:42:33.796: Save model to file as pretrain.
2023-05-03 17:43:05.654: [iter 59 : loss : 0.2700 = 0.0352 + 0.2293 + 0.0043 + 0.0012, time: 31.822515]
2023-05-03 17:43:06.262: epoch 59:	0.02511406  	0.10062024  	0.06841897  
2023-05-03 17:43:06.262: Find a better model.
2023-05-03 17:43:06.262: Save model to file as pretrain.
2023-05-03 17:43:38.119: [iter 60 : loss : 0.2689 = 0.0353 + 0.2281 + 0.0044 + 0.0012, time: 31.820237]
2023-05-03 17:43:38.743: epoch 60:	0.02530328  	0.10165965  	0.06892125  
2023-05-03 17:43:38.743: Find a better model.
2023-05-03 17:43:38.743: Save model to file as pretrain.
2023-05-03 17:44:10.544: [iter 61 : loss : 0.2663 = 0.0339 + 0.2268 + 0.0045 + 0.0012, time: 31.764986]
2023-05-03 17:44:11.187: epoch 61:	0.02554925  	0.10279883  	0.06964114  
2023-05-03 17:44:11.187: Find a better model.
2023-05-03 17:44:11.187: Save model to file as pretrain.
2023-05-03 17:44:43.123: [iter 62 : loss : 0.2651 = 0.0338 + 0.2255 + 0.0046 + 0.0012, time: 31.892413]
2023-05-03 17:44:43.798: epoch 62:	0.02569432  	0.10360741  	0.07028043  
2023-05-03 17:44:43.799: Find a better model.
2023-05-03 17:44:43.799: Save model to file as pretrain.
2023-05-03 17:45:15.525: [iter 63 : loss : 0.2642 = 0.0340 + 0.2244 + 0.0046 + 0.0012, time: 31.684659]
2023-05-03 17:45:16.170: epoch 63:	0.02585829  	0.10412921  	0.07060656  
2023-05-03 17:45:16.170: Find a better model.
2023-05-03 17:45:16.170: Save model to file as pretrain.
2023-05-03 17:45:48.000: [iter 64 : loss : 0.2622 = 0.0331 + 0.2232 + 0.0047 + 0.0011, time: 31.787736]
2023-05-03 17:45:48.627: epoch 64:	0.02597813  	0.10464332  	0.07101145  
2023-05-03 17:45:48.628: Find a better model.
2023-05-03 17:45:48.628: Save model to file as pretrain.
2023-05-03 17:46:20.471: [iter 65 : loss : 0.2600 = 0.0321 + 0.2219 + 0.0048 + 0.0011, time: 31.806998]
2023-05-03 17:46:21.119: epoch 65:	0.02612319  	0.10509996  	0.07132433  
2023-05-03 17:46:21.120: Find a better model.
2023-05-03 17:46:21.120: Save model to file as pretrain.
2023-05-03 17:46:52.869: [iter 66 : loss : 0.2581 = 0.0312 + 0.2208 + 0.0049 + 0.0011, time: 31.709158]
2023-05-03 17:46:53.521: epoch 66:	0.02630610  	0.10605827  	0.07173983  
2023-05-03 17:46:53.522: Find a better model.
2023-05-03 17:46:53.522: Save model to file as pretrain.
2023-05-03 17:47:25.380: [iter 67 : loss : 0.2574 = 0.0318 + 0.2195 + 0.0050 + 0.0011, time: 31.820299]
2023-05-03 17:47:26.026: epoch 67:	0.02632502  	0.10617477  	0.07209111  
2023-05-03 17:47:26.026: Find a better model.
2023-05-03 17:47:26.027: Save model to file as pretrain.
2023-05-03 17:47:57.988: [iter 68 : loss : 0.2562 = 0.0317 + 0.2182 + 0.0051 + 0.0011, time: 31.918878]
2023-05-03 17:47:58.618: epoch 68:	0.02640071  	0.10668431  	0.07240256  
2023-05-03 17:47:58.618: Find a better model.
2023-05-03 17:47:58.618: Save model to file as pretrain.
2023-05-03 17:48:30.324: [iter 69 : loss : 0.2549 = 0.0314 + 0.2172 + 0.0052 + 0.0011, time: 31.670340]
2023-05-03 17:48:30.969: epoch 69:	0.02657100  	0.10736192  	0.07287901  
2023-05-03 17:48:30.969: Find a better model.
2023-05-03 17:48:30.969: Save model to file as pretrain.
2023-05-03 17:49:02.700: [iter 70 : loss : 0.2530 = 0.0307 + 0.2160 + 0.0052 + 0.0011, time: 31.682015]
2023-05-03 17:49:03.316: epoch 70:	0.02670975  	0.10810957  	0.07329566  
2023-05-03 17:49:03.317: Find a better model.
2023-05-03 17:49:03.317: Save model to file as pretrain.
2023-05-03 17:49:35.270: [iter 71 : loss : 0.2506 = 0.0295 + 0.2147 + 0.0053 + 0.0011, time: 31.915157]
2023-05-03 17:49:35.862: epoch 71:	0.02688004  	0.10877931  	0.07394984  
2023-05-03 17:49:35.862: Find a better model.
2023-05-03 17:49:35.862: Save model to file as pretrain.
2023-05-03 17:50:07.739: [iter 72 : loss : 0.2501 = 0.0301 + 0.2135 + 0.0054 + 0.0011, time: 31.837908]
2023-05-03 17:50:08.325: epoch 72:	0.02694942  	0.10880227  	0.07412305  
2023-05-03 17:50:08.325: Find a better model.
2023-05-03 17:50:08.325: Save model to file as pretrain.
2023-05-03 17:50:39.966: [iter 73 : loss : 0.2479 = 0.0288 + 0.2125 + 0.0055 + 0.0011, time: 31.600849]
2023-05-03 17:50:40.598: epoch 73:	0.02709448  	0.10940374  	0.07438748  
2023-05-03 17:50:40.599: Find a better model.
2023-05-03 17:50:40.599: Save model to file as pretrain.
2023-05-03 17:51:12.496: [iter 74 : loss : 0.2468 = 0.0289 + 0.2112 + 0.0056 + 0.0011, time: 31.851463]
2023-05-03 17:51:13.143: epoch 74:	0.02715756  	0.10968690  	0.07455143  
2023-05-03 17:51:13.143: Find a better model.
2023-05-03 17:51:13.143: Save model to file as pretrain.
2023-05-03 17:51:44.993: [iter 75 : loss : 0.2456 = 0.0289 + 0.2100 + 0.0057 + 0.0011, time: 31.806470]
2023-05-03 17:51:45.648: epoch 75:	0.02739722  	0.11061275  	0.07484248  
2023-05-03 17:51:45.648: Find a better model.
2023-05-03 17:51:45.648: Save model to file as pretrain.
2023-05-03 17:52:17.366: [iter 76 : loss : 0.2450 = 0.0293 + 0.2088 + 0.0058 + 0.0011, time: 31.679023]
2023-05-03 17:52:18.019: epoch 76:	0.02728369  	0.11029448  	0.07493733  
2023-05-03 17:52:49.796: [iter 77 : loss : 0.2430 = 0.0283 + 0.2077 + 0.0059 + 0.0011, time: 31.760520]
2023-05-03 17:52:50.431: epoch 77:	0.02740352  	0.11091496  	0.07527991  
2023-05-03 17:52:50.431: Find a better model.
2023-05-03 17:52:50.431: Save model to file as pretrain.
2023-05-03 17:53:22.333: [iter 78 : loss : 0.2409 = 0.0273 + 0.2066 + 0.0060 + 0.0011, time: 31.864074]
2023-05-03 17:53:23.005: epoch 78:	0.02743506  	0.11082637  	0.07526597  
2023-05-03 17:53:54.753: [iter 79 : loss : 0.2390 = 0.0266 + 0.2053 + 0.0061 + 0.0011, time: 31.735727]
2023-05-03 17:53:55.380: epoch 79:	0.02755489  	0.11134636  	0.07571828  
2023-05-03 17:53:55.380: Find a better model.
2023-05-03 17:53:55.380: Save model to file as pretrain.
2023-05-03 17:54:27.332: [iter 80 : loss : 0.2384 = 0.0270 + 0.2042 + 0.0062 + 0.0010, time: 31.915669]
2023-05-03 17:54:27.960: epoch 80:	0.02766211  	0.11170377  	0.07612111  
2023-05-03 17:54:27.961: Find a better model.
2023-05-03 17:54:27.961: Save model to file as pretrain.
2023-05-03 17:54:59.660: [iter 81 : loss : 0.2376 = 0.0273 + 0.2030 + 0.0063 + 0.0010, time: 31.661854]
2023-05-03 17:55:00.229: epoch 81:	0.02776933  	0.11227324  	0.07661705  
2023-05-03 17:55:00.230: Find a better model.
2023-05-03 17:55:00.230: Save model to file as pretrain.
2023-05-03 17:55:31.982: [iter 82 : loss : 0.2363 = 0.0270 + 0.2019 + 0.0064 + 0.0010, time: 31.712268]
2023-05-03 17:55:32.619: epoch 82:	0.02783870  	0.11274716  	0.07696196  
2023-05-03 17:55:32.619: Find a better model.
2023-05-03 17:55:32.619: Save model to file as pretrain.
2023-05-03 17:56:04.563: [iter 83 : loss : 0.2343 = 0.0260 + 0.2008 + 0.0065 + 0.0010, time: 31.910029]
2023-05-03 17:56:05.209: epoch 83:	0.02791439  	0.11319835  	0.07725757  
2023-05-03 17:56:05.209: Find a better model.
2023-05-03 17:56:05.209: Save model to file as pretrain.
2023-05-03 17:56:37.088: [iter 84 : loss : 0.2331 = 0.0260 + 0.1996 + 0.0066 + 0.0010, time: 31.837715]
2023-05-03 17:56:37.740: epoch 84:	0.02807206  	0.11371927  	0.07769515  
2023-05-03 17:56:37.741: Find a better model.
2023-05-03 17:56:37.741: Save model to file as pretrain.
2023-05-03 17:57:09.526: [iter 85 : loss : 0.2316 = 0.0254 + 0.1985 + 0.0067 + 0.0010, time: 31.748051]
2023-05-03 17:57:10.145: epoch 85:	0.02812252  	0.11372682  	0.07782602  
2023-05-03 17:57:10.145: Find a better model.
2023-05-03 17:57:10.145: Save model to file as pretrain.
2023-05-03 17:57:42.040: [iter 86 : loss : 0.2311 = 0.0260 + 0.1974 + 0.0067 + 0.0010, time: 31.859503]
2023-05-03 17:57:42.652: epoch 86:	0.02826128  	0.11406559  	0.07818266  
2023-05-03 17:57:42.652: Find a better model.
2023-05-03 17:57:42.652: Save model to file as pretrain.
2023-05-03 17:58:14.418: [iter 87 : loss : 0.2292 = 0.0252 + 0.1962 + 0.0068 + 0.0010, time: 31.730529]
2023-05-03 17:58:15.041: epoch 87:	0.02831804  	0.11439036  	0.07837893  
2023-05-03 17:58:15.041: Find a better model.
2023-05-03 17:58:15.041: Save model to file as pretrain.
2023-05-03 17:58:47.031: [iter 88 : loss : 0.2282 = 0.0253 + 0.1950 + 0.0069 + 0.0010, time: 31.952996]
2023-05-03 17:58:47.635: epoch 88:	0.02846941  	0.11493456  	0.07873183  
2023-05-03 17:58:47.635: Find a better model.
2023-05-03 17:58:47.635: Save model to file as pretrain.
2023-05-03 17:59:19.559: [iter 89 : loss : 0.2263 = 0.0243 + 0.1940 + 0.0070 + 0.0010, time: 31.879672]
2023-05-03 17:59:20.200: epoch 89:	0.02857032  	0.11547025  	0.07914858  
2023-05-03 17:59:20.200: Find a better model.
2023-05-03 17:59:20.200: Save model to file as pretrain.
2023-05-03 17:59:51.928: [iter 90 : loss : 0.2257 = 0.0247 + 0.1929 + 0.0071 + 0.0010, time: 31.690798]
2023-05-03 17:59:52.579: epoch 90:	0.02869016  	0.11583725  	0.07949121  
2023-05-03 17:59:52.579: Find a better model.
2023-05-03 17:59:52.580: Save model to file as pretrain.
2023-05-03 18:00:24.528: [iter 91 : loss : 0.2239 = 0.0239 + 0.1918 + 0.0072 + 0.0010, time: 31.905872]
2023-05-03 18:00:25.183: epoch 91:	0.02879108  	0.11655108  	0.07981714  
2023-05-03 18:00:25.184: Find a better model.
2023-05-03 18:00:25.184: Save model to file as pretrain.
2023-05-03 18:00:56.962: [iter 92 : loss : 0.2226 = 0.0237 + 0.1906 + 0.0074 + 0.0010, time: 31.738814]
2023-05-03 18:00:57.583: epoch 92:	0.02886675  	0.11680090  	0.08004063  
2023-05-03 18:00:57.583: Find a better model.
2023-05-03 18:00:57.583: Save model to file as pretrain.
2023-05-03 18:01:29.456: [iter 93 : loss : 0.2212 = 0.0233 + 0.1895 + 0.0075 + 0.0010, time: 31.836747]
2023-05-03 18:01:30.103: epoch 93:	0.02886045  	0.11691626  	0.08016016  
2023-05-03 18:01:30.104: Find a better model.
2023-05-03 18:01:30.104: Save model to file as pretrain.
2023-05-03 18:02:01.997: [iter 94 : loss : 0.2205 = 0.0236 + 0.1884 + 0.0076 + 0.0010, time: 31.853789]
2023-05-03 18:02:02.621: epoch 94:	0.02894243  	0.11687417  	0.08030405  
2023-05-03 18:02:34.215: [iter 95 : loss : 0.2195 = 0.0235 + 0.1873 + 0.0077 + 0.0010, time: 31.581884]
2023-05-03 18:02:34.851: epoch 95:	0.02902442  	0.11739085  	0.08060744  
2023-05-03 18:02:34.851: Find a better model.
2023-05-03 18:02:34.851: Save model to file as pretrain.
2023-05-03 18:03:06.758: [iter 96 : loss : 0.2178 = 0.0229 + 0.1862 + 0.0078 + 0.0010, time: 31.865176]
2023-05-03 18:03:07.383: epoch 96:	0.02917579  	0.11802836  	0.08096190  
2023-05-03 18:03:07.383: Find a better model.
2023-05-03 18:03:07.383: Save model to file as pretrain.
2023-05-03 18:03:39.288: [iter 97 : loss : 0.2168 = 0.0228 + 0.1852 + 0.0079 + 0.0010, time: 31.862831]
2023-05-03 18:03:39.906: epoch 97:	0.02927670  	0.11819085  	0.08111139  
2023-05-03 18:03:39.906: Find a better model.
2023-05-03 18:03:39.906: Save model to file as pretrain.
2023-05-03 18:04:11.635: [iter 98 : loss : 0.2165 = 0.0235 + 0.1840 + 0.0080 + 0.0009, time: 31.692840]
2023-05-03 18:04:12.314: epoch 98:	0.02930823  	0.11865161  	0.08141167  
2023-05-03 18:04:12.314: Find a better model.
2023-05-03 18:04:12.314: Save model to file as pretrain.
2023-05-03 18:04:44.061: [iter 99 : loss : 0.2142 = 0.0222 + 0.1830 + 0.0081 + 0.0009, time: 31.702763]
2023-05-03 18:04:44.716: epoch 99:	0.02951636  	0.11949525  	0.08191976  
2023-05-03 18:04:44.716: Find a better model.
2023-05-03 18:04:44.716: Save model to file as pretrain.
2023-05-03 18:05:16.536: [iter 100 : loss : 0.2142 = 0.0232 + 0.1819 + 0.0082 + 0.0009, time: 31.780998]
2023-05-03 18:05:17.171: epoch 100:	0.02952898  	0.11949430  	0.08213166  
2023-05-03 18:05:48.959: [iter 101 : loss : 0.2133 = 0.0232 + 0.1808 + 0.0083 + 0.0009, time: 31.775424]
2023-05-03 18:05:49.600: epoch 101:	0.02952266  	0.11942314  	0.08203052  
2023-05-03 18:06:21.550: [iter 102 : loss : 0.2124 = 0.0233 + 0.1798 + 0.0084 + 0.0009, time: 31.936126]
2023-05-03 18:06:22.200: epoch 102:	0.02959204  	0.11987608  	0.08231095  
2023-05-03 18:06:22.201: Find a better model.
2023-05-03 18:06:22.201: Save model to file as pretrain.
2023-05-03 18:06:54.141: [iter 103 : loss : 0.2101 = 0.0220 + 0.1787 + 0.0085 + 0.0009, time: 31.903008]
2023-05-03 18:06:54.784: epoch 103:	0.02980017  	0.12082615  	0.08264008  
2023-05-03 18:06:54.784: Find a better model.
2023-05-03 18:06:54.784: Save model to file as pretrain.
2023-05-03 18:07:26.499: [iter 104 : loss : 0.2093 = 0.0219 + 0.1778 + 0.0086 + 0.0009, time: 31.666124]
2023-05-03 18:07:27.112: epoch 104:	0.02984432  	0.12081104  	0.08301561  
2023-05-03 18:07:58.834: [iter 105 : loss : 0.2074 = 0.0210 + 0.1768 + 0.0087 + 0.0009, time: 31.711717]
2023-05-03 18:07:59.465: epoch 105:	0.02981278  	0.12077466  	0.08308880  
2023-05-03 18:08:31.361: [iter 106 : loss : 0.2077 = 0.0223 + 0.1757 + 0.0088 + 0.0009, time: 31.882431]
2023-05-03 18:08:31.975: epoch 106:	0.02983170  	0.12092654  	0.08325298  
2023-05-03 18:08:31.975: Find a better model.
2023-05-03 18:08:31.975: Save model to file as pretrain.
2023-05-03 18:09:03.838: [iter 107 : loss : 0.2057 = 0.0212 + 0.1747 + 0.0089 + 0.0009, time: 31.827772]
2023-05-03 18:09:04.475: epoch 107:	0.02995153  	0.12114381  	0.08328625  
2023-05-03 18:09:04.475: Find a better model.
2023-05-03 18:09:04.475: Save model to file as pretrain.
2023-05-03 18:09:36.347: [iter 108 : loss : 0.2050 = 0.0214 + 0.1737 + 0.0090 + 0.0009, time: 31.831859]
2023-05-03 18:09:36.987: epoch 108:	0.03005876  	0.12144759  	0.08345100  
2023-05-03 18:09:36.987: Find a better model.
2023-05-03 18:09:36.987: Save model to file as pretrain.
2023-05-03 18:10:08.788: [iter 109 : loss : 0.2043 = 0.0215 + 0.1728 + 0.0091 + 0.0009, time: 31.763061]
2023-05-03 18:10:09.435: epoch 109:	0.03017860  	0.12199570  	0.08364347  
2023-05-03 18:10:09.435: Find a better model.
2023-05-03 18:10:09.435: Save model to file as pretrain.
2023-05-03 18:10:41.295: [iter 110 : loss : 0.2032 = 0.0213 + 0.1717 + 0.0092 + 0.0009, time: 31.819243]
2023-05-03 18:10:41.956: epoch 110:	0.03014074  	0.12206381  	0.08388726  
2023-05-03 18:10:41.956: Find a better model.
2023-05-03 18:10:41.956: Save model to file as pretrain.
2023-05-03 18:11:13.827: [iter 111 : loss : 0.2013 = 0.0204 + 0.1706 + 0.0093 + 0.0009, time: 31.835490]
2023-05-03 18:11:14.503: epoch 111:	0.03022274  	0.12225746  	0.08409649  
2023-05-03 18:11:14.503: Find a better model.
2023-05-03 18:11:14.503: Save model to file as pretrain.
2023-05-03 18:11:46.272: [iter 112 : loss : 0.2009 = 0.0208 + 0.1698 + 0.0095 + 0.0009, time: 31.733698]
2023-05-03 18:11:46.901: epoch 112:	0.03032366  	0.12271865  	0.08446172  
2023-05-03 18:11:46.901: Find a better model.
2023-05-03 18:11:46.901: Save model to file as pretrain.
2023-05-03 18:12:18.703: [iter 113 : loss : 0.1999 = 0.0205 + 0.1689 + 0.0096 + 0.0009, time: 31.756263]
2023-05-03 18:12:19.341: epoch 113:	0.03036780  	0.12286129  	0.08444132  
2023-05-03 18:12:19.342: Find a better model.
2023-05-03 18:12:19.342: Save model to file as pretrain.
2023-05-03 18:12:51.103: [iter 114 : loss : 0.1986 = 0.0203 + 0.1678 + 0.0097 + 0.0009, time: 31.727190]
2023-05-03 18:12:51.751: epoch 114:	0.03041195  	0.12299341  	0.08481415  
2023-05-03 18:12:51.752: Find a better model.
2023-05-03 18:12:51.752: Save model to file as pretrain.
2023-05-03 18:13:23.642: [iter 115 : loss : 0.1977 = 0.0204 + 0.1667 + 0.0098 + 0.0009, time: 31.845722]
2023-05-03 18:13:24.271: epoch 115:	0.03041194  	0.12297954  	0.08491237  
2023-05-03 18:13:56.130: [iter 116 : loss : 0.1972 = 0.0206 + 0.1658 + 0.0099 + 0.0009, time: 31.845851]
2023-05-03 18:13:56.759: epoch 116:	0.03048763  	0.12333287  	0.08528047  
2023-05-03 18:13:56.759: Find a better model.
2023-05-03 18:13:56.759: Save model to file as pretrain.
2023-05-03 18:14:28.655: [iter 117 : loss : 0.1958 = 0.0201 + 0.1649 + 0.0100 + 0.0008, time: 31.868949]
2023-05-03 18:14:29.312: epoch 117:	0.03053177  	0.12339976  	0.08538704  
2023-05-03 18:14:29.312: Find a better model.
2023-05-03 18:14:29.312: Save model to file as pretrain.
2023-05-03 18:15:01.063: [iter 118 : loss : 0.1947 = 0.0198 + 0.1640 + 0.0101 + 0.0008, time: 31.707973]
2023-05-03 18:15:01.680: epoch 118:	0.03058223  	0.12363669  	0.08551610  
2023-05-03 18:15:01.680: Find a better model.
2023-05-03 18:15:01.680: Save model to file as pretrain.
2023-05-03 18:15:33.543: [iter 119 : loss : 0.1938 = 0.0198 + 0.1630 + 0.0102 + 0.0008, time: 31.820943]
2023-05-03 18:15:34.158: epoch 119:	0.03065160  	0.12392625  	0.08571465  
2023-05-03 18:15:34.158: Find a better model.
2023-05-03 18:15:34.158: Save model to file as pretrain.
2023-05-03 18:16:06.042: [iter 120 : loss : 0.1927 = 0.0194 + 0.1621 + 0.0103 + 0.0008, time: 31.849968]
2023-05-03 18:16:06.659: epoch 120:	0.03067683  	0.12419866  	0.08586217  
2023-05-03 18:16:06.659: Find a better model.
2023-05-03 18:16:06.659: Save model to file as pretrain.
2023-05-03 18:16:38.487: [iter 121 : loss : 0.1925 = 0.0201 + 0.1611 + 0.0104 + 0.0008, time: 31.793588]
2023-05-03 18:16:39.107: epoch 121:	0.03073359  	0.12422704  	0.08603876  
2023-05-03 18:16:39.107: Find a better model.
2023-05-03 18:16:39.107: Save model to file as pretrain.
2023-05-03 18:17:10.947: [iter 122 : loss : 0.1910 = 0.0194 + 0.1602 + 0.0105 + 0.0008, time: 31.801923]
2023-05-03 18:17:11.584: epoch 122:	0.03083450  	0.12470547  	0.08640900  
2023-05-03 18:17:11.584: Find a better model.
2023-05-03 18:17:11.584: Save model to file as pretrain.
2023-05-03 18:17:43.344: [iter 123 : loss : 0.1898 = 0.0190 + 0.1593 + 0.0107 + 0.0008, time: 31.719354]
2023-05-03 18:17:43.975: epoch 123:	0.03084711  	0.12473601  	0.08632401  
2023-05-03 18:17:43.976: Find a better model.
2023-05-03 18:17:43.976: Save model to file as pretrain.
2023-05-03 18:18:15.644: [iter 124 : loss : 0.1888 = 0.0188 + 0.1584 + 0.0108 + 0.0008, time: 31.630915]
2023-05-03 18:18:16.289: epoch 124:	0.03105524  	0.12548859  	0.08676703  
2023-05-03 18:18:16.289: Find a better model.
2023-05-03 18:18:16.289: Save model to file as pretrain.
2023-05-03 18:18:48.033: [iter 125 : loss : 0.1890 = 0.0198 + 0.1575 + 0.0109 + 0.0008, time: 31.707885]
2023-05-03 18:18:48.672: epoch 125:	0.03093541  	0.12533182  	0.08669854  
2023-05-03 18:19:20.554: [iter 126 : loss : 0.1876 = 0.0192 + 0.1566 + 0.0110 + 0.0008, time: 31.867039]
2023-05-03 18:19:21.250: epoch 126:	0.03106155  	0.12596016  	0.08706327  
2023-05-03 18:19:21.250: Find a better model.
2023-05-03 18:19:21.250: Save model to file as pretrain.
2023-05-03 18:19:53.161: [iter 127 : loss : 0.1862 = 0.0186 + 0.1556 + 0.0111 + 0.0008, time: 31.869904]
2023-05-03 18:19:53.824: epoch 127:	0.03117508  	0.12647499  	0.08708172  
2023-05-03 18:19:53.824: Find a better model.
2023-05-03 18:19:53.824: Save model to file as pretrain.
2023-05-03 18:20:25.706: [iter 128 : loss : 0.1864 = 0.0195 + 0.1549 + 0.0112 + 0.0008, time: 31.836378]
2023-05-03 18:20:26.348: epoch 128:	0.03125707  	0.12661316  	0.08745242  
2023-05-03 18:20:26.348: Find a better model.
2023-05-03 18:20:26.348: Save model to file as pretrain.
2023-05-03 18:20:58.357: [iter 129 : loss : 0.1849 = 0.0189 + 0.1539 + 0.0113 + 0.0008, time: 31.958243]
2023-05-03 18:20:58.988: epoch 129:	0.03126337  	0.12658235  	0.08756372  
2023-05-03 18:21:30.741: [iter 130 : loss : 0.1840 = 0.0188 + 0.1529 + 0.0114 + 0.0008, time: 31.739295]
2023-05-03 18:21:31.355: epoch 130:	0.03132645  	0.12715897  	0.08788498  
2023-05-03 18:21:31.355: Find a better model.
2023-05-03 18:21:31.356: Save model to file as pretrain.
2023-05-03 18:22:03.100: [iter 131 : loss : 0.1830 = 0.0186 + 0.1521 + 0.0115 + 0.0008, time: 31.713477]
2023-05-03 18:22:03.723: epoch 131:	0.03141475  	0.12751971  	0.08813547  
2023-05-03 18:22:03.724: Find a better model.
2023-05-03 18:22:03.724: Save model to file as pretrain.
2023-05-03 18:22:35.483: [iter 132 : loss : 0.1832 = 0.0194 + 0.1514 + 0.0116 + 0.0008, time: 31.722735]
2023-05-03 18:22:36.147: epoch 132:	0.03145890  	0.12770768  	0.08820804  
2023-05-03 18:22:36.147: Find a better model.
2023-05-03 18:22:36.147: Save model to file as pretrain.
2023-05-03 18:23:07.934: [iter 133 : loss : 0.1819 = 0.0188 + 0.1506 + 0.0117 + 0.0008, time: 31.744013]
2023-05-03 18:23:08.562: epoch 133:	0.03144628  	0.12745045  	0.08828280  
2023-05-03 18:23:40.288: [iter 134 : loss : 0.1814 = 0.0190 + 0.1497 + 0.0118 + 0.0008, time: 31.712655]
2023-05-03 18:23:41.223: epoch 134:	0.03139583  	0.12723212  	0.08815335  
2023-05-03 18:24:13.861: [iter 135 : loss : 0.1797 = 0.0181 + 0.1489 + 0.0120 + 0.0008, time: 32.615457]
2023-05-03 18:24:14.461: epoch 135:	0.03143998  	0.12760833  	0.08846430  
2023-05-03 18:24:45.609: [iter 136 : loss : 0.1782 = 0.0174 + 0.1480 + 0.0121 + 0.0008, time: 31.136092]
2023-05-03 18:24:46.240: epoch 136:	0.03152197  	0.12780011  	0.08855314  
2023-05-03 18:24:46.240: Find a better model.
2023-05-03 18:24:46.240: Save model to file as pretrain.
2023-05-03 18:25:17.966: [iter 137 : loss : 0.1782 = 0.0180 + 0.1472 + 0.0122 + 0.0008, time: 31.690017]
2023-05-03 18:25:18.857: epoch 137:	0.03159765  	0.12788501  	0.08874867  
2023-05-03 18:25:18.857: Find a better model.
2023-05-03 18:25:18.857: Save model to file as pretrain.
2023-05-03 18:25:52.080: [iter 138 : loss : 0.1773 = 0.0179 + 0.1464 + 0.0123 + 0.0008, time: 33.171751]
2023-05-03 18:25:52.643: epoch 138:	0.03164180  	0.12811244  	0.08897255  
2023-05-03 18:25:52.643: Find a better model.
2023-05-03 18:25:52.643: Save model to file as pretrain.
2023-05-03 18:26:24.419: [iter 139 : loss : 0.1774 = 0.0187 + 0.1455 + 0.0124 + 0.0007, time: 31.739452]
2023-05-03 18:26:25.047: epoch 139:	0.03169855  	0.12839711  	0.08909154  
2023-05-03 18:26:25.047: Find a better model.
2023-05-03 18:26:25.047: Save model to file as pretrain.
2023-05-03 18:26:56.807: [iter 140 : loss : 0.1767 = 0.0185 + 0.1449 + 0.0125 + 0.0007, time: 31.727188]
2023-05-03 18:26:57.426: epoch 140:	0.03164810  	0.12817723  	0.08930567  
2023-05-03 18:27:29.362: [iter 141 : loss : 0.1754 = 0.0181 + 0.1440 + 0.0126 + 0.0007, time: 31.923321]
2023-05-03 18:27:30.002: epoch 141:	0.03167965  	0.12831011  	0.08948369  
2023-05-03 18:28:01.934: [iter 142 : loss : 0.1749 = 0.0183 + 0.1431 + 0.0127 + 0.0007, time: 31.916332]
2023-05-03 18:28:02.577: epoch 142:	0.03186255  	0.12901114  	0.08986148  
2023-05-03 18:28:02.578: Find a better model.
2023-05-03 18:28:02.578: Save model to file as pretrain.
2023-05-03 18:28:34.489: [iter 143 : loss : 0.1742 = 0.0182 + 0.1425 + 0.0128 + 0.0007, time: 31.869990]
2023-05-03 18:28:35.115: epoch 143:	0.03193191  	0.12926339  	0.08985163  
2023-05-03 18:28:35.115: Find a better model.
2023-05-03 18:28:35.116: Save model to file as pretrain.
2023-05-03 18:29:16.285: [iter 144 : loss : 0.1728 = 0.0174 + 0.1417 + 0.0129 + 0.0007, time: 41.131744]
2023-05-03 18:29:17.331: epoch 144:	0.03200130  	0.12968417  	0.09006562  
2023-05-03 18:29:17.332: Find a better model.
2023-05-03 18:29:17.332: Save model to file as pretrain.
2023-05-03 18:29:51.576: [iter 145 : loss : 0.1724 = 0.0177 + 0.1409 + 0.0130 + 0.0007, time: 34.188838]
2023-05-03 18:29:52.346: epoch 145:	0.03212744  	0.13016909  	0.09018426  
2023-05-03 18:29:52.346: Find a better model.
2023-05-03 18:29:52.346: Save model to file as pretrain.
2023-05-03 18:30:30.499: [iter 146 : loss : 0.1718 = 0.0178 + 0.1401 + 0.0131 + 0.0007, time: 38.114060]
2023-05-03 18:30:31.481: epoch 146:	0.03198238  	0.12958825  	0.08999906  
2023-05-03 18:31:04.631: [iter 147 : loss : 0.1715 = 0.0182 + 0.1394 + 0.0132 + 0.0007, time: 33.125560]
2023-05-03 18:31:05.274: epoch 147:	0.03205175  	0.12978862  	0.09014455  
2023-05-03 18:31:36.312: [iter 148 : loss : 0.1708 = 0.0181 + 0.1386 + 0.0133 + 0.0007, time: 31.025941]
2023-05-03 18:31:36.897: epoch 148:	0.03213374  	0.13011116  	0.09051120  
2023-05-03 18:32:11.975: [iter 149 : loss : 0.1701 = 0.0180 + 0.1379 + 0.0134 + 0.0007, time: 35.064985]
2023-05-03 18:32:12.687: epoch 149:	0.03219050  	0.13037825  	0.09070303  
2023-05-03 18:32:12.687: Find a better model.
2023-05-03 18:32:12.688: Save model to file as pretrain.
2023-05-03 18:32:49.199: [iter 150 : loss : 0.1691 = 0.0178 + 0.1371 + 0.0135 + 0.0007, time: 36.470402]
2023-05-03 18:32:49.817: epoch 150:	0.03223465  	0.13038476  	0.09068304  
2023-05-03 18:32:49.817: Find a better model.
2023-05-03 18:32:49.817: Save model to file as pretrain.
2023-05-03 18:33:21.588: [iter 151 : loss : 0.1682 = 0.0174 + 0.1365 + 0.0136 + 0.0007, time: 31.731670]
2023-05-03 18:33:22.254: epoch 151:	0.03225357  	0.13060911  	0.09094095  
2023-05-03 18:33:22.254: Find a better model.
2023-05-03 18:33:22.254: Save model to file as pretrain.
2023-05-03 18:33:54.394: [iter 152 : loss : 0.1676 = 0.0174 + 0.1357 + 0.0137 + 0.0007, time: 32.092946]
2023-05-03 18:33:55.026: epoch 152:	0.03236710  	0.13085935  	0.09118318  
2023-05-03 18:33:55.026: Find a better model.
2023-05-03 18:33:55.026: Save model to file as pretrain.
2023-05-03 18:34:27.646: [iter 153 : loss : 0.1667 = 0.0171 + 0.1350 + 0.0139 + 0.0007, time: 32.581838]
2023-05-03 18:34:28.443: epoch 153:	0.03240493  	0.13094719  	0.09128188  
2023-05-03 18:34:28.444: Find a better model.
2023-05-03 18:34:28.444: Save model to file as pretrain.
2023-05-03 18:35:00.354: [iter 154 : loss : 0.1666 = 0.0176 + 0.1344 + 0.0139 + 0.0007, time: 31.870086]
2023-05-03 18:35:01.038: epoch 154:	0.03242385  	0.13111989  	0.09131172  
2023-05-03 18:35:01.038: Find a better model.
2023-05-03 18:35:01.038: Save model to file as pretrain.
2023-05-03 18:35:32.952: [iter 155 : loss : 0.1652 = 0.0169 + 0.1335 + 0.0141 + 0.0007, time: 31.883150]
2023-05-03 18:35:33.581: epoch 155:	0.03245539  	0.13149920  	0.09151281  
2023-05-03 18:35:33.581: Find a better model.
2023-05-03 18:35:33.582: Save model to file as pretrain.
2023-05-03 18:36:05.286: [iter 156 : loss : 0.1638 = 0.0161 + 0.1329 + 0.0142 + 0.0007, time: 31.661241]
2023-05-03 18:36:05.929: epoch 156:	0.03254368  	0.13172580  	0.09171839  
2023-05-03 18:36:05.929: Find a better model.
2023-05-03 18:36:05.929: Save model to file as pretrain.
2023-05-03 18:36:37.816: [iter 157 : loss : 0.1639 = 0.0167 + 0.1322 + 0.0143 + 0.0007, time: 31.844603]
2023-05-03 18:36:38.453: epoch 157:	0.03261935  	0.13187334  	0.09188355  
2023-05-03 18:36:38.453: Find a better model.
2023-05-03 18:36:38.453: Save model to file as pretrain.
2023-05-03 18:37:10.183: [iter 158 : loss : 0.1643 = 0.0176 + 0.1317 + 0.0144 + 0.0007, time: 31.695143]
2023-05-03 18:37:10.811: epoch 158:	0.03262565  	0.13209192  	0.09216553  
2023-05-03 18:37:10.812: Find a better model.
2023-05-03 18:37:10.812: Save model to file as pretrain.
2023-05-03 18:37:42.623: [iter 159 : loss : 0.1632 = 0.0171 + 0.1309 + 0.0145 + 0.0007, time: 31.775325]
2023-05-03 18:37:43.246: epoch 159:	0.03251215  	0.13179256  	0.09194352  
2023-05-03 18:38:15.157: [iter 160 : loss : 0.1619 = 0.0166 + 0.1301 + 0.0146 + 0.0007, time: 31.899113]
2023-05-03 18:38:15.825: epoch 160:	0.03262565  	0.13226822  	0.09238824  
2023-05-03 18:38:15.825: Find a better model.
2023-05-03 18:38:15.825: Save model to file as pretrain.
2023-05-03 18:38:47.888: [iter 161 : loss : 0.1613 = 0.0164 + 0.1295 + 0.0147 + 0.0007, time: 32.012559]
2023-05-03 18:38:48.524: epoch 161:	0.03263196  	0.13227892  	0.09223413  
2023-05-03 18:38:48.524: Find a better model.
2023-05-03 18:38:48.524: Save model to file as pretrain.
2023-05-03 18:39:20.535: [iter 162 : loss : 0.1606 = 0.0164 + 0.1288 + 0.0148 + 0.0007, time: 31.972424]
2023-05-03 18:39:21.176: epoch 162:	0.03272655  	0.13283889  	0.09259095  
2023-05-03 18:39:21.176: Find a better model.
2023-05-03 18:39:21.176: Save model to file as pretrain.
2023-05-03 18:39:53.175: [iter 163 : loss : 0.1608 = 0.0171 + 0.1281 + 0.0149 + 0.0007, time: 31.958721]
2023-05-03 18:39:53.830: epoch 163:	0.03274548  	0.13276143  	0.09271496  
2023-05-03 18:40:26.102: [iter 164 : loss : 0.1594 = 0.0163 + 0.1275 + 0.0150 + 0.0007, time: 32.258712]
2023-05-03 18:40:26.722: epoch 164:	0.03279594  	0.13290985  	0.09274305  
2023-05-03 18:40:26.723: Find a better model.
2023-05-03 18:40:26.723: Save model to file as pretrain.
2023-05-03 18:40:58.565: [iter 165 : loss : 0.1597 = 0.0172 + 0.1268 + 0.0151 + 0.0007, time: 31.788274]
2023-05-03 18:40:59.242: epoch 165:	0.03275809  	0.13279957  	0.09277347  
2023-05-03 18:41:30.893: [iter 166 : loss : 0.1584 = 0.0164 + 0.1262 + 0.0152 + 0.0006, time: 31.635026]
2023-05-03 18:41:31.523: epoch 166:	0.03275809  	0.13290013  	0.09292351  
2023-05-03 18:42:03.407: [iter 167 : loss : 0.1579 = 0.0164 + 0.1255 + 0.0153 + 0.0006, time: 31.873137]
2023-05-03 18:42:04.055: epoch 167:	0.03274548  	0.13266012  	0.09290512  
2023-05-03 18:42:35.980: [iter 168 : loss : 0.1572 = 0.0164 + 0.1248 + 0.0154 + 0.0006, time: 31.910179]
2023-05-03 18:42:36.659: epoch 168:	0.03273918  	0.13263565  	0.09293707  
2023-05-03 18:43:08.376: [iter 169 : loss : 0.1570 = 0.0166 + 0.1244 + 0.0155 + 0.0006, time: 31.702269]
2023-05-03 18:43:09.002: epoch 169:	0.03272656  	0.13244843  	0.09284046  
2023-05-03 18:43:40.764: [iter 170 : loss : 0.1563 = 0.0165 + 0.1236 + 0.0156 + 0.0006, time: 31.749032]
2023-05-03 18:43:41.383: epoch 170:	0.03282117  	0.13285676  	0.09306727  
2023-05-03 18:44:13.172: [iter 171 : loss : 0.1555 = 0.0162 + 0.1230 + 0.0157 + 0.0006, time: 31.777342]
2023-05-03 18:44:13.821: epoch 171:	0.03280224  	0.13248041  	0.09300679  
2023-05-03 18:44:45.552: [iter 172 : loss : 0.1538 = 0.0150 + 0.1224 + 0.0158 + 0.0006, time: 31.715755]
2023-05-03 18:44:46.191: epoch 172:	0.03288421  	0.13298458  	0.09341038  
2023-05-03 18:44:46.191: Find a better model.
2023-05-03 18:44:46.191: Save model to file as pretrain.
2023-05-03 18:45:18.190: [iter 173 : loss : 0.1543 = 0.0161 + 0.1217 + 0.0159 + 0.0006, time: 31.951324]
2023-05-03 18:45:18.827: epoch 173:	0.03296619  	0.13317265  	0.09352587  
2023-05-03 18:45:18.828: Find a better model.
2023-05-03 18:45:18.828: Save model to file as pretrain.
2023-05-03 18:45:50.519: [iter 174 : loss : 0.1539 = 0.0162 + 0.1211 + 0.0160 + 0.0006, time: 31.655816]
2023-05-03 18:45:51.138: epoch 174:	0.03287791  	0.13270123  	0.09351174  
2023-05-03 18:46:22.971: [iter 175 : loss : 0.1531 = 0.0158 + 0.1206 + 0.0161 + 0.0006, time: 31.820791]
2023-05-03 18:46:23.591: epoch 175:	0.03288421  	0.13253537  	0.09351415  
2023-05-03 18:46:55.386: [iter 176 : loss : 0.1527 = 0.0159 + 0.1200 + 0.0162 + 0.0006, time: 31.777436]
2023-05-03 18:46:56.027: epoch 176:	0.03293466  	0.13301246  	0.09374294  
2023-05-03 18:47:27.748: [iter 177 : loss : 0.1523 = 0.0161 + 0.1193 + 0.0163 + 0.0006, time: 31.705241]
2023-05-03 18:47:28.375: epoch 177:	0.03299773  	0.13328223  	0.09396971  
2023-05-03 18:47:28.375: Find a better model.
2023-05-03 18:47:28.375: Save model to file as pretrain.
2023-05-03 18:48:00.300: [iter 178 : loss : 0.1507 = 0.0151 + 0.1186 + 0.0164 + 0.0006, time: 31.888461]
2023-05-03 18:48:00.955: epoch 178:	0.03302294  	0.13328740  	0.09397184  
2023-05-03 18:48:00.955: Find a better model.
2023-05-03 18:48:00.955: Save model to file as pretrain.
2023-05-03 18:48:32.608: [iter 179 : loss : 0.1511 = 0.0160 + 0.1181 + 0.0165 + 0.0006, time: 31.617520]
2023-05-03 18:48:33.219: epoch 179:	0.03306079  	0.13344929  	0.09397735  
2023-05-03 18:48:33.219: Find a better model.
2023-05-03 18:48:33.219: Save model to file as pretrain.
2023-05-03 18:49:05.001: [iter 180 : loss : 0.1512 = 0.0164 + 0.1176 + 0.0166 + 0.0006, time: 31.744300]
2023-05-03 18:49:05.660: epoch 180:	0.03314907  	0.13385952  	0.09407043  
2023-05-03 18:49:05.661: Find a better model.
2023-05-03 18:49:05.661: Save model to file as pretrain.
2023-05-03 18:49:37.417: [iter 181 : loss : 0.1506 = 0.0164 + 0.1169 + 0.0167 + 0.0006, time: 31.716118]
2023-05-03 18:49:38.049: epoch 181:	0.03312384  	0.13368466  	0.09416404  
2023-05-03 18:50:09.950: [iter 182 : loss : 0.1497 = 0.0160 + 0.1164 + 0.0168 + 0.0006, time: 31.887265]
2023-05-03 18:50:10.580: epoch 182:	0.03316169  	0.13371526  	0.09429181  
2023-05-03 18:50:42.303: [iter 183 : loss : 0.1486 = 0.0153 + 0.1158 + 0.0169 + 0.0006, time: 31.708272]
2023-05-03 18:50:42.962: epoch 183:	0.03318691  	0.13395487  	0.09454614  
2023-05-03 18:50:42.962: Find a better model.
2023-05-03 18:50:42.962: Save model to file as pretrain.
2023-05-03 18:51:14.814: [iter 184 : loss : 0.1484 = 0.0156 + 0.1152 + 0.0170 + 0.0006, time: 31.813282]
2023-05-03 18:51:15.459: epoch 184:	0.03321213  	0.13403833  	0.09453640  
2023-05-03 18:51:15.459: Find a better model.
2023-05-03 18:51:15.460: Save model to file as pretrain.
2023-05-03 18:51:47.180: [iter 185 : loss : 0.1483 = 0.0158 + 0.1148 + 0.0171 + 0.0006, time: 31.680437]
2023-05-03 18:51:47.816: epoch 185:	0.03321214  	0.13410951  	0.09451321  
2023-05-03 18:51:47.816: Find a better model.
2023-05-03 18:51:47.816: Save model to file as pretrain.
2023-05-03 18:52:19.596: [iter 186 : loss : 0.1473 = 0.0154 + 0.1142 + 0.0171 + 0.0006, time: 31.740999]
2023-05-03 18:52:20.224: epoch 186:	0.03321213  	0.13393201  	0.09437436  
2023-05-03 18:52:52.113: [iter 187 : loss : 0.1468 = 0.0154 + 0.1135 + 0.0172 + 0.0006, time: 31.877475]
2023-05-03 18:52:52.724: epoch 187:	0.03328782  	0.13413607  	0.09464357  
2023-05-03 18:52:52.724: Find a better model.
2023-05-03 18:52:52.724: Save model to file as pretrain.
2023-05-03 18:53:24.514: [iter 188 : loss : 0.1465 = 0.0155 + 0.1131 + 0.0173 + 0.0006, time: 31.751124]
2023-05-03 18:53:25.153: epoch 188:	0.03325629  	0.13403219  	0.09462506  
2023-05-03 18:53:57.000: [iter 189 : loss : 0.1464 = 0.0158 + 0.1125 + 0.0174 + 0.0006, time: 31.832751]
2023-05-03 18:53:57.655: epoch 189:	0.03335720  	0.13430668  	0.09488789  
2023-05-03 18:53:57.655: Find a better model.
2023-05-03 18:53:57.655: Save model to file as pretrain.
2023-05-03 18:54:29.487: [iter 190 : loss : 0.1463 = 0.0162 + 0.1120 + 0.0175 + 0.0006, time: 31.789409]
2023-05-03 18:54:30.134: epoch 190:	0.03341395  	0.13481106  	0.09502849  
2023-05-03 18:54:30.134: Find a better model.
2023-05-03 18:54:30.134: Save model to file as pretrain.
2023-05-03 18:55:02.031: [iter 191 : loss : 0.1451 = 0.0154 + 0.1115 + 0.0176 + 0.0006, time: 31.860562]
2023-05-03 18:55:02.675: epoch 191:	0.03338242  	0.13475341  	0.09496041  
2023-05-03 18:55:34.378: [iter 192 : loss : 0.1441 = 0.0149 + 0.1109 + 0.0177 + 0.0006, time: 31.689900]
2023-05-03 18:55:35.040: epoch 192:	0.03353376  	0.13541931  	0.09520948  
2023-05-03 18:55:35.040: Find a better model.
2023-05-03 18:55:35.040: Save model to file as pretrain.
2023-05-03 18:56:07.067: [iter 193 : loss : 0.1449 = 0.0162 + 0.1104 + 0.0178 + 0.0006, time: 31.989865]
2023-05-03 18:56:07.688: epoch 193:	0.03351484  	0.13528827  	0.09509145  
2023-05-03 18:56:39.550: [iter 194 : loss : 0.1435 = 0.0152 + 0.1098 + 0.0179 + 0.0006, time: 31.849510]
2023-05-03 18:56:40.184: epoch 194:	0.03353377  	0.13533825  	0.09518059  
2023-05-03 18:57:11.930: [iter 195 : loss : 0.1433 = 0.0154 + 0.1094 + 0.0180 + 0.0006, time: 31.730946]
2023-05-03 18:57:12.552: epoch 195:	0.03352747  	0.13531698  	0.09515880  
2023-05-03 18:57:44.354: [iter 196 : loss : 0.1433 = 0.0157 + 0.1089 + 0.0181 + 0.0006, time: 31.788871]
2023-05-03 18:57:45.000: epoch 196:	0.03357792  	0.13552076  	0.09526523  
2023-05-03 18:57:45.001: Find a better model.
2023-05-03 18:57:45.001: Save model to file as pretrain.
2023-05-03 18:58:16.726: [iter 197 : loss : 0.1424 = 0.0154 + 0.1083 + 0.0181 + 0.0006, time: 31.689946]
2023-05-03 18:58:17.358: epoch 197:	0.03358423  	0.13557777  	0.09532839  
2023-05-03 18:58:17.358: Find a better model.
2023-05-03 18:58:17.358: Save model to file as pretrain.
2023-05-03 18:58:49.114: [iter 198 : loss : 0.1413 = 0.0147 + 0.1077 + 0.0183 + 0.0006, time: 31.717439]
2023-05-03 18:58:49.721: epoch 198:	0.03348964  	0.13532467  	0.09521861  
2023-05-03 18:59:21.634: [iter 199 : loss : 0.1409 = 0.0147 + 0.1072 + 0.0184 + 0.0006, time: 31.900508]
2023-05-03 18:59:22.268: epoch 199:	0.03354008  	0.13537197  	0.09535541  
2023-05-03 18:59:53.908: [iter 200 : loss : 0.1409 = 0.0151 + 0.1068 + 0.0184 + 0.0005, time: 31.628874]
2023-05-03 18:59:54.539: epoch 200:	0.03363466  	0.13564657  	0.09552306  
2023-05-03 18:59:54.539: Find a better model.
2023-05-03 18:59:54.539: Save model to file as pretrain.
2023-05-03 18:59:54.564: best_result@epoch 200:

2023-05-03 18:59:54.564: Loading from the saved best model during the training process.
2023-05-03 18:59:55.180: 		0.03363466  	0.13564657  	0.09552306  
