2023-09-02 20:39:38.209: my pid: 39244
2023-09-02 20:39:38.209: model: model.general_recommender.GNNEC
2023-09-02 20:39:38.209: Dataset statistics:
Name: amazon-book
The number of users: 7928
The number of items: 29346
The number of ratings: 460224
Average actions of users: 58.05
Average actions of items: 15.68
The sparsity of the dataset: 99.802186%

The number of training: 417417
The number of validation: 0
The number of testing: 42807
2023-09-02 20:39:38.209: NeuRec:[NeuRec]:
recommender=GNNEC
dataset=amazon-book
file_column=UI
sep=','
gpu_id=0
gpu_mem=0.99
metric=["Precision", "Recall", "NDCG"]
top_k=[20]
test_thread=8
test_batch_size=128
seed=2021
start_testing_epoch=0

GNNEC:[hyperparameters]:
mf_reg=1e-4
svd_q=5
aug_type=ND
reg=1e-4
embed_size=64
n_layers=2
ssl_reg=0.02
ssl_ratio=0.5
ssl_temp=0.8
ssl_mode=both_side
lr=1e-3
learner=adam
adj_type=pre
epochs=200
batch_size=2048
num_negatives=1
param_init=xavier_uniform
stddev=0.01
verbose=1
stop_cnt=10
pretrain_flag=0
save_flag=0

Command line:
recommender=GNNEC
dataset=amazon-book
epochs=200
n_layers=2
embed_size=64
batch_size=2048
lr=1e-3
aug_type=ND
reg=1e-4
ssl_reg=0.02
ssl_ratio=0.5
ssl_temp=0.8
mf_reg=1e-4
svd_q=5
2023-09-02 20:39:42.725: metrics:	Precision@20	Recall@20   	NDCG@20     
2023-09-02 20:39:56.073: [iter 1 : loss : 0.9339 = 0.5893 + 0.3428 + 0.0001 + 0.0017, time: 13.346810]
2023-09-02 20:39:56.741: epoch 1:	0.00974395  	0.03688288  	0.02453498  
2023-09-02 20:39:56.741: Find a better model.
2023-09-02 20:40:09.188: [iter 2 : loss : 0.6982 = 0.4093 + 0.2873 + 0.0002 + 0.0014, time: 12.430686]
2023-09-02 20:40:09.856: epoch 2:	0.01056385  	0.04052943  	0.02715613  
2023-09-02 20:40:09.856: Find a better model.
2023-09-02 20:40:22.327: [iter 3 : loss : 0.6109 = 0.3455 + 0.2637 + 0.0003 + 0.0013, time: 12.453323]
2023-09-02 20:40:23.003: epoch 3:	0.01106841  	0.04233702  	0.02879585  
2023-09-02 20:40:23.003: Find a better model.
2023-09-02 20:40:35.607: [iter 4 : loss : 0.5582 = 0.3082 + 0.2484 + 0.0004 + 0.0013, time: 12.586126]
2023-09-02 20:40:36.257: epoch 4:	0.01164866  	0.04495297  	0.03044163  
2023-09-02 20:40:36.257: Find a better model.
2023-09-02 20:40:48.782: [iter 5 : loss : 0.5185 = 0.2802 + 0.2366 + 0.0005 + 0.0012, time: 12.508718]
2023-09-02 20:40:49.433: epoch 5:	0.01220999  	0.04712147  	0.03210390  
2023-09-02 20:40:49.434: Find a better model.
2023-09-02 20:41:01.945: [iter 6 : loss : 0.4893 = 0.2604 + 0.2271 + 0.0006 + 0.0011, time: 12.494607]
2023-09-02 20:41:02.584: epoch 6:	0.01268932  	0.04896650  	0.03333909  
2023-09-02 20:41:02.584: Find a better model.
2023-09-02 20:41:15.111: [iter 7 : loss : 0.4648 = 0.2443 + 0.2186 + 0.0007 + 0.0011, time: 12.510125]
2023-09-02 20:41:15.765: epoch 7:	0.01314973  	0.05085736  	0.03494730  
2023-09-02 20:41:15.765: Find a better model.
2023-09-02 20:41:28.332: [iter 8 : loss : 0.4446 = 0.2314 + 0.2113 + 0.0008 + 0.0011, time: 12.548412]
2023-09-02 20:41:28.988: epoch 8:	0.01364167  	0.05283159  	0.03632117  
2023-09-02 20:41:28.989: Find a better model.
2023-09-02 20:41:41.350: [iter 9 : loss : 0.4250 = 0.2186 + 0.2045 + 0.0009 + 0.0010, time: 12.345407]
2023-09-02 20:41:41.957: epoch 9:	0.01389395  	0.05367447  	0.03723979  
2023-09-02 20:41:41.957: Find a better model.
2023-09-02 20:41:54.425: [iter 10 : loss : 0.4094 = 0.2093 + 0.1982 + 0.0010 + 0.0010, time: 12.449634]
2023-09-02 20:41:55.064: epoch 10:	0.01436697  	0.05552239  	0.03831762  
2023-09-02 20:41:55.065: Find a better model.
2023-09-02 20:42:07.627: [iter 11 : loss : 0.3948 = 0.2004 + 0.1923 + 0.0011 + 0.0010, time: 12.549710]
2023-09-02 20:42:08.277: epoch 11:	0.01460663  	0.05645011  	0.03900560  
2023-09-02 20:42:08.277: Find a better model.
2023-09-02 20:42:20.882: [iter 12 : loss : 0.3813 = 0.1925 + 0.1868 + 0.0012 + 0.0009, time: 12.590637]
2023-09-02 20:42:21.533: epoch 12:	0.01502919  	0.05816612  	0.04011896  
2023-09-02 20:42:21.533: Find a better model.
2023-09-02 20:42:34.192: [iter 13 : loss : 0.3704 = 0.1865 + 0.1818 + 0.0012 + 0.0009, time: 12.644082]
2023-09-02 20:42:34.855: epoch 13:	0.01542022  	0.05988243  	0.04103330  
2023-09-02 20:42:34.855: Find a better model.
2023-09-02 20:42:47.316: [iter 14 : loss : 0.3582 = 0.1792 + 0.1768 + 0.0013 + 0.0009, time: 12.442758]
2023-09-02 20:42:47.947: epoch 14:	0.01572927  	0.06152204  	0.04217342  
2023-09-02 20:42:47.948: Find a better model.
2023-09-02 20:43:00.379: [iter 15 : loss : 0.3457 = 0.1715 + 0.1719 + 0.0014 + 0.0009, time: 12.418939]
2023-09-02 20:43:01.037: epoch 15:	0.01601938  	0.06301104  	0.04306967  
2023-09-02 20:43:01.037: Find a better model.
2023-09-02 20:43:13.597: [iter 16 : loss : 0.3368 = 0.1673 + 0.1672 + 0.0015 + 0.0008, time: 12.545559]
2023-09-02 20:43:14.248: epoch 16:	0.01632213  	0.06401260  	0.04401629  
2023-09-02 20:43:14.248: Find a better model.
2023-09-02 20:43:26.781: [iter 17 : loss : 0.3276 = 0.1628 + 0.1624 + 0.0016 + 0.0008, time: 12.515699]
2023-09-02 20:43:27.448: epoch 17:	0.01659964  	0.06529173  	0.04503064  
2023-09-02 20:43:27.449: Find a better model.
2023-09-02 20:43:39.837: [iter 18 : loss : 0.3195 = 0.1589 + 0.1581 + 0.0017 + 0.0008, time: 12.367297]
2023-09-02 20:43:40.490: epoch 18:	0.01703482  	0.06690974  	0.04612466  
2023-09-02 20:43:40.490: Find a better model.
2023-09-02 20:43:53.188: [iter 19 : loss : 0.3102 = 0.1538 + 0.1538 + 0.0018 + 0.0008, time: 12.683291]
2023-09-02 20:43:53.816: epoch 19:	0.01744478  	0.06869543  	0.04719241  
2023-09-02 20:43:53.816: Find a better model.
2023-09-02 20:44:06.353: [iter 20 : loss : 0.3015 = 0.1494 + 0.1495 + 0.0019 + 0.0007, time: 12.521049]
2023-09-02 20:44:06.996: epoch 20:	0.01776644  	0.07026523  	0.04801313  
2023-09-02 20:44:06.997: Find a better model.
2023-09-02 20:44:19.376: [iter 21 : loss : 0.2937 = 0.1457 + 0.1454 + 0.0019 + 0.0007, time: 12.364629]
2023-09-02 20:44:20.031: epoch 21:	0.01805026  	0.07157104  	0.04880267  
2023-09-02 20:44:20.031: Find a better model.
2023-09-02 20:44:32.671: [iter 22 : loss : 0.2864 = 0.1424 + 0.1412 + 0.0020 + 0.0007, time: 12.627098]
2023-09-02 20:44:33.321: epoch 22:	0.01820794  	0.07217207  	0.04941173  
2023-09-02 20:44:33.321: Find a better model.
2023-09-02 20:44:45.970: [iter 23 : loss : 0.2798 = 0.1396 + 0.1374 + 0.0021 + 0.0007, time: 12.628859]
2023-09-02 20:44:46.634: epoch 23:	0.01851068  	0.07331814  	0.05021397  
2023-09-02 20:44:46.634: Find a better model.
2023-09-02 20:44:59.152: [iter 24 : loss : 0.2734 = 0.1370 + 0.1336 + 0.0022 + 0.0007, time: 12.501603]
2023-09-02 20:44:59.808: epoch 24:	0.01869357  	0.07394362  	0.05091140  
2023-09-02 20:44:59.808: Find a better model.
2023-09-02 20:45:12.431: [iter 25 : loss : 0.2657 = 0.1329 + 0.1298 + 0.0023 + 0.0006, time: 12.605899]
2023-09-02 20:45:13.079: epoch 25:	0.01905307  	0.07557110  	0.05180477  
2023-09-02 20:45:13.079: Find a better model.
2023-09-02 20:45:25.671: [iter 26 : loss : 0.2585 = 0.1296 + 0.1259 + 0.0024 + 0.0006, time: 12.576321]
2023-09-02 20:45:26.314: epoch 26:	0.01934950  	0.07683706  	0.05260696  
2023-09-02 20:45:26.315: Find a better model.
2023-09-02 20:45:38.869: [iter 27 : loss : 0.2532 = 0.1278 + 0.1223 + 0.0025 + 0.0006, time: 12.539935]
2023-09-02 20:45:39.533: epoch 27:	0.01951349  	0.07754382  	0.05310357  
2023-09-02 20:45:39.533: Find a better model.
2023-09-02 20:45:52.035: [iter 28 : loss : 0.2463 = 0.1249 + 0.1183 + 0.0026 + 0.0006, time: 12.486420]
2023-09-02 20:45:52.643: epoch 28:	0.01967747  	0.07821377  	0.05356947  
2023-09-02 20:45:52.644: Find a better model.
2023-09-02 20:46:05.111: [iter 29 : loss : 0.2407 = 0.1228 + 0.1146 + 0.0027 + 0.0006, time: 12.449603]
2023-09-02 20:46:05.774: epoch 29:	0.01997390  	0.07939135  	0.05424126  
2023-09-02 20:46:05.774: Find a better model.
2023-09-02 20:46:18.170: [iter 30 : loss : 0.2361 = 0.1217 + 0.1111 + 0.0028 + 0.0006, time: 12.377683]
2023-09-02 20:46:18.833: epoch 30:	0.02009373  	0.07995333  	0.05469391  
2023-09-02 20:46:18.833: Find a better model.
2023-09-02 20:46:31.176: [iter 31 : loss : 0.2290 = 0.1180 + 0.1077 + 0.0029 + 0.0005, time: 12.318526]
2023-09-02 20:46:31.826: epoch 31:	0.02028293  	0.08050303  	0.05513277  
2023-09-02 20:46:31.826: Find a better model.
2023-09-02 20:46:44.228: [iter 32 : loss : 0.2260 = 0.1185 + 0.1041 + 0.0030 + 0.0005, time: 12.384619]
2023-09-02 20:46:44.874: epoch 32:	0.02060459  	0.08186585  	0.05585539  
2023-09-02 20:46:44.874: Find a better model.
2023-09-02 20:46:57.507: [iter 33 : loss : 0.2183 = 0.1142 + 0.1005 + 0.0031 + 0.0005, time: 12.612705]
2023-09-02 20:46:58.143: epoch 33:	0.02074335  	0.08242200  	0.05637214  
2023-09-02 20:46:58.143: Find a better model.
2023-09-02 20:47:10.793: [iter 34 : loss : 0.2154 = 0.1147 + 0.0970 + 0.0032 + 0.0005, time: 12.633720]
2023-09-02 20:47:11.461: epoch 34:	0.02089472  	0.08274277  	0.05683794  
2023-09-02 20:47:11.461: Find a better model.
2023-09-02 20:47:23.954: [iter 35 : loss : 0.2088 = 0.1113 + 0.0938 + 0.0033 + 0.0005, time: 12.475994]
2023-09-02 20:47:24.604: epoch 35:	0.02119746  	0.08427210  	0.05767479  
2023-09-02 20:47:24.604: Find a better model.
2023-09-02 20:47:37.079: [iter 36 : loss : 0.2042 = 0.1099 + 0.0905 + 0.0034 + 0.0004, time: 12.459312]
2023-09-02 20:47:37.749: epoch 36:	0.02131729  	0.08478477  	0.05800855  
2023-09-02 20:47:37.750: Find a better model.
2023-09-02 20:47:50.356: [iter 37 : loss : 0.1995 = 0.1084 + 0.0872 + 0.0035 + 0.0004, time: 12.589526]
2023-09-02 20:47:51.012: epoch 37:	0.02156325  	0.08594076  	0.05857045  
2023-09-02 20:47:51.013: Find a better model.
2023-09-02 20:48:03.662: [iter 38 : loss : 0.1955 = 0.1076 + 0.0839 + 0.0036 + 0.0004, time: 12.630605]
2023-09-02 20:48:04.325: epoch 38:	0.02168939  	0.08626772  	0.05886089  
2023-09-02 20:48:04.325: Find a better model.
2023-09-02 20:48:16.995: [iter 39 : loss : 0.1898 = 0.1053 + 0.0805 + 0.0037 + 0.0004, time: 12.654966]
2023-09-02 20:48:17.658: epoch 39:	0.02194798  	0.08715554  	0.05946798  
2023-09-02 20:48:17.658: Find a better model.
2023-09-02 20:48:30.307: [iter 40 : loss : 0.1868 = 0.1056 + 0.0771 + 0.0038 + 0.0004, time: 12.626375]
2023-09-02 20:48:30.960: epoch 40:	0.02206151  	0.08786847  	0.05994284  
2023-09-02 20:48:30.960: Find a better model.
2023-09-02 20:48:43.495: [iter 41 : loss : 0.1812 = 0.1031 + 0.0739 + 0.0039 + 0.0004, time: 12.520926]
2023-09-02 20:48:44.128: epoch 41:	0.02221918  	0.08843495  	0.06047959  
2023-09-02 20:48:44.128: Find a better model.
2023-09-02 20:48:56.878: [iter 42 : loss : 0.1771 = 0.1018 + 0.0710 + 0.0040 + 0.0003, time: 12.734149]
2023-09-02 20:48:57.531: epoch 42:	0.02245885  	0.08951723  	0.06094137  
2023-09-02 20:48:57.531: Find a better model.
2023-09-02 20:49:10.074: [iter 43 : loss : 0.1731 = 0.1013 + 0.0675 + 0.0041 + 0.0003, time: 12.526840]
2023-09-02 20:49:10.730: epoch 43:	0.02268589  	0.09037834  	0.06164673  
2023-09-02 20:49:10.730: Find a better model.
2023-09-02 20:49:23.154: [iter 44 : loss : 0.1694 = 0.1005 + 0.0644 + 0.0042 + 0.0003, time: 12.409595]
2023-09-02 20:49:23.828: epoch 44:	0.02278049  	0.09068490  	0.06184064  
2023-09-02 20:49:23.829: Find a better model.
2023-09-02 20:49:36.490: [iter 45 : loss : 0.1644 = 0.0984 + 0.0614 + 0.0043 + 0.0003, time: 12.646119]
2023-09-02 20:49:37.141: epoch 45:	0.02311477  	0.09231458  	0.06256121  
2023-09-02 20:49:37.141: Find a better model.
2023-09-02 20:49:49.586: [iter 46 : loss : 0.1608 = 0.0981 + 0.0580 + 0.0044 + 0.0003, time: 12.429866]
2023-09-02 20:49:50.177: epoch 46:	0.02317153  	0.09240349  	0.06279237  
2023-09-02 20:49:50.177: Find a better model.
2023-09-02 20:50:02.649: [iter 47 : loss : 0.1577 = 0.0979 + 0.0551 + 0.0045 + 0.0003, time: 12.453360]
2023-09-02 20:50:03.277: epoch 47:	0.02324720  	0.09248515  	0.06314767  
2023-09-02 20:50:03.277: Find a better model.
2023-09-02 20:50:15.899: [iter 48 : loss : 0.1533 = 0.0964 + 0.0520 + 0.0046 + 0.0002, time: 12.601819]
2023-09-02 20:50:16.551: epoch 48:	0.02345533  	0.09327000  	0.06340999  
2023-09-02 20:50:16.551: Find a better model.
2023-09-02 20:50:29.060: [iter 49 : loss : 0.1484 = 0.0942 + 0.0493 + 0.0047 + 0.0002, time: 12.488860]
2023-09-02 20:50:29.709: epoch 49:	0.02364453  	0.09377123  	0.06385939  
2023-09-02 20:50:29.709: Find a better model.
2023-09-02 20:50:42.111: [iter 50 : loss : 0.1440 = 0.0932 + 0.0458 + 0.0048 + 0.0002, time: 12.384569]
2023-09-02 20:50:42.773: epoch 50:	0.02371392  	0.09404557  	0.06414708  
2023-09-02 20:50:42.773: Find a better model.
2023-09-02 20:50:55.258: [iter 51 : loss : 0.1420 = 0.0940 + 0.0430 + 0.0049 + 0.0002, time: 12.465987]
2023-09-02 20:50:55.908: epoch 51:	0.02386528  	0.09484674  	0.06463002  
2023-09-02 20:50:55.908: Find a better model.
2023-09-02 20:51:08.470: [iter 52 : loss : 0.1379 = 0.0926 + 0.0400 + 0.0050 + 0.0002, time: 12.547001]
2023-09-02 20:51:09.075: epoch 52:	0.02390943  	0.09518705  	0.06506087  
2023-09-02 20:51:09.076: Find a better model.
2023-09-02 20:51:21.499: [iter 53 : loss : 0.1344 = 0.0921 + 0.0370 + 0.0051 + 0.0002, time: 12.410109]
2023-09-02 20:51:22.111: epoch 53:	0.02410495  	0.09584160  	0.06541391  
2023-09-02 20:51:22.111: Find a better model.
2023-09-02 20:51:34.709: [iter 54 : loss : 0.1306 = 0.0912 + 0.0339 + 0.0052 + 0.0002, time: 12.581264]
2023-09-02 20:51:35.364: epoch 54:	0.02425631  	0.09655222  	0.06600208  
2023-09-02 20:51:35.364: Find a better model.
2023-09-02 20:51:47.857: [iter 55 : loss : 0.1263 = 0.0897 + 0.0311 + 0.0054 + 0.0001, time: 12.480511]
2023-09-02 20:51:48.480: epoch 55:	0.02436984  	0.09706387  	0.06643342  
2023-09-02 20:51:48.480: Find a better model.
2023-09-02 20:52:01.120: [iter 56 : loss : 0.1234 = 0.0897 + 0.0281 + 0.0055 + 0.0001, time: 12.624088]
2023-09-02 20:52:01.782: epoch 56:	0.02445813  	0.09771956  	0.06672461  
2023-09-02 20:52:01.782: Find a better model.
2023-09-02 20:52:14.259: [iter 57 : loss : 0.1202 = 0.0893 + 0.0252 + 0.0056 + 0.0001, time: 12.458073]
2023-09-02 20:52:14.915: epoch 57:	0.02457797  	0.09811680  	0.06713124  
2023-09-02 20:52:14.915: Find a better model.
2023-09-02 20:52:27.419: [iter 58 : loss : 0.1149 = 0.0871 + 0.0220 + 0.0057 + 0.0001, time: 12.490342]
2023-09-02 20:52:28.066: epoch 58:	0.02469149  	0.09861778  	0.06759634  
2023-09-02 20:52:28.066: Find a better model.
2023-09-02 20:52:40.510: [iter 59 : loss : 0.1124 = 0.0874 + 0.0191 + 0.0058 + 0.0001, time: 12.428745]
2023-09-02 20:52:41.118: epoch 59:	0.02486809  	0.09948136  	0.06808545  
2023-09-02 20:52:41.118: Find a better model.
2023-09-02 20:52:53.641: [iter 60 : loss : 0.1110 = 0.0887 + 0.0163 + 0.0059 + 0.0001, time: 12.508717]
2023-09-02 20:52:54.284: epoch 60:	0.02505101  	0.10047365  	0.06870209  
2023-09-02 20:52:54.284: Find a better model.
2023-09-02 20:53:06.790: [iter 61 : loss : 0.1052 = 0.0859 + 0.0132 + 0.0060 + 0.0001, time: 12.487500]
2023-09-02 20:53:07.451: epoch 61:	0.02518346  	0.10088014  	0.06902990  
2023-09-02 20:53:07.451: Find a better model.
2023-09-02 20:53:20.046: [iter 62 : loss : 0.1020 = 0.0854 + 0.0105 + 0.0062 + 0.0000, time: 12.579855]
2023-09-02 20:53:20.680: epoch 62:	0.02534112  	0.10135455  	0.06944735  
2023-09-02 20:53:20.680: Find a better model.
2023-09-02 20:53:33.121: [iter 63 : loss : 0.1002 = 0.0863 + 0.0076 + 0.0063 + 0.0000, time: 12.424337]
2023-09-02 20:53:33.760: epoch 63:	0.02557448  	0.10243931  	0.06998216  
2023-09-02 20:53:33.760: Find a better model.
2023-09-02 20:53:46.176: [iter 64 : loss : 0.0954 = 0.0842 + 0.0048 + 0.0064 + 0.0000, time: 12.401921]
2023-09-02 20:53:46.834: epoch 64:	0.02577630  	0.10305487  	0.07048140  
2023-09-02 20:53:46.834: Find a better model.
2023-09-02 20:53:59.396: [iter 65 : loss : 0.0912 = 0.0828 + 0.0019 + 0.0065 + -0.0000, time: 12.546653]
2023-09-02 20:54:00.018: epoch 65:	0.02584568  	0.10342859  	0.07085992  
2023-09-02 20:54:00.018: Find a better model.
2023-09-02 20:54:12.165: [iter 66 : loss : 0.0884 = 0.0826 + -0.0008 + 0.0066 + -0.0000, time: 12.131323]
2023-09-02 20:54:12.802: epoch 66:	0.02591506  	0.10373639  	0.07121958  
2023-09-02 20:54:12.802: Find a better model.
2023-09-02 20:54:25.280: [iter 67 : loss : 0.0868 = 0.0838 + -0.0037 + 0.0067 + -0.0000, time: 12.463659]
2023-09-02 20:54:25.907: epoch 67:	0.02597813  	0.10392574  	0.07137763  
2023-09-02 20:54:25.907: Find a better model.
2023-09-02 20:54:38.535: [iter 68 : loss : 0.0843 = 0.0841 + -0.0067 + 0.0069 + -0.0000, time: 12.610595]
2023-09-02 20:54:39.188: epoch 68:	0.02624933  	0.10505260  	0.07199608  
2023-09-02 20:54:39.189: Find a better model.
2023-09-02 20:54:51.568: [iter 69 : loss : 0.0808 = 0.0829 + -0.0090 + 0.0070 + -0.0001, time: 12.363660]
2023-09-02 20:54:52.189: epoch 69:	0.02633763  	0.10550400  	0.07250076  
2023-09-02 20:54:52.189: Find a better model.
2023-09-02 20:55:04.682: [iter 70 : loss : 0.0789 = 0.0839 + -0.0120 + 0.0071 + -0.0001, time: 12.478509]
2023-09-02 20:55:05.327: epoch 70:	0.02647008  	0.10599643  	0.07265054  
2023-09-02 20:55:05.327: Find a better model.
2023-09-02 20:55:17.444: [iter 71 : loss : 0.0737 = 0.0813 + -0.0147 + 0.0072 + -0.0001, time: 12.103535]
2023-09-02 20:55:18.016: epoch 71:	0.02655207  	0.10660362  	0.07299091  
2023-09-02 20:55:18.016: Find a better model.
2023-09-02 20:55:30.224: [iter 72 : loss : 0.0715 = 0.0818 + -0.0175 + 0.0073 + -0.0001, time: 12.192841]
2023-09-02 20:55:30.878: epoch 72:	0.02670974  	0.10704556  	0.07336968  
2023-09-02 20:55:30.878: Find a better model.
2023-09-02 20:55:42.959: [iter 73 : loss : 0.0677 = 0.0804 + -0.0200 + 0.0075 + -0.0001, time: 12.066828]
2023-09-02 20:55:43.590: epoch 73:	0.02671605  	0.10732569  	0.07370366  
2023-09-02 20:55:43.590: Find a better model.
2023-09-02 20:55:56.121: [iter 74 : loss : 0.0648 = 0.0801 + -0.0228 + 0.0076 + -0.0001, time: 12.515054]
2023-09-02 20:55:56.736: epoch 74:	0.02684851  	0.10794571  	0.07415318  
2023-09-02 20:55:56.736: Find a better model.
2023-09-02 20:56:09.217: [iter 75 : loss : 0.0612 = 0.0793 + -0.0256 + 0.0077 + -0.0001, time: 12.465670]
2023-09-02 20:56:09.868: epoch 75:	0.02694943  	0.10804685  	0.07436506  
2023-09-02 20:56:09.868: Find a better model.
2023-09-02 20:56:22.302: [iter 76 : loss : 0.0616 = 0.0823 + -0.0284 + 0.0078 + -0.0002, time: 12.416393]
2023-09-02 20:56:22.930: epoch 76:	0.02705034  	0.10879555  	0.07473280  
2023-09-02 20:56:22.930: Find a better model.
2023-09-02 20:56:35.394: [iter 77 : loss : 0.0564 = 0.0795 + -0.0309 + 0.0080 + -0.0002, time: 12.448684]
2023-09-02 20:56:36.065: epoch 77:	0.02714494  	0.10932935  	0.07512274  
2023-09-02 20:56:36.065: Find a better model.
2023-09-02 20:56:48.639: [iter 78 : loss : 0.0530 = 0.0786 + -0.0335 + 0.0081 + -0.0002, time: 12.552718]
2023-09-02 20:56:49.280: epoch 78:	0.02719539  	0.10943561  	0.07513526  
2023-09-02 20:56:49.280: Find a better model.
2023-09-02 20:57:01.613: [iter 79 : loss : 0.0502 = 0.0785 + -0.0364 + 0.0082 + -0.0002, time: 12.316379]
2023-09-02 20:57:02.272: epoch 79:	0.02740352  	0.11017323  	0.07561644  
2023-09-02 20:57:02.272: Find a better model.
2023-09-02 20:57:14.907: [iter 80 : loss : 0.0473 = 0.0781 + -0.0390 + 0.0083 + -0.0002, time: 12.619303]
2023-09-02 20:57:15.577: epoch 80:	0.02744137  	0.11043019  	0.07559226  
2023-09-02 20:57:15.578: Find a better model.
2023-09-02 20:57:28.024: [iter 81 : loss : 0.0457 = 0.0791 + -0.0417 + 0.0085 + -0.0002, time: 12.431801]
2023-09-02 20:57:28.625: epoch 81:	0.02759274  	0.11128274  	0.07595713  
2023-09-02 20:57:28.625: Find a better model.
2023-09-02 20:57:41.085: [iter 82 : loss : 0.0434 = 0.0793 + -0.0442 + 0.0086 + -0.0002, time: 12.439525]
2023-09-02 20:57:41.751: epoch 82:	0.02771887  	0.11142002  	0.07621394  
2023-09-02 20:57:41.752: Find a better model.
2023-09-02 20:57:54.273: [iter 83 : loss : 0.0386 = 0.0768 + -0.0467 + 0.0087 + -0.0003, time: 12.501422]
2023-09-02 20:57:54.865: epoch 83:	0.02776301  	0.11145706  	0.07645007  
2023-09-02 20:57:54.865: Find a better model.
2023-09-02 20:58:07.382: [iter 84 : loss : 0.0357 = 0.0766 + -0.0495 + 0.0089 + -0.0003, time: 12.502460]
2023-09-02 20:58:07.982: epoch 84:	0.02784501  	0.11172664  	0.07663479  
2023-09-02 20:58:07.983: Find a better model.
2023-09-02 20:58:20.327: [iter 85 : loss : 0.0330 = 0.0763 + -0.0521 + 0.0090 + -0.0003, time: 12.331673]
2023-09-02 20:58:20.972: epoch 85:	0.02783239  	0.11221191  	0.07685277  
2023-09-02 20:58:20.973: Find a better model.
2023-09-02 20:58:33.611: [iter 86 : loss : 0.0313 = 0.0772 + -0.0547 + 0.0091 + -0.0003, time: 12.621325]
2023-09-02 20:58:34.270: epoch 86:	0.02792700  	0.11237126  	0.07708649  
2023-09-02 20:58:34.270: Find a better model.
2023-09-02 20:58:46.724: [iter 87 : loss : 0.0295 = 0.0779 + -0.0574 + 0.0092 + -0.0003, time: 12.437259]
2023-09-02 20:58:47.345: epoch 87:	0.02819189  	0.11365478  	0.07758105  
2023-09-02 20:58:47.345: Find a better model.
2023-09-02 20:58:59.987: [iter 88 : loss : 0.0268 = 0.0777 + -0.0600 + 0.0094 + -0.0003, time: 12.624168]
2023-09-02 20:59:00.654: epoch 88:	0.02832434  	0.11398823  	0.07796080  
2023-09-02 20:59:00.654: Find a better model.
2023-09-02 20:59:13.145: [iter 89 : loss : 0.0238 = 0.0769 + -0.0623 + 0.0095 + -0.0003, time: 12.475149]
2023-09-02 20:59:13.800: epoch 89:	0.02830541  	0.11404032  	0.07813761  
2023-09-02 20:59:13.801: Find a better model.
2023-09-02 20:59:26.252: [iter 90 : loss : 0.0210 = 0.0766 + -0.0648 + 0.0096 + -0.0003, time: 12.435643]
2023-09-02 20:59:26.884: epoch 90:	0.02836849  	0.11431241  	0.07822705  
2023-09-02 20:59:26.884: Find a better model.
2023-09-02 20:59:39.594: [iter 91 : loss : 0.0174 = 0.0753 + -0.0673 + 0.0098 + -0.0004, time: 12.693630]
2023-09-02 20:59:40.212: epoch 91:	0.02840632  	0.11436992  	0.07842311  
2023-09-02 20:59:40.213: Find a better model.
2023-09-02 20:59:52.675: [iter 92 : loss : 0.0167 = 0.0774 + -0.0702 + 0.0099 + -0.0004, time: 12.439353]
2023-09-02 20:59:53.325: epoch 92:	0.02843785  	0.11468388  	0.07860509  
2023-09-02 20:59:53.325: Find a better model.
2023-09-02 21:00:05.896: [iter 93 : loss : 0.0127 = 0.0753 + -0.0722 + 0.0100 + -0.0004, time: 12.553199]
2023-09-02 21:00:06.557: epoch 93:	0.02858292  	0.11525454  	0.07895005  
2023-09-02 21:00:06.557: Find a better model.
2023-09-02 21:00:19.140: [iter 94 : loss : 0.0110 = 0.0760 + -0.0748 + 0.0102 + -0.0004, time: 12.562948]
2023-09-02 21:00:19.789: epoch 94:	0.02862707  	0.11562052  	0.07914897  
2023-09-02 21:00:19.789: Find a better model.
2023-09-02 21:00:32.189: [iter 95 : loss : 0.0094 = 0.0768 + -0.0774 + 0.0103 + -0.0004, time: 12.385613]
2023-09-02 21:00:32.841: epoch 95:	0.02878474  	0.11627249  	0.07950176  
2023-09-02 21:00:32.841: Find a better model.
2023-09-02 21:00:45.289: [iter 96 : loss : 0.0065 = 0.0763 + -0.0797 + 0.0104 + -0.0004, time: 12.431431]
2023-09-02 21:00:45.953: epoch 96:	0.02882889  	0.11648960  	0.07969282  
2023-09-02 21:00:45.953: Find a better model.
2023-09-02 21:00:58.559: [iter 97 : loss : 0.0011 = 0.0730 + -0.0820 + 0.0106 + -0.0004, time: 12.591126]
2023-09-02 21:00:59.231: epoch 97:	0.02883519  	0.11650814  	0.07969377  
2023-09-02 21:00:59.231: Find a better model.
2023-09-02 21:01:11.721: [iter 98 : loss : 0.0013 = 0.0759 + -0.0849 + 0.0107 + -0.0004, time: 12.475623]
2023-09-02 21:01:12.384: epoch 98:	0.02904333  	0.11700433  	0.08004599  
2023-09-02 21:01:12.384: Find a better model.
2023-09-02 21:01:24.886: [iter 99 : loss : -0.0031 = 0.0736 + -0.0871 + 0.0108 + -0.0005, time: 12.483821]
2023-09-02 21:01:25.539: epoch 99:	0.02920731  	0.11771586  	0.08040446  
2023-09-02 21:01:25.540: Find a better model.
2023-09-02 21:01:38.124: [iter 100 : loss : -0.0042 = 0.0747 + -0.0895 + 0.0110 + -0.0005, time: 12.569992]
2023-09-02 21:01:38.772: epoch 100:	0.02928299  	0.11806520  	0.08057194  
2023-09-02 21:01:38.772: Find a better model.
2023-09-02 21:01:51.352: [iter 101 : loss : -0.0041 = 0.0773 + -0.0920 + 0.0111 + -0.0005, time: 12.567052]
2023-09-02 21:01:52.004: epoch 101:	0.02940913  	0.11852824  	0.08100285  
2023-09-02 21:01:52.004: Find a better model.
2023-09-02 21:02:04.559: [iter 102 : loss : -0.0062 = 0.0774 + -0.0943 + 0.0112 + -0.0005, time: 12.541581]
2023-09-02 21:02:05.221: epoch 102:	0.02931453  	0.11837484  	0.08103113  
2023-09-02 21:02:17.865: [iter 103 : loss : -0.0100 = 0.0758 + -0.0966 + 0.0114 + -0.0005, time: 12.621788]
2023-09-02 21:02:18.518: epoch 103:	0.02935868  	0.11873925  	0.08131720  
2023-09-02 21:02:18.519: Find a better model.
2023-09-02 21:02:30.937: [iter 104 : loss : -0.0133 = 0.0746 + -0.0989 + 0.0115 + -0.0005, time: 12.401615]
2023-09-02 21:02:31.595: epoch 104:	0.02946590  	0.11897992  	0.08143053  
2023-09-02 21:02:31.595: Find a better model.
2023-09-02 21:02:44.024: [iter 105 : loss : -0.0171 = 0.0729 + -0.1012 + 0.0117 + -0.0005, time: 12.413061]
2023-09-02 21:02:44.680: epoch 105:	0.02953528  	0.11905831  	0.08167527  
2023-09-02 21:02:44.680: Find a better model.
2023-09-02 21:02:57.320: [iter 106 : loss : -0.0162 = 0.0763 + -0.1037 + 0.0118 + -0.0005, time: 12.626397]
2023-09-02 21:02:57.969: epoch 106:	0.02959835  	0.11924382  	0.08176741  
2023-09-02 21:02:57.969: Find a better model.
2023-09-02 21:03:10.539: [iter 107 : loss : -0.0206 = 0.0738 + -0.1058 + 0.0119 + -0.0006, time: 12.553261]
2023-09-02 21:03:11.182: epoch 107:	0.02948482  	0.11893252  	0.08186602  
2023-09-02 21:03:23.684: [iter 108 : loss : -0.0212 = 0.0754 + -0.1081 + 0.0121 + -0.0006, time: 12.487055]
2023-09-02 21:03:24.287: epoch 108:	0.02959204  	0.11948936  	0.08207542  
2023-09-02 21:03:24.287: Find a better model.
2023-09-02 21:03:36.761: [iter 109 : loss : -0.0258 = 0.0730 + -0.1104 + 0.0122 + -0.0006, time: 12.458028]
2023-09-02 21:03:37.415: epoch 109:	0.02963619  	0.11963831  	0.08217763  
2023-09-02 21:03:37.415: Find a better model.
2023-09-02 21:03:49.958: [iter 110 : loss : -0.0263 = 0.0746 + -0.1127 + 0.0123 + -0.0006, time: 12.527321]
2023-09-02 21:03:50.593: epoch 110:	0.02978125  	0.12035400  	0.08266184  
2023-09-02 21:03:50.593: Find a better model.
2023-09-02 21:04:03.213: [iter 111 : loss : -0.0317 = 0.0716 + -0.1152 + 0.0125 + -0.0006, time: 12.602135]
2023-09-02 21:04:03.871: epoch 111:	0.02977494  	0.12039870  	0.08273438  
2023-09-02 21:04:03.871: Find a better model.
2023-09-02 21:04:16.384: [iter 112 : loss : -0.0297 = 0.0755 + -0.1172 + 0.0126 + -0.0006, time: 12.500376]
2023-09-02 21:04:17.008: epoch 112:	0.02973080  	0.12032989  	0.08288553  
2023-09-02 21:04:29.572: [iter 113 : loss : -0.0354 = 0.0717 + -0.1192 + 0.0127 + -0.0006, time: 12.547438]
2023-09-02 21:04:30.232: epoch 113:	0.02990109  	0.12095881  	0.08319006  
2023-09-02 21:04:30.233: Find a better model.
2023-09-02 21:04:42.762: [iter 114 : loss : -0.0365 = 0.0732 + -0.1219 + 0.0129 + -0.0006, time: 12.513161]
2023-09-02 21:04:43.371: epoch 114:	0.02987587  	0.12079243  	0.08326623  
2023-09-02 21:04:55.861: [iter 115 : loss : -0.0367 = 0.0750 + -0.1241 + 0.0130 + -0.0006, time: 12.473222]
2023-09-02 21:04:56.482: epoch 115:	0.02987586  	0.12097672  	0.08354039  
2023-09-02 21:04:56.483: Find a better model.
2023-09-02 21:05:09.078: [iter 116 : loss : -0.0396 = 0.0743 + -0.1264 + 0.0132 + -0.0007, time: 12.573664]
2023-09-02 21:05:09.736: epoch 116:	0.02993262  	0.12105327  	0.08355312  
2023-09-02 21:05:09.736: Find a better model.
2023-09-02 21:05:22.410: [iter 117 : loss : -0.0422 = 0.0734 + -0.1283 + 0.0133 + -0.0007, time: 12.661618]
2023-09-02 21:05:23.015: epoch 117:	0.02992631  	0.12096409  	0.08354376  
2023-09-02 21:05:35.485: [iter 118 : loss : -0.0457 = 0.0720 + -0.1304 + 0.0134 + -0.0007, time: 12.457502]
2023-09-02 21:05:36.145: epoch 118:	0.02995154  	0.12104706  	0.08367399  
2023-09-02 21:05:48.786: [iter 119 : loss : -0.0452 = 0.0746 + -0.1327 + 0.0136 + -0.0007, time: 12.619644]
2023-09-02 21:05:49.460: epoch 119:	0.03003353  	0.12134450  	0.08385625  
2023-09-02 21:05:49.460: Find a better model.
2023-09-02 21:06:02.100: [iter 120 : loss : -0.0487 = 0.0731 + -0.1348 + 0.0137 + -0.0007, time: 12.622280]
2023-09-02 21:06:02.744: epoch 120:	0.03013444  	0.12188669  	0.08407556  
2023-09-02 21:06:02.744: Find a better model.
2023-09-02 21:06:15.368: [iter 121 : loss : -0.0488 = 0.0752 + -0.1372 + 0.0139 + -0.0007, time: 12.610716]
2023-09-02 21:06:16.017: epoch 121:	0.03009659  	0.12169110  	0.08410324  
2023-09-02 21:06:28.554: [iter 122 : loss : -0.0521 = 0.0738 + -0.1391 + 0.0140 + -0.0007, time: 12.523489]
2023-09-02 21:06:29.207: epoch 122:	0.03009029  	0.12163367  	0.08423573  
2023-09-02 21:06:41.628: [iter 123 : loss : -0.0545 = 0.0735 + -0.1414 + 0.0141 + -0.0007, time: 12.406374]
2023-09-02 21:06:42.284: epoch 123:	0.03002722  	0.12152889  	0.08412791  
2023-09-02 21:06:54.657: [iter 124 : loss : -0.0568 = 0.0731 + -0.1434 + 0.0143 + -0.0007, time: 12.351459]
2023-09-02 21:06:55.317: epoch 124:	0.03021012  	0.12209017  	0.08448825  
2023-09-02 21:06:55.317: Find a better model.
2023-09-02 21:07:07.772: [iter 125 : loss : -0.0562 = 0.0757 + -0.1456 + 0.0144 + -0.0008, time: 12.435190]
2023-09-02 21:07:08.409: epoch 125:	0.03009029  	0.12183878  	0.08433578  
2023-09-02 21:07:21.115: [iter 126 : loss : -0.0602 = 0.0735 + -0.1475 + 0.0146 + -0.0008, time: 12.691547]
2023-09-02 21:07:21.788: epoch 126:	0.03021011  	0.12239529  	0.08459575  
2023-09-02 21:07:21.789: Find a better model.
2023-09-02 21:07:34.496: [iter 127 : loss : -0.0639 = 0.0720 + -0.1498 + 0.0147 + -0.0008, time: 12.687896]
2023-09-02 21:07:35.152: epoch 127:	0.03027318  	0.12248737  	0.08473115  
2023-09-02 21:07:35.152: Find a better model.
2023-09-02 21:07:47.695: [iter 128 : loss : -0.0630 = 0.0745 + -0.1515 + 0.0148 + -0.0008, time: 12.529700]
2023-09-02 21:07:48.351: epoch 128:	0.03038041  	0.12295219  	0.08506807  
2023-09-02 21:07:48.351: Find a better model.
2023-09-02 21:08:01.051: [iter 129 : loss : -0.0653 = 0.0744 + -0.1539 + 0.0150 + -0.0008, time: 12.683852]
2023-09-02 21:08:01.698: epoch 129:	0.03045608  	0.12327047  	0.08525483  
2023-09-02 21:08:01.698: Find a better model.
2023-09-02 21:08:14.196: [iter 130 : loss : -0.0674 = 0.0741 + -0.1558 + 0.0151 + -0.0008, time: 12.480650]
2023-09-02 21:08:14.843: epoch 130:	0.03056331  	0.12376282  	0.08536803  
2023-09-02 21:08:14.843: Find a better model.
2023-09-02 21:08:27.384: [iter 131 : loss : -0.0717 = 0.0718 + -0.1580 + 0.0153 + -0.0008, time: 12.527883]
2023-09-02 21:08:28.060: epoch 131:	0.03061377  	0.12380842  	0.08543445  
2023-09-02 21:08:28.060: Find a better model.
2023-09-02 21:08:40.672: [iter 132 : loss : -0.0689 = 0.0763 + -0.1597 + 0.0154 + -0.0008, time: 12.591311]
2023-09-02 21:08:41.323: epoch 132:	0.03076513  	0.12423293  	0.08571354  
2023-09-02 21:08:41.323: Find a better model.
2023-09-02 21:08:53.891: [iter 133 : loss : -0.0724 = 0.0747 + -0.1618 + 0.0156 + -0.0008, time: 12.551865]
2023-09-02 21:08:54.555: epoch 133:	0.03066423  	0.12390694  	0.08553249  
2023-09-02 21:09:06.995: [iter 134 : loss : -0.0739 = 0.0751 + -0.1638 + 0.0157 + -0.0008, time: 12.420397]
2023-09-02 21:09:07.650: epoch 134:	0.03078405  	0.12420623  	0.08584217  
2023-09-02 21:09:20.337: [iter 135 : loss : -0.0772 = 0.0736 + -0.1657 + 0.0158 + -0.0009, time: 12.669527]
2023-09-02 21:09:20.964: epoch 135:	0.03082190  	0.12468527  	0.08603694  
2023-09-02 21:09:20.964: Find a better model.
2023-09-02 21:09:33.563: [iter 136 : loss : -0.0814 = 0.0715 + -0.1680 + 0.0160 + -0.0009, time: 12.574668]
2023-09-02 21:09:34.211: epoch 136:	0.03079668  	0.12437270  	0.08616388  
2023-09-02 21:09:46.557: [iter 137 : loss : -0.0806 = 0.0740 + -0.1699 + 0.0161 + -0.0009, time: 12.330451]
2023-09-02 21:09:47.192: epoch 137:	0.03079037  	0.12445912  	0.08608221  
2023-09-02 21:09:59.712: [iter 138 : loss : -0.0824 = 0.0738 + -0.1715 + 0.0162 + -0.0009, time: 12.502033]
2023-09-02 21:10:00.352: epoch 138:	0.03089128  	0.12489022  	0.08637974  
2023-09-02 21:10:00.353: Find a better model.
2023-09-02 21:10:12.616: [iter 139 : loss : -0.0839 = 0.0746 + -0.1740 + 0.0164 + -0.0009, time: 12.248738]
2023-09-02 21:10:13.268: epoch 139:	0.03092282  	0.12512104  	0.08650588  
2023-09-02 21:10:13.268: Find a better model.
2023-09-02 21:10:25.541: [iter 140 : loss : -0.0844 = 0.0758 + -0.1758 + 0.0165 + -0.0009, time: 12.260672]
2023-09-02 21:10:26.183: epoch 140:	0.03096065  	0.12512890  	0.08650871  
2023-09-02 21:10:26.183: Find a better model.
2023-09-02 21:10:38.705: [iter 141 : loss : -0.0872 = 0.0746 + -0.1776 + 0.0167 + -0.0009, time: 12.505030]
2023-09-02 21:10:39.343: epoch 141:	0.03097957  	0.12542798  	0.08676802  
2023-09-02 21:10:39.343: Find a better model.
2023-09-02 21:10:51.730: [iter 142 : loss : -0.0879 = 0.0755 + -0.1793 + 0.0168 + -0.0009, time: 12.374185]
2023-09-02 21:10:52.384: epoch 142:	0.03102372  	0.12532346  	0.08687308  
2023-09-02 21:11:04.974: [iter 143 : loss : -0.0885 = 0.0768 + -0.1814 + 0.0170 + -0.0009, time: 12.572896]
2023-09-02 21:11:05.604: epoch 143:	0.03111833  	0.12562633  	0.08689040  
2023-09-02 21:11:05.604: Find a better model.
2023-09-02 21:11:17.970: [iter 144 : loss : -0.0930 = 0.0740 + -0.1832 + 0.0171 + -0.0009, time: 12.353161]
2023-09-02 21:11:18.588: epoch 144:	0.03128230  	0.12635128  	0.08728752  
2023-09-02 21:11:18.588: Find a better model.
2023-09-02 21:11:31.168: [iter 145 : loss : -0.0962 = 0.0726 + -0.1851 + 0.0172 + -0.0010, time: 12.564889]
2023-09-02 21:11:31.820: epoch 145:	0.03125708  	0.12629442  	0.08731275  
2023-09-02 21:11:44.175: [iter 146 : loss : -0.0945 = 0.0760 + -0.1869 + 0.0174 + -0.0010, time: 12.341172]
2023-09-02 21:11:44.787: epoch 146:	0.03128231  	0.12647542  	0.08747450  
2023-09-02 21:11:44.787: Find a better model.
2023-09-02 21:11:57.253: [iter 147 : loss : -0.0960 = 0.0761 + -0.1886 + 0.0175 + -0.0010, time: 12.452681]
2023-09-02 21:11:57.896: epoch 147:	0.03134537  	0.12668584  	0.08761225  
2023-09-02 21:11:57.896: Find a better model.
2023-09-02 21:12:10.241: [iter 148 : loss : -0.0984 = 0.0755 + -0.1906 + 0.0177 + -0.0010, time: 12.329608]
2023-09-02 21:12:10.868: epoch 148:	0.03142737  	0.12698284  	0.08778606  
2023-09-02 21:12:10.869: Find a better model.
2023-09-02 21:12:23.471: [iter 149 : loss : -0.1010 = 0.0746 + -0.1924 + 0.0178 + -0.0010, time: 12.587978]
2023-09-02 21:12:24.135: epoch 149:	0.03136429  	0.12667792  	0.08772106  
2023-09-02 21:12:36.589: [iter 150 : loss : -0.1000 = 0.0773 + -0.1943 + 0.0179 + -0.0010, time: 12.436436]
2023-09-02 21:12:37.245: epoch 150:	0.03149044  	0.12720580  	0.08800580  
2023-09-02 21:12:37.245: Find a better model.
2023-09-02 21:12:49.671: [iter 151 : loss : -0.1043 = 0.0747 + -0.1960 + 0.0181 + -0.0010, time: 12.407623]
2023-09-02 21:12:50.312: epoch 151:	0.03148412  	0.12705728  	0.08800410  
2023-09-02 21:13:02.888: [iter 152 : loss : -0.1047 = 0.0759 + -0.1978 + 0.0182 + -0.0010, time: 12.559186]
2023-09-02 21:13:03.529: epoch 152:	0.03156611  	0.12729853  	0.08816981  
2023-09-02 21:13:03.529: Find a better model.
2023-09-02 21:13:16.002: [iter 153 : loss : -0.1081 = 0.0741 + -0.1996 + 0.0184 + -0.0010, time: 12.454849]
2023-09-02 21:13:16.659: epoch 153:	0.03159134  	0.12748250  	0.08844442  
2023-09-02 21:13:16.659: Find a better model.
2023-09-02 21:13:28.843: [iter 154 : loss : -0.1067 = 0.0773 + -0.2014 + 0.0185 + -0.0010, time: 12.170168]
2023-09-02 21:13:29.490: epoch 154:	0.03161025  	0.12769215  	0.08850467  
2023-09-02 21:13:29.490: Find a better model.
2023-09-02 21:13:41.975: [iter 155 : loss : -0.1129 = 0.0727 + -0.2032 + 0.0186 + -0.0010, time: 12.468837]
2023-09-02 21:13:42.642: epoch 155:	0.03169226  	0.12808996  	0.08864400  
2023-09-02 21:13:42.642: Find a better model.
2023-09-02 21:13:54.847: [iter 156 : loss : -0.1134 = 0.0738 + -0.2049 + 0.0188 + -0.0011, time: 12.190024]
2023-09-02 21:13:55.504: epoch 156:	0.03171749  	0.12845083  	0.08886943  
2023-09-02 21:13:55.504: Find a better model.
2023-09-02 21:14:07.868: [iter 157 : loss : -0.1151 = 0.0738 + -0.2068 + 0.0189 + -0.0011, time: 12.343987]
2023-09-02 21:14:08.500: epoch 157:	0.03176794  	0.12846754  	0.08883149  
2023-09-02 21:14:08.501: Find a better model.
2023-09-02 21:14:20.645: [iter 158 : loss : -0.1138 = 0.0764 + -0.2082 + 0.0191 + -0.0011, time: 12.132420]
2023-09-02 21:14:21.297: epoch 158:	0.03174271  	0.12825324  	0.08870476  
2023-09-02 21:14:33.670: [iter 159 : loss : -0.1171 = 0.0750 + -0.2103 + 0.0192 + -0.0011, time: 12.353559]
2023-09-02 21:14:34.296: epoch 159:	0.03177425  	0.12831113  	0.08884171  
2023-09-02 21:14:46.697: [iter 160 : loss : -0.1199 = 0.0739 + -0.2120 + 0.0193 + -0.0011, time: 12.387728]
2023-09-02 21:14:47.321: epoch 160:	0.03186254  	0.12869957  	0.08901822  
2023-09-02 21:14:47.321: Find a better model.
2023-09-02 21:14:59.549: [iter 161 : loss : -0.1197 = 0.0755 + -0.2136 + 0.0195 + -0.0011, time: 12.214773]
2023-09-02 21:15:00.182: epoch 161:	0.03187515  	0.12874720  	0.08900537  
2023-09-02 21:15:00.182: Find a better model.
2023-09-02 21:15:12.317: [iter 162 : loss : -0.1219 = 0.0752 + -0.2156 + 0.0196 + -0.0011, time: 12.120220]
2023-09-02 21:15:12.974: epoch 162:	0.03193822  	0.12907580  	0.08931310  
2023-09-02 21:15:12.974: Find a better model.
2023-09-02 21:15:25.457: [iter 163 : loss : -0.1231 = 0.0753 + -0.2170 + 0.0198 + -0.0011, time: 12.462076]
2023-09-02 21:15:26.100: epoch 163:	0.03199499  	0.12913628  	0.08945535  
2023-09-02 21:15:26.101: Find a better model.
2023-09-02 21:15:38.552: [iter 164 : loss : -0.1242 = 0.0759 + -0.2189 + 0.0199 + -0.0011, time: 12.437942]
2023-09-02 21:15:39.208: epoch 164:	0.03199499  	0.12918834  	0.08942844  
2023-09-02 21:15:39.208: Find a better model.
2023-09-02 21:15:51.616: [iter 165 : loss : -0.1256 = 0.0762 + -0.2207 + 0.0200 + -0.0011, time: 12.389396]
2023-09-02 21:15:52.254: epoch 165:	0.03213375  	0.12973310  	0.08969310  
2023-09-02 21:15:52.255: Find a better model.
2023-09-02 21:16:04.510: [iter 166 : loss : -0.1279 = 0.0753 + -0.2223 + 0.0202 + -0.0011, time: 12.239456]
2023-09-02 21:16:05.145: epoch 166:	0.03225989  	0.13026768  	0.09007397  
2023-09-02 21:16:05.145: Find a better model.
2023-09-02 21:16:17.663: [iter 167 : loss : -0.1305 = 0.0743 + -0.2240 + 0.0203 + -0.0012, time: 12.504841]
2023-09-02 21:16:18.300: epoch 167:	0.03218420  	0.13005301  	0.09000430  
2023-09-02 21:16:30.720: [iter 168 : loss : -0.1317 = 0.0749 + -0.2260 + 0.0205 + -0.0012, time: 12.407984]
2023-09-02 21:16:31.316: epoch 168:	0.03223465  	0.13014293  	0.09013089  
2023-09-02 21:16:43.442: [iter 169 : loss : -0.1297 = 0.0780 + -0.2272 + 0.0206 + -0.0012, time: 12.110981]
2023-09-02 21:16:44.096: epoch 169:	0.03215266  	0.13006933  	0.09002165  
2023-09-02 21:16:56.636: [iter 170 : loss : -0.1340 = 0.0753 + -0.2289 + 0.0207 + -0.0012, time: 12.521432]
2023-09-02 21:16:57.288: epoch 170:	0.03221574  	0.13016082  	0.09025507  
2023-09-02 21:17:09.744: [iter 171 : loss : -0.1365 = 0.0745 + -0.2307 + 0.0209 + -0.0012, time: 12.440391]
2023-09-02 21:17:10.386: epoch 171:	0.03226619  	0.13033268  	0.09072336  
2023-09-02 21:17:10.386: Find a better model.
2023-09-02 21:17:22.747: [iter 172 : loss : -0.1401 = 0.0725 + -0.2324 + 0.0210 + -0.0012, time: 12.346868]
2023-09-02 21:17:23.387: epoch 172:	0.03231664  	0.13054854  	0.09072736  
2023-09-02 21:17:23.387: Find a better model.
2023-09-02 21:17:35.892: [iter 173 : loss : -0.1377 = 0.0763 + -0.2340 + 0.0212 + -0.0012, time: 12.486980]
2023-09-02 21:17:36.535: epoch 173:	0.03244277  	0.13105761  	0.09091575  
2023-09-02 21:17:36.536: Find a better model.
2023-09-02 21:17:48.784: [iter 174 : loss : -0.1398 = 0.0758 + -0.2357 + 0.0213 + -0.0012, time: 12.234561]
2023-09-02 21:17:49.427: epoch 174:	0.03248061  	0.13112475  	0.09093916  
2023-09-02 21:17:49.427: Find a better model.
2023-09-02 21:18:01.738: [iter 175 : loss : -0.1402 = 0.0767 + -0.2371 + 0.0215 + -0.0012, time: 12.295074]
2023-09-02 21:18:02.381: epoch 175:	0.03252475  	0.13145600  	0.09112273  
2023-09-02 21:18:02.381: Find a better model.
2023-09-02 21:18:14.778: [iter 176 : loss : -0.1436 = 0.0747 + -0.2386 + 0.0216 + -0.0012, time: 12.379698]
2023-09-02 21:18:15.448: epoch 176:	0.03250583  	0.13154280  	0.09118715  
2023-09-02 21:18:15.448: Find a better model.
2023-09-02 21:18:27.768: [iter 177 : loss : -0.1429 = 0.0773 + -0.2406 + 0.0217 + -0.0012, time: 12.301393]
2023-09-02 21:18:28.355: epoch 177:	0.03254998  	0.13172688  	0.09128825  
2023-09-02 21:18:28.356: Find a better model.
2023-09-02 21:18:40.929: [iter 178 : loss : -0.1454 = 0.0762 + -0.2423 + 0.0219 + -0.0012, time: 12.548786]
2023-09-02 21:18:41.572: epoch 178:	0.03260673  	0.13178192  	0.09131503  
2023-09-02 21:18:41.572: Find a better model.
2023-09-02 21:18:53.845: [iter 179 : loss : -0.1468 = 0.0763 + -0.2439 + 0.0220 + -0.0013, time: 12.258184]
2023-09-02 21:18:54.440: epoch 179:	0.03268240  	0.13201879  	0.09147558  
2023-09-02 21:18:54.440: Find a better model.
2023-09-02 21:19:06.710: [iter 180 : loss : -0.1462 = 0.0779 + -0.2450 + 0.0221 + -0.0013, time: 12.254474]
2023-09-02 21:19:07.376: epoch 180:	0.03274548  	0.13243900  	0.09161153  
2023-09-02 21:19:07.376: Find a better model.
2023-09-02 21:19:19.692: [iter 181 : loss : -0.1459 = 0.0802 + -0.2471 + 0.0223 + -0.0013, time: 12.298694]
2023-09-02 21:19:20.323: epoch 181:	0.03270132  	0.13212681  	0.09145071  
2023-09-02 21:19:32.737: [iter 182 : loss : -0.1513 = 0.0760 + -0.2485 + 0.0225 + -0.0013, time: 12.399545]
2023-09-02 21:19:33.385: epoch 182:	0.03285898  	0.13282594  	0.09190359  
2023-09-02 21:19:33.385: Find a better model.
2023-09-02 21:19:45.729: [iter 183 : loss : -0.1539 = 0.0747 + -0.2499 + 0.0226 + -0.0013, time: 12.329524]
2023-09-02 21:19:46.375: epoch 183:	0.03281483  	0.13257077  	0.09184338  
2023-09-02 21:19:58.833: [iter 184 : loss : -0.1536 = 0.0764 + -0.2515 + 0.0227 + -0.0013, time: 12.443744]
2023-09-02 21:19:59.491: epoch 184:	0.03284635  	0.13257013  	0.09193792  
2023-09-02 21:20:11.701: [iter 185 : loss : -0.1561 = 0.0752 + -0.2529 + 0.0229 + -0.0013, time: 12.194036]
2023-09-02 21:20:12.339: epoch 185:	0.03287788  	0.13272999  	0.09201705  
2023-09-02 21:20:24.628: [iter 186 : loss : -0.1556 = 0.0773 + -0.2546 + 0.0230 + -0.0013, time: 12.276951]
2023-09-02 21:20:25.274: epoch 186:	0.03295357  	0.13301937  	0.09209207  
2023-09-02 21:20:25.274: Find a better model.
2023-09-02 21:20:37.705: [iter 187 : loss : -0.1580 = 0.0765 + -0.2563 + 0.0231 + -0.0013, time: 12.415513]
2023-09-02 21:20:38.345: epoch 187:	0.03291573  	0.13295203  	0.09203002  
2023-09-02 21:20:50.527: [iter 188 : loss : -0.1570 = 0.0785 + -0.2574 + 0.0233 + -0.0013, time: 12.167467]
2023-09-02 21:20:51.176: epoch 188:	0.03293464  	0.13284376  	0.09215005  
2023-09-02 21:21:03.402: [iter 189 : loss : -0.1609 = 0.0762 + -0.2593 + 0.0234 + -0.0013, time: 12.210396]
2023-09-02 21:21:04.051: epoch 189:	0.03298511  	0.13322604  	0.09239860  
2023-09-02 21:21:04.051: Find a better model.
2023-09-02 21:21:16.450: [iter 190 : loss : -0.1594 = 0.0788 + -0.2605 + 0.0236 + -0.0013, time: 12.379701]
2023-09-02 21:21:17.084: epoch 190:	0.03297250  	0.13318102  	0.09255816  
2023-09-02 21:21:29.519: [iter 191 : loss : -0.1629 = 0.0770 + -0.2623 + 0.0237 + -0.0013, time: 12.422598]
2023-09-02 21:21:30.162: epoch 191:	0.03301664  	0.13351937  	0.09255700  
2023-09-02 21:21:30.163: Find a better model.
2023-09-02 21:21:42.386: [iter 192 : loss : -0.1640 = 0.0774 + -0.2639 + 0.0239 + -0.0014, time: 12.208766]
2023-09-02 21:21:43.031: epoch 192:	0.03308601  	0.13363871  	0.09267648  
2023-09-02 21:21:43.031: Find a better model.
2023-09-02 21:21:55.544: [iter 193 : loss : -0.1643 = 0.0784 + -0.2653 + 0.0240 + -0.0014, time: 12.500752]
2023-09-02 21:21:56.200: epoch 193:	0.03310492  	0.13380572  	0.09280995  
2023-09-02 21:21:56.201: Find a better model.
2023-09-02 21:22:08.795: [iter 194 : loss : -0.1680 = 0.0760 + -0.2667 + 0.0241 + -0.0014, time: 12.579019]
2023-09-02 21:22:09.438: epoch 194:	0.03318691  	0.13415053  	0.09316233  
2023-09-02 21:22:09.438: Find a better model.
2023-09-02 21:22:21.570: [iter 195 : loss : -0.1694 = 0.0757 + -0.2680 + 0.0243 + -0.0014, time: 12.117466]
2023-09-02 21:22:22.190: epoch 195:	0.03311755  	0.13398091  	0.09314448  
2023-09-02 21:22:34.410: [iter 196 : loss : -0.1682 = 0.0785 + -0.2697 + 0.0244 + -0.0014, time: 12.200880]
2023-09-02 21:22:35.019: epoch 196:	0.03306709  	0.13392371  	0.09310212  
2023-09-02 21:22:47.092: [iter 197 : loss : -0.1699 = 0.0782 + -0.2713 + 0.0245 + -0.0014, time: 12.057454]
2023-09-02 21:22:47.738: epoch 197:	0.03315539  	0.13424964  	0.09334479  
2023-09-02 21:22:47.739: Find a better model.
2023-09-02 21:23:00.139: [iter 198 : loss : -0.1735 = 0.0761 + -0.2728 + 0.0247 + -0.0014, time: 12.382357]
2023-09-02 21:23:00.793: epoch 198:	0.03314278  	0.13404711  	0.09330133  
2023-09-02 21:23:13.308: [iter 199 : loss : -0.1755 = 0.0752 + -0.2741 + 0.0248 + -0.0014, time: 12.498673]
2023-09-02 21:23:13.948: epoch 199:	0.03301034  	0.13356058  	0.09305552  
2023-09-02 21:23:26.136: [iter 200 : loss : -0.1720 = 0.0802 + -0.2757 + 0.0250 + -0.0014, time: 12.172769]
2023-09-02 21:23:26.741: epoch 200:	0.03314907  	0.13410740  	0.09339540  
2023-09-02 21:23:26.741: best_result@epoch 197:

2023-09-02 21:23:26.741: 		0.0332      	0.1342      	0.0933      
