2023-11-03 23:14:15.567: my pid: 34439
2023-11-03 23:14:15.568: model: model.general_recommender.GNNEC
2023-11-03 23:14:15.568: Dataset statistics:
Name: amazon-book
The number of users: 7928
The number of items: 29346
The number of ratings: 460224
Average actions of users: 58.05
Average actions of items: 15.68
The sparsity of the dataset: 99.802186%

The number of training: 417417
The number of validation: 0
The number of testing: 42807
2023-11-03 23:14:15.568: NeuRec:[NeuRec]:
recommender=GNNEC
dataset=amazon-book
file_column=UI
sep=','
gpu_id=0
gpu_mem=0.99
metric=["Precision", "Recall", "NDCG"]
top_k=[20]
test_thread=8
test_batch_size=128
seed=2021
start_testing_epoch=0

GNNEC:[hyperparameters]:
mf_reg=1e-4
svd_q=5
aug_type=ND
reg=1e-4
embed_size=64
n_layers=2
ssl_reg=1e-4
ssl_ratio=0.5
ssl_temp=0.1
ssl_mode=both_side
lr=1e-3
learner=adam
adj_type=pre
epochs=200
batch_size=2048
num_negatives=1
param_init=xavier_uniform
stddev=0.01
verbose=1
stop_cnt=10
pretrain_flag=0
save_flag=0

Command line:
recommender=GNNEC
dataset=amazon-book
epochs=200
n_layers=2
embed_size=64
batch_size=2048
lr=1e-3
aug_type=ND
reg=1e-4
ssl_reg=1e-4
ssl_ratio=0.5
ssl_temp=0.1
mf_reg=1e-4
svd_q=5
2023-11-03 23:14:19.499: metrics:	Precision@20	Recall@20   	NDCG@20     
2023-11-03 23:14:32.834: [iter 1 : loss : 0.6177 = 0.6155 + 0.0012 + 0.0000 + 0.0009, time: 13.328559]
2023-11-03 23:14:33.496: epoch 1:	0.00927092  	0.03500053  	0.02307894  
2023-11-03 23:14:33.496: Find a better model.
2023-11-03 23:14:46.068: [iter 2 : loss : 0.4942 = 0.4937 + 0.0006 + 0.0001 + -0.0003, time: 12.554007]
2023-11-03 23:14:46.743: epoch 2:	0.01024220  	0.03868900  	0.02634131  
2023-11-03 23:14:46.743: Find a better model.
2023-11-03 23:14:59.406: [iter 3 : loss : 0.4372 = 0.4375 + 0.0002 + 0.0002 + -0.0008, time: 12.638672]
2023-11-03 23:15:00.032: epoch 3:	0.01080352  	0.04129482  	0.02805439  
2023-11-03 23:15:00.032: Find a better model.
2023-11-03 23:15:12.738: [iter 4 : loss : 0.3974 = 0.3984 + -0.0002 + 0.0003 + -0.0011, time: 12.681860]
2023-11-03 23:15:13.352: epoch 4:	0.01141530  	0.04350805  	0.02961122  
2023-11-03 23:15:13.352: Find a better model.
2023-11-03 23:15:26.109: [iter 5 : loss : 0.3658 = 0.3673 + -0.0004 + 0.0004 + -0.0014, time: 12.735071]
2023-11-03 23:15:26.733: epoch 5:	0.01216584  	0.04655105  	0.03188923  
2023-11-03 23:15:26.733: Find a better model.
2023-11-03 23:15:39.248: [iter 6 : loss : 0.3426 = 0.3445 + -0.0007 + 0.0005 + -0.0016, time: 12.495507]
2023-11-03 23:15:39.861: epoch 6:	0.01268931  	0.04877209  	0.03312823  
2023-11-03 23:15:39.861: Find a better model.
2023-11-03 23:15:52.205: [iter 7 : loss : 0.3235 = 0.3257 + -0.0009 + 0.0005 + -0.0019, time: 12.329259]
2023-11-03 23:15:52.887: epoch 7:	0.01301097  	0.05001536  	0.03487693  
2023-11-03 23:15:52.887: Find a better model.
2023-11-03 23:16:05.405: [iter 8 : loss : 0.3074 = 0.3099 + -0.0011 + 0.0006 + -0.0020, time: 12.496922]
2023-11-03 23:16:06.053: epoch 8:	0.01367320  	0.05279236  	0.03631097  
2023-11-03 23:16:06.053: Find a better model.
2023-11-03 23:16:18.254: [iter 9 : loss : 0.2917 = 0.2944 + -0.0012 + 0.0007 + -0.0022, time: 12.186347]
2023-11-03 23:16:18.920: epoch 9:	0.01383718  	0.05318363  	0.03695586  
2023-11-03 23:16:18.920: Find a better model.
2023-11-03 23:16:31.364: [iter 10 : loss : 0.2793 = 0.2823 + -0.0014 + 0.0007 + -0.0023, time: 12.427275]
2023-11-03 23:16:32.026: epoch 10:	0.01422822  	0.05469159  	0.03756405  
2023-11-03 23:16:32.027: Find a better model.
2023-11-03 23:16:44.484: [iter 11 : loss : 0.2675 = 0.2707 + -0.0015 + 0.0008 + -0.0025, time: 12.444188]
2023-11-03 23:16:45.151: epoch 11:	0.01463186  	0.05631182  	0.03830199  
2023-11-03 23:16:45.151: Find a better model.
2023-11-03 23:16:57.607: [iter 12 : loss : 0.2575 = 0.2609 + -0.0016 + 0.0009 + -0.0026, time: 12.442405]
2023-11-03 23:16:58.276: epoch 12:	0.01483998  	0.05736358  	0.03914565  
2023-11-03 23:16:58.276: Find a better model.
2023-11-03 23:17:10.848: [iter 13 : loss : 0.2485 = 0.2521 + -0.0018 + 0.0009 + -0.0027, time: 12.550862]
2023-11-03 23:17:11.509: epoch 13:	0.01501658  	0.05812001  	0.03977552  
2023-11-03 23:17:11.509: Find a better model.
2023-11-03 23:17:24.140: [iter 14 : loss : 0.2396 = 0.2432 + -0.0018 + 0.0010 + -0.0028, time: 12.614305]
2023-11-03 23:17:24.801: epoch 14:	0.01540130  	0.06004630  	0.04094814  
2023-11-03 23:17:24.801: Find a better model.
2023-11-03 23:17:37.354: [iter 15 : loss : 0.2303 = 0.2342 + -0.0020 + 0.0011 + -0.0029, time: 12.536051]
2023-11-03 23:17:37.927: epoch 15:	0.01578603  	0.06164286  	0.04207162  
2023-11-03 23:17:37.927: Find a better model.
2023-11-03 23:17:50.636: [iter 16 : loss : 0.2236 = 0.2275 + -0.0021 + 0.0011 + -0.0030, time: 12.693331]
2023-11-03 23:17:51.306: epoch 16:	0.01595632  	0.06239784  	0.04322290  
2023-11-03 23:17:51.306: Find a better model.
2023-11-03 23:18:03.770: [iter 17 : loss : 0.2170 = 0.2211 + -0.0022 + 0.0012 + -0.0031, time: 12.442335]
2023-11-03 23:18:04.427: epoch 17:	0.01649242  	0.06467689  	0.04469666  
2023-11-03 23:18:04.428: Find a better model.
2023-11-03 23:18:16.867: [iter 18 : loss : 0.2110 = 0.2153 + -0.0023 + 0.0013 + -0.0032, time: 12.425715]
2023-11-03 23:18:17.517: epoch 18:	0.01678255  	0.06585444  	0.04537813  
2023-11-03 23:18:17.517: Find a better model.
2023-11-03 23:18:30.208: [iter 19 : loss : 0.2043 = 0.2087 + -0.0024 + 0.0013 + -0.0033, time: 12.673816]
2023-11-03 23:18:30.860: epoch 19:	0.01717358  	0.06735715  	0.04652288  
2023-11-03 23:18:30.860: Find a better model.
2023-11-03 23:18:43.606: [iter 20 : loss : 0.1985 = 0.2030 + -0.0025 + 0.0014 + -0.0034, time: 12.727778]
2023-11-03 23:18:44.239: epoch 20:	0.01731233  	0.06794342  	0.04688745  
2023-11-03 23:18:44.239: Find a better model.
2023-11-03 23:18:56.888: [iter 21 : loss : 0.1925 = 0.1972 + -0.0026 + 0.0015 + -0.0035, time: 12.630050]
2023-11-03 23:18:57.570: epoch 21:	0.01759615  	0.06903903  	0.04750897  
2023-11-03 23:18:57.570: Find a better model.
2023-11-03 23:19:10.304: [iter 22 : loss : 0.1878 = 0.1925 + -0.0027 + 0.0015 + -0.0036, time: 12.713509]
2023-11-03 23:19:10.965: epoch 22:	0.01798718  	0.07034713  	0.04819850  
2023-11-03 23:19:10.966: Find a better model.
2023-11-03 23:19:23.699: [iter 23 : loss : 0.1835 = 0.1884 + -0.0028 + 0.0016 + -0.0036, time: 12.714128]
2023-11-03 23:19:24.379: epoch 23:	0.01827100  	0.07137136  	0.04946077  
2023-11-03 23:19:24.379: Find a better model.
2023-11-03 23:19:36.993: [iter 24 : loss : 0.1798 = 0.1847 + -0.0028 + 0.0016 + -0.0037, time: 12.592206]
2023-11-03 23:19:37.668: epoch 24:	0.01855481  	0.07294836  	0.05076627  
2023-11-03 23:19:37.668: Find a better model.
2023-11-03 23:19:50.330: [iter 25 : loss : 0.1746 = 0.1796 + -0.0029 + 0.0017 + -0.0038, time: 12.646392]
2023-11-03 23:19:51.010: epoch 25:	0.01891431  	0.07463359  	0.05175211  
2023-11-03 23:19:51.010: Find a better model.
2023-11-03 23:20:03.779: [iter 26 : loss : 0.1696 = 0.1747 + -0.0030 + 0.0018 + -0.0039, time: 12.750320]
2023-11-03 23:20:04.437: epoch 26:	0.01917290  	0.07548055  	0.05253132  
2023-11-03 23:20:04.437: Find a better model.
2023-11-03 23:20:17.049: [iter 27 : loss : 0.1663 = 0.1714 + -0.0030 + 0.0018 + -0.0039, time: 12.593730]
2023-11-03 23:20:17.714: epoch 27:	0.01938734  	0.07624476  	0.05285040  
2023-11-03 23:20:17.714: Find a better model.
2023-11-03 23:20:30.408: [iter 28 : loss : 0.1623 = 0.1676 + -0.0032 + 0.0019 + -0.0040, time: 12.677634]
2023-11-03 23:20:31.058: epoch 28:	0.01955133  	0.07683441  	0.05308976  
2023-11-03 23:20:31.058: Find a better model.
2023-11-03 23:20:43.741: [iter 29 : loss : 0.1584 = 0.1638 + -0.0032 + 0.0019 + -0.0041, time: 12.660873]
2023-11-03 23:20:44.420: epoch 29:	0.01975946  	0.07771261  	0.05388042  
2023-11-03 23:20:44.420: Find a better model.
2023-11-03 23:20:57.047: [iter 30 : loss : 0.1560 = 0.1614 + -0.0033 + 0.0020 + -0.0041, time: 12.612727]
2023-11-03 23:20:57.687: epoch 30:	0.01999912  	0.07868289  	0.05442779  
2023-11-03 23:20:57.688: Find a better model.
2023-11-03 23:21:10.251: [iter 31 : loss : 0.1513 = 0.1567 + -0.0034 + 0.0021 + -0.0042, time: 12.542579]
2023-11-03 23:21:10.925: epoch 31:	0.02006850  	0.07914201  	0.05482630  
2023-11-03 23:21:10.925: Find a better model.
2023-11-03 23:21:23.543: [iter 32 : loss : 0.1498 = 0.1553 + -0.0034 + 0.0021 + -0.0042, time: 12.603590]
2023-11-03 23:21:24.230: epoch 32:	0.02040277  	0.08032019  	0.05562571  
2023-11-03 23:21:24.230: Find a better model.
2023-11-03 23:21:36.922: [iter 33 : loss : 0.1455 = 0.1511 + -0.0035 + 0.0022 + -0.0043, time: 12.670988]
2023-11-03 23:21:37.580: epoch 33:	0.02056675  	0.08097980  	0.05626250  
2023-11-03 23:21:37.580: Find a better model.
2023-11-03 23:21:50.244: [iter 34 : loss : 0.1440 = 0.1497 + -0.0035 + 0.0022 + -0.0043, time: 12.647688]
2023-11-03 23:21:50.917: epoch 34:	0.02069289  	0.08166951  	0.05675731  
2023-11-03 23:21:50.917: Find a better model.
2023-11-03 23:22:03.507: [iter 35 : loss : 0.1399 = 0.1456 + -0.0036 + 0.0023 + -0.0044, time: 12.572793]
2023-11-03 23:22:04.181: epoch 35:	0.02091994  	0.08228828  	0.05724851  
2023-11-03 23:22:04.181: Find a better model.
2023-11-03 23:22:16.671: [iter 36 : loss : 0.1371 = 0.1429 + -0.0037 + 0.0023 + -0.0045, time: 12.472379]
2023-11-03 23:22:17.342: epoch 36:	0.02107131  	0.08292550  	0.05770500  
2023-11-03 23:22:17.342: Find a better model.
2023-11-03 23:22:29.930: [iter 37 : loss : 0.1343 = 0.1402 + -0.0037 + 0.0024 + -0.0045, time: 12.567829]
2023-11-03 23:22:30.601: epoch 37:	0.02127944  	0.08387457  	0.05818351  
2023-11-03 23:22:30.601: Find a better model.
2023-11-03 23:22:43.275: [iter 38 : loss : 0.1327 = 0.1385 + -0.0038 + 0.0024 + -0.0046, time: 12.656769]
2023-11-03 23:22:43.953: epoch 38:	0.02153803  	0.08525072  	0.05868619  
2023-11-03 23:22:43.953: Find a better model.
2023-11-03 23:22:56.735: [iter 39 : loss : 0.1292 = 0.1351 + -0.0038 + 0.0025 + -0.0046, time: 12.762578]
2023-11-03 23:22:57.387: epoch 39:	0.02173985  	0.08614195  	0.05920615  
2023-11-03 23:22:57.388: Find a better model.
2023-11-03 23:23:10.120: [iter 40 : loss : 0.1278 = 0.1338 + -0.0039 + 0.0026 + -0.0047, time: 12.714414]
2023-11-03 23:23:10.799: epoch 40:	0.02174615  	0.08630809  	0.05942619  
2023-11-03 23:23:10.800: Find a better model.
2023-11-03 23:23:23.524: [iter 41 : loss : 0.1252 = 0.1313 + -0.0040 + 0.0026 + -0.0047, time: 12.704482]
2023-11-03 23:23:24.205: epoch 41:	0.02202998  	0.08718850  	0.06004123  
2023-11-03 23:23:24.205: Find a better model.
2023-11-03 23:23:37.045: [iter 42 : loss : 0.1229 = 0.1290 + -0.0040 + 0.0027 + -0.0047, time: 12.819332]
2023-11-03 23:23:37.692: epoch 42:	0.02208673  	0.08771449  	0.06051192  
2023-11-03 23:23:37.692: Find a better model.
2023-11-03 23:23:50.348: [iter 43 : loss : 0.1209 = 0.1270 + -0.0040 + 0.0027 + -0.0048, time: 12.637853]
2023-11-03 23:23:51.011: epoch 43:	0.02217503  	0.08797196  	0.06048955  
2023-11-03 23:23:51.011: Find a better model.
2023-11-03 23:24:03.367: [iter 44 : loss : 0.1193 = 0.1255 + -0.0041 + 0.0028 + -0.0048, time: 12.341100]
2023-11-03 23:24:04.034: epoch 44:	0.02244622  	0.08904099  	0.06125316  
2023-11-03 23:24:04.034: Find a better model.
2023-11-03 23:24:16.406: [iter 45 : loss : 0.1167 = 0.1229 + -0.0041 + 0.0028 + -0.0049, time: 12.359939]
2023-11-03 23:24:17.084: epoch 45:	0.02262912  	0.08967417  	0.06163573  
2023-11-03 23:24:17.084: Find a better model.
2023-11-03 23:24:29.681: [iter 46 : loss : 0.1147 = 0.1209 + -0.0042 + 0.0029 + -0.0049, time: 12.581931]
2023-11-03 23:24:30.340: epoch 46:	0.02276789  	0.09054714  	0.06195406  
2023-11-03 23:24:30.340: Find a better model.
2023-11-03 23:24:42.818: [iter 47 : loss : 0.1136 = 0.1198 + -0.0042 + 0.0029 + -0.0050, time: 12.458332]
2023-11-03 23:24:43.479: epoch 47:	0.02310215  	0.09172212  	0.06286967  
2023-11-03 23:24:43.479: Find a better model.
2023-11-03 23:24:56.178: [iter 48 : loss : 0.1111 = 0.1174 + -0.0042 + 0.0030 + -0.0050, time: 12.681458]
2023-11-03 23:24:56.856: epoch 48:	0.02320936  	0.09200237  	0.06312180  
2023-11-03 23:24:56.856: Find a better model.
2023-11-03 23:25:09.715: [iter 49 : loss : 0.1091 = 0.1154 + -0.0043 + 0.0030 + -0.0050, time: 12.839130]
2023-11-03 23:25:10.366: epoch 49:	0.02336074  	0.09290794  	0.06353898  
2023-11-03 23:25:10.367: Find a better model.
2023-11-03 23:25:23.055: [iter 50 : loss : 0.1067 = 0.1131 + -0.0044 + 0.0031 + -0.0051, time: 12.670386]
2023-11-03 23:25:23.723: epoch 50:	0.02363194  	0.09424437  	0.06440958  
2023-11-03 23:25:23.723: Find a better model.
2023-11-03 23:25:36.521: [iter 51 : loss : 0.1059 = 0.1123 + -0.0044 + 0.0031 + -0.0051, time: 12.783150]
2023-11-03 23:25:37.181: epoch 51:	0.02368240  	0.09453499  	0.06453218  
2023-11-03 23:25:37.181: Find a better model.
2023-11-03 23:25:50.017: [iter 52 : loss : 0.1043 = 0.1107 + -0.0044 + 0.0032 + -0.0052, time: 12.818923]
2023-11-03 23:25:50.704: epoch 52:	0.02378331  	0.09504101  	0.06499370  
2023-11-03 23:25:50.704: Find a better model.
2023-11-03 23:26:03.418: [iter 53 : loss : 0.1027 = 0.1091 + -0.0044 + 0.0032 + -0.0052, time: 12.696519]
2023-11-03 23:26:04.100: epoch 53:	0.02374548  	0.09489276  	0.06501883  
2023-11-03 23:26:16.744: [iter 54 : loss : 0.1012 = 0.1077 + -0.0045 + 0.0033 + -0.0052, time: 12.625234]
2023-11-03 23:26:17.329: epoch 54:	0.02422479  	0.09661347  	0.06587277  
2023-11-03 23:26:17.329: Find a better model.
2023-11-03 23:26:30.056: [iter 55 : loss : 0.0984 = 0.1049 + -0.0045 + 0.0033 + -0.0053, time: 12.711179]
2023-11-03 23:26:30.690: epoch 55:	0.02418065  	0.09686031  	0.06600547  
2023-11-03 23:26:30.691: Find a better model.
2023-11-03 23:26:43.506: [iter 56 : loss : 0.0976 = 0.1041 + -0.0045 + 0.0034 + -0.0053, time: 12.800682]
2023-11-03 23:26:44.120: epoch 56:	0.02423741  	0.09714305  	0.06650549  
2023-11-03 23:26:44.120: Find a better model.
2023-11-03 23:26:56.864: [iter 57 : loss : 0.0969 = 0.1034 + -0.0046 + 0.0034 + -0.0053, time: 12.724837]
2023-11-03 23:26:57.558: epoch 57:	0.02451492  	0.09839003  	0.06712965  
2023-11-03 23:26:57.558: Find a better model.
2023-11-03 23:27:10.296: [iter 58 : loss : 0.0942 = 0.1007 + -0.0047 + 0.0035 + -0.0054, time: 12.723080]
2023-11-03 23:27:10.920: epoch 58:	0.02462215  	0.09853802  	0.06734009  
2023-11-03 23:27:10.920: Find a better model.
2023-11-03 23:27:23.566: [iter 59 : loss : 0.0934 = 0.0999 + -0.0047 + 0.0035 + -0.0054, time: 12.627796]
2023-11-03 23:27:24.202: epoch 59:	0.02467890  	0.09883837  	0.06755859  
2023-11-03 23:27:24.202: Find a better model.
2023-11-03 23:27:36.856: [iter 60 : loss : 0.0925 = 0.0991 + -0.0047 + 0.0036 + -0.0054, time: 12.635183]
2023-11-03 23:27:37.504: epoch 60:	0.02479875  	0.09948280  	0.06781050  
2023-11-03 23:27:37.504: Find a better model.
2023-11-03 23:27:49.930: [iter 61 : loss : 0.0904 = 0.0970 + -0.0048 + 0.0036 + -0.0055, time: 12.412878]
2023-11-03 23:27:50.588: epoch 61:	0.02504471  	0.10032845  	0.06816821  
2023-11-03 23:27:50.588: Find a better model.
2023-11-03 23:28:03.352: [iter 62 : loss : 0.0891 = 0.0957 + -0.0048 + 0.0037 + -0.0055, time: 12.745947]
2023-11-03 23:28:04.016: epoch 62:	0.02507625  	0.10036574  	0.06877763  
2023-11-03 23:28:04.016: Find a better model.
2023-11-03 23:28:16.528: [iter 63 : loss : 0.0885 = 0.0952 + -0.0048 + 0.0037 + -0.0055, time: 12.497759]
2023-11-03 23:28:17.211: epoch 63:	0.02528438  	0.10131239  	0.06922600  
2023-11-03 23:28:17.212: Find a better model.
2023-11-03 23:28:29.710: [iter 64 : loss : 0.0866 = 0.0933 + -0.0048 + 0.0038 + -0.0056, time: 12.480442]
2023-11-03 23:28:30.379: epoch 64:	0.02549881  	0.10214766  	0.06958569  
2023-11-03 23:28:30.379: Find a better model.
2023-11-03 23:28:42.967: [iter 65 : loss : 0.0844 = 0.0910 + -0.0049 + 0.0038 + -0.0056, time: 12.572176]
2023-11-03 23:28:43.645: epoch 65:	0.02561234  	0.10272587  	0.07032444  
2023-11-03 23:28:43.646: Find a better model.
2023-11-03 23:28:56.292: [iter 66 : loss : 0.0841 = 0.0908 + -0.0049 + 0.0039 + -0.0056, time: 12.628163]
2023-11-03 23:28:56.956: epoch 66:	0.02575109  	0.10345368  	0.07067774  
2023-11-03 23:28:56.956: Find a better model.
2023-11-03 23:29:09.687: [iter 67 : loss : 0.0835 = 0.0902 + -0.0049 + 0.0039 + -0.0057, time: 12.713022]
2023-11-03 23:29:10.378: epoch 67:	0.02602860  	0.10462388  	0.07148058  
2023-11-03 23:29:10.378: Find a better model.
2023-11-03 23:29:23.129: [iter 68 : loss : 0.0823 = 0.0890 + -0.0050 + 0.0040 + -0.0057, time: 12.731029]
2023-11-03 23:29:23.791: epoch 68:	0.02619259  	0.10506717  	0.07202382  
2023-11-03 23:29:23.791: Find a better model.
2023-11-03 23:29:36.575: [iter 69 : loss : 0.0810 = 0.0877 + -0.0050 + 0.0040 + -0.0057, time: 12.766004]
2023-11-03 23:29:37.276: epoch 69:	0.02632503  	0.10553325  	0.07248744  
2023-11-03 23:29:37.276: Find a better model.
2023-11-03 23:29:49.725: [iter 70 : loss : 0.0805 = 0.0872 + -0.0050 + 0.0041 + -0.0058, time: 12.428855]
2023-11-03 23:29:50.392: epoch 70:	0.02662777  	0.10679179  	0.07306485  
2023-11-03 23:29:50.392: Find a better model.
2023-11-03 23:30:02.970: [iter 71 : loss : 0.0786 = 0.0854 + -0.0050 + 0.0041 + -0.0058, time: 12.561884]
2023-11-03 23:30:03.633: epoch 71:	0.02663408  	0.10700121  	0.07325821  
2023-11-03 23:30:03.633: Find a better model.
2023-11-03 23:30:16.468: [iter 72 : loss : 0.0778 = 0.0845 + -0.0051 + 0.0041 + -0.0058, time: 12.816643]
2023-11-03 23:30:17.096: epoch 72:	0.02677914  	0.10768576  	0.07353298  
2023-11-03 23:30:17.096: Find a better model.
2023-11-03 23:30:29.647: [iter 73 : loss : 0.0764 = 0.0831 + -0.0051 + 0.0042 + -0.0058, time: 12.532094]
2023-11-03 23:30:30.322: epoch 73:	0.02691789  	0.10824849  	0.07386386  
2023-11-03 23:30:30.322: Find a better model.
2023-11-03 23:30:43.160: [iter 74 : loss : 0.0760 = 0.0828 + -0.0052 + 0.0042 + -0.0059, time: 12.823865]
2023-11-03 23:30:43.781: epoch 74:	0.02677284  	0.10770487  	0.07378076  
2023-11-03 23:30:56.550: [iter 75 : loss : 0.0742 = 0.0810 + -0.0052 + 0.0043 + -0.0059, time: 12.748944]
2023-11-03 23:30:57.232: epoch 75:	0.02683591  	0.10800091  	0.07400286  
2023-11-03 23:31:09.944: [iter 76 : loss : 0.0746 = 0.0814 + -0.0052 + 0.0043 + -0.0059, time: 12.695862]
2023-11-03 23:31:10.554: epoch 76:	0.02689266  	0.10857844  	0.07420687  
2023-11-03 23:31:10.555: Find a better model.
2023-11-03 23:31:23.331: [iter 77 : loss : 0.0728 = 0.0796 + -0.0052 + 0.0044 + -0.0060, time: 12.759037]
2023-11-03 23:31:23.989: epoch 77:	0.02707557  	0.10934178  	0.07443994  
2023-11-03 23:31:23.989: Find a better model.
2023-11-03 23:31:36.772: [iter 78 : loss : 0.0717 = 0.0786 + -0.0053 + 0.0044 + -0.0060, time: 12.766973]
2023-11-03 23:31:37.399: epoch 78:	0.02725216  	0.10963345  	0.07469766  
2023-11-03 23:31:37.399: Find a better model.
2023-11-03 23:31:49.908: [iter 79 : loss : 0.0714 = 0.0783 + -0.0053 + 0.0045 + -0.0060, time: 12.491084]
2023-11-03 23:31:50.594: epoch 79:	0.02748552  	0.11071924  	0.07528552  
2023-11-03 23:31:50.595: Find a better model.
2023-11-03 23:32:03.225: [iter 80 : loss : 0.0698 = 0.0767 + -0.0053 + 0.0045 + -0.0060, time: 12.608251]
2023-11-03 23:32:03.860: epoch 80:	0.02762427  	0.11127340  	0.07552348  
2023-11-03 23:32:03.860: Find a better model.
2023-11-03 23:32:16.325: [iter 81 : loss : 0.0693 = 0.0762 + -0.0054 + 0.0045 + -0.0061, time: 12.447805]
2023-11-03 23:32:16.980: epoch 81:	0.02758013  	0.11107990  	0.07571829  
2023-11-03 23:32:29.573: [iter 82 : loss : 0.0693 = 0.0762 + -0.0054 + 0.0046 + -0.0061, time: 12.580221]
2023-11-03 23:32:30.203: epoch 82:	0.02780087  	0.11216348  	0.07622278  
2023-11-03 23:32:30.203: Find a better model.
2023-11-03 23:32:43.071: [iter 83 : loss : 0.0670 = 0.0739 + -0.0054 + 0.0046 + -0.0061, time: 12.854016]
2023-11-03 23:32:43.687: epoch 83:	0.02792701  	0.11255568  	0.07643611  
2023-11-03 23:32:43.687: Find a better model.
2023-11-03 23:32:56.417: [iter 84 : loss : 0.0659 = 0.0728 + -0.0055 + 0.0047 + -0.0061, time: 12.713435]
2023-11-03 23:32:57.051: epoch 84:	0.02817297  	0.11353093  	0.07677152  
2023-11-03 23:32:57.051: Find a better model.
2023-11-03 23:33:09.865: [iter 85 : loss : 0.0655 = 0.0724 + -0.0055 + 0.0047 + -0.0062, time: 12.799968]
2023-11-03 23:33:10.532: epoch 85:	0.02810358  	0.11320772  	0.07698492  
2023-11-03 23:33:23.090: [iter 86 : loss : 0.0652 = 0.0722 + -0.0055 + 0.0048 + -0.0062, time: 12.541266]
2023-11-03 23:33:23.737: epoch 86:	0.02835586  	0.11441325  	0.07737851  
2023-11-03 23:33:23.737: Find a better model.
2023-11-03 23:33:36.515: [iter 87 : loss : 0.0643 = 0.0712 + -0.0055 + 0.0048 + -0.0062, time: 12.765432]
2023-11-03 23:33:37.175: epoch 87:	0.02833065  	0.11434925  	0.07747387  
2023-11-03 23:33:49.856: [iter 88 : loss : 0.0638 = 0.0707 + -0.0055 + 0.0048 + -0.0062, time: 12.665144]
2023-11-03 23:33:50.540: epoch 88:	0.02848832  	0.11487605  	0.07783640  
2023-11-03 23:33:50.540: Find a better model.
2023-11-03 23:34:03.215: [iter 89 : loss : 0.0626 = 0.0695 + -0.0055 + 0.0049 + -0.0062, time: 12.654168]
2023-11-03 23:34:03.843: epoch 89:	0.02862077  	0.11580127  	0.07820665  
2023-11-03 23:34:03.844: Find a better model.
2023-11-03 23:34:16.516: [iter 90 : loss : 0.0623 = 0.0692 + -0.0056 + 0.0049 + -0.0063, time: 12.652338]
2023-11-03 23:34:17.158: epoch 90:	0.02879736  	0.11649454  	0.07895043  
2023-11-03 23:34:17.158: Find a better model.
2023-11-03 23:34:29.802: [iter 91 : loss : 0.0616 = 0.0685 + -0.0056 + 0.0050 + -0.0063, time: 12.624363]
2023-11-03 23:34:30.459: epoch 91:	0.02876584  	0.11662783  	0.07890611  
2023-11-03 23:34:30.459: Find a better model.
2023-11-03 23:34:43.038: [iter 92 : loss : 0.0612 = 0.0682 + -0.0057 + 0.0050 + -0.0063, time: 12.558681]
2023-11-03 23:34:43.688: epoch 92:	0.02899919  	0.11776303  	0.07916381  
2023-11-03 23:34:43.688: Find a better model.
2023-11-03 23:34:56.306: [iter 93 : loss : 0.0599 = 0.0668 + -0.0056 + 0.0051 + -0.0063, time: 12.603483]
2023-11-03 23:34:56.975: epoch 93:	0.02903703  	0.11805037  	0.07961910  
2023-11-03 23:34:56.975: Find a better model.
2023-11-03 23:35:09.623: [iter 94 : loss : 0.0602 = 0.0671 + -0.0056 + 0.0051 + -0.0064, time: 12.625968]
2023-11-03 23:35:10.222: epoch 94:	0.02913165  	0.11821133  	0.07967172  
2023-11-03 23:35:10.223: Find a better model.
2023-11-03 23:35:22.976: [iter 95 : loss : 0.0591 = 0.0660 + -0.0057 + 0.0051 + -0.0064, time: 12.736108]
2023-11-03 23:35:23.647: epoch 95:	0.02935239  	0.11928542  	0.07998192  
2023-11-03 23:35:23.647: Find a better model.
2023-11-03 23:35:36.367: [iter 96 : loss : 0.0582 = 0.0651 + -0.0057 + 0.0052 + -0.0064, time: 12.702652]
2023-11-03 23:35:36.980: epoch 96:	0.02935238  	0.11900752  	0.08007110  
2023-11-03 23:35:49.680: [iter 97 : loss : 0.0568 = 0.0637 + -0.0057 + 0.0052 + -0.0064, time: 12.681895]
2023-11-03 23:35:50.297: epoch 97:	0.02951007  	0.11981063  	0.08037067  
2023-11-03 23:35:50.298: Find a better model.
2023-11-03 23:36:02.797: [iter 98 : loss : 0.0569 = 0.0638 + -0.0058 + 0.0053 + -0.0064, time: 12.482730]
2023-11-03 23:36:03.460: epoch 98:	0.02969927  	0.12083557  	0.08081797  
2023-11-03 23:36:03.460: Find a better model.
2023-11-03 23:36:16.000: [iter 99 : loss : 0.0558 = 0.0627 + -0.0058 + 0.0053 + -0.0065, time: 12.524556]
2023-11-03 23:36:16.663: epoch 99:	0.02975604  	0.12091297  	0.08115239  
2023-11-03 23:36:16.663: Find a better model.
2023-11-03 23:36:29.356: [iter 100 : loss : 0.0559 = 0.0628 + -0.0058 + 0.0053 + -0.0065, time: 12.674900]
2023-11-03 23:36:30.049: epoch 100:	0.02978756  	0.12088992  	0.08138262  
2023-11-03 23:36:42.641: [iter 101 : loss : 0.0560 = 0.0630 + -0.0058 + 0.0054 + -0.0065, time: 12.574218]
2023-11-03 23:36:43.288: epoch 101:	0.02984433  	0.12137716  	0.08151775  
2023-11-03 23:36:43.288: Find a better model.
2023-11-03 23:36:55.935: [iter 102 : loss : 0.0554 = 0.0624 + -0.0059 + 0.0054 + -0.0065, time: 12.626309]
2023-11-03 23:36:56.589: epoch 102:	0.02981280  	0.12142895  	0.08169513  
2023-11-03 23:36:56.589: Find a better model.
2023-11-03 23:37:09.265: [iter 103 : loss : 0.0542 = 0.0612 + -0.0059 + 0.0055 + -0.0065, time: 12.658453]
2023-11-03 23:37:09.904: epoch 103:	0.02989477  	0.12133007  	0.08197178  
2023-11-03 23:37:22.414: [iter 104 : loss : 0.0532 = 0.0601 + -0.0059 + 0.0055 + -0.0066, time: 12.490572]
2023-11-03 23:37:23.107: epoch 104:	0.02986955  	0.12127680  	0.08206169  
2023-11-03 23:37:35.684: [iter 105 : loss : 0.0524 = 0.0594 + -0.0059 + 0.0055 + -0.0066, time: 12.558643]
2023-11-03 23:37:36.361: epoch 105:	0.02998307  	0.12153090  	0.08218602  
2023-11-03 23:37:36.361: Find a better model.
2023-11-03 23:37:49.206: [iter 106 : loss : 0.0531 = 0.0600 + -0.0059 + 0.0056 + -0.0066, time: 12.825376]
2023-11-03 23:37:49.895: epoch 106:	0.03005877  	0.12198313  	0.08240598  
2023-11-03 23:37:49.895: Find a better model.
2023-11-03 23:38:02.554: [iter 107 : loss : 0.0520 = 0.0590 + -0.0059 + 0.0056 + -0.0066, time: 12.638307]
2023-11-03 23:38:03.188: epoch 107:	0.03017860  	0.12260684  	0.08242121  
2023-11-03 23:38:03.188: Find a better model.
2023-11-03 23:38:15.815: [iter 108 : loss : 0.0519 = 0.0589 + -0.0060 + 0.0057 + -0.0066, time: 12.610288]
2023-11-03 23:38:16.487: epoch 108:	0.03016597  	0.12225016  	0.08263335  
2023-11-03 23:38:29.063: [iter 109 : loss : 0.0504 = 0.0574 + -0.0060 + 0.0057 + -0.0067, time: 12.558843]
2023-11-03 23:38:29.732: epoch 109:	0.03028582  	0.12284341  	0.08321456  
2023-11-03 23:38:29.732: Find a better model.
2023-11-03 23:38:42.362: [iter 110 : loss : 0.0504 = 0.0574 + -0.0060 + 0.0057 + -0.0067, time: 12.606921]
2023-11-03 23:38:43.020: epoch 110:	0.03032366  	0.12300454  	0.08340577  
2023-11-03 23:38:43.020: Find a better model.
2023-11-03 23:38:55.572: [iter 111 : loss : 0.0489 = 0.0559 + -0.0060 + 0.0058 + -0.0067, time: 12.530227]
2023-11-03 23:38:56.212: epoch 111:	0.03048765  	0.12386617  	0.08369318  
2023-11-03 23:38:56.212: Find a better model.
2023-11-03 23:39:08.794: [iter 112 : loss : 0.0496 = 0.0565 + -0.0061 + 0.0058 + -0.0067, time: 12.563835]
2023-11-03 23:39:09.475: epoch 112:	0.03051287  	0.12416031  	0.08420146  
2023-11-03 23:39:09.475: Find a better model.
2023-11-03 23:39:22.007: [iter 113 : loss : 0.0481 = 0.0551 + -0.0061 + 0.0058 + -0.0067, time: 12.515892]
2023-11-03 23:39:22.682: epoch 113:	0.03066422  	0.12476154  	0.08435762  
2023-11-03 23:39:22.682: Find a better model.
2023-11-03 23:39:35.284: [iter 114 : loss : 0.0481 = 0.0551 + -0.0061 + 0.0059 + -0.0068, time: 12.583517]
2023-11-03 23:39:35.971: epoch 114:	0.03074621  	0.12509507  	0.08434745  
2023-11-03 23:39:35.971: Find a better model.
2023-11-03 23:39:48.669: [iter 115 : loss : 0.0482 = 0.0552 + -0.0061 + 0.0059 + -0.0068, time: 12.673678]
2023-11-03 23:39:49.304: epoch 115:	0.03087867  	0.12552756  	0.08477536  
2023-11-03 23:39:49.305: Find a better model.
2023-11-03 23:40:02.150: [iter 116 : loss : 0.0477 = 0.0547 + -0.0062 + 0.0060 + -0.0068, time: 12.828687]
2023-11-03 23:40:02.785: epoch 116:	0.03099220  	0.12601659  	0.08530094  
2023-11-03 23:40:02.786: Find a better model.
2023-11-03 23:40:15.510: [iter 117 : loss : 0.0471 = 0.0540 + -0.0061 + 0.0060 + -0.0068, time: 12.707090]
2023-11-03 23:40:16.170: epoch 117:	0.03094172  	0.12580967  	0.08523218  
2023-11-03 23:40:28.706: [iter 118 : loss : 0.0460 = 0.0530 + -0.0062 + 0.0060 + -0.0068, time: 12.519085]
2023-11-03 23:40:29.331: epoch 118:	0.03092281  	0.12606633  	0.08543158  
2023-11-03 23:40:29.331: Find a better model.
2023-11-03 23:40:42.158: [iter 119 : loss : 0.0465 = 0.0534 + -0.0061 + 0.0061 + -0.0068, time: 12.811817]
2023-11-03 23:40:42.795: epoch 119:	0.03097957  	0.12594223  	0.08559714  
2023-11-03 23:40:55.701: [iter 120 : loss : 0.0458 = 0.0528 + -0.0062 + 0.0061 + -0.0069, time: 12.889924]
2023-11-03 23:40:56.380: epoch 120:	0.03091020  	0.12574001  	0.08542244  
2023-11-03 23:41:09.079: [iter 121 : loss : 0.0457 = 0.0526 + -0.0062 + 0.0062 + -0.0069, time: 12.684587]
2023-11-03 23:41:09.698: epoch 121:	0.03094804  	0.12607439  	0.08551442  
2023-11-03 23:41:09.698: Find a better model.
2023-11-03 23:41:22.588: [iter 122 : loss : 0.0449 = 0.0519 + -0.0062 + 0.0062 + -0.0069, time: 12.875534]
2023-11-03 23:41:23.273: epoch 122:	0.03098588  	0.12599185  	0.08569873  
2023-11-03 23:41:36.005: [iter 123 : loss : 0.0445 = 0.0515 + -0.0063 + 0.0062 + -0.0069, time: 12.714649]
2023-11-03 23:41:36.671: epoch 123:	0.03088497  	0.12560338  	0.08542170  
2023-11-03 23:41:49.324: [iter 124 : loss : 0.0443 = 0.0513 + -0.0063 + 0.0063 + -0.0069, time: 12.638166]
2023-11-03 23:41:49.990: epoch 124:	0.03107419  	0.12634431  	0.08569565  
2023-11-03 23:41:49.990: Find a better model.
2023-11-03 23:42:02.697: [iter 125 : loss : 0.0446 = 0.0515 + -0.0063 + 0.0063 + -0.0069, time: 12.690225]
2023-11-03 23:42:03.327: epoch 125:	0.03131385  	0.12747654  	0.08625531  
2023-11-03 23:42:03.327: Find a better model.
2023-11-03 23:42:16.145: [iter 126 : loss : 0.0430 = 0.0500 + -0.0063 + 0.0063 + -0.0070, time: 12.797323]
2023-11-03 23:42:16.811: epoch 126:	0.03140845  	0.12787302  	0.08629818  
2023-11-03 23:42:16.811: Find a better model.
2023-11-03 23:42:29.440: [iter 127 : loss : 0.0426 = 0.0495 + -0.0063 + 0.0064 + -0.0070, time: 12.608800]
2023-11-03 23:42:30.130: epoch 127:	0.03127600  	0.12709893  	0.08600356  
2023-11-03 23:42:42.776: [iter 128 : loss : 0.0431 = 0.0500 + -0.0063 + 0.0064 + -0.0070, time: 12.626834]
2023-11-03 23:42:43.435: epoch 128:	0.03128231  	0.12736653  	0.08625403  
2023-11-03 23:42:56.089: [iter 129 : loss : 0.0425 = 0.0494 + -0.0063 + 0.0064 + -0.0070, time: 12.635216]
2023-11-03 23:42:56.753: epoch 129:	0.03135170  	0.12758647  	0.08648257  
2023-11-03 23:43:09.371: [iter 130 : loss : 0.0423 = 0.0492 + -0.0063 + 0.0065 + -0.0070, time: 12.603323]
2023-11-03 23:43:10.057: epoch 130:	0.03128232  	0.12763421  	0.08669370  
2023-11-03 23:43:22.597: [iter 131 : loss : 0.0407 = 0.0476 + -0.0064 + 0.0065 + -0.0070, time: 12.522764]
2023-11-03 23:43:23.275: epoch 131:	0.03145260  	0.12820289  	0.08663882  
2023-11-03 23:43:23.275: Find a better model.
2023-11-03 23:43:36.070: [iter 132 : loss : 0.0420 = 0.0489 + -0.0064 + 0.0065 + -0.0071, time: 12.779773]
2023-11-03 23:43:36.689: epoch 132:	0.03152199  	0.12853009  	0.08688947  
2023-11-03 23:43:36.689: Find a better model.
2023-11-03 23:43:49.422: [iter 133 : loss : 0.0412 = 0.0481 + -0.0064 + 0.0066 + -0.0071, time: 12.714542]
2023-11-03 23:43:50.116: epoch 133:	0.03155353  	0.12868018  	0.08702572  
2023-11-03 23:43:50.117: Find a better model.
2023-11-03 23:44:02.547: [iter 134 : loss : 0.0407 = 0.0476 + -0.0065 + 0.0066 + -0.0071, time: 12.411969]
2023-11-03 23:44:03.160: epoch 134:	0.03175533  	0.12929843  	0.08728348  
2023-11-03 23:44:03.160: Find a better model.
2023-11-03 23:44:15.807: [iter 135 : loss : 0.0404 = 0.0473 + -0.0064 + 0.0066 + -0.0071, time: 12.631434]
2023-11-03 23:44:16.413: epoch 135:	0.03169858  	0.12899394  	0.08718877  
2023-11-03 23:44:28.993: [iter 136 : loss : 0.0392 = 0.0461 + -0.0065 + 0.0067 + -0.0071, time: 12.566782]
2023-11-03 23:44:29.673: epoch 136:	0.03166704  	0.12914626  	0.08727171  
2023-11-03 23:44:42.129: [iter 137 : loss : 0.0400 = 0.0469 + -0.0065 + 0.0067 + -0.0071, time: 12.436042]
2023-11-03 23:44:42.777: epoch 137:	0.03174904  	0.12928616  	0.08744351  
2023-11-03 23:44:55.517: [iter 138 : loss : 0.0394 = 0.0463 + -0.0065 + 0.0067 + -0.0071, time: 12.723973]
2023-11-03 23:44:56.179: epoch 138:	0.03196979  	0.13036755  	0.08793309  
2023-11-03 23:44:56.179: Find a better model.
2023-11-03 23:45:08.713: [iter 139 : loss : 0.0393 = 0.0462 + -0.0065 + 0.0068 + -0.0072, time: 12.512514]
2023-11-03 23:45:09.374: epoch 139:	0.03216531  	0.13110834  	0.08846513  
2023-11-03 23:45:09.374: Find a better model.
2023-11-03 23:45:21.923: [iter 140 : loss : 0.0391 = 0.0460 + -0.0065 + 0.0068 + -0.0072, time: 12.534927]
2023-11-03 23:45:22.576: epoch 140:	0.03205177  	0.13094383  	0.08837897  
2023-11-03 23:45:35.359: [iter 141 : loss : 0.0389 = 0.0458 + -0.0065 + 0.0068 + -0.0072, time: 12.764113]
2023-11-03 23:45:36.045: epoch 141:	0.03222835  	0.13130325  	0.08868126  
2023-11-03 23:45:36.045: Find a better model.
2023-11-03 23:45:48.878: [iter 142 : loss : 0.0380 = 0.0448 + -0.0065 + 0.0069 + -0.0072, time: 12.812844]
2023-11-03 23:45:49.540: epoch 142:	0.03229143  	0.13190107  	0.08921408  
2023-11-03 23:45:49.540: Find a better model.
2023-11-03 23:46:02.136: [iter 143 : loss : 0.0386 = 0.0454 + -0.0066 + 0.0069 + -0.0072, time: 12.580267]
2023-11-03 23:46:02.787: epoch 143:	0.03229142  	0.13177054  	0.08933045  
2023-11-03 23:46:15.446: [iter 144 : loss : 0.0376 = 0.0444 + -0.0066 + 0.0069 + -0.0072, time: 12.646164]
2023-11-03 23:46:16.079: epoch 144:	0.03235449  	0.13219763  	0.08955018  
2023-11-03 23:46:16.079: Find a better model.
2023-11-03 23:46:28.645: [iter 145 : loss : 0.0373 = 0.0442 + -0.0066 + 0.0070 + -0.0072, time: 12.549319]
2023-11-03 23:46:29.307: epoch 145:	0.03243648  	0.13220775  	0.08948682  
2023-11-03 23:46:29.308: Find a better model.
2023-11-03 23:46:41.930: [iter 146 : loss : 0.0374 = 0.0442 + -0.0066 + 0.0070 + -0.0073, time: 12.607576]
2023-11-03 23:46:42.595: epoch 146:	0.03247431  	0.13256128  	0.08965863  
2023-11-03 23:46:42.596: Find a better model.
2023-11-03 23:46:55.141: [iter 147 : loss : 0.0374 = 0.0443 + -0.0066 + 0.0070 + -0.0073, time: 12.528206]
2023-11-03 23:46:55.715: epoch 147:	0.03258783  	0.13283819  	0.09037390  
2023-11-03 23:46:55.715: Find a better model.
2023-11-03 23:47:08.396: [iter 148 : loss : 0.0370 = 0.0439 + -0.0067 + 0.0071 + -0.0073, time: 12.661901]
2023-11-03 23:47:09.075: epoch 148:	0.03249954  	0.13258031  	0.09016741  
2023-11-03 23:47:21.833: [iter 149 : loss : 0.0362 = 0.0430 + -0.0067 + 0.0071 + -0.0073, time: 12.739938]
2023-11-03 23:47:22.499: epoch 149:	0.03272655  	0.13329874  	0.09051906  
2023-11-03 23:47:22.499: Find a better model.
2023-11-03 23:47:35.184: [iter 150 : loss : 0.0368 = 0.0436 + -0.0067 + 0.0071 + -0.0073, time: 12.669902]
2023-11-03 23:47:35.856: epoch 150:	0.03273917  	0.13338505  	0.09030880  
2023-11-03 23:47:35.856: Find a better model.
2023-11-03 23:47:48.549: [iter 151 : loss : 0.0360 = 0.0429 + -0.0067 + 0.0072 + -0.0073, time: 12.674521]
2023-11-03 23:47:49.223: epoch 151:	0.03267610  	0.13305604  	0.09051686  
2023-11-03 23:48:01.978: [iter 152 : loss : 0.0356 = 0.0425 + -0.0067 + 0.0072 + -0.0073, time: 12.732540]
2023-11-03 23:48:02.668: epoch 152:	0.03265718  	0.13296172  	0.09039754  
2023-11-03 23:48:15.232: [iter 153 : loss : 0.0353 = 0.0422 + -0.0067 + 0.0072 + -0.0074, time: 12.545546]
2023-11-03 23:48:15.903: epoch 153:	0.03253739  	0.13257915  	0.09043781  
2023-11-03 23:48:28.452: [iter 154 : loss : 0.0360 = 0.0428 + -0.0067 + 0.0073 + -0.0074, time: 12.531081]
2023-11-03 23:48:29.091: epoch 154:	0.03273288  	0.13364078  	0.09101014  
2023-11-03 23:48:29.092: Find a better model.
2023-11-03 23:48:41.827: [iter 155 : loss : 0.0347 = 0.0416 + -0.0068 + 0.0073 + -0.0074, time: 12.721740]
2023-11-03 23:48:42.484: epoch 155:	0.03271395  	0.13360053  	0.09083786  
2023-11-03 23:48:55.132: [iter 156 : loss : 0.0341 = 0.0409 + -0.0067 + 0.0073 + -0.0074, time: 12.631997]
2023-11-03 23:48:55.837: epoch 156:	0.03294097  	0.13448723  	0.09112670  
2023-11-03 23:48:55.837: Find a better model.
2023-11-03 23:49:08.446: [iter 157 : loss : 0.0340 = 0.0408 + -0.0068 + 0.0074 + -0.0074, time: 12.590617]
2023-11-03 23:49:09.138: epoch 157:	0.03297249  	0.13449793  	0.09165299  
2023-11-03 23:49:09.138: Find a better model.
2023-11-03 23:49:21.591: [iter 158 : loss : 0.0343 = 0.0411 + -0.0068 + 0.0074 + -0.0074, time: 12.429289]
2023-11-03 23:49:22.262: epoch 158:	0.03291574  	0.13427654  	0.09158928  
2023-11-03 23:49:34.859: [iter 159 : loss : 0.0341 = 0.0409 + -0.0068 + 0.0074 + -0.0074, time: 12.579984]
2023-11-03 23:49:35.496: epoch 159:	0.03283377  	0.13402390  	0.09140957  
2023-11-03 23:49:48.094: [iter 160 : loss : 0.0334 = 0.0403 + -0.0068 + 0.0074 + -0.0074, time: 12.580140]
2023-11-03 23:49:48.732: epoch 160:	0.03295356  	0.13456810  	0.09188114  
2023-11-03 23:49:48.732: Find a better model.
2023-11-03 23:50:01.382: [iter 161 : loss : 0.0334 = 0.0402 + -0.0068 + 0.0075 + -0.0075, time: 12.632455]
2023-11-03 23:50:02.054: epoch 161:	0.03292835  	0.13432524  	0.09164608  
2023-11-03 23:50:14.545: [iter 162 : loss : 0.0334 = 0.0401 + -0.0068 + 0.0075 + -0.0075, time: 12.473447]
2023-11-03 23:50:15.220: epoch 162:	0.03301033  	0.13486964  	0.09179201  
2023-11-03 23:50:15.225: Find a better model.
2023-11-03 23:50:27.864: [iter 163 : loss : 0.0329 = 0.0397 + -0.0068 + 0.0075 + -0.0075, time: 12.624429]
2023-11-03 23:50:28.504: epoch 163:	0.03316167  	0.13522582  	0.09217936  
2023-11-03 23:50:28.504: Find a better model.
2023-11-03 23:50:41.113: [iter 164 : loss : 0.0329 = 0.0397 + -0.0068 + 0.0076 + -0.0075, time: 12.592342]
2023-11-03 23:50:41.782: epoch 164:	0.03312382  	0.13514724  	0.09188276  
2023-11-03 23:50:54.387: [iter 165 : loss : 0.0327 = 0.0395 + -0.0069 + 0.0076 + -0.0075, time: 12.586281]
2023-11-03 23:50:55.079: epoch 165:	0.03318059  	0.13494231  	0.09230699  
2023-11-03 23:51:07.592: [iter 166 : loss : 0.0323 = 0.0390 + -0.0069 + 0.0076 + -0.0075, time: 12.486866]
2023-11-03 23:51:08.240: epoch 166:	0.03331932  	0.13582803  	0.09276195  
2023-11-03 23:51:08.241: Find a better model.
2023-11-03 23:51:21.120: [iter 167 : loss : 0.0319 = 0.0387 + -0.0069 + 0.0077 + -0.0075, time: 12.866389]
2023-11-03 23:51:21.800: epoch 167:	0.03317428  	0.13508156  	0.09228121  
2023-11-03 23:51:34.579: [iter 168 : loss : 0.0320 = 0.0388 + -0.0070 + 0.0077 + -0.0075, time: 12.757518]
2023-11-03 23:51:35.284: epoch 168:	0.03314275  	0.13531969  	0.09249669  
2023-11-03 23:51:47.875: [iter 169 : loss : 0.0320 = 0.0388 + -0.0070 + 0.0077 + -0.0075, time: 12.573387]
2023-11-03 23:51:48.546: epoch 169:	0.03318690  	0.13537049  	0.09250730  
2023-11-03 23:52:01.310: [iter 170 : loss : 0.0320 = 0.0387 + -0.0069 + 0.0077 + -0.0076, time: 12.748564]
2023-11-03 23:52:02.013: epoch 170:	0.03324995  	0.13562799  	0.09253144  
2023-11-03 23:52:14.539: [iter 171 : loss : 0.0311 = 0.0379 + -0.0069 + 0.0078 + -0.0076, time: 12.505138]
2023-11-03 23:52:15.211: epoch 171:	0.03338869  	0.13639797  	0.09313692  
2023-11-03 23:52:15.211: Find a better model.
2023-11-03 23:52:27.713: [iter 172 : loss : 0.0306 = 0.0374 + -0.0070 + 0.0078 + -0.0076, time: 12.485466]
2023-11-03 23:52:28.376: epoch 172:	0.03344544  	0.13648345  	0.09311330  
2023-11-03 23:52:28.376: Find a better model.
2023-11-03 23:52:41.050: [iter 173 : loss : 0.0313 = 0.0381 + -0.0070 + 0.0078 + -0.0076, time: 12.652535]
2023-11-03 23:52:41.699: epoch 173:	0.03369139  	0.13736822  	0.09366224  
2023-11-03 23:52:41.699: Find a better model.
2023-11-03 23:52:54.272: [iter 174 : loss : 0.0308 = 0.0375 + -0.0070 + 0.0079 + -0.0076, time: 12.556718]
2023-11-03 23:52:54.928: epoch 174:	0.03352115  	0.13654381  	0.09316240  
2023-11-03 23:53:07.686: [iter 175 : loss : 0.0310 = 0.0377 + -0.0070 + 0.0079 + -0.0076, time: 12.744531]
2023-11-03 23:53:08.335: epoch 175:	0.03354635  	0.13678770  	0.09322950  
2023-11-03 23:53:21.040: [iter 176 : loss : 0.0307 = 0.0375 + -0.0070 + 0.0079 + -0.0076, time: 12.688750]
2023-11-03 23:53:21.695: epoch 176:	0.03364724  	0.13739578  	0.09332905  
2023-11-03 23:53:21.695: Find a better model.
2023-11-03 23:53:34.366: [iter 177 : loss : 0.0304 = 0.0371 + -0.0070 + 0.0079 + -0.0076, time: 12.655192]
2023-11-03 23:53:35.046: epoch 177:	0.03362204  	0.13735051  	0.09354658  
2023-11-03 23:53:47.981: [iter 178 : loss : 0.0301 = 0.0368 + -0.0070 + 0.0080 + -0.0077, time: 12.917282]
2023-11-03 23:53:48.649: epoch 178:	0.03367877  	0.13734129  	0.09414958  
2023-11-03 23:54:01.393: [iter 179 : loss : 0.0301 = 0.0368 + -0.0071 + 0.0080 + -0.0077, time: 12.720664]
2023-11-03 23:54:02.065: epoch 179:	0.03355897  	0.13674550  	0.09424426  
2023-11-03 23:54:14.780: [iter 180 : loss : 0.0304 = 0.0371 + -0.0071 + 0.0080 + -0.0077, time: 12.698464]
2023-11-03 23:54:15.466: epoch 180:	0.03363463  	0.13702904  	0.09408345  
2023-11-03 23:54:28.112: [iter 181 : loss : 0.0304 = 0.0371 + -0.0071 + 0.0081 + -0.0077, time: 12.624856]
2023-11-03 23:54:28.783: epoch 181:	0.03379859  	0.13771725  	0.09438816  
2023-11-03 23:54:28.784: Find a better model.
2023-11-03 23:54:41.631: [iter 182 : loss : 0.0293 = 0.0360 + -0.0071 + 0.0081 + -0.0077, time: 12.827245]
2023-11-03 23:54:42.281: epoch 182:	0.03374184  	0.13733836  	0.09409088  
2023-11-03 23:54:54.906: [iter 183 : loss : 0.0289 = 0.0355 + -0.0071 + 0.0081 + -0.0077, time: 12.605933]
2023-11-03 23:54:55.584: epoch 183:	0.03374815  	0.13709235  	0.09392361  
2023-11-03 23:55:08.419: [iter 184 : loss : 0.0291 = 0.0358 + -0.0071 + 0.0081 + -0.0077, time: 12.819041]
2023-11-03 23:55:09.051: epoch 184:	0.03363466  	0.13688445  	0.09414592  
2023-11-03 23:55:21.590: [iter 185 : loss : 0.0285 = 0.0352 + -0.0071 + 0.0082 + -0.0077, time: 12.523044]
2023-11-03 23:55:22.279: epoch 185:	0.03360943  	0.13700832  	0.09407467  
2023-11-03 23:55:34.980: [iter 186 : loss : 0.0290 = 0.0357 + -0.0071 + 0.0082 + -0.0077, time: 12.686236]
2023-11-03 23:55:35.670: epoch 186:	0.03391843  	0.13814488  	0.09444606  
2023-11-03 23:55:35.670: Find a better model.
2023-11-03 23:55:48.316: [iter 187 : loss : 0.0287 = 0.0354 + -0.0072 + 0.0082 + -0.0077, time: 12.629201]
2023-11-03 23:55:48.980: epoch 187:	0.03397519  	0.13829166  	0.09472884  
2023-11-03 23:55:48.980: Find a better model.
2023-11-03 23:56:01.569: [iter 188 : loss : 0.0288 = 0.0355 + -0.0071 + 0.0082 + -0.0078, time: 12.572818]
2023-11-03 23:56:02.254: epoch 188:	0.03379862  	0.13750049  	0.09458251  
2023-11-03 23:56:15.082: [iter 189 : loss : 0.0282 = 0.0349 + -0.0072 + 0.0083 + -0.0078, time: 12.807383]
2023-11-03 23:56:15.777: epoch 189:	0.03381754  	0.13764258  	0.09464964  
2023-11-03 23:56:28.449: [iter 190 : loss : 0.0284 = 0.0350 + -0.0072 + 0.0083 + -0.0078, time: 12.651538]
2023-11-03 23:56:29.118: epoch 190:	0.03381122  	0.13777132  	0.09443229  
2023-11-03 23:56:41.753: [iter 191 : loss : 0.0280 = 0.0346 + -0.0072 + 0.0083 + -0.0078, time: 12.620218]
2023-11-03 23:56:42.338: epoch 191:	0.03393104  	0.13801578  	0.09484501  
2023-11-03 23:56:54.761: [iter 192 : loss : 0.0284 = 0.0351 + -0.0072 + 0.0083 + -0.0078, time: 12.407238]
2023-11-03 23:56:55.412: epoch 192:	0.03414544  	0.13898322  	0.09535916  
2023-11-03 23:56:55.412: Find a better model.
2023-11-03 23:57:08.325: [iter 193 : loss : 0.0277 = 0.0344 + -0.0072 + 0.0084 + -0.0078, time: 12.891904]
2023-11-03 23:57:08.930: epoch 193:	0.03391213  	0.13851182  	0.09531681  
2023-11-03 23:57:21.644: [iter 194 : loss : 0.0276 = 0.0342 + -0.0072 + 0.0084 + -0.0078, time: 12.699090]
2023-11-03 23:57:22.316: epoch 194:	0.03418959  	0.13949341  	0.09598108  
2023-11-03 23:57:22.317: Find a better model.
2023-11-03 23:57:34.811: [iter 195 : loss : 0.0274 = 0.0341 + -0.0072 + 0.0084 + -0.0078, time: 12.479924]
2023-11-03 23:57:35.488: epoch 195:	0.03398149  	0.13866550  	0.09542483  
2023-11-03 23:57:48.061: [iter 196 : loss : 0.0276 = 0.0343 + -0.0072 + 0.0084 + -0.0078, time: 12.556015]
2023-11-03 23:57:48.722: epoch 196:	0.03405714  	0.13881989  	0.09559958  
2023-11-03 23:58:01.454: [iter 197 : loss : 0.0272 = 0.0338 + -0.0073 + 0.0085 + -0.0079, time: 12.712008]
2023-11-03 23:58:02.132: epoch 197:	0.03399408  	0.13859123  	0.09542480  
2023-11-03 23:58:14.551: [iter 198 : loss : 0.0269 = 0.0335 + -0.0073 + 0.0085 + -0.0079, time: 12.402870]
2023-11-03 23:58:15.213: epoch 198:	0.03393732  	0.13850754  	0.09524298  
2023-11-03 23:58:27.825: [iter 199 : loss : 0.0266 = 0.0332 + -0.0073 + 0.0085 + -0.0079, time: 12.595078]
2023-11-03 23:58:28.497: epoch 199:	0.03405083  	0.13893571  	0.09539565  
2023-11-03 23:58:40.947: [iter 200 : loss : 0.0275 = 0.0341 + -0.0073 + 0.0085 + -0.0079, time: 12.435672]
2023-11-03 23:58:41.642: epoch 200:	0.03405713  	0.13880484  	0.09561459  
2023-11-03 23:58:41.643: best_result@epoch 194:

2023-11-03 23:58:41.648: 		0.0342      	0.1395      	0.0960      
