2023-05-03 16:50:03.712: my pid: 13189
2023-05-03 16:50:03.712: model: model.general_recommender.GNNEC
2023-05-03 16:50:03.712: Dataset statistics:
Name: amazon-book
The number of users: 7928
The number of items: 29346
The number of ratings: 460224
Average actions of users: 58.05
Average actions of items: 15.68
The sparsity of the dataset: 99.802186%

The number of training: 417417
The number of validation: 0
The number of testing: 42807
2023-05-03 16:50:03.712: NeuRec:[NeuRec]:
recommender=GNNEC
dataset=amazon-book
file_column=UI
sep=','
gpu_id=0
gpu_mem=0.99
metric=["Precision", "Recall", "NDCG"]
top_k=[20]
test_thread=8
test_batch_size=128
seed=2021
start_testing_epoch=0

GNNEC:[hyperparameters]:
mf_reg=1e-4
svd_q=5
aug_type=ND
reg=1e-4
embed_size=64
n_layers=2
ssl_reg=0.02
ssl_ratio=0.5
ssl_temp=0.8
ssl_mode=both_side
lr=1e-3
learner=adam
adj_type=pre
epochs=1
batch_size=2048
num_negatives=1
param_init=xavier_uniform
stddev=0.01
verbose=1
stop_cnt=10
pretrain_flag=0
save_flag=1

Command line:
recommender=GNNEC
save_flag=1
pretrain_flag=0
dataset=amazon-book
epochs=1
n_layers=2
embed_size=64
batch_size=2048
lr=1e-3
aug_type=ND
reg=1e-4
ssl_reg=0.02
ssl_ratio=0.5
ssl_temp=0.8
mf_reg=1e-4
svd_q=5
2023-05-03 16:50:08.799: metrics:	Precision@20	Recall@20   	NDCG@20     
2023-05-03 16:50:40.233: [iter 1 : loss : 0.9261 = 0.5592 + 0.3650 + 0.0001 + 0.0018, time: 31.433275]
2023-05-03 16:50:40.905: epoch 1:	0.00932137  	0.03529648  	0.02357606  
2023-05-03 16:50:40.905: Find a better model.
2023-05-03 16:50:40.905: Save model to file as pretrain.
2023-05-03 16:50:40.941: best_result@epoch 1:

2023-05-03 16:50:40.941: Loading from the saved best model during the training process.
2023-05-03 16:50:41.611: 		0.00932137  	0.03529648  	0.02357606  
