2023-11-03 14:42:40.787: my pid: 12957
2023-11-03 14:42:40.787: model: model.general_recommender.GNNEC
2023-11-03 14:42:40.787: Dataset statistics:
Name: amazon-book
The number of users: 7928
The number of items: 29346
The number of ratings: 460224
Average actions of users: 58.05
Average actions of items: 15.68
The sparsity of the dataset: 99.802186%

The number of training: 417417
The number of validation: 0
The number of testing: 42807
2023-11-03 14:42:40.787: NeuRec:[NeuRec]:
recommender=GNNEC
dataset=amazon-book
file_column=UI
sep=','
gpu_id=0
gpu_mem=0.99
metric=["Precision", "Recall", "NDCG"]
top_k=[20]
test_thread=8
test_batch_size=128
seed=2021
start_testing_epoch=0

GNNEC:[hyperparameters]:
mf_reg=1e-4
svd_q=5
aug_type=ND
reg=1e-4
embed_size=64
n_layers=2
ssl_reg=0.02
ssl_ratio=0.5
ssl_temp=10
ssl_mode=both_side
lr=1e-3
learner=adam
adj_type=pre
epochs=200
batch_size=2048
num_negatives=1
param_init=xavier_uniform
stddev=0.01
verbose=1
stop_cnt=10
pretrain_flag=0
save_flag=0

Command line:
recommender=GNNEC
dataset=amazon-book
epochs=200
n_layers=2
embed_size=64
batch_size=2048
lr=1e-3
aug_type=ND
reg=1e-4
ssl_reg=0.02
ssl_ratio=0.5
ssl_temp=10
mf_reg=1e-4
svd_q=5
2023-11-03 14:42:44.437: metrics:	Precision@20	Recall@20   	NDCG@20     
2023-11-03 14:42:57.764: [iter 1 : loss : 0.9993 = 0.6153 + 0.3821 + 0.0000 + 0.0019, time: 13.326410]
2023-11-03 14:42:58.447: epoch 1:	0.00922677  	0.03480912  	0.02280201  
2023-11-03 14:42:58.448: Find a better model.
2023-11-03 14:43:11.033: [iter 2 : loss : 0.8752 = 0.4950 + 0.3782 + 0.0001 + 0.0019, time: 12.563758]
2023-11-03 14:43:11.687: epoch 2:	0.01018544  	0.03847129  	0.02523100  
2023-11-03 14:43:11.687: Find a better model.
2023-11-03 14:43:24.207: [iter 3 : loss : 0.8189 = 0.4402 + 0.3767 + 0.0002 + 0.0019, time: 12.501685]
2023-11-03 14:43:24.881: epoch 3:	0.01060800  	0.04042735  	0.02687646  
2023-11-03 14:43:24.881: Find a better model.
2023-11-03 14:43:37.422: [iter 4 : loss : 0.7792 = 0.4014 + 0.3756 + 0.0003 + 0.0019, time: 12.522076]
2023-11-03 14:43:38.087: epoch 4:	0.01119455  	0.04283864  	0.02868932  
2023-11-03 14:43:38.087: Find a better model.
2023-11-03 14:43:50.698: [iter 5 : loss : 0.7473 = 0.3702 + 0.3748 + 0.0004 + 0.0019, time: 12.596686]
2023-11-03 14:43:51.323: epoch 5:	0.01185679  	0.04520873  	0.03037629  
2023-11-03 14:43:51.324: Find a better model.
2023-11-03 14:44:03.706: [iter 6 : loss : 0.7238 = 0.3473 + 0.3741 + 0.0005 + 0.0019, time: 12.368472]
2023-11-03 14:44:04.372: epoch 6:	0.01242442  	0.04757063  	0.03216286  
2023-11-03 14:44:04.373: Find a better model.
2023-11-03 14:44:16.663: [iter 7 : loss : 0.7045 = 0.3285 + 0.3736 + 0.0005 + 0.0019, time: 12.274495]
2023-11-03 14:44:17.335: epoch 7:	0.01270824  	0.04859857  	0.03318894  
2023-11-03 14:44:17.335: Find a better model.
2023-11-03 14:44:29.758: [iter 8 : loss : 0.6884 = 0.3127 + 0.3732 + 0.0006 + 0.0019, time: 12.400764]
2023-11-03 14:44:30.432: epoch 8:	0.01322541  	0.05109825  	0.03464488  
2023-11-03 14:44:30.432: Find a better model.
2023-11-03 14:44:42.673: [iter 9 : loss : 0.6725 = 0.2972 + 0.3728 + 0.0007 + 0.0019, time: 12.223274]
2023-11-03 14:44:43.264: epoch 9:	0.01345246  	0.05182108  	0.03531945  
2023-11-03 14:44:43.264: Find a better model.
2023-11-03 14:44:55.684: [iter 10 : loss : 0.6601 = 0.2852 + 0.3724 + 0.0007 + 0.0019, time: 12.404913]
2023-11-03 14:44:56.352: epoch 10:	0.01376150  	0.05301671  	0.03651316  
2023-11-03 14:44:56.352: Find a better model.
2023-11-03 14:45:08.848: [iter 11 : loss : 0.6483 = 0.2736 + 0.3720 + 0.0008 + 0.0019, time: 12.471940]
2023-11-03 14:45:09.527: epoch 11:	0.01401378  	0.05369098  	0.03678254  
2023-11-03 14:45:09.527: Find a better model.
2023-11-03 14:45:21.984: [iter 12 : loss : 0.6382 = 0.2637 + 0.3718 + 0.0009 + 0.0019, time: 12.434531]
2023-11-03 14:45:22.650: epoch 12:	0.01430390  	0.05508205  	0.03762588  
2023-11-03 14:45:22.650: Find a better model.
2023-11-03 14:45:35.109: [iter 13 : loss : 0.6293 = 0.2549 + 0.3715 + 0.0009 + 0.0019, time: 12.440856]
2023-11-03 14:45:35.776: epoch 13:	0.01460032  	0.05635885  	0.03823252  
2023-11-03 14:45:35.776: Find a better model.
2023-11-03 14:45:48.187: [iter 14 : loss : 0.6202 = 0.2461 + 0.3713 + 0.0010 + 0.0019, time: 12.390392]
2023-11-03 14:45:48.857: epoch 14:	0.01492198  	0.05805581  	0.03920235  
2023-11-03 14:45:48.857: Find a better model.
2023-11-03 14:46:01.164: [iter 15 : loss : 0.6107 = 0.2369 + 0.3709 + 0.0011 + 0.0019, time: 12.288797]
2023-11-03 14:46:01.835: epoch 15:	0.01524363  	0.05921647  	0.04008365  
2023-11-03 14:46:01.835: Find a better model.
2023-11-03 14:46:14.239: [iter 16 : loss : 0.6040 = 0.2303 + 0.3707 + 0.0011 + 0.0018, time: 12.387611]
2023-11-03 14:46:14.886: epoch 16:	0.01535716  	0.05990840  	0.04073265  
2023-11-03 14:46:14.886: Find a better model.
2023-11-03 14:46:27.301: [iter 17 : loss : 0.5974 = 0.2239 + 0.3704 + 0.0012 + 0.0018, time: 12.400257]
2023-11-03 14:46:27.962: epoch 17:	0.01569773  	0.06122809  	0.04172594  
2023-11-03 14:46:27.962: Find a better model.
2023-11-03 14:46:40.258: [iter 18 : loss : 0.5914 = 0.2181 + 0.3701 + 0.0013 + 0.0018, time: 12.279136]
2023-11-03 14:46:40.901: epoch 18:	0.01601308  	0.06254882  	0.04257952  
2023-11-03 14:46:40.901: Find a better model.
2023-11-03 14:46:53.407: [iter 19 : loss : 0.5847 = 0.2116 + 0.3700 + 0.0013 + 0.0018, time: 12.492602]
2023-11-03 14:46:54.071: epoch 19:	0.01637890  	0.06407629  	0.04378018  
2023-11-03 14:46:54.071: Find a better model.
2023-11-03 14:47:06.468: [iter 20 : loss : 0.5788 = 0.2058 + 0.3699 + 0.0014 + 0.0018, time: 12.381170]
2023-11-03 14:47:07.112: epoch 20:	0.01659964  	0.06521273  	0.04449504  
2023-11-03 14:47:07.112: Find a better model.
2023-11-03 14:47:19.365: [iter 21 : loss : 0.5727 = 0.1999 + 0.3695 + 0.0014 + 0.0018, time: 12.239958]
2023-11-03 14:47:20.008: epoch 21:	0.01686453  	0.06616217  	0.04518667  
2023-11-03 14:47:20.008: Find a better model.
2023-11-03 14:47:32.474: [iter 22 : loss : 0.5680 = 0.1953 + 0.3693 + 0.0015 + 0.0018, time: 12.452786]
2023-11-03 14:47:33.134: epoch 22:	0.01711681  	0.06741617  	0.04590531  
2023-11-03 14:47:33.134: Find a better model.
2023-11-03 14:47:45.542: [iter 23 : loss : 0.5637 = 0.1911 + 0.3692 + 0.0016 + 0.0018, time: 12.393694]
2023-11-03 14:47:46.208: epoch 23:	0.01747631  	0.06854274  	0.04688002  
2023-11-03 14:47:46.208: Find a better model.
2023-11-03 14:47:58.502: [iter 24 : loss : 0.5600 = 0.1874 + 0.3691 + 0.0016 + 0.0018, time: 12.280857]
2023-11-03 14:47:59.175: epoch 24:	0.01774121  	0.06996469  	0.04794120  
2023-11-03 14:47:59.175: Find a better model.
2023-11-03 14:48:11.622: [iter 25 : loss : 0.5547 = 0.1823 + 0.3689 + 0.0017 + 0.0018, time: 12.429411]
2023-11-03 14:48:12.277: epoch 25:	0.01808179  	0.07133848  	0.04875413  
2023-11-03 14:48:12.277: Find a better model.
2023-11-03 14:48:24.659: [iter 26 : loss : 0.5496 = 0.1774 + 0.3687 + 0.0017 + 0.0018, time: 12.365759]
2023-11-03 14:48:25.302: epoch 26:	0.01834037  	0.07239018  	0.04960900  
2023-11-03 14:48:25.302: Find a better model.
2023-11-03 14:48:37.583: [iter 27 : loss : 0.5463 = 0.1741 + 0.3685 + 0.0018 + 0.0018, time: 12.268555]
2023-11-03 14:48:38.244: epoch 27:	0.01861788  	0.07332206  	0.04999002  
2023-11-03 14:48:38.244: Find a better model.
2023-11-03 14:48:50.655: [iter 28 : loss : 0.5421 = 0.1702 + 0.3682 + 0.0019 + 0.0018, time: 12.394941]
2023-11-03 14:48:51.324: epoch 28:	0.01880710  	0.07410454  	0.05051871  
2023-11-03 14:48:51.324: Find a better model.
2023-11-03 14:49:03.611: [iter 29 : loss : 0.5383 = 0.1664 + 0.3681 + 0.0019 + 0.0018, time: 12.272283]
2023-11-03 14:49:04.227: epoch 29:	0.01896477  	0.07465533  	0.05096553  
2023-11-03 14:49:04.228: Find a better model.
2023-11-03 14:49:16.566: [iter 30 : loss : 0.5359 = 0.1641 + 0.3680 + 0.0020 + 0.0018, time: 12.324737]
2023-11-03 14:49:17.200: epoch 30:	0.01919813  	0.07573611  	0.05143563  
2023-11-03 14:49:17.200: Find a better model.
2023-11-03 14:49:29.483: [iter 31 : loss : 0.5311 = 0.1594 + 0.3678 + 0.0020 + 0.0018, time: 12.267823]
2023-11-03 14:49:30.074: epoch 31:	0.01933688  	0.07647176  	0.05195416  
2023-11-03 14:49:30.074: Find a better model.
2023-11-03 14:49:42.410: [iter 32 : loss : 0.5296 = 0.1580 + 0.3677 + 0.0021 + 0.0018, time: 12.320088]
2023-11-03 14:49:43.035: epoch 32:	0.01962070  	0.07728646  	0.05263901  
2023-11-03 14:49:43.036: Find a better model.
2023-11-03 14:49:55.527: [iter 33 : loss : 0.5252 = 0.1537 + 0.3675 + 0.0022 + 0.0018, time: 12.477057]
2023-11-03 14:49:56.169: epoch 33:	0.01986037  	0.07816185  	0.05334456  
2023-11-03 14:49:56.169: Find a better model.
2023-11-03 14:50:08.552: [iter 34 : loss : 0.5237 = 0.1523 + 0.3674 + 0.0022 + 0.0018, time: 12.366847]
2023-11-03 14:50:09.202: epoch 34:	0.01987930  	0.07866123  	0.05375060  
2023-11-03 14:50:09.202: Find a better model.
2023-11-03 14:50:21.363: [iter 35 : loss : 0.5195 = 0.1481 + 0.3672 + 0.0023 + 0.0018, time: 12.147504]
2023-11-03 14:50:22.015: epoch 35:	0.02008111  	0.07944546  	0.05445325  
2023-11-03 14:50:22.015: Find a better model.
2023-11-03 14:50:34.369: [iter 36 : loss : 0.5166 = 0.1454 + 0.3670 + 0.0023 + 0.0018, time: 12.336751]
2023-11-03 14:50:35.048: epoch 36:	0.02025140  	0.08000412  	0.05474202  
2023-11-03 14:50:35.048: Find a better model.
2023-11-03 14:50:47.407: [iter 37 : loss : 0.5138 = 0.1428 + 0.3669 + 0.0024 + 0.0018, time: 12.344116]
2023-11-03 14:50:48.062: epoch 37:	0.02048475  	0.08085106  	0.05525426  
2023-11-03 14:50:48.062: Find a better model.
2023-11-03 14:51:00.477: [iter 38 : loss : 0.5122 = 0.1411 + 0.3668 + 0.0024 + 0.0018, time: 12.397936]
2023-11-03 14:51:01.151: epoch 38:	0.02071180  	0.08167697  	0.05581438  
2023-11-03 14:51:01.151: Find a better model.
2023-11-03 14:51:13.761: [iter 39 : loss : 0.5086 = 0.1377 + 0.3667 + 0.0025 + 0.0018, time: 12.586279]
2023-11-03 14:51:14.386: epoch 39:	0.02086318  	0.08251418  	0.05623648  
2023-11-03 14:51:14.386: Find a better model.
2023-11-03 14:51:26.930: [iter 40 : loss : 0.5072 = 0.1363 + 0.3665 + 0.0025 + 0.0018, time: 12.532186]
2023-11-03 14:51:27.605: epoch 40:	0.02098932  	0.08319181  	0.05656630  
2023-11-03 14:51:27.605: Find a better model.
2023-11-03 14:51:40.182: [iter 41 : loss : 0.5045 = 0.1338 + 0.3663 + 0.0026 + 0.0018, time: 12.560251]
2023-11-03 14:51:40.818: epoch 41:	0.02109653  	0.08352878  	0.05710400  
2023-11-03 14:51:40.818: Find a better model.
2023-11-03 14:51:53.299: [iter 42 : loss : 0.5022 = 0.1315 + 0.3663 + 0.0027 + 0.0018, time: 12.467960]
2023-11-03 14:51:53.946: epoch 42:	0.02126052  	0.08409479  	0.05753602  
2023-11-03 14:51:53.946: Find a better model.
2023-11-03 14:52:06.266: [iter 43 : loss : 0.5002 = 0.1295 + 0.3661 + 0.0027 + 0.0018, time: 12.306594]
2023-11-03 14:52:06.941: epoch 43:	0.02137404  	0.08483101  	0.05777230  
2023-11-03 14:52:06.941: Find a better model.
2023-11-03 14:52:19.330: [iter 44 : loss : 0.4986 = 0.1280 + 0.3661 + 0.0028 + 0.0018, time: 12.374714]
2023-11-03 14:52:20.001: epoch 44:	0.02157587  	0.08554620  	0.05836822  
2023-11-03 14:52:20.001: Find a better model.
2023-11-03 14:52:32.508: [iter 45 : loss : 0.4958 = 0.1253 + 0.3659 + 0.0028 + 0.0018, time: 12.490458]
2023-11-03 14:52:33.171: epoch 45:	0.02180292  	0.08660254  	0.05881158  
2023-11-03 14:52:33.171: Find a better model.
2023-11-03 14:52:45.550: [iter 46 : loss : 0.4938 = 0.1234 + 0.3658 + 0.0029 + 0.0018, time: 12.355223]
2023-11-03 14:52:46.204: epoch 46:	0.02196690  	0.08730865  	0.05913418  
2023-11-03 14:52:46.205: Find a better model.
2023-11-03 14:52:58.612: [iter 47 : loss : 0.4927 = 0.1222 + 0.3657 + 0.0029 + 0.0018, time: 12.394703]
2023-11-03 14:52:59.280: epoch 47:	0.02217502  	0.08783071  	0.05968534  
2023-11-03 14:52:59.280: Find a better model.
2023-11-03 14:53:11.751: [iter 48 : loss : 0.4901 = 0.1198 + 0.3656 + 0.0030 + 0.0018, time: 12.450602]
2023-11-03 14:53:12.424: epoch 48:	0.02226331  	0.08844626  	0.06007604  
2023-11-03 14:53:12.424: Find a better model.
2023-11-03 14:53:24.949: [iter 49 : loss : 0.4880 = 0.1178 + 0.3654 + 0.0030 + 0.0018, time: 12.505452]
2023-11-03 14:53:25.645: epoch 49:	0.02240208  	0.08877517  	0.06027348  
2023-11-03 14:53:25.646: Find a better model.
2023-11-03 14:53:37.934: [iter 50 : loss : 0.4856 = 0.1155 + 0.3652 + 0.0031 + 0.0018, time: 12.270565]
2023-11-03 14:53:38.596: epoch 50:	0.02257868  	0.08952843  	0.06075326  
2023-11-03 14:53:38.596: Find a better model.
2023-11-03 14:53:51.110: [iter 51 : loss : 0.4848 = 0.1147 + 0.3652 + 0.0031 + 0.0018, time: 12.500274]
2023-11-03 14:53:51.777: epoch 51:	0.02265435  	0.08996995  	0.06098460  
2023-11-03 14:53:51.777: Find a better model.
2023-11-03 14:54:04.318: [iter 52 : loss : 0.4831 = 0.1130 + 0.3651 + 0.0032 + 0.0018, time: 12.526434]
2023-11-03 14:54:04.987: epoch 52:	0.02291294  	0.09108254  	0.06161510  
2023-11-03 14:54:04.987: Find a better model.
2023-11-03 14:54:17.401: [iter 53 : loss : 0.4815 = 0.1114 + 0.3650 + 0.0032 + 0.0018, time: 12.401592]
2023-11-03 14:54:18.066: epoch 53:	0.02294448  	0.09123702  	0.06173179  
2023-11-03 14:54:18.066: Find a better model.
2023-11-03 14:54:30.516: [iter 54 : loss : 0.4799 = 0.1100 + 0.3648 + 0.0033 + 0.0018, time: 12.437814]
2023-11-03 14:54:31.190: epoch 54:	0.02328506  	0.09268421  	0.06239705  
2023-11-03 14:54:31.191: Find a better model.
2023-11-03 14:54:43.628: [iter 55 : loss : 0.4770 = 0.1071 + 0.3648 + 0.0033 + 0.0018, time: 12.416120]
2023-11-03 14:54:44.298: epoch 55:	0.02336705  	0.09307066  	0.06274223  
2023-11-03 14:54:44.298: Find a better model.
2023-11-03 14:54:56.676: [iter 56 : loss : 0.4763 = 0.1064 + 0.3647 + 0.0034 + 0.0018, time: 12.364706]
2023-11-03 14:54:57.318: epoch 56:	0.02344273  	0.09359287  	0.06301485  
2023-11-03 14:54:57.319: Find a better model.
2023-11-03 14:55:09.626: [iter 57 : loss : 0.4755 = 0.1057 + 0.3645 + 0.0034 + 0.0018, time: 12.294360]
2023-11-03 14:55:10.297: epoch 57:	0.02364455  	0.09458100  	0.06329523  
2023-11-03 14:55:10.297: Find a better model.
2023-11-03 14:55:22.750: [iter 58 : loss : 0.4726 = 0.1029 + 0.3643 + 0.0035 + 0.0018, time: 12.437527]
2023-11-03 14:55:23.424: epoch 58:	0.02381485  	0.09512742  	0.06364944  
2023-11-03 14:55:23.424: Find a better model.
2023-11-03 14:55:35.909: [iter 59 : loss : 0.4719 = 0.1022 + 0.3643 + 0.0035 + 0.0018, time: 12.471380]
2023-11-03 14:55:36.554: epoch 59:	0.02380223  	0.09547381  	0.06412523  
2023-11-03 14:55:36.554: Find a better model.
2023-11-03 14:55:49.071: [iter 60 : loss : 0.4710 = 0.1014 + 0.3642 + 0.0036 + 0.0018, time: 12.501548]
2023-11-03 14:55:49.735: epoch 60:	0.02392207  	0.09568496  	0.06422622  
2023-11-03 14:55:49.735: Find a better model.
2023-11-03 14:56:02.221: [iter 61 : loss : 0.4688 = 0.0992 + 0.3641 + 0.0036 + 0.0018, time: 12.472838]
2023-11-03 14:56:02.874: epoch 61:	0.02392837  	0.09551988  	0.06450748  
2023-11-03 14:56:15.509: [iter 62 : loss : 0.4674 = 0.0979 + 0.3640 + 0.0037 + 0.0018, time: 12.620471]
2023-11-03 14:56:16.157: epoch 62:	0.02416172  	0.09648789  	0.06493787  
2023-11-03 14:56:16.157: Find a better model.
2023-11-03 14:56:28.533: [iter 63 : loss : 0.4668 = 0.0974 + 0.3639 + 0.0037 + 0.0018, time: 12.361372]
2023-11-03 14:56:29.208: epoch 63:	0.02431310  	0.09695551  	0.06542259  
2023-11-03 14:56:29.208: Find a better model.
2023-11-03 14:56:41.531: [iter 64 : loss : 0.4649 = 0.0954 + 0.3639 + 0.0038 + 0.0018, time: 12.299372]
2023-11-03 14:56:42.186: epoch 64:	0.02443294  	0.09762818  	0.06574034  
2023-11-03 14:56:42.186: Find a better model.
2023-11-03 14:56:54.703: [iter 65 : loss : 0.4625 = 0.0931 + 0.3638 + 0.0038 + 0.0018, time: 12.500087]
2023-11-03 14:56:55.381: epoch 65:	0.02458429  	0.09829934  	0.06637952  
2023-11-03 14:56:55.381: Find a better model.
2023-11-03 14:57:07.619: [iter 66 : loss : 0.4621 = 0.0928 + 0.3636 + 0.0039 + 0.0018, time: 12.223685]
2023-11-03 14:57:08.264: epoch 66:	0.02473567  	0.09887133  	0.06675547  
2023-11-03 14:57:08.265: Find a better model.
2023-11-03 14:57:20.659: [iter 67 : loss : 0.4617 = 0.0924 + 0.3636 + 0.0039 + 0.0018, time: 12.380651]
2023-11-03 14:57:21.329: epoch 67:	0.02502579  	0.10025098  	0.06733628  
2023-11-03 14:57:21.330: Find a better model.
2023-11-03 14:57:33.858: [iter 68 : loss : 0.4604 = 0.0912 + 0.3634 + 0.0040 + 0.0018, time: 12.513326]
2023-11-03 14:57:34.520: epoch 68:	0.02534114  	0.10115524  	0.06830406  
2023-11-03 14:57:34.520: Find a better model.
2023-11-03 14:57:46.794: [iter 69 : loss : 0.4589 = 0.0897 + 0.3634 + 0.0040 + 0.0018, time: 12.258684]
2023-11-03 14:57:47.438: epoch 69:	0.02554928  	0.10212155  	0.06885688  
2023-11-03 14:57:47.438: Find a better model.
2023-11-03 14:57:59.679: [iter 70 : loss : 0.4584 = 0.0893 + 0.3632 + 0.0041 + 0.0018, time: 12.226839]
2023-11-03 14:58:00.372: epoch 70:	0.02552405  	0.10217677  	0.06890639  
2023-11-03 14:58:00.373: Find a better model.
2023-11-03 14:58:12.877: [iter 71 : loss : 0.4565 = 0.0873 + 0.3632 + 0.0041 + 0.0018, time: 12.488100]
2023-11-03 14:58:13.541: epoch 71:	0.02571958  	0.10324897  	0.06946318  
2023-11-03 14:58:13.541: Find a better model.
2023-11-03 14:58:25.979: [iter 72 : loss : 0.4556 = 0.0866 + 0.3631 + 0.0042 + 0.0018, time: 12.423516]
2023-11-03 14:58:26.654: epoch 72:	0.02593400  	0.10395302  	0.06987032  
2023-11-03 14:58:26.655: Find a better model.
2023-11-03 14:58:38.928: [iter 73 : loss : 0.4541 = 0.0851 + 0.3630 + 0.0042 + 0.0018, time: 12.250372]
2023-11-03 14:58:39.591: epoch 73:	0.02600969  	0.10422511  	0.07021387  
2023-11-03 14:58:39.591: Find a better model.
2023-11-03 14:58:51.976: [iter 74 : loss : 0.4537 = 0.0848 + 0.3629 + 0.0043 + 0.0018, time: 12.371983]
2023-11-03 14:58:52.646: epoch 74:	0.02594663  	0.10438360  	0.07034279  
2023-11-03 14:58:52.646: Find a better model.
2023-11-03 14:59:04.974: [iter 75 : loss : 0.4517 = 0.0828 + 0.3628 + 0.0043 + 0.0018, time: 12.312999]
2023-11-03 14:59:05.631: epoch 75:	0.02599709  	0.10455687  	0.07059507  
2023-11-03 14:59:05.631: Find a better model.
2023-11-03 14:59:17.945: [iter 76 : loss : 0.4523 = 0.0834 + 0.3628 + 0.0043 + 0.0018, time: 12.300201]
2023-11-03 14:59:18.605: epoch 76:	0.02607907  	0.10510784  	0.07089818  
2023-11-03 14:59:18.606: Find a better model.
2023-11-03 14:59:30.965: [iter 77 : loss : 0.4504 = 0.0815 + 0.3627 + 0.0044 + 0.0018, time: 12.340939]
2023-11-03 14:59:31.564: epoch 77:	0.02616106  	0.10554173  	0.07100211  
2023-11-03 14:59:31.564: Find a better model.
2023-11-03 14:59:44.294: [iter 78 : loss : 0.4492 = 0.0804 + 0.3625 + 0.0044 + 0.0018, time: 12.717124]
2023-11-03 14:59:44.994: epoch 78:	0.02636920  	0.10612568  	0.07156825  
2023-11-03 14:59:44.994: Find a better model.
2023-11-03 14:59:57.557: [iter 79 : loss : 0.4489 = 0.0802 + 0.3625 + 0.0045 + 0.0018, time: 12.544064]
2023-11-03 14:59:58.236: epoch 79:	0.02655840  	0.10690460  	0.07189518  
2023-11-03 14:59:58.236: Find a better model.
2023-11-03 15:00:10.875: [iter 80 : loss : 0.4472 = 0.0785 + 0.3623 + 0.0045 + 0.0018, time: 12.620175]
2023-11-03 15:00:11.536: epoch 80:	0.02670347  	0.10756848  	0.07210999  
2023-11-03 15:00:11.536: Find a better model.
2023-11-03 15:00:24.157: [iter 81 : loss : 0.4467 = 0.0780 + 0.3623 + 0.0046 + 0.0018, time: 12.602207]
2023-11-03 15:00:24.812: epoch 81:	0.02670346  	0.10740181  	0.07233642  
2023-11-03 15:00:37.459: [iter 82 : loss : 0.4467 = 0.0781 + 0.3622 + 0.0046 + 0.0018, time: 12.626049]
2023-11-03 15:00:38.090: epoch 82:	0.02684853  	0.10825194  	0.07283489  
2023-11-03 15:00:38.091: Find a better model.
2023-11-03 15:00:50.878: [iter 83 : loss : 0.4441 = 0.0756 + 0.3621 + 0.0047 + 0.0018, time: 12.770964]
2023-11-03 15:00:51.554: epoch 83:	0.02711342  	0.10910720  	0.07339809  
2023-11-03 15:00:51.554: Find a better model.
2023-11-03 15:01:04.118: [iter 84 : loss : 0.4430 = 0.0745 + 0.3620 + 0.0047 + 0.0018, time: 12.548268]
2023-11-03 15:01:04.782: epoch 84:	0.02723324  	0.10978763  	0.07360441  
2023-11-03 15:01:04.782: Find a better model.
2023-11-03 15:01:17.235: [iter 85 : loss : 0.4427 = 0.0742 + 0.3619 + 0.0048 + 0.0018, time: 12.435658]
2023-11-03 15:01:17.898: epoch 85:	0.02739092  	0.11016772  	0.07393194  
2023-11-03 15:01:17.898: Find a better model.
2023-11-03 15:01:30.434: [iter 86 : loss : 0.4423 = 0.0739 + 0.3618 + 0.0048 + 0.0018, time: 12.518061]
2023-11-03 15:01:31.098: epoch 86:	0.02751074  	0.11077515  	0.07453700  
2023-11-03 15:01:31.098: Find a better model.
2023-11-03 15:01:43.560: [iter 87 : loss : 0.4414 = 0.0730 + 0.3618 + 0.0048 + 0.0018, time: 12.438540]
2023-11-03 15:01:44.229: epoch 87:	0.02748552  	0.11079507  	0.07443081  
2023-11-03 15:01:44.230: Find a better model.
2023-11-03 15:01:56.806: [iter 88 : loss : 0.4407 = 0.0724 + 0.3617 + 0.0049 + 0.0018, time: 12.559905]
2023-11-03 15:01:57.463: epoch 88:	0.02771256  	0.11159992  	0.07500421  
2023-11-03 15:01:57.463: Find a better model.
2023-11-03 15:02:10.094: [iter 89 : loss : 0.4396 = 0.0712 + 0.3616 + 0.0049 + 0.0018, time: 12.614742]
2023-11-03 15:02:10.751: epoch 89:	0.02787024  	0.11269539  	0.07537295  
2023-11-03 15:02:10.751: Find a better model.
2023-11-03 15:02:23.232: [iter 90 : loss : 0.4392 = 0.0708 + 0.3616 + 0.0050 + 0.0018, time: 12.463109]
2023-11-03 15:02:23.877: epoch 90:	0.02794592  	0.11279182  	0.07568326  
2023-11-03 15:02:23.877: Find a better model.
2023-11-03 15:02:36.530: [iter 91 : loss : 0.4384 = 0.0702 + 0.3614 + 0.0050 + 0.0018, time: 12.634145]
2023-11-03 15:02:37.207: epoch 91:	0.02820452  	0.11431638  	0.07642137  
2023-11-03 15:02:37.208: Find a better model.
2023-11-03 15:02:49.734: [iter 92 : loss : 0.4379 = 0.0699 + 0.3612 + 0.0051 + 0.0018, time: 12.508021]
2023-11-03 15:02:50.387: epoch 92:	0.02811622  	0.11428768  	0.07657436  
2023-11-03 15:03:02.895: [iter 93 : loss : 0.4367 = 0.0684 + 0.3613 + 0.0051 + 0.0018, time: 12.491172]
2023-11-03 15:03:03.580: epoch 93:	0.02833066  	0.11509936  	0.07682145  
2023-11-03 15:03:03.580: Find a better model.
2023-11-03 15:03:16.328: [iter 94 : loss : 0.4369 = 0.0687 + 0.3613 + 0.0052 + 0.0018, time: 12.722203]
2023-11-03 15:03:17.001: epoch 94:	0.02824236  	0.11464787  	0.07676195  
2023-11-03 15:03:29.421: [iter 95 : loss : 0.4358 = 0.0676 + 0.3612 + 0.0052 + 0.0018, time: 12.399239]
2023-11-03 15:03:30.099: epoch 95:	0.02838112  	0.11543012  	0.07735843  
2023-11-03 15:03:30.099: Find a better model.
2023-11-03 15:03:42.779: [iter 96 : loss : 0.4348 = 0.0666 + 0.3611 + 0.0052 + 0.0018, time: 12.660482]
2023-11-03 15:03:43.451: epoch 96:	0.02870908  	0.11663010  	0.07783850  
2023-11-03 15:03:43.451: Find a better model.
2023-11-03 15:03:56.099: [iter 97 : loss : 0.4333 = 0.0652 + 0.3610 + 0.0053 + 0.0018, time: 12.630709]
2023-11-03 15:03:56.762: epoch 97:	0.02870907  	0.11637250  	0.07769913  
2023-11-03 15:04:09.215: [iter 98 : loss : 0.4334 = 0.0653 + 0.3609 + 0.0053 + 0.0018, time: 12.436466]
2023-11-03 15:04:09.901: epoch 98:	0.02887306  	0.11720181  	0.07811268  
2023-11-03 15:04:09.901: Find a better model.
2023-11-03 15:04:22.298: [iter 99 : loss : 0.4323 = 0.0643 + 0.3608 + 0.0054 + 0.0018, time: 12.375220]
2023-11-03 15:04:22.962: epoch 99:	0.02906857  	0.11793377  	0.07850435  
2023-11-03 15:04:22.962: Find a better model.
2023-11-03 15:04:35.457: [iter 100 : loss : 0.4323 = 0.0643 + 0.3608 + 0.0054 + 0.0018, time: 12.473417]
2023-11-03 15:04:36.108: epoch 100:	0.02912534  	0.11821716  	0.07895257  
2023-11-03 15:04:36.108: Find a better model.
2023-11-03 15:04:48.550: [iter 101 : loss : 0.4325 = 0.0645 + 0.3607 + 0.0055 + 0.0018, time: 12.426075]
2023-11-03 15:04:49.169: epoch 101:	0.02903703  	0.11786591  	0.07888328  
2023-11-03 15:05:01.767: [iter 102 : loss : 0.4319 = 0.0640 + 0.3606 + 0.0055 + 0.0018, time: 12.581579]
2023-11-03 15:05:02.459: epoch 102:	0.02925148  	0.11893818  	0.07925146  
2023-11-03 15:05:02.460: Find a better model.
2023-11-03 15:05:15.201: [iter 103 : loss : 0.4305 = 0.0626 + 0.3606 + 0.0055 + 0.0018, time: 12.719687]
2023-11-03 15:05:15.857: epoch 103:	0.02939024  	0.11954156  	0.07978956  
2023-11-03 15:05:15.857: Find a better model.
2023-11-03 15:05:28.237: [iter 104 : loss : 0.4294 = 0.0615 + 0.3605 + 0.0056 + 0.0018, time: 12.363067]
2023-11-03 15:05:28.866: epoch 104:	0.02927672  	0.11913808  	0.07970401  
2023-11-03 15:05:41.493: [iter 105 : loss : 0.4287 = 0.0608 + 0.3605 + 0.0056 + 0.0018, time: 12.599067]
2023-11-03 15:05:42.110: epoch 105:	0.02945331  	0.11965441  	0.07996707  
2023-11-03 15:05:42.110: Find a better model.
2023-11-03 15:05:54.914: [iter 106 : loss : 0.4292 = 0.0614 + 0.3603 + 0.0057 + 0.0018, time: 12.777963]
2023-11-03 15:05:55.551: epoch 106:	0.02938393  	0.11947402  	0.08006509  
2023-11-03 15:06:08.130: [iter 107 : loss : 0.4281 = 0.0603 + 0.3603 + 0.0057 + 0.0018, time: 12.555884]
2023-11-03 15:06:08.804: epoch 107:	0.02947853  	0.11985719  	0.08024544  
2023-11-03 15:06:08.804: Find a better model.
2023-11-03 15:06:21.340: [iter 108 : loss : 0.4281 = 0.0603 + 0.3602 + 0.0057 + 0.0018, time: 12.522580]
2023-11-03 15:06:22.008: epoch 108:	0.02939655  	0.11966170  	0.08034693  
2023-11-03 15:06:34.492: [iter 109 : loss : 0.4264 = 0.0587 + 0.3601 + 0.0058 + 0.0018, time: 12.469402]
2023-11-03 15:06:35.188: epoch 109:	0.02952899  	0.11998679  	0.08055237  
2023-11-03 15:06:35.189: Find a better model.
2023-11-03 15:06:47.906: [iter 110 : loss : 0.4263 = 0.0587 + 0.3601 + 0.0058 + 0.0018, time: 12.693773]
2023-11-03 15:06:48.571: epoch 110:	0.02971820  	0.12067684  	0.08105312  
2023-11-03 15:06:48.571: Find a better model.
2023-11-03 15:07:01.247: [iter 111 : loss : 0.4248 = 0.0571 + 0.3600 + 0.0059 + 0.0018, time: 12.655514]
2023-11-03 15:07:01.888: epoch 111:	0.02995788  	0.12179911  	0.08146650  
2023-11-03 15:07:01.888: Find a better model.
2023-11-03 15:07:14.473: [iter 112 : loss : 0.4254 = 0.0578 + 0.3599 + 0.0059 + 0.0018, time: 12.566827]
2023-11-03 15:07:15.152: epoch 112:	0.02995156  	0.12196074  	0.08195584  
2023-11-03 15:07:15.152: Find a better model.
2023-11-03 15:07:27.712: [iter 113 : loss : 0.4239 = 0.0563 + 0.3599 + 0.0059 + 0.0018, time: 12.541382]
2023-11-03 15:07:28.383: epoch 113:	0.03010922  	0.12258592  	0.08193360  
2023-11-03 15:07:28.383: Find a better model.
2023-11-03 15:07:40.954: [iter 114 : loss : 0.4238 = 0.0563 + 0.3597 + 0.0060 + 0.0018, time: 12.553835]
2023-11-03 15:07:41.608: epoch 114:	0.03018490  	0.12272363  	0.08227604  
2023-11-03 15:07:41.608: Find a better model.
2023-11-03 15:07:54.190: [iter 115 : loss : 0.4240 = 0.0564 + 0.3597 + 0.0060 + 0.0018, time: 12.567563]
2023-11-03 15:07:54.849: epoch 115:	0.03022275  	0.12291093  	0.08245112  
2023-11-03 15:07:54.849: Find a better model.
2023-11-03 15:08:07.545: [iter 116 : loss : 0.4233 = 0.0560 + 0.3595 + 0.0061 + 0.0018, time: 12.676682]
2023-11-03 15:08:08.185: epoch 116:	0.03038042  	0.12360175  	0.08302703  
2023-11-03 15:08:08.185: Find a better model.
2023-11-03 15:08:20.743: [iter 117 : loss : 0.4227 = 0.0551 + 0.3596 + 0.0061 + 0.0018, time: 12.539226]
2023-11-03 15:08:21.317: epoch 117:	0.03041195  	0.12389590  	0.08308891  
2023-11-03 15:08:21.317: Find a better model.
2023-11-03 15:08:33.804: [iter 118 : loss : 0.4215 = 0.0541 + 0.3595 + 0.0061 + 0.0018, time: 12.464679]
2023-11-03 15:08:34.474: epoch 118:	0.03029213  	0.12346155  	0.08296536  
2023-11-03 15:08:47.119: [iter 119 : loss : 0.4220 = 0.0545 + 0.3595 + 0.0062 + 0.0018, time: 12.629834]
2023-11-03 15:08:47.780: epoch 119:	0.03029211  	0.12322508  	0.08316998  
2023-11-03 15:09:00.441: [iter 120 : loss : 0.4213 = 0.0540 + 0.3593 + 0.0062 + 0.0018, time: 12.646823]
2023-11-03 15:09:01.101: epoch 120:	0.03025428  	0.12310476  	0.08302038  
2023-11-03 15:09:13.757: [iter 121 : loss : 0.4212 = 0.0538 + 0.3593 + 0.0063 + 0.0018, time: 12.639446]
2023-11-03 15:09:14.421: epoch 121:	0.03034888  	0.12369938  	0.08352448  
2023-11-03 15:09:27.096: [iter 122 : loss : 0.4203 = 0.0530 + 0.3592 + 0.0063 + 0.0018, time: 12.659633]
2023-11-03 15:09:27.767: epoch 122:	0.03027320  	0.12326399  	0.08344269  
2023-11-03 15:09:40.260: [iter 123 : loss : 0.4198 = 0.0526 + 0.3591 + 0.0063 + 0.0018, time: 12.477349]
2023-11-03 15:09:40.924: epoch 123:	0.03021014  	0.12302042  	0.08331081  
2023-11-03 15:09:53.367: [iter 124 : loss : 0.4196 = 0.0523 + 0.3591 + 0.0064 + 0.0018, time: 12.429378]
2023-11-03 15:09:54.023: epoch 124:	0.03055703  	0.12433285  	0.08390640  
2023-11-03 15:09:54.023: Find a better model.
2023-11-03 15:10:06.497: [iter 125 : loss : 0.4199 = 0.0527 + 0.3590 + 0.0064 + 0.0018, time: 12.459017]
2023-11-03 15:10:07.124: epoch 125:	0.03049395  	0.12412847  	0.08373097  
2023-11-03 15:10:19.795: [iter 126 : loss : 0.4182 = 0.0510 + 0.3590 + 0.0065 + 0.0018, time: 12.655067]
2023-11-03 15:10:20.418: epoch 126:	0.03083451  	0.12540710  	0.08411668  
2023-11-03 15:10:20.418: Find a better model.
2023-11-03 15:10:33.131: [iter 127 : loss : 0.4177 = 0.0505 + 0.3589 + 0.0065 + 0.0018, time: 12.696474]
2023-11-03 15:10:33.818: epoch 127:	0.03070206  	0.12495984  	0.08412614  
2023-11-03 15:10:46.502: [iter 128 : loss : 0.4183 = 0.0511 + 0.3589 + 0.0065 + 0.0018, time: 12.666757]
2023-11-03 15:10:47.167: epoch 128:	0.03077145  	0.12517121  	0.08430895  
2023-11-03 15:10:59.917: [iter 129 : loss : 0.4176 = 0.0504 + 0.3589 + 0.0066 + 0.0018, time: 12.734580]
2023-11-03 15:11:00.583: epoch 129:	0.03079669  	0.12556218  	0.08472871  
2023-11-03 15:11:00.584: Find a better model.
2023-11-03 15:11:13.199: [iter 130 : loss : 0.4174 = 0.0502 + 0.3588 + 0.0066 + 0.0018, time: 12.598686]
2023-11-03 15:11:13.878: epoch 130:	0.03083452  	0.12549332  	0.08497453  
2023-11-03 15:11:26.443: [iter 131 : loss : 0.4157 = 0.0486 + 0.3586 + 0.0066 + 0.0018, time: 12.547132]
2023-11-03 15:11:27.105: epoch 131:	0.03073991  	0.12523261  	0.08464737  
2023-11-03 15:11:39.679: [iter 132 : loss : 0.4170 = 0.0499 + 0.3586 + 0.0067 + 0.0018, time: 12.553744]
2023-11-03 15:11:40.270: epoch 132:	0.03092282  	0.12610906  	0.08488189  
2023-11-03 15:11:40.270: Find a better model.
2023-11-03 15:11:52.701: [iter 133 : loss : 0.4162 = 0.0490 + 0.3586 + 0.0067 + 0.0018, time: 12.415301]
2023-11-03 15:11:53.383: epoch 133:	0.03092282  	0.12610324  	0.08513164  
2023-11-03 15:12:05.816: [iter 134 : loss : 0.4155 = 0.0485 + 0.3585 + 0.0068 + 0.0018, time: 12.412029]
2023-11-03 15:12:06.489: epoch 134:	0.03116878  	0.12679233  	0.08527671  
2023-11-03 15:12:06.489: Find a better model.
2023-11-03 15:12:19.248: [iter 135 : loss : 0.4153 = 0.0483 + 0.3584 + 0.0068 + 0.0018, time: 12.742759]
2023-11-03 15:12:19.908: epoch 135:	0.03106156  	0.12660527  	0.08557744  
2023-11-03 15:12:32.560: [iter 136 : loss : 0.4140 = 0.0470 + 0.3584 + 0.0068 + 0.0018, time: 12.632128]
2023-11-03 15:12:33.209: epoch 136:	0.03092281  	0.12627397  	0.08551238  
2023-11-03 15:12:45.732: [iter 137 : loss : 0.4148 = 0.0478 + 0.3583 + 0.0069 + 0.0018, time: 12.505452]
2023-11-03 15:12:46.397: epoch 137:	0.03119402  	0.12698361  	0.08607537  
2023-11-03 15:12:46.397: Find a better model.
2023-11-03 15:12:59.059: [iter 138 : loss : 0.4143 = 0.0472 + 0.3583 + 0.0069 + 0.0018, time: 12.643811]
2023-11-03 15:12:59.719: epoch 138:	0.03133278  	0.12768801  	0.08628085  
2023-11-03 15:12:59.719: Find a better model.
2023-11-03 15:13:12.145: [iter 139 : loss : 0.4139 = 0.0470 + 0.3582 + 0.0069 + 0.0018, time: 12.411039]
2023-11-03 15:13:12.759: epoch 139:	0.03140846  	0.12814827  	0.08656320  
2023-11-03 15:13:12.759: Find a better model.
2023-11-03 15:13:25.233: [iter 140 : loss : 0.4138 = 0.0470 + 0.3581 + 0.0070 + 0.0018, time: 12.454928]
2023-11-03 15:13:25.913: epoch 140:	0.03155351  	0.12865371  	0.08681395  
2023-11-03 15:13:25.913: Find a better model.
2023-11-03 15:13:38.679: [iter 141 : loss : 0.4136 = 0.0467 + 0.3581 + 0.0070 + 0.0018, time: 12.748629]
2023-11-03 15:13:39.351: epoch 141:	0.03161658  	0.12909794  	0.08732300  
2023-11-03 15:13:39.352: Find a better model.
2023-11-03 15:13:51.979: [iter 142 : loss : 0.4127 = 0.0457 + 0.3581 + 0.0071 + 0.0018, time: 12.605848]
2023-11-03 15:13:52.636: epoch 142:	0.03171118  	0.12955026  	0.08766256  
2023-11-03 15:13:52.636: Find a better model.
2023-11-03 15:14:05.248: [iter 143 : loss : 0.4132 = 0.0463 + 0.3580 + 0.0071 + 0.0018, time: 12.595787]
2023-11-03 15:14:05.917: epoch 143:	0.03181839  	0.12959982  	0.08789701  
2023-11-03 15:14:05.917: Find a better model.
2023-11-03 15:14:18.413: [iter 144 : loss : 0.4121 = 0.0453 + 0.3579 + 0.0071 + 0.0018, time: 12.478923]
2023-11-03 15:14:19.021: epoch 144:	0.03186886  	0.13015126  	0.08795796  
2023-11-03 15:14:19.021: Find a better model.
2023-11-03 15:14:31.689: [iter 145 : loss : 0.4117 = 0.0450 + 0.3578 + 0.0072 + 0.0018, time: 12.651540]
2023-11-03 15:14:32.370: epoch 145:	0.03184363  	0.12965669  	0.08805791  
2023-11-03 15:14:44.814: [iter 146 : loss : 0.4118 = 0.0450 + 0.3578 + 0.0072 + 0.0018, time: 12.428412]
2023-11-03 15:14:45.473: epoch 146:	0.03190041  	0.13022178  	0.08794060  
2023-11-03 15:14:45.473: Find a better model.
2023-11-03 15:14:58.144: [iter 147 : loss : 0.4120 = 0.0452 + 0.3578 + 0.0072 + 0.0018, time: 12.656640]
2023-11-03 15:14:58.812: epoch 147:	0.03195717  	0.13035323  	0.08835347  
2023-11-03 15:14:58.812: Find a better model.
2023-11-03 15:15:11.313: [iter 148 : loss : 0.4114 = 0.0447 + 0.3576 + 0.0073 + 0.0018, time: 12.476913]
2023-11-03 15:15:11.955: epoch 148:	0.03198239  	0.13031518  	0.08852427  
2023-11-03 15:15:24.695: [iter 149 : loss : 0.4105 = 0.0438 + 0.3576 + 0.0073 + 0.0018, time: 12.724520]
2023-11-03 15:15:25.353: epoch 149:	0.03207069  	0.13028866  	0.08852454  
2023-11-03 15:15:38.019: [iter 150 : loss : 0.4111 = 0.0444 + 0.3575 + 0.0073 + 0.0018, time: 12.649262]
2023-11-03 15:15:38.652: epoch 150:	0.03214637  	0.13064647  	0.08875407  
2023-11-03 15:15:38.652: Find a better model.
2023-11-03 15:15:51.173: [iter 151 : loss : 0.4103 = 0.0437 + 0.3575 + 0.0074 + 0.0018, time: 12.505409]
2023-11-03 15:15:51.855: epoch 151:	0.03227882  	0.13147445  	0.08910937  
2023-11-03 15:15:51.856: Find a better model.
2023-11-03 15:16:04.566: [iter 152 : loss : 0.4099 = 0.0433 + 0.3574 + 0.0074 + 0.0018, time: 12.692842]
2023-11-03 15:16:05.231: epoch 152:	0.03227250  	0.13139102  	0.08912455  
2023-11-03 15:16:17.921: [iter 153 : loss : 0.4095 = 0.0429 + 0.3574 + 0.0074 + 0.0018, time: 12.674597]
2023-11-03 15:16:18.611: epoch 153:	0.03216530  	0.13099498  	0.08889989  
2023-11-03 15:16:31.108: [iter 154 : loss : 0.4102 = 0.0436 + 0.3573 + 0.0075 + 0.0018, time: 12.470028]
2023-11-03 15:16:31.801: epoch 154:	0.03222207  	0.13108285  	0.08915232  
2023-11-03 15:16:44.402: [iter 155 : loss : 0.4088 = 0.0422 + 0.3573 + 0.0075 + 0.0018, time: 12.580590]
2023-11-03 15:16:45.037: epoch 155:	0.03229144  	0.13154815  	0.08927668  
2023-11-03 15:16:45.037: Find a better model.
2023-11-03 15:16:57.585: [iter 156 : loss : 0.4082 = 0.0416 + 0.3573 + 0.0075 + 0.0018, time: 12.527300]
2023-11-03 15:16:58.285: epoch 156:	0.03246802  	0.13262324  	0.08946760  
2023-11-03 15:16:58.285: Find a better model.
2023-11-03 15:17:10.916: [iter 157 : loss : 0.4081 = 0.0416 + 0.3572 + 0.0076 + 0.0018, time: 12.608881]
2023-11-03 15:17:11.609: epoch 157:	0.03248063  	0.13212952  	0.08969811  
2023-11-03 15:17:24.123: [iter 158 : loss : 0.4083 = 0.0418 + 0.3572 + 0.0076 + 0.0018, time: 12.490638]
2023-11-03 15:17:24.747: epoch 158:	0.03245541  	0.13199040  	0.08955316  
2023-11-03 15:17:37.302: [iter 159 : loss : 0.4080 = 0.0415 + 0.3571 + 0.0076 + 0.0018, time: 12.536153]
2023-11-03 15:17:37.924: epoch 159:	0.03251846  	0.13259807  	0.08973688  
2023-11-03 15:17:50.539: [iter 160 : loss : 0.4074 = 0.0409 + 0.3570 + 0.0077 + 0.0018, time: 12.599007]
2023-11-03 15:17:51.207: epoch 160:	0.03265088  	0.13323589  	0.09016496  
2023-11-03 15:17:51.208: Find a better model.
2023-11-03 15:18:03.708: [iter 161 : loss : 0.4074 = 0.0409 + 0.3570 + 0.0077 + 0.0018, time: 12.480691]
2023-11-03 15:18:04.345: epoch 161:	0.03256892  	0.13293235  	0.09022018  
2023-11-03 15:18:16.757: [iter 162 : loss : 0.4072 = 0.0408 + 0.3569 + 0.0078 + 0.0018, time: 12.393162]
2023-11-03 15:18:17.430: epoch 162:	0.03256892  	0.13312919  	0.09024589  
2023-11-03 15:18:30.125: [iter 163 : loss : 0.4068 = 0.0403 + 0.3569 + 0.0078 + 0.0018, time: 12.677459]
2023-11-03 15:18:30.790: epoch 163:	0.03273289  	0.13381411  	0.09060280  
2023-11-03 15:18:30.790: Find a better model.
2023-11-03 15:18:43.450: [iter 164 : loss : 0.4068 = 0.0403 + 0.3569 + 0.0078 + 0.0018, time: 12.642215]
2023-11-03 15:18:44.112: epoch 164:	0.03284639  	0.13408037  	0.09066501  
2023-11-03 15:18:44.112: Find a better model.
2023-11-03 15:18:56.765: [iter 165 : loss : 0.4064 = 0.0401 + 0.3567 + 0.0078 + 0.0018, time: 12.631988]
2023-11-03 15:18:57.442: epoch 165:	0.03295990  	0.13432561  	0.09104501  
2023-11-03 15:18:57.442: Find a better model.
2023-11-03 15:19:09.783: [iter 166 : loss : 0.4061 = 0.0397 + 0.3568 + 0.0079 + 0.0018, time: 12.323403]
2023-11-03 15:19:10.451: epoch 166:	0.03300403  	0.13496242  	0.09127265  
2023-11-03 15:19:10.451: Find a better model.
2023-11-03 15:19:23.232: [iter 167 : loss : 0.4055 = 0.0392 + 0.3566 + 0.0079 + 0.0018, time: 12.760834]
2023-11-03 15:19:23.890: epoch 167:	0.03287160  	0.13403840  	0.09100533  
2023-11-03 15:19:36.586: [iter 168 : loss : 0.4056 = 0.0394 + 0.3565 + 0.0079 + 0.0018, time: 12.677194]
2023-11-03 15:19:37.257: epoch 168:	0.03274549  	0.13358201  	0.09109890  
2023-11-03 15:19:49.918: [iter 169 : loss : 0.4058 = 0.0396 + 0.3565 + 0.0080 + 0.0018, time: 12.644147]
2023-11-03 15:19:50.608: epoch 169:	0.03266981  	0.13369811  	0.09094667  
2023-11-03 15:20:03.338: [iter 170 : loss : 0.4056 = 0.0392 + 0.3566 + 0.0080 + 0.0018, time: 12.710723]
2023-11-03 15:20:03.959: epoch 170:	0.03276441  	0.13388033  	0.09079748  
2023-11-03 15:20:16.426: [iter 171 : loss : 0.4048 = 0.0385 + 0.3565 + 0.0080 + 0.0018, time: 12.452261]
2023-11-03 15:20:17.061: epoch 171:	0.03294096  	0.13513906  	0.09170888  
2023-11-03 15:20:17.061: Find a better model.
2023-11-03 15:20:29.574: [iter 172 : loss : 0.4042 = 0.0379 + 0.3564 + 0.0081 + 0.0018, time: 12.495976]
2023-11-03 15:20:30.263: epoch 172:	0.03302925  	0.13533553  	0.09178775  
2023-11-03 15:20:30.263: Find a better model.
2023-11-03 15:20:42.973: [iter 173 : loss : 0.4049 = 0.0387 + 0.3563 + 0.0081 + 0.0018, time: 12.689329]
2023-11-03 15:20:43.601: epoch 173:	0.03331303  	0.13620660  	0.09213436  
2023-11-03 15:20:43.601: Find a better model.
2023-11-03 15:20:56.121: [iter 174 : loss : 0.4043 = 0.0380 + 0.3563 + 0.0081 + 0.0018, time: 12.503504]
2023-11-03 15:20:56.784: epoch 174:	0.03314907  	0.13567092  	0.09200955  
2023-11-03 15:21:09.387: [iter 175 : loss : 0.4045 = 0.0383 + 0.3563 + 0.0082 + 0.0018, time: 12.587690]
2023-11-03 15:21:10.081: epoch 175:	0.03319322  	0.13583793  	0.09204812  
2023-11-03 15:21:22.589: [iter 176 : loss : 0.4041 = 0.0380 + 0.3562 + 0.0082 + 0.0018, time: 12.490030]
2023-11-03 15:21:23.265: epoch 176:	0.03340132  	0.13682587  	0.09219336  
2023-11-03 15:21:23.266: Find a better model.
2023-11-03 15:21:35.808: [iter 177 : loss : 0.4038 = 0.0376 + 0.3561 + 0.0082 + 0.0018, time: 12.524880]
2023-11-03 15:21:36.505: epoch 177:	0.03327519  	0.13608283  	0.09252916  
2023-11-03 15:21:49.200: [iter 178 : loss : 0.4034 = 0.0373 + 0.3561 + 0.0083 + 0.0018, time: 12.674507]
2023-11-03 15:21:49.836: epoch 178:	0.03334456  	0.13614164  	0.09271092  
2023-11-03 15:22:02.269: [iter 179 : loss : 0.4034 = 0.0373 + 0.3560 + 0.0083 + 0.0018, time: 12.416678]
2023-11-03 15:22:02.939: epoch 179:	0.03338239  	0.13628475  	0.09307542  
2023-11-03 15:22:15.333: [iter 180 : loss : 0.4037 = 0.0376 + 0.3560 + 0.0083 + 0.0018, time: 12.379782]
2023-11-03 15:22:15.959: epoch 180:	0.03343915  	0.13645642  	0.09291475  
2023-11-03 15:22:28.470: [iter 181 : loss : 0.4038 = 0.0377 + 0.3560 + 0.0084 + 0.0018, time: 12.496243]
2023-11-03 15:22:29.123: epoch 181:	0.03359681  	0.13693562  	0.09331042  
2023-11-03 15:22:29.123: Find a better model.
2023-11-03 15:22:41.853: [iter 182 : loss : 0.4025 = 0.0365 + 0.3558 + 0.0084 + 0.0018, time: 12.711862]
2023-11-03 15:22:42.546: epoch 182:	0.03360312  	0.13694832  	0.09333155  
2023-11-03 15:22:42.546: Find a better model.
2023-11-03 15:22:55.054: [iter 183 : loss : 0.4021 = 0.0360 + 0.3559 + 0.0084 + 0.0018, time: 12.488099]
2023-11-03 15:22:55.696: epoch 183:	0.03369142  	0.13745335  	0.09334064  
2023-11-03 15:22:55.696: Find a better model.
2023-11-03 15:23:08.395: [iter 184 : loss : 0.4023 = 0.0363 + 0.3558 + 0.0085 + 0.0018, time: 12.682772]
2023-11-03 15:23:09.048: epoch 184:	0.03349593  	0.13686386  	0.09308334  
2023-11-03 15:23:21.565: [iter 185 : loss : 0.4017 = 0.0356 + 0.3558 + 0.0085 + 0.0018, time: 12.502014]
2023-11-03 15:23:22.245: epoch 185:	0.03365357  	0.13740093  	0.09340915  
2023-11-03 15:23:34.803: [iter 186 : loss : 0.4022 = 0.0361 + 0.3558 + 0.0085 + 0.0018, time: 12.541574]
2023-11-03 15:23:35.461: epoch 186:	0.03379863  	0.13799696  	0.09355260  
2023-11-03 15:23:35.462: Find a better model.
2023-11-03 15:23:48.284: [iter 187 : loss : 0.4019 = 0.0359 + 0.3556 + 0.0085 + 0.0018, time: 12.804790]
2023-11-03 15:23:48.956: epoch 187:	0.03387428  	0.13812378  	0.09376141  
2023-11-03 15:23:48.957: Find a better model.
2023-11-03 15:24:01.527: [iter 188 : loss : 0.4020 = 0.0360 + 0.3557 + 0.0086 + 0.0018, time: 12.551073]
2023-11-03 15:24:02.201: epoch 188:	0.03379232  	0.13787076  	0.09385166  
2023-11-03 15:24:14.930: [iter 189 : loss : 0.4014 = 0.0354 + 0.3556 + 0.0086 + 0.0018, time: 12.708957]
2023-11-03 15:24:15.599: epoch 189:	0.03386169  	0.13772145  	0.09393247  
2023-11-03 15:24:28.205: [iter 190 : loss : 0.4014 = 0.0355 + 0.3555 + 0.0086 + 0.0018, time: 12.591085]
2023-11-03 15:24:28.871: epoch 190:	0.03374187  	0.13750720  	0.09392993  
2023-11-03 15:24:41.557: [iter 191 : loss : 0.4009 = 0.0351 + 0.3554 + 0.0087 + 0.0018, time: 12.671114]
2023-11-03 15:24:42.215: epoch 191:	0.03379860  	0.13789837  	0.09437039  
2023-11-03 15:24:54.675: [iter 192 : loss : 0.4014 = 0.0355 + 0.3554 + 0.0087 + 0.0018, time: 12.444594]
2023-11-03 15:24:55.353: epoch 192:	0.03394366  	0.13829142  	0.09441758  
2023-11-03 15:24:55.353: Find a better model.
2023-11-03 15:25:08.107: [iter 193 : loss : 0.4007 = 0.0348 + 0.3554 + 0.0087 + 0.0018, time: 12.739087]
2023-11-03 15:25:08.798: epoch 193:	0.03372926  	0.13785496  	0.09425248  
2023-11-03 15:25:21.521: [iter 194 : loss : 0.4005 = 0.0346 + 0.3554 + 0.0088 + 0.0018, time: 12.702898]
2023-11-03 15:25:22.223: epoch 194:	0.03389321  	0.13843116  	0.09456655  
2023-11-03 15:25:22.223: Find a better model.
2023-11-03 15:25:34.805: [iter 195 : loss : 0.4002 = 0.0344 + 0.3553 + 0.0088 + 0.0018, time: 12.560655]
2023-11-03 15:25:35.444: epoch 195:	0.03386167  	0.13820593  	0.09455257  
2023-11-03 15:25:47.962: [iter 196 : loss : 0.4006 = 0.0348 + 0.3552 + 0.0088 + 0.0018, time: 12.497750]
2023-11-03 15:25:48.621: epoch 196:	0.03387428  	0.13820377  	0.09457443  
2023-11-03 15:26:01.063: [iter 197 : loss : 0.4000 = 0.0342 + 0.3552 + 0.0089 + 0.0018, time: 12.427220]
2023-11-03 15:26:01.683: epoch 197:	0.03393102  	0.13832685  	0.09436540  
2023-11-03 15:26:14.251: [iter 198 : loss : 0.3996 = 0.0339 + 0.3551 + 0.0089 + 0.0018, time: 12.549635]
2023-11-03 15:26:14.904: epoch 198:	0.03377337  	0.13798347  	0.09429885  
2023-11-03 15:26:27.583: [iter 199 : loss : 0.3993 = 0.0335 + 0.3551 + 0.0089 + 0.0018, time: 12.664261]
2023-11-03 15:26:28.223: epoch 199:	0.03385535  	0.13822813  	0.09443265  
2023-11-03 15:26:40.668: [iter 200 : loss : 0.4002 = 0.0345 + 0.3550 + 0.0089 + 0.0018, time: 12.431116]
2023-11-03 15:26:41.308: epoch 200:	0.03386166  	0.13840543  	0.09477628  
2023-11-03 15:26:41.308: best_result@epoch 194:

2023-11-03 15:26:41.308: 		0.0339      	0.1384      	0.0946      
