2023-11-03 16:35:53.612: my pid: 12925
2023-11-03 16:35:53.613: model: model.general_recommender.GNNEC
2023-11-03 16:35:53.613: Dataset statistics:
Name: amazon-book
The number of users: 7928
The number of items: 29346
The number of ratings: 460224
Average actions of users: 58.05
Average actions of items: 15.68
The sparsity of the dataset: 99.802186%

The number of training: 417417
The number of validation: 0
The number of testing: 42807
2023-11-03 16:35:53.613: NeuRec:[NeuRec]:
recommender=GNNEC
dataset=amazon-book
file_column=UI
sep=','
gpu_id=0
gpu_mem=0.99
metric=["Precision", "Recall", "NDCG"]
top_k=[20]
test_thread=8
test_batch_size=128
seed=2021
start_testing_epoch=0

GNNEC:[hyperparameters]:
mf_reg=1e-4
svd_q=5
aug_type=ND
reg=1e-4
embed_size=64
n_layers=2
ssl_reg=0.02
ssl_ratio=0.5
ssl_temp=3
ssl_mode=both_side
lr=1e-3
learner=adam
adj_type=pre
epochs=200
batch_size=2048
num_negatives=1
param_init=xavier_uniform
stddev=0.01
verbose=1
stop_cnt=10
pretrain_flag=0
save_flag=0

Command line:
recommender=GNNEC
dataset=amazon-book
epochs=200
n_layers=2
embed_size=64
batch_size=2048
lr=1e-3
aug_type=ND
reg=1e-4
ssl_reg=0.02
ssl_ratio=0.5
ssl_temp=3
mf_reg=1e-4
svd_q=5
2023-11-03 16:35:57.307: metrics:	Precision@20	Recall@20   	NDCG@20     
2023-11-03 16:36:10.187: [iter 1 : loss : 0.9901 = 0.6135 + 0.3746 + 0.0000 + 0.0019, time: 12.879230]
2023-11-03 16:36:10.847: epoch 1:	0.00935921  	0.03534941  	0.02323308  
2023-11-03 16:36:10.848: Find a better model.
2023-11-03 16:36:23.119: [iter 2 : loss : 0.8551 = 0.4914 + 0.3617 + 0.0001 + 0.0018, time: 12.252212]
2023-11-03 16:36:23.787: epoch 2:	0.01037464  	0.03924178  	0.02585028  
2023-11-03 16:36:23.787: Find a better model.
2023-11-03 16:36:36.273: [iter 3 : loss : 0.7924 = 0.4339 + 0.3565 + 0.0002 + 0.0018, time: 12.470752]
2023-11-03 16:36:36.947: epoch 3:	0.01088551  	0.04151409  	0.02768027  
2023-11-03 16:36:36.948: Find a better model.
2023-11-03 16:36:49.486: [iter 4 : loss : 0.7494 = 0.3945 + 0.3528 + 0.0003 + 0.0018, time: 12.516548]
2023-11-03 16:36:50.145: epoch 4:	0.01147206  	0.04396329  	0.02963178  
2023-11-03 16:36:50.145: Find a better model.
2023-11-03 16:37:02.613: [iter 5 : loss : 0.7155 = 0.3634 + 0.3499 + 0.0004 + 0.0017, time: 12.448745]
2023-11-03 16:37:03.235: epoch 5:	0.01212169  	0.04638239  	0.03133348  
2023-11-03 16:37:03.235: Find a better model.
2023-11-03 16:37:15.584: [iter 6 : loss : 0.6906 = 0.3408 + 0.3476 + 0.0005 + 0.0017, time: 12.330125]
2023-11-03 16:37:16.248: epoch 6:	0.01263255  	0.04837936  	0.03268128  
2023-11-03 16:37:16.248: Find a better model.
2023-11-03 16:37:28.695: [iter 7 : loss : 0.6702 = 0.3223 + 0.3456 + 0.0006 + 0.0017, time: 12.429675]
2023-11-03 16:37:29.381: epoch 7:	0.01291636  	0.04961827  	0.03382056  
2023-11-03 16:37:29.381: Find a better model.
2023-11-03 16:37:41.936: [iter 8 : loss : 0.6533 = 0.3068 + 0.3441 + 0.0006 + 0.0017, time: 12.533616]
2023-11-03 16:37:42.596: epoch 8:	0.01347769  	0.05217847  	0.03551983  
2023-11-03 16:37:42.596: Find a better model.
2023-11-03 16:37:54.972: [iter 9 : loss : 0.6364 = 0.2914 + 0.3426 + 0.0007 + 0.0017, time: 12.358685]
2023-11-03 16:37:55.660: epoch 9:	0.01362275  	0.05253443  	0.03609842  
2023-11-03 16:37:55.660: Find a better model.
2023-11-03 16:38:07.992: [iter 10 : loss : 0.6235 = 0.2797 + 0.3413 + 0.0008 + 0.0017, time: 12.306108]
2023-11-03 16:38:08.650: epoch 10:	0.01397594  	0.05391601  	0.03720573  
2023-11-03 16:38:08.650: Find a better model.
2023-11-03 16:38:21.008: [iter 11 : loss : 0.6110 = 0.2684 + 0.3400 + 0.0009 + 0.0017, time: 12.343118]
2023-11-03 16:38:21.664: epoch 11:	0.01423452  	0.05483655  	0.03800588  
2023-11-03 16:38:21.665: Find a better model.
2023-11-03 16:38:34.135: [iter 12 : loss : 0.6004 = 0.2587 + 0.3390 + 0.0009 + 0.0017, time: 12.452651]
2023-11-03 16:38:34.816: epoch 12:	0.01453095  	0.05628821  	0.03874163  
2023-11-03 16:38:34.816: Find a better model.
2023-11-03 16:38:47.284: [iter 13 : loss : 0.5911 = 0.2503 + 0.3381 + 0.0010 + 0.0017, time: 12.449657]
2023-11-03 16:38:47.934: epoch 13:	0.01489675  	0.05771340  	0.03968927  
2023-11-03 16:38:47.934: Find a better model.
2023-11-03 16:39:00.289: [iter 14 : loss : 0.5814 = 0.2416 + 0.3371 + 0.0011 + 0.0017, time: 12.338422]
2023-11-03 16:39:00.923: epoch 14:	0.01523102  	0.05925386  	0.04046322  
2023-11-03 16:39:00.923: Find a better model.
2023-11-03 16:39:13.180: [iter 15 : loss : 0.5712 = 0.2324 + 0.3359 + 0.0011 + 0.0017, time: 12.244507]
2023-11-03 16:39:13.841: epoch 15:	0.01548330  	0.06061406  	0.04153222  
2023-11-03 16:39:13.841: Find a better model.
2023-11-03 16:39:26.335: [iter 16 : loss : 0.5641 = 0.2261 + 0.3351 + 0.0012 + 0.0017, time: 12.476863]
2023-11-03 16:39:26.937: epoch 16:	0.01581757  	0.06204415  	0.04230972  
2023-11-03 16:39:26.937: Find a better model.
2023-11-03 16:39:39.155: [iter 17 : loss : 0.5570 = 0.2199 + 0.3342 + 0.0013 + 0.0017, time: 12.205100]
2023-11-03 16:39:39.810: epoch 17:	0.01613922  	0.06314079  	0.04351974  
2023-11-03 16:39:39.810: Find a better model.
2023-11-03 16:39:51.992: [iter 18 : loss : 0.5505 = 0.2142 + 0.3333 + 0.0013 + 0.0017, time: 12.167490]
2023-11-03 16:39:52.588: epoch 18:	0.01644827  	0.06461859  	0.04429432  
2023-11-03 16:39:52.588: Find a better model.
2023-11-03 16:40:04.971: [iter 19 : loss : 0.5435 = 0.2078 + 0.3326 + 0.0014 + 0.0017, time: 12.369376]
2023-11-03 16:40:05.619: epoch 19:	0.01675731  	0.06578506  	0.04508135  
2023-11-03 16:40:05.619: Find a better model.
2023-11-03 16:40:17.996: [iter 20 : loss : 0.5370 = 0.2020 + 0.3319 + 0.0015 + 0.0016, time: 12.361401]
2023-11-03 16:40:18.620: epoch 20:	0.01690868  	0.06655327  	0.04567717  
2023-11-03 16:40:18.620: Find a better model.
2023-11-03 16:40:30.892: [iter 21 : loss : 0.5303 = 0.1962 + 0.3309 + 0.0015 + 0.0016, time: 12.245204]
2023-11-03 16:40:31.515: epoch 21:	0.01729341  	0.06835194  	0.04673686  
2023-11-03 16:40:31.515: Find a better model.
2023-11-03 16:40:44.074: [iter 22 : loss : 0.5252 = 0.1919 + 0.3301 + 0.0016 + 0.0016, time: 12.545287]
2023-11-03 16:40:44.734: epoch 22:	0.01742586  	0.06866381  	0.04720109  
2023-11-03 16:40:44.734: Find a better model.
2023-11-03 16:40:57.168: [iter 23 : loss : 0.5204 = 0.1876 + 0.3295 + 0.0017 + 0.0016, time: 12.420201]
2023-11-03 16:40:57.751: epoch 23:	0.01767183  	0.06970367  	0.04777295  
2023-11-03 16:40:57.751: Find a better model.
2023-11-03 16:41:09.648: [iter 24 : loss : 0.5163 = 0.1840 + 0.3290 + 0.0017 + 0.0016, time: 11.884607]
2023-11-03 16:41:10.255: epoch 24:	0.01791151  	0.07087874  	0.04878937  
2023-11-03 16:41:10.255: Find a better model.
2023-11-03 16:41:22.687: [iter 25 : loss : 0.5108 = 0.1789 + 0.3284 + 0.0018 + 0.0016, time: 12.419250]
2023-11-03 16:41:23.351: epoch 25:	0.01822054  	0.07195859  	0.04957650  
2023-11-03 16:41:23.351: Find a better model.
2023-11-03 16:41:35.765: [iter 26 : loss : 0.5049 = 0.1740 + 0.3274 + 0.0018 + 0.0016, time: 12.399288]
2023-11-03 16:41:36.448: epoch 26:	0.01839714  	0.07290884  	0.05036882  
2023-11-03 16:41:36.448: Find a better model.
2023-11-03 16:41:48.783: [iter 27 : loss : 0.5013 = 0.1708 + 0.3270 + 0.0019 + 0.0016, time: 12.314975]
2023-11-03 16:41:49.439: epoch 27:	0.01857374  	0.07341731  	0.05065956  
2023-11-03 16:41:49.439: Find a better model.
2023-11-03 16:42:01.904: [iter 28 : loss : 0.4964 = 0.1668 + 0.3260 + 0.0020 + 0.0016, time: 12.452259]
2023-11-03 16:42:02.580: epoch 28:	0.01871881  	0.07395878  	0.05093973  
2023-11-03 16:42:02.580: Find a better model.
2023-11-03 16:42:14.981: [iter 29 : loss : 0.4923 = 0.1631 + 0.3256 + 0.0020 + 0.0016, time: 12.376690]
2023-11-03 16:42:15.590: epoch 29:	0.01882603  	0.07437655  	0.05119007  
2023-11-03 16:42:15.590: Find a better model.
2023-11-03 16:42:28.105: [iter 30 : loss : 0.4897 = 0.1610 + 0.3250 + 0.0021 + 0.0016, time: 12.495747]
2023-11-03 16:42:28.707: epoch 30:	0.01899632  	0.07548847  	0.05154150  
2023-11-03 16:42:28.707: Find a better model.
2023-11-03 16:42:41.145: [iter 31 : loss : 0.4845 = 0.1563 + 0.3244 + 0.0022 + 0.0016, time: 12.418246]
2023-11-03 16:42:41.788: epoch 31:	0.01920444  	0.07615338  	0.05218157  
2023-11-03 16:42:41.788: Find a better model.
2023-11-03 16:42:54.208: [iter 32 : loss : 0.4827 = 0.1551 + 0.3237 + 0.0022 + 0.0016, time: 12.398205]
2023-11-03 16:42:54.873: epoch 32:	0.01942519  	0.07694230  	0.05272146  
2023-11-03 16:42:54.873: Find a better model.
2023-11-03 16:43:07.439: [iter 33 : loss : 0.4777 = 0.1507 + 0.3231 + 0.0023 + 0.0016, time: 12.545384]
2023-11-03 16:43:08.068: epoch 33:	0.01955133  	0.07745608  	0.05317639  
2023-11-03 16:43:08.069: Find a better model.
2023-11-03 16:43:20.656: [iter 34 : loss : 0.4757 = 0.1493 + 0.3224 + 0.0024 + 0.0016, time: 12.560337]
2023-11-03 16:43:21.327: epoch 34:	0.01974685  	0.07822091  	0.05371452  
2023-11-03 16:43:21.327: Find a better model.
2023-11-03 16:43:33.762: [iter 35 : loss : 0.4712 = 0.1451 + 0.3220 + 0.0024 + 0.0016, time: 12.420015]
2023-11-03 16:43:34.461: epoch 35:	0.01993605  	0.07895766  	0.05427352  
2023-11-03 16:43:34.461: Find a better model.
2023-11-03 16:43:46.781: [iter 36 : loss : 0.4680 = 0.1425 + 0.3214 + 0.0025 + 0.0016, time: 12.297822]
2023-11-03 16:43:47.403: epoch 36:	0.01992344  	0.07851464  	0.05426178  
2023-11-03 16:43:59.805: [iter 37 : loss : 0.4652 = 0.1401 + 0.3210 + 0.0025 + 0.0016, time: 12.387652]
2023-11-03 16:44:00.468: epoch 37:	0.02018202  	0.08001385  	0.05502546  
2023-11-03 16:44:00.468: Find a better model.
2023-11-03 16:44:13.087: [iter 38 : loss : 0.4630 = 0.1383 + 0.3205 + 0.0026 + 0.0016, time: 12.601775]
2023-11-03 16:44:13.769: epoch 38:	0.02045321  	0.08122672  	0.05555406  
2023-11-03 16:44:13.769: Find a better model.
2023-11-03 16:44:26.433: [iter 39 : loss : 0.4588 = 0.1347 + 0.3198 + 0.0027 + 0.0016, time: 12.645432]
2023-11-03 16:44:27.041: epoch 39:	0.02047845  	0.08138419  	0.05590083  
2023-11-03 16:44:27.042: Find a better model.
2023-11-03 16:44:39.688: [iter 40 : loss : 0.4572 = 0.1337 + 0.3192 + 0.0027 + 0.0016, time: 12.631881]
2023-11-03 16:44:40.359: epoch 40:	0.02070550  	0.08248749  	0.05629903  
2023-11-03 16:44:40.359: Find a better model.
2023-11-03 16:44:52.995: [iter 41 : loss : 0.4540 = 0.1309 + 0.3187 + 0.0028 + 0.0016, time: 12.615057]
2023-11-03 16:44:53.672: epoch 41:	0.02075595  	0.08272327  	0.05648196  
2023-11-03 16:44:53.672: Find a better model.
2023-11-03 16:45:05.993: [iter 42 : loss : 0.4516 = 0.1288 + 0.3184 + 0.0028 + 0.0016, time: 12.303432]
2023-11-03 16:45:06.576: epoch 42:	0.02085056  	0.08302557  	0.05681890  
2023-11-03 16:45:06.576: Find a better model.
2023-11-03 16:45:18.944: [iter 43 : loss : 0.4491 = 0.1269 + 0.3177 + 0.0029 + 0.0016, time: 12.347829]
2023-11-03 16:45:19.618: epoch 43:	0.02087579  	0.08311742  	0.05702413  
2023-11-03 16:45:19.618: Find a better model.
2023-11-03 16:45:31.549: [iter 44 : loss : 0.4473 = 0.1254 + 0.3174 + 0.0030 + 0.0016, time: 11.912422]
2023-11-03 16:45:32.182: epoch 44:	0.02101455  	0.08375289  	0.05767539  
2023-11-03 16:45:32.182: Find a better model.
2023-11-03 16:45:44.693: [iter 45 : loss : 0.4442 = 0.1228 + 0.3168 + 0.0030 + 0.0016, time: 12.489204]
2023-11-03 16:45:45.374: epoch 45:	0.02117853  	0.08461564  	0.05789462  
2023-11-03 16:45:45.374: Find a better model.
2023-11-03 16:45:57.800: [iter 46 : loss : 0.4418 = 0.1209 + 0.3163 + 0.0031 + 0.0016, time: 12.405024]
2023-11-03 16:45:58.451: epoch 46:	0.02133620  	0.08513270  	0.05825999  
2023-11-03 16:45:58.451: Find a better model.
2023-11-03 16:46:10.899: [iter 47 : loss : 0.4404 = 0.1198 + 0.3159 + 0.0031 + 0.0016, time: 12.431205]
2023-11-03 16:46:11.588: epoch 47:	0.02154433  	0.08576233  	0.05866505  
2023-11-03 16:46:11.588: Find a better model.
2023-11-03 16:46:24.082: [iter 48 : loss : 0.4376 = 0.1172 + 0.3156 + 0.0032 + 0.0016, time: 12.472826]
2023-11-03 16:46:24.748: epoch 48:	0.02164524  	0.08648831  	0.05920751  
2023-11-03 16:46:24.748: Find a better model.
2023-11-03 16:46:37.323: [iter 49 : loss : 0.4352 = 0.1154 + 0.3150 + 0.0033 + 0.0016, time: 12.553280]
2023-11-03 16:46:38.006: epoch 49:	0.02164524  	0.08631395  	0.05916443  
2023-11-03 16:46:50.560: [iter 50 : loss : 0.4326 = 0.1133 + 0.3144 + 0.0033 + 0.0016, time: 12.533440]
2023-11-03 16:46:51.220: epoch 50:	0.02184075  	0.08694877  	0.05956806  
2023-11-03 16:46:51.220: Find a better model.
2023-11-03 16:47:03.732: [iter 51 : loss : 0.4315 = 0.1126 + 0.3140 + 0.0034 + 0.0016, time: 12.495335]
2023-11-03 16:47:04.401: epoch 51:	0.02196058  	0.08724112  	0.05984033  
2023-11-03 16:47:04.401: Find a better model.
2023-11-03 16:47:16.941: [iter 52 : loss : 0.4295 = 0.1109 + 0.3136 + 0.0034 + 0.0015, time: 12.522966]
2023-11-03 16:47:17.615: epoch 52:	0.02201734  	0.08768123  	0.06019216  
2023-11-03 16:47:17.615: Find a better model.
2023-11-03 16:47:30.116: [iter 53 : loss : 0.4275 = 0.1093 + 0.3132 + 0.0035 + 0.0015, time: 12.480340]
2023-11-03 16:47:30.790: epoch 53:	0.02203627  	0.08774935  	0.06037796  
2023-11-03 16:47:30.791: Find a better model.
2023-11-03 16:47:43.306: [iter 54 : loss : 0.4256 = 0.1078 + 0.3127 + 0.0036 + 0.0015, time: 12.495201]
2023-11-03 16:47:43.978: epoch 54:	0.02227593  	0.08880977  	0.06090739  
2023-11-03 16:47:43.978: Find a better model.
2023-11-03 16:47:56.664: [iter 55 : loss : 0.4227 = 0.1050 + 0.3125 + 0.0036 + 0.0015, time: 12.671687]
2023-11-03 16:47:57.305: epoch 55:	0.02235162  	0.08922182  	0.06138523  
2023-11-03 16:47:57.305: Find a better model.
2023-11-03 16:48:10.160: [iter 56 : loss : 0.4217 = 0.1044 + 0.3120 + 0.0037 + 0.0015, time: 12.837660]
2023-11-03 16:48:10.769: epoch 56:	0.02249668  	0.08981206  	0.06157279  
2023-11-03 16:48:10.770: Find a better model.
2023-11-03 16:48:23.422: [iter 57 : loss : 0.4205 = 0.1038 + 0.3115 + 0.0037 + 0.0015, time: 12.635663]
2023-11-03 16:48:24.099: epoch 57:	0.02264174  	0.09032996  	0.06186012  
2023-11-03 16:48:24.100: Find a better model.
2023-11-03 16:48:36.987: [iter 58 : loss : 0.4169 = 0.1008 + 0.3108 + 0.0038 + 0.0015, time: 12.868332]
2023-11-03 16:48:37.652: epoch 58:	0.02279311  	0.09098576  	0.06189907  
2023-11-03 16:48:37.652: Find a better model.
2023-11-03 16:48:50.428: [iter 59 : loss : 0.4165 = 0.1005 + 0.3106 + 0.0038 + 0.0015, time: 12.753887]
2023-11-03 16:48:51.092: epoch 59:	0.02294448  	0.09178033  	0.06245464  
2023-11-03 16:48:51.093: Find a better model.
2023-11-03 16:49:03.632: [iter 60 : loss : 0.4155 = 0.0998 + 0.3103 + 0.0039 + 0.0015, time: 12.521037]
2023-11-03 16:49:04.316: epoch 60:	0.02298863  	0.09169204  	0.06252648  
2023-11-03 16:49:16.990: [iter 61 : loss : 0.4128 = 0.0974 + 0.3099 + 0.0040 + 0.0015, time: 12.652200]
2023-11-03 16:49:17.676: epoch 61:	0.02322829  	0.09253670  	0.06288678  
2023-11-03 16:49:17.676: Find a better model.
2023-11-03 16:49:30.541: [iter 62 : loss : 0.4111 = 0.0963 + 0.3093 + 0.0040 + 0.0015, time: 12.845197]
2023-11-03 16:49:31.222: epoch 62:	0.02325982  	0.09274228  	0.06328808  
2023-11-03 16:49:31.222: Find a better model.
2023-11-03 16:49:43.770: [iter 63 : loss : 0.4104 = 0.0961 + 0.3088 + 0.0041 + 0.0015, time: 12.526841]
2023-11-03 16:49:44.444: epoch 63:	0.02327244  	0.09297074  	0.06339312  
2023-11-03 16:49:44.444: Find a better model.
2023-11-03 16:49:56.937: [iter 64 : loss : 0.4079 = 0.0937 + 0.3086 + 0.0041 + 0.0015, time: 12.473418]
2023-11-03 16:49:57.616: epoch 64:	0.02339858  	0.09353369  	0.06381772  
2023-11-03 16:49:57.616: Find a better model.
2023-11-03 16:50:10.382: [iter 65 : loss : 0.4056 = 0.0915 + 0.3084 + 0.0042 + 0.0015, time: 12.749351]
2023-11-03 16:50:11.036: epoch 65:	0.02361932  	0.09452675  	0.06435549  
2023-11-03 16:50:11.036: Find a better model.
2023-11-03 16:50:23.452: [iter 66 : loss : 0.4046 = 0.0912 + 0.3077 + 0.0042 + 0.0015, time: 12.398909]
2023-11-03 16:50:24.127: epoch 66:	0.02375177  	0.09495471  	0.06461014  
2023-11-03 16:50:24.127: Find a better model.
2023-11-03 16:50:36.688: [iter 67 : loss : 0.4045 = 0.0912 + 0.3075 + 0.0043 + 0.0015, time: 12.544415]
2023-11-03 16:50:37.319: epoch 67:	0.02380854  	0.09514794  	0.06477011  
2023-11-03 16:50:37.320: Find a better model.
2023-11-03 16:50:49.910: [iter 68 : loss : 0.4027 = 0.0900 + 0.3069 + 0.0044 + 0.0015, time: 12.571783]
2023-11-03 16:50:50.525: epoch 68:	0.02391575  	0.09546749  	0.06504989  
2023-11-03 16:50:50.525: Find a better model.
2023-11-03 16:51:03.007: [iter 69 : loss : 0.4010 = 0.0883 + 0.3068 + 0.0044 + 0.0015, time: 12.467540]
2023-11-03 16:51:03.694: epoch 69:	0.02391575  	0.09532826  	0.06531195  
2023-11-03 16:51:16.013: [iter 70 : loss : 0.4004 = 0.0884 + 0.3060 + 0.0045 + 0.0015, time: 12.299027]
2023-11-03 16:51:16.675: epoch 70:	0.02410497  	0.09644360  	0.06560601  
2023-11-03 16:51:16.675: Find a better model.
2023-11-03 16:51:29.195: [iter 71 : loss : 0.3981 = 0.0861 + 0.3059 + 0.0045 + 0.0015, time: 12.505292]
2023-11-03 16:51:29.861: epoch 71:	0.02415543  	0.09671092  	0.06618974  
2023-11-03 16:51:29.861: Find a better model.
2023-11-03 16:51:42.286: [iter 72 : loss : 0.3971 = 0.0854 + 0.3056 + 0.0046 + 0.0015, time: 12.410125]
2023-11-03 16:51:42.978: epoch 72:	0.02430680  	0.09727493  	0.06638304  
2023-11-03 16:51:42.978: Find a better model.
2023-11-03 16:51:55.517: [iter 73 : loss : 0.3956 = 0.0842 + 0.3052 + 0.0046 + 0.0015, time: 12.520240]
2023-11-03 16:51:56.205: epoch 73:	0.02444556  	0.09798314  	0.06664521  
2023-11-03 16:51:56.205: Find a better model.
2023-11-03 16:52:09.041: [iter 74 : loss : 0.3946 = 0.0838 + 0.3046 + 0.0047 + 0.0015, time: 12.807287]
2023-11-03 16:52:09.672: epoch 74:	0.02454016  	0.09829084  	0.06690970  
2023-11-03 16:52:09.672: Find a better model.
2023-11-03 16:52:22.162: [iter 75 : loss : 0.3924 = 0.0818 + 0.3043 + 0.0047 + 0.0015, time: 12.470982]
2023-11-03 16:52:22.846: epoch 75:	0.02462845  	0.09872594  	0.06712132  
2023-11-03 16:52:22.847: Find a better model.
2023-11-03 16:52:35.197: [iter 76 : loss : 0.3931 = 0.0827 + 0.3041 + 0.0048 + 0.0015, time: 12.332490]
2023-11-03 16:52:35.860: epoch 76:	0.02464738  	0.09909030  	0.06731279  
2023-11-03 16:52:35.860: Find a better model.
2023-11-03 16:52:48.218: [iter 77 : loss : 0.3906 = 0.0805 + 0.3038 + 0.0049 + 0.0015, time: 12.341136]
2023-11-03 16:52:48.869: epoch 77:	0.02476090  	0.09960781  	0.06734753  
2023-11-03 16:52:48.869: Find a better model.
2023-11-03 16:53:01.460: [iter 78 : loss : 0.3891 = 0.0796 + 0.3031 + 0.0049 + 0.0015, time: 12.573863]
2023-11-03 16:53:02.140: epoch 78:	0.02475459  	0.09940964  	0.06704797  
2023-11-03 16:53:14.650: [iter 79 : loss : 0.3890 = 0.0796 + 0.3029 + 0.0050 + 0.0015, time: 12.488256]
2023-11-03 16:53:15.322: epoch 79:	0.02494380  	0.10001709  	0.06761627  
2023-11-03 16:53:15.322: Find a better model.
2023-11-03 16:53:28.006: [iter 80 : loss : 0.3867 = 0.0777 + 0.3025 + 0.0050 + 0.0015, time: 12.664239]
2023-11-03 16:53:28.649: epoch 80:	0.02508256  	0.10080932  	0.06805519  
2023-11-03 16:53:28.649: Find a better model.
2023-11-03 16:53:41.071: [iter 81 : loss : 0.3862 = 0.0775 + 0.3021 + 0.0051 + 0.0015, time: 12.406269]
2023-11-03 16:53:41.706: epoch 81:	0.02518347  	0.10126386  	0.06841508  
2023-11-03 16:53:41.706: Find a better model.
2023-11-03 16:53:54.306: [iter 82 : loss : 0.3860 = 0.0777 + 0.3017 + 0.0051 + 0.0015, time: 12.585844]
2023-11-03 16:53:54.975: epoch 82:	0.02537898  	0.10205375  	0.06877990  
2023-11-03 16:53:54.976: Find a better model.
2023-11-03 16:54:07.624: [iter 83 : loss : 0.3828 = 0.0749 + 0.3012 + 0.0052 + 0.0015, time: 12.632523]
2023-11-03 16:54:08.286: epoch 83:	0.02546728  	0.10241030  	0.06880833  
2023-11-03 16:54:08.286: Find a better model.
2023-11-03 16:54:20.928: [iter 84 : loss : 0.3819 = 0.0743 + 0.3009 + 0.0053 + 0.0015, time: 12.619577]
2023-11-03 16:54:21.591: epoch 84:	0.02578264  	0.10361762  	0.06957139  
2023-11-03 16:54:21.591: Find a better model.
2023-11-03 16:54:33.955: [iter 85 : loss : 0.3811 = 0.0737 + 0.3006 + 0.0053 + 0.0015, time: 12.346686]
2023-11-03 16:54:34.604: epoch 85:	0.02580156  	0.10370679  	0.06977113  
2023-11-03 16:54:34.604: Find a better model.
2023-11-03 16:54:47.207: [iter 86 : loss : 0.3802 = 0.0733 + 0.3000 + 0.0054 + 0.0015, time: 12.590825]
2023-11-03 16:54:47.886: epoch 86:	0.02601600  	0.10484858  	0.07016291  
2023-11-03 16:54:47.886: Find a better model.
2023-11-03 16:55:00.397: [iter 87 : loss : 0.3796 = 0.0729 + 0.2999 + 0.0054 + 0.0015, time: 12.484233]
2023-11-03 16:55:01.078: epoch 87:	0.02592770  	0.10479847  	0.07008863  
2023-11-03 16:55:13.772: [iter 88 : loss : 0.3785 = 0.0721 + 0.2994 + 0.0055 + 0.0015, time: 12.672045]
2023-11-03 16:55:14.422: epoch 88:	0.02612952  	0.10552739  	0.07058626  
2023-11-03 16:55:14.423: Find a better model.
2023-11-03 16:55:26.999: [iter 89 : loss : 0.3775 = 0.0712 + 0.2993 + 0.0055 + 0.0015, time: 12.557652]
2023-11-03 16:55:27.667: epoch 89:	0.02627459  	0.10638843  	0.07099237  
2023-11-03 16:55:27.667: Find a better model.
2023-11-03 16:55:40.174: [iter 90 : loss : 0.3765 = 0.0706 + 0.2988 + 0.0056 + 0.0015, time: 12.489730]
2023-11-03 16:55:40.839: epoch 90:	0.02643227  	0.10680068  	0.07131688  
2023-11-03 16:55:40.839: Find a better model.
2023-11-03 16:55:53.392: [iter 91 : loss : 0.3756 = 0.0700 + 0.2985 + 0.0056 + 0.0015, time: 12.532617]
2023-11-03 16:55:54.061: epoch 91:	0.02653948  	0.10744197  	0.07161074  
2023-11-03 16:55:54.061: Find a better model.
2023-11-03 16:56:06.537: [iter 92 : loss : 0.3753 = 0.0701 + 0.2980 + 0.0057 + 0.0015, time: 12.457870]
2023-11-03 16:56:07.190: epoch 92:	0.02655840  	0.10735572  	0.07179969  
2023-11-03 16:56:19.753: [iter 93 : loss : 0.3736 = 0.0682 + 0.2981 + 0.0058 + 0.0015, time: 12.549717]
2023-11-03 16:56:20.411: epoch 93:	0.02660886  	0.10770754  	0.07189415  
2023-11-03 16:56:20.411: Find a better model.
2023-11-03 16:56:32.990: [iter 94 : loss : 0.3735 = 0.0686 + 0.2977 + 0.0058 + 0.0015, time: 12.562679]
2023-11-03 16:56:33.650: epoch 94:	0.02670346  	0.10808291  	0.07223700  
2023-11-03 16:56:33.651: Find a better model.
2023-11-03 16:56:46.056: [iter 95 : loss : 0.3720 = 0.0675 + 0.2972 + 0.0059 + 0.0015, time: 12.387447]
2023-11-03 16:56:46.725: epoch 95:	0.02674761  	0.10831884  	0.07241910  
2023-11-03 16:56:46.725: Find a better model.
2023-11-03 16:56:59.337: [iter 96 : loss : 0.3712 = 0.0668 + 0.2970 + 0.0059 + 0.0015, time: 12.593620]
2023-11-03 16:57:00.017: epoch 96:	0.02689267  	0.10881322  	0.07246258  
2023-11-03 16:57:00.017: Find a better model.
2023-11-03 16:57:12.741: [iter 97 : loss : 0.3690 = 0.0650 + 0.2966 + 0.0060 + 0.0015, time: 12.703310]
2023-11-03 16:57:13.406: epoch 97:	0.02697465  	0.10903662  	0.07275451  
2023-11-03 16:57:13.407: Find a better model.
2023-11-03 16:57:25.724: [iter 98 : loss : 0.3690 = 0.0655 + 0.2961 + 0.0060 + 0.0015, time: 12.301216]
2023-11-03 16:57:26.356: epoch 98:	0.02706295  	0.10948902  	0.07313105  
2023-11-03 16:57:26.356: Find a better model.
2023-11-03 16:57:38.847: [iter 99 : loss : 0.3679 = 0.0644 + 0.2959 + 0.0061 + 0.0015, time: 12.479076]
2023-11-03 16:57:39.478: epoch 99:	0.02720802  	0.11022255  	0.07338744  
2023-11-03 16:57:39.478: Find a better model.
2023-11-03 16:57:52.033: [iter 100 : loss : 0.3672 = 0.0641 + 0.2955 + 0.0061 + 0.0015, time: 12.535856]
2023-11-03 16:57:52.703: epoch 100:	0.02722694  	0.11020386  	0.07332765  
2023-11-03 16:58:05.262: [iter 101 : loss : 0.3678 = 0.0650 + 0.2952 + 0.0062 + 0.0015, time: 12.544616]
2023-11-03 16:58:05.916: epoch 101:	0.02720171  	0.11021694  	0.07345530  
2023-11-03 16:58:18.512: [iter 102 : loss : 0.3672 = 0.0646 + 0.2948 + 0.0062 + 0.0015, time: 12.580165]
2023-11-03 16:58:19.209: epoch 102:	0.02734677  	0.11102579  	0.07383679  
2023-11-03 16:58:19.210: Find a better model.
2023-11-03 16:58:31.872: [iter 103 : loss : 0.3656 = 0.0633 + 0.2946 + 0.0063 + 0.0014, time: 12.637197]
2023-11-03 16:58:32.547: epoch 103:	0.02744769  	0.11131698  	0.07395179  
2023-11-03 16:58:32.547: Find a better model.
2023-11-03 16:58:44.982: [iter 104 : loss : 0.3640 = 0.0620 + 0.2941 + 0.0064 + 0.0014, time: 12.417898]
2023-11-03 16:58:45.613: epoch 104:	0.02740355  	0.11092881  	0.07398915  
2023-11-03 16:58:58.053: [iter 105 : loss : 0.3631 = 0.0612 + 0.2940 + 0.0064 + 0.0014, time: 12.422482]
2023-11-03 16:58:58.712: epoch 105:	0.02746031  	0.11134794  	0.07429380  
2023-11-03 16:58:58.712: Find a better model.
2023-11-03 16:59:11.402: [iter 106 : loss : 0.3637 = 0.0622 + 0.2936 + 0.0065 + 0.0014, time: 12.672678]
2023-11-03 16:59:12.054: epoch 106:	0.02746662  	0.11126469  	0.07417627  
2023-11-03 16:59:24.665: [iter 107 : loss : 0.3621 = 0.0607 + 0.2934 + 0.0065 + 0.0014, time: 12.594027]
2023-11-03 16:59:25.291: epoch 107:	0.02758014  	0.11202195  	0.07456062  
2023-11-03 16:59:25.291: Find a better model.
2023-11-03 16:59:37.772: [iter 108 : loss : 0.3621 = 0.0610 + 0.2930 + 0.0066 + 0.0014, time: 12.463465]
2023-11-03 16:59:38.441: epoch 108:	0.02759275  	0.11186157  	0.07445434  
2023-11-03 16:59:51.048: [iter 109 : loss : 0.3596 = 0.0591 + 0.2925 + 0.0066 + 0.0014, time: 12.592462]
2023-11-03 16:59:51.684: epoch 109:	0.02763691  	0.11205615  	0.07461807  
2023-11-03 16:59:51.684: Find a better model.
2023-11-03 17:00:04.291: [iter 110 : loss : 0.3601 = 0.0597 + 0.2923 + 0.0067 + 0.0014, time: 12.591295]
2023-11-03 17:00:04.940: epoch 110:	0.02794594  	0.11310997  	0.07521177  
2023-11-03 17:00:04.940: Find a better model.
2023-11-03 17:00:17.523: [iter 111 : loss : 0.3578 = 0.0577 + 0.2920 + 0.0067 + 0.0014, time: 12.563277]
2023-11-03 17:00:18.195: epoch 111:	0.02785133  	0.11288708  	0.07504120  
2023-11-03 17:00:30.712: [iter 112 : loss : 0.3584 = 0.0585 + 0.2916 + 0.0068 + 0.0014, time: 12.499467]
2023-11-03 17:00:31.334: epoch 112:	0.02805947  	0.11353279  	0.07558581  
2023-11-03 17:00:31.334: Find a better model.
2023-11-03 17:00:43.812: [iter 113 : loss : 0.3564 = 0.0567 + 0.2914 + 0.0068 + 0.0014, time: 12.458989]
2023-11-03 17:00:44.472: epoch 113:	0.02803424  	0.11368941  	0.07566934  
2023-11-03 17:00:44.472: Find a better model.
2023-11-03 17:00:56.911: [iter 114 : loss : 0.3560 = 0.0569 + 0.2908 + 0.0069 + 0.0014, time: 12.422171]
2023-11-03 17:00:57.576: epoch 114:	0.02810992  	0.11400265  	0.07579453  
2023-11-03 17:00:57.576: Find a better model.
2023-11-03 17:01:10.247: [iter 115 : loss : 0.3566 = 0.0576 + 0.2907 + 0.0070 + 0.0014, time: 12.656354]
2023-11-03 17:01:10.863: epoch 115:	0.02807839  	0.11368915  	0.07587708  
2023-11-03 17:01:23.555: [iter 116 : loss : 0.3558 = 0.0571 + 0.2902 + 0.0070 + 0.0014, time: 12.678008]
2023-11-03 17:01:24.223: epoch 116:	0.02833697  	0.11487931  	0.07638706  
2023-11-03 17:01:24.223: Find a better model.
2023-11-03 17:01:36.856: [iter 117 : loss : 0.3545 = 0.0559 + 0.2902 + 0.0071 + 0.0014, time: 12.615830]
2023-11-03 17:01:37.535: epoch 117:	0.02836220  	0.11517659  	0.07644659  
2023-11-03 17:01:37.536: Find a better model.
2023-11-03 17:01:50.011: [iter 118 : loss : 0.3533 = 0.0550 + 0.2898 + 0.0071 + 0.0014, time: 12.459419]
2023-11-03 17:01:50.671: epoch 118:	0.02848835  	0.11565869  	0.07676507  
2023-11-03 17:01:50.671: Find a better model.
2023-11-03 17:02:03.270: [iter 119 : loss : 0.3542 = 0.0559 + 0.2897 + 0.0072 + 0.0014, time: 12.583180]
2023-11-03 17:02:03.919: epoch 119:	0.02845050  	0.11565974  	0.07671710  
2023-11-03 17:02:03.919: Find a better model.
2023-11-03 17:02:16.560: [iter 120 : loss : 0.3531 = 0.0553 + 0.2891 + 0.0072 + 0.0014, time: 12.625710]
2023-11-03 17:02:17.193: epoch 120:	0.02858925  	0.11613585  	0.07706014  
2023-11-03 17:02:17.193: Find a better model.
2023-11-03 17:02:29.930: [iter 121 : loss : 0.3527 = 0.0551 + 0.2889 + 0.0073 + 0.0014, time: 12.719363]
2023-11-03 17:02:30.599: epoch 121:	0.02863341  	0.11633383  	0.07713210  
2023-11-03 17:02:30.599: Find a better model.
2023-11-03 17:02:43.189: [iter 122 : loss : 0.3520 = 0.0547 + 0.2885 + 0.0073 + 0.0014, time: 12.574079]
2023-11-03 17:02:43.829: epoch 122:	0.02867755  	0.11673840  	0.07711413  
2023-11-03 17:02:43.829: Find a better model.
2023-11-03 17:02:56.404: [iter 123 : loss : 0.3509 = 0.0540 + 0.2881 + 0.0074 + 0.0014, time: 12.556671]
2023-11-03 17:02:57.066: epoch 123:	0.02871540  	0.11676044  	0.07743748  
2023-11-03 17:02:57.067: Find a better model.
2023-11-03 17:03:09.589: [iter 124 : loss : 0.3504 = 0.0536 + 0.2879 + 0.0074 + 0.0014, time: 12.503125]
2023-11-03 17:03:10.268: epoch 124:	0.02877217  	0.11703482  	0.07753403  
2023-11-03 17:03:10.268: Find a better model.
2023-11-03 17:03:22.816: [iter 125 : loss : 0.3509 = 0.0544 + 0.2876 + 0.0075 + 0.0014, time: 12.534121]
2023-11-03 17:03:23.464: epoch 125:	0.02877847  	0.11691449  	0.07760312  
2023-11-03 17:03:36.206: [iter 126 : loss : 0.3484 = 0.0521 + 0.2873 + 0.0076 + 0.0014, time: 12.726265]
2023-11-03 17:03:36.869: epoch 126:	0.02884784  	0.11746398  	0.07783942  
2023-11-03 17:03:36.869: Find a better model.
2023-11-03 17:03:49.516: [iter 127 : loss : 0.3477 = 0.0517 + 0.2870 + 0.0076 + 0.0014, time: 12.624605]
2023-11-03 17:03:50.174: epoch 127:	0.02887938  	0.11734730  	0.07782032  
2023-11-03 17:04:02.838: [iter 128 : loss : 0.3486 = 0.0527 + 0.2868 + 0.0077 + 0.0014, time: 12.647623]
2023-11-03 17:04:03.518: epoch 128:	0.02907490  	0.11795715  	0.07824547  
2023-11-03 17:04:03.518: Find a better model.
2023-11-03 17:04:16.178: [iter 129 : loss : 0.3480 = 0.0524 + 0.2865 + 0.0077 + 0.0014, time: 12.640790]
2023-11-03 17:04:16.851: epoch 129:	0.02908751  	0.11816443  	0.07847183  
2023-11-03 17:04:16.852: Find a better model.
2023-11-03 17:04:29.508: [iter 130 : loss : 0.3473 = 0.0519 + 0.2862 + 0.0078 + 0.0014, time: 12.642740]
2023-11-03 17:04:30.175: epoch 130:	0.02913165  	0.11845913  	0.07866909  
2023-11-03 17:04:30.176: Find a better model.
2023-11-03 17:04:42.771: [iter 131 : loss : 0.3452 = 0.0503 + 0.2857 + 0.0078 + 0.0014, time: 12.577895]
2023-11-03 17:04:43.438: epoch 131:	0.02906858  	0.11808044  	0.07879167  
2023-11-03 17:04:55.951: [iter 132 : loss : 0.3468 = 0.0519 + 0.2856 + 0.0079 + 0.0014, time: 12.495905]
2023-11-03 17:04:56.633: epoch 132:	0.02914428  	0.11861777  	0.07907503  
2023-11-03 17:04:56.633: Find a better model.
2023-11-03 17:05:09.188: [iter 133 : loss : 0.3457 = 0.0511 + 0.2853 + 0.0079 + 0.0014, time: 12.531802]
2023-11-03 17:05:09.810: epoch 133:	0.02916951  	0.11862966  	0.07906493  
2023-11-03 17:05:09.810: Find a better model.
2023-11-03 17:05:22.261: [iter 134 : loss : 0.3449 = 0.0507 + 0.2849 + 0.0080 + 0.0014, time: 12.430131]
2023-11-03 17:05:22.948: epoch 134:	0.02920105  	0.11898249  	0.07924557  
2023-11-03 17:05:22.948: Find a better model.
2023-11-03 17:05:35.613: [iter 135 : loss : 0.3445 = 0.0504 + 0.2847 + 0.0080 + 0.0014, time: 12.644814]
2023-11-03 17:05:36.266: epoch 135:	0.02925150  	0.11892615  	0.07959671  
2023-11-03 17:05:48.834: [iter 136 : loss : 0.3424 = 0.0487 + 0.2842 + 0.0081 + 0.0014, time: 12.551720]
2023-11-03 17:05:49.488: epoch 136:	0.02937763  	0.11955942  	0.07974977  
2023-11-03 17:05:49.488: Find a better model.
2023-11-03 17:06:01.855: [iter 137 : loss : 0.3435 = 0.0500 + 0.2840 + 0.0081 + 0.0014, time: 12.346882]
2023-11-03 17:06:02.556: epoch 137:	0.02932717  	0.11915059  	0.07963432  
2023-11-03 17:06:15.291: [iter 138 : loss : 0.3428 = 0.0494 + 0.2839 + 0.0082 + 0.0014, time: 12.720809]
2023-11-03 17:06:15.950: epoch 138:	0.02942177  	0.11955681  	0.07983644  
2023-11-03 17:06:28.459: [iter 139 : loss : 0.3421 = 0.0492 + 0.2833 + 0.0083 + 0.0014, time: 12.490627]
2023-11-03 17:06:29.128: epoch 139:	0.02960466  	0.12015250  	0.08010916  
2023-11-03 17:06:29.128: Find a better model.
2023-11-03 17:06:41.645: [iter 140 : loss : 0.3421 = 0.0494 + 0.2830 + 0.0083 + 0.0014, time: 12.497995]
2023-11-03 17:06:42.334: epoch 140:	0.02962989  	0.12057295  	0.08023854  
2023-11-03 17:06:42.334: Find a better model.
2023-11-03 17:06:55.004: [iter 141 : loss : 0.3413 = 0.0489 + 0.2827 + 0.0084 + 0.0014, time: 12.653510]
2023-11-03 17:06:55.663: epoch 141:	0.02981279  	0.12141257  	0.08085623  
2023-11-03 17:06:55.663: Find a better model.
2023-11-03 17:07:08.319: [iter 142 : loss : 0.3406 = 0.0481 + 0.2827 + 0.0084 + 0.0014, time: 12.638828]
2023-11-03 17:07:08.999: epoch 142:	0.02972449  	0.12124328  	0.08073753  
2023-11-03 17:07:21.689: [iter 143 : loss : 0.3407 = 0.0487 + 0.2822 + 0.0085 + 0.0014, time: 12.673096]
2023-11-03 17:07:22.299: epoch 143:	0.02973711  	0.12117966  	0.08080672  
2023-11-03 17:07:34.767: [iter 144 : loss : 0.3396 = 0.0477 + 0.2820 + 0.0085 + 0.0014, time: 12.451581]
2023-11-03 17:07:35.436: epoch 144:	0.02988847  	0.12166299  	0.08121499  
2023-11-03 17:07:35.436: Find a better model.
2023-11-03 17:07:48.122: [iter 145 : loss : 0.3387 = 0.0471 + 0.2817 + 0.0086 + 0.0014, time: 12.668203]
2023-11-03 17:07:48.807: epoch 145:	0.02987585  	0.12117290  	0.08119716  
2023-11-03 17:08:01.208: [iter 146 : loss : 0.3390 = 0.0476 + 0.2814 + 0.0086 + 0.0014, time: 12.380246]
2023-11-03 17:08:01.862: epoch 146:	0.02997676  	0.12179430  	0.08138157  
2023-11-03 17:08:01.862: Find a better model.
2023-11-03 17:08:14.315: [iter 147 : loss : 0.3388 = 0.0477 + 0.2810 + 0.0087 + 0.0014, time: 12.436394]
2023-11-03 17:08:14.953: epoch 147:	0.02997677  	0.12157638  	0.08140773  
2023-11-03 17:08:27.343: [iter 148 : loss : 0.3380 = 0.0472 + 0.2806 + 0.0087 + 0.0014, time: 12.376904]
2023-11-03 17:08:27.994: epoch 148:	0.03007136  	0.12209798  	0.08163152  
2023-11-03 17:08:27.995: Find a better model.
2023-11-03 17:08:40.505: [iter 149 : loss : 0.3370 = 0.0462 + 0.2806 + 0.0088 + 0.0014, time: 12.495985]
2023-11-03 17:08:41.155: epoch 149:	0.02994524  	0.12184591  	0.08134320  
2023-11-03 17:08:53.834: [iter 150 : loss : 0.3375 = 0.0472 + 0.2801 + 0.0088 + 0.0014, time: 12.663786]
2023-11-03 17:08:54.466: epoch 150:	0.03003353  	0.12191461  	0.08161850  
2023-11-03 17:09:07.064: [iter 151 : loss : 0.3362 = 0.0461 + 0.2799 + 0.0089 + 0.0014, time: 12.579185]
2023-11-03 17:09:07.731: epoch 151:	0.03009029  	0.12208118  	0.08173726  
2023-11-03 17:09:20.433: [iter 152 : loss : 0.3359 = 0.0460 + 0.2796 + 0.0089 + 0.0014, time: 12.682993]
2023-11-03 17:09:21.103: epoch 152:	0.03023534  	0.12270316  	0.08194957  
2023-11-03 17:09:21.103: Find a better model.
2023-11-03 17:09:33.768: [iter 153 : loss : 0.3349 = 0.0454 + 0.2792 + 0.0090 + 0.0014, time: 12.648529]
2023-11-03 17:09:34.445: epoch 153:	0.03021012  	0.12271963  	0.08202004  
2023-11-03 17:09:34.445: Find a better model.
2023-11-03 17:09:46.869: [iter 154 : loss : 0.3362 = 0.0468 + 0.2790 + 0.0091 + 0.0014, time: 12.407606]
2023-11-03 17:09:47.474: epoch 154:	0.03031734  	0.12323444  	0.08220046  
2023-11-03 17:09:47.474: Find a better model.
2023-11-03 17:10:00.022: [iter 155 : loss : 0.3339 = 0.0447 + 0.2787 + 0.0091 + 0.0014, time: 12.532126]
2023-11-03 17:10:00.654: epoch 155:	0.03033627  	0.12334798  	0.08208666  
2023-11-03 17:10:00.654: Find a better model.
2023-11-03 17:10:12.971: [iter 156 : loss : 0.3338 = 0.0446 + 0.2787 + 0.0092 + 0.0014, time: 12.302106]
2023-11-03 17:10:13.623: epoch 156:	0.03052547  	0.12403421  	0.08242150  
2023-11-03 17:10:13.624: Find a better model.
2023-11-03 17:10:26.225: [iter 157 : loss : 0.3330 = 0.0441 + 0.2783 + 0.0092 + 0.0014, time: 12.584434]
2023-11-03 17:10:26.841: epoch 157:	0.03040564  	0.12333550  	0.08222412  
2023-11-03 17:10:39.299: [iter 158 : loss : 0.3335 = 0.0448 + 0.2781 + 0.0093 + 0.0014, time: 12.434446]
2023-11-03 17:10:39.949: epoch 158:	0.03058224  	0.12387789  	0.08268935  
2023-11-03 17:10:52.521: [iter 159 : loss : 0.3329 = 0.0445 + 0.2777 + 0.0093 + 0.0014, time: 12.550150]
2023-11-03 17:10:53.180: epoch 159:	0.03071469  	0.12463035  	0.08288579  
2023-11-03 17:10:53.180: Find a better model.
2023-11-03 17:11:05.865: [iter 160 : loss : 0.3319 = 0.0438 + 0.2773 + 0.0094 + 0.0014, time: 12.670117]
2023-11-03 17:11:06.526: epoch 160:	0.03077776  	0.12497083  	0.08301470  
2023-11-03 17:11:06.526: Find a better model.
2023-11-03 17:11:19.043: [iter 161 : loss : 0.3321 = 0.0442 + 0.2772 + 0.0094 + 0.0014, time: 12.497711]
2023-11-03 17:11:19.689: epoch 161:	0.03075254  	0.12523815  	0.08300896  
2023-11-03 17:11:19.690: Find a better model.
2023-11-03 17:11:32.093: [iter 162 : loss : 0.3314 = 0.0436 + 0.2769 + 0.0095 + 0.0014, time: 12.379024]
2023-11-03 17:11:32.777: epoch 162:	0.03080299  	0.12541716  	0.08309200  
2023-11-03 17:11:32.777: Find a better model.
2023-11-03 17:11:45.367: [iter 163 : loss : 0.3313 = 0.0436 + 0.2768 + 0.0095 + 0.0014, time: 12.565234]
2023-11-03 17:11:46.013: epoch 163:	0.03092915  	0.12568754  	0.08342171  
2023-11-03 17:11:46.013: Find a better model.
2023-11-03 17:11:58.595: [iter 164 : loss : 0.3308 = 0.0435 + 0.2764 + 0.0096 + 0.0014, time: 12.568644]
2023-11-03 17:11:59.256: epoch 164:	0.03097330  	0.12587836  	0.08344819  
2023-11-03 17:11:59.257: Find a better model.
2023-11-03 17:12:11.940: [iter 165 : loss : 0.3304 = 0.0436 + 0.2758 + 0.0096 + 0.0014, time: 12.666735]
2023-11-03 17:12:12.603: epoch 165:	0.03112466  	0.12647584  	0.08399483  
2023-11-03 17:12:12.603: Find a better model.
2023-11-03 17:12:25.021: [iter 166 : loss : 0.3300 = 0.0430 + 0.2759 + 0.0097 + 0.0014, time: 12.402489]
2023-11-03 17:12:25.704: epoch 166:	0.03109312  	0.12676705  	0.08406262  
2023-11-03 17:12:25.704: Find a better model.
2023-11-03 17:12:38.428: [iter 167 : loss : 0.3286 = 0.0422 + 0.2753 + 0.0098 + 0.0014, time: 12.702840]
2023-11-03 17:12:39.099: epoch 167:	0.03107420  	0.12644799  	0.08382051  
2023-11-03 17:12:51.771: [iter 168 : loss : 0.3286 = 0.0425 + 0.2749 + 0.0098 + 0.0014, time: 12.652493]
2023-11-03 17:12:52.445: epoch 168:	0.03125710  	0.12715057  	0.08433574  
2023-11-03 17:12:52.445: Find a better model.
2023-11-03 17:13:05.049: [iter 169 : loss : 0.3295 = 0.0435 + 0.2748 + 0.0098 + 0.0014, time: 12.590672]
2023-11-03 17:13:05.692: epoch 169:	0.03118772  	0.12686774  	0.08415097  
2023-11-03 17:13:18.370: [iter 170 : loss : 0.3287 = 0.0426 + 0.2749 + 0.0099 + 0.0013, time: 12.661264]
2023-11-03 17:13:19.002: epoch 170:	0.03120665  	0.12713176  	0.08438178  
2023-11-03 17:13:31.559: [iter 171 : loss : 0.3278 = 0.0421 + 0.2744 + 0.0100 + 0.0013, time: 12.541271]
2023-11-03 17:13:32.253: epoch 171:	0.03130755  	0.12749393  	0.08471409  
2023-11-03 17:13:32.253: Find a better model.
2023-11-03 17:13:44.770: [iter 172 : loss : 0.3264 = 0.0411 + 0.2740 + 0.0100 + 0.0013, time: 12.492873]
2023-11-03 17:13:45.428: epoch 172:	0.03123816  	0.12740207  	0.08466547  
2023-11-03 17:13:58.103: [iter 173 : loss : 0.3276 = 0.0424 + 0.2738 + 0.0101 + 0.0013, time: 12.661463]
2023-11-03 17:13:58.762: epoch 173:	0.03132015  	0.12767431  	0.08500975  
2023-11-03 17:13:58.762: Find a better model.
2023-11-03 17:14:11.185: [iter 174 : loss : 0.3267 = 0.0417 + 0.2736 + 0.0101 + 0.0013, time: 12.405422]
2023-11-03 17:14:11.830: epoch 174:	0.03152197  	0.12864624  	0.08535617  
2023-11-03 17:14:11.830: Find a better model.
2023-11-03 17:14:24.430: [iter 175 : loss : 0.3267 = 0.0419 + 0.2733 + 0.0102 + 0.0013, time: 12.576193]
2023-11-03 17:14:25.094: epoch 175:	0.03138322  	0.12805481  	0.08511733  
2023-11-03 17:14:37.679: [iter 176 : loss : 0.3258 = 0.0412 + 0.2730 + 0.0102 + 0.0013, time: 12.567641]
2023-11-03 17:14:38.332: epoch 176:	0.03143368  	0.12801187  	0.08517500  
2023-11-03 17:14:50.749: [iter 177 : loss : 0.3260 = 0.0417 + 0.2726 + 0.0103 + 0.0013, time: 12.402838]
2023-11-03 17:14:51.415: epoch 177:	0.03162920  	0.12871535  	0.08556724  
2023-11-03 17:14:51.415: Find a better model.
2023-11-03 17:15:04.035: [iter 178 : loss : 0.3250 = 0.0409 + 0.2724 + 0.0103 + 0.0013, time: 12.603662]
2023-11-03 17:15:04.700: epoch 178:	0.03150937  	0.12847893  	0.08543296  
2023-11-03 17:15:17.200: [iter 179 : loss : 0.3248 = 0.0411 + 0.2720 + 0.0104 + 0.0013, time: 12.484076]
2023-11-03 17:15:17.867: epoch 179:	0.03153460  	0.12845713  	0.08556537  
2023-11-03 17:15:30.260: [iter 180 : loss : 0.3252 = 0.0416 + 0.2719 + 0.0104 + 0.0013, time: 12.376236]
2023-11-03 17:15:30.922: epoch 180:	0.03169858  	0.12891896  	0.08567632  
2023-11-03 17:15:30.922: Find a better model.
2023-11-03 17:15:43.418: [iter 181 : loss : 0.3258 = 0.0423 + 0.2716 + 0.0105 + 0.0013, time: 12.475284]
2023-11-03 17:15:44.051: epoch 181:	0.03159136  	0.12875451  	0.08591585  
2023-11-03 17:15:56.615: [iter 182 : loss : 0.3234 = 0.0403 + 0.2713 + 0.0105 + 0.0013, time: 12.546597]
2023-11-03 17:15:57.231: epoch 182:	0.03166073  	0.12904917  	0.08598466  
2023-11-03 17:15:57.232: Find a better model.
2023-11-03 17:16:09.623: [iter 183 : loss : 0.3232 = 0.0399 + 0.2713 + 0.0106 + 0.0013, time: 12.371464]
2023-11-03 17:16:10.280: epoch 183:	0.03165443  	0.12907027  	0.08589425  
2023-11-03 17:16:10.280: Find a better model.
2023-11-03 17:16:22.931: [iter 184 : loss : 0.3230 = 0.0400 + 0.2709 + 0.0106 + 0.0013, time: 12.635723]
2023-11-03 17:16:23.579: epoch 184:	0.03179318  	0.12963852  	0.08606033  
2023-11-03 17:16:23.579: Find a better model.
2023-11-03 17:16:35.921: [iter 185 : loss : 0.3222 = 0.0395 + 0.2707 + 0.0107 + 0.0013, time: 12.324795]
2023-11-03 17:16:36.583: epoch 185:	0.03178687  	0.12940091  	0.08610293  
2023-11-03 17:16:49.060: [iter 186 : loss : 0.3228 = 0.0403 + 0.2704 + 0.0107 + 0.0013, time: 12.459444]
2023-11-03 17:16:49.717: epoch 186:	0.03191933  	0.13010618  	0.08644251  
2023-11-03 17:16:49.717: Find a better model.
2023-11-03 17:17:02.316: [iter 187 : loss : 0.3222 = 0.0401 + 0.2699 + 0.0108 + 0.0013, time: 12.579567]
2023-11-03 17:17:02.967: epoch 187:	0.03190671  	0.13005757  	0.08645515  
2023-11-03 17:17:15.412: [iter 188 : loss : 0.3230 = 0.0409 + 0.2699 + 0.0109 + 0.0013, time: 12.427824]
2023-11-03 17:17:16.096: epoch 188:	0.03188779  	0.12967275  	0.08640757  
2023-11-03 17:17:28.733: [iter 189 : loss : 0.3214 = 0.0395 + 0.2697 + 0.0109 + 0.0013, time: 12.617304]
2023-11-03 17:17:29.390: epoch 189:	0.03179320  	0.12955226  	0.08639281  
2023-11-03 17:17:41.967: [iter 190 : loss : 0.3218 = 0.0402 + 0.2692 + 0.0110 + 0.0013, time: 12.560096]
2023-11-03 17:17:42.670: epoch 190:	0.03178058  	0.12978056  	0.08658373  
2023-11-03 17:17:55.349: [iter 191 : loss : 0.3203 = 0.0390 + 0.2689 + 0.0110 + 0.0013, time: 12.657758]
2023-11-03 17:17:56.038: epoch 191:	0.03185627  	0.13001692  	0.08683288  
2023-11-03 17:18:08.457: [iter 192 : loss : 0.3210 = 0.0400 + 0.2686 + 0.0111 + 0.0013, time: 12.394355]
2023-11-03 17:18:09.124: epoch 192:	0.03198241  	0.13045265  	0.08703367  
2023-11-03 17:18:09.124: Find a better model.
2023-11-03 17:18:21.837: [iter 193 : loss : 0.3202 = 0.0392 + 0.2685 + 0.0111 + 0.0013, time: 12.699447]
2023-11-03 17:18:22.494: epoch 193:	0.03209594  	0.13103004  	0.08736160  
2023-11-03 17:18:22.494: Find a better model.
2023-11-03 17:18:35.109: [iter 194 : loss : 0.3194 = 0.0386 + 0.2684 + 0.0112 + 0.0013, time: 12.595446]
2023-11-03 17:18:35.811: epoch 194:	0.03222837  	0.13133104  	0.08756480  
2023-11-03 17:18:35.811: Find a better model.
2023-11-03 17:18:48.195: [iter 195 : loss : 0.3190 = 0.0385 + 0.2679 + 0.0112 + 0.0013, time: 12.366919]
2023-11-03 17:18:48.850: epoch 195:	0.03219683  	0.13127446  	0.08741830  
2023-11-03 17:19:01.394: [iter 196 : loss : 0.3201 = 0.0398 + 0.2677 + 0.0113 + 0.0013, time: 12.526336]
2023-11-03 17:19:02.056: epoch 196:	0.03217791  	0.13113533  	0.08745703  
2023-11-03 17:19:14.468: [iter 197 : loss : 0.3187 = 0.0386 + 0.2675 + 0.0113 + 0.0013, time: 12.395596]
2023-11-03 17:19:15.108: epoch 197:	0.03225359  	0.13147335  	0.08747826  
2023-11-03 17:19:15.108: Find a better model.
2023-11-03 17:19:27.696: [iter 198 : loss : 0.3179 = 0.0381 + 0.2672 + 0.0114 + 0.0013, time: 12.573801]
2023-11-03 17:19:28.296: epoch 198:	0.03225989  	0.13133988  	0.08750060  
2023-11-03 17:19:41.048: [iter 199 : loss : 0.3174 = 0.0376 + 0.2670 + 0.0114 + 0.0013, time: 12.733670]
2023-11-03 17:19:41.706: epoch 199:	0.03224096  	0.13115010  	0.08738330  
2023-11-03 17:19:54.168: [iter 200 : loss : 0.3190 = 0.0397 + 0.2665 + 0.0115 + 0.0013, time: 12.444898]
2023-11-03 17:19:54.844: epoch 200:	0.03223467  	0.13115175  	0.08735815  
2023-11-03 17:19:54.844: best_result@epoch 197:

2023-11-03 17:19:54.850: 		0.0323      	0.1315      	0.0875      
