2023-11-03 12:11:42.292: my pid: 7738
2023-11-03 12:11:42.292: model: model.general_recommender.GNNEC
2023-11-03 12:11:42.292: Dataset statistics:
Name: amazon-book
The number of users: 7928
The number of items: 29346
The number of ratings: 460224
Average actions of users: 58.05
Average actions of items: 15.68
The sparsity of the dataset: 99.802186%

The number of training: 417417
The number of validation: 0
The number of testing: 42807
2023-11-03 12:11:42.292: NeuRec:[NeuRec]:
recommender=GNNEC
dataset=amazon-book
file_column=UI
sep=','
gpu_id=0
gpu_mem=0.99
metric=["Precision", "Recall", "NDCG"]
top_k=[20]
test_thread=8
test_batch_size=128
seed=2021
start_testing_epoch=0

GNNEC:[hyperparameters]:
mf_reg=1e-4
svd_q=5
aug_type=ND
reg=1e-4
embed_size=64
n_layers=2
ssl_reg=0
ssl_ratio=0.5
ssl_temp=0.2
ssl_mode=both_side
lr=1e-3
learner=adam
adj_type=pre
epochs=200
batch_size=2048
num_negatives=1
param_init=xavier_uniform
stddev=0.01
verbose=1
stop_cnt=10
pretrain_flag=0
save_flag=0

Command line:
recommender=GNNEC
dataset=amazon-book
epochs=200
n_layers=2
embed_size=64
batch_size=2048
lr=1e-3
aug_type=ND
reg=1e-4
ssl_reg=0
ssl_ratio=0.5
ssl_temp=0.2
mf_reg=1e-4
svd_q=5
2023-11-03 12:11:45.910: metrics:	Precision@20	Recall@20   	NDCG@20     
2023-11-03 12:11:59.211: [iter 1 : loss : 0.6178 = 0.6164 + -0.0000 + 0.0000 + 0.0014, time: 13.300664]
2023-11-03 12:11:59.866: epoch 1:	0.00915108  	0.03441534  	0.02258457  
2023-11-03 12:11:59.866: Find a better model.
2023-11-03 12:12:12.387: [iter 2 : loss : 0.4965 = 0.4956 + -0.0000 + 0.0001 + 0.0007, time: 12.503775]
2023-11-03 12:12:13.068: epoch 2:	0.01011606  	0.03815135  	0.02506256  
2023-11-03 12:12:13.068: Find a better model.
2023-11-03 12:12:25.500: [iter 3 : loss : 0.4417 = 0.4410 + 0.0000 + 0.0002 + 0.0005, time: 12.413487]
2023-11-03 12:12:26.192: epoch 3:	0.01053232  	0.04016473  	0.02676271  
2023-11-03 12:12:26.192: Find a better model.
2023-11-03 12:12:38.528: [iter 4 : loss : 0.4031 = 0.4025 + 0.0000 + 0.0003 + 0.0003, time: 12.311900]
2023-11-03 12:12:39.171: epoch 4:	0.01116302  	0.04265651  	0.02857017  
2023-11-03 12:12:39.172: Find a better model.
2023-11-03 12:12:51.369: [iter 5 : loss : 0.3721 = 0.3716 + 0.0000 + 0.0004 + 0.0001, time: 12.179610]
2023-11-03 12:12:51.976: epoch 5:	0.01180003  	0.04489293  	0.03012891  
2023-11-03 12:12:51.976: Find a better model.
2023-11-03 12:13:04.333: [iter 6 : loss : 0.3493 = 0.3489 + -0.0000 + 0.0004 + -0.0000, time: 12.341461]
2023-11-03 12:13:04.997: epoch 6:	0.01231089  	0.04704474  	0.03174044  
2023-11-03 12:13:04.997: Find a better model.
2023-11-03 12:13:17.245: [iter 7 : loss : 0.3306 = 0.3302 + 0.0000 + 0.0005 + -0.0001, time: 12.232892]
2023-11-03 12:13:17.876: epoch 7:	0.01268301  	0.04846769  	0.03319233  
2023-11-03 12:13:17.876: Find a better model.
2023-11-03 12:13:30.345: [iter 8 : loss : 0.3147 = 0.3143 + 0.0000 + 0.0006 + -0.0002, time: 12.454793]
2023-11-03 12:13:31.008: epoch 8:	0.01320649  	0.05075414  	0.03461532  
2023-11-03 12:13:31.008: Find a better model.
2023-11-03 12:13:43.312: [iter 9 : loss : 0.2991 = 0.2988 + 0.0000 + 0.0007 + -0.0003, time: 12.290250]
2023-11-03 12:13:43.975: epoch 9:	0.01348399  	0.05189834  	0.03529863  
2023-11-03 12:13:43.976: Find a better model.
2023-11-03 12:13:56.454: [iter 10 : loss : 0.2870 = 0.2866 + -0.0000 + 0.0007 + -0.0004, time: 12.457605]
2023-11-03 12:13:57.111: epoch 10:	0.01376781  	0.05293110  	0.03613298  
2023-11-03 12:13:57.112: Find a better model.
2023-11-03 12:14:09.319: [iter 11 : loss : 0.2752 = 0.2749 + -0.0000 + 0.0008 + -0.0005, time: 12.193247]
2023-11-03 12:14:09.989: epoch 11:	0.01400116  	0.05358934  	0.03656201  
2023-11-03 12:14:09.989: Find a better model.
2023-11-03 12:14:22.482: [iter 12 : loss : 0.2653 = 0.2650 + -0.0000 + 0.0009 + -0.0006, time: 12.470036]
2023-11-03 12:14:23.160: epoch 12:	0.01434174  	0.05521747  	0.03779108  
2023-11-03 12:14:23.160: Find a better model.
2023-11-03 12:14:35.714: [iter 13 : loss : 0.2564 = 0.2561 + 0.0000 + 0.0009 + -0.0006, time: 12.531436]
2023-11-03 12:14:36.375: epoch 13:	0.01471385  	0.05682363  	0.03859380  
2023-11-03 12:14:36.375: Find a better model.
2023-11-03 12:14:48.806: [iter 14 : loss : 0.2475 = 0.2472 + -0.0000 + 0.0010 + -0.0007, time: 12.418043]
2023-11-03 12:14:49.475: epoch 14:	0.01491567  	0.05775914  	0.03929943  
2023-11-03 12:14:49.475: Find a better model.
2023-11-03 12:15:01.752: [iter 15 : loss : 0.2384 = 0.2381 + 0.0000 + 0.0011 + -0.0007, time: 12.264197]
2023-11-03 12:15:02.400: epoch 15:	0.01521840  	0.05903631  	0.04028474  
2023-11-03 12:15:02.400: Find a better model.
2023-11-03 12:15:14.912: [iter 16 : loss : 0.2318 = 0.2314 + -0.0000 + 0.0011 + -0.0008, time: 12.493130]
2023-11-03 12:15:15.564: epoch 16:	0.01541392  	0.06000087  	0.04108699  
2023-11-03 12:15:15.564: Find a better model.
2023-11-03 12:15:28.040: [iter 17 : loss : 0.2254 = 0.2250 + 0.0000 + 0.0012 + -0.0008, time: 12.461275]
2023-11-03 12:15:28.709: epoch 17:	0.01580495  	0.06161314  	0.04225876  
2023-11-03 12:15:28.709: Find a better model.
2023-11-03 12:15:41.044: [iter 18 : loss : 0.2195 = 0.2192 + -0.0000 + 0.0012 + -0.0009, time: 12.320575]
2023-11-03 12:15:41.723: epoch 18:	0.01608245  	0.06274633  	0.04288424  
2023-11-03 12:15:41.723: Find a better model.
2023-11-03 12:15:54.223: [iter 19 : loss : 0.2129 = 0.2126 + 0.0000 + 0.0013 + -0.0009, time: 12.483021]
2023-11-03 12:15:54.824: epoch 19:	0.01648612  	0.06445727  	0.04406357  
2023-11-03 12:15:54.824: Find a better model.
2023-11-03 12:16:07.230: [iter 20 : loss : 0.2072 = 0.2069 + -0.0000 + 0.0014 + -0.0010, time: 12.391577]
2023-11-03 12:16:07.860: epoch 20:	0.01686453  	0.06627335  	0.04510302  
2023-11-03 12:16:07.860: Find a better model.
2023-11-03 12:16:20.200: [iter 21 : loss : 0.2014 = 0.2010 + -0.0000 + 0.0014 + -0.0010, time: 12.323449]
2023-11-03 12:16:20.841: epoch 21:	0.01704743  	0.06690279  	0.04583587  
2023-11-03 12:16:20.841: Find a better model.
2023-11-03 12:16:32.975: [iter 22 : loss : 0.1968 = 0.1964 + 0.0000 + 0.0015 + -0.0011, time: 12.119867]
2023-11-03 12:16:33.560: epoch 22:	0.01726818  	0.06788541  	0.04661343  
2023-11-03 12:16:33.560: Find a better model.
2023-11-03 12:16:45.806: [iter 23 : loss : 0.1926 = 0.1922 + 0.0000 + 0.0015 + -0.0011, time: 12.229412]
2023-11-03 12:16:46.475: epoch 23:	0.01748261  	0.06851321  	0.04723819  
2023-11-03 12:16:46.475: Find a better model.
2023-11-03 12:16:58.871: [iter 24 : loss : 0.1890 = 0.1885 + -0.0000 + 0.0016 + -0.0012, time: 12.382376]
2023-11-03 12:16:59.531: epoch 24:	0.01781058  	0.06993029  	0.04824892  
2023-11-03 12:16:59.531: Find a better model.
2023-11-03 12:17:12.064: [iter 25 : loss : 0.1838 = 0.1834 + -0.0000 + 0.0017 + -0.0012, time: 12.519618]
2023-11-03 12:17:12.667: epoch 25:	0.01826469  	0.07196204  	0.04926702  
2023-11-03 12:17:12.667: Find a better model.
2023-11-03 12:17:25.214: [iter 26 : loss : 0.1789 = 0.1784 + -0.0000 + 0.0017 + -0.0013, time: 12.530412]
2023-11-03 12:17:25.835: epoch 26:	0.01861158  	0.07336454  	0.05012969  
2023-11-03 12:17:25.835: Find a better model.
2023-11-03 12:17:38.225: [iter 27 : loss : 0.1757 = 0.1752 + 0.0000 + 0.0018 + -0.0013, time: 12.375675]
2023-11-03 12:17:38.870: epoch 27:	0.01885755  	0.07420252  	0.05059818  
2023-11-03 12:17:38.870: Find a better model.
2023-11-03 12:17:51.514: [iter 28 : loss : 0.1718 = 0.1713 + 0.0000 + 0.0018 + -0.0013, time: 12.630812]
2023-11-03 12:17:52.157: epoch 28:	0.01897739  	0.07455949  	0.05090562  
2023-11-03 12:17:52.157: Find a better model.
2023-11-03 12:18:04.777: [iter 29 : loss : 0.1680 = 0.1675 + -0.0000 + 0.0019 + -0.0014, time: 12.600422]
2023-11-03 12:18:05.466: epoch 29:	0.01907199  	0.07494355  	0.05115010  
2023-11-03 12:18:05.466: Find a better model.
2023-11-03 12:18:17.924: [iter 30 : loss : 0.1657 = 0.1651 + 0.0000 + 0.0019 + -0.0014, time: 12.434874]
2023-11-03 12:18:18.564: epoch 30:	0.01936842  	0.07639921  	0.05181718  
2023-11-03 12:18:18.564: Find a better model.
2023-11-03 12:18:31.019: [iter 31 : loss : 0.1611 = 0.1605 + 0.0000 + 0.0020 + -0.0014, time: 12.433437]
2023-11-03 12:18:31.680: epoch 31:	0.01941888  	0.07678317  	0.05214627  
2023-11-03 12:18:31.680: Find a better model.
2023-11-03 12:18:44.145: [iter 32 : loss : 0.1596 = 0.1590 + 0.0000 + 0.0021 + -0.0015, time: 12.448364]
2023-11-03 12:18:44.807: epoch 32:	0.01974684  	0.07801633  	0.05308413  
2023-11-03 12:18:44.808: Find a better model.
2023-11-03 12:18:57.591: [iter 33 : loss : 0.1554 = 0.1548 + -0.0000 + 0.0021 + -0.0015, time: 12.765487]
2023-11-03 12:18:58.197: epoch 33:	0.02003696  	0.07912906  	0.05398019  
2023-11-03 12:18:58.197: Find a better model.
2023-11-03 12:19:10.962: [iter 34 : loss : 0.1540 = 0.1534 + 0.0000 + 0.0022 + -0.0015, time: 12.750393]
2023-11-03 12:19:11.614: epoch 34:	0.02004328  	0.07931657  	0.05426208  
2023-11-03 12:19:11.615: Find a better model.
2023-11-03 12:19:24.276: [iter 35 : loss : 0.1499 = 0.1493 + 0.0000 + 0.0022 + -0.0016, time: 12.642911]
2023-11-03 12:19:24.942: epoch 35:	0.02027662  	0.08008853  	0.05486958  
2023-11-03 12:19:24.942: Find a better model.
2023-11-03 12:19:37.512: [iter 36 : loss : 0.1472 = 0.1466 + -0.0000 + 0.0023 + -0.0016, time: 12.554605]
2023-11-03 12:19:38.178: epoch 36:	0.02042799  	0.08037011  	0.05516066  
2023-11-03 12:19:38.178: Find a better model.
2023-11-03 12:19:50.891: [iter 37 : loss : 0.1446 = 0.1439 + 0.0000 + 0.0023 + -0.0016, time: 12.693525]
2023-11-03 12:19:51.555: epoch 37:	0.02061090  	0.08149149  	0.05566793  
2023-11-03 12:19:51.555: Find a better model.
2023-11-03 12:20:04.233: [iter 38 : loss : 0.1429 = 0.1422 + -0.0000 + 0.0024 + -0.0017, time: 12.658953]
2023-11-03 12:20:04.848: epoch 38:	0.02076857  	0.08215342  	0.05630892  
2023-11-03 12:20:04.848: Find a better model.
2023-11-03 12:20:17.599: [iter 39 : loss : 0.1395 = 0.1388 + 0.0000 + 0.0024 + -0.0017, time: 12.732225]
2023-11-03 12:20:18.241: epoch 39:	0.02096409  	0.08296640  	0.05655200  
2023-11-03 12:20:18.241: Find a better model.
2023-11-03 12:20:30.730: [iter 40 : loss : 0.1381 = 0.1374 + -0.0000 + 0.0025 + -0.0017, time: 12.471911]
2023-11-03 12:20:31.384: epoch 40:	0.02109024  	0.08351059  	0.05696823  
2023-11-03 12:20:31.385: Find a better model.
2023-11-03 12:20:44.155: [iter 41 : loss : 0.1357 = 0.1349 + 0.0000 + 0.0025 + -0.0017, time: 12.755822]
2023-11-03 12:20:44.806: epoch 41:	0.02131728  	0.08451999  	0.05764328  
2023-11-03 12:20:44.806: Find a better model.
2023-11-03 12:20:57.371: [iter 42 : loss : 0.1334 = 0.1326 + -0.0000 + 0.0026 + -0.0018, time: 12.541969]
2023-11-03 12:20:58.016: epoch 42:	0.02132991  	0.08454365  	0.05786159  
2023-11-03 12:20:58.017: Find a better model.
2023-11-03 12:21:10.582: [iter 43 : loss : 0.1315 = 0.1306 + 0.0000 + 0.0026 + -0.0018, time: 12.551873]
2023-11-03 12:21:11.248: epoch 43:	0.02129837  	0.08441707  	0.05788720  
2023-11-03 12:21:23.772: [iter 44 : loss : 0.1300 = 0.1291 + -0.0000 + 0.0027 + -0.0018, time: 12.505101]
2023-11-03 12:21:24.376: epoch 44:	0.02171463  	0.08624343  	0.05870643  
2023-11-03 12:21:24.376: Find a better model.
2023-11-03 12:21:37.032: [iter 45 : loss : 0.1273 = 0.1264 + -0.0000 + 0.0027 + -0.0018, time: 12.639126]
2023-11-03 12:21:37.657: epoch 45:	0.02187230  	0.08704273  	0.05909034  
2023-11-03 12:21:37.657: Find a better model.
2023-11-03 12:21:50.299: [iter 46 : loss : 0.1254 = 0.1245 + -0.0000 + 0.0028 + -0.0019, time: 12.623122]
2023-11-03 12:21:50.952: epoch 46:	0.02207413  	0.08786551  	0.05956800  
2023-11-03 12:21:50.952: Find a better model.
2023-11-03 12:22:03.544: [iter 47 : loss : 0.1243 = 0.1233 + -0.0000 + 0.0028 + -0.0019, time: 12.573363]
2023-11-03 12:22:04.220: epoch 47:	0.02226333  	0.08851757  	0.06008672  
2023-11-03 12:22:04.220: Find a better model.
2023-11-03 12:22:16.786: [iter 48 : loss : 0.1219 = 0.1209 + -0.0000 + 0.0029 + -0.0019, time: 12.548538]
2023-11-03 12:22:17.480: epoch 48:	0.02234531  	0.08891527  	0.06036287  
2023-11-03 12:22:17.481: Find a better model.
2023-11-03 12:22:30.205: [iter 49 : loss : 0.1199 = 0.1189 + -0.0000 + 0.0029 + -0.0019, time: 12.704275]
2023-11-03 12:22:30.889: epoch 49:	0.02249038  	0.08919062  	0.06061054  
2023-11-03 12:22:30.889: Find a better model.
2023-11-03 12:22:43.491: [iter 50 : loss : 0.1176 = 0.1166 + -0.0000 + 0.0030 + -0.0020, time: 12.581861]
2023-11-03 12:22:44.151: epoch 50:	0.02272375  	0.09036068  	0.06126520  
2023-11-03 12:22:44.152: Find a better model.
2023-11-03 12:22:56.745: [iter 51 : loss : 0.1168 = 0.1158 + 0.0000 + 0.0030 + -0.0020, time: 12.573989]
2023-11-03 12:22:57.441: epoch 51:	0.02281834  	0.09084486  	0.06144006  
2023-11-03 12:22:57.442: Find a better model.
2023-11-03 12:23:10.183: [iter 52 : loss : 0.1152 = 0.1141 + -0.0000 + 0.0031 + -0.0020, time: 12.719230]
2023-11-03 12:23:10.852: epoch 52:	0.02292557  	0.09119452  	0.06182991  
2023-11-03 12:23:10.852: Find a better model.
2023-11-03 12:23:23.395: [iter 53 : loss : 0.1137 = 0.1126 + -0.0000 + 0.0031 + -0.0020, time: 12.523875]
2023-11-03 12:23:24.062: epoch 53:	0.02302648  	0.09165820  	0.06197122  
2023-11-03 12:23:24.062: Find a better model.
2023-11-03 12:23:36.623: [iter 54 : loss : 0.1123 = 0.1112 + 0.0000 + 0.0032 + -0.0021, time: 12.544803]
2023-11-03 12:23:37.244: epoch 54:	0.02319046  	0.09225803  	0.06248859  
2023-11-03 12:23:37.244: Find a better model.
2023-11-03 12:23:49.924: [iter 55 : loss : 0.1094 = 0.1083 + -0.0000 + 0.0032 + -0.0021, time: 12.664663]
2023-11-03 12:23:50.582: epoch 55:	0.02335444  	0.09321502  	0.06297854  
2023-11-03 12:23:50.582: Find a better model.
2023-11-03 12:24:03.237: [iter 56 : loss : 0.1087 = 0.1075 + 0.0000 + 0.0033 + -0.0021, time: 12.635319]
2023-11-03 12:24:03.866: epoch 56:	0.02346796  	0.09400851  	0.06331555  
2023-11-03 12:24:03.866: Find a better model.
2023-11-03 12:24:16.416: [iter 57 : loss : 0.1080 = 0.1068 + -0.0000 + 0.0033 + -0.0021, time: 12.526464]
2023-11-03 12:24:17.072: epoch 57:	0.02372654  	0.09494167  	0.06373857  
2023-11-03 12:24:17.072: Find a better model.
2023-11-03 12:24:29.938: [iter 58 : loss : 0.1054 = 0.1041 + 0.0000 + 0.0034 + -0.0021, time: 12.849466]
2023-11-03 12:24:30.646: epoch 58:	0.02384007  	0.09511830  	0.06391489  
2023-11-03 12:24:30.646: Find a better model.
2023-11-03 12:24:43.419: [iter 59 : loss : 0.1046 = 0.1033 + -0.0000 + 0.0034 + -0.0022, time: 12.751261]
2023-11-03 12:24:44.131: epoch 59:	0.02391575  	0.09574635  	0.06447832  
2023-11-03 12:24:44.132: Find a better model.
2023-11-03 12:24:56.798: [iter 60 : loss : 0.1039 = 0.1026 + -0.0000 + 0.0035 + -0.0022, time: 12.643101]
2023-11-03 12:24:57.460: epoch 60:	0.02395361  	0.09614216  	0.06474472  
2023-11-03 12:24:57.460: Find a better model.
2023-11-03 12:25:10.080: [iter 61 : loss : 0.1016 = 0.1003 + -0.0000 + 0.0035 + -0.0022, time: 12.603957]
2023-11-03 12:25:10.725: epoch 61:	0.02416804  	0.09692220  	0.06546663  
2023-11-03 12:25:10.725: Find a better model.
2023-11-03 12:25:23.587: [iter 62 : loss : 0.1004 = 0.0991 + -0.0000 + 0.0036 + -0.0022, time: 12.841270]
2023-11-03 12:25:24.257: epoch 62:	0.02430049  	0.09726027  	0.06570854  
2023-11-03 12:25:24.257: Find a better model.
2023-11-03 12:25:36.843: [iter 63 : loss : 0.0999 = 0.0985 + 0.0000 + 0.0036 + -0.0022, time: 12.567950]
2023-11-03 12:25:37.434: epoch 63:	0.02455908  	0.09840548  	0.06624950  
2023-11-03 12:25:37.434: Find a better model.
2023-11-03 12:25:50.116: [iter 64 : loss : 0.0980 = 0.0966 + 0.0000 + 0.0037 + -0.0023, time: 12.665012]
2023-11-03 12:25:50.745: epoch 64:	0.02467891  	0.09898776  	0.06667446  
2023-11-03 12:25:50.745: Find a better model.
2023-11-03 12:26:03.513: [iter 65 : loss : 0.0957 = 0.0943 + 0.0000 + 0.0037 + -0.0023, time: 12.747284]
2023-11-03 12:26:04.190: epoch 65:	0.02487442  	0.09960468  	0.06723242  
2023-11-03 12:26:04.190: Find a better model.
2023-11-03 12:26:16.303: [iter 66 : loss : 0.0955 = 0.0940 + -0.0000 + 0.0037 + -0.0023, time: 12.095871]
2023-11-03 12:26:16.976: epoch 66:	0.02504471  	0.10046268  	0.06782673  
2023-11-03 12:26:16.976: Find a better model.
2023-11-03 12:26:29.893: [iter 67 : loss : 0.0949 = 0.0934 + 0.0000 + 0.0038 + -0.0023, time: 12.887733]
2023-11-03 12:26:30.584: epoch 67:	0.02532222  	0.10168892  	0.06837512  
2023-11-03 12:26:30.584: Find a better model.
2023-11-03 12:26:43.138: [iter 68 : loss : 0.0938 = 0.0923 + -0.0000 + 0.0038 + -0.0023, time: 12.533642]
2023-11-03 12:26:43.807: epoch 68:	0.02551143  	0.10251854  	0.06912512  
2023-11-03 12:26:43.807: Find a better model.
2023-11-03 12:26:56.558: [iter 69 : loss : 0.0924 = 0.0908 + 0.0000 + 0.0039 + -0.0023, time: 12.730672]
2023-11-03 12:26:57.213: epoch 69:	0.02550512  	0.10236888  	0.06929057  
2023-11-03 12:27:09.783: [iter 70 : loss : 0.0919 = 0.0904 + 0.0000 + 0.0039 + -0.0024, time: 12.552658]
2023-11-03 12:27:10.441: epoch 70:	0.02579526  	0.10356890  	0.06984188  
2023-11-03 12:27:10.441: Find a better model.
2023-11-03 12:27:23.101: [iter 71 : loss : 0.0901 = 0.0885 + 0.0000 + 0.0040 + -0.0024, time: 12.643095]
2023-11-03 12:27:23.747: epoch 71:	0.02583941  	0.10391496  	0.07011499  
2023-11-03 12:27:23.748: Find a better model.
2023-11-03 12:27:36.539: [iter 72 : loss : 0.0893 = 0.0877 + 0.0000 + 0.0040 + -0.0024, time: 12.773579]
2023-11-03 12:27:37.231: epoch 72:	0.02603492  	0.10468504  	0.07064483  
2023-11-03 12:27:37.231: Find a better model.
2023-11-03 12:27:49.800: [iter 73 : loss : 0.0878 = 0.0862 + -0.0000 + 0.0041 + -0.0024, time: 12.544000]
2023-11-03 12:27:50.489: epoch 73:	0.02611691  	0.10503576  	0.07097340  
2023-11-03 12:27:50.490: Find a better model.
2023-11-03 12:28:03.275: [iter 74 : loss : 0.0876 = 0.0859 + 0.0000 + 0.0041 + -0.0024, time: 12.765401]
2023-11-03 12:28:03.930: epoch 74:	0.02599077  	0.10452616  	0.07101604  
2023-11-03 12:28:16.592: [iter 75 : loss : 0.0857 = 0.0840 + -0.0000 + 0.0041 + -0.0024, time: 12.642569]
2023-11-03 12:28:17.222: epoch 75:	0.02609168  	0.10489820  	0.07133362  
2023-11-03 12:28:29.850: [iter 76 : loss : 0.0862 = 0.0845 + 0.0000 + 0.0042 + -0.0025, time: 12.614193]
2023-11-03 12:28:30.497: epoch 76:	0.02620521  	0.10550966  	0.07154055  
2023-11-03 12:28:30.497: Find a better model.
2023-11-03 12:28:42.947: [iter 77 : loss : 0.0844 = 0.0826 + 0.0000 + 0.0042 + -0.0025, time: 12.430354]
2023-11-03 12:28:43.544: epoch 77:	0.02626828  	0.10608579  	0.07195048  
2023-11-03 12:28:43.544: Find a better model.
2023-11-03 12:28:56.288: [iter 78 : loss : 0.0834 = 0.0816 + -0.0000 + 0.0043 + -0.0025, time: 12.726432]
2023-11-03 12:28:56.963: epoch 78:	0.02652687  	0.10691064  	0.07236277  
2023-11-03 12:28:56.964: Find a better model.
2023-11-03 12:29:09.560: [iter 79 : loss : 0.0831 = 0.0813 + 0.0000 + 0.0043 + -0.0025, time: 12.575727]
2023-11-03 12:29:10.248: epoch 79:	0.02669716  	0.10777093  	0.07280410  
2023-11-03 12:29:10.249: Find a better model.
2023-11-03 12:29:23.036: [iter 80 : loss : 0.0815 = 0.0796 + 0.0000 + 0.0044 + -0.0025, time: 12.767526]
2023-11-03 12:29:23.702: epoch 80:	0.02691160  	0.10869273  	0.07317159  
2023-11-03 12:29:23.702: Find a better model.
2023-11-03 12:29:36.323: [iter 81 : loss : 0.0810 = 0.0791 + -0.0000 + 0.0044 + -0.0025, time: 12.603787]
2023-11-03 12:29:36.999: epoch 81:	0.02688637  	0.10858226  	0.07332948  
2023-11-03 12:29:49.587: [iter 82 : loss : 0.0810 = 0.0791 + -0.0000 + 0.0044 + -0.0025, time: 12.567272]
2023-11-03 12:29:50.238: epoch 82:	0.02706297  	0.10960048  	0.07378196  
2023-11-03 12:29:50.239: Find a better model.
2023-11-03 12:30:02.952: [iter 83 : loss : 0.0787 = 0.0767 + 0.0000 + 0.0045 + -0.0026, time: 12.700221]
2023-11-03 12:30:03.592: epoch 83:	0.02713865  	0.10976172  	0.07395656  
2023-11-03 12:30:03.592: Find a better model.
2023-11-03 12:30:16.267: [iter 84 : loss : 0.0776 = 0.0756 + 0.0000 + 0.0045 + -0.0026, time: 12.652859]
2023-11-03 12:30:16.896: epoch 84:	0.02744768  	0.11056592  	0.07447927  
2023-11-03 12:30:16.896: Find a better model.
2023-11-03 12:30:29.431: [iter 85 : loss : 0.0772 = 0.0753 + -0.0000 + 0.0046 + -0.0026, time: 12.519602]
2023-11-03 12:30:30.087: epoch 85:	0.02761797  	0.11145131  	0.07479631  
2023-11-03 12:30:30.087: Find a better model.
2023-11-03 12:30:42.788: [iter 86 : loss : 0.0770 = 0.0750 + -0.0000 + 0.0046 + -0.0026, time: 12.683989]
2023-11-03 12:30:43.420: epoch 86:	0.02775672  	0.11212695  	0.07528926  
2023-11-03 12:30:43.420: Find a better model.
2023-11-03 12:30:56.105: [iter 87 : loss : 0.0760 = 0.0740 + 0.0000 + 0.0046 + -0.0026, time: 12.654722]
2023-11-03 12:30:56.729: epoch 87:	0.02776933  	0.11213415  	0.07523600  
2023-11-03 12:30:56.729: Find a better model.
2023-11-03 12:31:09.625: [iter 88 : loss : 0.0755 = 0.0735 + -0.0000 + 0.0047 + -0.0026, time: 12.881153]
2023-11-03 12:31:10.272: epoch 88:	0.02797116  	0.11303136  	0.07588181  
2023-11-03 12:31:10.272: Find a better model.
2023-11-03 12:31:22.967: [iter 89 : loss : 0.0743 = 0.0722 + -0.0000 + 0.0047 + -0.0026, time: 12.678734]
2023-11-03 12:31:23.580: epoch 89:	0.02814145  	0.11377973  	0.07621358  
2023-11-03 12:31:23.580: Find a better model.
2023-11-03 12:31:36.332: [iter 90 : loss : 0.0740 = 0.0719 + 0.0000 + 0.0048 + -0.0027, time: 12.736035]
2023-11-03 12:31:36.983: epoch 90:	0.02818559  	0.11392031  	0.07663242  
2023-11-03 12:31:36.983: Find a better model.
2023-11-03 12:31:49.573: [iter 91 : loss : 0.0734 = 0.0713 + 0.0000 + 0.0048 + -0.0027, time: 12.575733]
2023-11-03 12:31:50.237: epoch 91:	0.02845050  	0.11530070  	0.07716838  
2023-11-03 12:31:50.238: Find a better model.
2023-11-03 12:32:02.864: [iter 92 : loss : 0.0730 = 0.0709 + -0.0000 + 0.0049 + -0.0027, time: 12.610335]
2023-11-03 12:32:03.525: epoch 92:	0.02841265  	0.11556103  	0.07737032  
2023-11-03 12:32:03.525: Find a better model.
2023-11-03 12:32:16.221: [iter 93 : loss : 0.0717 = 0.0696 + 0.0000 + 0.0049 + -0.0027, time: 12.674712]
2023-11-03 12:32:16.852: epoch 93:	0.02851987  	0.11584655  	0.07758151  
2023-11-03 12:32:16.852: Find a better model.
2023-11-03 12:32:29.572: [iter 94 : loss : 0.0720 = 0.0698 + -0.0000 + 0.0049 + -0.0027, time: 12.701555]
2023-11-03 12:32:30.182: epoch 94:	0.02853879  	0.11596896  	0.07772976  
2023-11-03 12:32:30.183: Find a better model.
2023-11-03 12:32:42.725: [iter 95 : loss : 0.0709 = 0.0687 + -0.0000 + 0.0050 + -0.0027, time: 12.525111]
2023-11-03 12:32:43.386: epoch 95:	0.02876584  	0.11684468  	0.07826620  
2023-11-03 12:32:43.386: Find a better model.
2023-11-03 12:32:56.134: [iter 96 : loss : 0.0699 = 0.0677 + 0.0000 + 0.0050 + -0.0027, time: 12.732486]
2023-11-03 12:32:56.796: epoch 96:	0.02899919  	0.11786621  	0.07854692  
2023-11-03 12:32:56.796: Find a better model.
2023-11-03 12:33:09.646: [iter 97 : loss : 0.0686 = 0.0663 + -0.0000 + 0.0050 + -0.0027, time: 12.835199]
2023-11-03 12:33:10.315: epoch 97:	0.02898659  	0.11759472  	0.07839567  
2023-11-03 12:33:22.864: [iter 98 : loss : 0.0687 = 0.0664 + 0.0000 + 0.0051 + -0.0028, time: 12.533999]
2023-11-03 12:33:23.508: epoch 98:	0.02915058  	0.11867531  	0.07902745  
2023-11-03 12:33:23.509: Find a better model.
2023-11-03 12:33:36.108: [iter 99 : loss : 0.0677 = 0.0653 + 0.0000 + 0.0051 + -0.0028, time: 12.584916]
2023-11-03 12:33:36.728: epoch 99:	0.02927041  	0.11920796  	0.07943299  
2023-11-03 12:33:36.729: Find a better model.
2023-11-03 12:33:49.449: [iter 100 : loss : 0.0678 = 0.0655 + 0.0000 + 0.0052 + -0.0028, time: 12.702708]
2023-11-03 12:33:50.114: epoch 100:	0.02937131  	0.11935850  	0.07976421  
2023-11-03 12:33:50.115: Find a better model.
2023-11-03 12:34:02.818: [iter 101 : loss : 0.0679 = 0.0655 + -0.0000 + 0.0052 + -0.0028, time: 12.678273]
2023-11-03 12:34:03.492: epoch 101:	0.02931455  	0.11926696  	0.07967880  
2023-11-03 12:34:16.243: [iter 102 : loss : 0.0674 = 0.0649 + -0.0000 + 0.0052 + -0.0028, time: 12.734393]
2023-11-03 12:34:16.855: epoch 102:	0.02948484  	0.11996270  	0.07995669  
2023-11-03 12:34:16.856: Find a better model.
2023-11-03 12:34:29.705: [iter 103 : loss : 0.0661 = 0.0636 + -0.0000 + 0.0053 + -0.0028, time: 12.829538]
2023-11-03 12:34:30.362: epoch 103:	0.02953529  	0.12001412  	0.08019957  
2023-11-03 12:34:30.362: Find a better model.
2023-11-03 12:34:42.642: [iter 104 : loss : 0.0651 = 0.0626 + 0.0000 + 0.0053 + -0.0028, time: 12.261075]
2023-11-03 12:34:43.269: epoch 104:	0.02971189  	0.12077114  	0.08069162  
2023-11-03 12:34:43.269: Find a better model.
2023-11-03 12:34:55.931: [iter 105 : loss : 0.0644 = 0.0619 + 0.0000 + 0.0053 + -0.0028, time: 12.642887]
2023-11-03 12:34:56.624: epoch 105:	0.02962991  	0.12041087  	0.08074028  
2023-11-03 12:35:09.109: [iter 106 : loss : 0.0649 = 0.0624 + 0.0000 + 0.0054 + -0.0029, time: 12.464596]
2023-11-03 12:35:09.747: epoch 106:	0.02957313  	0.12011986  	0.08060658  
2023-11-03 12:35:22.411: [iter 107 : loss : 0.0639 = 0.0613 + -0.0000 + 0.0054 + -0.0029, time: 12.651913]
2023-11-03 12:35:23.092: epoch 107:	0.02976865  	0.12110863  	0.08093266  
2023-11-03 12:35:23.093: Find a better model.
2023-11-03 12:35:35.741: [iter 108 : loss : 0.0639 = 0.0613 + -0.0000 + 0.0055 + -0.0029, time: 12.625112]
2023-11-03 12:35:36.404: epoch 108:	0.02965513  	0.12046168  	0.08087830  
2023-11-03 12:35:49.044: [iter 109 : loss : 0.0623 = 0.0597 + 0.0000 + 0.0055 + -0.0029, time: 12.623188]
2023-11-03 12:35:49.701: epoch 109:	0.02978127  	0.12065458  	0.08110759  
2023-11-03 12:36:02.334: [iter 110 : loss : 0.0623 = 0.0597 + 0.0000 + 0.0055 + -0.0029, time: 12.614568]
2023-11-03 12:36:02.944: epoch 110:	0.02992002  	0.12163395  	0.08168314  
2023-11-03 12:36:02.944: Find a better model.
2023-11-03 12:36:15.726: [iter 111 : loss : 0.0609 = 0.0583 + 0.0000 + 0.0056 + -0.0029, time: 12.763251]
2023-11-03 12:36:16.410: epoch 111:	0.02997048  	0.12216368  	0.08190148  
2023-11-03 12:36:16.411: Find a better model.
2023-11-03 12:36:28.928: [iter 112 : loss : 0.0616 = 0.0589 + 0.0000 + 0.0056 + -0.0029, time: 12.497462]
2023-11-03 12:36:29.598: epoch 112:	0.03005877  	0.12231538  	0.08207334  
2023-11-03 12:36:29.599: Find a better model.
2023-11-03 12:36:41.532: [iter 113 : loss : 0.0601 = 0.0574 + 0.0000 + 0.0056 + -0.0029, time: 11.914384]
2023-11-03 12:36:42.123: epoch 113:	0.02997047  	0.12193368  	0.08192671  
2023-11-03 12:36:54.716: [iter 114 : loss : 0.0601 = 0.0573 + 0.0000 + 0.0057 + -0.0029, time: 12.578005]
2023-11-03 12:36:55.391: epoch 114:	0.03043718  	0.12382922  	0.08269046  
2023-11-03 12:36:55.391: Find a better model.
2023-11-03 12:37:08.094: [iter 115 : loss : 0.0602 = 0.0575 + -0.0000 + 0.0057 + -0.0030, time: 12.683746]
2023-11-03 12:37:08.766: epoch 115:	0.03032365  	0.12341044  	0.08290460  
2023-11-03 12:37:21.576: [iter 116 : loss : 0.0597 = 0.0569 + 0.0000 + 0.0057 + -0.0030, time: 12.795899]
2023-11-03 12:37:22.274: epoch 116:	0.03046240  	0.12395067  	0.08348524  
2023-11-03 12:37:22.274: Find a better model.
2023-11-03 12:37:34.991: [iter 117 : loss : 0.0590 = 0.0562 + -0.0000 + 0.0058 + -0.0030, time: 12.698328]
2023-11-03 12:37:35.655: epoch 117:	0.03044349  	0.12389193  	0.08353177  
2023-11-03 12:37:48.190: [iter 118 : loss : 0.0580 = 0.0552 + -0.0000 + 0.0058 + -0.0030, time: 12.519162]
2023-11-03 12:37:48.832: epoch 118:	0.03036780  	0.12386483  	0.08341510  
2023-11-03 12:38:01.525: [iter 119 : loss : 0.0584 = 0.0556 + 0.0000 + 0.0059 + -0.0030, time: 12.674506]
2023-11-03 12:38:02.188: epoch 119:	0.03040564  	0.12388431  	0.08371779  
2023-11-03 12:38:14.962: [iter 120 : loss : 0.0578 = 0.0549 + 0.0000 + 0.0059 + -0.0030, time: 12.756713]
2023-11-03 12:38:15.636: epoch 120:	0.03039934  	0.12382929  	0.08338677  
2023-11-03 12:38:28.348: [iter 121 : loss : 0.0577 = 0.0548 + 0.0000 + 0.0059 + -0.0030, time: 12.692109]
2023-11-03 12:38:28.988: epoch 121:	0.03046872  	0.12420606  	0.08362360  
2023-11-03 12:38:28.988: Find a better model.
2023-11-03 12:38:41.709: [iter 122 : loss : 0.0569 = 0.0540 + -0.0000 + 0.0060 + -0.0030, time: 12.706665]
2023-11-03 12:38:42.381: epoch 122:	0.03038041  	0.12389587  	0.08384886  
2023-11-03 12:38:55.016: [iter 123 : loss : 0.0565 = 0.0536 + 0.0000 + 0.0060 + -0.0030, time: 12.613389]
2023-11-03 12:38:55.639: epoch 123:	0.03035521  	0.12388038  	0.08378537  
2023-11-03 12:39:08.246: [iter 124 : loss : 0.0563 = 0.0534 + -0.0000 + 0.0060 + -0.0030, time: 12.586003]
2023-11-03 12:39:08.923: epoch 124:	0.03068946  	0.12494556  	0.08438613  
2023-11-03 12:39:08.923: Find a better model.
2023-11-03 12:39:21.527: [iter 125 : loss : 0.0566 = 0.0536 + 0.0000 + 0.0061 + -0.0031, time: 12.587709]
2023-11-03 12:39:22.167: epoch 125:	0.03048764  	0.12450248  	0.08421963  
2023-11-03 12:39:34.987: [iter 126 : loss : 0.0550 = 0.0520 + 0.0000 + 0.0061 + -0.0031, time: 12.799358]
2023-11-03 12:39:35.652: epoch 126:	0.03082822  	0.12582932  	0.08460247  
2023-11-03 12:39:35.653: Find a better model.
2023-11-03 12:39:48.310: [iter 127 : loss : 0.0546 = 0.0515 + 0.0000 + 0.0061 + -0.0031, time: 12.640409]
2023-11-03 12:39:48.974: epoch 127:	0.03075252  	0.12544885  	0.08457597  
2023-11-03 12:40:01.678: [iter 128 : loss : 0.0551 = 0.0520 + 0.0000 + 0.0062 + -0.0031, time: 12.688867]
2023-11-03 12:40:02.339: epoch 128:	0.03062007  	0.12498953  	0.08443728  
2023-11-03 12:40:15.096: [iter 129 : loss : 0.0545 = 0.0514 + -0.0000 + 0.0062 + -0.0031, time: 12.738628]
2023-11-03 12:40:15.776: epoch 129:	0.03074622  	0.12551446  	0.08495491  
2023-11-03 12:40:28.491: [iter 130 : loss : 0.0543 = 0.0512 + 0.0000 + 0.0062 + -0.0031, time: 12.696926]
2023-11-03 12:40:29.179: epoch 130:	0.03091652  	0.12641470  	0.08549588  
2023-11-03 12:40:29.179: Find a better model.
2023-11-03 12:40:41.678: [iter 131 : loss : 0.0527 = 0.0496 + 0.0000 + 0.0063 + -0.0031, time: 12.481122]
2023-11-03 12:40:42.280: epoch 131:	0.03086604  	0.12591586  	0.08536597  
2023-11-03 12:40:54.979: [iter 132 : loss : 0.0540 = 0.0509 + 0.0000 + 0.0063 + -0.0031, time: 12.683316]
2023-11-03 12:40:55.601: epoch 132:	0.03113725  	0.12690525  	0.08584029  
2023-11-03 12:40:55.601: Find a better model.
2023-11-03 12:41:08.307: [iter 133 : loss : 0.0532 = 0.0500 + -0.0000 + 0.0063 + -0.0031, time: 12.687515]
2023-11-03 12:41:08.978: epoch 133:	0.03108050  	0.12679280  	0.08568387  
2023-11-03 12:41:21.584: [iter 134 : loss : 0.0527 = 0.0495 + 0.0000 + 0.0064 + -0.0031, time: 12.590941]
2023-11-03 12:41:22.276: epoch 134:	0.03127601  	0.12748843  	0.08599140  
2023-11-03 12:41:22.276: Find a better model.
2023-11-03 12:41:34.939: [iter 135 : loss : 0.0525 = 0.0492 + 0.0000 + 0.0064 + -0.0031, time: 12.645955]
2023-11-03 12:41:35.608: epoch 135:	0.03121293  	0.12707320  	0.08591512  
2023-11-03 12:41:48.336: [iter 136 : loss : 0.0513 = 0.0481 + 0.0000 + 0.0064 + -0.0032, time: 12.710600]
2023-11-03 12:41:48.957: epoch 136:	0.03102371  	0.12657946  	0.08567251  
2023-11-03 12:42:01.532: [iter 137 : loss : 0.0521 = 0.0488 + -0.0000 + 0.0064 + -0.0032, time: 12.561198]
2023-11-03 12:42:02.152: epoch 137:	0.03119402  	0.12712218  	0.08593082  
2023-11-03 12:42:14.982: [iter 138 : loss : 0.0515 = 0.0482 + -0.0000 + 0.0065 + -0.0032, time: 12.812608]
2023-11-03 12:42:15.653: epoch 138:	0.03147152  	0.12823981  	0.08627219  
2023-11-03 12:42:15.653: Find a better model.
2023-11-03 12:42:28.216: [iter 139 : loss : 0.0514 = 0.0480 + -0.0000 + 0.0065 + -0.0032, time: 12.546796]
2023-11-03 12:42:28.845: epoch 139:	0.03161660  	0.12895150  	0.08683518  
2023-11-03 12:42:28.846: Find a better model.
2023-11-03 12:42:41.445: [iter 140 : loss : 0.0512 = 0.0478 + -0.0000 + 0.0065 + -0.0032, time: 12.578793]
2023-11-03 12:42:42.118: epoch 140:	0.03161658  	0.12915088  	0.08688525  
2023-11-03 12:42:42.118: Find a better model.
2023-11-03 12:42:54.849: [iter 141 : loss : 0.0511 = 0.0477 + 0.0000 + 0.0066 + -0.0032, time: 12.713318]
2023-11-03 12:42:55.526: epoch 141:	0.03169227  	0.12956624  	0.08765293  
2023-11-03 12:42:55.526: Find a better model.
2023-11-03 12:43:08.198: [iter 142 : loss : 0.0501 = 0.0467 + -0.0000 + 0.0066 + -0.0032, time: 12.653070]
2023-11-03 12:43:08.882: epoch 142:	0.03166073  	0.12932298  	0.08777095  
2023-11-03 12:43:21.667: [iter 143 : loss : 0.0507 = 0.0473 + 0.0000 + 0.0066 + -0.0032, time: 12.770230]
2023-11-03 12:43:22.328: epoch 143:	0.03173642  	0.12950768  	0.08769716  
2023-11-03 12:43:34.731: [iter 144 : loss : 0.0497 = 0.0463 + -0.0000 + 0.0067 + -0.0032, time: 12.385419]
2023-11-03 12:43:35.367: epoch 144:	0.03176795  	0.12950400  	0.08780412  
2023-11-03 12:43:48.134: [iter 145 : loss : 0.0494 = 0.0460 + 0.0000 + 0.0067 + -0.0032, time: 12.746131]
2023-11-03 12:43:48.813: epoch 145:	0.03190671  	0.13005172  	0.08818906  
2023-11-03 12:43:48.814: Find a better model.
2023-11-03 12:44:01.413: [iter 146 : loss : 0.0494 = 0.0460 + 0.0000 + 0.0067 + -0.0032, time: 12.583338]
2023-11-03 12:44:02.084: epoch 146:	0.03180580  	0.12967080  	0.08840166  
2023-11-03 12:44:14.683: [iter 147 : loss : 0.0496 = 0.0461 + 0.0000 + 0.0068 + -0.0033, time: 12.575680]
2023-11-03 12:44:15.337: epoch 147:	0.03198239  	0.13034084  	0.08879001  
2023-11-03 12:44:15.337: Find a better model.
2023-11-03 12:44:27.949: [iter 148 : loss : 0.0491 = 0.0456 + -0.0000 + 0.0068 + -0.0033, time: 12.594678]
2023-11-03 12:44:28.630: epoch 148:	0.03195716  	0.13046916  	0.08890279  
2023-11-03 12:44:28.630: Find a better model.
2023-11-03 12:44:41.304: [iter 149 : loss : 0.0484 = 0.0448 + 0.0000 + 0.0068 + -0.0033, time: 12.654457]
2023-11-03 12:44:41.955: epoch 149:	0.03196346  	0.13021590  	0.08866879  
2023-11-03 12:44:54.673: [iter 150 : loss : 0.0489 = 0.0454 + 0.0000 + 0.0068 + -0.0033, time: 12.700700]
2023-11-03 12:44:55.349: epoch 150:	0.03195086  	0.13008885  	0.08856198  
2023-11-03 12:45:08.028: [iter 151 : loss : 0.0482 = 0.0446 + 0.0000 + 0.0069 + -0.0033, time: 12.663182]
2023-11-03 12:45:08.708: epoch 151:	0.03203915  	0.13091382  	0.08885369  
2023-11-03 12:45:08.708: Find a better model.
2023-11-03 12:45:21.512: [iter 152 : loss : 0.0478 = 0.0442 + -0.0000 + 0.0069 + -0.0033, time: 12.779402]
2023-11-03 12:45:22.172: epoch 152:	0.03207069  	0.13070625  	0.08878034  
2023-11-03 12:45:34.899: [iter 153 : loss : 0.0475 = 0.0438 + -0.0000 + 0.0069 + -0.0033, time: 12.710541]
2023-11-03 12:45:35.595: epoch 153:	0.03190672  	0.13023642  	0.08887535  
2023-11-03 12:45:47.905: [iter 154 : loss : 0.0481 = 0.0445 + -0.0000 + 0.0070 + -0.0033, time: 12.292402]
2023-11-03 12:45:48.575: epoch 154:	0.03205807  	0.13084061  	0.08896378  
2023-11-03 12:46:01.261: [iter 155 : loss : 0.0469 = 0.0432 + -0.0000 + 0.0070 + -0.0033, time: 12.668132]
2023-11-03 12:46:01.928: epoch 155:	0.03203284  	0.13057652  	0.08906759  
2023-11-03 12:46:14.505: [iter 156 : loss : 0.0463 = 0.0426 + 0.0000 + 0.0070 + -0.0033, time: 12.563312]
2023-11-03 12:46:15.194: epoch 156:	0.03229143  	0.13196464  	0.08948462  
2023-11-03 12:46:15.194: Find a better model.
2023-11-03 12:46:27.987: [iter 157 : loss : 0.0462 = 0.0425 + -0.0000 + 0.0070 + -0.0033, time: 12.771619]
2023-11-03 12:46:28.653: epoch 157:	0.03234819  	0.13192783  	0.08981539  
2023-11-03 12:46:41.263: [iter 158 : loss : 0.0465 = 0.0428 + 0.0000 + 0.0071 + -0.0033, time: 12.592062]
2023-11-03 12:46:41.890: epoch 158:	0.03242385  	0.13244227  	0.09015214  
2023-11-03 12:46:41.890: Find a better model.
2023-11-03 12:46:54.534: [iter 159 : loss : 0.0462 = 0.0424 + -0.0000 + 0.0071 + -0.0033, time: 12.626334]
2023-11-03 12:46:55.163: epoch 159:	0.03245537  	0.13243431  	0.09020004  
2023-11-03 12:47:07.935: [iter 160 : loss : 0.0457 = 0.0419 + 0.0000 + 0.0071 + -0.0034, time: 12.757096]
2023-11-03 12:47:08.602: epoch 160:	0.03261304  	0.13358955  	0.09056936  
2023-11-03 12:47:08.603: Find a better model.
2023-11-03 12:47:21.352: [iter 161 : loss : 0.0457 = 0.0419 + -0.0000 + 0.0072 + -0.0034, time: 12.728186]
2023-11-03 12:47:22.002: epoch 161:	0.03272655  	0.13388643  	0.09062818  
2023-11-03 12:47:22.003: Find a better model.
2023-11-03 12:47:34.704: [iter 162 : loss : 0.0455 = 0.0417 + -0.0000 + 0.0072 + -0.0034, time: 12.684849]
2023-11-03 12:47:35.376: epoch 162:	0.03278331  	0.13416602  	0.09067658  
2023-11-03 12:47:35.376: Find a better model.
2023-11-03 12:47:48.038: [iter 163 : loss : 0.0450 = 0.0412 + 0.0000 + 0.0072 + -0.0034, time: 12.643401]
2023-11-03 12:47:48.713: epoch 163:	0.03270764  	0.13373423  	0.09071589  
2023-11-03 12:48:01.370: [iter 164 : loss : 0.0451 = 0.0412 + -0.0000 + 0.0072 + -0.0034, time: 12.639106]
2023-11-03 12:48:02.048: epoch 164:	0.03284637  	0.13409944  	0.09073874  
2023-11-03 12:48:14.080: [iter 165 : loss : 0.0450 = 0.0411 + -0.0000 + 0.0073 + -0.0034, time: 12.013429]
2023-11-03 12:48:14.699: epoch 165:	0.03293465  	0.13412958  	0.09108406  
2023-11-03 12:48:27.339: [iter 166 : loss : 0.0445 = 0.0406 + 0.0000 + 0.0073 + -0.0034, time: 12.621833]
2023-11-03 12:48:27.967: epoch 166:	0.03284007  	0.13401483  	0.09116283  
2023-11-03 12:48:40.884: [iter 167 : loss : 0.0442 = 0.0403 + -0.0000 + 0.0073 + -0.0034, time: 12.897131]
2023-11-03 12:48:41.541: epoch 167:	0.03288420  	0.13411038  	0.09147554  
2023-11-03 12:48:54.350: [iter 168 : loss : 0.0443 = 0.0404 + 0.0000 + 0.0073 + -0.0034, time: 12.790885]
2023-11-03 12:48:55.024: epoch 168:	0.03292836  	0.13463229  	0.09157307  
2023-11-03 12:48:55.024: Find a better model.
2023-11-03 12:49:07.670: [iter 169 : loss : 0.0443 = 0.0404 + 0.0000 + 0.0074 + -0.0034, time: 12.627987]
2023-11-03 12:49:08.336: epoch 169:	0.03281485  	0.13423219  	0.09129719  
2023-11-03 12:49:21.080: [iter 170 : loss : 0.0442 = 0.0402 + -0.0000 + 0.0074 + -0.0034, time: 12.726053]
2023-11-03 12:49:21.715: epoch 170:	0.03285268  	0.13411449  	0.09135355  
2023-11-03 12:49:34.351: [iter 171 : loss : 0.0433 = 0.0393 + 0.0000 + 0.0074 + -0.0034, time: 12.621095]
2023-11-03 12:49:34.986: epoch 171:	0.03291574  	0.13461854  	0.09184173  
2023-11-03 12:49:47.558: [iter 172 : loss : 0.0430 = 0.0390 + -0.0000 + 0.0075 + -0.0034, time: 12.549097]
2023-11-03 12:49:48.228: epoch 172:	0.03298510  	0.13496029  	0.09196766  
2023-11-03 12:49:48.228: Find a better model.
2023-11-03 12:50:01.015: [iter 173 : loss : 0.0436 = 0.0396 + 0.0000 + 0.0075 + -0.0034, time: 12.767997]
2023-11-03 12:50:01.688: epoch 173:	0.03328148  	0.13592350  	0.09238657  
2023-11-03 12:50:01.688: Find a better model.
2023-11-03 12:50:14.240: [iter 174 : loss : 0.0431 = 0.0390 + 0.0000 + 0.0075 + -0.0035, time: 12.533539]
2023-11-03 12:50:14.872: epoch 174:	0.03328148  	0.13621904  	0.09265714  
2023-11-03 12:50:14.872: Find a better model.
2023-11-03 12:50:27.632: [iter 175 : loss : 0.0433 = 0.0392 + 0.0000 + 0.0075 + -0.0035, time: 12.747131]
2023-11-03 12:50:28.291: epoch 175:	0.03333193  	0.13626617  	0.09264258  
2023-11-03 12:50:28.291: Find a better model.
2023-11-03 12:50:40.957: [iter 176 : loss : 0.0431 = 0.0390 + 0.0000 + 0.0076 + -0.0035, time: 12.649727]
2023-11-03 12:50:41.601: epoch 176:	0.03346437  	0.13683811  	0.09273726  
2023-11-03 12:50:41.601: Find a better model.
2023-11-03 12:50:54.290: [iter 177 : loss : 0.0427 = 0.0386 + 0.0000 + 0.0076 + -0.0035, time: 12.674613]
2023-11-03 12:50:54.977: epoch 177:	0.03342653  	0.13668492  	0.09290985  
2023-11-03 12:51:07.751: [iter 178 : loss : 0.0424 = 0.0383 + 0.0000 + 0.0076 + -0.0035, time: 12.752591]
2023-11-03 12:51:08.421: epoch 178:	0.03333193  	0.13595866  	0.09280519  
2023-11-03 12:51:21.007: [iter 179 : loss : 0.0424 = 0.0382 + 0.0000 + 0.0076 + -0.0035, time: 12.567981]
2023-11-03 12:51:21.617: epoch 179:	0.03316166  	0.13533124  	0.09285463  
2023-11-03 12:51:34.310: [iter 180 : loss : 0.0426 = 0.0384 + -0.0000 + 0.0077 + -0.0035, time: 12.675901]
2023-11-03 12:51:34.983: epoch 180:	0.03340130  	0.13597111  	0.09298390  
2023-11-03 12:51:47.573: [iter 181 : loss : 0.0427 = 0.0385 + -0.0000 + 0.0077 + -0.0035, time: 12.574480]
2023-11-03 12:51:48.234: epoch 181:	0.03336346  	0.13607040  	0.09306602  
2023-11-03 12:52:00.948: [iter 182 : loss : 0.0417 = 0.0375 + -0.0000 + 0.0077 + -0.0035, time: 12.696210]
2023-11-03 12:52:01.605: epoch 182:	0.03341392  	0.13605963  	0.09306827  
2023-11-03 12:52:14.226: [iter 183 : loss : 0.0412 = 0.0370 + 0.0000 + 0.0077 + -0.0035, time: 12.601433]
2023-11-03 12:52:14.869: epoch 183:	0.03332564  	0.13557406  	0.09248380  
2023-11-03 12:52:27.692: [iter 184 : loss : 0.0416 = 0.0373 + 0.0000 + 0.0078 + -0.0035, time: 12.806514]
2023-11-03 12:52:28.384: epoch 184:	0.03333824  	0.13548952  	0.09262673  
2023-11-03 12:52:40.904: [iter 185 : loss : 0.0408 = 0.0366 + -0.0000 + 0.0078 + -0.0035, time: 12.499973]
2023-11-03 12:52:41.557: epoch 185:	0.03342655  	0.13615780  	0.09299352  
2023-11-03 12:52:54.135: [iter 186 : loss : 0.0413 = 0.0371 + 0.0000 + 0.0078 + -0.0035, time: 12.560275]
2023-11-03 12:52:54.829: epoch 186:	0.03347699  	0.13648017  	0.09304930  
2023-11-03 12:52:54.829: Early stopping is trigger at epoch: 186
2023-11-03 12:52:54.829: best_result@epoch 176:

2023-11-03 12:52:54.829: 		0.0335      	0.1368      	0.0927      
