2023-05-03 20:11:33.514: my pid: 17873
2023-05-03 20:11:33.514: model: model.general_recommender.GNNEC
2023-05-03 20:11:33.514: Dataset statistics:
Name: amazon-book
The number of users: 7928
The number of items: 29346
The number of ratings: 460224
Average actions of users: 58.05
Average actions of items: 15.68
The sparsity of the dataset: 99.802186%

The number of training: 417417
The number of validation: 0
The number of testing: 42807
2023-05-03 20:11:33.514: NeuRec:[NeuRec]:
recommender=GNNEC
dataset=amazon-book
file_column=UI
sep=','
gpu_id=0
gpu_mem=0.99
metric=["Precision", "Recall", "NDCG"]
top_k=[20]
test_thread=8
test_batch_size=128
seed=2021
start_testing_epoch=0

GNNEC:[hyperparameters]:
mf_reg=1e-4
svd_q=5
aug_type=ND
reg=1e-4
embed_size=64
n_layers=2
ssl_reg=0.02
ssl_ratio=0.5
ssl_temp=0.8
ssl_mode=both_side
lr=1e-3
learner=adam
adj_type=pre
epochs=200
batch_size=2048
num_negatives=1
param_init=xavier_uniform
stddev=0.01
verbose=1
stop_cnt=10
pretrain_flag=0
save_flag=1

Command line:
recommender=GNNEC
save_flag=1
pretrain_flag=0
dataset=amazon-book
epochs=200
n_layers=2
embed_size=64
batch_size=2048
lr=1e-3
aug_type=ND
reg=1e-4
ssl_reg=0.02
ssl_ratio=0.5
ssl_temp=0.8
mf_reg=1e-4
svd_q=5
2023-05-03 20:11:38.491: metrics:	Precision@20	Recall@20   	NDCG@20     
2023-05-03 20:12:09.932: [iter 1 : loss : 0.9261 = 0.5592 + 0.3650 + 0.0001 + 0.0018, time: 31.440759]
2023-05-03 20:12:10.593: epoch 1:	0.00932137  	0.03529648  	0.02357606  
2023-05-03 20:12:10.593: Find a better model.
2023-05-03 20:12:10.593: Save model to file as pretrain.
2023-05-03 20:12:41.924: [iter 2 : loss : 0.6495 = 0.3051 + 0.3424 + 0.0003 + 0.0017, time: 31.282524]
2023-05-03 20:12:42.543: epoch 2:	0.01012236  	0.03900507  	0.02592614  
2023-05-03 20:12:42.543: Find a better model.
2023-05-03 20:12:42.543: Save model to file as pretrain.
2023-05-03 20:13:14.011: [iter 3 : loss : 0.5706 = 0.2352 + 0.3333 + 0.0004 + 0.0017, time: 31.430813]
2023-05-03 20:13:14.639: epoch 3:	0.01070261  	0.04132550  	0.02765875  
2023-05-03 20:13:14.640: Find a better model.
2023-05-03 20:13:14.640: Save model to file as pretrain.
2023-05-03 20:13:46.162: [iter 4 : loss : 0.5312 = 0.2020 + 0.3270 + 0.0005 + 0.0017, time: 31.485780]
2023-05-03 20:13:46.808: epoch 4:	0.01125132  	0.04356121  	0.02945889  
2023-05-03 20:13:46.808: Find a better model.
2023-05-03 20:13:46.808: Save model to file as pretrain.
2023-05-03 20:14:18.591: [iter 5 : loss : 0.5037 = 0.1795 + 0.3220 + 0.0006 + 0.0016, time: 31.739292]
2023-05-03 20:14:19.267: epoch 5:	0.01171804  	0.04547897  	0.03060319  
2023-05-03 20:14:19.268: Find a better model.
2023-05-03 20:14:19.268: Save model to file as pretrain.
2023-05-03 20:14:51.038: [iter 6 : loss : 0.4840 = 0.1637 + 0.3180 + 0.0007 + 0.0016, time: 31.735212]
2023-05-03 20:14:51.683: epoch 6:	0.01217845  	0.04719628  	0.03201646  
2023-05-03 20:14:51.684: Find a better model.
2023-05-03 20:14:51.684: Save model to file as pretrain.
2023-05-03 20:15:23.591: [iter 7 : loss : 0.4675 = 0.1507 + 0.3144 + 0.0008 + 0.0016, time: 31.863707]
2023-05-03 20:15:24.229: epoch 7:	0.01272085  	0.04926161  	0.03339219  
2023-05-03 20:15:24.229: Find a better model.
2023-05-03 20:15:24.229: Save model to file as pretrain.
2023-05-03 20:15:56.407: [iter 8 : loss : 0.4544 = 0.1408 + 0.3112 + 0.0008 + 0.0016, time: 32.140351]
2023-05-03 20:15:57.050: epoch 8:	0.01312450  	0.05083520  	0.03461821  
2023-05-03 20:15:57.050: Find a better model.
2023-05-03 20:15:57.050: Save model to file as pretrain.
2023-05-03 20:16:29.102: [iter 9 : loss : 0.4429 = 0.1320 + 0.3084 + 0.0009 + 0.0016, time: 32.014526]
2023-05-03 20:16:29.723: epoch 9:	0.01351553  	0.05245719  	0.03572298  
2023-05-03 20:16:29.724: Find a better model.
2023-05-03 20:16:29.724: Save model to file as pretrain.
2023-05-03 20:17:01.895: [iter 10 : loss : 0.4330 = 0.1248 + 0.3057 + 0.0010 + 0.0016, time: 32.135182]
2023-05-03 20:17:02.543: epoch 10:	0.01383088  	0.05353826  	0.03657046  
2023-05-03 20:17:02.544: Find a better model.
2023-05-03 20:17:02.544: Save model to file as pretrain.
2023-05-03 20:17:34.738: [iter 11 : loss : 0.4240 = 0.1182 + 0.3032 + 0.0010 + 0.0016, time: 32.157239]
2023-05-03 20:17:35.368: epoch 11:	0.01410208  	0.05460257  	0.03733281  
2023-05-03 20:17:35.369: Find a better model.
2023-05-03 20:17:35.369: Save model to file as pretrain.
2023-05-03 20:18:07.484: [iter 12 : loss : 0.4161 = 0.1126 + 0.3009 + 0.0011 + 0.0015, time: 32.082738]
2023-05-03 20:18:08.123: epoch 12:	0.01441112  	0.05588942  	0.03800294  
2023-05-03 20:18:08.124: Find a better model.
2023-05-03 20:18:08.124: Save model to file as pretrain.
2023-05-03 20:18:40.202: [iter 13 : loss : 0.4091 = 0.1078 + 0.2987 + 0.0011 + 0.0015, time: 32.038672]
2023-05-03 20:18:40.827: epoch 13:	0.01470755  	0.05738667  	0.03889303  
2023-05-03 20:18:40.827: Find a better model.
2023-05-03 20:18:40.827: Save model to file as pretrain.
2023-05-03 20:19:12.720: [iter 14 : loss : 0.4025 = 0.1032 + 0.2966 + 0.0012 + 0.0015, time: 31.849804]
2023-05-03 20:19:13.332: epoch 14:	0.01507335  	0.05898122  	0.03991571  
2023-05-03 20:19:13.333: Find a better model.
2023-05-03 20:19:13.333: Save model to file as pretrain.
2023-05-03 20:19:45.042: [iter 15 : loss : 0.3958 = 0.0985 + 0.2946 + 0.0013 + 0.0015, time: 31.672214]
2023-05-03 20:19:45.655: epoch 15:	0.01545806  	0.06032906  	0.04090266  
2023-05-03 20:19:45.655: Find a better model.
2023-05-03 20:19:45.655: Save model to file as pretrain.
2023-05-03 20:20:17.673: [iter 16 : loss : 0.3905 = 0.0951 + 0.2925 + 0.0013 + 0.0015, time: 31.978733]
2023-05-03 20:20:18.276: epoch 16:	0.01575450  	0.06174097  	0.04186057  
2023-05-03 20:20:18.276: Find a better model.
2023-05-03 20:20:18.276: Save model to file as pretrain.
2023-05-03 20:20:50.050: [iter 17 : loss : 0.3848 = 0.0914 + 0.2905 + 0.0014 + 0.0015, time: 31.738128]
2023-05-03 20:20:50.723: epoch 17:	0.01605723  	0.06301598  	0.04266494  
2023-05-03 20:20:50.724: Find a better model.
2023-05-03 20:20:50.724: Save model to file as pretrain.
2023-05-03 20:21:22.537: [iter 18 : loss : 0.3804 = 0.0889 + 0.2887 + 0.0014 + 0.0015, time: 31.773804]
2023-05-03 20:21:23.179: epoch 18:	0.01634735  	0.06422790  	0.04330721  
2023-05-03 20:21:23.179: Find a better model.
2023-05-03 20:21:23.179: Save model to file as pretrain.
2023-05-03 20:21:55.151: [iter 19 : loss : 0.3749 = 0.0851 + 0.2868 + 0.0015 + 0.0015, time: 31.933681]
2023-05-03 20:21:55.788: epoch 19:	0.01667532  	0.06544545  	0.04426923  
2023-05-03 20:21:55.788: Find a better model.
2023-05-03 20:21:55.788: Save model to file as pretrain.
2023-05-03 20:22:27.639: [iter 20 : loss : 0.3697 = 0.0816 + 0.2850 + 0.0016 + 0.0015, time: 31.813892]
2023-05-03 20:22:28.271: epoch 20:	0.01683930  	0.06625126  	0.04483036  
2023-05-03 20:22:28.271: Find a better model.
2023-05-03 20:22:28.271: Save model to file as pretrain.
2023-05-03 20:23:00.046: [iter 21 : loss : 0.3666 = 0.0803 + 0.2832 + 0.0016 + 0.0015, time: 31.732432]
2023-05-03 20:23:00.682: epoch 21:	0.01714204  	0.06740776  	0.04558984  
2023-05-03 20:23:00.682: Find a better model.
2023-05-03 20:23:00.682: Save model to file as pretrain.
2023-05-03 20:23:32.618: [iter 22 : loss : 0.3617 = 0.0772 + 0.2814 + 0.0017 + 0.0014, time: 31.900197]
2023-05-03 20:23:33.235: epoch 22:	0.01739433  	0.06855015  	0.04658845  
2023-05-03 20:23:33.236: Find a better model.
2023-05-03 20:23:33.236: Save model to file as pretrain.
2023-05-03 20:24:05.116: [iter 23 : loss : 0.3583 = 0.0753 + 0.2798 + 0.0017 + 0.0014, time: 31.844645]
2023-05-03 20:24:05.741: epoch 23:	0.01774120  	0.06956792  	0.04726322  
2023-05-03 20:24:05.741: Find a better model.
2023-05-03 20:24:05.741: Save model to file as pretrain.
2023-05-03 20:24:37.575: [iter 24 : loss : 0.3545 = 0.0731 + 0.2782 + 0.0018 + 0.0014, time: 31.796447]
2023-05-03 20:24:38.200: epoch 24:	0.01804395  	0.07119546  	0.04821265  
2023-05-03 20:24:38.201: Find a better model.
2023-05-03 20:24:38.201: Save model to file as pretrain.
2023-05-03 20:25:10.095: [iter 25 : loss : 0.3496 = 0.0698 + 0.2765 + 0.0019 + 0.0014, time: 31.858205]
2023-05-03 20:25:10.751: epoch 25:	0.01836560  	0.07232336  	0.04905491  
2023-05-03 20:25:10.751: Find a better model.
2023-05-03 20:25:10.751: Save model to file as pretrain.
2023-05-03 20:25:42.630: [iter 26 : loss : 0.3461 = 0.0679 + 0.2749 + 0.0019 + 0.0014, time: 31.839220]
2023-05-03 20:25:43.267: epoch 26:	0.01858004  	0.07350553  	0.04992126  
2023-05-03 20:25:43.268: Find a better model.
2023-05-03 20:25:43.268: Save model to file as pretrain.
2023-05-03 20:26:14.963: [iter 27 : loss : 0.3432 = 0.0665 + 0.2733 + 0.0020 + 0.0014, time: 31.660889]
2023-05-03 20:26:15.592: epoch 27:	0.01897738  	0.07511681  	0.05077320  
2023-05-03 20:26:15.592: Find a better model.
2023-05-03 20:26:15.592: Save model to file as pretrain.
2023-05-03 20:26:47.348: [iter 28 : loss : 0.3396 = 0.0644 + 0.2717 + 0.0021 + 0.0014, time: 31.719214]
2023-05-03 20:26:47.994: epoch 28:	0.01905306  	0.07521631  	0.05111625  
2023-05-03 20:26:47.994: Find a better model.
2023-05-03 20:26:47.994: Save model to file as pretrain.
2023-05-03 20:27:19.811: [iter 29 : loss : 0.3370 = 0.0633 + 0.2701 + 0.0021 + 0.0014, time: 31.780331]
2023-05-03 20:27:20.444: epoch 29:	0.01930535  	0.07661171  	0.05188828  
2023-05-03 20:27:20.444: Find a better model.
2023-05-03 20:27:20.444: Save model to file as pretrain.
2023-05-03 20:27:52.291: [iter 30 : loss : 0.3338 = 0.0616 + 0.2686 + 0.0022 + 0.0014, time: 31.804019]
2023-05-03 20:27:52.949: epoch 30:	0.01958286  	0.07752200  	0.05261771  
2023-05-03 20:27:52.949: Find a better model.
2023-05-03 20:27:52.949: Save model to file as pretrain.
2023-05-03 20:28:24.766: [iter 31 : loss : 0.3301 = 0.0593 + 0.2671 + 0.0023 + 0.0014, time: 31.782336]
2023-05-03 20:28:25.362: epoch 31:	0.01989821  	0.07888176  	0.05341158  
2023-05-03 20:28:25.362: Find a better model.
2023-05-03 20:28:25.362: Save model to file as pretrain.
2023-05-03 20:28:57.196: [iter 32 : loss : 0.3287 = 0.0595 + 0.2656 + 0.0023 + 0.0014, time: 31.795386]
2023-05-03 20:28:57.808: epoch 32:	0.02020724  	0.08020934  	0.05422938  
2023-05-03 20:28:57.809: Find a better model.
2023-05-03 20:28:57.809: Save model to file as pretrain.
2023-05-03 20:29:29.657: [iter 33 : loss : 0.3241 = 0.0562 + 0.2641 + 0.0024 + 0.0014, time: 31.798316]
2023-05-03 20:29:30.316: epoch 33:	0.02059197  	0.08185730  	0.05506813  
2023-05-03 20:29:30.316: Find a better model.
2023-05-03 20:29:30.316: Save model to file as pretrain.
2023-05-03 20:30:02.262: [iter 34 : loss : 0.3226 = 0.0563 + 0.2625 + 0.0025 + 0.0013, time: 31.907529]
2023-05-03 20:30:02.863: epoch 34:	0.02069918  	0.08222477  	0.05560762  
2023-05-03 20:30:02.863: Find a better model.
2023-05-03 20:30:02.863: Save model to file as pretrain.
2023-05-03 20:30:34.600: [iter 35 : loss : 0.3193 = 0.0542 + 0.2612 + 0.0025 + 0.0013, time: 31.686972]
2023-05-03 20:30:35.287: epoch 35:	0.02091992  	0.08320086  	0.05639668  
2023-05-03 20:30:35.287: Find a better model.
2023-05-03 20:30:35.288: Save model to file as pretrain.
2023-05-03 20:31:06.397: [iter 36 : loss : 0.3171 = 0.0533 + 0.2598 + 0.0026 + 0.0013, time: 31.067664]
2023-05-03 20:31:07.027: epoch 36:	0.02117221  	0.08414973  	0.05700704  
2023-05-03 20:31:07.027: Find a better model.
2023-05-03 20:31:07.027: Save model to file as pretrain.
2023-05-03 20:31:38.888: [iter 37 : loss : 0.3142 = 0.0519 + 0.2583 + 0.0027 + 0.0013, time: 31.819324]
2023-05-03 20:31:39.549: epoch 37:	0.02133618  	0.08472783  	0.05755007  
2023-05-03 20:31:39.549: Find a better model.
2023-05-03 20:31:39.549: Save model to file as pretrain.
2023-05-03 20:32:11.486: [iter 38 : loss : 0.3118 = 0.0508 + 0.2569 + 0.0027 + 0.0013, time: 31.894503]
2023-05-03 20:32:12.143: epoch 38:	0.02155062  	0.08576725  	0.05829533  
2023-05-03 20:32:12.143: Find a better model.
2023-05-03 20:32:12.143: Save model to file as pretrain.
2023-05-03 20:32:44.125: [iter 39 : loss : 0.3094 = 0.0498 + 0.2554 + 0.0028 + 0.0013, time: 31.941390]
2023-05-03 20:32:44.746: epoch 39:	0.02184074  	0.08677761  	0.05884590  
2023-05-03 20:32:44.746: Find a better model.
2023-05-03 20:32:44.746: Save model to file as pretrain.
2023-05-03 20:33:16.673: [iter 40 : loss : 0.3075 = 0.0494 + 0.2539 + 0.0029 + 0.0013, time: 31.891264]
2023-05-03 20:33:17.343: epoch 40:	0.02202995  	0.08792000  	0.05950444  
2023-05-03 20:33:17.343: Find a better model.
2023-05-03 20:33:17.343: Save model to file as pretrain.
2023-05-03 20:33:49.311: [iter 41 : loss : 0.3048 = 0.0479 + 0.2526 + 0.0029 + 0.0013, time: 31.926503]
2023-05-03 20:33:49.897: epoch 41:	0.02220655  	0.08849781  	0.06001875  
2023-05-03 20:33:49.897: Find a better model.
2023-05-03 20:33:49.897: Save model to file as pretrain.
2023-05-03 20:34:21.946: [iter 42 : loss : 0.3029 = 0.0472 + 0.2514 + 0.0030 + 0.0013, time: 32.005258]
2023-05-03 20:34:22.579: epoch 42:	0.02232638  	0.08903655  	0.06028615  
2023-05-03 20:34:22.579: Find a better model.
2023-05-03 20:34:22.580: Save model to file as pretrain.
2023-05-03 20:34:54.353: [iter 43 : loss : 0.3007 = 0.0464 + 0.2499 + 0.0031 + 0.0013, time: 31.729064]
2023-05-03 20:34:55.009: epoch 43:	0.02255343  	0.08988374  	0.06087251  
2023-05-03 20:34:55.009: Find a better model.
2023-05-03 20:34:55.009: Save model to file as pretrain.
2023-05-03 20:35:27.305: [iter 44 : loss : 0.2984 = 0.0454 + 0.2486 + 0.0032 + 0.0013, time: 32.252406]
2023-05-03 20:35:27.946: epoch 44:	0.02273633  	0.09046910  	0.06133830  
2023-05-03 20:35:27.946: Find a better model.
2023-05-03 20:35:27.946: Save model to file as pretrain.
2023-05-03 20:36:00.115: [iter 45 : loss : 0.2962 = 0.0445 + 0.2473 + 0.0032 + 0.0013, time: 32.137436]
2023-05-03 20:36:00.751: epoch 45:	0.02291924  	0.09137550  	0.06191851  
2023-05-03 20:36:00.751: Find a better model.
2023-05-03 20:36:00.751: Save model to file as pretrain.
2023-05-03 20:36:32.591: [iter 46 : loss : 0.2942 = 0.0437 + 0.2459 + 0.0033 + 0.0013, time: 31.802432]
2023-05-03 20:36:33.265: epoch 46:	0.02311475  	0.09214814  	0.06255288  
2023-05-03 20:36:33.265: Find a better model.
2023-05-03 20:36:33.265: Save model to file as pretrain.
2023-05-03 20:37:05.073: [iter 47 : loss : 0.2927 = 0.0435 + 0.2446 + 0.0034 + 0.0013, time: 31.762679]
2023-05-03 20:37:05.740: epoch 47:	0.02329134  	0.09288097  	0.06315447  
2023-05-03 20:37:05.741: Find a better model.
2023-05-03 20:37:05.741: Save model to file as pretrain.
2023-05-03 20:37:37.632: [iter 48 : loss : 0.2903 = 0.0423 + 0.2433 + 0.0035 + 0.0013, time: 31.851057]
2023-05-03 20:37:38.216: epoch 48:	0.02357516  	0.09393966  	0.06357632  
2023-05-03 20:37:38.216: Find a better model.
2023-05-03 20:37:38.216: Save model to file as pretrain.
2023-05-03 20:38:09.474: [iter 49 : loss : 0.2886 = 0.0418 + 0.2421 + 0.0035 + 0.0012, time: 31.225230]
2023-05-03 20:38:10.077: epoch 49:	0.02371391  	0.09446047  	0.06397524  
2023-05-03 20:38:10.077: Find a better model.
2023-05-03 20:38:10.077: Save model to file as pretrain.
2023-05-03 20:38:41.856: [iter 50 : loss : 0.2866 = 0.0411 + 0.2407 + 0.0036 + 0.0012, time: 31.740849]
2023-05-03 20:38:42.477: epoch 50:	0.02373914  	0.09463714  	0.06433757  
2023-05-03 20:38:42.477: Find a better model.
2023-05-03 20:38:42.478: Save model to file as pretrain.
2023-05-03 20:39:14.337: [iter 51 : loss : 0.2839 = 0.0396 + 0.2394 + 0.0037 + 0.0012, time: 31.817553]
2023-05-03 20:39:14.977: epoch 51:	0.02380221  	0.09503207  	0.06453171  
2023-05-03 20:39:14.977: Find a better model.
2023-05-03 20:39:14.977: Save model to file as pretrain.
2023-05-03 20:39:46.877: [iter 52 : loss : 0.2829 = 0.0397 + 0.2382 + 0.0038 + 0.0012, time: 31.864818]
2023-05-03 20:39:47.523: epoch 52:	0.02401034  	0.09597138  	0.06525896  
2023-05-03 20:39:47.524: Find a better model.
2023-05-03 20:39:47.524: Save model to file as pretrain.
2023-05-03 20:40:19.331: [iter 53 : loss : 0.2811 = 0.0391 + 0.2369 + 0.0038 + 0.0012, time: 31.768911]
2023-05-03 20:40:19.958: epoch 53:	0.02418062  	0.09704154  	0.06574621  
2023-05-03 20:40:19.958: Find a better model.
2023-05-03 20:40:19.958: Save model to file as pretrain.
2023-05-03 20:40:51.886: [iter 54 : loss : 0.2793 = 0.0385 + 0.2356 + 0.0039 + 0.0012, time: 31.887493]
2023-05-03 20:40:52.522: epoch 54:	0.02437613  	0.09757938  	0.06648736  
2023-05-03 20:40:52.522: Find a better model.
2023-05-03 20:40:52.522: Save model to file as pretrain.
2023-05-03 20:41:24.438: [iter 55 : loss : 0.2773 = 0.0377 + 0.2343 + 0.0040 + 0.0012, time: 31.877697]
2023-05-03 20:41:25.051: epoch 55:	0.02450858  	0.09822515  	0.06684041  
2023-05-03 20:41:25.052: Find a better model.
2023-05-03 20:41:25.052: Save model to file as pretrain.
2023-05-03 20:41:56.908: [iter 56 : loss : 0.2753 = 0.0369 + 0.2331 + 0.0041 + 0.0012, time: 31.820002]
2023-05-03 20:41:57.545: epoch 56:	0.02470410  	0.09888329  	0.06735711  
2023-05-03 20:41:57.545: Find a better model.
2023-05-03 20:41:57.545: Save model to file as pretrain.
2023-05-03 20:42:29.395: [iter 57 : loss : 0.2741 = 0.0369 + 0.2319 + 0.0042 + 0.0012, time: 31.809342]
2023-05-03 20:42:30.020: epoch 57:	0.02488701  	0.09979121  	0.06762557  
2023-05-03 20:42:30.020: Find a better model.
2023-05-03 20:42:30.020: Save model to file as pretrain.
2023-05-03 20:43:01.984: [iter 58 : loss : 0.2711 = 0.0352 + 0.2305 + 0.0042 + 0.0012, time: 31.922744]
2023-05-03 20:43:02.626: epoch 58:	0.02508253  	0.10045536  	0.06823599  
2023-05-03 20:43:02.626: Find a better model.
2023-05-03 20:43:02.626: Save model to file as pretrain.
2023-05-03 20:43:34.769: [iter 59 : loss : 0.2700 = 0.0352 + 0.2293 + 0.0043 + 0.0012, time: 32.102081]
2023-05-03 20:43:35.432: epoch 59:	0.02511406  	0.10062024  	0.06841897  
2023-05-03 20:43:35.432: Find a better model.
2023-05-03 20:43:35.432: Save model to file as pretrain.
2023-05-03 20:44:07.298: [iter 60 : loss : 0.2689 = 0.0353 + 0.2281 + 0.0044 + 0.0012, time: 31.822551]
2023-05-03 20:44:07.931: epoch 60:	0.02530328  	0.10165965  	0.06892125  
2023-05-03 20:44:07.931: Find a better model.
2023-05-03 20:44:07.937: Save model to file as pretrain.
2023-05-03 20:44:39.865: [iter 61 : loss : 0.2663 = 0.0339 + 0.2268 + 0.0045 + 0.0012, time: 31.887380]
2023-05-03 20:44:40.498: epoch 61:	0.02554925  	0.10279883  	0.06964114  
2023-05-03 20:44:40.498: Find a better model.
2023-05-03 20:44:40.498: Save model to file as pretrain.
2023-05-03 20:45:12.521: [iter 62 : loss : 0.2651 = 0.0338 + 0.2255 + 0.0046 + 0.0012, time: 31.980870]
2023-05-03 20:45:13.171: epoch 62:	0.02569432  	0.10360741  	0.07028043  
2023-05-03 20:45:13.171: Find a better model.
2023-05-03 20:45:13.171: Save model to file as pretrain.
2023-05-03 20:45:44.944: [iter 63 : loss : 0.2642 = 0.0340 + 0.2244 + 0.0046 + 0.0012, time: 31.735466]
2023-05-03 20:45:45.581: epoch 63:	0.02585829  	0.10412921  	0.07060656  
2023-05-03 20:45:45.582: Find a better model.
2023-05-03 20:45:45.582: Save model to file as pretrain.
2023-05-03 20:46:17.526: [iter 64 : loss : 0.2622 = 0.0331 + 0.2232 + 0.0047 + 0.0011, time: 31.907831]
2023-05-03 20:46:18.181: epoch 64:	0.02597813  	0.10464332  	0.07101145  
2023-05-03 20:46:18.182: Find a better model.
2023-05-03 20:46:18.182: Save model to file as pretrain.
2023-05-03 20:46:50.134: [iter 65 : loss : 0.2600 = 0.0321 + 0.2219 + 0.0048 + 0.0011, time: 31.909658]
2023-05-03 20:46:50.742: epoch 65:	0.02612319  	0.10509996  	0.07132433  
2023-05-03 20:46:50.742: Find a better model.
2023-05-03 20:46:50.742: Save model to file as pretrain.
2023-05-03 20:47:22.593: [iter 66 : loss : 0.2581 = 0.0312 + 0.2208 + 0.0049 + 0.0011, time: 31.814239]
2023-05-03 20:47:23.229: epoch 66:	0.02630610  	0.10605827  	0.07173983  
2023-05-03 20:47:23.229: Find a better model.
2023-05-03 20:47:23.229: Save model to file as pretrain.
2023-05-03 20:47:55.176: [iter 67 : loss : 0.2574 = 0.0318 + 0.2195 + 0.0050 + 0.0011, time: 31.912402]
2023-05-03 20:47:55.818: epoch 67:	0.02632502  	0.10617477  	0.07209111  
2023-05-03 20:47:55.819: Find a better model.
2023-05-03 20:47:55.819: Save model to file as pretrain.
2023-05-03 20:48:27.779: [iter 68 : loss : 0.2562 = 0.0317 + 0.2182 + 0.0051 + 0.0011, time: 31.915896]
2023-05-03 20:48:28.416: epoch 68:	0.02640071  	0.10668431  	0.07240256  
2023-05-03 20:48:28.417: Find a better model.
2023-05-03 20:48:28.417: Save model to file as pretrain.
2023-05-03 20:49:00.241: [iter 69 : loss : 0.2549 = 0.0314 + 0.2172 + 0.0052 + 0.0011, time: 31.783854]
2023-05-03 20:49:00.878: epoch 69:	0.02657100  	0.10736192  	0.07287901  
2023-05-03 20:49:00.878: Find a better model.
2023-05-03 20:49:00.878: Save model to file as pretrain.
