2023-11-03 12:56:31.869: my pid: 20514
2023-11-03 12:56:31.870: model: model.general_recommender.GNNEC
2023-11-03 12:56:31.870: Dataset statistics:
Name: amazon-book
The number of users: 7928
The number of items: 29346
The number of ratings: 460224
Average actions of users: 58.05
Average actions of items: 15.68
The sparsity of the dataset: 99.802186%

The number of training: 417417
The number of validation: 0
The number of testing: 42807
2023-11-03 12:56:31.870: NeuRec:[NeuRec]:
recommender=GNNEC
dataset=amazon-book
file_column=UI
sep=','
gpu_id=0
gpu_mem=0.99
metric=["Precision", "Recall", "NDCG"]
top_k=[20]
test_thread=8
test_batch_size=128
seed=2021
start_testing_epoch=0

GNNEC:[hyperparameters]:
mf_reg=1e-4
svd_q=5
aug_type=ND
reg=1e-4
embed_size=64
n_layers=2
ssl_reg=0
ssl_ratio=0.5
ssl_temp=0.8
ssl_mode=both_side
lr=1e-3
learner=adam
adj_type=pre
epochs=200
batch_size=2048
num_negatives=1
param_init=xavier_uniform
stddev=0.01
verbose=1
stop_cnt=10
pretrain_flag=0
save_flag=0

Command line:
recommender=GNNEC
dataset=amazon-book
epochs=200
n_layers=2
embed_size=64
batch_size=2048
lr=1e-3
aug_type=ND
reg=1e-4
ssl_reg=0
ssl_ratio=0.5
ssl_temp=0.8
mf_reg=1e-4
svd_q=5
2023-11-03 12:56:52.096: metrics:	Precision@20	Recall@20   	NDCG@20     
2023-11-03 12:57:04.926: [iter 1 : loss : 0.6186 = 0.6168 + 0.0000 + 0.0000 + 0.0017, time: 12.829751]
2023-11-03 12:57:05.560: epoch 1:	0.00914478  	0.03446580  	0.02252299  
2023-11-03 12:57:05.560: Find a better model.
2023-11-03 12:57:17.991: [iter 2 : loss : 0.4977 = 0.4960 + 0.0000 + 0.0001 + 0.0015, time: 12.416355]
2023-11-03 12:57:18.644: epoch 2:	0.01009713  	0.03812002  	0.02499441  
2023-11-03 12:57:18.644: Find a better model.
2023-11-03 12:57:31.074: [iter 3 : loss : 0.4434 = 0.4417 + -0.0000 + 0.0002 + 0.0015, time: 12.411385]
2023-11-03 12:57:31.730: epoch 3:	0.01053232  	0.04010669  	0.02672617  
2023-11-03 12:57:31.730: Find a better model.
2023-11-03 12:57:44.029: [iter 4 : loss : 0.4051 = 0.4034 + 0.0000 + 0.0003 + 0.0014, time: 12.279913]
2023-11-03 12:57:44.658: epoch 4:	0.01111887  	0.04251469  	0.02843127  
2023-11-03 12:57:44.658: Find a better model.
2023-11-03 12:57:57.088: [iter 5 : loss : 0.3743 = 0.3726 + -0.0000 + 0.0004 + 0.0013, time: 12.413952]
2023-11-03 12:57:57.695: epoch 5:	0.01173065  	0.04465546  	0.02997815  
2023-11-03 12:57:57.695: Find a better model.
2023-11-03 12:58:10.116: [iter 6 : loss : 0.3516 = 0.3498 + -0.0000 + 0.0004 + 0.0013, time: 12.403929]
2023-11-03 12:58:10.797: epoch 6:	0.01229828  	0.04704379  	0.03163771  
2023-11-03 12:58:10.797: Find a better model.
2023-11-03 12:58:23.187: [iter 7 : loss : 0.3329 = 0.3311 + -0.0000 + 0.0005 + 0.0013, time: 12.369120]
2023-11-03 12:58:23.839: epoch 7:	0.01262624  	0.04820982  	0.03304395  
2023-11-03 12:58:23.844: Find a better model.
2023-11-03 12:58:36.218: [iter 8 : loss : 0.3170 = 0.3151 + -0.0000 + 0.0006 + 0.0012, time: 12.357164]
2023-11-03 12:58:36.851: epoch 8:	0.01311819  	0.05045246  	0.03443658  
2023-11-03 12:58:36.851: Find a better model.
2023-11-03 12:58:48.893: [iter 9 : loss : 0.3015 = 0.2996 + 0.0000 + 0.0007 + 0.0012, time: 12.021877]
2023-11-03 12:58:49.538: epoch 9:	0.01346507  	0.05181865  	0.03526311  
2023-11-03 12:58:49.538: Find a better model.
2023-11-03 12:59:01.664: [iter 10 : loss : 0.2893 = 0.2874 + -0.0000 + 0.0007 + 0.0012, time: 12.108662]
2023-11-03 12:59:02.276: epoch 10:	0.01377412  	0.05292817  	0.03613643  
2023-11-03 12:59:02.276: Find a better model.
2023-11-03 12:59:14.650: [iter 11 : loss : 0.2776 = 0.2756 + -0.0000 + 0.0008 + 0.0012, time: 12.358358]
2023-11-03 12:59:15.309: epoch 11:	0.01393179  	0.05330193  	0.03644785  
2023-11-03 12:59:15.309: Find a better model.
2023-11-03 12:59:27.653: [iter 12 : loss : 0.2677 = 0.2657 + -0.0000 + 0.0009 + 0.0011, time: 12.318350]
2023-11-03 12:59:28.240: epoch 12:	0.01431021  	0.05508192  	0.03766050  
2023-11-03 12:59:28.240: Find a better model.
2023-11-03 12:59:40.755: [iter 13 : loss : 0.2589 = 0.2568 + 0.0000 + 0.0009 + 0.0011, time: 12.499641]
2023-11-03 12:59:41.406: epoch 13:	0.01470754  	0.05677106  	0.03841319  
2023-11-03 12:59:41.407: Find a better model.
2023-11-03 12:59:53.755: [iter 14 : loss : 0.2500 = 0.2479 + -0.0000 + 0.0010 + 0.0011, time: 12.320886]
2023-11-03 12:59:54.405: epoch 14:	0.01489675  	0.05772503  	0.03922054  
2023-11-03 12:59:54.405: Find a better model.
2023-11-03 13:00:06.614: [iter 15 : loss : 0.2410 = 0.2388 + -0.0000 + 0.0010 + 0.0011, time: 12.194756]
2023-11-03 13:00:07.239: epoch 15:	0.01518056  	0.05882602  	0.04010366  
2023-11-03 13:00:07.239: Find a better model.
2023-11-03 13:00:19.622: [iter 16 : loss : 0.2343 = 0.2321 + 0.0000 + 0.0011 + 0.0011, time: 12.365941]
2023-11-03 13:00:20.229: epoch 16:	0.01535085  	0.05987586  	0.04100453  
2023-11-03 13:00:20.230: Find a better model.
2023-11-03 13:00:32.337: [iter 17 : loss : 0.2280 = 0.2257 + 0.0000 + 0.0012 + 0.0011, time: 12.091203]
2023-11-03 13:00:32.988: epoch 17:	0.01572927  	0.06126419  	0.04207081  
2023-11-03 13:00:32.988: Find a better model.
2023-11-03 13:00:44.993: [iter 18 : loss : 0.2222 = 0.2199 + 0.0000 + 0.0012 + 0.0010, time: 11.987568]
2023-11-03 13:00:45.635: epoch 18:	0.01608246  	0.06284502  	0.04285224  
2023-11-03 13:00:45.635: Find a better model.
2023-11-03 13:00:57.839: [iter 19 : loss : 0.2157 = 0.2133 + -0.0000 + 0.0013 + 0.0010, time: 12.189003]
2023-11-03 13:00:58.485: epoch 19:	0.01635366  	0.06400960  	0.04381491  
2023-11-03 13:00:58.485: Find a better model.
2023-11-03 13:01:10.877: [iter 20 : loss : 0.2100 = 0.2076 + 0.0000 + 0.0014 + 0.0010, time: 12.371593]
2023-11-03 13:01:11.512: epoch 20:	0.01679515  	0.06600410  	0.04495489  
2023-11-03 13:01:11.512: Find a better model.
2023-11-03 13:01:23.755: [iter 21 : loss : 0.2042 = 0.2018 + -0.0000 + 0.0014 + 0.0010, time: 12.226615]
2023-11-03 13:01:24.395: epoch 21:	0.01692130  	0.06648964  	0.04551373  
2023-11-03 13:01:24.395: Find a better model.
2023-11-03 13:01:36.850: [iter 22 : loss : 0.1996 = 0.1972 + -0.0000 + 0.0015 + 0.0010, time: 12.438222]
2023-11-03 13:01:37.463: epoch 22:	0.01725556  	0.06783648  	0.04653504  
2023-11-03 13:01:37.464: Find a better model.
2023-11-03 13:01:49.980: [iter 23 : loss : 0.1955 = 0.1930 + -0.0000 + 0.0015 + 0.0010, time: 12.500356]
2023-11-03 13:01:50.650: epoch 23:	0.01743216  	0.06824043  	0.04711173  
2023-11-03 13:01:50.650: Find a better model.
2023-11-03 13:02:03.097: [iter 24 : loss : 0.1919 = 0.1893 + 0.0000 + 0.0016 + 0.0010, time: 12.424966]
2023-11-03 13:02:03.747: epoch 24:	0.01772858  	0.06965426  	0.04809468  
2023-11-03 13:02:03.747: Find a better model.
2023-11-03 13:02:16.167: [iter 25 : loss : 0.1868 = 0.1842 + 0.0000 + 0.0016 + 0.0010, time: 12.403936]
2023-11-03 13:02:16.813: epoch 25:	0.01818901  	0.07159039  	0.04902216  
2023-11-03 13:02:16.813: Find a better model.
2023-11-03 13:02:29.200: [iter 26 : loss : 0.1819 = 0.1792 + -0.0000 + 0.0017 + 0.0009, time: 12.369534]
2023-11-03 13:02:29.825: epoch 26:	0.01846020  	0.07258773  	0.04980568  
2023-11-03 13:02:29.826: Find a better model.
2023-11-03 13:02:42.123: [iter 27 : loss : 0.1787 = 0.1760 + -0.0000 + 0.0018 + 0.0009, time: 12.273741]
2023-11-03 13:02:42.755: epoch 27:	0.01872511  	0.07362372  	0.05035222  
2023-11-03 13:02:42.755: Find a better model.
2023-11-03 13:02:55.167: [iter 28 : loss : 0.1748 = 0.1721 + -0.0000 + 0.0018 + 0.0009, time: 12.397196]
2023-11-03 13:02:55.779: epoch 28:	0.01890171  	0.07435594  	0.05080721  
2023-11-03 13:02:55.780: Find a better model.
2023-11-03 13:03:08.087: [iter 29 : loss : 0.1711 = 0.1683 + -0.0000 + 0.0019 + 0.0009, time: 12.288217]
2023-11-03 13:03:08.748: epoch 29:	0.01899631  	0.07457802  	0.05098535  
2023-11-03 13:03:08.748: Find a better model.
2023-11-03 13:03:21.041: [iter 30 : loss : 0.1688 = 0.1660 + 0.0000 + 0.0019 + 0.0009, time: 12.276953]
2023-11-03 13:03:21.658: epoch 30:	0.01925489  	0.07593136  	0.05161332  
2023-11-03 13:03:21.658: Find a better model.
2023-11-03 13:03:33.839: [iter 31 : loss : 0.1643 = 0.1614 + 0.0000 + 0.0020 + 0.0009, time: 12.165668]
2023-11-03 13:03:34.452: epoch 31:	0.01932427  	0.07646492  	0.05203221  
2023-11-03 13:03:34.452: Find a better model.
2023-11-03 13:03:46.963: [iter 32 : loss : 0.1628 = 0.1599 + -0.0000 + 0.0020 + 0.0009, time: 12.492299]
2023-11-03 13:03:47.597: epoch 32:	0.01970269  	0.07784667  	0.05284123  
2023-11-03 13:03:47.597: Find a better model.
2023-11-03 13:04:00.138: [iter 33 : loss : 0.1586 = 0.1556 + -0.0000 + 0.0021 + 0.0009, time: 12.519236]
2023-11-03 13:04:00.794: epoch 33:	0.02001174  	0.07910240  	0.05383532  
2023-11-03 13:04:00.795: Find a better model.
2023-11-03 13:04:13.515: [iter 34 : loss : 0.1572 = 0.1542 + -0.0000 + 0.0022 + 0.0009, time: 12.702871]
2023-11-03 13:04:14.170: epoch 34:	0.01994867  	0.07893300  	0.05407091  
2023-11-03 13:04:26.706: [iter 35 : loss : 0.1532 = 0.1501 + -0.0000 + 0.0022 + 0.0008, time: 12.518698]
2023-11-03 13:04:27.341: epoch 35:	0.02017571  	0.07965560  	0.05462080  
2023-11-03 13:04:27.341: Find a better model.
2023-11-03 13:04:39.741: [iter 36 : loss : 0.1505 = 0.1474 + -0.0000 + 0.0023 + 0.0008, time: 12.377596]
2023-11-03 13:04:40.384: epoch 36:	0.02039015  	0.08037563  	0.05504519  
2023-11-03 13:04:40.384: Find a better model.
2023-11-03 13:04:52.888: [iter 37 : loss : 0.1479 = 0.1447 + -0.0000 + 0.0023 + 0.0008, time: 12.482701]
2023-11-03 13:04:53.501: epoch 37:	0.02054152  	0.08120053  	0.05552591  
2023-11-03 13:04:53.501: Find a better model.
2023-11-03 13:05:06.209: [iter 38 : loss : 0.1462 = 0.1430 + -0.0000 + 0.0024 + 0.0008, time: 12.691000]
2023-11-03 13:05:06.854: epoch 38:	0.02071181  	0.08177573  	0.05604360  
2023-11-03 13:05:06.854: Find a better model.
2023-11-03 13:05:19.638: [iter 39 : loss : 0.1429 = 0.1396 + -0.0000 + 0.0024 + 0.0008, time: 12.760484]
2023-11-03 13:05:20.286: epoch 39:	0.02088210  	0.08263049  	0.05639673  
2023-11-03 13:05:20.286: Find a better model.
2023-11-03 13:05:32.927: [iter 40 : loss : 0.1415 = 0.1382 + 0.0000 + 0.0025 + 0.0008, time: 12.622435]
2023-11-03 13:05:33.599: epoch 40:	0.02107131  	0.08337671  	0.05688714  
2023-11-03 13:05:33.599: Find a better model.
2023-11-03 13:05:46.271: [iter 41 : loss : 0.1390 = 0.1357 + -0.0000 + 0.0025 + 0.0008, time: 12.648636]
2023-11-03 13:05:46.910: epoch 41:	0.02126683  	0.08439379  	0.05748739  
2023-11-03 13:05:46.910: Find a better model.
2023-11-03 13:05:59.608: [iter 42 : loss : 0.1368 = 0.1334 + -0.0000 + 0.0026 + 0.0008, time: 12.681060]
2023-11-03 13:06:00.244: epoch 42:	0.02128576  	0.08436385  	0.05771430  
2023-11-03 13:06:12.901: [iter 43 : loss : 0.1348 = 0.1314 + -0.0000 + 0.0026 + 0.0008, time: 12.637874]
2023-11-03 13:06:13.553: epoch 43:	0.02126683  	0.08429086  	0.05775549  
2023-11-03 13:06:25.908: [iter 44 : loss : 0.1334 = 0.1299 + -0.0000 + 0.0027 + 0.0008, time: 12.334629]
2023-11-03 13:06:26.558: epoch 44:	0.02165786  	0.08582198  	0.05850507  
2023-11-03 13:06:26.558: Find a better model.
2023-11-03 13:06:39.249: [iter 45 : loss : 0.1308 = 0.1273 + 0.0000 + 0.0027 + 0.0008, time: 12.671694]
2023-11-03 13:06:39.916: epoch 45:	0.02178400  	0.08670172  	0.05893598  
2023-11-03 13:06:39.916: Find a better model.
2023-11-03 13:06:52.241: [iter 46 : loss : 0.1289 = 0.1253 + 0.0000 + 0.0028 + 0.0008, time: 12.304240]
2023-11-03 13:06:52.821: epoch 46:	0.02200475  	0.08756546  	0.05943404  
2023-11-03 13:06:52.822: Find a better model.
2023-11-03 13:07:05.269: [iter 47 : loss : 0.1277 = 0.1242 + -0.0000 + 0.0028 + 0.0008, time: 12.430463]
2023-11-03 13:07:05.929: epoch 47:	0.02223810  	0.08842398  	0.05994428  
2023-11-03 13:07:05.929: Find a better model.
2023-11-03 13:07:18.268: [iter 48 : loss : 0.1254 = 0.1217 + 0.0000 + 0.0029 + 0.0007, time: 12.314675]
2023-11-03 13:07:18.848: epoch 48:	0.02234532  	0.08902556  	0.06028321  
2023-11-03 13:07:18.848: Find a better model.
2023-11-03 13:07:31.058: [iter 49 : loss : 0.1234 = 0.1198 + -0.0000 + 0.0029 + 0.0007, time: 12.197833]
2023-11-03 13:07:31.716: epoch 49:	0.02239577  	0.08887112  	0.06038780  
2023-11-03 13:07:44.032: [iter 50 : loss : 0.1211 = 0.1174 + -0.0000 + 0.0030 + 0.0007, time: 12.299023]
2023-11-03 13:07:44.695: epoch 50:	0.02262283  	0.08998957  	0.06106733  
2023-11-03 13:07:44.695: Find a better model.
2023-11-03 13:07:57.037: [iter 51 : loss : 0.1203 = 0.1166 + -0.0000 + 0.0030 + 0.0007, time: 12.329298]
2023-11-03 13:07:57.688: epoch 51:	0.02269851  	0.09043306  	0.06125495  
2023-11-03 13:07:57.688: Find a better model.
2023-11-03 13:08:10.062: [iter 52 : loss : 0.1187 = 0.1149 + -0.0000 + 0.0031 + 0.0007, time: 12.359990]
2023-11-03 13:08:10.710: epoch 52:	0.02283096  	0.09083334  	0.06163025  
2023-11-03 13:08:10.710: Find a better model.
2023-11-03 13:08:22.947: [iter 53 : loss : 0.1172 = 0.1134 + -0.0000 + 0.0031 + 0.0007, time: 12.220944]
2023-11-03 13:08:23.588: epoch 53:	0.02293187  	0.09132911  	0.06183385  
2023-11-03 13:08:23.588: Find a better model.
2023-11-03 13:08:35.937: [iter 54 : loss : 0.1159 = 0.1120 + 0.0000 + 0.0032 + 0.0007, time: 12.330890]
2023-11-03 13:08:36.552: epoch 54:	0.02315261  	0.09197428  	0.06233024  
2023-11-03 13:08:36.552: Find a better model.
2023-11-03 13:08:48.981: [iter 55 : loss : 0.1130 = 0.1091 + 0.0000 + 0.0032 + 0.0007, time: 12.417598]
2023-11-03 13:08:49.630: epoch 55:	0.02324722  	0.09282048  	0.06274141  
2023-11-03 13:08:49.630: Find a better model.
2023-11-03 13:09:02.006: [iter 56 : loss : 0.1123 = 0.1083 + 0.0000 + 0.0033 + 0.0007, time: 12.362476]
2023-11-03 13:09:02.600: epoch 56:	0.02336705  	0.09353997  	0.06305817  
2023-11-03 13:09:02.601: Find a better model.
2023-11-03 13:09:14.963: [iter 57 : loss : 0.1116 = 0.1076 + 0.0000 + 0.0033 + 0.0007, time: 12.346868]
2023-11-03 13:09:15.629: epoch 57:	0.02359409  	0.09433069  	0.06346795  
2023-11-03 13:09:15.630: Find a better model.
2023-11-03 13:09:28.071: [iter 58 : loss : 0.1090 = 0.1050 + 0.0000 + 0.0034 + 0.0007, time: 12.423767]
2023-11-03 13:09:28.690: epoch 58:	0.02372023  	0.09460717  	0.06362233  
2023-11-03 13:09:28.690: Find a better model.
2023-11-03 13:09:41.165: [iter 59 : loss : 0.1082 = 0.1041 + -0.0000 + 0.0034 + 0.0007, time: 12.456961]
2023-11-03 13:09:41.797: epoch 59:	0.02382746  	0.09525847  	0.06419710  
2023-11-03 13:09:41.798: Find a better model.
2023-11-03 13:09:54.032: [iter 60 : loss : 0.1075 = 0.1034 + -0.0000 + 0.0034 + 0.0007, time: 12.219117]
2023-11-03 13:09:54.632: epoch 60:	0.02394729  	0.09606799  	0.06468006  
2023-11-03 13:09:54.632: Find a better model.
2023-11-03 13:10:07.078: [iter 61 : loss : 0.1052 = 0.1011 + -0.0000 + 0.0035 + 0.0007, time: 12.430273]
2023-11-03 13:10:07.719: epoch 61:	0.02416174  	0.09681982  	0.06531449  
2023-11-03 13:10:07.720: Find a better model.
2023-11-03 13:10:20.289: [iter 62 : loss : 0.1040 = 0.0998 + -0.0000 + 0.0035 + 0.0007, time: 12.555925]
2023-11-03 13:10:20.932: epoch 62:	0.02428157  	0.09693191  	0.06558662  
2023-11-03 13:10:20.932: Find a better model.
2023-11-03 13:10:33.288: [iter 63 : loss : 0.1035 = 0.0993 + -0.0000 + 0.0036 + 0.0006, time: 12.340612]
2023-11-03 13:10:33.958: epoch 63:	0.02442663  	0.09791980  	0.06600738  
2023-11-03 13:10:33.958: Find a better model.
2023-11-03 13:10:46.281: [iter 64 : loss : 0.1016 = 0.0974 + -0.0000 + 0.0036 + 0.0006, time: 12.310216]
2023-11-03 13:10:46.935: epoch 64:	0.02468521  	0.09879275  	0.06659153  
2023-11-03 13:10:46.935: Find a better model.
2023-11-03 13:10:59.402: [iter 65 : loss : 0.0993 = 0.0950 + -0.0000 + 0.0037 + 0.0006, time: 12.453192]
2023-11-03 13:11:00.055: epoch 65:	0.02480504  	0.09932306  	0.06700161  
2023-11-03 13:11:00.056: Find a better model.
2023-11-03 13:11:12.299: [iter 66 : loss : 0.0991 = 0.0948 + 0.0000 + 0.0037 + 0.0006, time: 12.227827]
2023-11-03 13:11:12.950: epoch 66:	0.02491226  	0.09989342  	0.06754009  
2023-11-03 13:11:12.950: Find a better model.
2023-11-03 13:11:25.329: [iter 67 : loss : 0.0986 = 0.0942 + -0.0000 + 0.0038 + 0.0006, time: 12.361854]
2023-11-03 13:11:25.979: epoch 67:	0.02518977  	0.10118881  	0.06806679  
2023-11-03 13:11:25.979: Find a better model.
2023-11-03 13:11:38.412: [iter 68 : loss : 0.0975 = 0.0930 + 0.0000 + 0.0038 + 0.0006, time: 12.415421]
2023-11-03 13:11:39.050: epoch 68:	0.02546097  	0.10218526  	0.06892388  
2023-11-03 13:11:39.050: Find a better model.
2023-11-03 13:11:51.420: [iter 69 : loss : 0.0960 = 0.0916 + 0.0000 + 0.0039 + 0.0006, time: 12.354791]
2023-11-03 13:11:52.075: epoch 69:	0.02546097  	0.10210120  	0.06920567  
2023-11-03 13:12:04.368: [iter 70 : loss : 0.0956 = 0.0911 + -0.0000 + 0.0039 + 0.0006, time: 12.276310]
2023-11-03 13:12:05.011: epoch 70:	0.02566912  	0.10292351  	0.06957072  
2023-11-03 13:12:05.011: Find a better model.
2023-11-03 13:12:17.432: [iter 71 : loss : 0.0937 = 0.0892 + -0.0000 + 0.0039 + 0.0006, time: 12.404353]
2023-11-03 13:12:18.086: epoch 71:	0.02565020  	0.10313065  	0.06974339  
2023-11-03 13:12:18.086: Find a better model.
2023-11-03 13:12:30.485: [iter 72 : loss : 0.0930 = 0.0884 + -0.0000 + 0.0040 + 0.0006, time: 12.377013]
2023-11-03 13:12:31.128: epoch 72:	0.02593401  	0.10415691  	0.07039778  
2023-11-03 13:12:31.128: Find a better model.
2023-11-03 13:12:43.299: [iter 73 : loss : 0.0915 = 0.0869 + -0.0000 + 0.0040 + 0.0006, time: 12.158998]
2023-11-03 13:12:43.955: epoch 73:	0.02595923  	0.10428075  	0.07064238  
2023-11-03 13:12:43.955: Find a better model.
2023-11-03 13:12:56.444: [iter 74 : loss : 0.0913 = 0.0867 + -0.0000 + 0.0041 + 0.0006, time: 12.460882]
2023-11-03 13:12:57.090: epoch 74:	0.02588986  	0.10404777  	0.07076740  
2023-11-03 13:13:09.655: [iter 75 : loss : 0.0894 = 0.0847 + -0.0000 + 0.0041 + 0.0006, time: 12.548498]
2023-11-03 13:13:10.304: epoch 75:	0.02600339  	0.10461953  	0.07120769  
2023-11-03 13:13:10.304: Find a better model.
2023-11-03 13:13:22.768: [iter 76 : loss : 0.0899 = 0.0852 + 0.0000 + 0.0042 + 0.0006, time: 12.449863]
2023-11-03 13:13:23.424: epoch 76:	0.02603492  	0.10483290  	0.07119469  
2023-11-03 13:13:23.424: Find a better model.
2023-11-03 13:13:35.935: [iter 77 : loss : 0.0881 = 0.0834 + 0.0000 + 0.0042 + 0.0006, time: 12.495018]
2023-11-03 13:13:36.558: epoch 77:	0.02614844  	0.10553429  	0.07173032  
2023-11-03 13:13:36.559: Find a better model.
2023-11-03 13:13:48.969: [iter 78 : loss : 0.0871 = 0.0823 + 0.0000 + 0.0042 + 0.0006, time: 12.393329]
2023-11-03 13:13:49.614: epoch 78:	0.02633766  	0.10637378  	0.07199680  
2023-11-03 13:13:49.614: Find a better model.
2023-11-03 13:14:01.894: [iter 79 : loss : 0.0868 = 0.0820 + -0.0000 + 0.0043 + 0.0006, time: 12.263499]
2023-11-03 13:14:02.553: epoch 79:	0.02658363  	0.10728230  	0.07252262  
2023-11-03 13:14:02.553: Find a better model.
2023-11-03 13:14:15.080: [iter 80 : loss : 0.0852 = 0.0803 + -0.0000 + 0.0043 + 0.0006, time: 12.504566]
2023-11-03 13:14:15.721: epoch 80:	0.02677285  	0.10801241  	0.07274991  
2023-11-03 13:14:15.722: Find a better model.
2023-11-03 13:14:27.970: [iter 81 : loss : 0.0847 = 0.0798 + -0.0000 + 0.0044 + 0.0005, time: 12.230470]
2023-11-03 13:14:28.587: epoch 81:	0.02673500  	0.10802314  	0.07301494  
2023-11-03 13:14:28.587: Find a better model.
2023-11-03 13:14:40.857: [iter 82 : loss : 0.0848 = 0.0798 + -0.0000 + 0.0044 + 0.0005, time: 12.254037]
2023-11-03 13:14:41.497: epoch 82:	0.02693683  	0.10877685  	0.07341498  
2023-11-03 13:14:41.502: Find a better model.
2023-11-03 13:14:53.838: [iter 83 : loss : 0.0824 = 0.0774 + 0.0000 + 0.0044 + 0.0005, time: 12.323122]
2023-11-03 13:14:54.493: epoch 83:	0.02710711  	0.10951548  	0.07386184  
2023-11-03 13:14:54.493: Find a better model.
2023-11-03 13:15:06.862: [iter 84 : loss : 0.0814 = 0.0763 + -0.0000 + 0.0045 + 0.0005, time: 12.349937]
2023-11-03 13:15:07.510: epoch 84:	0.02741615  	0.11060330  	0.07434691  
2023-11-03 13:15:07.510: Find a better model.
2023-11-03 13:15:19.828: [iter 85 : loss : 0.0810 = 0.0760 + -0.0000 + 0.0045 + 0.0005, time: 12.302379]
2023-11-03 13:15:20.452: epoch 85:	0.02752337  	0.11108467  	0.07461590  
2023-11-03 13:15:20.452: Find a better model.
2023-11-03 13:15:32.823: [iter 86 : loss : 0.0808 = 0.0757 + 0.0000 + 0.0046 + 0.0005, time: 12.353925]
2023-11-03 13:15:33.463: epoch 86:	0.02770626  	0.11195676  	0.07511941  
2023-11-03 13:15:33.463: Find a better model.
2023-11-03 13:15:45.764: [iter 87 : loss : 0.0798 = 0.0747 + -0.0000 + 0.0046 + 0.0005, time: 12.283019]
2023-11-03 13:15:46.404: epoch 87:	0.02762428  	0.11163771  	0.07503167  
2023-11-03 13:15:58.873: [iter 88 : loss : 0.0793 = 0.0742 + -0.0000 + 0.0046 + 0.0005, time: 12.453624]
2023-11-03 13:15:59.530: epoch 88:	0.02778826  	0.11235446  	0.07552304  
2023-11-03 13:15:59.530: Find a better model.
2023-11-03 13:16:11.928: [iter 89 : loss : 0.0781 = 0.0729 + 0.0000 + 0.0047 + 0.0005, time: 12.381715]
2023-11-03 13:16:12.526: epoch 89:	0.02804685  	0.11317493  	0.07606285  
2023-11-03 13:16:12.526: Find a better model.
2023-11-03 13:16:24.899: [iter 90 : loss : 0.0778 = 0.0726 + 0.0000 + 0.0047 + 0.0005, time: 12.357632]
2023-11-03 13:16:25.532: epoch 90:	0.02800900  	0.11312048  	0.07629980  
2023-11-03 13:16:37.852: [iter 91 : loss : 0.0772 = 0.0719 + -0.0000 + 0.0048 + 0.0005, time: 12.304088]
2023-11-03 13:16:38.502: epoch 91:	0.02833698  	0.11489331  	0.07709175  
2023-11-03 13:16:38.502: Find a better model.
2023-11-03 13:16:50.875: [iter 92 : loss : 0.0768 = 0.0715 + 0.0000 + 0.0048 + 0.0005, time: 12.354273]
2023-11-03 13:16:51.522: epoch 92:	0.02828651  	0.11488512  	0.07704407  
2023-11-03 13:17:04.025: [iter 93 : loss : 0.0756 = 0.0702 + -0.0000 + 0.0048 + 0.0005, time: 12.489399]
2023-11-03 13:17:04.689: epoch 93:	0.02846942  	0.11577734  	0.07752255  
2023-11-03 13:17:04.689: Find a better model.
2023-11-03 13:17:17.084: [iter 94 : loss : 0.0759 = 0.0705 + -0.0000 + 0.0049 + 0.0005, time: 12.377634]
2023-11-03 13:17:17.726: epoch 94:	0.02846311  	0.11561649  	0.07760330  
2023-11-03 13:17:30.004: [iter 95 : loss : 0.0747 = 0.0693 + 0.0000 + 0.0049 + 0.0005, time: 12.255323]
2023-11-03 13:17:30.607: epoch 95:	0.02864601  	0.11634231  	0.07801852  
2023-11-03 13:17:30.608: Find a better model.
2023-11-03 13:17:43.084: [iter 96 : loss : 0.0737 = 0.0683 + 0.0000 + 0.0050 + 0.0005, time: 12.453122]
2023-11-03 13:17:43.737: epoch 96:	0.02892982  	0.11746521  	0.07837000  
2023-11-03 13:17:43.737: Find a better model.
2023-11-03 13:17:56.181: [iter 97 : loss : 0.0724 = 0.0670 + -0.0000 + 0.0050 + 0.0005, time: 12.429833]
2023-11-03 13:17:56.782: epoch 97:	0.02892982  	0.11747780  	0.07825481  
2023-11-03 13:17:56.783: Find a better model.
2023-11-03 13:18:09.011: [iter 98 : loss : 0.0725 = 0.0670 + 0.0000 + 0.0050 + 0.0005, time: 12.213916]
2023-11-03 13:18:09.655: epoch 98:	0.02901813  	0.11806975  	0.07880670  
2023-11-03 13:18:09.655: Find a better model.
2023-11-03 13:18:21.966: [iter 99 : loss : 0.0715 = 0.0660 + -0.0000 + 0.0051 + 0.0005, time: 12.296318]
2023-11-03 13:18:22.579: epoch 99:	0.02911904  	0.11849120  	0.07915194  
2023-11-03 13:18:22.579: Find a better model.
2023-11-03 13:18:34.921: [iter 100 : loss : 0.0717 = 0.0661 + -0.0000 + 0.0051 + 0.0005, time: 12.325119]
2023-11-03 13:18:35.567: epoch 100:	0.02937762  	0.11928319  	0.07979441  
2023-11-03 13:18:35.567: Find a better model.
2023-11-03 13:18:47.977: [iter 101 : loss : 0.0717 = 0.0661 + 0.0000 + 0.0052 + 0.0005, time: 12.395217]
2023-11-03 13:18:48.553: epoch 101:	0.02921364  	0.11878680  	0.07939092  
2023-11-03 13:19:01.031: [iter 102 : loss : 0.0712 = 0.0656 + 0.0000 + 0.0052 + 0.0005, time: 12.463965]
2023-11-03 13:19:01.699: epoch 102:	0.02939023  	0.11968724  	0.07991565  
2023-11-03 13:19:01.699: Find a better model.
2023-11-03 13:19:14.338: [iter 103 : loss : 0.0699 = 0.0642 + 0.0000 + 0.0052 + 0.0005, time: 12.619271]
2023-11-03 13:19:14.990: epoch 103:	0.02947222  	0.11991861  	0.08007071  
2023-11-03 13:19:14.991: Find a better model.
2023-11-03 13:19:27.216: [iter 104 : loss : 0.0690 = 0.0633 + 0.0000 + 0.0053 + 0.0004, time: 12.206996]
2023-11-03 13:19:27.867: epoch 104:	0.02956683  	0.12032791  	0.08054860  
2023-11-03 13:19:27.867: Find a better model.
2023-11-03 13:19:40.088: [iter 105 : loss : 0.0682 = 0.0625 + 0.0000 + 0.0053 + 0.0004, time: 12.205526]
2023-11-03 13:19:40.736: epoch 105:	0.02960468  	0.12050008  	0.08080687  
2023-11-03 13:19:40.736: Find a better model.
2023-11-03 13:19:53.180: [iter 106 : loss : 0.0688 = 0.0630 + -0.0000 + 0.0053 + 0.0004, time: 12.428490]
2023-11-03 13:19:53.828: epoch 106:	0.02952269  	0.12001100  	0.08045766  
2023-11-03 13:20:06.236: [iter 107 : loss : 0.0677 = 0.0619 + -0.0000 + 0.0054 + 0.0004, time: 12.391760]
2023-11-03 13:20:06.872: epoch 107:	0.02969297  	0.12053468  	0.08076952  
2023-11-03 13:20:06.872: Find a better model.
2023-11-03 13:20:19.340: [iter 108 : loss : 0.0678 = 0.0620 + 0.0000 + 0.0054 + 0.0004, time: 12.453604]
2023-11-03 13:20:19.942: epoch 108:	0.02962359  	0.12026430  	0.08072475  
2023-11-03 13:20:32.103: [iter 109 : loss : 0.0662 = 0.0604 + 0.0000 + 0.0054 + 0.0004, time: 12.146363]
2023-11-03 13:20:32.746: epoch 109:	0.02972451  	0.12049172  	0.08086286  
2023-11-03 13:20:45.180: [iter 110 : loss : 0.0662 = 0.0603 + 0.0000 + 0.0055 + 0.0004, time: 12.420944]
2023-11-03 13:20:45.844: epoch 110:	0.02978127  	0.12106366  	0.08137299  
2023-11-03 13:20:45.844: Find a better model.
2023-11-03 13:20:58.160: [iter 111 : loss : 0.0648 = 0.0589 + 0.0000 + 0.0055 + 0.0004, time: 12.298103]
2023-11-03 13:20:58.819: epoch 111:	0.02994525  	0.12181610  	0.08169522  
2023-11-03 13:20:58.819: Find a better model.
2023-11-03 13:21:11.183: [iter 112 : loss : 0.0654 = 0.0595 + 0.0000 + 0.0055 + 0.0004, time: 12.347247]
2023-11-03 13:21:11.820: epoch 112:	0.03006508  	0.12221888  	0.08200303  
2023-11-03 13:21:11.820: Find a better model.
2023-11-03 13:21:24.188: [iter 113 : loss : 0.0640 = 0.0580 + 0.0000 + 0.0056 + 0.0004, time: 12.354117]
2023-11-03 13:21:24.847: epoch 113:	0.03002723  	0.12201148  	0.08209440  
2023-11-03 13:21:37.361: [iter 114 : loss : 0.0640 = 0.0579 + 0.0000 + 0.0056 + 0.0004, time: 12.497526]
2023-11-03 13:21:38.032: epoch 114:	0.03036780  	0.12348299  	0.08251520  
2023-11-03 13:21:38.032: Find a better model.
2023-11-03 13:21:50.685: [iter 115 : loss : 0.0641 = 0.0580 + 0.0000 + 0.0057 + 0.0004, time: 12.638177]
2023-11-03 13:21:51.339: epoch 115:	0.03027950  	0.12310477  	0.08270585  
2023-11-03 13:22:03.891: [iter 116 : loss : 0.0636 = 0.0575 + -0.0000 + 0.0057 + 0.0004, time: 12.536766]
2023-11-03 13:22:04.535: epoch 116:	0.03036151  	0.12361967  	0.08326823  
2023-11-03 13:22:04.536: Find a better model.
2023-11-03 13:22:17.044: [iter 117 : loss : 0.0629 = 0.0568 + -0.0000 + 0.0057 + 0.0004, time: 12.494743]
2023-11-03 13:22:17.630: epoch 117:	0.03039303  	0.12367284  	0.08338322  
2023-11-03 13:22:17.630: Find a better model.
2023-11-03 13:22:29.905: [iter 118 : loss : 0.0619 = 0.0557 + 0.0000 + 0.0058 + 0.0004, time: 12.263245]
2023-11-03 13:22:30.547: epoch 118:	0.03041196  	0.12419574  	0.08344644  
2023-11-03 13:22:30.547: Find a better model.
2023-11-03 13:22:42.927: [iter 119 : loss : 0.0623 = 0.0561 + 0.0000 + 0.0058 + 0.0004, time: 12.366349]
2023-11-03 13:22:43.548: epoch 119:	0.03029212  	0.12353054  	0.08334459  
2023-11-03 13:22:55.802: [iter 120 : loss : 0.0617 = 0.0555 + -0.0000 + 0.0058 + 0.0004, time: 12.238955]
2023-11-03 13:22:56.412: epoch 120:	0.03041827  	0.12381496  	0.08319067  
2023-11-03 13:23:08.805: [iter 121 : loss : 0.0617 = 0.0554 + -0.0000 + 0.0059 + 0.0004, time: 12.380337]
2023-11-03 13:23:09.401: epoch 121:	0.03031105  	0.12347871  	0.08325497  
2023-11-03 13:23:21.745: [iter 122 : loss : 0.0608 = 0.0545 + 0.0000 + 0.0059 + 0.0004, time: 12.330873]
2023-11-03 13:23:22.364: epoch 122:	0.03032996  	0.12395196  	0.08379273  
2023-11-03 13:23:34.546: [iter 123 : loss : 0.0604 = 0.0541 + 0.0000 + 0.0059 + 0.0004, time: 12.168210]
2023-11-03 13:23:35.181: epoch 123:	0.03024168  	0.12330985  	0.08352761  
2023-11-03 13:23:47.387: [iter 124 : loss : 0.0602 = 0.0539 + 0.0000 + 0.0060 + 0.0004, time: 12.187527]
2023-11-03 13:23:48.030: epoch 124:	0.03045611  	0.12405407  	0.08388887  
2023-11-03 13:24:00.286: [iter 125 : loss : 0.0605 = 0.0541 + -0.0000 + 0.0060 + 0.0004, time: 12.240894]
2023-11-03 13:24:00.940: epoch 125:	0.03036150  	0.12392110  	0.08385993  
2023-11-03 13:24:13.415: [iter 126 : loss : 0.0590 = 0.0526 + -0.0000 + 0.0060 + 0.0004, time: 12.459135]
2023-11-03 13:24:14.063: epoch 126:	0.03072731  	0.12535807  	0.08430593  
2023-11-03 13:24:14.063: Find a better model.
2023-11-03 13:24:26.441: [iter 127 : loss : 0.0585 = 0.0521 + -0.0000 + 0.0061 + 0.0004, time: 12.362154]
2023-11-03 13:24:27.080: epoch 127:	0.03063899  	0.12485339  	0.08424062  
2023-11-03 13:24:39.409: [iter 128 : loss : 0.0590 = 0.0526 + 0.0000 + 0.0061 + 0.0004, time: 12.315486]
2023-11-03 13:24:40.050: epoch 128:	0.03059484  	0.12473266  	0.08432395  
2023-11-03 13:24:52.497: [iter 129 : loss : 0.0584 = 0.0519 + -0.0000 + 0.0061 + 0.0004, time: 12.433773]
2023-11-03 13:24:53.139: epoch 129:	0.03071469  	0.12534854  	0.08475401  
2023-11-03 13:25:05.579: [iter 130 : loss : 0.0582 = 0.0517 + 0.0000 + 0.0062 + 0.0004, time: 12.426370]
2023-11-03 13:25:06.231: epoch 130:	0.03091022  	0.12625159  	0.08552719  
2023-11-03 13:25:06.231: Find a better model.
2023-11-03 13:25:18.636: [iter 131 : loss : 0.0566 = 0.0501 + -0.0000 + 0.0062 + 0.0003, time: 12.380154]
2023-11-03 13:25:19.262: epoch 131:	0.03082190  	0.12564512  	0.08507613  
2023-11-03 13:25:31.598: [iter 132 : loss : 0.0579 = 0.0514 + 0.0000 + 0.0062 + 0.0003, time: 12.322868]
2023-11-03 13:25:32.234: epoch 132:	0.03111202  	0.12662445  	0.08555844  
2023-11-03 13:25:32.234: Find a better model.
2023-11-03 13:25:44.548: [iter 133 : loss : 0.0571 = 0.0505 + -0.0000 + 0.0063 + 0.0003, time: 12.298189]
2023-11-03 13:25:45.200: epoch 133:	0.03108680  	0.12692083  	0.08556473  
2023-11-03 13:25:45.201: Find a better model.
2023-11-03 13:25:57.443: [iter 134 : loss : 0.0567 = 0.0500 + -0.0000 + 0.0063 + 0.0003, time: 12.227260]
2023-11-03 13:25:58.044: epoch 134:	0.03125709  	0.12756352  	0.08594436  
2023-11-03 13:25:58.044: Find a better model.
2023-11-03 13:26:10.418: [iter 135 : loss : 0.0564 = 0.0498 + -0.0000 + 0.0063 + 0.0003, time: 12.357406]
2023-11-03 13:26:11.035: epoch 135:	0.03102373  	0.12620816  	0.08559151  
2023-11-03 13:26:23.509: [iter 136 : loss : 0.0552 = 0.0486 + 0.0000 + 0.0063 + 0.0003, time: 12.458884]
2023-11-03 13:26:24.155: epoch 136:	0.03094804  	0.12612747  	0.08559196  
2023-11-03 13:26:36.482: [iter 137 : loss : 0.0560 = 0.0493 + 0.0000 + 0.0064 + 0.0003, time: 12.310883]
2023-11-03 13:26:37.120: epoch 137:	0.03118141  	0.12711588  	0.08596913  
2023-11-03 13:26:49.568: [iter 138 : loss : 0.0554 = 0.0487 + 0.0000 + 0.0064 + 0.0003, time: 12.434052]
2023-11-03 13:26:50.230: epoch 138:	0.03122556  	0.12709875  	0.08591119  
2023-11-03 13:27:02.415: [iter 139 : loss : 0.0553 = 0.0486 + 0.0000 + 0.0064 + 0.0003, time: 12.171269]
2023-11-03 13:27:03.064: epoch 139:	0.03146523  	0.12815036  	0.08669693  
2023-11-03 13:27:03.064: Find a better model.
2023-11-03 13:27:15.332: [iter 140 : loss : 0.0551 = 0.0483 + 0.0000 + 0.0065 + 0.0003, time: 12.254916]
2023-11-03 13:27:15.975: epoch 140:	0.03161658  	0.12885821  	0.08685904  
2023-11-03 13:27:15.975: Find a better model.
2023-11-03 13:27:28.489: [iter 141 : loss : 0.0550 = 0.0482 + 0.0000 + 0.0065 + 0.0003, time: 12.495588]
2023-11-03 13:27:29.140: epoch 141:	0.03166074  	0.12926799  	0.08744518  
2023-11-03 13:27:29.140: Find a better model.
2023-11-03 13:27:41.598: [iter 142 : loss : 0.0540 = 0.0472 + -0.0000 + 0.0065 + 0.0003, time: 12.443519]
2023-11-03 13:27:42.240: epoch 142:	0.03154720  	0.12891848  	0.08751325  
2023-11-03 13:27:54.767: [iter 143 : loss : 0.0547 = 0.0478 + -0.0000 + 0.0066 + 0.0003, time: 12.514661]
2023-11-03 13:27:55.412: epoch 143:	0.03168596  	0.12909055  	0.08750831  
2023-11-03 13:28:07.720: [iter 144 : loss : 0.0536 = 0.0467 + -0.0000 + 0.0066 + 0.0003, time: 12.285664]
2023-11-03 13:28:08.360: epoch 144:	0.03164181  	0.12889504  	0.08770750  
2023-11-03 13:28:20.835: [iter 145 : loss : 0.0534 = 0.0465 + -0.0000 + 0.0066 + 0.0003, time: 12.461747]
2023-11-03 13:28:21.482: epoch 145:	0.03190672  	0.12990500  	0.08824765  
2023-11-03 13:28:21.482: Find a better model.
2023-11-03 13:28:33.870: [iter 146 : loss : 0.0534 = 0.0464 + -0.0000 + 0.0066 + 0.0003, time: 12.371716]
2023-11-03 13:28:34.506: epoch 146:	0.03171750  	0.12924191  	0.08796765  
2023-11-03 13:28:46.973: [iter 147 : loss : 0.0535 = 0.0466 + -0.0000 + 0.0067 + 0.0003, time: 12.449843]
2023-11-03 13:28:47.612: epoch 147:	0.03194456  	0.13015485  	0.08850930  
2023-11-03 13:28:47.612: Find a better model.
2023-11-03 13:28:59.941: [iter 148 : loss : 0.0531 = 0.0460 + -0.0000 + 0.0067 + 0.0003, time: 12.311933]
2023-11-03 13:29:00.589: epoch 148:	0.03192563  	0.13001305  	0.08870854  
2023-11-03 13:29:13.042: [iter 149 : loss : 0.0523 = 0.0453 + -0.0000 + 0.0067 + 0.0003, time: 12.436546]
2023-11-03 13:29:13.697: epoch 149:	0.03184994  	0.12975049  	0.08830477  
2023-11-03 13:29:26.132: [iter 150 : loss : 0.0529 = 0.0458 + -0.0000 + 0.0068 + 0.0003, time: 12.416518]
2023-11-03 13:29:26.738: epoch 150:	0.03186887  	0.12974957  	0.08819401  
2023-11-03 13:29:38.865: [iter 151 : loss : 0.0522 = 0.0451 + 0.0000 + 0.0068 + 0.0003, time: 12.111920]
2023-11-03 13:29:39.465: epoch 151:	0.03191301  	0.13006718  	0.08844221  
2023-11-03 13:29:52.019: [iter 152 : loss : 0.0518 = 0.0447 + 0.0000 + 0.0068 + 0.0003, time: 12.539613]
2023-11-03 13:29:52.664: epoch 152:	0.03190671  	0.13013086  	0.08839240  
2023-11-03 13:30:05.165: [iter 153 : loss : 0.0514 = 0.0443 + -0.0000 + 0.0069 + 0.0003, time: 12.486059]
2023-11-03 13:30:05.814: epoch 153:	0.03188780  	0.12993142  	0.08849570  
2023-11-03 13:30:18.028: [iter 154 : loss : 0.0521 = 0.0449 + -0.0000 + 0.0069 + 0.0003, time: 12.199726]
2023-11-03 13:30:18.640: epoch 154:	0.03193194  	0.13016598  	0.08879569  
2023-11-03 13:30:18.640: Find a better model.
2023-11-03 13:30:31.023: [iter 155 : loss : 0.0509 = 0.0437 + 0.0000 + 0.0069 + 0.0003, time: 12.360245]
2023-11-03 13:30:31.670: epoch 155:	0.03205807  	0.13076364  	0.08904205  
2023-11-03 13:30:31.670: Find a better model.
2023-11-03 13:30:43.919: [iter 156 : loss : 0.0503 = 0.0430 + 0.0000 + 0.0069 + 0.0003, time: 12.233704]
2023-11-03 13:30:44.563: epoch 156:	0.03223467  	0.13145399  	0.08929552  
2023-11-03 13:30:44.563: Find a better model.
2023-11-03 13:30:57.064: [iter 157 : loss : 0.0502 = 0.0430 + -0.0000 + 0.0070 + 0.0003, time: 12.486015]
2023-11-03 13:30:57.686: epoch 157:	0.03235450  	0.13196677  	0.08962978  
2023-11-03 13:30:57.686: Find a better model.
2023-11-03 13:31:09.987: [iter 158 : loss : 0.0505 = 0.0433 + 0.0000 + 0.0070 + 0.0003, time: 12.287139]
2023-11-03 13:31:10.635: epoch 158:	0.03244277  	0.13237821  	0.08996624  
2023-11-03 13:31:10.636: Find a better model.
2023-11-03 13:31:23.069: [iter 159 : loss : 0.0502 = 0.0429 + -0.0000 + 0.0070 + 0.0003, time: 12.417413]
2023-11-03 13:31:23.664: epoch 159:	0.03242385  	0.13225037  	0.08987282  
2023-11-03 13:31:36.055: [iter 160 : loss : 0.0496 = 0.0423 + -0.0000 + 0.0070 + 0.0003, time: 12.372856]
2023-11-03 13:31:36.698: epoch 160:	0.03262565  	0.13344732  	0.09024818  
2023-11-03 13:31:36.698: Find a better model.
2023-11-03 13:31:48.977: [iter 161 : loss : 0.0497 = 0.0423 + -0.0000 + 0.0071 + 0.0003, time: 12.265456]
2023-11-03 13:31:49.595: epoch 161:	0.03257522  	0.13329554  	0.09012219  
2023-11-03 13:32:01.810: [iter 162 : loss : 0.0495 = 0.0422 + 0.0000 + 0.0071 + 0.0003, time: 12.199160]
2023-11-03 13:32:02.424: epoch 162:	0.03256891  	0.13346629  	0.09020897  
2023-11-03 13:32:02.424: Find a better model.
2023-11-03 13:32:14.956: [iter 163 : loss : 0.0490 = 0.0416 + -0.0000 + 0.0071 + 0.0003, time: 12.516917]
2023-11-03 13:32:15.604: epoch 163:	0.03255630  	0.13298704  	0.09034025  
2023-11-03 13:32:28.177: [iter 164 : loss : 0.0491 = 0.0416 + -0.0000 + 0.0072 + 0.0003, time: 12.558418]
2023-11-03 13:32:28.842: epoch 164:	0.03255629  	0.13285081  	0.09012125  
2023-11-03 13:32:41.251: [iter 165 : loss : 0.0490 = 0.0416 + 0.0000 + 0.0072 + 0.0002, time: 12.395776]
2023-11-03 13:32:41.903: epoch 165:	0.03274548  	0.13350280  	0.09072722  
2023-11-03 13:32:41.903: Find a better model.
2023-11-03 13:32:54.000: [iter 166 : loss : 0.0485 = 0.0410 + 0.0000 + 0.0072 + 0.0002, time: 12.081401]
2023-11-03 13:32:54.646: epoch 166:	0.03282117  	0.13405533  	0.09104589  
2023-11-03 13:32:54.646: Find a better model.
2023-11-03 13:33:07.213: [iter 167 : loss : 0.0482 = 0.0407 + -0.0000 + 0.0072 + 0.0002, time: 12.550473]
2023-11-03 13:33:07.840: epoch 167:	0.03280224  	0.13379461  	0.09106778  
2023-11-03 13:33:20.350: [iter 168 : loss : 0.0484 = 0.0409 + -0.0000 + 0.0073 + 0.0002, time: 12.495849]
2023-11-03 13:33:21.015: epoch 168:	0.03294728  	0.13448270  	0.09142128  
2023-11-03 13:33:21.015: Find a better model.
2023-11-03 13:33:33.300: [iter 169 : loss : 0.0483 = 0.0408 + -0.0000 + 0.0073 + 0.0002, time: 12.269918]
2023-11-03 13:33:33.932: epoch 169:	0.03285269  	0.13430747  	0.09121248  
2023-11-03 13:33:46.360: [iter 170 : loss : 0.0482 = 0.0406 + 0.0000 + 0.0073 + 0.0002, time: 12.414613]
2023-11-03 13:33:47.004: epoch 170:	0.03265088  	0.13344185  	0.09082866  
2023-11-03 13:33:59.284: [iter 171 : loss : 0.0473 = 0.0398 + 0.0000 + 0.0073 + 0.0002, time: 12.264810]
2023-11-03 13:33:59.924: epoch 171:	0.03287791  	0.13462299  	0.09150004  
2023-11-03 13:33:59.924: Find a better model.
2023-11-03 13:34:12.135: [iter 172 : loss : 0.0470 = 0.0394 + 0.0000 + 0.0074 + 0.0002, time: 12.196420]
2023-11-03 13:34:12.740: epoch 172:	0.03298510  	0.13484815  	0.09161616  
2023-11-03 13:34:12.740: Find a better model.
2023-11-03 13:34:25.059: [iter 173 : loss : 0.0476 = 0.0400 + -0.0000 + 0.0074 + 0.0002, time: 12.301402]
2023-11-03 13:34:25.712: epoch 173:	0.03316168  	0.13546039  	0.09203143  
2023-11-03 13:34:25.713: Find a better model.
2023-11-03 13:34:38.171: [iter 174 : loss : 0.0471 = 0.0395 + -0.0000 + 0.0074 + 0.0002, time: 12.443603]
2023-11-03 13:34:38.826: epoch 174:	0.03321212  	0.13598712  	0.09245819  
2023-11-03 13:34:38.826: Find a better model.
2023-11-03 13:34:51.348: [iter 175 : loss : 0.0473 = 0.0397 + 0.0000 + 0.0074 + 0.0002, time: 12.502677]
2023-11-03 13:34:52.012: epoch 175:	0.03321841  	0.13575728  	0.09235848  
2023-11-03 13:35:04.469: [iter 176 : loss : 0.0471 = 0.0394 + -0.0000 + 0.0075 + 0.0002, time: 12.440299]
2023-11-03 13:35:05.077: epoch 176:	0.03333824  	0.13614397  	0.09225461  
2023-11-03 13:35:05.077: Find a better model.
2023-11-03 13:35:17.580: [iter 177 : loss : 0.0467 = 0.0390 + -0.0000 + 0.0075 + 0.0002, time: 12.486066]
2023-11-03 13:35:18.235: epoch 177:	0.03328149  	0.13596377  	0.09258015  
2023-11-03 13:35:30.881: [iter 178 : loss : 0.0464 = 0.0387 + -0.0000 + 0.0075 + 0.0002, time: 12.628583]
2023-11-03 13:35:31.527: epoch 178:	0.03326887  	0.13563542  	0.09260046  
2023-11-03 13:35:43.949: [iter 179 : loss : 0.0464 = 0.0386 + 0.0000 + 0.0075 + 0.0002, time: 12.406782]
2023-11-03 13:35:44.580: epoch 179:	0.03317428  	0.13524699  	0.09277790  
2023-11-03 13:35:56.964: [iter 180 : loss : 0.0466 = 0.0388 + -0.0000 + 0.0076 + 0.0002, time: 12.357646]
2023-11-03 13:35:57.637: epoch 180:	0.03335084  	0.13564028  	0.09269634  
2023-11-03 13:36:10.064: [iter 181 : loss : 0.0467 = 0.0389 + 0.0000 + 0.0076 + 0.0002, time: 12.408634]
2023-11-03 13:36:10.697: epoch 181:	0.03330041  	0.13580221  	0.09285431  
2023-11-03 13:36:23.245: [iter 182 : loss : 0.0458 = 0.0379 + -0.0000 + 0.0076 + 0.0002, time: 12.527630]
2023-11-03 13:36:23.856: epoch 182:	0.03339500  	0.13606875  	0.09291592  
2023-11-03 13:36:36.232: [iter 183 : loss : 0.0453 = 0.0374 + -0.0000 + 0.0076 + 0.0002, time: 12.357165]
2023-11-03 13:36:36.888: epoch 183:	0.03318060  	0.13510278  	0.09247223  
2023-11-03 13:36:49.387: [iter 184 : loss : 0.0456 = 0.0377 + 0.0000 + 0.0077 + 0.0002, time: 12.482379]
2023-11-03 13:36:50.020: epoch 184:	0.03330671  	0.13542564  	0.09262080  
2023-11-03 13:37:02.402: [iter 185 : loss : 0.0448 = 0.0369 + -0.0000 + 0.0077 + 0.0002, time: 12.360060]
2023-11-03 13:37:03.020: epoch 185:	0.03333194  	0.13572799  	0.09276583  
2023-11-03 13:37:15.477: [iter 186 : loss : 0.0454 = 0.0374 + 0.0000 + 0.0077 + 0.0002, time: 12.441349]
2023-11-03 13:37:16.120: epoch 186:	0.03328780  	0.13587673  	0.09286482  
2023-11-03 13:37:16.120: Early stopping is trigger at epoch: 186
2023-11-03 13:37:16.120: best_result@epoch 176:

2023-11-03 13:37:16.120: 		0.0333      	0.1361      	0.0923      
