2023-09-03 16:17:41.982: my pid: 10209
2023-09-03 16:17:41.982: model: model.general_recommender.GNNEC
2023-09-03 16:17:41.982: Dataset statistics:
Name: yelp
The number of users: 7750
The number of items: 28918
The number of ratings: 750318
Average actions of users: 96.82
Average actions of items: 25.95
The sparsity of the dataset: 99.665208%

The number of training: 678579
The number of validation: 0
The number of testing: 71739
2023-09-03 16:17:41.982: NeuRec:[NeuRec]:
recommender=GNNEC
dataset=yelp
file_column=UI
sep=','
gpu_id=0
gpu_mem=0.99
metric=["Precision", "Recall", "NDCG"]
top_k=[20]
test_thread=8
test_batch_size=128
seed=2021
start_testing_epoch=0

GNNEC:[hyperparameters]:
mf_reg=1e-4
svd_q=5
aug_type=ND
reg=1e-4
embed_size=64
n_layers=2
ssl_reg=0.02
ssl_ratio=0.1
ssl_temp=0.8
ssl_mode=both_side
lr=1e-3
learner=adam
adj_type=pre
epochs=200
batch_size=2048
num_negatives=1
param_init=xavier_uniform
stddev=0.01
verbose=1
stop_cnt=10
pretrain_flag=0
save_flag=0

Command line:
recommender=GNNEC
dataset=yelp
epochs=200
n_layers=2
embed_size=64
batch_size=2048
lr=1e-3
aug_type=ND
reg=1e-4
ssl_reg=0.02
ssl_ratio=0.1
ssl_temp=0.8
mf_reg=1e-4
svd_q=5
2023-09-03 16:17:46.689: metrics:	Precision@20	Recall@20   	NDCG@20     
2023-09-03 16:18:13.464: [iter 1 : loss : 0.7542 = 0.4473 + 0.3053 + 0.0001 + 0.0015, time: 26.774053]
2023-09-03 16:18:14.093: epoch 1:	0.02534245  	0.05467591  	0.04664097  
2023-09-03 16:18:14.094: Find a better model.
2023-09-03 16:18:40.008: [iter 2 : loss : 0.4863 = 0.2466 + 0.2380 + 0.0004 + 0.0012, time: 25.887443]
2023-09-03 16:18:40.672: epoch 2:	0.02525858  	0.05438313  	0.04634000  
2023-09-03 16:19:06.526: [iter 3 : loss : 0.4486 = 0.2270 + 0.2199 + 0.0006 + 0.0011, time: 25.819669]
2023-09-03 16:19:07.182: epoch 3:	0.02529085  	0.05455954  	0.04641082  
2023-09-03 16:19:33.122: [iter 4 : loss : 0.4267 = 0.2153 + 0.2096 + 0.0007 + 0.0011, time: 25.911588]
2023-09-03 16:19:33.781: epoch 4:	0.02572311  	0.05559807  	0.04682968  
2023-09-03 16:19:33.782: Find a better model.
2023-09-03 16:19:59.840: [iter 5 : loss : 0.4088 = 0.2054 + 0.2016 + 0.0008 + 0.0010, time: 26.036038]
2023-09-03 16:20:00.547: epoch 5:	0.02616830  	0.05650179  	0.04756264  
2023-09-03 16:20:00.547: Find a better model.
2023-09-03 16:20:26.771: [iter 6 : loss : 0.3932 = 0.1964 + 0.1949 + 0.0009 + 0.0010, time: 26.196455]
2023-09-03 16:20:27.436: epoch 6:	0.02647154  	0.05713740  	0.04787230  
2023-09-03 16:20:27.436: Find a better model.
2023-09-03 16:20:53.430: [iter 7 : loss : 0.3755 = 0.1851 + 0.1884 + 0.0010 + 0.0010, time: 25.969009]
2023-09-03 16:20:54.113: epoch 7:	0.02663928  	0.05747272  	0.04845598  
2023-09-03 16:20:54.113: Find a better model.
2023-09-03 16:21:20.380: [iter 8 : loss : 0.3621 = 0.1774 + 0.1827 + 0.0011 + 0.0009, time: 26.234160]
2023-09-03 16:21:21.030: epoch 8:	0.02690382  	0.05816085  	0.04897606  
2023-09-03 16:21:21.030: Find a better model.
2023-09-03 16:21:47.216: [iter 9 : loss : 0.3518 = 0.1722 + 0.1775 + 0.0012 + 0.0009, time: 26.160975]
2023-09-03 16:21:47.887: epoch 9:	0.02721350  	0.05884121  	0.04943476  
2023-09-03 16:21:47.887: Find a better model.
2023-09-03 16:22:14.226: [iter 10 : loss : 0.3413 = 0.1665 + 0.1725 + 0.0013 + 0.0009, time: 26.312096]
2023-09-03 16:22:14.898: epoch 10:	0.02743286  	0.05910301  	0.04953780  
2023-09-03 16:22:14.898: Find a better model.
2023-09-03 16:22:41.168: [iter 11 : loss : 0.3326 = 0.1621 + 0.1682 + 0.0015 + 0.0009, time: 26.240375]
2023-09-03 16:22:41.825: epoch 11:	0.02772318  	0.06004382  	0.05015197  
2023-09-03 16:22:41.825: Find a better model.
2023-09-03 16:23:07.956: [iter 12 : loss : 0.3240 = 0.1580 + 0.1636 + 0.0016 + 0.0008, time: 26.101876]
2023-09-03 16:23:08.608: epoch 12:	0.02792964  	0.06027659  	0.05048967  
2023-09-03 16:23:08.608: Find a better model.
2023-09-03 16:23:34.762: [iter 13 : loss : 0.3172 = 0.1551 + 0.1596 + 0.0017 + 0.0008, time: 26.130296]
2023-09-03 16:23:35.409: epoch 13:	0.02814256  	0.06065356  	0.05093032  
2023-09-03 16:23:35.409: Find a better model.
2023-09-03 16:24:01.463: [iter 14 : loss : 0.3077 = 0.1497 + 0.1553 + 0.0018 + 0.0008, time: 26.028898]
2023-09-03 16:24:02.112: epoch 14:	0.02851676  	0.06155913  	0.05142029  
2023-09-03 16:24:02.113: Find a better model.
2023-09-03 16:24:28.201: [iter 15 : loss : 0.3032 = 0.1490 + 0.1515 + 0.0019 + 0.0008, time: 26.062842]
2023-09-03 16:24:28.909: epoch 15:	0.02856194  	0.06165768  	0.05144191  
2023-09-03 16:24:28.909: Find a better model.
2023-09-03 16:24:55.165: [iter 16 : loss : 0.2969 = 0.1464 + 0.1477 + 0.0020 + 0.0008, time: 26.226582]
2023-09-03 16:24:55.863: epoch 16:	0.02876195  	0.06207648  	0.05169835  
2023-09-03 16:24:55.863: Find a better model.
2023-09-03 16:25:21.940: [iter 17 : loss : 0.2890 = 0.1422 + 0.1439 + 0.0022 + 0.0007, time: 26.052480]
2023-09-03 16:25:22.594: epoch 17:	0.02881356  	0.06222995  	0.05203382  
2023-09-03 16:25:22.594: Find a better model.
2023-09-03 16:25:48.986: [iter 18 : loss : 0.2842 = 0.1412 + 0.1400 + 0.0023 + 0.0007, time: 26.367501]
2023-09-03 16:25:49.678: epoch 18:	0.02914260  	0.06316813  	0.05246403  
2023-09-03 16:25:49.678: Find a better model.
2023-09-03 16:26:16.058: [iter 19 : loss : 0.2766 = 0.1373 + 0.1362 + 0.0024 + 0.0007, time: 26.353441]
2023-09-03 16:26:16.721: epoch 19:	0.02923937  	0.06333071  	0.05277739  
2023-09-03 16:26:16.721: Find a better model.
2023-09-03 16:26:43.004: [iter 20 : loss : 0.2713 = 0.1355 + 0.1325 + 0.0025 + 0.0007, time: 26.254643]
2023-09-03 16:26:43.674: epoch 20:	0.02952324  	0.06391556  	0.05323740  
2023-09-03 16:26:43.674: Find a better model.
2023-09-03 16:27:09.805: [iter 21 : loss : 0.2635 = 0.1318 + 0.1284 + 0.0027 + 0.0007, time: 26.101543]
2023-09-03 16:27:10.482: epoch 21:	0.02995555  	0.06499944  	0.05397688  
2023-09-03 16:27:10.483: Find a better model.
2023-09-03 16:27:36.865: [iter 22 : loss : 0.2582 = 0.1300 + 0.1247 + 0.0028 + 0.0006, time: 26.356143]
2023-09-03 16:27:37.514: epoch 22:	0.03030392  	0.06562410  	0.05459605  
2023-09-03 16:27:37.514: Find a better model.
2023-09-03 16:28:03.789: [iter 23 : loss : 0.2521 = 0.1278 + 0.1207 + 0.0029 + 0.0006, time: 26.249164]
2023-09-03 16:28:04.452: epoch 23:	0.03068459  	0.06642033  	0.05506422  
2023-09-03 16:28:04.452: Find a better model.
2023-09-03 16:28:30.618: [iter 24 : loss : 0.2482 = 0.1275 + 0.1170 + 0.0031 + 0.0006, time: 26.139095]
2023-09-03 16:28:31.272: epoch 24:	0.03064589  	0.06644166  	0.05524365  
2023-09-03 16:28:31.272: Find a better model.
2023-09-03 16:28:57.609: [iter 25 : loss : 0.2421 = 0.1247 + 0.1136 + 0.0032 + 0.0006, time: 26.305222]
2023-09-03 16:28:58.229: epoch 25:	0.03087170  	0.06707389  	0.05563303  
2023-09-03 16:28:58.229: Find a better model.
2023-09-03 16:29:24.490: [iter 26 : loss : 0.2367 = 0.1230 + 0.1098 + 0.0033 + 0.0006, time: 26.224635]
2023-09-03 16:29:25.177: epoch 26:	0.03120721  	0.06782687  	0.05622270  
2023-09-03 16:29:25.177: Find a better model.
2023-09-03 16:29:51.698: [iter 27 : loss : 0.2296 = 0.1196 + 0.1060 + 0.0035 + 0.0005, time: 26.491627]
2023-09-03 16:29:52.383: epoch 27:	0.03139430  	0.06827227  	0.05658642  
2023-09-03 16:29:52.384: Find a better model.
2023-09-03 16:30:18.870: [iter 28 : loss : 0.2261 = 0.1198 + 0.1021 + 0.0036 + 0.0005, time: 26.446926]
2023-09-03 16:30:19.556: epoch 28:	0.03172979  	0.06907941  	0.05721151  
2023-09-03 16:30:19.556: Find a better model.
2023-09-03 16:30:45.828: [iter 29 : loss : 0.2213 = 0.1186 + 0.0984 + 0.0038 + 0.0005, time: 26.244871]
2023-09-03 16:30:46.502: epoch 29:	0.03212335  	0.06994643  	0.05777900  
2023-09-03 16:30:46.503: Find a better model.
2023-09-03 16:31:12.884: [iter 30 : loss : 0.2163 = 0.1169 + 0.0950 + 0.0039 + 0.0005, time: 26.349831]
2023-09-03 16:31:13.581: epoch 30:	0.03265238  	0.07121202  	0.05859045  
2023-09-03 16:31:13.581: Find a better model.
2023-09-03 16:31:39.884: [iter 31 : loss : 0.2114 = 0.1156 + 0.0912 + 0.0041 + 0.0005, time: 26.275393]
2023-09-03 16:31:40.550: epoch 31:	0.03296208  	0.07178203  	0.05905641  
2023-09-03 16:31:40.550: Find a better model.
2023-09-03 16:32:06.922: [iter 32 : loss : 0.2052 = 0.1133 + 0.0873 + 0.0042 + 0.0004, time: 26.345043]
2023-09-03 16:32:07.606: epoch 32:	0.03300080  	0.07207214  	0.05936499  
2023-09-03 16:32:07.607: Find a better model.
2023-09-03 16:32:33.833: [iter 33 : loss : 0.2005 = 0.1122 + 0.0835 + 0.0044 + 0.0004, time: 26.192653]
2023-09-03 16:32:34.466: epoch 33:	0.03331690  	0.07274943  	0.05981314  
2023-09-03 16:32:34.466: Find a better model.
2023-09-03 16:33:00.791: [iter 34 : loss : 0.1964 = 0.1116 + 0.0798 + 0.0045 + 0.0004, time: 26.287690]
2023-09-03 16:33:01.409: epoch 34:	0.03359429  	0.07343514  	0.06042672  
2023-09-03 16:33:01.409: Find a better model.
2023-09-03 16:33:27.576: [iter 35 : loss : 0.1927 = 0.1112 + 0.0764 + 0.0047 + 0.0004, time: 26.130940]
2023-09-03 16:33:28.267: epoch 35:	0.03398137  	0.07420317  	0.06103027  
2023-09-03 16:33:28.267: Find a better model.
2023-09-03 16:33:54.767: [iter 36 : loss : 0.1876 = 0.1100 + 0.0724 + 0.0049 + 0.0004, time: 26.473849]
2023-09-03 16:33:55.458: epoch 36:	0.03402653  	0.07416202  	0.06120035  
2023-09-03 16:34:21.848: [iter 37 : loss : 0.1828 = 0.1083 + 0.0691 + 0.0050 + 0.0004, time: 26.361756]
2023-09-03 16:34:22.517: epoch 37:	0.03440714  	0.07516685  	0.06182834  
2023-09-03 16:34:22.517: Find a better model.
2023-09-03 16:34:48.853: [iter 38 : loss : 0.1781 = 0.1068 + 0.0658 + 0.0052 + 0.0003, time: 26.304610]
2023-09-03 16:34:49.530: epoch 38:	0.03462647  	0.07544629  	0.06226257  
2023-09-03 16:34:49.531: Find a better model.
2023-09-03 16:35:15.910: [iter 39 : loss : 0.1739 = 0.1063 + 0.0619 + 0.0053 + 0.0003, time: 26.349303]
2023-09-03 16:35:16.600: epoch 39:	0.03483287  	0.07594121  	0.06271315  
2023-09-03 16:35:16.600: Find a better model.
2023-09-03 16:35:42.870: [iter 40 : loss : 0.1699 = 0.1060 + 0.0581 + 0.0055 + 0.0003, time: 26.241699]
2023-09-03 16:35:43.578: epoch 40:	0.03507801  	0.07638189  	0.06300559  
2023-09-03 16:35:43.578: Find a better model.
2023-09-03 16:36:09.563: [iter 41 : loss : 0.1643 = 0.1039 + 0.0544 + 0.0057 + 0.0003, time: 25.943685]
2023-09-03 16:36:10.212: epoch 41:	0.03522640  	0.07672330  	0.06345915  
2023-09-03 16:36:10.213: Find a better model.
2023-09-03 16:36:35.780: [iter 42 : loss : 0.1608 = 0.1035 + 0.0511 + 0.0058 + 0.0003, time: 25.538558]
2023-09-03 16:36:36.432: epoch 42:	0.03554893  	0.07741342  	0.06391566  
2023-09-03 16:36:36.432: Find a better model.
2023-09-03 16:37:01.968: [iter 43 : loss : 0.1572 = 0.1036 + 0.0473 + 0.0060 + 0.0002, time: 25.511696]
2023-09-03 16:37:02.614: epoch 43:	0.03587792  	0.07821263  	0.06438830  
2023-09-03 16:37:02.614: Find a better model.
2023-09-03 16:37:28.265: [iter 44 : loss : 0.1530 = 0.1029 + 0.0437 + 0.0062 + 0.0002, time: 25.617624]
2023-09-03 16:37:28.957: epoch 44:	0.03607792  	0.07858203  	0.06483691  
2023-09-03 16:37:28.957: Find a better model.
2023-09-03 16:37:54.708: [iter 45 : loss : 0.1495 = 0.1026 + 0.0403 + 0.0064 + 0.0002, time: 25.721089]
2023-09-03 16:37:55.413: epoch 45:	0.03630370  	0.07918502  	0.06536213  
2023-09-03 16:37:55.413: Find a better model.
2023-09-03 16:38:21.426: [iter 46 : loss : 0.1464 = 0.1028 + 0.0369 + 0.0065 + 0.0002, time: 25.988756]
2023-09-03 16:38:22.151: epoch 46:	0.03648432  	0.07953919  	0.06563528  
2023-09-03 16:38:22.152: Find a better model.
2023-09-03 16:38:48.238: [iter 47 : loss : 0.1403 = 0.1002 + 0.0332 + 0.0067 + 0.0002, time: 26.053258]
2023-09-03 16:38:48.935: epoch 47:	0.03668429  	0.07994469  	0.06609745  
2023-09-03 16:38:48.935: Find a better model.
2023-09-03 16:39:15.096: [iter 48 : loss : 0.1381 = 0.1012 + 0.0299 + 0.0069 + 0.0002, time: 26.133991]
2023-09-03 16:39:15.734: epoch 48:	0.03684558  	0.08038209  	0.06662479  
2023-09-03 16:39:15.734: Find a better model.
2023-09-03 16:39:41.546: [iter 49 : loss : 0.1337 = 0.1002 + 0.0263 + 0.0070 + 0.0001, time: 25.790527]
2023-09-03 16:39:42.247: epoch 49:	0.03712942  	0.08088206  	0.06705349  
2023-09-03 16:39:42.248: Find a better model.
2023-09-03 16:40:08.274: [iter 50 : loss : 0.1306 = 0.1001 + 0.0231 + 0.0072 + 0.0001, time: 26.001475]
2023-09-03 16:40:08.951: epoch 50:	0.03740034  	0.08153183  	0.06751434  
2023-09-03 16:40:08.951: Find a better model.
2023-09-03 16:40:35.128: [iter 51 : loss : 0.1273 = 0.1000 + 0.0197 + 0.0074 + 0.0001, time: 26.153932]
2023-09-03 16:40:35.767: epoch 51:	0.03757454  	0.08192359  	0.06778118  
2023-09-03 16:40:35.768: Find a better model.
2023-09-03 16:41:01.680: [iter 52 : loss : 0.1239 = 0.0998 + 0.0164 + 0.0076 + 0.0001, time: 25.891555]
2023-09-03 16:41:02.372: epoch 52:	0.03769063  	0.08232076  	0.06814146  
2023-09-03 16:41:02.372: Find a better model.
2023-09-03 16:41:28.081: [iter 53 : loss : 0.1202 = 0.0993 + 0.0131 + 0.0078 + 0.0001, time: 25.683711]
2023-09-03 16:41:28.691: epoch 53:	0.03798739  	0.08274154  	0.06851527  
2023-09-03 16:41:28.692: Find a better model.
2023-09-03 16:41:54.659: [iter 54 : loss : 0.1165 = 0.0984 + 0.0101 + 0.0079 + 0.0001, time: 25.934090]
2023-09-03 16:41:55.337: epoch 54:	0.03809704  	0.08314107  	0.06899802  
2023-09-03 16:41:55.337: Find a better model.
2023-09-03 16:42:21.046: [iter 55 : loss : 0.1134 = 0.0988 + 0.0065 + 0.0081 + 0.0000, time: 25.685971]
2023-09-03 16:42:21.674: epoch 55:	0.03807125  	0.08295386  	0.06915354  
2023-09-03 16:42:47.496: [iter 56 : loss : 0.1104 = 0.0988 + 0.0032 + 0.0083 + 0.0000, time: 25.802248]
2023-09-03 16:42:48.150: epoch 56:	0.03829703  	0.08344900  	0.06948564  
2023-09-03 16:42:48.150: Find a better model.
2023-09-03 16:43:13.917: [iter 57 : loss : 0.1068 = 0.0983 + 0.0001 + 0.0085 + 0.0000, time: 25.741740]
2023-09-03 16:43:14.603: epoch 57:	0.03851636  	0.08390329  	0.06986517  
2023-09-03 16:43:14.603: Find a better model.
2023-09-03 16:43:40.391: [iter 58 : loss : 0.1055 = 0.0995 + -0.0027 + 0.0086 + -0.0000, time: 25.763319]
2023-09-03 16:43:41.048: epoch 58:	0.03876797  	0.08457012  	0.07032297  
2023-09-03 16:43:41.049: Find a better model.
2023-09-03 16:44:07.150: [iter 59 : loss : 0.1006 = 0.0983 + -0.0065 + 0.0088 + -0.0000, time: 26.078530]
2023-09-03 16:44:07.836: epoch 59:	0.03892922  	0.08485729  	0.07062306  
2023-09-03 16:44:07.837: Find a better model.
2023-09-03 16:44:33.751: [iter 60 : loss : 0.0982 = 0.0982 + -0.0090 + 0.0090 + -0.0000, time: 25.889581]
2023-09-03 16:44:34.395: epoch 60:	0.03897439  	0.08489882  	0.07084961  
2023-09-03 16:44:34.395: Find a better model.
2023-09-03 16:45:00.178: [iter 61 : loss : 0.0945 = 0.0978 + -0.0125 + 0.0092 + -0.0000, time: 25.761373]
2023-09-03 16:45:00.854: epoch 61:	0.03913564  	0.08524592  	0.07097911  
2023-09-03 16:45:00.854: Find a better model.
2023-09-03 16:45:26.722: [iter 62 : loss : 0.0924 = 0.0985 + -0.0155 + 0.0094 + -0.0001, time: 25.847625]
2023-09-03 16:45:27.375: epoch 62:	0.03943886  	0.08593844  	0.07137509  
2023-09-03 16:45:27.375: Find a better model.
2023-09-03 16:45:53.450: [iter 63 : loss : 0.0880 = 0.0971 + -0.0185 + 0.0096 + -0.0001, time: 26.048456]
2023-09-03 16:45:54.123: epoch 63:	0.03977431  	0.08669387  	0.07185035  
2023-09-03 16:45:54.124: Find a better model.
2023-09-03 16:46:20.030: [iter 64 : loss : 0.0848 = 0.0967 + -0.0215 + 0.0097 + -0.0001, time: 25.883106]
2023-09-03 16:46:20.653: epoch 64:	0.03980014  	0.08677473  	0.07191678  
2023-09-03 16:46:20.653: Find a better model.
2023-09-03 16:46:46.248: [iter 65 : loss : 0.0831 = 0.0978 + -0.0245 + 0.0099 + -0.0001, time: 25.572554]
2023-09-03 16:46:46.922: epoch 65:	0.03984531  	0.08669929  	0.07204160  
2023-09-03 16:47:12.580: [iter 66 : loss : 0.0778 = 0.0956 + -0.0278 + 0.0101 + -0.0001, time: 25.632838]
2023-09-03 16:47:13.278: epoch 66:	0.04002593  	0.08727410  	0.07235582  
2023-09-03 16:47:13.278: Find a better model.
2023-09-03 16:47:38.866: [iter 67 : loss : 0.0756 = 0.0962 + -0.0308 + 0.0103 + -0.0001, time: 25.567144]
2023-09-03 16:47:39.507: epoch 67:	0.04007752  	0.08746482  	0.07248189  
2023-09-03 16:47:39.507: Find a better model.
2023-09-03 16:48:05.040: [iter 68 : loss : 0.0739 = 0.0972 + -0.0336 + 0.0105 + -0.0002, time: 25.511925]
2023-09-03 16:48:05.687: epoch 68:	0.04031622  	0.08799061  	0.07284284  
2023-09-03 16:48:05.687: Find a better model.
2023-09-03 16:48:31.707: [iter 69 : loss : 0.0715 = 0.0978 + -0.0368 + 0.0107 + -0.0002, time: 25.995091]
2023-09-03 16:48:32.381: epoch 69:	0.04028394  	0.08777077  	0.07275236  
2023-09-03 16:48:58.243: [iter 70 : loss : 0.0687 = 0.0973 + -0.0392 + 0.0109 + -0.0002, time: 25.833239]
2023-09-03 16:48:58.923: epoch 70:	0.04052265  	0.08835959  	0.07320183  
2023-09-03 16:48:58.923: Find a better model.
2023-09-03 16:49:24.773: [iter 71 : loss : 0.0644 = 0.0959 + -0.0424 + 0.0111 + -0.0002, time: 25.819584]
2023-09-03 16:49:25.440: epoch 71:	0.04058718  	0.08861473  	0.07345760  
2023-09-03 16:49:25.441: Find a better model.
2023-09-03 16:49:51.471: [iter 72 : loss : 0.0622 = 0.0969 + -0.0457 + 0.0112 + -0.0002, time: 25.998532]
2023-09-03 16:49:52.139: epoch 72:	0.04075488  	0.08892791  	0.07360835  
2023-09-03 16:49:52.139: Find a better model.
2023-09-03 16:50:17.679: [iter 73 : loss : 0.0586 = 0.0956 + -0.0483 + 0.0114 + -0.0002, time: 25.518993]
2023-09-03 16:50:18.329: epoch 73:	0.04072261  	0.08899853  	0.07372914  
2023-09-03 16:50:18.330: Find a better model.
2023-09-03 16:50:43.967: [iter 74 : loss : 0.0558 = 0.0958 + -0.0514 + 0.0116 + -0.0002, time: 25.614368]
2023-09-03 16:50:44.657: epoch 74:	0.04101292  	0.08983228  	0.07423227  
2023-09-03 16:50:44.657: Find a better model.
2023-09-03 16:51:10.629: [iter 75 : loss : 0.0537 = 0.0965 + -0.0544 + 0.0118 + -0.0003, time: 25.947143]
2023-09-03 16:51:11.315: epoch 75:	0.04110971  	0.08993300  	0.07427850  
2023-09-03 16:51:11.315: Find a better model.
2023-09-03 16:51:37.230: [iter 76 : loss : 0.0521 = 0.0970 + -0.0566 + 0.0120 + -0.0003, time: 25.887536]
2023-09-03 16:51:38.008: epoch 76:	0.04116772  	0.09010424  	0.07441591  
2023-09-03 16:51:38.008: Find a better model.
2023-09-03 16:52:04.135: [iter 77 : loss : 0.0480 = 0.0957 + -0.0596 + 0.0122 + -0.0003, time: 26.103582]
2023-09-03 16:52:04.798: epoch 77:	0.04110967  	0.09004059  	0.07437684  
2023-09-03 16:52:30.741: [iter 78 : loss : 0.0460 = 0.0964 + -0.0625 + 0.0124 + -0.0003, time: 25.921619]
2023-09-03 16:52:31.416: epoch 78:	0.04114840  	0.08994442  	0.07442693  
2023-09-03 16:52:57.406: [iter 79 : loss : 0.0422 = 0.0952 + -0.0653 + 0.0126 + -0.0003, time: 25.951167]
2023-09-03 16:52:58.063: epoch 79:	0.04131610  	0.09032281  	0.07480212  
2023-09-03 16:52:58.063: Find a better model.
2023-09-03 16:53:23.972: [iter 80 : loss : 0.0406 = 0.0962 + -0.0681 + 0.0128 + -0.0003, time: 25.885329]
2023-09-03 16:53:24.614: epoch 80:	0.04166444  	0.09121746  	0.07526353  
2023-09-03 16:53:24.614: Find a better model.
2023-09-03 16:53:50.560: [iter 81 : loss : 0.0376 = 0.0962 + -0.0712 + 0.0130 + -0.0003, time: 25.926132]
2023-09-03 16:53:51.235: epoch 81:	0.04160639  	0.09105658  	0.07532193  
2023-09-03 16:54:17.184: [iter 82 : loss : 0.0349 = 0.0958 + -0.0737 + 0.0132 + -0.0004, time: 25.927045]
2023-09-03 16:54:17.847: epoch 82:	0.04178703  	0.09129395  	0.07540447  
2023-09-03 16:54:17.847: Find a better model.
2023-09-03 16:54:43.939: [iter 83 : loss : 0.0324 = 0.0957 + -0.0763 + 0.0134 + -0.0004, time: 26.065694]
2023-09-03 16:54:44.583: epoch 83:	0.04192251  	0.09153505  	0.07558224  
2023-09-03 16:54:44.583: Find a better model.
2023-09-03 16:55:10.483: [iter 84 : loss : 0.0280 = 0.0937 + -0.0789 + 0.0136 + -0.0004, time: 25.878786]
2023-09-03 16:55:11.139: epoch 84:	0.04197410  	0.09156187  	0.07570265  
2023-09-03 16:55:11.139: Find a better model.
2023-09-03 16:55:37.208: [iter 85 : loss : 0.0272 = 0.0958 + -0.0820 + 0.0137 + -0.0004, time: 26.045631]
2023-09-03 16:55:37.865: epoch 85:	0.04180638  	0.09130134  	0.07568351  
2023-09-03 16:56:03.810: [iter 86 : loss : 0.0237 = 0.0946 + -0.0845 + 0.0139 + -0.0004, time: 25.913371]
2023-09-03 16:56:04.455: epoch 86:	0.04199992  	0.09170253  	0.07590847  
2023-09-03 16:56:04.456: Find a better model.
2023-09-03 16:56:30.361: [iter 87 : loss : 0.0220 = 0.0956 + -0.0873 + 0.0141 + -0.0004, time: 25.882226]
2023-09-03 16:56:31.032: epoch 87:	0.04201283  	0.09160537  	0.07606766  
2023-09-03 16:56:57.225: [iter 88 : loss : 0.0207 = 0.0968 + -0.0900 + 0.0143 + -0.0004, time: 26.172084]
2023-09-03 16:56:57.881: epoch 88:	0.04209022  	0.09197979  	0.07624553  
2023-09-03 16:56:57.881: Find a better model.
2023-09-03 16:57:24.163: [iter 89 : loss : 0.0177 = 0.0957 + -0.0920 + 0.0145 + -0.0004, time: 26.252186]
2023-09-03 16:57:24.827: epoch 89:	0.04221926  	0.09213302  	0.07649483  
2023-09-03 16:57:24.828: Find a better model.
2023-09-03 16:57:50.854: [iter 90 : loss : 0.0152 = 0.0957 + -0.0947 + 0.0147 + -0.0005, time: 25.994627]
2023-09-03 16:57:51.509: epoch 90:	0.04233536  	0.09246090  	0.07664273  
2023-09-03 16:57:51.510: Find a better model.
2023-09-03 16:58:17.513: [iter 91 : loss : 0.0134 = 0.0966 + -0.0977 + 0.0149 + -0.0005, time: 25.982723]
2023-09-03 16:58:18.141: epoch 91:	0.04244504  	0.09272551  	0.07690074  
2023-09-03 16:58:18.141: Find a better model.
2023-09-03 16:58:44.028: [iter 92 : loss : 0.0100 = 0.0954 + -0.0999 + 0.0151 + -0.0005, time: 25.862035]
2023-09-03 16:58:44.737: epoch 92:	0.04254180  	0.09283309  	0.07704539  
2023-09-03 16:58:44.737: Find a better model.
2023-09-03 16:59:10.654: [iter 93 : loss : 0.0074 = 0.0951 + -0.1025 + 0.0153 + -0.0005, time: 25.886011]
2023-09-03 16:59:11.347: epoch 93:	0.04247084  	0.09276598  	0.07704554  
2023-09-03 16:59:37.241: [iter 94 : loss : 0.0068 = 0.0973 + -0.1055 + 0.0155 + -0.0005, time: 25.873242]
2023-09-03 16:59:37.885: epoch 94:	0.04262568  	0.09298117  	0.07726812  
2023-09-03 16:59:37.885: Find a better model.
2023-09-03 17:00:03.780: [iter 95 : loss : 0.0026 = 0.0955 + -0.1080 + 0.0157 + -0.0005, time: 25.874912]
2023-09-03 17:00:04.519: epoch 95:	0.04257407  	0.09291741  	0.07738844  
2023-09-03 17:00:30.394: [iter 96 : loss : 0.0013 = 0.0963 + -0.1104 + 0.0159 + -0.0005, time: 25.844509]
2023-09-03 17:00:31.050: epoch 96:	0.04265147  	0.09284671  	0.07757259  
2023-09-03 17:00:56.902: [iter 97 : loss : 0.0003 = 0.0972 + -0.1125 + 0.0161 + -0.0006, time: 25.828226]
2023-09-03 17:00:57.567: epoch 97:	0.04275469  	0.09313246  	0.07766312  
2023-09-03 17:00:57.567: Find a better model.
2023-09-03 17:01:23.404: [iter 98 : loss : -0.0034 = 0.0963 + -0.1155 + 0.0163 + -0.0006, time: 25.815583]
2023-09-03 17:01:24.092: epoch 98:	0.04293533  	0.09357452  	0.07795072  
2023-09-03 17:01:24.092: Find a better model.
2023-09-03 17:01:49.890: [iter 99 : loss : -0.0081 = 0.0937 + -0.1177 + 0.0165 + -0.0006, time: 25.771587]
2023-09-03 17:01:50.576: epoch 99:	0.04301920  	0.09379917  	0.07815317  
2023-09-03 17:01:50.576: Find a better model.
2023-09-03 17:02:16.460: [iter 100 : loss : -0.0080 = 0.0960 + -0.1202 + 0.0167 + -0.0006, time: 25.862874]
2023-09-03 17:02:17.163: epoch 100:	0.04323208  	0.09437118  	0.07873420  
2023-09-03 17:02:17.163: Find a better model.
2023-09-03 17:02:43.097: [iter 101 : loss : -0.0133 = 0.0931 + -0.1227 + 0.0169 + -0.0006, time: 25.908872]
2023-09-03 17:02:43.813: epoch 101:	0.04333530  	0.09460270  	0.07878625  
2023-09-03 17:02:43.813: Find a better model.
2023-09-03 17:03:09.589: [iter 102 : loss : -0.0106 = 0.0982 + -0.1253 + 0.0171 + -0.0006, time: 25.749241]
2023-09-03 17:03:10.255: epoch 102:	0.04336108  	0.09467377  	0.07891911  
2023-09-03 17:03:10.255: Find a better model.
2023-09-03 17:03:36.472: [iter 103 : loss : -0.0142 = 0.0969 + -0.1277 + 0.0173 + -0.0006, time: 26.194716]
2023-09-03 17:03:37.167: epoch 103:	0.04332886  	0.09470002  	0.07896619  
2023-09-03 17:03:37.167: Find a better model.
2023-09-03 17:04:03.162: [iter 104 : loss : -0.0155 = 0.0973 + -0.1297 + 0.0175 + -0.0006, time: 25.974510]
2023-09-03 17:04:03.857: epoch 104:	0.04345142  	0.09498501  	0.07912375  
2023-09-03 17:04:03.857: Find a better model.
2023-09-03 17:04:29.465: [iter 105 : loss : -0.0205 = 0.0946 + -0.1322 + 0.0177 + -0.0006, time: 25.585433]
2023-09-03 17:04:30.214: epoch 105:	0.04354175  	0.09512468  	0.07920242  
2023-09-03 17:04:30.215: Find a better model.
2023-09-03 17:04:56.173: [iter 106 : loss : -0.0255 = 0.0920 + -0.1347 + 0.0179 + -0.0007, time: 25.926486]
2023-09-03 17:04:56.822: epoch 106:	0.04353530  	0.09495566  	0.07935078  
2023-09-03 17:05:22.831: [iter 107 : loss : -0.0253 = 0.0946 + -0.1373 + 0.0181 + -0.0007, time: 25.985592]
2023-09-03 17:05:23.542: epoch 107:	0.04350305  	0.09512924  	0.07943593  
2023-09-03 17:05:23.542: Find a better model.
2023-09-03 17:05:49.632: [iter 108 : loss : -0.0260 = 0.0958 + -0.1394 + 0.0183 + -0.0007, time: 26.065267]
2023-09-03 17:05:50.359: epoch 108:	0.04352884  	0.09506745  	0.07944027  
2023-09-03 17:06:16.337: [iter 109 : loss : -0.0295 = 0.0949 + -0.1422 + 0.0185 + -0.0007, time: 25.947178]
2023-09-03 17:06:16.983: epoch 109:	0.04357400  	0.09502157  	0.07959586  
2023-09-03 17:06:42.829: [iter 110 : loss : -0.0325 = 0.0938 + -0.1443 + 0.0187 + -0.0007, time: 25.819617]
2023-09-03 17:06:43.511: epoch 110:	0.04367726  	0.09544551  	0.07978795  
2023-09-03 17:06:43.511: Find a better model.
2023-09-03 17:07:09.107: [iter 111 : loss : -0.0356 = 0.0928 + -0.1466 + 0.0189 + -0.0007, time: 25.575160]
2023-09-03 17:07:09.782: epoch 111:	0.04391592  	0.09599825  	0.07998712  
2023-09-03 17:07:09.782: Find a better model.
2023-09-03 17:07:35.724: [iter 112 : loss : -0.0346 = 0.0957 + -0.1487 + 0.0191 + -0.0007, time: 25.917012]
2023-09-03 17:07:36.320: epoch 112:	0.04395464  	0.09617779  	0.08026608  
2023-09-03 17:07:36.321: Find a better model.
2023-09-03 17:08:01.892: [iter 113 : loss : -0.0354 = 0.0970 + -0.1509 + 0.0193 + -0.0007, time: 25.550078]
2023-09-03 17:08:02.600: epoch 113:	0.04412238  	0.09648763  	0.08050202  
2023-09-03 17:08:02.600: Find a better model.
2023-09-03 17:08:28.848: [iter 114 : loss : -0.0409 = 0.0935 + -0.1532 + 0.0195 + -0.0008, time: 26.221624]
2023-09-03 17:08:29.575: epoch 114:	0.04430298  	0.09686018  	0.08068976  
2023-09-03 17:08:29.575: Find a better model.
2023-09-03 17:08:55.625: [iter 115 : loss : -0.0412 = 0.0957 + -0.1559 + 0.0197 + -0.0008, time: 26.026851]
2023-09-03 17:08:56.315: epoch 115:	0.04427072  	0.09655785  	0.08071984  
2023-09-03 17:09:22.022: [iter 116 : loss : -0.0455 = 0.0933 + -0.1580 + 0.0199 + -0.0008, time: 25.685678]
2023-09-03 17:09:22.674: epoch 116:	0.04429009  	0.09662976  	0.08077936  
2023-09-03 17:09:48.443: [iter 117 : loss : -0.0469 = 0.0942 + -0.1605 + 0.0201 + -0.0008, time: 25.746489]
2023-09-03 17:09:49.174: epoch 117:	0.04436104  	0.09665444  	0.08092784  
2023-09-03 17:10:15.332: [iter 118 : loss : -0.0472 = 0.0954 + -0.1622 + 0.0203 + -0.0008, time: 26.128961]
2023-09-03 17:10:16.007: epoch 118:	0.04447070  	0.09703597  	0.08110815  
2023-09-03 17:10:16.008: Find a better model.
2023-09-03 17:10:41.790: [iter 119 : loss : -0.0513 = 0.0937 + -0.1647 + 0.0205 + -0.0008, time: 25.754652]
2023-09-03 17:10:42.421: epoch 119:	0.04447073  	0.09713992  	0.08118016  
2023-09-03 17:10:42.421: Find a better model.
2023-09-03 17:11:08.399: [iter 120 : loss : -0.0525 = 0.0946 + -0.1670 + 0.0207 + -0.0008, time: 25.957294]
2023-09-03 17:11:09.046: epoch 120:	0.04446423  	0.09705466  	0.08134285  
2023-09-03 17:11:35.119: [iter 121 : loss : -0.0532 = 0.0957 + -0.1690 + 0.0209 + -0.0008, time: 26.052261]
2023-09-03 17:11:35.764: epoch 121:	0.04463842  	0.09748287  	0.08157234  
2023-09-03 17:11:35.764: Find a better model.
2023-09-03 17:12:01.710: [iter 122 : loss : -0.0580 = 0.0930 + -0.1713 + 0.0211 + -0.0008, time: 25.920733]
2023-09-03 17:12:02.350: epoch 122:	0.04464487  	0.09757904  	0.08157824  
2023-09-03 17:12:02.350: Find a better model.
2023-09-03 17:12:28.311: [iter 123 : loss : -0.0574 = 0.0957 + -0.1736 + 0.0213 + -0.0009, time: 25.936440]
2023-09-03 17:12:28.933: epoch 123:	0.04462549  	0.09760253  	0.08161685  
2023-09-03 17:12:28.933: Find a better model.
2023-09-03 17:12:54.787: [iter 124 : loss : -0.0606 = 0.0945 + -0.1757 + 0.0215 + -0.0009, time: 25.831139]
2023-09-03 17:12:55.428: epoch 124:	0.04472227  	0.09775691  	0.08179347  
2023-09-03 17:12:55.428: Find a better model.
2023-09-03 17:13:21.267: [iter 125 : loss : -0.0627 = 0.0944 + -0.1780 + 0.0217 + -0.0009, time: 25.813807]
2023-09-03 17:13:21.934: epoch 125:	0.04463196  	0.09738369  	0.08172099  
2023-09-03 17:13:47.846: [iter 126 : loss : -0.0635 = 0.0955 + -0.1801 + 0.0219 + -0.0009, time: 25.888652]
2023-09-03 17:13:48.523: epoch 126:	0.04458036  	0.09725817  	0.08168052  
2023-09-03 17:14:14.323: [iter 127 : loss : -0.0641 = 0.0969 + -0.1822 + 0.0221 + -0.0009, time: 25.766670]
2023-09-03 17:14:14.973: epoch 127:	0.04462548  	0.09719633  	0.08183803  
2023-09-03 17:14:41.008: [iter 128 : loss : -0.0670 = 0.0959 + -0.1843 + 0.0223 + -0.0009, time: 26.005324]
2023-09-03 17:14:41.711: epoch 128:	0.04461903  	0.09734081  	0.08183626  
2023-09-03 17:15:07.783: [iter 129 : loss : -0.0690 = 0.0956 + -0.1862 + 0.0225 + -0.0009, time: 26.044905]
2023-09-03 17:15:08.437: epoch 129:	0.04469644  	0.09753823  	0.08197137  
2023-09-03 17:15:34.462: [iter 130 : loss : -0.0726 = 0.0936 + -0.1880 + 0.0228 + -0.0009, time: 26.003634]
2023-09-03 17:15:35.145: epoch 130:	0.04495450  	0.09815725  	0.08234821  
2023-09-03 17:15:35.145: Find a better model.
2023-09-03 17:16:01.323: [iter 131 : loss : -0.0713 = 0.0972 + -0.1905 + 0.0229 + -0.0009, time: 26.156788]
2023-09-03 17:16:01.996: epoch 131:	0.04496094  	0.09818079  	0.08232979  
2023-09-03 17:16:01.996: Find a better model.
2023-09-03 17:16:27.745: [iter 132 : loss : -0.0774 = 0.0927 + -0.1923 + 0.0232 + -0.0010, time: 25.722501]
2023-09-03 17:16:28.388: epoch 132:	0.04491579  	0.09813631  	0.08243844  
2023-09-03 17:16:54.123: [iter 133 : loss : -0.0779 = 0.0944 + -0.1947 + 0.0234 + -0.0010, time: 25.714419]
2023-09-03 17:16:54.813: epoch 133:	0.04484481  	0.09790722  	0.08225385  
2023-09-03 17:17:20.834: [iter 134 : loss : -0.0778 = 0.0961 + -0.1965 + 0.0236 + -0.0010, time: 25.999493]
2023-09-03 17:17:21.536: epoch 134:	0.04490935  	0.09809620  	0.08242819  
2023-09-03 17:17:47.471: [iter 135 : loss : -0.0808 = 0.0951 + -0.1986 + 0.0238 + -0.0010, time: 25.909717]
2023-09-03 17:17:48.122: epoch 135:	0.04488356  	0.09805658  	0.08247316  
2023-09-03 17:18:13.971: [iter 136 : loss : -0.0836 = 0.0941 + -0.2007 + 0.0240 + -0.0010, time: 25.827908]
2023-09-03 17:18:14.647: epoch 136:	0.04489646  	0.09800608  	0.08243940  
2023-09-03 17:18:40.610: [iter 137 : loss : -0.0853 = 0.0940 + -0.2025 + 0.0242 + -0.0010, time: 25.935125]
2023-09-03 17:18:41.345: epoch 137:	0.04498034  	0.09838104  	0.08270551  
2023-09-03 17:18:41.345: Find a better model.
2023-09-03 17:19:07.424: [iter 138 : loss : -0.0853 = 0.0959 + -0.2046 + 0.0244 + -0.0010, time: 26.049157]
2023-09-03 17:19:08.116: epoch 138:	0.04512225  	0.09855926  	0.08284058  
2023-09-03 17:19:08.116: Find a better model.
2023-09-03 17:19:34.036: [iter 139 : loss : -0.0896 = 0.0937 + -0.2068 + 0.0246 + -0.0010, time: 25.893308]
2023-09-03 17:19:34.762: epoch 139:	0.04521906  	0.09870636  	0.08291319  
2023-09-03 17:19:34.762: Find a better model.
2023-09-03 17:20:01.050: [iter 140 : loss : -0.0887 = 0.0962 + -0.2087 + 0.0248 + -0.0010, time: 26.263791]
2023-09-03 17:20:01.700: epoch 140:	0.04527710  	0.09905058  	0.08296966  
2023-09-03 17:20:01.700: Find a better model.
2023-09-03 17:20:27.549: [iter 141 : loss : -0.0906 = 0.0960 + -0.2105 + 0.0250 + -0.0010, time: 25.827753]
2023-09-03 17:20:28.172: epoch 141:	0.04530936  	0.09908818  	0.08301736  
2023-09-03 17:20:28.172: Find a better model.
2023-09-03 17:20:53.734: [iter 142 : loss : -0.0960 = 0.0928 + -0.2129 + 0.0252 + -0.0011, time: 25.540186]
2023-09-03 17:20:54.404: epoch 142:	0.04509001  	0.09863940  	0.08283430  
2023-09-03 17:21:20.242: [iter 143 : loss : -0.0946 = 0.0954 + -0.2143 + 0.0254 + -0.0011, time: 25.812007]
2023-09-03 17:21:20.875: epoch 143:	0.04523196  	0.09890914  	0.08301139  
2023-09-03 17:21:46.929: [iter 144 : loss : -0.0959 = 0.0960 + -0.2164 + 0.0256 + -0.0011, time: 26.033018]
2023-09-03 17:21:47.646: epoch 144:	0.04532228  	0.09906838  	0.08321581  
2023-09-03 17:22:13.607: [iter 145 : loss : -0.0969 = 0.0968 + -0.2184 + 0.0258 + -0.0011, time: 25.936062]
2023-09-03 17:22:14.332: epoch 145:	0.04538033  	0.09916837  	0.08321139  
2023-09-03 17:22:14.332: Find a better model.
2023-09-03 17:22:40.327: [iter 146 : loss : -0.0991 = 0.0962 + -0.2201 + 0.0260 + -0.0011, time: 25.972279]
2023-09-03 17:22:41.036: epoch 146:	0.04554805  	0.09956075  	0.08356271  
2023-09-03 17:22:41.036: Find a better model.
2023-09-03 17:23:07.337: [iter 147 : loss : -0.1005 = 0.0959 + -0.2215 + 0.0262 + -0.0011, time: 26.276754]
2023-09-03 17:23:07.984: epoch 147:	0.04557387  	0.09958742  	0.08367901  
2023-09-03 17:23:07.984: Find a better model.
2023-09-03 17:23:34.431: [iter 148 : loss : -0.1023 = 0.0960 + -0.2236 + 0.0264 + -0.0011, time: 26.423177]
2023-09-03 17:23:35.119: epoch 148:	0.04561904  	0.09984078  	0.08385172  
2023-09-03 17:23:35.119: Find a better model.
2023-09-03 17:24:01.561: [iter 149 : loss : -0.1068 = 0.0935 + -0.2257 + 0.0266 + -0.0011, time: 26.414359]
2023-09-03 17:24:02.217: epoch 149:	0.04569646  	0.10006130  	0.08404181  
2023-09-03 17:24:02.217: Find a better model.
2023-09-03 17:24:28.624: [iter 150 : loss : -0.1045 = 0.0972 + -0.2274 + 0.0268 + -0.0011, time: 26.384692]
2023-09-03 17:24:29.323: epoch 150:	0.04558035  	0.09961962  	0.08377329  
2023-09-03 17:24:55.745: [iter 151 : loss : -0.1063 = 0.0975 + -0.2296 + 0.0270 + -0.0011, time: 26.390227]
2023-09-03 17:24:56.435: epoch 151:	0.04569647  	0.09998629  	0.08394906  
2023-09-03 17:25:22.975: [iter 152 : loss : -0.1087 = 0.0965 + -0.2312 + 0.0272 + -0.0011, time: 26.509449]
2023-09-03 17:25:23.650: epoch 152:	0.04557390  	0.09948205  	0.08383443  
2023-09-03 17:25:50.097: [iter 153 : loss : -0.1096 = 0.0970 + -0.2328 + 0.0274 + -0.0012, time: 26.410511]
2023-09-03 17:25:50.731: epoch 153:	0.04568356  	0.09985089  	0.08396818  
2023-09-03 17:26:16.948: [iter 154 : loss : -0.1124 = 0.0959 + -0.2347 + 0.0276 + -0.0012, time: 26.186473]
2023-09-03 17:26:17.582: epoch 154:	0.04564488  	0.09985137  	0.08397461  
2023-09-03 17:26:43.629: [iter 155 : loss : -0.1145 = 0.0956 + -0.2367 + 0.0278 + -0.0012, time: 26.020231]
2023-09-03 17:26:44.256: epoch 155:	0.04563839  	0.09983753  	0.08397043  
2023-09-03 17:27:09.807: [iter 156 : loss : -0.1155 = 0.0958 + -0.2381 + 0.0280 + -0.0012, time: 25.525164]
2023-09-03 17:27:10.477: epoch 156:	0.04565130  	0.09974665  	0.08399393  
2023-09-03 17:27:36.617: [iter 157 : loss : -0.1176 = 0.0954 + -0.2400 + 0.0282 + -0.0012, time: 26.101787]
2023-09-03 17:27:37.318: epoch 157:	0.04565773  	0.09974606  	0.08399023  
2023-09-03 17:28:03.348: [iter 158 : loss : -0.1159 = 0.0990 + -0.2420 + 0.0284 + -0.0012, time: 26.000031]
2023-09-03 17:28:04.065: epoch 158:	0.04572221  	0.10000172  	0.08427519  
2023-09-03 17:28:29.916: [iter 159 : loss : -0.1212 = 0.0953 + -0.2438 + 0.0286 + -0.0012, time: 25.829780]
2023-09-03 17:28:30.617: epoch 159:	0.04578029  	0.10011216  	0.08443882  
2023-09-03 17:28:30.617: Find a better model.
2023-09-03 17:28:56.487: [iter 160 : loss : -0.1211 = 0.0964 + -0.2450 + 0.0288 + -0.0012, time: 25.846849]
2023-09-03 17:28:57.119: epoch 160:	0.04585125  	0.10021602  	0.08436903  
2023-09-03 17:28:57.120: Find a better model.
2023-09-03 17:29:23.053: [iter 161 : loss : -0.1226 = 0.0963 + -0.2467 + 0.0290 + -0.0012, time: 25.905023]
2023-09-03 17:29:23.709: epoch 161:	0.04588996  	0.10036422  	0.08439989  
2023-09-03 17:29:23.709: Find a better model.
2023-09-03 17:29:49.593: [iter 162 : loss : -0.1246 = 0.0960 + -0.2485 + 0.0291 + -0.0012, time: 25.859669]
2023-09-03 17:29:50.165: epoch 162:	0.04596094  	0.10051320  	0.08453161  
2023-09-03 17:29:50.165: Find a better model.
2023-09-03 17:30:16.193: [iter 163 : loss : -0.1266 = 0.0953 + -0.2500 + 0.0293 + -0.0012, time: 26.007437]
2023-09-03 17:30:16.844: epoch 163:	0.04597383  	0.10049410  	0.08462407  
2023-09-03 17:30:43.070: [iter 164 : loss : -0.1277 = 0.0963 + -0.2522 + 0.0295 + -0.0012, time: 26.202822]
2023-09-03 17:30:43.831: epoch 164:	0.04596740  	0.10038098  	0.08469449  
2023-09-03 17:31:09.692: [iter 165 : loss : -0.1291 = 0.0964 + -0.2540 + 0.0297 + -0.0013, time: 25.837349]
2023-09-03 17:31:10.350: epoch 165:	0.04598675  	0.10046821  	0.08469300  
2023-09-03 17:31:36.242: [iter 166 : loss : -0.1300 = 0.0969 + -0.2556 + 0.0299 + -0.0013, time: 25.869412]
2023-09-03 17:31:36.894: epoch 166:	0.04599964  	0.10038598  	0.08463792  
2023-09-03 17:32:02.707: [iter 167 : loss : -0.1306 = 0.0978 + -0.2572 + 0.0301 + -0.0013, time: 25.791829]
2023-09-03 17:32:03.335: epoch 167:	0.04622541  	0.10093469  	0.08500334  
2023-09-03 17:32:03.335: Find a better model.
2023-09-03 17:32:29.199: [iter 168 : loss : -0.1345 = 0.0953 + -0.2588 + 0.0303 + -0.0013, time: 25.840586]
2023-09-03 17:32:29.890: epoch 168:	0.04611574  	0.10073587  	0.08492597  
2023-09-03 17:32:55.665: [iter 169 : loss : -0.1319 = 0.0997 + -0.2608 + 0.0305 + -0.0013, time: 25.753596]
2023-09-03 17:32:56.372: epoch 169:	0.04625124  	0.10108083  	0.08513650  
2023-09-03 17:32:56.372: Find a better model.
2023-09-03 17:33:22.394: [iter 170 : loss : -0.1375 = 0.0947 + -0.2617 + 0.0307 + -0.0013, time: 25.989873]
2023-09-03 17:33:23.025: epoch 170:	0.04619320  	0.10100250  	0.08514797  
2023-09-03 17:33:48.997: [iter 171 : loss : -0.1373 = 0.0967 + -0.2636 + 0.0309 + -0.0013, time: 25.951436]
2023-09-03 17:33:49.709: epoch 171:	0.04625770  	0.10109781  	0.08518232  
2023-09-03 17:33:49.709: Find a better model.
2023-09-03 17:34:15.605: [iter 172 : loss : -0.1400 = 0.0954 + -0.2653 + 0.0311 + -0.0013, time: 25.873255]
2023-09-03 17:34:16.257: epoch 172:	0.04621900  	0.10102441  	0.08518644  
2023-09-03 17:34:42.260: [iter 173 : loss : -0.1398 = 0.0971 + -0.2669 + 0.0313 + -0.0013, time: 25.980692]
2023-09-03 17:34:42.865: epoch 173:	0.04643834  	0.10148866  	0.08545339  
2023-09-03 17:34:42.865: Find a better model.
2023-09-03 17:35:08.721: [iter 174 : loss : -0.1438 = 0.0949 + -0.2689 + 0.0315 + -0.0013, time: 25.835222]
2023-09-03 17:35:09.352: epoch 174:	0.04640606  	0.10123322  	0.08526906  
2023-09-03 17:35:35.377: [iter 175 : loss : -0.1409 = 0.0989 + -0.2702 + 0.0317 + -0.0013, time: 26.003606]
2023-09-03 17:35:36.026: epoch 175:	0.04647058  	0.10142983  	0.08539544  
2023-09-03 17:36:02.067: [iter 176 : loss : -0.1451 = 0.0961 + -0.2717 + 0.0319 + -0.0013, time: 26.016153]
2023-09-03 17:36:02.761: epoch 176:	0.04643833  	0.10153839  	0.08551604  
2023-09-03 17:36:02.761: Find a better model.
2023-09-03 17:36:28.751: [iter 177 : loss : -0.1440 = 0.0986 + -0.2734 + 0.0321 + -0.0014, time: 25.967223]
2023-09-03 17:36:29.405: epoch 177:	0.04641896  	0.10154295  	0.08555786  
2023-09-03 17:36:29.405: Find a better model.
2023-09-03 17:36:55.187: [iter 178 : loss : -0.1505 = 0.0936 + -0.2750 + 0.0323 + -0.0014, time: 25.756274]
2023-09-03 17:36:55.823: epoch 178:	0.04659316  	0.10182521  	0.08576438  
2023-09-03 17:36:55.823: Find a better model.
2023-09-03 17:37:21.752: [iter 179 : loss : -0.1484 = 0.0967 + -0.2762 + 0.0325 + -0.0014, time: 25.899631]
2023-09-03 17:37:22.403: epoch 179:	0.04656090  	0.10176780  	0.08577964  
2023-09-03 17:37:48.379: [iter 180 : loss : -0.1488 = 0.0979 + -0.2780 + 0.0327 + -0.0014, time: 25.947358]
2023-09-03 17:37:49.098: epoch 180:	0.04661252  	0.10178216  	0.08576702  
2023-09-03 17:38:14.996: [iter 181 : loss : -0.1498 = 0.0982 + -0.2795 + 0.0329 + -0.0014, time: 25.876398]
2023-09-03 17:38:15.628: epoch 181:	0.04674800  	0.10201839  	0.08592630  
2023-09-03 17:38:15.628: Find a better model.
2023-09-03 17:38:41.817: [iter 182 : loss : -0.1525 = 0.0970 + -0.2812 + 0.0330 + -0.0014, time: 26.164698]
2023-09-03 17:38:42.478: epoch 182:	0.04665767  	0.10177580  	0.08590657  
2023-09-03 17:39:08.333: [iter 183 : loss : -0.1557 = 0.0955 + -0.2830 + 0.0333 + -0.0014, time: 25.825577]
2023-09-03 17:39:08.988: epoch 183:	0.04649642  	0.10159613  	0.08584025  
2023-09-03 17:39:34.829: [iter 184 : loss : -0.1558 = 0.0961 + -0.2839 + 0.0335 + -0.0014, time: 25.818260]
2023-09-03 17:39:35.483: epoch 184:	0.04660609  	0.10163500  	0.08594821  
2023-09-03 17:40:01.295: [iter 185 : loss : -0.1586 = 0.0950 + -0.2859 + 0.0337 + -0.0014, time: 25.779285]
2023-09-03 17:40:01.971: epoch 185:	0.04667706  	0.10188144  	0.08606257  
2023-09-03 17:40:28.090: [iter 186 : loss : -0.1586 = 0.0960 + -0.2870 + 0.0338 + -0.0014, time: 26.091547]
2023-09-03 17:40:28.793: epoch 186:	0.04663832  	0.10173824  	0.08604254  
2023-09-03 17:40:54.717: [iter 187 : loss : -0.1591 = 0.0969 + -0.2886 + 0.0340 + -0.0014, time: 25.897455]
2023-09-03 17:40:55.374: epoch 187:	0.04667704  	0.10180675  	0.08608466  
2023-09-03 17:41:21.219: [iter 188 : loss : -0.1583 = 0.0993 + -0.2904 + 0.0342 + -0.0014, time: 25.816808]
2023-09-03 17:41:21.869: epoch 188:	0.04681252  	0.10205696  	0.08625305  
2023-09-03 17:41:21.869: Find a better model.
2023-09-03 17:41:47.950: [iter 189 : loss : -0.1620 = 0.0968 + -0.2918 + 0.0344 + -0.0014, time: 26.049996]
2023-09-03 17:41:48.585: epoch 189:	0.04688992  	0.10237230  	0.08631558  
2023-09-03 17:41:48.585: Find a better model.
2023-09-03 17:42:14.640: [iter 190 : loss : -0.1656 = 0.0946 + -0.2933 + 0.0346 + -0.0015, time: 26.034549]
2023-09-03 17:42:15.259: epoch 190:	0.04703831  	0.10256526  	0.08654509  
2023-09-03 17:42:15.260: Find a better model.
2023-09-03 17:42:41.199: [iter 191 : loss : -0.1648 = 0.0968 + -0.2949 + 0.0348 + -0.0015, time: 25.915083]
2023-09-03 17:42:41.964: epoch 191:	0.04693509  	0.10237231  	0.08645732  
2023-09-03 17:43:08.209: [iter 192 : loss : -0.1649 = 0.0977 + -0.2961 + 0.0350 + -0.0015, time: 26.215478]
2023-09-03 17:43:08.861: epoch 192:	0.04710927  	0.10280967  	0.08660182  
2023-09-03 17:43:08.861: Find a better model.
2023-09-03 17:43:34.922: [iter 193 : loss : -0.1682 = 0.0960 + -0.2979 + 0.0352 + -0.0015, time: 26.033636]
2023-09-03 17:43:35.590: epoch 193:	0.04712861  	0.10270216  	0.08654062  
2023-09-03 17:44:01.597: [iter 194 : loss : -0.1684 = 0.0972 + -0.2996 + 0.0354 + -0.0015, time: 25.984556]
2023-09-03 17:44:02.246: epoch 194:	0.04701249  	0.10257846  	0.08641057  
2023-09-03 17:44:28.287: [iter 195 : loss : -0.1716 = 0.0952 + -0.3009 + 0.0356 + -0.0015, time: 26.012460]
2023-09-03 17:44:29.012: epoch 195:	0.04701896  	0.10255107  	0.08651513  
2023-09-03 17:44:55.072: [iter 196 : loss : -0.1721 = 0.0963 + -0.3027 + 0.0358 + -0.0015, time: 26.036727]
2023-09-03 17:44:55.759: epoch 196:	0.04703834  	0.10263254  	0.08659836  
2023-09-03 17:45:21.808: [iter 197 : loss : -0.1752 = 0.0941 + -0.3038 + 0.0360 + -0.0015, time: 26.024452]
2023-09-03 17:45:22.449: epoch 197:	0.04703831  	0.10263314  	0.08644954  
2023-09-03 17:45:48.450: [iter 198 : loss : -0.1727 = 0.0982 + -0.3055 + 0.0362 + -0.0015, time: 25.974437]
2023-09-03 17:45:49.174: epoch 198:	0.04703185  	0.10265233  	0.08646803  
2023-09-03 17:46:15.236: [iter 199 : loss : -0.1731 = 0.0990 + -0.3069 + 0.0364 + -0.0015, time: 26.034761]
2023-09-03 17:46:15.882: epoch 199:	0.04713507  	0.10281599  	0.08654918  
2023-09-03 17:46:15.883: Find a better model.
2023-09-03 17:46:41.699: [iter 200 : loss : -0.1749 = 0.0982 + -0.3081 + 0.0366 + -0.0015, time: 25.793985]
2023-09-03 17:46:42.348: epoch 200:	0.04708348  	0.10265459  	0.08655379  
2023-09-03 17:46:42.349: best_result@epoch 199:

2023-09-03 17:46:42.349: 		0.0471      	0.1028      	0.0865      
