2023-09-03 14:48:51.013: my pid: 23562
2023-09-03 14:48:51.013: model: model.general_recommender.GNNEC
2023-09-03 14:48:51.013: Dataset statistics:
Name: yelp
The number of users: 7750
The number of items: 28918
The number of ratings: 750318
Average actions of users: 96.82
Average actions of items: 25.95
The sparsity of the dataset: 99.665208%

The number of training: 678579
The number of validation: 0
The number of testing: 71739
2023-09-03 14:48:51.013: NeuRec:[NeuRec]:
recommender=GNNEC
dataset=yelp
file_column=UI
sep=','
gpu_id=0
gpu_mem=0.99
metric=["Precision", "Recall", "NDCG"]
top_k=[20]
test_thread=8
test_batch_size=128
seed=2021
start_testing_epoch=0

GNNEC:[hyperparameters]:
mf_reg=1e-4
svd_q=5
aug_type=ND
reg=1e-4
embed_size=64
n_layers=2
ssl_reg=0.02
ssl_ratio=0.1
ssl_temp=0.8
ssl_mode=both_side
lr=1e-3
learner=adam
adj_type=pre
epochs=200
batch_size=2048
num_negatives=1
param_init=xavier_uniform
stddev=0.01
verbose=1
stop_cnt=10
pretrain_flag=0
save_flag=0

Command line:
recommender=GNNEC
dataset=yelp
epochs=200
n_layers=2
embed_size=64
batch_size=2048
lr=1e-3
aug_type=ND
reg=1e-4
ssl_reg=0.02
ssl_ratio=0.1
ssl_temp=0.8
mf_reg=1e-4
svd_q=5
2023-09-03 14:48:55.639: metrics:	Precision@20	Recall@20   	NDCG@20     
2023-09-03 14:49:22.440: [iter 1 : loss : 0.8989 = 0.5700 + 0.3272 + 0.0001 + 0.0016, time: 26.800185]
2023-09-03 14:49:23.127: epoch 1:	0.02538116  	0.05459940  	0.04627639  
2023-09-03 14:49:23.127: Find a better model.
2023-09-03 14:49:49.385: [iter 2 : loss : 0.7249 = 0.4438 + 0.2795 + 0.0002 + 0.0014, time: 26.231565]
2023-09-03 14:49:50.067: epoch 2:	0.02571666  	0.05554100  	0.04690658  
2023-09-03 14:49:50.068: Find a better model.
2023-09-03 14:50:15.828: [iter 3 : loss : 0.6773 = 0.4102 + 0.2654 + 0.0004 + 0.0013, time: 25.724799]
2023-09-03 14:50:16.500: epoch 3:	0.02601991  	0.05634475  	0.04756051  
2023-09-03 14:50:16.500: Find a better model.
2023-09-03 14:50:42.361: [iter 4 : loss : 0.6404 = 0.3823 + 0.2564 + 0.0005 + 0.0013, time: 25.834831]
2023-09-03 14:50:43.028: epoch 4:	0.02672960  	0.05771691  	0.04823352  
2023-09-03 14:50:43.028: Find a better model.
2023-09-03 14:51:08.561: [iter 5 : loss : 0.6135 = 0.3626 + 0.2491 + 0.0006 + 0.0012, time: 25.510104]
2023-09-03 14:51:09.191: epoch 5:	0.02710382  	0.05884158  	0.04927849  
2023-09-03 14:51:09.191: Find a better model.
2023-09-03 14:51:35.153: [iter 6 : loss : 0.5910 = 0.3457 + 0.2433 + 0.0007 + 0.0012, time: 25.931640]
2023-09-03 14:51:35.812: epoch 6:	0.02724576  	0.05899110  	0.04993289  
2023-09-03 14:51:35.812: Find a better model.
2023-09-03 14:52:01.984: [iter 7 : loss : 0.5684 = 0.3287 + 0.2377 + 0.0008 + 0.0012, time: 26.147764]
2023-09-03 14:52:02.602: epoch 7:	0.02763931  	0.05964679  	0.05023565  
2023-09-03 14:52:02.602: Find a better model.
2023-09-03 14:52:29.012: [iter 8 : loss : 0.5501 = 0.3154 + 0.2326 + 0.0010 + 0.0012, time: 26.377694]
2023-09-03 14:52:29.673: epoch 8:	0.02774899  	0.05978981  	0.05029533  
2023-09-03 14:52:29.673: Find a better model.
2023-09-03 14:52:55.976: [iter 9 : loss : 0.5349 = 0.3046 + 0.2280 + 0.0011 + 0.0011, time: 26.268731]
2023-09-03 14:52:56.659: epoch 9:	0.02818772  	0.06030514  	0.05069677  
2023-09-03 14:52:56.659: Find a better model.
2023-09-03 14:53:22.959: [iter 10 : loss : 0.5210 = 0.2949 + 0.2237 + 0.0012 + 0.0011, time: 26.272784]
2023-09-03 14:53:23.647: epoch 10:	0.02832322  	0.06054188  	0.05084114  
2023-09-03 14:53:23.647: Find a better model.
2023-09-03 14:53:49.750: [iter 11 : loss : 0.5073 = 0.2849 + 0.2200 + 0.0014 + 0.0011, time: 26.072732]
2023-09-03 14:53:50.453: epoch 11:	0.02860066  	0.06167673  	0.05164460  
2023-09-03 14:53:50.454: Find a better model.
2023-09-03 14:54:16.072: [iter 12 : loss : 0.4936 = 0.2751 + 0.2160 + 0.0015 + 0.0011, time: 25.591576]
2023-09-03 14:54:16.730: epoch 12:	0.02938133  	0.06363652  	0.05292732  
2023-09-03 14:54:16.730: Find a better model.
2023-09-03 14:54:43.177: [iter 13 : loss : 0.4819 = 0.2671 + 0.2122 + 0.0016 + 0.0010, time: 26.422093]
2023-09-03 14:54:43.850: epoch 13:	0.02949101  	0.06377146  	0.05287164  
2023-09-03 14:54:43.850: Find a better model.
2023-09-03 14:55:10.079: [iter 14 : loss : 0.4660 = 0.2555 + 0.2077 + 0.0018 + 0.0010, time: 26.202542]
2023-09-03 14:55:10.742: epoch 14:	0.03009748  	0.06519699  	0.05376422  
2023-09-03 14:55:10.742: Find a better model.
2023-09-03 14:55:37.123: [iter 15 : loss : 0.4572 = 0.2507 + 0.2036 + 0.0019 + 0.0010, time: 26.350900]
2023-09-03 14:55:37.785: epoch 15:	0.03037490  	0.06560166  	0.05424626  
2023-09-03 14:55:37.785: Find a better model.
2023-09-03 14:56:04.107: [iter 16 : loss : 0.4473 = 0.2444 + 0.1999 + 0.0021 + 0.0010, time: 26.290059]
2023-09-03 14:56:04.780: epoch 16:	0.03065878  	0.06599014  	0.05454146  
2023-09-03 14:56:04.780: Find a better model.
2023-09-03 14:56:30.767: [iter 17 : loss : 0.4354 = 0.2365 + 0.1957 + 0.0022 + 0.0010, time: 25.961514]
2023-09-03 14:56:31.449: epoch 17:	0.03091684  	0.06653721  	0.05499012  
2023-09-03 14:56:31.449: Find a better model.
2023-09-03 14:56:57.851: [iter 18 : loss : 0.4274 = 0.2324 + 0.1917 + 0.0024 + 0.0009, time: 26.366118]
2023-09-03 14:56:58.533: epoch 18:	0.03123945  	0.06732348  	0.05572438  
2023-09-03 14:56:58.533: Find a better model.
2023-09-03 14:57:24.624: [iter 19 : loss : 0.4167 = 0.2256 + 0.1876 + 0.0025 + 0.0009, time: 26.057718]
2023-09-03 14:57:25.294: epoch 19:	0.03152333  	0.06795475  	0.05613827  
2023-09-03 14:57:25.294: Find a better model.
2023-09-03 14:57:51.330: [iter 20 : loss : 0.4084 = 0.2202 + 0.1845 + 0.0027 + 0.0009, time: 26.002296]
2023-09-03 14:57:52.005: epoch 20:	0.03203948  	0.06907871  	0.05683636  
2023-09-03 14:57:52.005: Find a better model.
2023-09-03 14:58:18.290: [iter 21 : loss : 0.3972 = 0.2138 + 0.1797 + 0.0028 + 0.0009, time: 26.258831]
2023-09-03 14:58:18.957: epoch 21:	0.03242013  	0.06997013  	0.05746114  
2023-09-03 14:58:18.957: Find a better model.
2023-09-03 14:58:45.114: [iter 22 : loss : 0.3904 = 0.2100 + 0.1766 + 0.0030 + 0.0009, time: 26.121491]
2023-09-03 14:58:45.763: epoch 22:	0.03265239  	0.07033794  	0.05791830  
2023-09-03 14:58:45.763: Find a better model.
2023-09-03 14:59:12.023: [iter 23 : loss : 0.3814 = 0.2044 + 0.1731 + 0.0031 + 0.0009, time: 26.226904]
2023-09-03 14:59:12.661: epoch 23:	0.03315560  	0.07150530  	0.05856791  
2023-09-03 14:59:12.661: Find a better model.
2023-09-03 14:59:38.736: [iter 24 : loss : 0.3754 = 0.2017 + 0.1695 + 0.0033 + 0.0008, time: 26.047414]
2023-09-03 14:59:39.388: epoch 24:	0.03317495  	0.07165883  	0.05873607  
2023-09-03 14:59:39.389: Find a better model.
2023-09-03 15:00:05.748: [iter 25 : loss : 0.3677 = 0.1972 + 0.1662 + 0.0035 + 0.0008, time: 26.332749]
2023-09-03 15:00:06.433: epoch 25:	0.03372329  	0.07279637  	0.05928091  
2023-09-03 15:00:06.434: Find a better model.
2023-09-03 15:00:32.574: [iter 26 : loss : 0.3608 = 0.1941 + 0.1623 + 0.0036 + 0.0008, time: 26.109401]
2023-09-03 15:00:33.244: epoch 26:	0.03376846  	0.07291503  	0.05964057  
2023-09-03 15:00:33.244: Find a better model.
2023-09-03 15:00:59.387: [iter 27 : loss : 0.3529 = 0.1894 + 0.1589 + 0.0038 + 0.0008, time: 26.114082]
2023-09-03 15:01:00.055: epoch 27:	0.03389104  	0.07318909  	0.06005728  
2023-09-03 15:01:00.056: Find a better model.
2023-09-03 15:01:26.098: [iter 28 : loss : 0.3471 = 0.1868 + 0.1556 + 0.0039 + 0.0008, time: 26.015202]
2023-09-03 15:01:26.758: epoch 28:	0.03431037  	0.07399656  	0.06069008  
2023-09-03 15:01:26.758: Find a better model.
2023-09-03 15:01:52.640: [iter 29 : loss : 0.3416 = 0.1846 + 0.1521 + 0.0041 + 0.0008, time: 25.848321]
2023-09-03 15:01:53.323: epoch 29:	0.03432970  	0.07400113  	0.06082620  
2023-09-03 15:01:53.323: Find a better model.
2023-09-03 15:02:19.357: [iter 30 : loss : 0.3345 = 0.1802 + 0.1493 + 0.0043 + 0.0007, time: 25.992816]
2023-09-03 15:02:20.016: epoch 30:	0.03456192  	0.07466420  	0.06152178  
2023-09-03 15:02:20.016: Find a better model.
2023-09-03 15:02:46.053: [iter 31 : loss : 0.3278 = 0.1770 + 0.1457 + 0.0044 + 0.0007, time: 26.008664]
2023-09-03 15:02:46.718: epoch 31:	0.03504573  	0.07560038  	0.06210553  
2023-09-03 15:02:46.719: Find a better model.
2023-09-03 15:03:12.671: [iter 32 : loss : 0.3202 = 0.1726 + 0.1423 + 0.0046 + 0.0007, time: 25.923115]
2023-09-03 15:03:13.369: epoch 32:	0.03527798  	0.07608075  	0.06250720  
2023-09-03 15:03:13.369: Find a better model.
2023-09-03 15:03:39.415: [iter 33 : loss : 0.3156 = 0.1712 + 0.1390 + 0.0048 + 0.0007, time: 26.010874]
2023-09-03 15:03:40.080: epoch 33:	0.03563923  	0.07668573  	0.06305602  
2023-09-03 15:03:40.081: Find a better model.
2023-09-03 15:04:05.999: [iter 34 : loss : 0.3113 = 0.1700 + 0.1357 + 0.0049 + 0.0007, time: 25.890421]
2023-09-03 15:04:06.672: epoch 34:	0.03598113  	0.07750797  	0.06368253  
2023-09-03 15:04:06.672: Find a better model.
2023-09-03 15:04:32.585: [iter 35 : loss : 0.3060 = 0.1670 + 0.1332 + 0.0051 + 0.0007, time: 25.885731]
2023-09-03 15:04:33.243: epoch 35:	0.03638757  	0.07856913  	0.06420410  
2023-09-03 15:04:33.243: Find a better model.
2023-09-03 15:04:58.584: [iter 36 : loss : 0.3006 = 0.1653 + 0.1294 + 0.0053 + 0.0006, time: 25.306001]
2023-09-03 15:04:59.215: epoch 36:	0.03647791  	0.07888963  	0.06433098  
2023-09-03 15:04:59.215: Find a better model.
2023-09-03 15:05:25.350: [iter 37 : loss : 0.2945 = 0.1618 + 0.1267 + 0.0054 + 0.0006, time: 26.109077]
2023-09-03 15:05:26.019: epoch 37:	0.03671013  	0.07925383  	0.06457657  
2023-09-03 15:05:26.019: Find a better model.
2023-09-03 15:05:51.864: [iter 38 : loss : 0.2895 = 0.1589 + 0.1244 + 0.0056 + 0.0006, time: 25.816915]
2023-09-03 15:05:52.526: epoch 38:	0.03674882  	0.07934518  	0.06459210  
2023-09-03 15:05:52.526: Find a better model.
2023-09-03 15:06:18.431: [iter 39 : loss : 0.2856 = 0.1582 + 0.1211 + 0.0058 + 0.0006, time: 25.876256]
2023-09-03 15:06:19.060: epoch 39:	0.03689072  	0.07963249  	0.06505411  
2023-09-03 15:06:19.060: Find a better model.
2023-09-03 15:06:44.960: [iter 40 : loss : 0.2796 = 0.1554 + 0.1177 + 0.0059 + 0.0006, time: 25.870066]
2023-09-03 15:06:45.617: epoch 40:	0.03730357  	0.08063074  	0.06555124  
2023-09-03 15:06:45.617: Find a better model.
2023-09-03 15:07:11.517: [iter 41 : loss : 0.2738 = 0.1524 + 0.1147 + 0.0061 + 0.0006, time: 25.876346]
2023-09-03 15:07:12.179: epoch 41:	0.03734226  	0.08086994  	0.06561470  
2023-09-03 15:07:12.180: Find a better model.
2023-09-03 15:07:38.186: [iter 42 : loss : 0.2700 = 0.1510 + 0.1122 + 0.0063 + 0.0006, time: 25.974543]
2023-09-03 15:07:38.866: epoch 42:	0.03760676  	0.08150407  	0.06608445  
2023-09-03 15:07:38.866: Find a better model.
2023-09-03 15:08:04.856: [iter 43 : loss : 0.2653 = 0.1492 + 0.1091 + 0.0064 + 0.0005, time: 25.951308]
2023-09-03 15:08:05.551: epoch 43:	0.03771642  	0.08162584  	0.06645647  
2023-09-03 15:08:05.552: Find a better model.
2023-09-03 15:08:31.572: [iter 44 : loss : 0.2608 = 0.1478 + 0.1059 + 0.0066 + 0.0005, time: 25.993145]
2023-09-03 15:08:32.219: epoch 44:	0.03788415  	0.08198322  	0.06675151  
2023-09-03 15:08:32.219: Find a better model.
2023-09-03 15:08:58.341: [iter 45 : loss : 0.2567 = 0.1459 + 0.1035 + 0.0068 + 0.0005, time: 26.090945]
2023-09-03 15:08:58.971: epoch 45:	0.03800674  	0.08245638  	0.06699751  
2023-09-03 15:08:58.972: Find a better model.
2023-09-03 15:09:24.282: [iter 46 : loss : 0.2530 = 0.1448 + 0.1007 + 0.0069 + 0.0005, time: 25.279817]
2023-09-03 15:09:24.882: epoch 46:	0.03834868  	0.08311377  	0.06753868  
2023-09-03 15:09:24.882: Find a better model.
2023-09-03 15:09:50.939: [iter 47 : loss : 0.2475 = 0.1424 + 0.0975 + 0.0071 + 0.0005, time: 26.033957]
2023-09-03 15:09:51.598: epoch 47:	0.03851639  	0.08355343  	0.06766002  
2023-09-03 15:09:51.598: Find a better model.
2023-09-03 15:10:17.530: [iter 48 : loss : 0.2440 = 0.1412 + 0.0950 + 0.0073 + 0.0005, time: 25.905026]
2023-09-03 15:10:18.186: epoch 48:	0.03846478  	0.08340382  	0.06780257  
2023-09-03 15:10:44.166: [iter 49 : loss : 0.2403 = 0.1403 + 0.0921 + 0.0075 + 0.0005, time: 25.946055]
2023-09-03 15:10:44.837: epoch 49:	0.03880667  	0.08420636  	0.06821588  
2023-09-03 15:10:44.837: Find a better model.
2023-09-03 15:11:10.728: [iter 50 : loss : 0.2364 = 0.1389 + 0.0894 + 0.0076 + 0.0004, time: 25.857697]
2023-09-03 15:11:11.338: epoch 50:	0.03903245  	0.08471277  	0.06840317  
2023-09-03 15:11:11.339: Find a better model.
2023-09-03 15:11:37.386: [iter 51 : loss : 0.2326 = 0.1376 + 0.0868 + 0.0078 + 0.0004, time: 26.017720]
2023-09-03 15:11:38.070: epoch 51:	0.03916795  	0.08498275  	0.06870576  
2023-09-03 15:11:38.070: Find a better model.
2023-09-03 15:12:04.082: [iter 52 : loss : 0.2291 = 0.1365 + 0.0842 + 0.0080 + 0.0004, time: 25.980522]
2023-09-03 15:12:04.699: epoch 52:	0.03929694  	0.08513359  	0.06889834  
2023-09-03 15:12:04.699: Find a better model.
2023-09-03 15:12:29.880: [iter 53 : loss : 0.2256 = 0.1357 + 0.0813 + 0.0081 + 0.0004, time: 25.148740]
2023-09-03 15:12:30.508: epoch 53:	0.03940660  	0.08533138  	0.06909861  
2023-09-03 15:12:30.509: Find a better model.
2023-09-03 15:12:56.357: [iter 54 : loss : 0.2217 = 0.1334 + 0.0795 + 0.0083 + 0.0004, time: 25.825719]
2023-09-03 15:12:57.040: epoch 54:	0.03968403  	0.08597853  	0.06960077  
2023-09-03 15:12:57.040: Find a better model.
2023-09-03 15:13:23.012: [iter 55 : loss : 0.2176 = 0.1325 + 0.0763 + 0.0085 + 0.0004, time: 25.946092]
2023-09-03 15:13:23.667: epoch 55:	0.03946469  	0.08573560  	0.06947280  
2023-09-03 15:13:49.583: [iter 56 : loss : 0.2136 = 0.1310 + 0.0736 + 0.0087 + 0.0004, time: 25.884462]
2023-09-03 15:13:50.235: epoch 56:	0.03962596  	0.08597508  	0.06953191  
2023-09-03 15:14:15.526: [iter 57 : loss : 0.2106 = 0.1303 + 0.0711 + 0.0088 + 0.0004, time: 25.267923]
2023-09-03 15:14:16.164: epoch 57:	0.03980012  	0.08651118  	0.06994881  
2023-09-03 15:14:16.164: Find a better model.
2023-09-03 15:14:42.107: [iter 58 : loss : 0.2097 = 0.1312 + 0.0692 + 0.0090 + 0.0003, time: 25.909512]
2023-09-03 15:14:42.796: epoch 58:	0.03989044  	0.08666924  	0.07011950  
2023-09-03 15:14:42.796: Find a better model.
2023-09-03 15:15:08.785: [iter 59 : loss : 0.2044 = 0.1292 + 0.0656 + 0.0092 + 0.0003, time: 25.959696]
2023-09-03 15:15:09.459: epoch 59:	0.04018072  	0.08718643  	0.07055482  
2023-09-03 15:15:09.459: Find a better model.
2023-09-03 15:15:35.429: [iter 60 : loss : 0.2010 = 0.1273 + 0.0641 + 0.0094 + 0.0003, time: 25.940058]
2023-09-03 15:15:36.106: epoch 60:	0.04032910  	0.08767308  	0.07073473  
2023-09-03 15:15:36.106: Find a better model.
2023-09-03 15:16:01.871: [iter 61 : loss : 0.1967 = 0.1260 + 0.0609 + 0.0095 + 0.0003, time: 25.739245]
2023-09-03 15:16:02.526: epoch 61:	0.04030973  	0.08754978  	0.07069602  
2023-09-03 15:16:28.522: [iter 62 : loss : 0.1940 = 0.1255 + 0.0584 + 0.0097 + 0.0003, time: 25.971458]
2023-09-03 15:16:29.215: epoch 62:	0.04031621  	0.08731188  	0.07072726  
2023-09-03 15:16:55.252: [iter 63 : loss : 0.1898 = 0.1236 + 0.0561 + 0.0099 + 0.0003, time: 26.005913]
2023-09-03 15:16:55.937: epoch 63:	0.04065162  	0.08811388  	0.07116547  
2023-09-03 15:16:55.938: Find a better model.
2023-09-03 15:17:21.808: [iter 64 : loss : 0.1863 = 0.1223 + 0.0537 + 0.0101 + 0.0003, time: 25.841607]
2023-09-03 15:17:22.455: epoch 64:	0.04061288  	0.08798271  	0.07132452  
2023-09-03 15:17:48.332: [iter 65 : loss : 0.1851 = 0.1232 + 0.0514 + 0.0103 + 0.0003, time: 25.848618]
2023-09-03 15:17:48.990: epoch 65:	0.04074193  	0.08828631  	0.07151169  
2023-09-03 15:17:48.991: Find a better model.
2023-09-03 15:18:15.075: [iter 66 : loss : 0.1804 = 0.1210 + 0.0487 + 0.0104 + 0.0002, time: 26.052616]
2023-09-03 15:18:15.748: epoch 66:	0.04091613  	0.08886565  	0.07180533  
2023-09-03 15:18:15.748: Find a better model.
2023-09-03 15:18:41.054: [iter 67 : loss : 0.1773 = 0.1201 + 0.0463 + 0.0106 + 0.0002, time: 25.266622]
2023-09-03 15:18:41.678: epoch 67:	0.04096125  	0.08884103  	0.07180120  
2023-09-03 15:19:07.622: [iter 68 : loss : 0.1755 = 0.1203 + 0.0441 + 0.0108 + 0.0002, time: 25.912471]
2023-09-03 15:19:08.289: epoch 68:	0.04112898  	0.08925081  	0.07209311  
2023-09-03 15:19:08.290: Find a better model.
2023-09-03 15:19:34.077: [iter 69 : loss : 0.1729 = 0.1201 + 0.0416 + 0.0110 + 0.0002, time: 25.759485]
2023-09-03 15:19:34.769: epoch 69:	0.04103866  	0.08917220  	0.07197775  
2023-09-03 15:20:00.618: [iter 70 : loss : 0.1708 = 0.1195 + 0.0399 + 0.0111 + 0.0002, time: 25.817096]
2023-09-03 15:20:01.273: epoch 70:	0.04138055  	0.08982206  	0.07237068  
2023-09-03 15:20:01.274: Find a better model.
2023-09-03 15:20:27.213: [iter 71 : loss : 0.1660 = 0.1172 + 0.0373 + 0.0113 + 0.0002, time: 25.912759]
2023-09-03 15:20:27.871: epoch 71:	0.04155473  	0.09016381  	0.07257869  
2023-09-03 15:20:27.872: Find a better model.
2023-09-03 15:20:53.761: [iter 72 : loss : 0.1633 = 0.1176 + 0.0341 + 0.0115 + 0.0002, time: 25.857149]
2023-09-03 15:20:54.422: epoch 72:	0.04172246  	0.09083286  	0.07290593  
2023-09-03 15:20:54.422: Find a better model.
2023-09-03 15:21:20.364: [iter 73 : loss : 0.1593 = 0.1147 + 0.0328 + 0.0117 + 0.0002, time: 25.910649]
2023-09-03 15:21:21.026: epoch 73:	0.04173537  	0.09064870  	0.07283460  
2023-09-03 15:21:46.945: [iter 74 : loss : 0.1553 = 0.1138 + 0.0295 + 0.0119 + 0.0002, time: 25.889050]
2023-09-03 15:21:47.620: epoch 74:	0.04190311  	0.09118469  	0.07319102  
2023-09-03 15:21:47.620: Find a better model.
2023-09-03 15:22:13.494: [iter 75 : loss : 0.1531 = 0.1138 + 0.0271 + 0.0121 + 0.0001, time: 25.841901]
2023-09-03 15:22:14.189: epoch 75:	0.04198695  	0.09136619  	0.07320388  
2023-09-03 15:22:14.189: Find a better model.
2023-09-03 15:22:40.138: [iter 76 : loss : 0.1522 = 0.1144 + 0.0255 + 0.0123 + 0.0001, time: 25.916475]
2023-09-03 15:22:40.803: epoch 76:	0.04178699  	0.09083568  	0.07307187  
2023-09-03 15:23:06.701: [iter 77 : loss : 0.1474 = 0.1117 + 0.0232 + 0.0124 + 0.0001, time: 25.871453]
2023-09-03 15:23:07.358: epoch 77:	0.04197403  	0.09125249  	0.07332620  
2023-09-03 15:23:33.164: [iter 78 : loss : 0.1473 = 0.1137 + 0.0209 + 0.0126 + 0.0001, time: 25.778604]
2023-09-03 15:23:33.819: epoch 78:	0.04210952  	0.09149665  	0.07361968  
2023-09-03 15:23:33.820: Find a better model.
2023-09-03 15:23:59.709: [iter 79 : loss : 0.1434 = 0.1121 + 0.0184 + 0.0128 + 0.0001, time: 25.864152]
2023-09-03 15:24:00.379: epoch 79:	0.04213534  	0.09141772  	0.07368150  
2023-09-03 15:24:26.363: [iter 80 : loss : 0.1409 = 0.1116 + 0.0163 + 0.0130 + 0.0001, time: 25.943673]
2023-09-03 15:24:27.002: epoch 80:	0.04246431  	0.09223980  	0.07417142  
2023-09-03 15:24:27.002: Find a better model.
2023-09-03 15:24:52.338: [iter 81 : loss : 0.1364 = 0.1100 + 0.0132 + 0.0132 + 0.0001, time: 25.294568]
2023-09-03 15:24:52.972: epoch 81:	0.04254175  	0.09250793  	0.07427189  
2023-09-03 15:24:52.972: Find a better model.
2023-09-03 15:25:18.794: [iter 82 : loss : 0.1348 = 0.1100 + 0.0114 + 0.0134 + 0.0001, time: 25.791309]
2023-09-03 15:25:19.449: epoch 82:	0.04270951  	0.09285325  	0.07456799  
2023-09-03 15:25:19.449: Find a better model.
2023-09-03 15:25:45.386: [iter 83 : loss : 0.1317 = 0.1091 + 0.0091 + 0.0136 + 0.0001, time: 25.905140]
2023-09-03 15:25:46.045: epoch 83:	0.04272237  	0.09296879  	0.07461841  
2023-09-03 15:25:46.045: Find a better model.
2023-09-03 15:26:11.776: [iter 84 : loss : 0.1296 = 0.1084 + 0.0074 + 0.0137 + 0.0000, time: 25.695987]
2023-09-03 15:26:12.501: epoch 84:	0.04301913  	0.09350484  	0.07493593  
2023-09-03 15:26:12.502: Find a better model.
2023-09-03 15:26:38.505: [iter 85 : loss : 0.1278 = 0.1092 + 0.0046 + 0.0139 + 0.0000, time: 25.973961]
2023-09-03 15:26:39.176: epoch 85:	0.04305783  	0.09361952  	0.07520398  
2023-09-03 15:26:39.176: Find a better model.
2023-09-03 15:27:05.054: [iter 86 : loss : 0.1244 = 0.1074 + 0.0028 + 0.0141 + 0.0000, time: 25.847211]
2023-09-03 15:27:05.721: epoch 86:	0.04325139  	0.09412983  	0.07537799  
2023-09-03 15:27:05.721: Find a better model.
2023-09-03 15:27:31.584: [iter 87 : loss : 0.1224 = 0.1077 + 0.0004 + 0.0143 + 0.0000, time: 25.838705]
2023-09-03 15:27:32.254: epoch 87:	0.04328364  	0.09418000  	0.07567293  
2023-09-03 15:27:32.255: Find a better model.
2023-09-03 15:27:58.142: [iter 88 : loss : 0.1203 = 0.1078 + -0.0020 + 0.0145 + -0.0000, time: 25.855187]
2023-09-03 15:27:58.827: epoch 88:	0.04316106  	0.09402250  	0.07552973  
2023-09-03 15:28:24.120: [iter 89 : loss : 0.1167 = 0.1055 + -0.0035 + 0.0147 + -0.0000, time: 25.258679]
2023-09-03 15:28:24.758: epoch 89:	0.04329657  	0.09430582  	0.07573392  
2023-09-03 15:28:24.758: Find a better model.
2023-09-03 15:28:50.611: [iter 90 : loss : 0.1148 = 0.1054 + -0.0055 + 0.0149 + -0.0000, time: 25.815207]
2023-09-03 15:28:51.270: epoch 90:	0.04345786  	0.09461301  	0.07591125  
2023-09-03 15:28:51.270: Find a better model.
2023-09-03 15:29:17.226: [iter 91 : loss : 0.1149 = 0.1079 + -0.0081 + 0.0151 + -0.0000, time: 25.928328]
2023-09-03 15:29:17.884: epoch 91:	0.04330944  	0.09417348  	0.07587326  
2023-09-03 15:29:43.771: [iter 92 : loss : 0.1106 = 0.1054 + -0.0100 + 0.0152 + -0.0000, time: 25.859849]
2023-09-03 15:29:44.399: epoch 92:	0.04310301  	0.09364296  	0.07565751  
2023-09-03 15:30:10.325: [iter 93 : loss : 0.1072 = 0.1038 + -0.0120 + 0.0154 + -0.0001, time: 25.893311]
2023-09-03 15:30:10.979: epoch 93:	0.04325785  	0.09388383  	0.07582877  
2023-09-03 15:30:37.050: [iter 94 : loss : 0.1077 = 0.1068 + -0.0146 + 0.0156 + -0.0001, time: 26.043074]
2023-09-03 15:30:37.731: epoch 94:	0.04352235  	0.09477771  	0.07619137  
2023-09-03 15:30:37.731: Find a better model.
2023-09-03 15:31:03.137: [iter 95 : loss : 0.1027 = 0.1040 + -0.0170 + 0.0158 + -0.0001, time: 25.377135]
2023-09-03 15:31:03.730: epoch 95:	0.04366430  	0.09513773  	0.07631637  
2023-09-03 15:31:03.731: Find a better model.
2023-09-03 15:31:29.559: [iter 96 : loss : 0.1025 = 0.1050 + -0.0184 + 0.0160 + -0.0001, time: 25.801248]
2023-09-03 15:31:30.147: epoch 96:	0.04380621  	0.09541674  	0.07651819  
2023-09-03 15:31:30.147: Find a better model.
2023-09-03 15:31:56.123: [iter 97 : loss : 0.1010 = 0.1047 + -0.0198 + 0.0162 + -0.0001, time: 25.950836]
2023-09-03 15:31:56.774: epoch 97:	0.04369007  	0.09517740  	0.07642832  
2023-09-03 15:32:22.637: [iter 98 : loss : 0.0968 = 0.1033 + -0.0228 + 0.0164 + -0.0001, time: 25.837295]
2023-09-03 15:32:23.312: epoch 98:	0.04351588  	0.09486724  	0.07627352  
2023-09-03 15:32:49.329: [iter 99 : loss : 0.0938 = 0.1017 + -0.0243 + 0.0166 + -0.0001, time: 25.984178]
2023-09-03 15:32:50.011: epoch 99:	0.04360621  	0.09486688  	0.07634155  
2023-09-03 15:33:15.885: [iter 100 : loss : 0.0906 = 0.1005 + -0.0266 + 0.0168 + -0.0001, time: 25.851427]
2023-09-03 15:33:16.593: epoch 100:	0.04369012  	0.09499878  	0.07650445  
2023-09-03 15:33:42.686: [iter 101 : loss : 0.0881 = 0.0998 + -0.0285 + 0.0169 + -0.0001, time: 26.064478]
2023-09-03 15:33:43.333: epoch 101:	0.04376103  	0.09501914  	0.07667415  
2023-09-03 15:34:09.393: [iter 102 : loss : 0.0890 = 0.1030 + -0.0310 + 0.0171 + -0.0001, time: 26.033072]
2023-09-03 15:34:10.086: epoch 102:	0.04388363  	0.09529577  	0.07676551  
2023-09-03 15:34:36.447: [iter 103 : loss : 0.0870 = 0.1029 + -0.0331 + 0.0173 + -0.0002, time: 26.332489]
2023-09-03 15:34:37.166: epoch 103:	0.04413521  	0.09592701  	0.07725614  
2023-09-03 15:34:37.166: Find a better model.
2023-09-03 15:35:02.864: [iter 104 : loss : 0.0863 = 0.1031 + -0.0342 + 0.0175 + -0.0002, time: 25.673057]
2023-09-03 15:35:03.540: epoch 104:	0.04406425  	0.09598221  	0.07715457  
2023-09-03 15:35:03.540: Find a better model.
2023-09-03 15:35:29.752: [iter 105 : loss : 0.0826 = 0.1014 + -0.0363 + 0.0177 + -0.0002, time: 26.186987]
2023-09-03 15:35:30.451: epoch 105:	0.04395458  	0.09582191  	0.07713242  
2023-09-03 15:35:56.788: [iter 106 : loss : 0.0773 = 0.0979 + -0.0383 + 0.0179 + -0.0002, time: 26.309078]
2023-09-03 15:35:57.441: epoch 106:	0.04411587  	0.09593729  	0.07735676  
2023-09-03 15:36:23.679: [iter 107 : loss : 0.0764 = 0.0991 + -0.0405 + 0.0181 + -0.0002, time: 26.215210]
2023-09-03 15:36:24.332: epoch 107:	0.04419326  	0.09636460  	0.07745101  
2023-09-03 15:36:24.332: Find a better model.
2023-09-03 15:36:50.532: [iter 108 : loss : 0.0760 = 0.1000 + -0.0421 + 0.0183 + -0.0002, time: 26.174738]
2023-09-03 15:36:51.206: epoch 108:	0.04436101  	0.09658534  	0.07768258  
2023-09-03 15:36:51.206: Find a better model.
2023-09-03 15:37:17.422: [iter 109 : loss : 0.0729 = 0.0991 + -0.0444 + 0.0185 + -0.0002, time: 26.192211]
2023-09-03 15:37:18.088: epoch 109:	0.04420621  	0.09631265  	0.07754736  
2023-09-03 15:37:44.438: [iter 110 : loss : 0.0699 = 0.0972 + -0.0457 + 0.0187 + -0.0002, time: 26.327378]
2023-09-03 15:37:45.092: epoch 110:	0.04433523  	0.09656110  	0.07766477  
2023-09-03 15:38:11.108: [iter 111 : loss : 0.0687 = 0.0980 + -0.0480 + 0.0189 + -0.0002, time: 25.989811]
2023-09-03 15:38:11.778: epoch 111:	0.04430296  	0.09659034  	0.07765989  
2023-09-03 15:38:11.778: Find a better model.
2023-09-03 15:38:38.121: [iter 112 : loss : 0.0689 = 0.0994 + -0.0494 + 0.0190 + -0.0002, time: 26.313610]
2023-09-03 15:38:38.777: epoch 112:	0.04439971  	0.09683859  	0.07779203  
2023-09-03 15:38:38.777: Find a better model.
2023-09-03 15:39:05.046: [iter 113 : loss : 0.0671 = 0.0993 + -0.0512 + 0.0192 + -0.0002, time: 26.242602]
2023-09-03 15:39:05.708: epoch 113:	0.04449002  	0.09718517  	0.07804537  
2023-09-03 15:39:05.708: Find a better model.
2023-09-03 15:39:32.000: [iter 114 : loss : 0.0631 = 0.0968 + -0.0528 + 0.0194 + -0.0003, time: 26.264474]
2023-09-03 15:39:32.666: epoch 114:	0.04454167  	0.09720287  	0.07804091  
2023-09-03 15:39:32.667: Find a better model.
2023-09-03 15:39:59.047: [iter 115 : loss : 0.0615 = 0.0979 + -0.0557 + 0.0196 + -0.0003, time: 26.345709]
2023-09-03 15:39:59.711: epoch 115:	0.04450936  	0.09706482  	0.07815991  
2023-09-03 15:40:25.844: [iter 116 : loss : 0.0590 = 0.0966 + -0.0571 + 0.0198 + -0.0003, time: 26.101289]
2023-09-03 15:40:26.508: epoch 116:	0.04455452  	0.09715850  	0.07814495  
2023-09-03 15:40:52.747: [iter 117 : loss : 0.0587 = 0.0979 + -0.0589 + 0.0200 + -0.0003, time: 26.207047]
2023-09-03 15:40:53.399: epoch 117:	0.04466418  	0.09747539  	0.07833102  
2023-09-03 15:40:53.399: Find a better model.
2023-09-03 15:41:19.620: [iter 118 : loss : 0.0578 = 0.0980 + -0.0601 + 0.0202 + -0.0003, time: 26.192578]
2023-09-03 15:41:20.292: epoch 118:	0.04474806  	0.09763958  	0.07840514  
2023-09-03 15:41:20.292: Find a better model.
2023-09-03 15:41:46.635: [iter 119 : loss : 0.0550 = 0.0973 + -0.0623 + 0.0204 + -0.0003, time: 26.318268]
2023-09-03 15:41:47.284: epoch 119:	0.04470294  	0.09735148  	0.07828009  
2023-09-03 15:42:13.544: [iter 120 : loss : 0.0531 = 0.0969 + -0.0640 + 0.0206 + -0.0003, time: 26.227362]
2023-09-03 15:42:14.163: epoch 120:	0.04478034  	0.09761644  	0.07842798  
2023-09-03 15:42:40.528: [iter 121 : loss : 0.0523 = 0.0973 + -0.0655 + 0.0207 + -0.0003, time: 26.340018]
2023-09-03 15:42:41.178: epoch 121:	0.04512225  	0.09832244  	0.07888819  
2023-09-03 15:42:41.178: Find a better model.
2023-09-03 15:43:07.373: [iter 122 : loss : 0.0488 = 0.0956 + -0.0674 + 0.0209 + -0.0003, time: 26.164823]
2023-09-03 15:43:08.047: epoch 122:	0.04497388  	0.09800561  	0.07883120  
2023-09-03 15:43:34.190: [iter 123 : loss : 0.0482 = 0.0965 + -0.0691 + 0.0211 + -0.0003, time: 26.116035]
2023-09-03 15:43:34.851: epoch 123:	0.04523844  	0.09868249  	0.07907616  
2023-09-03 15:43:34.851: Find a better model.
2023-09-03 15:44:01.211: [iter 124 : loss : 0.0447 = 0.0946 + -0.0709 + 0.0213 + -0.0003, time: 26.333376]
2023-09-03 15:44:01.869: epoch 124:	0.04510937  	0.09824666  	0.07898518  
2023-09-03 15:44:27.921: [iter 125 : loss : 0.0436 = 0.0952 + -0.0728 + 0.0215 + -0.0004, time: 26.024158]
2023-09-03 15:44:28.602: epoch 125:	0.04508358  	0.09834146  	0.07902922  
2023-09-03 15:44:54.966: [iter 126 : loss : 0.0421 = 0.0951 + -0.0743 + 0.0217 + -0.0004, time: 26.333937]
2023-09-03 15:44:55.640: epoch 126:	0.04502552  	0.09817239  	0.07889941  
2023-09-03 15:45:21.807: [iter 127 : loss : 0.0430 = 0.0978 + -0.0762 + 0.0219 + -0.0004, time: 26.131016]
2023-09-03 15:45:22.423: epoch 127:	0.04507710  	0.09824697  	0.07909469  
2023-09-03 15:45:48.610: [iter 128 : loss : 0.0398 = 0.0960 + -0.0779 + 0.0221 + -0.0004, time: 26.155020]
2023-09-03 15:45:49.264: epoch 128:	0.04501260  	0.09813215  	0.07900462  
2023-09-03 15:46:15.584: [iter 129 : loss : 0.0371 = 0.0944 + -0.0792 + 0.0222 + -0.0004, time: 26.287752]
2023-09-03 15:46:16.229: epoch 129:	0.04490290  	0.09770943  	0.07896461  
2023-09-03 15:46:42.362: [iter 130 : loss : 0.0361 = 0.0944 + -0.0804 + 0.0224 + -0.0004, time: 26.105510]
2023-09-03 15:46:43.014: epoch 130:	0.04489648  	0.09792180  	0.07891575  
2023-09-03 15:47:09.222: [iter 131 : loss : 0.0362 = 0.0965 + -0.0825 + 0.0226 + -0.0004, time: 26.174255]
2023-09-03 15:47:09.908: epoch 131:	0.04495453  	0.09816625  	0.07906026  
2023-09-03 15:47:36.034: [iter 132 : loss : 0.0320 = 0.0932 + -0.0836 + 0.0228 + -0.0004, time: 26.094231]
2023-09-03 15:47:36.748: epoch 132:	0.04494809  	0.09804502  	0.07899680  
2023-09-03 15:48:02.940: [iter 133 : loss : 0.0322 = 0.0954 + -0.0858 + 0.0230 + -0.0004, time: 26.164521]
2023-09-03 15:48:03.630: epoch 133:	0.04509002  	0.09839282  	0.07918416  
2023-09-03 15:48:03.631: Early stopping is trigger at epoch: 133
2023-09-03 15:48:03.631: best_result@epoch 123:

2023-09-03 15:48:03.631: 		0.0452      	0.0987      	0.0791      
