2023-09-03 09:29:27.317: my pid: 16064
2023-09-03 09:29:27.317: model: model.general_recommender.GNNEC
2023-09-03 09:29:27.317: Dataset statistics:
Name: yelp
The number of users: 7750
The number of items: 28918
The number of ratings: 750318
Average actions of users: 96.82
Average actions of items: 25.95
The sparsity of the dataset: 99.665208%

The number of training: 678579
The number of validation: 0
The number of testing: 71739
2023-09-03 09:29:27.318: NeuRec:[NeuRec]:
recommender=GNNEC
dataset=yelp
file_column=UI
sep=','
gpu_id=0
gpu_mem=0.99
metric=["Precision", "Recall", "NDCG"]
top_k=[20]
test_thread=8
test_batch_size=128
seed=2021
start_testing_epoch=0

GNNEC:[hyperparameters]:
mf_reg=1e-4
svd_q=5
aug_type=ND
reg=1e-4
embed_size=64
n_layers=2
ssl_reg=0.02
ssl_ratio=0.1
ssl_temp=0.8
ssl_mode=both_side
lr=1e-3
learner=adam
adj_type=pre
epochs=200
batch_size=2048
num_negatives=1
param_init=xavier_uniform
stddev=0.01
verbose=1
stop_cnt=10
pretrain_flag=0
save_flag=0

Command line:
recommender=GNNEC
dataset=yelp
epochs=200
n_layers=2
embed_size=64
batch_size=2048
lr=1e-3
aug_type=ND
reg=1e-4
ssl_reg=0.02
ssl_ratio=0.1
ssl_temp=0.8
mf_reg=1e-4
svd_q=5
2023-09-03 09:29:31.931: metrics:	Precision@20	Recall@20   	NDCG@20     
2023-09-03 09:29:58.417: [iter 1 : loss : 0.8080 = 0.4936 + 0.3127 + 0.0001 + 0.0016, time: 26.479604]
2023-09-03 09:29:59.085: epoch 1:	0.02530374  	0.05445913  	0.04653173  
2023-09-03 09:29:59.085: Find a better model.
2023-09-03 09:30:24.919: [iter 2 : loss : 0.5761 = 0.3214 + 0.2530 + 0.0003 + 0.0013, time: 25.802984]
2023-09-03 09:30:25.627: epoch 2:	0.02551665  	0.05487087  	0.04660791  
2023-09-03 09:30:25.627: Find a better model.
2023-09-03 09:30:51.276: [iter 3 : loss : 0.5329 = 0.2942 + 0.2370 + 0.0005 + 0.0012, time: 25.610044]
2023-09-03 09:30:51.941: epoch 3:	0.02549084  	0.05517544  	0.04667482  
2023-09-03 09:30:51.942: Find a better model.
2023-09-03 09:31:17.740: [iter 4 : loss : 0.5034 = 0.2742 + 0.2274 + 0.0006 + 0.0011, time: 25.767471]
2023-09-03 09:31:18.411: epoch 4:	0.02591022  	0.05597059  	0.04740948  
2023-09-03 09:31:18.412: Find a better model.
