2023-09-03 11:57:49.041: my pid: 36989
2023-09-03 11:57:49.041: model: model.general_recommender.GNNEC
2023-09-03 11:57:49.041: Dataset statistics:
Name: yelp
The number of users: 7750
The number of items: 28918
The number of ratings: 750318
Average actions of users: 96.82
Average actions of items: 25.95
The sparsity of the dataset: 99.665208%

The number of training: 678579
The number of validation: 0
The number of testing: 71739
2023-09-03 11:57:49.041: NeuRec:[NeuRec]:
recommender=GNNEC
dataset=yelp
file_column=UI
sep=','
gpu_id=0
gpu_mem=0.99
metric=["Precision", "Recall", "NDCG"]
top_k=[20]
test_thread=8
test_batch_size=128
seed=2021
start_testing_epoch=0

GNNEC:[hyperparameters]:
mf_reg=1e-4
svd_q=5
aug_type=ND
reg=1e-4
embed_size=64
n_layers=2
ssl_reg=0.02
ssl_ratio=0.1
ssl_temp=0.8
ssl_mode=both_side
lr=1e-3
learner=adam
adj_type=pre
epochs=200
batch_size=2048
num_negatives=1
param_init=xavier_uniform
stddev=0.01
verbose=1
stop_cnt=10
pretrain_flag=0
save_flag=0

Command line:
recommender=GNNEC
dataset=yelp
epochs=200
n_layers=2
embed_size=64
batch_size=2048
lr=1e-3
aug_type=ND
reg=1e-4
ssl_reg=0.02
ssl_ratio=0.1
ssl_temp=0.8
mf_reg=1e-4
svd_q=5
2023-09-03 11:57:53.711: metrics:	Precision@20	Recall@20   	NDCG@20     
2023-09-03 11:58:20.328: [iter 1 : loss : 0.6882 = 0.3893 + 0.2973 + 0.0002 + 0.0015, time: 26.615927]
2023-09-03 11:58:21.035: epoch 1:	0.02520697  	0.05436603  	0.04631726  
2023-09-03 11:58:21.035: Find a better model.
2023-09-03 11:58:46.883: [iter 2 : loss : 0.3619 = 0.1400 + 0.2203 + 0.0005 + 0.0011, time: 25.816551]
2023-09-03 11:58:47.569: epoch 2:	0.02520052  	0.05428312  	0.04622481  
2023-09-03 11:59:13.289: [iter 3 : loss : 0.3194 = 0.1209 + 0.1967 + 0.0007 + 0.0010, time: 25.691057]
2023-09-03 11:59:13.977: epoch 3:	0.02522633  	0.05442276  	0.04608857  
2023-09-03 11:59:13.978: Find a better model.
2023-09-03 11:59:39.809: [iter 4 : loss : 0.3007 = 0.1164 + 0.1825 + 0.0009 + 0.0009, time: 25.803893]
2023-09-03 11:59:40.465: epoch 4:	0.02531666  	0.05455333  	0.04619060  
2023-09-03 11:59:40.465: Find a better model.
2023-09-03 12:00:06.238: [iter 5 : loss : 0.2878 = 0.1138 + 0.1721 + 0.0010 + 0.0009, time: 25.752457]
2023-09-03 12:00:06.902: epoch 5:	0.02560054  	0.05504777  	0.04651012  
2023-09-03 12:00:06.902: Find a better model.
2023-09-03 12:00:32.972: [iter 6 : loss : 0.2773 = 0.1119 + 0.1634 + 0.0012 + 0.0008, time: 26.048543]
2023-09-03 12:00:33.649: epoch 6:	0.02580699  	0.05554267  	0.04677997  
2023-09-03 12:00:33.649: Find a better model.
2023-09-03 12:00:58.613: [iter 7 : loss : 0.2649 = 0.1076 + 0.1552 + 0.0013 + 0.0008, time: 24.944338]
2023-09-03 12:00:59.224: epoch 7:	0.02582635  	0.05582782  	0.04689415  
2023-09-03 12:00:59.224: Find a better model.
2023-09-03 12:01:25.371: [iter 8 : loss : 0.2564 = 0.1063 + 0.1480 + 0.0014 + 0.0008, time: 26.114174]
2023-09-03 12:01:26.074: epoch 8:	0.02608443  	0.05656812  	0.04736211  
2023-09-03 12:01:26.074: Find a better model.
2023-09-03 12:01:52.132: [iter 9 : loss : 0.2478 = 0.1041 + 0.1414 + 0.0015 + 0.0007, time: 26.032242]
2023-09-03 12:01:52.804: epoch 9:	0.02604572  	0.05644244  	0.04738526  
2023-09-03 12:02:18.821: [iter 10 : loss : 0.2369 = 0.1000 + 0.1346 + 0.0017 + 0.0007, time: 25.995866]
2023-09-03 12:02:19.475: epoch 10:	0.02626508  	0.05693479  	0.04771727  
2023-09-03 12:02:19.475: Find a better model.
2023-09-03 12:02:45.788: [iter 11 : loss : 0.2296 = 0.0986 + 0.1285 + 0.0018 + 0.0007, time: 26.292011]
2023-09-03 12:02:46.502: epoch 11:	0.02656187  	0.05783718  	0.04830201  
2023-09-03 12:02:46.502: Find a better model.
2023-09-03 12:03:12.838: [iter 12 : loss : 0.2209 = 0.0963 + 0.1221 + 0.0019 + 0.0006, time: 26.308517]
2023-09-03 12:03:13.492: epoch 12:	0.02676188  	0.05816526  	0.04856457  
2023-09-03 12:03:13.492: Find a better model.
2023-09-03 12:03:39.836: [iter 13 : loss : 0.2143 = 0.0951 + 0.1166 + 0.0021 + 0.0006, time: 26.320212]
2023-09-03 12:03:40.513: epoch 13:	0.02711673  	0.05893926  	0.04908685  
2023-09-03 12:03:40.513: Find a better model.
2023-09-03 12:04:06.576: [iter 14 : loss : 0.2070 = 0.0934 + 0.1109 + 0.0022 + 0.0006, time: 26.030826]
2023-09-03 12:04:07.271: epoch 14:	0.02732963  	0.05925125  	0.04923240  
2023-09-03 12:04:07.271: Find a better model.
2023-09-03 12:04:33.702: [iter 15 : loss : 0.2019 = 0.0934 + 0.1056 + 0.0023 + 0.0005, time: 26.405043]
2023-09-03 12:04:34.390: epoch 15:	0.02760707  	0.05990546  	0.04968163  
2023-09-03 12:04:34.390: Find a better model.
2023-09-03 12:05:00.813: [iter 16 : loss : 0.1964 = 0.0930 + 0.1004 + 0.0025 + 0.0005, time: 26.396905]
2023-09-03 12:05:01.515: epoch 16:	0.02769095  	0.06000220  	0.04975214  
2023-09-03 12:05:01.515: Find a better model.
2023-09-03 12:05:27.522: [iter 17 : loss : 0.1887 = 0.0904 + 0.0952 + 0.0026 + 0.0005, time: 25.973945]
2023-09-03 12:05:28.195: epoch 17:	0.02777482  	0.06016266  	0.04978744  
2023-09-03 12:05:28.195: Find a better model.
2023-09-03 12:05:54.423: [iter 18 : loss : 0.1847 = 0.0914 + 0.0901 + 0.0028 + 0.0005, time: 26.195613]
2023-09-03 12:05:55.082: epoch 18:	0.02789739  	0.06065089  	0.05001356  
2023-09-03 12:05:55.082: Find a better model.
2023-09-03 12:06:21.251: [iter 19 : loss : 0.1785 = 0.0900 + 0.0851 + 0.0029 + 0.0004, time: 26.147378]
2023-09-03 12:06:21.898: epoch 19:	0.02785870  	0.06052361  	0.05006525  
2023-09-03 12:06:48.005: [iter 20 : loss : 0.1733 = 0.0894 + 0.0805 + 0.0030 + 0.0004, time: 26.080902]
2023-09-03 12:06:48.676: epoch 20:	0.02820709  	0.06120721  	0.05045425  
2023-09-03 12:06:48.676: Find a better model.
2023-09-03 12:07:14.906: [iter 21 : loss : 0.1660 = 0.0871 + 0.0754 + 0.0032 + 0.0004, time: 26.201864]
2023-09-03 12:07:15.589: epoch 21:	0.02837484  	0.06166523  	0.05093503  
2023-09-03 12:07:15.589: Find a better model.
2023-09-03 12:07:41.779: [iter 22 : loss : 0.1623 = 0.0876 + 0.0711 + 0.0033 + 0.0004, time: 26.157394]
2023-09-03 12:07:42.455: epoch 22:	0.02846516  	0.06164457  	0.05117005  
2023-09-03 12:08:08.886: [iter 23 : loss : 0.1563 = 0.0861 + 0.0663 + 0.0035 + 0.0003, time: 26.404687]
2023-09-03 12:08:09.543: epoch 23:	0.02872324  	0.06232871  	0.05142585  
2023-09-03 12:08:09.543: Find a better model.
2023-09-03 12:08:35.791: [iter 24 : loss : 0.1542 = 0.0883 + 0.0619 + 0.0036 + 0.0003, time: 26.217290]
2023-09-03 12:08:36.478: epoch 24:	0.02895551  	0.06295760  	0.05180868  
2023-09-03 12:08:36.478: Find a better model.
2023-09-03 12:09:02.932: [iter 25 : loss : 0.1478 = 0.0862 + 0.0575 + 0.0038 + 0.0003, time: 26.418037]
2023-09-03 12:09:03.661: epoch 25:	0.02907166  	0.06322280  	0.05209935  
2023-09-03 12:09:03.661: Find a better model.
2023-09-03 12:09:29.714: [iter 26 : loss : 0.1442 = 0.0867 + 0.0533 + 0.0040 + 0.0003, time: 26.028368]
2023-09-03 12:09:30.422: epoch 26:	0.02927809  	0.06370038  	0.05235856  
2023-09-03 12:09:30.423: Find a better model.
2023-09-03 12:09:56.560: [iter 27 : loss : 0.1371 = 0.0841 + 0.0487 + 0.0041 + 0.0003, time: 26.112233]
2023-09-03 12:09:57.307: epoch 27:	0.02935552  	0.06387737  	0.05255861  
2023-09-03 12:09:57.307: Find a better model.
2023-09-03 12:10:23.317: [iter 28 : loss : 0.1340 = 0.0853 + 0.0442 + 0.0043 + 0.0002, time: 25.987062]
2023-09-03 12:10:23.960: epoch 28:	0.02958779  	0.06452252  	0.05288762  
2023-09-03 12:10:23.961: Find a better model.
2023-09-03 12:10:49.886: [iter 29 : loss : 0.1295 = 0.0845 + 0.0403 + 0.0044 + 0.0002, time: 25.901338]
2023-09-03 12:10:50.557: epoch 29:	0.02979424  	0.06504225  	0.05321365  
2023-09-03 12:10:50.557: Find a better model.
2023-09-03 12:11:16.978: [iter 30 : loss : 0.1256 = 0.0844 + 0.0364 + 0.0046 + 0.0002, time: 26.390212]
2023-09-03 12:11:17.663: epoch 30:	0.03005877  	0.06566735  	0.05364985  
2023-09-03 12:11:17.663: Find a better model.
2023-09-03 12:11:43.895: [iter 31 : loss : 0.1209 = 0.0837 + 0.0323 + 0.0048 + 0.0002, time: 26.204187]
2023-09-03 12:11:44.574: epoch 31:	0.03015555  	0.06584493  	0.05383475  
2023-09-03 12:11:44.574: Find a better model.
2023-09-03 12:12:10.728: [iter 32 : loss : 0.1171 = 0.0841 + 0.0279 + 0.0049 + 0.0002, time: 26.124466]
2023-09-03 12:12:11.416: epoch 32:	0.03033621  	0.06647685  	0.05416864  
2023-09-03 12:12:11.416: Find a better model.
2023-09-03 12:12:37.723: [iter 33 : loss : 0.1116 = 0.0826 + 0.0238 + 0.0051 + 0.0001, time: 26.284586]
2023-09-03 12:12:38.394: epoch 33:	0.03060075  	0.06684479  	0.05452055  
2023-09-03 12:12:38.395: Find a better model.
2023-09-03 12:13:04.797: [iter 34 : loss : 0.1082 = 0.0833 + 0.0195 + 0.0053 + 0.0001, time: 26.376714]
2023-09-03 12:13:05.490: epoch 34:	0.03074913  	0.06728191  	0.05493702  
2023-09-03 12:13:05.490: Find a better model.
2023-09-03 12:13:31.550: [iter 35 : loss : 0.1040 = 0.0825 + 0.0159 + 0.0055 + 0.0001, time: 26.030612]
2023-09-03 12:13:32.227: epoch 35:	0.03076203  	0.06729461  	0.05506868  
2023-09-03 12:13:32.227: Find a better model.
2023-09-03 12:13:58.421: [iter 36 : loss : 0.0993 = 0.0818 + 0.0118 + 0.0056 + 0.0001, time: 26.169541]
2023-09-03 12:13:59.080: epoch 36:	0.03086526  	0.06762349  	0.05524637  
2023-09-03 12:13:59.080: Find a better model.
2023-09-03 12:14:25.395: [iter 37 : loss : 0.0952 = 0.0814 + 0.0079 + 0.0058 + 0.0000, time: 26.283660]
2023-09-03 12:14:26.080: epoch 37:	0.03114915  	0.06819370  	0.05576913  
2023-09-03 12:14:26.080: Find a better model.
2023-09-03 12:14:52.118: [iter 38 : loss : 0.0916 = 0.0808 + 0.0047 + 0.0060 + 0.0000, time: 26.005376]
2023-09-03 12:14:52.795: epoch 38:	0.03138786  	0.06871910  	0.05612770  
2023-09-03 12:14:52.795: Find a better model.
2023-09-03 12:15:18.580: [iter 39 : loss : 0.0865 = 0.0799 + 0.0005 + 0.0062 + 0.0000, time: 25.753564]
2023-09-03 12:15:19.269: epoch 39:	0.03156850  	0.06931961  	0.05656001  
2023-09-03 12:15:19.269: Find a better model.
2023-09-03 12:15:45.234: [iter 40 : loss : 0.0838 = 0.0807 + -0.0032 + 0.0064 + -0.0000, time: 25.938131]
2023-09-03 12:15:45.893: epoch 40:	0.03162657  	0.06923044  	0.05669755  
2023-09-03 12:16:12.160: [iter 41 : loss : 0.0787 = 0.0794 + -0.0073 + 0.0066 + -0.0000, time: 26.242304]
2023-09-03 12:16:12.841: epoch 41:	0.03182011  	0.06958044  	0.05715029  
2023-09-03 12:16:12.841: Find a better model.
2023-09-03 12:16:38.910: [iter 42 : loss : 0.0753 = 0.0797 + -0.0111 + 0.0068 + -0.0000, time: 26.043136]
2023-09-03 12:16:39.558: epoch 42:	0.03204593  	0.07018391  	0.05742220  
2023-09-03 12:16:39.558: Find a better model.
2023-09-03 12:17:05.617: [iter 43 : loss : 0.0722 = 0.0805 + -0.0152 + 0.0070 + -0.0001, time: 26.031055]
2023-09-03 12:17:06.261: epoch 43:	0.03198143  	0.07004046  	0.05752975  
2023-09-03 12:17:32.301: [iter 44 : loss : 0.0678 = 0.0797 + -0.0189 + 0.0071 + -0.0001, time: 26.013483]
2023-09-03 12:17:33.005: epoch 44:	0.03232983  	0.07094576  	0.05805798  
2023-09-03 12:17:33.006: Find a better model.
2023-09-03 12:17:59.219: [iter 45 : loss : 0.0635 = 0.0789 + -0.0227 + 0.0073 + -0.0001, time: 26.180298]
2023-09-03 12:17:59.935: epoch 45:	0.03260080  	0.07134923  	0.05854332  
2023-09-03 12:17:59.936: Find a better model.
2023-09-03 12:18:25.927: [iter 46 : loss : 0.0604 = 0.0794 + -0.0264 + 0.0075 + -0.0001, time: 25.965118]
2023-09-03 12:18:26.628: epoch 46:	0.03268466  	0.07156767  	0.05888086  
2023-09-03 12:18:26.628: Find a better model.
2023-09-03 12:18:52.800: [iter 47 : loss : 0.0554 = 0.0780 + -0.0303 + 0.0077 + -0.0001, time: 26.148803]
2023-09-03 12:18:53.508: epoch 47:	0.03291693  	0.07199012  	0.05915796  
2023-09-03 12:18:53.508: Find a better model.
2023-09-03 12:19:19.599: [iter 48 : loss : 0.0531 = 0.0793 + -0.0340 + 0.0079 + -0.0002, time: 26.066800]
2023-09-03 12:19:20.246: epoch 48:	0.03300726  	0.07211688  	0.05942877  
2023-09-03 12:19:20.246: Find a better model.
2023-09-03 12:19:46.255: [iter 49 : loss : 0.0488 = 0.0780 + -0.0371 + 0.0081 + -0.0002, time: 25.989721]
2023-09-03 12:19:46.926: epoch 49:	0.03334270  	0.07303131  	0.05997359  
2023-09-03 12:19:46.926: Find a better model.
2023-09-03 12:20:12.975: [iter 50 : loss : 0.0447 = 0.0775 + -0.0410 + 0.0083 + -0.0002, time: 26.026338]
2023-09-03 12:20:13.628: epoch 50:	0.03348463  	0.07334315  	0.06002837  
2023-09-03 12:20:13.629: Find a better model.
2023-09-03 12:20:39.952: [iter 51 : loss : 0.0428 = 0.0792 + -0.0447 + 0.0085 + -0.0002, time: 26.302984]
2023-09-03 12:20:40.602: epoch 51:	0.03343302  	0.07339456  	0.06026586  
2023-09-03 12:20:40.602: Find a better model.
2023-09-03 12:21:06.853: [iter 52 : loss : 0.0382 = 0.0781 + -0.0484 + 0.0088 + -0.0002, time: 26.226017]
2023-09-03 12:21:07.491: epoch 52:	0.03345880  	0.07345386  	0.06046892  
2023-09-03 12:21:07.491: Find a better model.
2023-09-03 12:21:33.513: [iter 53 : loss : 0.0345 = 0.0778 + -0.0520 + 0.0090 + -0.0003, time: 25.996802]
2023-09-03 12:21:34.211: epoch 53:	0.03347171  	0.07336826  	0.06046376  
2023-09-03 12:22:00.456: [iter 54 : loss : 0.0318 = 0.0780 + -0.0551 + 0.0092 + -0.0003, time: 26.223723]
2023-09-03 12:22:01.102: epoch 54:	0.03359428  	0.07370184  	0.06075084  
2023-09-03 12:22:01.102: Find a better model.
2023-09-03 12:22:26.956: [iter 55 : loss : 0.0287 = 0.0789 + -0.0593 + 0.0094 + -0.0003, time: 25.832744]
2023-09-03 12:22:27.593: epoch 55:	0.03375555  	0.07407854  	0.06120824  
2023-09-03 12:22:27.593: Find a better model.
2023-09-03 12:22:53.362: [iter 56 : loss : 0.0244 = 0.0777 + -0.0626 + 0.0096 + -0.0003, time: 25.746744]
2023-09-03 12:22:53.995: epoch 56:	0.03399425  	0.07450622  	0.06142204  
2023-09-03 12:22:53.996: Find a better model.
2023-09-03 12:23:19.899: [iter 57 : loss : 0.0221 = 0.0787 + -0.0661 + 0.0098 + -0.0003, time: 25.884212]
2023-09-03 12:23:20.561: epoch 57:	0.03401361  	0.07446264  	0.06167277  
2023-09-03 12:23:46.493: [iter 58 : loss : 0.0203 = 0.0790 + -0.0683 + 0.0100 + -0.0003, time: 25.908800]
2023-09-03 12:23:47.181: epoch 58:	0.03427164  	0.07520191  	0.06226157  
2023-09-03 12:23:47.181: Find a better model.
2023-09-03 12:24:13.248: [iter 59 : loss : 0.0140 = 0.0774 + -0.0733 + 0.0102 + -0.0004, time: 26.037004]
2023-09-03 12:24:13.897: epoch 59:	0.03440066  	0.07530411  	0.06233285  
2023-09-03 12:24:13.897: Find a better model.
2023-09-03 12:24:39.709: [iter 60 : loss : 0.0121 = 0.0778 + -0.0757 + 0.0104 + -0.0004, time: 25.787630]
2023-09-03 12:24:40.374: epoch 60:	0.03445227  	0.07547573  	0.06265157  
2023-09-03 12:24:40.375: Find a better model.
2023-09-03 12:25:06.691: [iter 61 : loss : 0.0078 = 0.0776 + -0.0800 + 0.0106 + -0.0004, time: 26.294344]
2023-09-03 12:25:07.357: epoch 61:	0.03471677  	0.07608186  	0.06302942  
2023-09-03 12:25:07.357: Find a better model.
2023-09-03 12:25:33.691: [iter 62 : loss : 0.0045 = 0.0775 + -0.0835 + 0.0109 + -0.0004, time: 26.312184]
2023-09-03 12:25:34.361: epoch 62:	0.03484578  	0.07612380  	0.06331541  
2023-09-03 12:25:34.362: Find a better model.
2023-09-03 12:26:00.816: [iter 63 : loss : 0.0022 = 0.0777 + -0.0862 + 0.0111 + -0.0004, time: 26.426990]
2023-09-03 12:26:01.508: epoch 63:	0.03514254  	0.07690315  	0.06384453  
2023-09-03 12:26:01.508: Find a better model.
2023-09-03 12:26:27.698: [iter 64 : loss : -0.0019 = 0.0766 + -0.0894 + 0.0113 + -0.0004, time: 26.164071]
2023-09-03 12:26:28.418: epoch 64:	0.03516833  	0.07700542  	0.06376826  
2023-09-03 12:26:28.418: Find a better model.
2023-09-03 12:26:54.890: [iter 65 : loss : -0.0054 = 0.0764 + -0.0929 + 0.0115 + -0.0005, time: 26.448153]
2023-09-03 12:26:55.522: epoch 65:	0.03523284  	0.07718574  	0.06408900  
2023-09-03 12:26:55.522: Find a better model.
2023-09-03 12:27:21.920: [iter 66 : loss : -0.0092 = 0.0761 + -0.0966 + 0.0117 + -0.0005, time: 26.373277]
2023-09-03 12:27:22.588: epoch 66:	0.03549735  	0.07760884  	0.06434792  
2023-09-03 12:27:22.588: Find a better model.
2023-09-03 12:27:49.154: [iter 67 : loss : -0.0109 = 0.0774 + -0.0998 + 0.0120 + -0.0005, time: 26.539329]
2023-09-03 12:27:49.862: epoch 67:	0.03545865  	0.07743672  	0.06458499  
2023-09-03 12:28:15.869: [iter 68 : loss : -0.0120 = 0.0788 + -0.1024 + 0.0122 + -0.0005, time: 25.980327]
2023-09-03 12:28:16.558: epoch 68:	0.03576185  	0.07813814  	0.06492026  
2023-09-03 12:28:16.558: Find a better model.
2023-09-03 12:28:42.438: [iter 69 : loss : -0.0173 = 0.0767 + -0.1059 + 0.0124 + -0.0005, time: 25.855594]
2023-09-03 12:28:43.090: epoch 69:	0.03583280  	0.07817977  	0.06504530  
2023-09-03 12:28:43.091: Find a better model.
2023-09-03 12:29:09.225: [iter 70 : loss : -0.0193 = 0.0775 + -0.1089 + 0.0126 + -0.0005, time: 26.111146]
2023-09-03 12:29:09.888: epoch 70:	0.03582637  	0.07823061  	0.06497725  
2023-09-03 12:29:09.888: Find a better model.
2023-09-03 12:29:35.821: [iter 71 : loss : -0.0236 = 0.0764 + -0.1123 + 0.0129 + -0.0006, time: 25.913563]
2023-09-03 12:29:36.478: epoch 71:	0.03601988  	0.07882071  	0.06536271  
2023-09-03 12:29:36.478: Find a better model.
2023-09-03 12:30:02.414: [iter 72 : loss : -0.0249 = 0.0786 + -0.1160 + 0.0131 + -0.0006, time: 25.911981]
2023-09-03 12:30:03.069: epoch 72:	0.03616826  	0.07920218  	0.06571466  
2023-09-03 12:30:03.069: Find a better model.
2023-09-03 12:30:29.160: [iter 73 : loss : -0.0291 = 0.0768 + -0.1186 + 0.0133 + -0.0006, time: 26.069115]
2023-09-03 12:30:29.836: epoch 73:	0.03611019  	0.07891320  	0.06572054  
2023-09-03 12:30:55.838: [iter 74 : loss : -0.0321 = 0.0770 + -0.1221 + 0.0136 + -0.0006, time: 25.975811]
2023-09-03 12:30:56.509: epoch 74:	0.03620693  	0.07937209  	0.06590809  
2023-09-03 12:30:56.509: Find a better model.
2023-09-03 12:31:22.354: [iter 75 : loss : -0.0345 = 0.0778 + -0.1255 + 0.0138 + -0.0006, time: 25.818968]
2023-09-03 12:31:23.055: epoch 75:	0.03643272  	0.07980122  	0.06637342  
2023-09-03 12:31:23.055: Find a better model.
2023-09-03 12:31:49.193: [iter 76 : loss : -0.0361 = 0.0781 + -0.1276 + 0.0140 + -0.0006, time: 26.116399]
2023-09-03 12:31:49.894: epoch 76:	0.03634888  	0.07943877  	0.06614420  
2023-09-03 12:32:15.877: [iter 77 : loss : -0.0402 = 0.0771 + -0.1309 + 0.0142 + -0.0007, time: 25.958757]
2023-09-03 12:32:16.577: epoch 77:	0.03639401  	0.07962027  	0.06628580  
2023-09-03 12:32:42.414: [iter 78 : loss : -0.0436 = 0.0775 + -0.1349 + 0.0145 + -0.0007, time: 25.816165]
2023-09-03 12:32:43.084: epoch 78:	0.03639404  	0.07954743  	0.06637759  
2023-09-03 12:33:09.073: [iter 79 : loss : -0.0462 = 0.0771 + -0.1372 + 0.0147 + -0.0007, time: 25.961021]
2023-09-03 12:33:09.719: epoch 79:	0.03669075  	0.08038156  	0.06678393  
2023-09-03 12:33:09.719: Find a better model.
2023-09-03 12:33:35.609: [iter 80 : loss : -0.0486 = 0.0776 + -0.1404 + 0.0149 + -0.0007, time: 25.868417]
2023-09-03 12:33:36.272: epoch 80:	0.03694878  	0.08082453  	0.06721447  
2023-09-03 12:33:36.273: Find a better model.
2023-09-03 12:34:02.280: [iter 81 : loss : -0.0515 = 0.0785 + -0.1445 + 0.0152 + -0.0007, time: 25.986393]
2023-09-03 12:34:02.942: epoch 81:	0.03691009  	0.08069886  	0.06718118  
2023-09-03 12:34:28.849: [iter 82 : loss : -0.0545 = 0.0784 + -0.1475 + 0.0154 + -0.0007, time: 25.880926]
2023-09-03 12:34:29.517: epoch 82:	0.03707780  	0.08095512  	0.06725907  
2023-09-03 12:34:29.517: Find a better model.
2023-09-03 12:34:56.051: [iter 83 : loss : -0.0560 = 0.0792 + -0.1501 + 0.0157 + -0.0008, time: 26.502566]
2023-09-03 12:34:56.744: epoch 83:	0.03711006  	0.08116609  	0.06737880  
2023-09-03 12:34:56.744: Find a better model.
2023-09-03 12:35:22.881: [iter 84 : loss : -0.0623 = 0.0752 + -0.1526 + 0.0159 + -0.0008, time: 26.104410]
2023-09-03 12:35:23.552: epoch 84:	0.03706491  	0.08099100  	0.06744372  
2023-09-03 12:35:49.696: [iter 85 : loss : -0.0630 = 0.0779 + -0.1563 + 0.0161 + -0.0008, time: 26.113069]
2023-09-03 12:35:50.372: epoch 85:	0.03721328  	0.08151181  	0.06783230  
2023-09-03 12:35:50.372: Find a better model.
2023-09-03 12:36:16.630: [iter 86 : loss : -0.0657 = 0.0773 + -0.1586 + 0.0164 + -0.0008, time: 26.231290]
2023-09-03 12:36:17.345: epoch 86:	0.03740680  	0.08169634  	0.06794651  
2023-09-03 12:36:17.346: Find a better model.
2023-09-03 12:36:43.518: [iter 87 : loss : -0.0682 = 0.0779 + -0.1619 + 0.0166 + -0.0008, time: 26.143540]
2023-09-03 12:36:44.217: epoch 87:	0.03741968  	0.08186120  	0.06801108  
2023-09-03 12:36:44.218: Find a better model.
2023-09-03 12:37:10.376: [iter 88 : loss : -0.0703 = 0.0789 + -0.1651 + 0.0168 + -0.0008, time: 26.135350]
2023-09-03 12:37:11.073: epoch 88:	0.03732294  	0.08162915  	0.06790306  
2023-09-03 12:37:37.328: [iter 89 : loss : -0.0721 = 0.0792 + -0.1675 + 0.0171 + -0.0008, time: 26.221533]
2023-09-03 12:37:37.967: epoch 89:	0.03731003  	0.08151219  	0.06797723  
2023-09-03 12:38:03.932: [iter 90 : loss : -0.0732 = 0.0802 + -0.1699 + 0.0173 + -0.0009, time: 25.943523]
2023-09-03 12:38:04.629: epoch 90:	0.03752935  	0.08192944  	0.06825190  
2023-09-03 12:38:04.629: Find a better model.
2023-09-03 12:38:30.680: [iter 91 : loss : -0.0777 = 0.0789 + -0.1733 + 0.0176 + -0.0009, time: 26.024439]
2023-09-03 12:38:31.353: epoch 91:	0.03771000  	0.08253310  	0.06859937  
2023-09-03 12:38:31.353: Find a better model.
2023-09-03 12:38:57.618: [iter 92 : loss : -0.0807 = 0.0785 + -0.1760 + 0.0178 + -0.0009, time: 26.238498]
2023-09-03 12:38:58.281: epoch 92:	0.03771646  	0.08241891  	0.06863581  
2023-09-03 12:39:24.353: [iter 93 : loss : -0.0832 = 0.0783 + -0.1786 + 0.0180 + -0.0009, time: 26.052822]
2023-09-03 12:39:25.057: epoch 93:	0.03778097  	0.08254980  	0.06860941  
2023-09-03 12:39:25.058: Find a better model.
2023-09-03 12:39:51.170: [iter 94 : loss : -0.0873 = 0.0777 + -0.1824 + 0.0183 + -0.0009, time: 26.087935]
2023-09-03 12:39:51.899: epoch 94:	0.03808417  	0.08353584  	0.06905880  
2023-09-03 12:39:51.899: Find a better model.
2023-09-03 12:40:18.094: [iter 95 : loss : -0.0887 = 0.0788 + -0.1851 + 0.0185 + -0.0009, time: 26.168038]
2023-09-03 12:40:18.784: epoch 95:	0.03798741  	0.08341771  	0.06886028  
2023-09-03 12:40:45.148: [iter 96 : loss : -0.0914 = 0.0783 + -0.1876 + 0.0188 + -0.0009, time: 26.336767]
2023-09-03 12:40:45.796: epoch 96:	0.03800032  	0.08338806  	0.06907975  
2023-09-03 12:41:11.835: [iter 97 : loss : -0.0916 = 0.0805 + -0.1902 + 0.0190 + -0.0010, time: 26.014637]
2023-09-03 12:41:12.519: epoch 97:	0.03799385  	0.08334585  	0.06897254  
2023-09-03 12:41:38.599: [iter 98 : loss : -0.0968 = 0.0789 + -0.1940 + 0.0192 + -0.0010, time: 26.056732]
2023-09-03 12:41:39.290: epoch 98:	0.03795515  	0.08334146  	0.06900072  
2023-09-03 12:42:05.544: [iter 99 : loss : -0.0994 = 0.0782 + -0.1960 + 0.0195 + -0.0010, time: 26.229513]
2023-09-03 12:42:06.228: epoch 99:	0.03789062  	0.08287601  	0.06897894  
2023-09-03 12:42:32.404: [iter 100 : loss : -0.0990 = 0.0814 + -0.1991 + 0.0197 + -0.0010, time: 26.143236]
2023-09-03 12:42:33.102: epoch 100:	0.03816155  	0.08348921  	0.06946937  
2023-09-03 12:42:59.032: [iter 101 : loss : -0.1043 = 0.0780 + -0.2013 + 0.0200 + -0.0010, time: 25.905534]
2023-09-03 12:42:59.733: epoch 101:	0.03817447  	0.08336319  	0.06947772  
2023-09-03 12:43:25.694: [iter 102 : loss : -0.1050 = 0.0813 + -0.2055 + 0.0202 + -0.0010, time: 25.938022]
2023-09-03 12:43:26.369: epoch 102:	0.03813576  	0.08321027  	0.06958151  
2023-09-03 12:43:52.905: [iter 103 : loss : -0.1080 = 0.0804 + -0.2078 + 0.0205 + -0.0010, time: 26.512614]
2023-09-03 12:43:53.602: epoch 103:	0.03821318  	0.08336942  	0.06978381  
2023-09-03 12:44:19.482: [iter 104 : loss : -0.1097 = 0.0802 + -0.2095 + 0.0207 + -0.0011, time: 25.851442]
2023-09-03 12:44:20.154: epoch 104:	0.03824543  	0.08354336  	0.06980749  
2023-09-03 12:44:20.154: Find a better model.
2023-09-03 12:44:46.306: [iter 105 : loss : -0.1144 = 0.0784 + -0.2127 + 0.0210 + -0.0011, time: 26.129264]
2023-09-03 12:44:46.976: epoch 105:	0.03843896  	0.08407116  	0.07021682  
2023-09-03 12:44:46.976: Find a better model.
2023-09-03 12:45:13.186: [iter 106 : loss : -0.1177 = 0.0777 + -0.2155 + 0.0212 + -0.0011, time: 26.185556]
2023-09-03 12:45:13.902: epoch 106:	0.03839382  	0.08382304  	0.07037233  
2023-09-03 12:45:39.945: [iter 107 : loss : -0.1180 = 0.0801 + -0.2184 + 0.0215 + -0.0011, time: 26.020635]
2023-09-03 12:45:40.618: epoch 107:	0.03858735  	0.08425786  	0.07061683  
2023-09-03 12:45:40.618: Find a better model.
2023-09-03 12:46:06.713: [iter 108 : loss : -0.1202 = 0.0805 + -0.2212 + 0.0217 + -0.0011, time: 26.074188]
2023-09-03 12:46:07.350: epoch 108:	0.03849058  	0.08407922  	0.07050527  
2023-09-03 12:46:33.392: [iter 109 : loss : -0.1236 = 0.0797 + -0.2241 + 0.0220 + -0.0011, time: 26.020553]
2023-09-03 12:46:34.051: epoch 109:	0.03851640  	0.08428528  	0.07056032  
2023-09-03 12:46:34.052: Find a better model.
2023-09-03 12:47:00.296: [iter 110 : loss : -0.1258 = 0.0790 + -0.2259 + 0.0222 + -0.0011, time: 26.221654]
2023-09-03 12:47:01.017: epoch 110:	0.03853575  	0.08424193  	0.07061969  
2023-09-03 12:47:26.914: [iter 111 : loss : -0.1303 = 0.0782 + -0.2298 + 0.0225 + -0.0012, time: 25.871940]
2023-09-03 12:47:27.600: epoch 111:	0.03872928  	0.08476552  	0.07085642  
2023-09-03 12:47:27.600: Find a better model.
2023-09-03 12:47:53.660: [iter 112 : loss : -0.1290 = 0.0805 + -0.2309 + 0.0227 + -0.0012, time: 26.031904]
2023-09-03 12:47:54.355: epoch 112:	0.03882604  	0.08493689  	0.07107448  
2023-09-03 12:47:54.355: Find a better model.
2023-09-03 12:48:20.294: [iter 113 : loss : -0.1303 = 0.0822 + -0.2342 + 0.0229 + -0.0012, time: 25.904282]
2023-09-03 12:48:21.019: epoch 113:	0.03885831  	0.08490381  	0.07103287  
2023-09-03 12:48:47.088: [iter 114 : loss : -0.1336 = 0.0807 + -0.2363 + 0.0232 + -0.0012, time: 26.041512]
2023-09-03 12:48:47.812: epoch 114:	0.03885184  	0.08486529  	0.07097913  
2023-09-03 12:49:13.746: [iter 115 : loss : -0.1356 = 0.0819 + -0.2397 + 0.0234 + -0.0012, time: 25.912442]
2023-09-03 12:49:14.412: epoch 115:	0.03892280  	0.08510758  	0.07113592  
2023-09-03 12:49:14.413: Find a better model.
2023-09-03 12:49:40.460: [iter 116 : loss : -0.1405 = 0.0793 + -0.2423 + 0.0237 + -0.0012, time: 26.020618]
2023-09-03 12:49:41.133: epoch 116:	0.03900023  	0.08527742  	0.07118491  
2023-09-03 12:49:41.133: Find a better model.
2023-09-03 12:50:07.069: [iter 117 : loss : -0.1423 = 0.0798 + -0.2448 + 0.0240 + -0.0012, time: 25.915883]
2023-09-03 12:50:07.719: epoch 117:	0.03894218  	0.08510727  	0.07122444  
2023-09-03 12:50:33.803: [iter 118 : loss : -0.1427 = 0.0809 + -0.2466 + 0.0242 + -0.0012, time: 26.061567]
2023-09-03 12:50:34.430: epoch 118:	0.03918732  	0.08574947  	0.07146774  
2023-09-03 12:50:34.430: Find a better model.
2023-09-03 12:51:00.012: [iter 119 : loss : -0.1468 = 0.0800 + -0.2499 + 0.0245 + -0.0013, time: 25.556672]
2023-09-03 12:51:00.679: epoch 119:	0.03933569  	0.08606291  	0.07173511  
2023-09-03 12:51:00.680: Find a better model.
2023-09-03 12:51:26.690: [iter 120 : loss : -0.1496 = 0.0798 + -0.2528 + 0.0247 + -0.0013, time: 25.991251]
2023-09-03 12:51:27.339: epoch 120:	0.03935504  	0.08620527  	0.07190112  
2023-09-03 12:51:27.339: Find a better model.
2023-09-03 12:51:53.456: [iter 121 : loss : -0.1498 = 0.0810 + -0.2544 + 0.0250 + -0.0013, time: 26.096891]
2023-09-03 12:51:54.116: epoch 121:	0.03921314  	0.08599335  	0.07179905  
2023-09-03 12:52:20.247: [iter 122 : loss : -0.1525 = 0.0805 + -0.2570 + 0.0252 + -0.0013, time: 26.106641]
2023-09-03 12:52:20.930: epoch 122:	0.03932279  	0.08607417  	0.07178655  
2023-09-03 12:52:47.234: [iter 123 : loss : -0.1523 = 0.0833 + -0.2597 + 0.0255 + -0.0013, time: 26.283447]
2023-09-03 12:52:47.899: epoch 123:	0.03923893  	0.08580671  	0.07179770  
2023-09-03 12:53:13.924: [iter 124 : loss : -0.1573 = 0.0809 + -0.2626 + 0.0257 + -0.0013, time: 26.003891]
2023-09-03 12:53:14.585: epoch 124:	0.03924538  	0.08601770  	0.07199887  
2023-09-03 12:53:40.721: [iter 125 : loss : -0.1596 = 0.0810 + -0.2653 + 0.0260 + -0.0013, time: 26.108933]
2023-09-03 12:53:41.402: epoch 125:	0.03932279  	0.08602014  	0.07188309  
2023-09-03 12:54:07.503: [iter 126 : loss : -0.1596 = 0.0829 + -0.2674 + 0.0262 + -0.0014, time: 26.074352]
2023-09-03 12:54:08.170: epoch 126:	0.03942599  	0.08620541  	0.07200386  
2023-09-03 12:54:08.170: Find a better model.
2023-09-03 12:54:34.480: [iter 127 : loss : -0.1609 = 0.0841 + -0.2702 + 0.0265 + -0.0014, time: 26.284560]
2023-09-03 12:54:35.194: epoch 127:	0.03941306  	0.08633702  	0.07211870  
2023-09-03 12:54:35.195: Find a better model.
2023-09-03 12:55:01.423: [iter 128 : loss : -0.1652 = 0.0826 + -0.2731 + 0.0267 + -0.0014, time: 26.198452]
2023-09-03 12:55:02.106: epoch 128:	0.03934213  	0.08586905  	0.07199235  
2023-09-03 12:55:28.536: [iter 129 : loss : -0.1642 = 0.0848 + -0.2746 + 0.0270 + -0.0014, time: 26.406192]
2023-09-03 12:55:29.195: epoch 129:	0.03942601  	0.08588760  	0.07205839  
2023-09-03 12:55:55.280: [iter 130 : loss : -0.1675 = 0.0826 + -0.2760 + 0.0272 + -0.0014, time: 26.057620]
2023-09-03 12:55:55.946: epoch 130:	0.03959372  	0.08643819  	0.07236031  
2023-09-03 12:55:55.946: Find a better model.
2023-09-03 12:56:22.325: [iter 131 : loss : -0.1703 = 0.0835 + -0.2798 + 0.0275 + -0.0014, time: 26.352930]
2023-09-03 12:56:23.013: epoch 131:	0.03976790  	0.08687534  	0.07268337  
2023-09-03 12:56:23.013: Find a better model.
2023-09-03 12:56:49.229: [iter 132 : loss : -0.1746 = 0.0800 + -0.2810 + 0.0277 + -0.0014, time: 26.177639]
2023-09-03 12:56:49.896: epoch 132:	0.03976791  	0.08700160  	0.07283328  
2023-09-03 12:56:49.897: Find a better model.
2023-09-03 12:57:16.085: [iter 133 : loss : -0.1773 = 0.0806 + -0.2845 + 0.0280 + -0.0014, time: 26.158504]
2023-09-03 12:57:16.807: epoch 133:	0.03980662  	0.08690517  	0.07263575  
2023-09-03 12:57:42.930: [iter 134 : loss : -0.1756 = 0.0841 + -0.2865 + 0.0283 + -0.0014, time: 26.095597]
2023-09-03 12:57:43.608: epoch 134:	0.03998724  	0.08746418  	0.07304105  
2023-09-03 12:57:43.608: Find a better model.
2023-09-03 12:58:09.899: [iter 135 : loss : -0.1789 = 0.0838 + -0.2897 + 0.0285 + -0.0015, time: 26.264881]
2023-09-03 12:58:10.575: epoch 135:	0.03984530  	0.08731015  	0.07281373  
2023-09-03 12:58:36.933: [iter 136 : loss : -0.1820 = 0.0818 + -0.2911 + 0.0288 + -0.0015, time: 26.330379]
2023-09-03 12:58:37.617: epoch 136:	0.03978724  	0.08713634  	0.07286353  
2023-09-03 12:59:04.072: [iter 137 : loss : -0.1841 = 0.0822 + -0.2938 + 0.0290 + -0.0015, time: 26.422552]
2023-09-03 12:59:04.752: epoch 137:	0.04000656  	0.08779327  	0.07326817  
2023-09-03 12:59:04.753: Find a better model.
2023-09-03 12:59:31.087: [iter 138 : loss : -0.1854 = 0.0828 + -0.2960 + 0.0293 + -0.0015, time: 26.300933]
2023-09-03 12:59:31.765: epoch 138:	0.04002594  	0.08763659  	0.07323992  
2023-09-03 12:59:58.059: [iter 139 : loss : -0.1879 = 0.0829 + -0.2989 + 0.0295 + -0.0015, time: 26.261866]
2023-09-03 12:59:58.758: epoch 139:	0.04016141  	0.08787519  	0.07351240  
2023-09-03 12:59:58.758: Find a better model.
2023-09-03 13:00:25.016: [iter 140 : loss : -0.1886 = 0.0841 + -0.3010 + 0.0298 + -0.0015, time: 26.224091]
2023-09-03 13:00:25.726: epoch 140:	0.04031621  	0.08832516  	0.07372293  
2023-09-03 13:00:25.726: Find a better model.
2023-09-03 13:00:52.017: [iter 141 : loss : -0.1898 = 0.0845 + -0.3028 + 0.0301 + -0.0015, time: 26.262894]
2023-09-03 13:00:52.664: epoch 141:	0.04025169  	0.08817048  	0.07365897  
2023-09-03 13:01:18.928: [iter 142 : loss : -0.1962 = 0.0813 + -0.3063 + 0.0303 + -0.0015, time: 26.237872]
2023-09-03 13:01:19.612: epoch 142:	0.04042586  	0.08845843  	0.07369196  
2023-09-03 13:01:19.612: Find a better model.
2023-09-03 13:01:45.979: [iter 143 : loss : -0.1963 = 0.0827 + -0.3081 + 0.0306 + -0.0016, time: 26.337804]
2023-09-03 13:01:46.657: epoch 143:	0.04037426  	0.08833574  	0.07351182  
2023-09-03 13:02:12.979: [iter 144 : loss : -0.1974 = 0.0839 + -0.3105 + 0.0308 + -0.0016, time: 26.291340]
2023-09-03 13:02:13.679: epoch 144:	0.04041298  	0.08854258  	0.07367098  
2023-09-03 13:02:13.679: Find a better model.
2023-09-03 13:02:40.058: [iter 145 : loss : -0.1967 = 0.0859 + -0.3121 + 0.0311 + -0.0016, time: 26.352521]
2023-09-03 13:02:40.781: epoch 145:	0.04038720  	0.08844014  	0.07356337  
2023-09-03 13:03:06.970: [iter 146 : loss : -0.1996 = 0.0856 + -0.3150 + 0.0313 + -0.0016, time: 26.158618]
2023-09-03 13:03:07.652: epoch 146:	0.04044522  	0.08859192  	0.07382157  
2023-09-03 13:03:07.652: Find a better model.
2023-09-03 13:03:33.992: [iter 147 : loss : -0.2001 = 0.0860 + -0.3161 + 0.0316 + -0.0016, time: 26.312616]
2023-09-03 13:03:34.668: epoch 147:	0.04041295  	0.08855019  	0.07388692  
2023-09-03 13:04:00.809: [iter 148 : loss : -0.2033 = 0.0856 + -0.3191 + 0.0318 + -0.0016, time: 26.113298]
2023-09-03 13:04:01.519: epoch 148:	0.04044520  	0.08867060  	0.07398557  
2023-09-03 13:04:01.519: Find a better model.
2023-09-03 13:04:27.802: [iter 149 : loss : -0.2077 = 0.0834 + -0.3216 + 0.0321 + -0.0016, time: 26.252243]
2023-09-03 13:04:28.434: epoch 149:	0.04063230  	0.08900846  	0.07408831  
2023-09-03 13:04:28.435: Find a better model.
2023-09-03 13:04:54.634: [iter 150 : loss : -0.2078 = 0.0845 + -0.3230 + 0.0324 + -0.0016, time: 26.171942]
2023-09-03 13:04:55.305: epoch 150:	0.04056780  	0.08896222  	0.07407028  
2023-09-03 13:05:21.645: [iter 151 : loss : -0.2102 = 0.0848 + -0.3260 + 0.0326 + -0.0016, time: 26.305297]
2023-09-03 13:05:22.330: epoch 151:	0.04050329  	0.08876670  	0.07393482  
2023-09-03 13:05:48.646: [iter 152 : loss : -0.2107 = 0.0857 + -0.3277 + 0.0329 + -0.0017, time: 26.289850]
2023-09-03 13:05:49.336: epoch 152:	0.04038073  	0.08840431  	0.07380117  
2023-09-03 13:06:15.769: [iter 153 : loss : -0.2133 = 0.0856 + -0.3304 + 0.0331 + -0.0017, time: 26.404762]
2023-09-03 13:06:16.503: epoch 153:	0.04053552  	0.08881633  	0.07415437  
2023-09-03 13:06:42.563: [iter 154 : loss : -0.2143 = 0.0860 + -0.3321 + 0.0334 + -0.0017, time: 26.034610]
2023-09-03 13:06:43.220: epoch 154:	0.04054846  	0.08894351  	0.07416173  
2023-09-03 13:07:09.497: [iter 155 : loss : -0.2177 = 0.0852 + -0.3349 + 0.0336 + -0.0017, time: 26.250934]
2023-09-03 13:07:10.175: epoch 155:	0.04045170  	0.08868068  	0.07385968  
2023-09-03 13:07:36.419: [iter 156 : loss : -0.2153 = 0.0884 + -0.3360 + 0.0339 + -0.0017, time: 26.213645]
2023-09-03 13:07:37.114: epoch 156:	0.04056136  	0.08896782  	0.07412962  
2023-09-03 13:08:03.571: [iter 157 : loss : -0.2198 = 0.0863 + -0.3384 + 0.0341 + -0.0017, time: 26.429225]
2023-09-03 13:08:04.279: epoch 157:	0.04066455  	0.08905026  	0.07425944  
2023-09-03 13:08:04.279: Find a better model.
2023-09-03 13:08:30.499: [iter 158 : loss : -0.2206 = 0.0878 + -0.3411 + 0.0344 + -0.0017, time: 26.188626]
2023-09-03 13:08:31.181: epoch 158:	0.04081293  	0.08935770  	0.07445288  
2023-09-03 13:08:31.182: Find a better model.
2023-09-03 13:08:57.513: [iter 159 : loss : -0.2252 = 0.0855 + -0.3436 + 0.0347 + -0.0017, time: 26.303195]
2023-09-03 13:08:58.208: epoch 159:	0.04080003  	0.08929668  	0.07456958  
2023-09-03 13:09:24.470: [iter 160 : loss : -0.2245 = 0.0858 + -0.3435 + 0.0349 + -0.0017, time: 26.236125]
2023-09-03 13:09:25.152: epoch 160:	0.04100003  	0.08996277  	0.07486945  
2023-09-03 13:09:25.152: Find a better model.
2023-09-03 13:09:51.619: [iter 161 : loss : -0.2256 = 0.0873 + -0.3463 + 0.0352 + -0.0018, time: 26.435419]
2023-09-03 13:09:52.326: epoch 161:	0.04084516  	0.08959707  	0.07465997  
2023-09-03 13:10:18.655: [iter 162 : loss : -0.2281 = 0.0868 + -0.3486 + 0.0354 + -0.0018, time: 26.289373]
2023-09-03 13:10:19.355: epoch 162:	0.04115482  	0.09019908  	0.07509885  
2023-09-03 13:10:19.355: Find a better model.
2023-09-03 13:10:45.633: [iter 163 : loss : -0.2321 = 0.0847 + -0.3507 + 0.0357 + -0.0018, time: 26.245547]
2023-09-03 13:10:46.301: epoch 163:	0.04111610  	0.09018590  	0.07508395  
2023-09-03 13:11:12.770: [iter 164 : loss : -0.2338 = 0.0863 + -0.3543 + 0.0359 + -0.0018, time: 26.438849]
2023-09-03 13:11:13.446: epoch 164:	0.04100645  	0.08982713  	0.07502282  
2023-09-03 13:11:39.722: [iter 165 : loss : -0.2357 = 0.0863 + -0.3564 + 0.0362 + -0.0018, time: 26.246679]
2023-09-03 13:11:40.358: epoch 165:	0.04108385  	0.08982915  	0.07500832  
2023-09-03 13:12:06.669: [iter 166 : loss : -0.2384 = 0.0848 + -0.3578 + 0.0364 + -0.0018, time: 26.284609]
2023-09-03 13:12:07.346: epoch 166:	0.04129032  	0.09030677  	0.07536163  
2023-09-03 13:12:07.346: Find a better model.
2023-09-03 13:12:33.725: [iter 167 : loss : -0.2375 = 0.0877 + -0.3601 + 0.0367 + -0.0018, time: 26.353298]
2023-09-03 13:12:34.397: epoch 167:	0.04116775  	0.08991016  	0.07522808  
2023-09-03 13:13:00.880: [iter 168 : loss : -0.2400 = 0.0863 + -0.3615 + 0.0370 + -0.0018, time: 26.450941]
2023-09-03 13:13:01.609: epoch 168:	0.04129031  	0.09021725  	0.07534639  
2023-09-03 13:13:27.769: [iter 169 : loss : -0.2391 = 0.0897 + -0.3642 + 0.0372 + -0.0018, time: 26.132462]
2023-09-03 13:13:28.434: epoch 169:	0.04127097  	0.09033866  	0.07543540  
2023-09-03 13:13:28.434: Find a better model.
2023-09-03 13:13:54.672: [iter 170 : loss : -0.2448 = 0.0851 + -0.3655 + 0.0375 + -0.0018, time: 26.211701]
2023-09-03 13:13:55.358: epoch 170:	0.04125158  	0.09015970  	0.07546832  
2023-09-03 13:14:21.575: [iter 171 : loss : -0.2448 = 0.0870 + -0.3677 + 0.0377 + -0.0019, time: 26.190535]
2023-09-03 13:14:22.256: epoch 171:	0.04134836  	0.09056687  	0.07571913  
2023-09-03 13:14:22.256: Find a better model.
2023-09-03 13:14:48.467: [iter 172 : loss : -0.2477 = 0.0859 + -0.3698 + 0.0380 + -0.0019, time: 26.188832]
2023-09-03 13:14:49.129: epoch 172:	0.04127741  	0.09039025  	0.07573312  
2023-09-03 13:15:15.491: [iter 173 : loss : -0.2496 = 0.0858 + -0.3718 + 0.0382 + -0.0019, time: 26.333429]
2023-09-03 13:15:16.148: epoch 173:	0.04140641  	0.09056909  	0.07572901  
2023-09-03 13:15:16.149: Find a better model.
2023-09-03 13:15:42.324: [iter 174 : loss : -0.2513 = 0.0867 + -0.3746 + 0.0385 + -0.0019, time: 26.152115]
2023-09-03 13:15:42.979: epoch 174:	0.04137418  	0.09038426  	0.07556409  
2023-09-03 13:16:09.223: [iter 175 : loss : -0.2501 = 0.0893 + -0.3762 + 0.0388 + -0.0019, time: 26.222584]
2023-09-03 13:16:09.880: epoch 175:	0.04129033  	0.09031045  	0.07549254  
2023-09-03 13:16:36.246: [iter 176 : loss : -0.2541 = 0.0870 + -0.3782 + 0.0390 + -0.0019, time: 26.335010]
2023-09-03 13:16:36.932: epoch 176:	0.04122581  	0.09021480  	0.07550666  
2023-09-03 13:17:03.153: [iter 177 : loss : -0.2531 = 0.0891 + -0.3795 + 0.0393 + -0.0019, time: 26.196590]
2023-09-03 13:17:03.818: epoch 177:	0.04142579  	0.09052021  	0.07566248  
