2023-09-03 13:17:53.377: my pid: 4259
2023-09-03 13:17:53.378: model: model.general_recommender.GNNEC
2023-09-03 13:17:53.378: Dataset statistics:
Name: yelp
The number of users: 7750
The number of items: 28918
The number of ratings: 750318
Average actions of users: 96.82
Average actions of items: 25.95
The sparsity of the dataset: 99.665208%

The number of training: 678579
The number of validation: 0
The number of testing: 71739
2023-09-03 13:17:53.378: NeuRec:[NeuRec]:
recommender=GNNEC
dataset=yelp
file_column=UI
sep=','
gpu_id=0
gpu_mem=0.99
metric=["Precision", "Recall", "NDCG"]
top_k=[20]
test_thread=8
test_batch_size=128
seed=2021
start_testing_epoch=0

GNNEC:[hyperparameters]:
mf_reg=1e-4
svd_q=5
aug_type=ND
reg=1e-4
embed_size=64
n_layers=2
ssl_reg=0.02
ssl_ratio=0.1
ssl_temp=0.8
ssl_mode=both_side
lr=1e-3
learner=adam
adj_type=pre
epochs=200
batch_size=2048
num_negatives=1
param_init=xavier_uniform
stddev=0.01
verbose=1
stop_cnt=10
pretrain_flag=0
save_flag=0

Command line:
recommender=GNNEC
dataset=yelp
epochs=200
n_layers=2
embed_size=64
batch_size=2048
lr=1e-3
aug_type=ND
reg=1e-4
ssl_reg=0.02
ssl_ratio=0.1
ssl_temp=0.8
mf_reg=1e-4
svd_q=5
2023-09-03 13:17:57.935: metrics:	Precision@20	Recall@20   	NDCG@20     
2023-09-03 13:18:24.625: [iter 1 : loss : 0.7212 = 0.4184 + 0.3011 + 0.0002 + 0.0015, time: 26.689580]
2023-09-03 13:18:25.313: epoch 1:	0.02522632  	0.05448059  	0.04634808  
2023-09-03 13:18:25.313: Find a better model.
2023-09-03 13:18:51.210: [iter 2 : loss : 0.4260 = 0.1956 + 0.2288 + 0.0005 + 0.0012, time: 25.868354]
2023-09-03 13:18:51.865: epoch 2:	0.02525213  	0.05456875  	0.04645291  
2023-09-03 13:18:51.865: Find a better model.
2023-09-03 13:19:17.945: [iter 3 : loss : 0.3893 = 0.1792 + 0.2084 + 0.0006 + 0.0011, time: 26.050803]
2023-09-03 13:19:18.627: epoch 3:	0.02519408  	0.05443721  	0.04626404  
2023-09-03 13:19:44.758: [iter 4 : loss : 0.3717 = 0.1732 + 0.1968 + 0.0008 + 0.0010, time: 26.100845]
2023-09-03 13:19:45.382: epoch 4:	0.02554247  	0.05508815  	0.04662193  
2023-09-03 13:19:45.382: Find a better model.
2023-09-03 13:20:11.560: [iter 5 : loss : 0.3581 = 0.1681 + 0.1882 + 0.0009 + 0.0010, time: 26.154750]
2023-09-03 13:20:12.188: epoch 5:	0.02586506  	0.05579098  	0.04706093  
2023-09-03 13:20:12.188: Find a better model.
2023-09-03 13:20:38.243: [iter 6 : loss : 0.3461 = 0.1632 + 0.1811 + 0.0010 + 0.0009, time: 26.025978]
2023-09-03 13:20:38.942: epoch 6:	0.02597474  	0.05609972  	0.04715174  
2023-09-03 13:20:38.943: Find a better model.
2023-09-03 13:21:05.023: [iter 7 : loss : 0.3308 = 0.1548 + 0.1740 + 0.0011 + 0.0009, time: 26.047944]
2023-09-03 13:21:05.677: epoch 7:	0.02627152  	0.05656019  	0.04769801  
2023-09-03 13:21:05.677: Find a better model.
2023-09-03 13:21:31.679: [iter 8 : loss : 0.3192 = 0.1494 + 0.1678 + 0.0012 + 0.0009, time: 25.974732]
2023-09-03 13:21:32.330: epoch 8:	0.02665219  	0.05752697  	0.04836481  
2023-09-03 13:21:32.330: Find a better model.
2023-09-03 13:21:58.518: [iter 9 : loss : 0.3095 = 0.1452 + 0.1621 + 0.0013 + 0.0008, time: 26.159172]
2023-09-03 13:21:59.162: epoch 9:	0.02683284  	0.05823082  	0.04851430  
2023-09-03 13:21:59.162: Find a better model.
2023-09-03 13:22:25.526: [iter 10 : loss : 0.2990 = 0.1403 + 0.1565 + 0.0014 + 0.0008, time: 26.339699]
2023-09-03 13:22:26.171: epoch 10:	0.02715543  	0.05874198  	0.04896222  
2023-09-03 13:22:26.171: Find a better model.
2023-09-03 13:22:52.481: [iter 11 : loss : 0.2913 = 0.1374 + 0.1516 + 0.0015 + 0.0008, time: 26.277948]
2023-09-03 13:22:53.145: epoch 11:	0.02740705  	0.05930974  	0.04943771  
2023-09-03 13:22:53.145: Find a better model.
2023-09-03 13:23:19.702: [iter 12 : loss : 0.2832 = 0.1344 + 0.1465 + 0.0016 + 0.0008, time: 26.534024]
2023-09-03 13:23:20.347: epoch 12:	0.02771673  	0.05975621  	0.04991258  
2023-09-03 13:23:20.347: Find a better model.
2023-09-03 13:23:46.536: [iter 13 : loss : 0.2771 = 0.1326 + 0.1420 + 0.0018 + 0.0007, time: 26.158846]
2023-09-03 13:23:47.202: epoch 13:	0.02790383  	0.06030804  	0.05033462  
2023-09-03 13:23:47.202: Find a better model.
2023-09-03 13:24:13.556: [iter 14 : loss : 0.2691 = 0.1291 + 0.1374 + 0.0019 + 0.0007, time: 26.324415]
2023-09-03 13:24:14.200: epoch 14:	0.02807804  	0.06070608  	0.05068232  
2023-09-03 13:24:14.200: Find a better model.
2023-09-03 13:24:40.413: [iter 15 : loss : 0.2651 = 0.1291 + 0.1333 + 0.0020 + 0.0007, time: 26.186655]
2023-09-03 13:24:41.107: epoch 15:	0.02827160  	0.06105012  	0.05081274  
2023-09-03 13:24:41.107: Find a better model.
2023-09-03 13:25:07.286: [iter 16 : loss : 0.2595 = 0.1276 + 0.1292 + 0.0021 + 0.0007, time: 26.154129]
2023-09-03 13:25:07.945: epoch 16:	0.02831678  	0.06118901  	0.05098302  
2023-09-03 13:25:07.945: Find a better model.
2023-09-03 13:25:33.952: [iter 17 : loss : 0.2523 = 0.1243 + 0.1251 + 0.0022 + 0.0006, time: 25.976225]
2023-09-03 13:25:34.611: epoch 17:	0.02851678  	0.06177974  	0.05139900  
2023-09-03 13:25:34.611: Find a better model.
2023-09-03 13:26:00.677: [iter 18 : loss : 0.2482 = 0.1242 + 0.1210 + 0.0023 + 0.0006, time: 26.038295]
2023-09-03 13:26:01.336: epoch 18:	0.02876840  	0.06248823  	0.05161554  
2023-09-03 13:26:01.336: Find a better model.
2023-09-03 13:26:27.500: [iter 19 : loss : 0.2415 = 0.1215 + 0.1170 + 0.0024 + 0.0006, time: 26.126168]
2023-09-03 13:26:28.175: epoch 19:	0.02880711  	0.06232447  	0.05180930  
2023-09-03 13:26:54.191: [iter 20 : loss : 0.2367 = 0.1204 + 0.1132 + 0.0026 + 0.0006, time: 25.981055]
2023-09-03 13:26:54.843: epoch 20:	0.02908453  	0.06309456  	0.05255719  
2023-09-03 13:26:54.844: Find a better model.
2023-09-03 13:27:21.014: [iter 21 : loss : 0.2298 = 0.1175 + 0.1090 + 0.0027 + 0.0006, time: 26.144231]
2023-09-03 13:27:21.678: epoch 21:	0.02954907  	0.06405723  	0.05333053  
2023-09-03 13:27:21.678: Find a better model.
2023-09-03 13:27:47.920: [iter 22 : loss : 0.2253 = 0.1166 + 0.1053 + 0.0028 + 0.0005, time: 26.216145]
2023-09-03 13:27:48.543: epoch 22:	0.02970391  	0.06442455  	0.05354852  
2023-09-03 13:27:48.543: Find a better model.
2023-09-03 13:28:14.734: [iter 23 : loss : 0.2195 = 0.1148 + 0.1012 + 0.0030 + 0.0005, time: 26.161455]
2023-09-03 13:28:15.396: epoch 23:	0.03001362  	0.06501468  	0.05399732  
2023-09-03 13:28:15.396: Find a better model.
2023-09-03 13:28:41.536: [iter 24 : loss : 0.2168 = 0.1159 + 0.0973 + 0.0031 + 0.0005, time: 26.112621]
2023-09-03 13:28:42.208: epoch 24:	0.03021361  	0.06554177  	0.05429015  
2023-09-03 13:28:42.208: Find a better model.
2023-09-03 13:29:08.606: [iter 25 : loss : 0.2107 = 0.1133 + 0.0937 + 0.0032 + 0.0005, time: 26.367031]
2023-09-03 13:29:09.311: epoch 25:	0.03045879  	0.06602900  	0.05466778  
2023-09-03 13:29:09.311: Find a better model.
2023-09-03 13:29:35.477: [iter 26 : loss : 0.2062 = 0.1124 + 0.0899 + 0.0034 + 0.0005, time: 26.136016]
2023-09-03 13:29:36.147: epoch 26:	0.03083300  	0.06699529  	0.05526019  
2023-09-03 13:29:36.147: Find a better model.
2023-09-03 13:30:02.345: [iter 27 : loss : 0.1994 = 0.1094 + 0.0860 + 0.0035 + 0.0004, time: 26.168365]
2023-09-03 13:30:03.026: epoch 27:	0.03075558  	0.06670236  	0.05527366  
2023-09-03 13:30:29.205: [iter 28 : loss : 0.1963 = 0.1101 + 0.0821 + 0.0036 + 0.0004, time: 26.151043]
2023-09-03 13:30:29.862: epoch 28:	0.03102009  	0.06747799  	0.05563982  
2023-09-03 13:30:29.862: Find a better model.
2023-09-03 13:30:55.919: [iter 29 : loss : 0.1919 = 0.1092 + 0.0785 + 0.0038 + 0.0004, time: 26.029306]
2023-09-03 13:30:56.565: epoch 29:	0.03135559  	0.06812060  	0.05628929  
2023-09-03 13:30:56.565: Find a better model.
2023-09-03 13:31:22.677: [iter 30 : loss : 0.1875 = 0.1083 + 0.0749 + 0.0039 + 0.0004, time: 26.088210]
2023-09-03 13:31:23.341: epoch 30:	0.03165883  	0.06890088  	0.05676934  
2023-09-03 13:31:23.341: Find a better model.
2023-09-03 13:31:49.470: [iter 31 : loss : 0.1830 = 0.1074 + 0.0712 + 0.0041 + 0.0004, time: 26.104736]
2023-09-03 13:31:50.099: epoch 31:	0.03199431  	0.06972726  	0.05738302  
2023-09-03 13:31:50.099: Find a better model.
2023-09-03 13:32:16.238: [iter 32 : loss : 0.1777 = 0.1059 + 0.0672 + 0.0042 + 0.0004, time: 26.110744]
2023-09-03 13:32:16.892: epoch 32:	0.03233627  	0.07062352  	0.05795960  
2023-09-03 13:32:16.892: Find a better model.
2023-09-03 13:32:43.081: [iter 33 : loss : 0.1729 = 0.1047 + 0.0635 + 0.0044 + 0.0003, time: 26.160363]
2023-09-03 13:32:43.727: epoch 33:	0.03238143  	0.07071489  	0.05821241  
2023-09-03 13:32:43.728: Find a better model.
2023-09-03 13:33:09.996: [iter 34 : loss : 0.1691 = 0.1046 + 0.0597 + 0.0045 + 0.0003, time: 26.237882]
2023-09-03 13:33:10.637: epoch 34:	0.03263305  	0.07121290  	0.05868660  
2023-09-03 13:33:10.637: Find a better model.
2023-09-03 13:33:36.636: [iter 35 : loss : 0.1654 = 0.1042 + 0.0562 + 0.0047 + 0.0003, time: 25.968527]
2023-09-03 13:33:37.306: epoch 35:	0.03291048  	0.07183932  	0.05906750  
2023-09-03 13:33:37.306: Find a better model.
2023-09-03 13:34:03.550: [iter 36 : loss : 0.1608 = 0.1033 + 0.0524 + 0.0048 + 0.0003, time: 26.212210]
2023-09-03 13:34:04.193: epoch 36:	0.03318145  	0.07239733  	0.05964194  
2023-09-03 13:34:04.193: Find a better model.
2023-09-03 13:34:30.481: [iter 37 : loss : 0.1561 = 0.1020 + 0.0488 + 0.0050 + 0.0003, time: 26.261629]
2023-09-03 13:34:31.153: epoch 37:	0.03336852  	0.07292558  	0.06007921  
2023-09-03 13:34:31.153: Find a better model.
2023-09-03 13:34:57.345: [iter 38 : loss : 0.1517 = 0.1008 + 0.0455 + 0.0051 + 0.0002, time: 26.168977]
2023-09-03 13:34:58.018: epoch 38:	0.03371686  	0.07362799  	0.06069146  
2023-09-03 13:34:58.018: Find a better model.
2023-09-03 13:35:24.292: [iter 39 : loss : 0.1474 = 0.1003 + 0.0416 + 0.0053 + 0.0002, time: 26.248756]
2023-09-03 13:35:24.981: epoch 39:	0.03402007  	0.07426270  	0.06109380  
2023-09-03 13:35:24.981: Find a better model.
2023-09-03 13:35:51.039: [iter 40 : loss : 0.1442 = 0.1005 + 0.0380 + 0.0055 + 0.0002, time: 26.028832]
2023-09-03 13:35:51.693: epoch 40:	0.03423293  	0.07469212  	0.06143498  
2023-09-03 13:35:51.693: Find a better model.
2023-09-03 13:36:17.811: [iter 41 : loss : 0.1388 = 0.0987 + 0.0343 + 0.0056 + 0.0002, time: 26.087220]
2023-09-03 13:36:18.464: epoch 41:	0.03437486  	0.07505434  	0.06186397  
2023-09-03 13:36:18.464: Find a better model.
2023-09-03 13:36:44.492: [iter 42 : loss : 0.1355 = 0.0987 + 0.0308 + 0.0058 + 0.0002, time: 26.001518]
2023-09-03 13:36:45.147: epoch 42:	0.03455549  	0.07539172  	0.06217523  
2023-09-03 13:36:45.147: Find a better model.
2023-09-03 13:37:11.394: [iter 43 : loss : 0.1318 = 0.0987 + 0.0270 + 0.0060 + 0.0001, time: 26.212682]
2023-09-03 13:37:12.050: epoch 43:	0.03476192  	0.07565290  	0.06261636  
2023-09-03 13:37:12.050: Find a better model.
2023-09-03 13:37:38.410: [iter 44 : loss : 0.1276 = 0.0979 + 0.0234 + 0.0061 + 0.0001, time: 26.329943]
2023-09-03 13:37:39.099: epoch 44:	0.03497480  	0.07633683  	0.06312232  
2023-09-03 13:37:39.099: Find a better model.
2023-09-03 13:38:05.530: [iter 45 : loss : 0.1242 = 0.0979 + 0.0199 + 0.0063 + 0.0001, time: 26.394973]
2023-09-03 13:38:06.213: epoch 45:	0.03525222  	0.07692640  	0.06376109  
2023-09-03 13:38:06.213: Find a better model.
2023-09-03 13:38:32.209: [iter 46 : loss : 0.1210 = 0.0981 + 0.0163 + 0.0065 + 0.0001, time: 25.965012]
2023-09-03 13:38:32.861: epoch 46:	0.03564575  	0.07792773  	0.06428555  
2023-09-03 13:38:32.862: Find a better model.
2023-09-03 13:38:59.229: [iter 47 : loss : 0.1151 = 0.0957 + 0.0126 + 0.0067 + 0.0001, time: 26.339630]
2023-09-03 13:38:59.886: epoch 47:	0.03583280  	0.07826220  	0.06473024  
2023-09-03 13:38:59.886: Find a better model.
2023-09-03 13:39:26.066: [iter 48 : loss : 0.1131 = 0.0970 + 0.0092 + 0.0068 + 0.0001, time: 26.147846]
2023-09-03 13:39:26.711: epoch 48:	0.03603925  	0.07881711  	0.06519062  
2023-09-03 13:39:26.711: Find a better model.
2023-09-03 13:39:52.871: [iter 49 : loss : 0.1085 = 0.0957 + 0.0057 + 0.0070 + 0.0000, time: 26.134315]
2023-09-03 13:39:53.566: epoch 49:	0.03625858  	0.07906824  	0.06556742  
2023-09-03 13:39:53.566: Find a better model.
2023-09-03 13:40:19.862: [iter 50 : loss : 0.1051 = 0.0956 + 0.0023 + 0.0072 + 0.0000, time: 26.262659]
2023-09-03 13:40:20.551: epoch 50:	0.03630373  	0.07927940  	0.06571982  
2023-09-03 13:40:20.552: Find a better model.
2023-09-03 13:40:47.062: [iter 51 : loss : 0.1021 = 0.0960 + -0.0012 + 0.0074 + 0.0000, time: 26.469121]
2023-09-03 13:40:47.746: epoch 51:	0.03652304  	0.07984629  	0.06620391  
2023-09-03 13:40:47.746: Find a better model.
2023-09-03 13:41:13.936: [iter 52 : loss : 0.0985 = 0.0956 + -0.0047 + 0.0076 + -0.0000, time: 26.159710]
2023-09-03 13:41:14.568: epoch 52:	0.03681978  	0.08054034  	0.06670968  
2023-09-03 13:41:14.568: Find a better model.
2023-09-03 13:41:40.725: [iter 53 : loss : 0.0948 = 0.0953 + -0.0082 + 0.0077 + -0.0000, time: 26.124471]
2023-09-03 13:41:41.369: epoch 53:	0.03699394  	0.08072496  	0.06687316  
2023-09-03 13:41:41.370: Find a better model.
2023-09-03 13:42:07.726: [iter 54 : loss : 0.0911 = 0.0945 + -0.0112 + 0.0079 + -0.0000, time: 26.327079]
2023-09-03 13:42:08.374: epoch 54:	0.03707136  	0.08059116  	0.06723379  
2023-09-03 13:42:34.577: [iter 55 : loss : 0.0886 = 0.0955 + -0.0149 + 0.0081 + -0.0001, time: 26.174079]
2023-09-03 13:42:35.285: epoch 55:	0.03727778  	0.08115470  	0.06753403  
2023-09-03 13:42:35.285: Find a better model.
2023-09-03 13:43:01.581: [iter 56 : loss : 0.0851 = 0.0951 + -0.0182 + 0.0083 + -0.0001, time: 26.268387]
2023-09-03 13:43:02.212: epoch 56:	0.03745197  	0.08164075  	0.06780178  
2023-09-03 13:43:02.212: Find a better model.
2023-09-03 13:43:28.490: [iter 57 : loss : 0.0815 = 0.0946 + -0.0215 + 0.0085 + -0.0001, time: 26.252133]
2023-09-03 13:43:29.186: epoch 57:	0.03772292  	0.08219520  	0.06821102  
2023-09-03 13:43:29.186: Find a better model.
2023-09-03 13:43:55.536: [iter 58 : loss : 0.0802 = 0.0960 + -0.0243 + 0.0086 + -0.0001, time: 26.316463]
2023-09-03 13:43:56.192: epoch 58:	0.03775517  	0.08229907  	0.06854367  
2023-09-03 13:43:56.192: Find a better model.
2023-09-03 13:44:22.419: [iter 59 : loss : 0.0749 = 0.0944 + -0.0282 + 0.0088 + -0.0001, time: 26.196063]
2023-09-03 13:44:23.070: epoch 59:	0.03796804  	0.08283453  	0.06865469  
2023-09-03 13:44:23.070: Find a better model.
2023-09-03 13:44:49.190: [iter 60 : loss : 0.0728 = 0.0948 + -0.0309 + 0.0090 + -0.0001, time: 26.089283]
2023-09-03 13:44:49.837: epoch 60:	0.03816157  	0.08329171  	0.06909249  
2023-09-03 13:44:49.837: Find a better model.
2023-09-03 13:45:15.946: [iter 61 : loss : 0.0689 = 0.0943 + -0.0345 + 0.0092 + -0.0002, time: 26.076415]
2023-09-03 13:45:16.593: epoch 61:	0.03834865  	0.08370180  	0.06937969  
2023-09-03 13:45:16.594: Find a better model.
2023-09-03 13:45:42.730: [iter 62 : loss : 0.0663 = 0.0948 + -0.0377 + 0.0094 + -0.0002, time: 26.111808]
2023-09-03 13:45:43.386: epoch 62:	0.03857445  	0.08415548  	0.06982436  
2023-09-03 13:45:43.386: Find a better model.
2023-09-03 13:46:09.461: [iter 63 : loss : 0.0625 = 0.0939 + -0.0408 + 0.0096 + -0.0002, time: 26.041115]
2023-09-03 13:46:10.111: epoch 63:	0.03871639  	0.08442836  	0.07012229  
2023-09-03 13:46:10.111: Find a better model.
2023-09-03 13:46:36.227: [iter 64 : loss : 0.0592 = 0.0935 + -0.0439 + 0.0098 + -0.0002, time: 26.089810]
2023-09-03 13:46:36.851: epoch 64:	0.03883895  	0.08469587  	0.07028787  
2023-09-03 13:46:36.851: Find a better model.
2023-09-03 13:47:03.080: [iter 65 : loss : 0.0572 = 0.0945 + -0.0470 + 0.0100 + -0.0002, time: 26.199047]
2023-09-03 13:47:03.724: epoch 65:	0.03877444  	0.08441662  	0.07035242  
2023-09-03 13:47:30.134: [iter 66 : loss : 0.0519 = 0.0924 + -0.0504 + 0.0101 + -0.0002, time: 26.378731]
2023-09-03 13:47:30.783: epoch 66:	0.03884541  	0.08467780  	0.07052639  
2023-09-03 13:47:57.144: [iter 67 : loss : 0.0499 = 0.0933 + -0.0536 + 0.0103 + -0.0003, time: 26.328645]
2023-09-03 13:47:57.779: epoch 67:	0.03920666  	0.08553769  	0.07105505  
2023-09-03 13:47:57.779: Find a better model.
2023-09-03 13:48:24.018: [iter 68 : loss : 0.0482 = 0.0943 + -0.0564 + 0.0105 + -0.0003, time: 26.207881]
2023-09-03 13:48:24.637: epoch 68:	0.03950342  	0.08613699  	0.07144423  
2023-09-03 13:48:24.637: Find a better model.
2023-09-03 13:48:50.449: [iter 69 : loss : 0.0452 = 0.0944 + -0.0597 + 0.0107 + -0.0003, time: 25.782938]
2023-09-03 13:48:51.124: epoch 69:	0.03963244  	0.08624540  	0.07148595  
2023-09-03 13:48:51.124: Find a better model.
2023-09-03 13:49:17.244: [iter 70 : loss : 0.0428 = 0.0945 + -0.0623 + 0.0109 + -0.0003, time: 26.080141]
2023-09-03 13:49:17.902: epoch 70:	0.03960664  	0.08640706  	0.07166129  
2023-09-03 13:49:17.902: Find a better model.
2023-09-03 13:49:43.951: [iter 71 : loss : 0.0386 = 0.0933 + -0.0655 + 0.0111 + -0.0003, time: 26.013671]
2023-09-03 13:49:44.604: epoch 71:	0.03958730  	0.08640046  	0.07179227  
2023-09-03 13:50:10.511: [iter 72 : loss : 0.0363 = 0.0943 + -0.0689 + 0.0113 + -0.0003, time: 25.877365]
2023-09-03 13:50:11.160: epoch 72:	0.03965826  	0.08660580  	0.07181618  
2023-09-03 13:50:11.161: Find a better model.
2023-09-03 13:50:37.309: [iter 73 : loss : 0.0329 = 0.0934 + -0.0716 + 0.0115 + -0.0003, time: 26.121096]
2023-09-03 13:50:37.963: epoch 73:	0.03967761  	0.08660002  	0.07210434  
2023-09-03 13:51:04.413: [iter 74 : loss : 0.0303 = 0.0937 + -0.0748 + 0.0117 + -0.0004, time: 26.420878]
2023-09-03 13:51:05.092: epoch 74:	0.03985179  	0.08699358  	0.07229458  
2023-09-03 13:51:05.092: Find a better model.
2023-09-03 13:51:31.196: [iter 75 : loss : 0.0280 = 0.0945 + -0.0780 + 0.0119 + -0.0004, time: 26.069007]
2023-09-03 13:51:31.849: epoch 75:	0.04000658  	0.08743015  	0.07254335  
2023-09-03 13:51:31.849: Find a better model.
2023-09-03 13:51:58.351: [iter 76 : loss : 0.0262 = 0.0948 + -0.0803 + 0.0121 + -0.0004, time: 26.472225]
2023-09-03 13:51:59.010: epoch 76:	0.04003883  	0.08750302  	0.07259636  
2023-09-03 13:51:59.010: Find a better model.
2023-09-03 13:52:25.443: [iter 77 : loss : 0.0226 = 0.0941 + -0.0834 + 0.0123 + -0.0004, time: 26.407966]
2023-09-03 13:52:26.067: epoch 77:	0.04005174  	0.08754729  	0.07279658  
2023-09-03 13:52:26.067: Find a better model.
2023-09-03 13:52:52.283: [iter 78 : loss : 0.0197 = 0.0942 + -0.0866 + 0.0125 + -0.0004, time: 26.179926]
2023-09-03 13:52:52.940: epoch 78:	0.04007111  	0.08766619  	0.07292467  
2023-09-03 13:52:52.940: Find a better model.
2023-09-03 13:53:19.182: [iter 79 : loss : 0.0158 = 0.0929 + -0.0893 + 0.0127 + -0.0004, time: 26.207825]
2023-09-03 13:53:19.830: epoch 79:	0.04034205  	0.08813105  	0.07318311  
2023-09-03 13:53:19.830: Find a better model.
2023-09-03 13:53:46.149: [iter 80 : loss : 0.0149 = 0.0946 + -0.0922 + 0.0129 + -0.0004, time: 26.292836]
2023-09-03 13:53:46.809: epoch 80:	0.04046461  	0.08839387  	0.07341044  
2023-09-03 13:53:46.809: Find a better model.
2023-09-03 13:54:13.211: [iter 81 : loss : 0.0120 = 0.0948 + -0.0954 + 0.0131 + -0.0005, time: 26.366238]
2023-09-03 13:54:13.874: epoch 81:	0.04038717  	0.08809402  	0.07335111  
2023-09-03 13:54:39.737: [iter 82 : loss : 0.0093 = 0.0946 + -0.0981 + 0.0133 + -0.0005, time: 25.830230]
2023-09-03 13:54:40.359: epoch 82:	0.04046462  	0.08828408  	0.07344769  
2023-09-03 13:55:06.648: [iter 83 : loss : 0.0070 = 0.0947 + -0.1007 + 0.0135 + -0.0005, time: 26.260221]
2023-09-03 13:55:07.294: epoch 83:	0.04071619  	0.08874805  	0.07377512  
2023-09-03 13:55:07.294: Find a better model.
2023-09-03 13:55:33.347: [iter 84 : loss : 0.0018 = 0.0920 + -0.1034 + 0.0137 + -0.0005, time: 26.028892]
2023-09-03 13:55:33.988: epoch 84:	0.04060009  	0.08868973  	0.07379285  
2023-09-03 13:56:00.185: [iter 85 : loss : 0.0016 = 0.0948 + -0.1066 + 0.0139 + -0.0005, time: 26.163383]
2023-09-03 13:56:00.833: epoch 85:	0.04078716  	0.08915022  	0.07414146  
2023-09-03 13:56:00.833: Find a better model.
2023-09-03 13:56:27.103: [iter 86 : loss : -0.0024 = 0.0933 + -0.1092 + 0.0141 + -0.0005, time: 26.246067]
2023-09-03 13:56:27.748: epoch 86:	0.04080653  	0.08894551  	0.07426704  
2023-09-03 13:56:53.886: [iter 87 : loss : -0.0037 = 0.0946 + -0.1121 + 0.0143 + -0.0005, time: 26.106127]
2023-09-03 13:56:54.534: epoch 87:	0.04085812  	0.08920214  	0.07451542  
2023-09-03 13:56:54.534: Find a better model.
2023-09-03 13:57:20.736: [iter 88 : loss : -0.0048 = 0.0961 + -0.1149 + 0.0145 + -0.0006, time: 26.171081]
2023-09-03 13:57:21.367: epoch 88:	0.04087748  	0.08928782  	0.07442622  
2023-09-03 13:57:21.368: Find a better model.
2023-09-03 13:57:47.499: [iter 89 : loss : -0.0076 = 0.0953 + -0.1171 + 0.0147 + -0.0006, time: 26.101132]
2023-09-03 13:57:48.122: epoch 89:	0.04121935  	0.09005520  	0.07488609  
2023-09-03 13:57:48.122: Find a better model.
2023-09-03 13:58:13.958: [iter 90 : loss : -0.0101 = 0.0954 + -0.1198 + 0.0149 + -0.0006, time: 25.805212]
2023-09-03 13:58:14.645: epoch 90:	0.04121933  	0.09013499  	0.07505015  
2023-09-03 13:58:14.645: Find a better model.
2023-09-03 13:58:40.883: [iter 91 : loss : -0.0128 = 0.0954 + -0.1227 + 0.0151 + -0.0006, time: 26.204304]
2023-09-03 13:58:41.578: epoch 91:	0.04114839  	0.08994089  	0.07495355  
2023-09-03 13:59:07.553: [iter 92 : loss : -0.0157 = 0.0949 + -0.1252 + 0.0153 + -0.0006, time: 25.938545]
2023-09-03 13:59:08.262: epoch 92:	0.04144514  	0.09053929  	0.07546826  
2023-09-03 13:59:08.262: Find a better model.
2023-09-03 13:59:34.319: [iter 93 : loss : -0.0181 = 0.0948 + -0.1278 + 0.0155 + -0.0006, time: 26.027712]
2023-09-03 13:59:34.968: epoch 93:	0.04167737  	0.09100710  	0.07577019  
2023-09-03 13:59:34.968: Find a better model.
2023-09-03 14:00:01.311: [iter 94 : loss : -0.0195 = 0.0964 + -0.1309 + 0.0157 + -0.0006, time: 26.316307]
2023-09-03 14:00:01.939: epoch 94:	0.04170962  	0.09106530  	0.07592323  
2023-09-03 14:00:01.939: Find a better model.
2023-09-03 14:00:28.097: [iter 95 : loss : -0.0230 = 0.0952 + -0.1334 + 0.0159 + -0.0007, time: 26.129721]
2023-09-03 14:00:28.737: epoch 95:	0.04172898  	0.09106506  	0.07586551  
2023-09-03 14:00:54.981: [iter 96 : loss : -0.0246 = 0.0958 + -0.1359 + 0.0161 + -0.0007, time: 26.214277]
2023-09-03 14:00:55.628: epoch 96:	0.04176123  	0.09132311  	0.07607695  
2023-09-03 14:00:55.628: Find a better model.
2023-09-03 14:01:21.690: [iter 97 : loss : -0.0254 = 0.0971 + -0.1381 + 0.0163 + -0.0007, time: 26.035492]
2023-09-03 14:01:22.380: epoch 97:	0.04193541  	0.09171991  	0.07629976  
2023-09-03 14:01:22.380: Find a better model.
2023-09-03 14:01:48.597: [iter 98 : loss : -0.0290 = 0.0965 + -0.1413 + 0.0165 + -0.0007, time: 26.190577]
2023-09-03 14:01:49.263: epoch 98:	0.04194185  	0.09163368  	0.07636457  
2023-09-03 14:02:15.535: [iter 99 : loss : -0.0336 = 0.0940 + -0.1436 + 0.0167 + -0.0007, time: 26.250115]
2023-09-03 14:02:16.230: epoch 99:	0.04209021  	0.09200674  	0.07670919  
2023-09-03 14:02:16.230: Find a better model.
2023-09-03 14:02:42.217: [iter 100 : loss : -0.0330 = 0.0970 + -0.1462 + 0.0169 + -0.0007, time: 25.959439]
2023-09-03 14:02:42.873: epoch 100:	0.04204505  	0.09191447  	0.07677391  
2023-09-03 14:03:08.668: [iter 101 : loss : -0.0384 = 0.0938 + -0.1487 + 0.0171 + -0.0007, time: 25.756897]
2023-09-03 14:03:09.350: epoch 101:	0.04214182  	0.09209926  	0.07690675  
2023-09-03 14:03:09.350: Find a better model.
2023-09-03 14:03:35.053: [iter 102 : loss : -0.0360 = 0.0988 + -0.1514 + 0.0173 + -0.0007, time: 25.678124]
2023-09-03 14:03:35.700: epoch 102:	0.04228376  	0.09245872  	0.07725266  
2023-09-03 14:03:35.700: Find a better model.
2023-09-03 14:04:01.526: [iter 103 : loss : -0.0403 = 0.0967 + -0.1538 + 0.0175 + -0.0008, time: 25.800017]
2023-09-03 14:04:02.173: epoch 103:	0.04228375  	0.09258661  	0.07716358  
2023-09-03 14:04:02.173: Find a better model.
2023-09-03 14:04:28.237: [iter 104 : loss : -0.0415 = 0.0974 + -0.1559 + 0.0177 + -0.0008, time: 26.035870]
2023-09-03 14:04:28.980: epoch 104:	0.04233536  	0.09252650  	0.07725807  
2023-09-03 14:04:54.968: [iter 105 : loss : -0.0466 = 0.0948 + -0.1585 + 0.0179 + -0.0008, time: 25.960495]
2023-09-03 14:04:55.695: epoch 105:	0.04233537  	0.09256022  	0.07725890  
2023-09-03 14:05:21.597: [iter 106 : loss : -0.0507 = 0.0932 + -0.1612 + 0.0181 + -0.0008, time: 25.877021]
2023-09-03 14:05:22.298: epoch 106:	0.04236116  	0.09257424  	0.07736320  
2023-09-03 14:05:48.243: [iter 107 : loss : -0.0506 = 0.0956 + -0.1637 + 0.0184 + -0.0008, time: 25.916399]
2023-09-03 14:05:48.955: epoch 107:	0.04226439  	0.09231952  	0.07719571  
2023-09-03 14:06:14.706: [iter 108 : loss : -0.0513 = 0.0971 + -0.1661 + 0.0186 + -0.0008, time: 25.725884]
2023-09-03 14:06:15.353: epoch 108:	0.04232248  	0.09257476  	0.07750934  
2023-09-03 14:06:41.072: [iter 109 : loss : -0.0549 = 0.0959 + -0.1688 + 0.0188 + -0.0008, time: 25.692283]
2023-09-03 14:06:41.709: epoch 109:	0.04240633  	0.09279829  	0.07770338  
2023-09-03 14:06:41.709: Find a better model.
2023-09-03 14:07:07.754: [iter 110 : loss : -0.0580 = 0.0949 + -0.1710 + 0.0190 + -0.0008, time: 26.020139]
2023-09-03 14:07:08.441: epoch 110:	0.04245151  	0.09290575  	0.07763782  
2023-09-03 14:07:08.441: Find a better model.
2023-09-03 14:07:34.805: [iter 111 : loss : -0.0611 = 0.0941 + -0.1736 + 0.0192 + -0.0009, time: 26.341291]
2023-09-03 14:07:35.523: epoch 111:	0.04260633  	0.09314379  	0.07786426  
2023-09-03 14:07:35.523: Find a better model.
2023-09-03 14:08:01.864: [iter 112 : loss : -0.0602 = 0.0968 + -0.1755 + 0.0194 + -0.0009, time: 26.310595]
2023-09-03 14:08:02.529: epoch 112:	0.04259989  	0.09329092  	0.07815044  
2023-09-03 14:08:02.529: Find a better model.
2023-09-03 14:08:28.687: [iter 113 : loss : -0.0607 = 0.0985 + -0.1779 + 0.0196 + -0.0009, time: 26.125714]
2023-09-03 14:08:29.364: epoch 113:	0.04277405  	0.09341207  	0.07826749  
2023-09-03 14:08:29.364: Find a better model.
2023-09-03 14:08:55.452: [iter 114 : loss : -0.0661 = 0.0952 + -0.1802 + 0.0198 + -0.0009, time: 26.046669]
2023-09-03 14:08:56.095: epoch 114:	0.04280631  	0.09354612  	0.07831567  
2023-09-03 14:08:56.096: Find a better model.
2023-09-03 14:09:22.176: [iter 115 : loss : -0.0664 = 0.0975 + -0.1830 + 0.0200 + -0.0009, time: 26.053866]
2023-09-03 14:09:22.760: epoch 115:	0.04287729  	0.09362441  	0.07863172  
2023-09-03 14:09:22.760: Find a better model.
2023-09-03 14:09:48.279: [iter 116 : loss : -0.0714 = 0.0945 + -0.1852 + 0.0202 + -0.0009, time: 25.496881]
2023-09-03 14:09:48.931: epoch 116:	0.04292243  	0.09394193  	0.07871261  
2023-09-03 14:09:48.931: Find a better model.
2023-09-03 14:10:14.789: [iter 117 : loss : -0.0725 = 0.0957 + -0.1877 + 0.0204 + -0.0009, time: 25.826003]
2023-09-03 14:10:15.427: epoch 117:	0.04316758  	0.09436969  	0.07911935  
2023-09-03 14:10:15.427: Find a better model.
2023-09-03 14:10:41.492: [iter 118 : loss : -0.0730 = 0.0968 + -0.1895 + 0.0206 + -0.0009, time: 26.043271]
2023-09-03 14:10:42.126: epoch 118:	0.04317402  	0.09452168  	0.07924516  
2023-09-03 14:10:42.126: Find a better model.
2023-09-03 14:11:07.779: [iter 119 : loss : -0.0770 = 0.0953 + -0.1921 + 0.0208 + -0.0010, time: 25.626258]
2023-09-03 14:11:08.398: epoch 119:	0.04318693  	0.09460266  	0.07936741  
2023-09-03 14:11:08.398: Find a better model.
2023-09-03 14:11:34.121: [iter 120 : loss : -0.0785 = 0.0960 + -0.1946 + 0.0211 + -0.0010, time: 25.704624]
2023-09-03 14:11:34.774: epoch 120:	0.04327725  	0.09457984  	0.07944004  
2023-09-03 14:12:00.823: [iter 121 : loss : -0.0790 = 0.0973 + -0.1966 + 0.0213 + -0.0010, time: 26.023156]
2023-09-03 14:12:01.490: epoch 121:	0.04338050  	0.09489698  	0.07949366  
2023-09-03 14:12:01.491: Find a better model.
2023-09-03 14:12:27.197: [iter 122 : loss : -0.0836 = 0.0947 + -0.1988 + 0.0215 + -0.0010, time: 25.673354]
2023-09-03 14:12:27.847: epoch 122:	0.04332888  	0.09483048  	0.07941448  
2023-09-03 14:12:53.782: [iter 123 : loss : -0.0825 = 0.0980 + -0.2012 + 0.0217 + -0.0010, time: 25.912107]
2023-09-03 14:12:54.430: epoch 123:	0.04346436  	0.09527607  	0.07964298  
2023-09-03 14:12:54.430: Find a better model.
2023-09-03 14:13:20.234: [iter 124 : loss : -0.0858 = 0.0968 + -0.2036 + 0.0219 + -0.0010, time: 25.779897]
2023-09-03 14:13:20.911: epoch 124:	0.04357402  	0.09560859  	0.07991547  
2023-09-03 14:13:20.911: Find a better model.
2023-09-03 14:13:46.548: [iter 125 : loss : -0.0880 = 0.0968 + -0.2059 + 0.0221 + -0.0010, time: 25.614769]
2023-09-03 14:13:47.190: epoch 125:	0.04358693  	0.09550195  	0.07991800  
2023-09-03 14:14:12.877: [iter 126 : loss : -0.0886 = 0.0981 + -0.2080 + 0.0223 + -0.0010, time: 25.663279]
2023-09-03 14:14:13.502: epoch 126:	0.04343208  	0.09519863  	0.07981591  
2023-09-03 14:14:39.228: [iter 127 : loss : -0.0895 = 0.0992 + -0.2102 + 0.0225 + -0.0010, time: 25.703237]
2023-09-03 14:14:39.885: epoch 127:	0.04366435  	0.09555610  	0.08008634  
2023-09-03 14:15:05.511: [iter 128 : loss : -0.0928 = 0.0981 + -0.2125 + 0.0227 + -0.0011, time: 25.599307]
2023-09-03 14:15:06.212: epoch 128:	0.04368369  	0.09565212  	0.08025009  
2023-09-03 14:15:06.213: Find a better model.
2023-09-03 14:15:32.044: [iter 129 : loss : -0.0937 = 0.0989 + -0.2144 + 0.0229 + -0.0011, time: 25.808875]
2023-09-03 14:15:32.684: epoch 129:	0.04365144  	0.09553286  	0.08010651  
2023-09-03 14:15:58.401: [iter 130 : loss : -0.0977 = 0.0964 + -0.2162 + 0.0231 + -0.0011, time: 25.688659]
2023-09-03 14:15:59.115: epoch 130:	0.04367722  	0.09549201  	0.08022308  
2023-09-03 14:16:25.247: [iter 131 : loss : -0.0973 = 0.0994 + -0.2189 + 0.0233 + -0.0011, time: 26.099763]
2023-09-03 14:16:25.897: epoch 131:	0.04356755  	0.09523468  	0.08007304  
2023-09-03 14:16:51.911: [iter 132 : loss : -0.1032 = 0.0950 + -0.2207 + 0.0235 + -0.0011, time: 25.985595]
2023-09-03 14:16:52.612: epoch 132:	0.04363850  	0.09562093  	0.08027878  
2023-09-03 14:17:18.420: [iter 133 : loss : -0.1041 = 0.0964 + -0.2232 + 0.0237 + -0.0011, time: 25.783139]
2023-09-03 14:17:19.054: epoch 133:	0.04363853  	0.09565571  	0.08031568  
2023-09-03 14:17:19.054: Find a better model.
2023-09-03 14:17:45.021: [iter 134 : loss : -0.1028 = 0.0994 + -0.2250 + 0.0240 + -0.0011, time: 25.937351]
2023-09-03 14:17:45.710: epoch 134:	0.04376112  	0.09600508  	0.08053946  
2023-09-03 14:17:45.710: Find a better model.
2023-09-03 14:18:11.562: [iter 135 : loss : -0.1062 = 0.0982 + -0.2274 + 0.0242 + -0.0011, time: 25.816409]
2023-09-03 14:18:12.211: epoch 135:	0.04361922  	0.09553657  	0.08031760  
2023-09-03 14:18:38.022: [iter 136 : loss : -0.1093 = 0.0968 + -0.2293 + 0.0244 + -0.0011, time: 25.786575]
2023-09-03 14:18:38.672: epoch 136:	0.04365148  	0.09559409  	0.08034674  
2023-09-03 14:19:04.489: [iter 137 : loss : -0.1116 = 0.0964 + -0.2315 + 0.0246 + -0.0011, time: 25.795178]
2023-09-03 14:19:05.206: epoch 137:	0.04381920  	0.09617051  	0.08054767  
2023-09-03 14:19:05.206: Find a better model.
2023-09-03 14:19:30.850: [iter 138 : loss : -0.1116 = 0.0984 + -0.2336 + 0.0248 + -0.0012, time: 25.608754]
2023-09-03 14:19:31.515: epoch 138:	0.04410947  	0.09659654  	0.08086984  
2023-09-03 14:19:31.515: Find a better model.
2023-09-03 14:19:57.853: [iter 139 : loss : -0.1154 = 0.0966 + -0.2359 + 0.0250 + -0.0012, time: 26.315049]
2023-09-03 14:19:58.482: epoch 139:	0.04402561  	0.09638918  	0.08077394  
2023-09-03 14:20:24.397: [iter 140 : loss : -0.1149 = 0.0989 + -0.2378 + 0.0252 + -0.0012, time: 25.889718]
2023-09-03 14:20:25.087: epoch 140:	0.04407723  	0.09665390  	0.08070513  
2023-09-03 14:20:25.087: Find a better model.
2023-09-03 14:20:51.091: [iter 141 : loss : -0.1165 = 0.0990 + -0.2397 + 0.0254 + -0.0012, time: 25.977319]
2023-09-03 14:20:51.735: epoch 141:	0.04419333  	0.09698651  	0.08086830  
2023-09-03 14:20:51.736: Find a better model.
2023-09-03 14:21:17.707: [iter 142 : loss : -0.1218 = 0.0958 + -0.2421 + 0.0256 + -0.0012, time: 25.946622]
2023-09-03 14:21:18.324: epoch 142:	0.04437396  	0.09742410  	0.08112501  
2023-09-03 14:21:18.324: Find a better model.
2023-09-03 14:21:44.385: [iter 143 : loss : -0.1209 = 0.0982 + -0.2437 + 0.0258 + -0.0012, time: 26.034426]
2023-09-03 14:21:44.993: epoch 143:	0.04419978  	0.09683324  	0.08101407  
2023-09-03 14:22:10.668: [iter 144 : loss : -0.1228 = 0.0983 + -0.2459 + 0.0261 + -0.0012, time: 25.645126]
2023-09-03 14:22:11.337: epoch 144:	0.04414821  	0.09678794  	0.08103872  
2023-09-03 14:22:37.203: [iter 145 : loss : -0.1224 = 0.1004 + -0.2478 + 0.0263 + -0.0012, time: 25.841535]
2023-09-03 14:22:37.857: epoch 145:	0.04429011  	0.09696186  	0.08118311  
2023-09-03 14:23:03.973: [iter 146 : loss : -0.1249 = 0.0998 + -0.2498 + 0.0265 + -0.0012, time: 26.085013]
2023-09-03 14:23:04.698: epoch 146:	0.04438041  	0.09711375  	0.08115823  
2023-09-03 14:23:30.860: [iter 147 : loss : -0.1261 = 0.0997 + -0.2512 + 0.0267 + -0.0013, time: 26.130819]
2023-09-03 14:23:31.504: epoch 147:	0.04454815  	0.09764107  	0.08149759  
2023-09-03 14:23:31.504: Find a better model.
2023-09-03 14:23:57.496: [iter 148 : loss : -0.1286 = 0.0993 + -0.2535 + 0.0269 + -0.0013, time: 25.966288]
2023-09-03 14:23:58.167: epoch 148:	0.04451589  	0.09740969  	0.08156100  
2023-09-03 14:24:24.173: [iter 149 : loss : -0.1333 = 0.0965 + -0.2556 + 0.0271 + -0.0013, time: 25.978496]
2023-09-03 14:24:24.843: epoch 149:	0.04454168  	0.09753923  	0.08167155  
2023-09-03 14:24:50.723: [iter 150 : loss : -0.1313 = 0.1000 + -0.2573 + 0.0273 + -0.0013, time: 25.853003]
2023-09-03 14:24:51.444: epoch 150:	0.04461264  	0.09752036  	0.08155095  
2023-09-03 14:25:17.644: [iter 151 : loss : -0.1333 = 0.1003 + -0.2597 + 0.0275 + -0.0013, time: 26.167783]
2023-09-03 14:25:18.337: epoch 151:	0.04469005  	0.09788977  	0.08182851  
2023-09-03 14:25:18.337: Find a better model.
2023-09-03 14:25:44.378: [iter 152 : loss : -0.1350 = 0.0998 + -0.2612 + 0.0277 + -0.0013, time: 26.017326]
2023-09-03 14:25:45.076: epoch 152:	0.04465136  	0.09772656  	0.08162481  
2023-09-03 14:26:10.954: [iter 153 : loss : -0.1363 = 0.1003 + -0.2632 + 0.0279 + -0.0013, time: 25.847872]
2023-09-03 14:26:11.616: epoch 153:	0.04473522  	0.09793513  	0.08176860  
2023-09-03 14:26:11.616: Find a better model.
2023-09-03 14:26:37.419: [iter 154 : loss : -0.1389 = 0.0995 + -0.2652 + 0.0281 + -0.0013, time: 25.776391]
2023-09-03 14:26:38.074: epoch 154:	0.04470944  	0.09782040  	0.08185994  
2023-09-03 14:27:03.961: [iter 155 : loss : -0.1412 = 0.0990 + -0.2672 + 0.0283 + -0.0013, time: 25.859699]
2023-09-03 14:27:04.646: epoch 155:	0.04459979  	0.09756915  	0.08171683  
2023-09-03 14:27:30.548: [iter 156 : loss : -0.1409 = 0.1006 + -0.2686 + 0.0285 + -0.0013, time: 25.876456]
2023-09-03 14:27:31.256: epoch 156:	0.04472234  	0.09783094  	0.08192117  
2023-09-03 14:27:57.111: [iter 157 : loss : -0.1445 = 0.0986 + -0.2705 + 0.0287 + -0.0013, time: 25.833361]
2023-09-03 14:27:57.755: epoch 157:	0.04479975  	0.09789351  	0.08205150  
2023-09-03 14:28:23.650: [iter 158 : loss : -0.1423 = 0.1029 + -0.2728 + 0.0289 + -0.0014, time: 25.868069]
2023-09-03 14:28:24.286: epoch 158:	0.04479975  	0.09788145  	0.08194510  
2023-09-03 14:28:50.112: [iter 159 : loss : -0.1484 = 0.0985 + -0.2747 + 0.0291 + -0.0014, time: 25.801320]
2023-09-03 14:28:50.755: epoch 159:	0.04478041  	0.09788653  	0.08192917  
2023-09-03 14:29:16.620: [iter 160 : loss : -0.1485 = 0.0993 + -0.2757 + 0.0293 + -0.0014, time: 25.843221]
2023-09-03 14:29:17.293: epoch 160:	0.04489007  	0.09826526  	0.08204371  
2023-09-03 14:29:17.293: Find a better model.
2023-09-03 14:29:43.201: [iter 161 : loss : -0.1494 = 0.1001 + -0.2776 + 0.0296 + -0.0014, time: 25.871811]
2023-09-03 14:29:43.859: epoch 161:	0.04483842  	0.09825282  	0.08211654  
2023-09-03 14:30:09.672: [iter 162 : loss : -0.1516 = 0.0997 + -0.2796 + 0.0298 + -0.0014, time: 25.787238]
2023-09-03 14:30:10.321: epoch 162:	0.04488358  	0.09817487  	0.08218267  
2023-09-03 14:30:36.148: [iter 163 : loss : -0.1543 = 0.0985 + -0.2813 + 0.0300 + -0.0014, time: 25.801860]
2023-09-03 14:30:36.808: epoch 163:	0.04486423  	0.09833314  	0.08216707  
2023-09-03 14:30:36.808: Find a better model.
2023-09-03 14:31:02.747: [iter 164 : loss : -0.1552 = 0.0997 + -0.2836 + 0.0302 + -0.0014, time: 25.915027]
2023-09-03 14:31:03.395: epoch 164:	0.04496745  	0.09851518  	0.08246433  
2023-09-03 14:31:03.395: Find a better model.
2023-09-03 14:31:29.175: [iter 165 : loss : -0.1566 = 0.1000 + -0.2855 + 0.0304 + -0.0014, time: 25.753830]
2023-09-03 14:31:29.845: epoch 165:	0.04496744  	0.09851719  	0.08251524  
2023-09-03 14:31:29.845: Find a better model.
2023-09-03 14:31:55.752: [iter 166 : loss : -0.1587 = 0.0994 + -0.2872 + 0.0306 + -0.0014, time: 25.882451]
2023-09-03 14:31:56.418: epoch 166:	0.04503839  	0.09868122  	0.08273426  
2023-09-03 14:31:56.418: Find a better model.
2023-09-03 14:32:22.313: [iter 167 : loss : -0.1581 = 0.1015 + -0.2890 + 0.0308 + -0.0014, time: 25.869046]
2023-09-03 14:32:22.976: epoch 167:	0.04505131  	0.09869183  	0.08284725  
2023-09-03 14:32:22.976: Find a better model.
2023-09-03 14:32:48.879: [iter 168 : loss : -0.1616 = 0.0994 + -0.2906 + 0.0310 + -0.0014, time: 25.878212]
2023-09-03 14:32:49.599: epoch 168:	0.04509000  	0.09887978  	0.08295258  
2023-09-03 14:32:49.599: Find a better model.
2023-09-03 14:33:15.410: [iter 169 : loss : -0.1593 = 0.1036 + -0.2927 + 0.0312 + -0.0015, time: 25.789739]
2023-09-03 14:33:16.091: epoch 169:	0.04522549  	0.09896730  	0.08308499  
2023-09-03 14:33:16.092: Find a better model.
2023-09-03 14:33:42.179: [iter 170 : loss : -0.1652 = 0.0986 + -0.2938 + 0.0314 + -0.0015, time: 26.056390]
2023-09-03 14:33:42.860: epoch 170:	0.04521258  	0.09893025  	0.08301044  
2023-09-03 14:34:08.740: [iter 171 : loss : -0.1656 = 0.1000 + -0.2958 + 0.0316 + -0.0015, time: 25.854169]
2023-09-03 14:34:09.372: epoch 171:	0.04528999  	0.09915099  	0.08308139  
2023-09-03 14:34:09.372: Find a better model.
2023-09-03 14:34:35.074: [iter 172 : loss : -0.1683 = 0.0989 + -0.2975 + 0.0318 + -0.0015, time: 25.673749]
2023-09-03 14:34:35.698: epoch 172:	0.04538677  	0.09934187  	0.08315240  
2023-09-03 14:34:35.699: Find a better model.
2023-09-03 14:35:01.678: [iter 173 : loss : -0.1679 = 0.1009 + -0.2993 + 0.0320 + -0.0015, time: 25.954033]
2023-09-03 14:35:02.337: epoch 173:	0.04532225  	0.09926720  	0.08316026  
2023-09-03 14:35:28.201: [iter 174 : loss : -0.1717 = 0.0990 + -0.3014 + 0.0322 + -0.0015, time: 25.841468]
2023-09-03 14:35:28.893: epoch 174:	0.04535452  	0.09926027  	0.08316316  
2023-09-03 14:35:54.650: [iter 175 : loss : -0.1690 = 0.1030 + -0.3029 + 0.0324 + -0.0015, time: 25.732116]
2023-09-03 14:35:55.307: epoch 175:	0.04537386  	0.09925933  	0.08322347  
2023-09-03 14:36:21.200: [iter 176 : loss : -0.1735 = 0.0998 + -0.3045 + 0.0326 + -0.0015, time: 25.868871]
2023-09-03 14:36:21.837: epoch 176:	0.04541256  	0.09948727  	0.08347192  
2023-09-03 14:36:21.837: Find a better model.
2023-09-03 14:36:47.835: [iter 177 : loss : -0.1723 = 0.1025 + -0.3061 + 0.0328 + -0.0015, time: 25.965973]
2023-09-03 14:36:48.488: epoch 177:	0.04542544  	0.09939207  	0.08341486  
2023-09-03 14:37:14.456: [iter 178 : loss : -0.1791 = 0.0972 + -0.3078 + 0.0330 + -0.0015, time: 25.939099]
2023-09-03 14:37:15.151: epoch 178:	0.04549643  	0.09946805  	0.08342848  
2023-09-03 14:37:41.168: [iter 179 : loss : -0.1767 = 0.1008 + -0.3092 + 0.0332 + -0.0015, time: 25.984166]
2023-09-03 14:37:41.797: epoch 179:	0.04568997  	0.09996168  	0.08363721  
2023-09-03 14:37:41.797: Find a better model.
2023-09-03 14:38:07.837: [iter 180 : loss : -0.1763 = 0.1028 + -0.3110 + 0.0334 + -0.0015, time: 26.003691]
2023-09-03 14:38:08.457: epoch 180:	0.04567061  	0.09989248  	0.08366658  
2023-09-03 14:38:34.198: [iter 181 : loss : -0.1788 = 0.1019 + -0.3128 + 0.0336 + -0.0016, time: 25.713626]
2023-09-03 14:38:34.833: epoch 181:	0.04567062  	0.10003765  	0.08377050  
2023-09-03 14:38:34.833: Find a better model.
2023-09-03 14:39:00.647: [iter 182 : loss : -0.1814 = 0.1007 + -0.3144 + 0.0338 + -0.0016, time: 25.789052]
2023-09-03 14:39:01.268: epoch 182:	0.04560610  	0.09974859  	0.08357098  
2023-09-03 14:39:27.106: [iter 183 : loss : -0.1838 = 0.1001 + -0.3164 + 0.0341 + -0.0016, time: 25.812119]
2023-09-03 14:39:27.787: epoch 183:	0.04568997  	0.09992796  	0.08367470  
2023-09-03 14:39:53.583: [iter 184 : loss : -0.1845 = 0.0999 + -0.3171 + 0.0343 + -0.0016, time: 25.769562]
2023-09-03 14:39:54.234: epoch 184:	0.04590932  	0.10044748  	0.08402692  
2023-09-03 14:39:54.234: Find a better model.
2023-09-03 14:40:19.985: [iter 185 : loss : -0.1871 = 0.0995 + -0.3195 + 0.0345 + -0.0016, time: 25.728195]
2023-09-03 14:40:20.692: epoch 185:	0.04582541  	0.10035840  	0.08393972  
2023-09-03 14:40:46.632: [iter 186 : loss : -0.1871 = 0.1005 + -0.3206 + 0.0347 + -0.0016, time: 25.915682]
2023-09-03 14:40:47.331: epoch 186:	0.04582543  	0.10029879  	0.08400802  
2023-09-03 14:41:13.367: [iter 187 : loss : -0.1885 = 0.1005 + -0.3222 + 0.0349 + -0.0016, time: 26.003704]
2023-09-03 14:41:14.022: epoch 187:	0.04589637  	0.10035323  	0.08402135  
2023-09-03 14:41:39.684: [iter 188 : loss : -0.1874 = 0.1034 + -0.3242 + 0.0351 + -0.0016, time: 25.636409]
2023-09-03 14:41:40.301: epoch 188:	0.04595445  	0.10050175  	0.08415545  
2023-09-03 14:41:40.301: Find a better model.
2023-09-03 14:42:06.130: [iter 189 : loss : -0.1920 = 0.1001 + -0.3257 + 0.0353 + -0.0016, time: 25.804009]
2023-09-03 14:42:06.749: epoch 189:	0.04579961  	0.10001423  	0.08403701  
2023-09-03 14:42:32.526: [iter 190 : loss : -0.1954 = 0.0979 + -0.3272 + 0.0355 + -0.0016, time: 25.741600]
2023-09-03 14:42:33.165: epoch 190:	0.04597381  	0.10036393  	0.08416403  
2023-09-03 14:42:58.582: [iter 191 : loss : -0.1943 = 0.1006 + -0.3289 + 0.0357 + -0.0016, time: 25.392600]
2023-09-03 14:42:59.273: epoch 191:	0.04603834  	0.10050226  	0.08423878  
2023-09-03 14:42:59.274: Find a better model.
2023-09-03 14:43:25.470: [iter 192 : loss : -0.1936 = 0.1022 + -0.3300 + 0.0359 + -0.0016, time: 26.169976]
2023-09-03 14:43:26.182: epoch 192:	0.04625121  	0.10092651  	0.08439832  
2023-09-03 14:43:26.182: Find a better model.
2023-09-03 14:43:52.341: [iter 193 : loss : -0.1983 = 0.0995 + -0.3323 + 0.0361 + -0.0017, time: 26.131899]
2023-09-03 14:43:52.993: epoch 193:	0.04612864  	0.10072776  	0.08425555  
2023-09-03 14:44:19.006: [iter 194 : loss : -0.1976 = 0.1017 + -0.3340 + 0.0363 + -0.0017, time: 25.986310]
2023-09-03 14:44:19.665: epoch 194:	0.04626411  	0.10107793  	0.08456670  
2023-09-03 14:44:19.666: Find a better model.
2023-09-03 14:44:45.587: [iter 195 : loss : -0.2023 = 0.0983 + -0.3354 + 0.0365 + -0.0017, time: 25.898869]
2023-09-03 14:44:46.290: epoch 195:	0.04632216  	0.10132609  	0.08480928  
2023-09-03 14:44:46.290: Find a better model.
2023-09-03 14:45:12.326: [iter 196 : loss : -0.2023 = 0.1001 + -0.3375 + 0.0367 + -0.0017, time: 25.996805]
2023-09-03 14:45:13.033: epoch 196:	0.04619961  	0.10099926  	0.08475334  
2023-09-03 14:45:38.575: [iter 197 : loss : -0.2054 = 0.0979 + -0.3385 + 0.0369 + -0.0017, time: 25.509375]
2023-09-03 14:45:39.218: epoch 197:	0.04627054  	0.10123907  	0.08479629  
2023-09-03 14:46:04.769: [iter 198 : loss : -0.2031 = 0.1020 + -0.3405 + 0.0371 + -0.0017, time: 25.529497]
2023-09-03 14:46:05.442: epoch 198:	0.04632215  	0.10130574  	0.08494841  
2023-09-03 14:46:31.317: [iter 199 : loss : -0.2032 = 0.1027 + -0.3416 + 0.0373 + -0.0017, time: 25.845886]
2023-09-03 14:46:31.970: epoch 199:	0.04640604  	0.10159960  	0.08494536  
2023-09-03 14:46:31.970: Find a better model.
2023-09-03 14:46:57.828: [iter 200 : loss : -0.2053 = 0.1018 + -0.3430 + 0.0375 + -0.0017, time: 25.828339]
2023-09-03 14:46:58.499: epoch 200:	0.04638670  	0.10151234  	0.08481921  
2023-09-03 14:46:58.499: best_result@epoch 199:

2023-09-03 14:46:58.499: 		0.0464      	0.1016      	0.0849      
