2023-09-02 13:50:43.843: my pid: 32803
2023-09-02 13:50:43.844: model: model.general_recommender.GNNEC
2023-09-02 13:50:43.844: Dataset statistics:
Name: yelp
The number of users: 7750
The number of items: 28918
The number of ratings: 750318
Average actions of users: 96.82
Average actions of items: 25.95
The sparsity of the dataset: 99.665208%

The number of training: 678579
The number of validation: 0
The number of testing: 71739
2023-09-02 13:50:43.844: NeuRec:[NeuRec]:
recommender=GNNEC
dataset=yelp
file_column=UI
sep=','
gpu_id=0
gpu_mem=0.99
metric=["Precision", "Recall", "NDCG"]
top_k=[20]
test_thread=8
test_batch_size=128
seed=2021
start_testing_epoch=0

GNNEC:[hyperparameters]:
mf_reg=1e-4
svd_q=5
aug_type=ND
reg=1e-4
embed_size=64
n_layers=2
ssl_reg=0.02
ssl_ratio=0.1
ssl_temp=0.8
ssl_mode=both_side
lr=1e-3
learner=adam
adj_type=pre
epochs=200
batch_size=2048
num_negatives=1
param_init=xavier_uniform
stddev=0.01
verbose=1
stop_cnt=10
pretrain_flag=0
save_flag=0

Command line:
recommender=GNNEC
dataset=yelp
epochs=200
n_layers=2
embed_size=64
batch_size=2048
lr=1e-3
aug_type=ND
reg=1e-4
ssl_reg=0.02
ssl_ratio=0.1
ssl_temp=0.8
mf_reg=1e-4
svd_q=5
2023-09-02 13:50:48.353: metrics:	Precision@20	Recall@20   	NDCG@20     
2023-09-02 13:51:15.306: [iter 1 : loss : 0.7542 = 0.4473 + 0.3053 + 0.0001 + 0.0015, time: 26.953260]
2023-09-02 13:51:15.973: epoch 1:	0.02534245  	0.05467591  	0.04664097  
2023-09-02 13:51:15.973: Find a better model.
2023-09-02 13:51:42.115: [iter 2 : loss : 0.4863 = 0.2466 + 0.2380 + 0.0004 + 0.0012, time: 26.117563]
2023-09-02 13:51:42.755: epoch 2:	0.02525858  	0.05438313  	0.04634000  
2023-09-02 13:52:08.813: [iter 3 : loss : 0.4486 = 0.2270 + 0.2199 + 0.0006 + 0.0011, time: 26.022454]
2023-09-02 13:52:09.478: epoch 3:	0.02529085  	0.05455954  	0.04641082  
2023-09-02 13:52:35.632: [iter 4 : loss : 0.4267 = 0.2153 + 0.2096 + 0.0007 + 0.0011, time: 26.122134]
2023-09-02 13:52:36.315: epoch 4:	0.02572311  	0.05559807  	0.04682968  
2023-09-02 13:52:36.315: Find a better model.
2023-09-02 13:53:02.597: [iter 5 : loss : 0.4088 = 0.2054 + 0.2016 + 0.0008 + 0.0010, time: 26.252231]
2023-09-02 13:53:03.295: epoch 5:	0.02616830  	0.05650179  	0.04756264  
2023-09-02 13:53:03.295: Find a better model.
2023-09-02 13:53:29.609: [iter 6 : loss : 0.3932 = 0.1964 + 0.1949 + 0.0009 + 0.0010, time: 26.286785]
2023-09-02 13:53:30.264: epoch 6:	0.02647154  	0.05713740  	0.04787230  
2023-09-02 13:53:30.264: Find a better model.
2023-09-02 13:53:56.571: [iter 7 : loss : 0.3755 = 0.1851 + 0.1884 + 0.0010 + 0.0010, time: 26.284290]
2023-09-02 13:53:57.235: epoch 7:	0.02663928  	0.05747272  	0.04845598  
2023-09-02 13:53:57.235: Find a better model.
2023-09-02 13:54:23.709: [iter 8 : loss : 0.3621 = 0.1774 + 0.1827 + 0.0011 + 0.0009, time: 26.441397]
2023-09-02 13:54:24.332: epoch 8:	0.02690382  	0.05816085  	0.04897606  
2023-09-02 13:54:24.332: Find a better model.
2023-09-02 13:54:50.712: [iter 9 : loss : 0.3518 = 0.1722 + 0.1775 + 0.0012 + 0.0009, time: 26.343652]
2023-09-02 13:54:51.382: epoch 9:	0.02721350  	0.05884121  	0.04943476  
2023-09-02 13:54:51.382: Find a better model.
2023-09-02 13:55:17.773: [iter 10 : loss : 0.3413 = 0.1665 + 0.1725 + 0.0013 + 0.0009, time: 26.355734]
2023-09-02 13:55:18.430: epoch 10:	0.02743286  	0.05910301  	0.04953780  
2023-09-02 13:55:18.430: Find a better model.
2023-09-02 13:55:44.714: [iter 11 : loss : 0.3326 = 0.1621 + 0.1682 + 0.0015 + 0.0009, time: 26.252825]
2023-09-02 13:55:45.370: epoch 11:	0.02772318  	0.06004382  	0.05015197  
2023-09-02 13:55:45.370: Find a better model.
2023-09-02 13:56:11.537: [iter 12 : loss : 0.3240 = 0.1580 + 0.1636 + 0.0016 + 0.0008, time: 26.141332]
2023-09-02 13:56:12.185: epoch 12:	0.02792964  	0.06027659  	0.05048967  
2023-09-02 13:56:12.185: Find a better model.
2023-09-02 13:56:38.430: [iter 13 : loss : 0.3172 = 0.1551 + 0.1596 + 0.0017 + 0.0008, time: 26.220011]
2023-09-02 13:56:39.073: epoch 13:	0.02814256  	0.06065356  	0.05093032  
2023-09-02 13:56:39.073: Find a better model.
2023-09-02 13:57:05.251: [iter 14 : loss : 0.3077 = 0.1497 + 0.1553 + 0.0018 + 0.0008, time: 26.146959]
2023-09-02 13:57:05.929: epoch 14:	0.02851676  	0.06155913  	0.05142029  
2023-09-02 13:57:05.929: Find a better model.
2023-09-02 13:57:32.250: [iter 15 : loss : 0.3032 = 0.1490 + 0.1515 + 0.0019 + 0.0008, time: 26.291729]
2023-09-02 13:57:32.893: epoch 15:	0.02856194  	0.06165768  	0.05144191  
2023-09-02 13:57:32.893: Find a better model.
2023-09-02 13:57:59.119: [iter 16 : loss : 0.2969 = 0.1464 + 0.1477 + 0.0020 + 0.0008, time: 26.198414]
2023-09-02 13:57:59.791: epoch 16:	0.02876195  	0.06207648  	0.05169835  
2023-09-02 13:57:59.791: Find a better model.
2023-09-02 13:58:25.992: [iter 17 : loss : 0.2890 = 0.1422 + 0.1439 + 0.0022 + 0.0007, time: 26.166334]
2023-09-02 13:58:26.657: epoch 17:	0.02881356  	0.06222995  	0.05203382  
2023-09-02 13:58:26.658: Find a better model.
2023-09-02 13:58:52.939: [iter 18 : loss : 0.2842 = 0.1412 + 0.1400 + 0.0023 + 0.0007, time: 26.240762]
2023-09-02 13:58:53.602: epoch 18:	0.02914260  	0.06316813  	0.05246403  
2023-09-02 13:58:53.603: Find a better model.
2023-09-02 13:59:20.098: [iter 19 : loss : 0.2766 = 0.1373 + 0.1362 + 0.0024 + 0.0007, time: 26.457340]
2023-09-02 13:59:20.756: epoch 19:	0.02923937  	0.06333071  	0.05277739  
2023-09-02 13:59:20.756: Find a better model.
2023-09-02 13:59:46.904: [iter 20 : loss : 0.2713 = 0.1355 + 0.1325 + 0.0025 + 0.0007, time: 26.118474]
2023-09-02 13:59:47.542: epoch 20:	0.02952324  	0.06391556  	0.05323740  
2023-09-02 13:59:47.543: Find a better model.
2023-09-02 14:00:13.861: [iter 21 : loss : 0.2635 = 0.1318 + 0.1284 + 0.0027 + 0.0007, time: 26.289202]
2023-09-02 14:00:14.507: epoch 21:	0.02995555  	0.06499944  	0.05397688  
2023-09-02 14:00:14.507: Find a better model.
2023-09-02 14:00:40.537: [iter 22 : loss : 0.2582 = 0.1300 + 0.1247 + 0.0028 + 0.0006, time: 26.008231]
2023-09-02 14:00:41.187: epoch 22:	0.03030392  	0.06562410  	0.05459605  
2023-09-02 14:00:41.187: Find a better model.
2023-09-02 14:01:07.140: [iter 23 : loss : 0.2521 = 0.1278 + 0.1207 + 0.0029 + 0.0006, time: 25.926924]
2023-09-02 14:01:07.784: epoch 23:	0.03068459  	0.06642033  	0.05506422  
2023-09-02 14:01:07.784: Find a better model.
2023-09-02 14:01:33.674: [iter 24 : loss : 0.2482 = 0.1275 + 0.1170 + 0.0031 + 0.0006, time: 25.863945]
2023-09-02 14:01:34.339: epoch 24:	0.03064589  	0.06644166  	0.05524365  
2023-09-02 14:01:34.339: Find a better model.
2023-09-02 14:02:00.298: [iter 25 : loss : 0.2421 = 0.1247 + 0.1136 + 0.0032 + 0.0006, time: 25.937827]
2023-09-02 14:02:01.013: epoch 25:	0.03087170  	0.06707389  	0.05563303  
2023-09-02 14:02:01.014: Find a better model.
2023-09-02 14:02:27.071: [iter 26 : loss : 0.2367 = 0.1230 + 0.1098 + 0.0033 + 0.0006, time: 26.031212]
2023-09-02 14:02:27.729: epoch 26:	0.03120721  	0.06782687  	0.05622270  
2023-09-02 14:02:27.729: Find a better model.
2023-09-02 14:02:53.733: [iter 27 : loss : 0.2296 = 0.1196 + 0.1060 + 0.0035 + 0.0005, time: 25.983851]
2023-09-02 14:02:54.416: epoch 27:	0.03139430  	0.06827227  	0.05658642  
2023-09-02 14:02:54.416: Find a better model.
2023-09-02 14:03:20.470: [iter 28 : loss : 0.2261 = 0.1198 + 0.1021 + 0.0036 + 0.0005, time: 26.029730]
2023-09-02 14:03:21.169: epoch 28:	0.03172979  	0.06907941  	0.05721151  
2023-09-02 14:03:21.169: Find a better model.
2023-09-02 14:03:47.217: [iter 29 : loss : 0.2213 = 0.1186 + 0.0984 + 0.0038 + 0.0005, time: 26.014570]
2023-09-02 14:03:47.940: epoch 29:	0.03212335  	0.06994643  	0.05777900  
2023-09-02 14:03:47.940: Find a better model.
2023-09-02 14:04:13.705: [iter 30 : loss : 0.2163 = 0.1169 + 0.0950 + 0.0039 + 0.0005, time: 25.741516]
2023-09-02 14:04:14.433: epoch 30:	0.03265238  	0.07121202  	0.05859045  
2023-09-02 14:04:14.433: Find a better model.
2023-09-02 14:04:40.510: [iter 31 : loss : 0.2114 = 0.1156 + 0.0912 + 0.0041 + 0.0005, time: 26.044823]
2023-09-02 14:04:41.138: epoch 31:	0.03296208  	0.07178203  	0.05905641  
2023-09-02 14:04:41.138: Find a better model.
2023-09-02 14:05:07.273: [iter 32 : loss : 0.2052 = 0.1133 + 0.0873 + 0.0042 + 0.0004, time: 26.111325]
2023-09-02 14:05:08.019: epoch 32:	0.03300080  	0.07207214  	0.05936499  
2023-09-02 14:05:08.020: Find a better model.
2023-09-02 14:05:34.157: [iter 33 : loss : 0.2005 = 0.1122 + 0.0835 + 0.0044 + 0.0004, time: 26.108321]
2023-09-02 14:05:34.831: epoch 33:	0.03331690  	0.07274943  	0.05981314  
2023-09-02 14:05:34.831: Find a better model.
2023-09-02 14:06:00.880: [iter 34 : loss : 0.1964 = 0.1116 + 0.0798 + 0.0045 + 0.0004, time: 26.021497]
2023-09-02 14:06:01.543: epoch 34:	0.03359429  	0.07343514  	0.06042672  
2023-09-02 14:06:01.543: Find a better model.
2023-09-02 14:06:27.443: [iter 35 : loss : 0.1927 = 0.1112 + 0.0764 + 0.0047 + 0.0004, time: 25.869655]
2023-09-02 14:06:28.085: epoch 35:	0.03398137  	0.07420317  	0.06103027  
2023-09-02 14:06:28.085: Find a better model.
2023-09-02 14:06:54.153: [iter 36 : loss : 0.1876 = 0.1100 + 0.0724 + 0.0049 + 0.0004, time: 26.044944]
2023-09-02 14:06:54.842: epoch 36:	0.03402653  	0.07416202  	0.06120035  
2023-09-02 14:07:20.896: [iter 37 : loss : 0.1828 = 0.1083 + 0.0691 + 0.0050 + 0.0004, time: 26.031706]
2023-09-02 14:07:21.587: epoch 37:	0.03440714  	0.07516685  	0.06182834  
2023-09-02 14:07:21.588: Find a better model.
2023-09-02 14:07:47.454: [iter 38 : loss : 0.1781 = 0.1068 + 0.0658 + 0.0052 + 0.0003, time: 25.837106]
2023-09-02 14:07:48.081: epoch 38:	0.03462647  	0.07544629  	0.06226257  
2023-09-02 14:07:48.081: Find a better model.
2023-09-02 14:08:13.633: [iter 39 : loss : 0.1739 = 0.1063 + 0.0619 + 0.0053 + 0.0003, time: 25.530145]
2023-09-02 14:08:14.265: epoch 39:	0.03483287  	0.07594121  	0.06271315  
2023-09-02 14:08:14.265: Find a better model.
2023-09-02 14:08:39.705: [iter 40 : loss : 0.1699 = 0.1060 + 0.0581 + 0.0055 + 0.0003, time: 25.415658]
2023-09-02 14:08:40.366: epoch 40:	0.03507801  	0.07638189  	0.06300559  
2023-09-02 14:08:40.366: Find a better model.
2023-09-02 14:09:06.304: [iter 41 : loss : 0.1643 = 0.1039 + 0.0544 + 0.0057 + 0.0003, time: 25.910186]
2023-09-02 14:09:06.929: epoch 41:	0.03522640  	0.07672330  	0.06345915  
2023-09-02 14:09:06.930: Find a better model.
2023-09-02 14:09:32.790: [iter 42 : loss : 0.1608 = 0.1035 + 0.0511 + 0.0058 + 0.0003, time: 25.839357]
2023-09-02 14:09:33.427: epoch 42:	0.03554893  	0.07741342  	0.06391566  
2023-09-02 14:09:33.427: Find a better model.
2023-09-02 14:09:59.344: [iter 43 : loss : 0.1572 = 0.1036 + 0.0473 + 0.0060 + 0.0002, time: 25.889001]
2023-09-02 14:10:00.052: epoch 43:	0.03587792  	0.07821263  	0.06438830  
2023-09-02 14:10:00.052: Find a better model.
2023-09-02 14:10:26.054: [iter 44 : loss : 0.1530 = 0.1029 + 0.0437 + 0.0062 + 0.0002, time: 25.966939]
2023-09-02 14:10:26.722: epoch 44:	0.03607792  	0.07858203  	0.06483691  
2023-09-02 14:10:26.723: Find a better model.
2023-09-02 14:10:52.823: [iter 45 : loss : 0.1495 = 0.1026 + 0.0403 + 0.0064 + 0.0002, time: 26.076404]
2023-09-02 14:10:53.542: epoch 45:	0.03630370  	0.07918502  	0.06536213  
2023-09-02 14:10:53.542: Find a better model.
2023-09-02 14:11:19.254: [iter 46 : loss : 0.1464 = 0.1028 + 0.0369 + 0.0065 + 0.0002, time: 25.682513]
2023-09-02 14:11:19.955: epoch 46:	0.03648432  	0.07953919  	0.06563528  
2023-09-02 14:11:19.956: Find a better model.
2023-09-02 14:11:45.722: [iter 47 : loss : 0.1403 = 0.1002 + 0.0332 + 0.0067 + 0.0002, time: 25.741191]
2023-09-02 14:11:46.417: epoch 47:	0.03668429  	0.07994469  	0.06609745  
2023-09-02 14:11:46.417: Find a better model.
2023-09-02 14:12:12.394: [iter 48 : loss : 0.1381 = 0.1012 + 0.0299 + 0.0069 + 0.0002, time: 25.953123]
2023-09-02 14:12:13.077: epoch 48:	0.03684558  	0.08038209  	0.06662479  
2023-09-02 14:12:13.077: Find a better model.
2023-09-02 14:12:39.034: [iter 49 : loss : 0.1337 = 0.1002 + 0.0263 + 0.0070 + 0.0001, time: 25.930541]
2023-09-02 14:12:39.716: epoch 49:	0.03712942  	0.08088206  	0.06705349  
2023-09-02 14:12:39.716: Find a better model.
2023-09-02 14:13:05.965: [iter 50 : loss : 0.1306 = 0.1001 + 0.0231 + 0.0072 + 0.0001, time: 26.224280]
2023-09-02 14:13:06.606: epoch 50:	0.03740034  	0.08153183  	0.06751434  
2023-09-02 14:13:06.606: Find a better model.
2023-09-02 14:13:32.895: [iter 51 : loss : 0.1273 = 0.1000 + 0.0197 + 0.0074 + 0.0001, time: 26.260860]
2023-09-02 14:13:33.543: epoch 51:	0.03757454  	0.08192359  	0.06778118  
2023-09-02 14:13:33.543: Find a better model.
2023-09-02 14:13:59.898: [iter 52 : loss : 0.1239 = 0.0998 + 0.0164 + 0.0076 + 0.0001, time: 26.328239]
2023-09-02 14:14:00.500: epoch 52:	0.03769063  	0.08232076  	0.06814146  
2023-09-02 14:14:00.500: Find a better model.
2023-09-02 14:14:26.448: [iter 53 : loss : 0.1202 = 0.0993 + 0.0131 + 0.0078 + 0.0001, time: 25.920174]
2023-09-02 14:14:27.151: epoch 53:	0.03798739  	0.08274154  	0.06851527  
2023-09-02 14:14:27.151: Find a better model.
2023-09-02 14:14:53.510: [iter 54 : loss : 0.1165 = 0.0984 + 0.0101 + 0.0079 + 0.0001, time: 26.334876]
2023-09-02 14:14:54.192: epoch 54:	0.03809704  	0.08314107  	0.06899802  
2023-09-02 14:14:54.192: Find a better model.
2023-09-02 14:15:19.956: [iter 55 : loss : 0.1134 = 0.0988 + 0.0065 + 0.0081 + 0.0000, time: 25.734120]
2023-09-02 14:15:20.571: epoch 55:	0.03807125  	0.08295386  	0.06915354  
2023-09-02 14:15:46.359: [iter 56 : loss : 0.1104 = 0.0988 + 0.0032 + 0.0083 + 0.0000, time: 25.759633]
2023-09-02 14:15:46.985: epoch 56:	0.03829703  	0.08344900  	0.06948564  
2023-09-02 14:15:46.985: Find a better model.
2023-09-02 14:16:13.138: [iter 57 : loss : 0.1068 = 0.0983 + 0.0001 + 0.0085 + 0.0000, time: 26.128076]
2023-09-02 14:16:13.780: epoch 57:	0.03851636  	0.08390329  	0.06986517  
2023-09-02 14:16:13.780: Find a better model.
2023-09-02 14:16:39.744: [iter 58 : loss : 0.1055 = 0.0995 + -0.0027 + 0.0086 + -0.0000, time: 25.935254]
2023-09-02 14:16:40.385: epoch 58:	0.03876797  	0.08457012  	0.07032297  
2023-09-02 14:16:40.385: Find a better model.
2023-09-02 14:17:06.415: [iter 59 : loss : 0.1006 = 0.0983 + -0.0065 + 0.0088 + -0.0000, time: 26.004218]
2023-09-02 14:17:07.081: epoch 59:	0.03892922  	0.08485729  	0.07062306  
2023-09-02 14:17:07.081: Find a better model.
2023-09-02 14:17:33.329: [iter 60 : loss : 0.0982 = 0.0982 + -0.0090 + 0.0090 + -0.0000, time: 26.208811]
2023-09-02 14:17:33.974: epoch 60:	0.03897439  	0.08489882  	0.07084961  
2023-09-02 14:17:33.974: Find a better model.
2023-09-02 14:17:59.916: [iter 61 : loss : 0.0945 = 0.0978 + -0.0125 + 0.0092 + -0.0000, time: 25.910878]
2023-09-02 14:18:00.579: epoch 61:	0.03913564  	0.08524592  	0.07097911  
2023-09-02 14:18:00.579: Find a better model.
2023-09-02 14:18:27.134: [iter 62 : loss : 0.0924 = 0.0985 + -0.0155 + 0.0094 + -0.0001, time: 26.517831]
2023-09-02 14:18:27.758: epoch 62:	0.03943886  	0.08593844  	0.07137509  
2023-09-02 14:18:27.758: Find a better model.
2023-09-02 14:18:54.145: [iter 63 : loss : 0.0880 = 0.0971 + -0.0185 + 0.0096 + -0.0001, time: 26.360365]
2023-09-02 14:18:54.860: epoch 63:	0.03977431  	0.08669387  	0.07185035  
2023-09-02 14:18:54.860: Find a better model.
2023-09-02 14:19:20.986: [iter 64 : loss : 0.0848 = 0.0967 + -0.0215 + 0.0097 + -0.0001, time: 26.098346]
2023-09-02 14:19:21.641: epoch 64:	0.03980014  	0.08677473  	0.07191678  
2023-09-02 14:19:21.642: Find a better model.
2023-09-02 14:19:47.916: [iter 65 : loss : 0.0831 = 0.0978 + -0.0245 + 0.0099 + -0.0001, time: 26.245399]
2023-09-02 14:19:48.563: epoch 65:	0.03984531  	0.08669929  	0.07204160  
2023-09-02 14:20:14.789: [iter 66 : loss : 0.0778 = 0.0956 + -0.0278 + 0.0101 + -0.0001, time: 26.194801]
2023-09-02 14:20:15.428: epoch 66:	0.04002593  	0.08727410  	0.07235582  
2023-09-02 14:20:15.428: Find a better model.
2023-09-02 14:20:41.262: [iter 67 : loss : 0.0756 = 0.0962 + -0.0308 + 0.0103 + -0.0001, time: 25.794100]
2023-09-02 14:20:41.907: epoch 67:	0.04007752  	0.08746482  	0.07248189  
2023-09-02 14:20:41.907: Find a better model.
2023-09-02 14:21:08.124: [iter 68 : loss : 0.0739 = 0.0972 + -0.0336 + 0.0105 + -0.0002, time: 26.190646]
2023-09-02 14:21:08.794: epoch 68:	0.04031622  	0.08799061  	0.07284284  
2023-09-02 14:21:08.794: Find a better model.
2023-09-02 14:21:34.632: [iter 69 : loss : 0.0715 = 0.0978 + -0.0368 + 0.0107 + -0.0002, time: 25.797743]
2023-09-02 14:21:35.314: epoch 69:	0.04028394  	0.08777077  	0.07275236  
2023-09-02 14:22:01.190: [iter 70 : loss : 0.0687 = 0.0973 + -0.0392 + 0.0109 + -0.0002, time: 25.838933]
2023-09-02 14:22:01.851: epoch 70:	0.04052265  	0.08835959  	0.07320183  
2023-09-02 14:22:01.851: Find a better model.
2023-09-02 14:22:28.184: [iter 71 : loss : 0.0644 = 0.0959 + -0.0424 + 0.0111 + -0.0002, time: 26.310842]
2023-09-02 14:22:28.823: epoch 71:	0.04058718  	0.08861473  	0.07345760  
2023-09-02 14:22:28.823: Find a better model.
2023-09-02 14:22:54.815: [iter 72 : loss : 0.0622 = 0.0969 + -0.0457 + 0.0112 + -0.0002, time: 25.961542]
2023-09-02 14:22:55.471: epoch 72:	0.04075488  	0.08892791  	0.07360835  
2023-09-02 14:22:55.471: Find a better model.
2023-09-02 14:23:21.667: [iter 73 : loss : 0.0586 = 0.0956 + -0.0483 + 0.0114 + -0.0002, time: 26.165402]
2023-09-02 14:23:22.331: epoch 73:	0.04072261  	0.08899853  	0.07372914  
2023-09-02 14:23:22.331: Find a better model.
2023-09-02 14:23:48.475: [iter 74 : loss : 0.0558 = 0.0958 + -0.0514 + 0.0116 + -0.0002, time: 26.106100]
2023-09-02 14:23:49.156: epoch 74:	0.04101292  	0.08983228  	0.07423227  
2023-09-02 14:23:49.156: Find a better model.
2023-09-02 14:24:15.369: [iter 75 : loss : 0.0537 = 0.0965 + -0.0544 + 0.0118 + -0.0003, time: 26.178240]
2023-09-02 14:24:16.048: epoch 75:	0.04110971  	0.08993300  	0.07427850  
2023-09-02 14:24:16.049: Find a better model.
2023-09-02 14:24:42.129: [iter 76 : loss : 0.0521 = 0.0970 + -0.0566 + 0.0120 + -0.0003, time: 26.041498]
2023-09-02 14:24:42.804: epoch 76:	0.04116772  	0.09010424  	0.07441591  
2023-09-02 14:24:42.804: Find a better model.
2023-09-02 14:25:08.983: [iter 77 : loss : 0.0480 = 0.0957 + -0.0596 + 0.0122 + -0.0003, time: 26.153990]
2023-09-02 14:25:09.590: epoch 77:	0.04110967  	0.09004059  	0.07437684  
2023-09-02 14:25:35.866: [iter 78 : loss : 0.0460 = 0.0964 + -0.0625 + 0.0124 + -0.0003, time: 26.249620]
2023-09-02 14:25:36.514: epoch 78:	0.04114840  	0.08994442  	0.07442693  
2023-09-02 14:26:02.555: [iter 79 : loss : 0.0422 = 0.0952 + -0.0653 + 0.0126 + -0.0003, time: 26.012161]
2023-09-02 14:26:03.300: epoch 79:	0.04131610  	0.09032281  	0.07480212  
2023-09-02 14:26:03.300: Find a better model.
2023-09-02 14:26:29.189: [iter 80 : loss : 0.0406 = 0.0962 + -0.0681 + 0.0128 + -0.0003, time: 25.858060]
2023-09-02 14:26:29.823: epoch 80:	0.04166444  	0.09121746  	0.07526353  
2023-09-02 14:26:29.824: Find a better model.
2023-09-02 14:26:55.947: [iter 81 : loss : 0.0376 = 0.0962 + -0.0712 + 0.0130 + -0.0003, time: 26.097545]
2023-09-02 14:26:56.583: epoch 81:	0.04160639  	0.09105658  	0.07532193  
2023-09-02 14:27:22.465: [iter 82 : loss : 0.0349 = 0.0958 + -0.0737 + 0.0132 + -0.0004, time: 25.859278]
2023-09-02 14:27:23.107: epoch 82:	0.04178703  	0.09129395  	0.07540447  
2023-09-02 14:27:23.107: Find a better model.
2023-09-02 14:27:49.146: [iter 83 : loss : 0.0324 = 0.0957 + -0.0763 + 0.0134 + -0.0004, time: 26.008913]
2023-09-02 14:27:49.853: epoch 83:	0.04192251  	0.09153505  	0.07558224  
2023-09-02 14:27:49.853: Find a better model.
2023-09-02 14:28:15.571: [iter 84 : loss : 0.0280 = 0.0937 + -0.0789 + 0.0136 + -0.0004, time: 25.692226]
2023-09-02 14:28:16.203: epoch 84:	0.04197410  	0.09156187  	0.07570265  
2023-09-02 14:28:16.203: Find a better model.
2023-09-02 14:28:42.024: [iter 85 : loss : 0.0272 = 0.0958 + -0.0820 + 0.0137 + -0.0004, time: 25.796310]
2023-09-02 14:28:42.685: epoch 85:	0.04180638  	0.09130134  	0.07568351  
2023-09-02 14:29:08.706: [iter 86 : loss : 0.0237 = 0.0946 + -0.0845 + 0.0139 + -0.0004, time: 25.990228]
2023-09-02 14:29:09.346: epoch 86:	0.04199992  	0.09170253  	0.07590847  
2023-09-02 14:29:09.347: Find a better model.
2023-09-02 14:29:35.098: [iter 87 : loss : 0.0220 = 0.0956 + -0.0873 + 0.0141 + -0.0004, time: 25.720403]
2023-09-02 14:29:35.765: epoch 87:	0.04201283  	0.09160537  	0.07606766  
2023-09-02 14:30:01.707: [iter 88 : loss : 0.0207 = 0.0968 + -0.0900 + 0.0143 + -0.0004, time: 25.916796]
2023-09-02 14:30:02.351: epoch 88:	0.04209022  	0.09197979  	0.07624553  
2023-09-02 14:30:02.351: Find a better model.
2023-09-02 14:30:28.250: [iter 89 : loss : 0.0177 = 0.0957 + -0.0920 + 0.0145 + -0.0004, time: 25.874166]
2023-09-02 14:30:28.876: epoch 89:	0.04221926  	0.09213302  	0.07649483  
2023-09-02 14:30:28.876: Find a better model.
2023-09-02 14:30:54.843: [iter 90 : loss : 0.0152 = 0.0957 + -0.0947 + 0.0147 + -0.0005, time: 25.938930]
2023-09-02 14:30:55.490: epoch 90:	0.04233536  	0.09246090  	0.07664273  
2023-09-02 14:30:55.490: Find a better model.
2023-09-02 14:31:21.314: [iter 91 : loss : 0.0134 = 0.0966 + -0.0977 + 0.0149 + -0.0005, time: 25.796400]
2023-09-02 14:31:21.958: epoch 91:	0.04244504  	0.09272551  	0.07690074  
2023-09-02 14:31:21.959: Find a better model.
2023-09-02 14:31:47.971: [iter 92 : loss : 0.0100 = 0.0954 + -0.0999 + 0.0151 + -0.0005, time: 25.986264]
2023-09-02 14:31:48.704: epoch 92:	0.04254180  	0.09283309  	0.07704539  
2023-09-02 14:31:48.704: Find a better model.
2023-09-02 14:32:14.589: [iter 93 : loss : 0.0074 = 0.0951 + -0.1025 + 0.0153 + -0.0005, time: 25.862601]
2023-09-02 14:32:15.287: epoch 93:	0.04247084  	0.09276598  	0.07704554  
2023-09-02 14:32:41.165: [iter 94 : loss : 0.0068 = 0.0973 + -0.1055 + 0.0155 + -0.0005, time: 25.850382]
2023-09-02 14:32:41.803: epoch 94:	0.04262568  	0.09298117  	0.07726812  
2023-09-02 14:32:41.803: Find a better model.
2023-09-02 14:33:07.561: [iter 95 : loss : 0.0026 = 0.0955 + -0.1080 + 0.0157 + -0.0005, time: 25.733264]
2023-09-02 14:33:08.228: epoch 95:	0.04257407  	0.09291741  	0.07738844  
2023-09-02 14:33:33.865: [iter 96 : loss : 0.0013 = 0.0963 + -0.1104 + 0.0159 + -0.0005, time: 25.611348]
2023-09-02 14:33:34.498: epoch 96:	0.04265147  	0.09284671  	0.07757259  
2023-09-02 14:34:00.211: [iter 97 : loss : 0.0003 = 0.0972 + -0.1125 + 0.0161 + -0.0006, time: 25.687471]
2023-09-02 14:34:00.847: epoch 97:	0.04275469  	0.09313246  	0.07766312  
2023-09-02 14:34:00.847: Find a better model.
2023-09-02 14:34:26.738: [iter 98 : loss : -0.0034 = 0.0963 + -0.1155 + 0.0163 + -0.0006, time: 25.860988]
2023-09-02 14:34:27.458: epoch 98:	0.04293533  	0.09357452  	0.07795072  
2023-09-02 14:34:27.458: Find a better model.
2023-09-02 14:34:53.309: [iter 99 : loss : -0.0081 = 0.0937 + -0.1177 + 0.0165 + -0.0006, time: 25.824116]
2023-09-02 14:34:54.038: epoch 99:	0.04301920  	0.09379917  	0.07815317  
2023-09-02 14:34:54.038: Find a better model.
2023-09-02 14:35:20.047: [iter 100 : loss : -0.0080 = 0.0960 + -0.1202 + 0.0167 + -0.0006, time: 25.975026]
2023-09-02 14:35:20.767: epoch 100:	0.04323208  	0.09437118  	0.07873420  
2023-09-02 14:35:20.767: Find a better model.
2023-09-02 14:35:46.431: [iter 101 : loss : -0.0133 = 0.0931 + -0.1227 + 0.0169 + -0.0006, time: 25.643007]
2023-09-02 14:35:47.077: epoch 101:	0.04333530  	0.09460270  	0.07878625  
2023-09-02 14:35:47.077: Find a better model.
2023-09-02 14:36:13.048: [iter 102 : loss : -0.0106 = 0.0982 + -0.1253 + 0.0171 + -0.0006, time: 25.950304]
2023-09-02 14:36:13.768: epoch 102:	0.04336108  	0.09467377  	0.07891911  
2023-09-02 14:36:13.768: Find a better model.
2023-09-02 14:36:39.722: [iter 103 : loss : -0.0142 = 0.0969 + -0.1277 + 0.0173 + -0.0006, time: 25.922192]
2023-09-02 14:36:40.382: epoch 103:	0.04332886  	0.09470002  	0.07896619  
2023-09-02 14:36:40.383: Find a better model.
2023-09-02 14:37:05.999: [iter 104 : loss : -0.0155 = 0.0973 + -0.1297 + 0.0175 + -0.0006, time: 25.593056]
2023-09-02 14:37:06.620: epoch 104:	0.04345142  	0.09498501  	0.07912375  
2023-09-02 14:37:06.620: Find a better model.
2023-09-02 14:37:32.333: [iter 105 : loss : -0.0205 = 0.0946 + -0.1322 + 0.0177 + -0.0006, time: 25.684022]
2023-09-02 14:37:32.944: epoch 105:	0.04354175  	0.09512468  	0.07920242  
2023-09-02 14:37:32.945: Find a better model.
2023-09-02 14:37:58.939: [iter 106 : loss : -0.0255 = 0.0920 + -0.1347 + 0.0179 + -0.0007, time: 25.964672]
2023-09-02 14:37:59.575: epoch 106:	0.04353530  	0.09495566  	0.07935078  
2023-09-02 14:38:25.480: [iter 107 : loss : -0.0253 = 0.0946 + -0.1373 + 0.0181 + -0.0007, time: 25.884264]
2023-09-02 14:38:26.198: epoch 107:	0.04350305  	0.09512924  	0.07943593  
2023-09-02 14:38:26.198: Find a better model.
2023-09-02 14:38:51.875: [iter 108 : loss : -0.0260 = 0.0958 + -0.1394 + 0.0183 + -0.0007, time: 25.655483]
2023-09-02 14:38:52.514: epoch 108:	0.04352884  	0.09506745  	0.07944027  
2023-09-02 14:39:18.330: [iter 109 : loss : -0.0295 = 0.0949 + -0.1422 + 0.0185 + -0.0007, time: 25.780460]
2023-09-02 14:39:18.962: epoch 109:	0.04357400  	0.09502157  	0.07959586  
2023-09-02 14:39:44.684: [iter 110 : loss : -0.0325 = 0.0938 + -0.1443 + 0.0187 + -0.0007, time: 25.695987]
2023-09-02 14:39:45.305: epoch 110:	0.04367726  	0.09544551  	0.07978795  
2023-09-02 14:39:45.305: Find a better model.
2023-09-02 14:40:11.033: [iter 111 : loss : -0.0356 = 0.0928 + -0.1466 + 0.0189 + -0.0007, time: 25.703786]
2023-09-02 14:40:11.637: epoch 111:	0.04391592  	0.09599825  	0.07998712  
2023-09-02 14:40:11.637: Find a better model.
2023-09-02 14:40:37.404: [iter 112 : loss : -0.0346 = 0.0957 + -0.1487 + 0.0191 + -0.0007, time: 25.746086]
2023-09-02 14:40:38.054: epoch 112:	0.04395464  	0.09617779  	0.08026608  
2023-09-02 14:40:38.054: Find a better model.
2023-09-02 14:41:04.029: [iter 113 : loss : -0.0354 = 0.0970 + -0.1509 + 0.0193 + -0.0007, time: 25.948922]
2023-09-02 14:41:04.748: epoch 113:	0.04412238  	0.09648763  	0.08050202  
2023-09-02 14:41:04.748: Find a better model.
2023-09-02 14:41:30.542: [iter 114 : loss : -0.0409 = 0.0935 + -0.1532 + 0.0195 + -0.0008, time: 25.771293]
2023-09-02 14:41:31.179: epoch 114:	0.04430298  	0.09686018  	0.08068976  
2023-09-02 14:41:31.179: Find a better model.
2023-09-02 14:41:57.303: [iter 115 : loss : -0.0412 = 0.0957 + -0.1559 + 0.0197 + -0.0008, time: 26.097827]
2023-09-02 14:41:58.043: epoch 115:	0.04427072  	0.09655785  	0.08071984  
2023-09-02 14:42:23.757: [iter 116 : loss : -0.0455 = 0.0933 + -0.1580 + 0.0199 + -0.0008, time: 25.690242]
2023-09-02 14:42:24.361: epoch 116:	0.04429009  	0.09662976  	0.08077936  
2023-09-02 14:42:50.758: [iter 117 : loss : -0.0469 = 0.0942 + -0.1605 + 0.0201 + -0.0008, time: 26.375312]
2023-09-02 14:42:51.383: epoch 117:	0.04436104  	0.09665444  	0.08092784  
2023-09-02 14:43:17.886: [iter 118 : loss : -0.0472 = 0.0954 + -0.1622 + 0.0203 + -0.0008, time: 26.476504]
2023-09-02 14:43:18.559: epoch 118:	0.04447070  	0.09703597  	0.08110815  
2023-09-02 14:43:18.559: Find a better model.
2023-09-02 14:43:44.786: [iter 119 : loss : -0.0513 = 0.0937 + -0.1647 + 0.0205 + -0.0008, time: 26.194273]
2023-09-02 14:43:45.434: epoch 119:	0.04447073  	0.09713992  	0.08118016  
2023-09-02 14:43:45.434: Find a better model.
2023-09-02 14:44:11.761: [iter 120 : loss : -0.0525 = 0.0946 + -0.1670 + 0.0207 + -0.0008, time: 26.300749]
2023-09-02 14:44:12.406: epoch 120:	0.04446423  	0.09705466  	0.08134285  
2023-09-02 14:44:38.759: [iter 121 : loss : -0.0532 = 0.0957 + -0.1690 + 0.0209 + -0.0008, time: 26.318779]
2023-09-02 14:44:39.456: epoch 121:	0.04463842  	0.09748287  	0.08157234  
2023-09-02 14:44:39.456: Find a better model.
2023-09-02 14:45:05.712: [iter 122 : loss : -0.0580 = 0.0930 + -0.1713 + 0.0211 + -0.0008, time: 26.219113]
2023-09-02 14:45:06.330: epoch 122:	0.04464487  	0.09757904  	0.08157824  
2023-09-02 14:45:06.330: Find a better model.
2023-09-02 14:45:32.362: [iter 123 : loss : -0.0574 = 0.0957 + -0.1736 + 0.0213 + -0.0009, time: 26.002807]
2023-09-02 14:45:33.001: epoch 123:	0.04462549  	0.09760253  	0.08161685  
2023-09-02 14:45:33.001: Find a better model.
2023-09-02 14:45:59.318: [iter 124 : loss : -0.0606 = 0.0945 + -0.1757 + 0.0215 + -0.0009, time: 26.281184]
2023-09-02 14:45:59.994: epoch 124:	0.04472227  	0.09775691  	0.08179347  
2023-09-02 14:45:59.994: Find a better model.
2023-09-02 14:46:26.069: [iter 125 : loss : -0.0627 = 0.0944 + -0.1780 + 0.0217 + -0.0009, time: 26.045819]
2023-09-02 14:46:26.719: epoch 125:	0.04463196  	0.09738369  	0.08172099  
2023-09-02 14:46:52.769: [iter 126 : loss : -0.0635 = 0.0955 + -0.1801 + 0.0219 + -0.0009, time: 26.015765]
2023-09-02 14:46:53.417: epoch 126:	0.04458036  	0.09725817  	0.08168052  
2023-09-02 14:47:19.664: [iter 127 : loss : -0.0641 = 0.0969 + -0.1822 + 0.0221 + -0.0009, time: 26.219025]
2023-09-02 14:47:20.283: epoch 127:	0.04462548  	0.09719633  	0.08183803  
2023-09-02 14:47:46.538: [iter 128 : loss : -0.0670 = 0.0959 + -0.1843 + 0.0223 + -0.0009, time: 26.227485]
2023-09-02 14:47:47.169: epoch 128:	0.04461903  	0.09734081  	0.08183626  
2023-09-02 14:48:13.270: [iter 129 : loss : -0.0690 = 0.0956 + -0.1862 + 0.0225 + -0.0009, time: 26.071488]
2023-09-02 14:48:13.916: epoch 129:	0.04469644  	0.09753823  	0.08197137  
2023-09-02 14:48:40.064: [iter 130 : loss : -0.0726 = 0.0936 + -0.1880 + 0.0228 + -0.0009, time: 26.125405]
2023-09-02 14:48:40.710: epoch 130:	0.04495450  	0.09815725  	0.08234821  
2023-09-02 14:48:40.710: Find a better model.
2023-09-02 14:49:06.880: [iter 131 : loss : -0.0713 = 0.0972 + -0.1905 + 0.0229 + -0.0009, time: 26.144368]
2023-09-02 14:49:07.543: epoch 131:	0.04496094  	0.09818079  	0.08232979  
2023-09-02 14:49:07.543: Find a better model.
2023-09-02 14:49:33.665: [iter 132 : loss : -0.0774 = 0.0927 + -0.1923 + 0.0232 + -0.0010, time: 26.095144]
2023-09-02 14:49:34.328: epoch 132:	0.04491579  	0.09813631  	0.08243844  
2023-09-02 14:50:00.332: [iter 133 : loss : -0.0779 = 0.0944 + -0.1947 + 0.0234 + -0.0010, time: 25.981687]
2023-09-02 14:50:00.958: epoch 133:	0.04484481  	0.09790722  	0.08225385  
2023-09-02 14:50:27.074: [iter 134 : loss : -0.0778 = 0.0961 + -0.1965 + 0.0236 + -0.0010, time: 26.090955]
2023-09-02 14:50:27.756: epoch 134:	0.04490935  	0.09809620  	0.08242819  
2023-09-02 14:50:53.939: [iter 135 : loss : -0.0808 = 0.0951 + -0.1986 + 0.0238 + -0.0010, time: 26.152969]
2023-09-02 14:50:54.609: epoch 135:	0.04488356  	0.09805658  	0.08247316  
2023-09-02 14:51:20.728: [iter 136 : loss : -0.0836 = 0.0941 + -0.2007 + 0.0240 + -0.0010, time: 26.091160]
2023-09-02 14:51:21.393: epoch 136:	0.04489646  	0.09800608  	0.08243940  
2023-09-02 14:51:47.584: [iter 137 : loss : -0.0853 = 0.0940 + -0.2025 + 0.0242 + -0.0010, time: 26.160064]
2023-09-02 14:51:48.224: epoch 137:	0.04498034  	0.09838104  	0.08270551  
2023-09-02 14:51:48.224: Find a better model.
2023-09-02 14:52:14.386: [iter 138 : loss : -0.0853 = 0.0959 + -0.2046 + 0.0244 + -0.0010, time: 26.134289]
2023-09-02 14:52:15.040: epoch 138:	0.04512225  	0.09855926  	0.08284058  
2023-09-02 14:52:15.040: Find a better model.
2023-09-02 14:52:41.359: [iter 139 : loss : -0.0896 = 0.0937 + -0.2068 + 0.0246 + -0.0010, time: 26.289082]
2023-09-02 14:52:42.023: epoch 139:	0.04521906  	0.09870636  	0.08291319  
2023-09-02 14:52:42.023: Find a better model.
2023-09-02 14:53:08.392: [iter 140 : loss : -0.0887 = 0.0962 + -0.2087 + 0.0248 + -0.0010, time: 26.338814]
2023-09-02 14:53:09.076: epoch 140:	0.04527710  	0.09905058  	0.08296966  
2023-09-02 14:53:09.076: Find a better model.
2023-09-02 14:53:35.230: [iter 141 : loss : -0.0906 = 0.0960 + -0.2105 + 0.0250 + -0.0010, time: 26.118670]
2023-09-02 14:53:35.893: epoch 141:	0.04530936  	0.09908818  	0.08301736  
2023-09-02 14:53:35.894: Find a better model.
2023-09-02 14:54:02.221: [iter 142 : loss : -0.0960 = 0.0928 + -0.2129 + 0.0252 + -0.0011, time: 26.301604]
2023-09-02 14:54:02.835: epoch 142:	0.04509001  	0.09863940  	0.08283430  
2023-09-02 14:54:29.039: [iter 143 : loss : -0.0946 = 0.0954 + -0.2143 + 0.0254 + -0.0011, time: 26.171641]
2023-09-02 14:54:29.674: epoch 143:	0.04523196  	0.09890914  	0.08301139  
2023-09-02 14:54:55.803: [iter 144 : loss : -0.0959 = 0.0960 + -0.2164 + 0.0256 + -0.0011, time: 26.104433]
2023-09-02 14:54:56.445: epoch 144:	0.04532228  	0.09906838  	0.08321581  
2023-09-02 14:55:22.472: [iter 145 : loss : -0.0969 = 0.0968 + -0.2184 + 0.0258 + -0.0011, time: 25.992547]
2023-09-02 14:55:23.107: epoch 145:	0.04538033  	0.09916837  	0.08321139  
2023-09-02 14:55:23.107: Find a better model.
2023-09-02 14:55:49.283: [iter 146 : loss : -0.0991 = 0.0962 + -0.2201 + 0.0260 + -0.0011, time: 26.142365]
2023-09-02 14:55:49.932: epoch 146:	0.04554805  	0.09956075  	0.08356271  
2023-09-02 14:55:49.932: Find a better model.
2023-09-02 14:56:16.061: [iter 147 : loss : -0.1005 = 0.0959 + -0.2215 + 0.0262 + -0.0011, time: 26.101542]
2023-09-02 14:56:16.722: epoch 147:	0.04557387  	0.09958742  	0.08367901  
2023-09-02 14:56:16.722: Find a better model.
2023-09-02 14:56:42.738: [iter 148 : loss : -0.1023 = 0.0960 + -0.2236 + 0.0264 + -0.0011, time: 25.985168]
2023-09-02 14:56:43.421: epoch 148:	0.04561904  	0.09984078  	0.08385172  
2023-09-02 14:56:43.421: Find a better model.
2023-09-02 14:57:09.553: [iter 149 : loss : -0.1068 = 0.0935 + -0.2257 + 0.0266 + -0.0011, time: 26.100697]
2023-09-02 14:57:10.262: epoch 149:	0.04569646  	0.10006130  	0.08404181  
2023-09-02 14:57:10.262: Find a better model.
2023-09-02 14:57:36.409: [iter 150 : loss : -0.1045 = 0.0972 + -0.2274 + 0.0268 + -0.0011, time: 26.116149]
2023-09-02 14:57:37.045: epoch 150:	0.04558035  	0.09961962  	0.08377329  
2023-09-02 14:58:03.106: [iter 151 : loss : -0.1063 = 0.0975 + -0.2296 + 0.0270 + -0.0011, time: 26.032370]
2023-09-02 14:58:03.744: epoch 151:	0.04569647  	0.09998629  	0.08394906  
2023-09-02 14:58:29.988: [iter 152 : loss : -0.1087 = 0.0965 + -0.2312 + 0.0272 + -0.0011, time: 26.217189]
2023-09-02 14:58:30.704: epoch 152:	0.04557390  	0.09948205  	0.08383443  
2023-09-02 14:58:56.873: [iter 153 : loss : -0.1096 = 0.0970 + -0.2328 + 0.0274 + -0.0012, time: 26.139517]
2023-09-02 14:58:57.537: epoch 153:	0.04568356  	0.09985089  	0.08396818  
2023-09-02 14:59:23.362: [iter 154 : loss : -0.1124 = 0.0959 + -0.2347 + 0.0276 + -0.0012, time: 25.795093]
2023-09-02 14:59:24.046: epoch 154:	0.04564488  	0.09985137  	0.08397461  
2023-09-02 14:59:50.041: [iter 155 : loss : -0.1145 = 0.0956 + -0.2367 + 0.0278 + -0.0012, time: 25.972034]
2023-09-02 14:59:50.757: epoch 155:	0.04563839  	0.09983753  	0.08397043  
2023-09-02 15:00:16.412: [iter 156 : loss : -0.1155 = 0.0958 + -0.2381 + 0.0280 + -0.0012, time: 25.629092]
2023-09-02 15:00:17.020: epoch 156:	0.04565130  	0.09974665  	0.08399393  
2023-09-02 15:00:42.957: [iter 157 : loss : -0.1176 = 0.0954 + -0.2400 + 0.0282 + -0.0012, time: 25.914658]
2023-09-02 15:00:43.658: epoch 157:	0.04565773  	0.09974606  	0.08399023  
2023-09-02 15:01:09.637: [iter 158 : loss : -0.1159 = 0.0990 + -0.2420 + 0.0284 + -0.0012, time: 25.941547]
2023-09-02 15:01:10.290: epoch 158:	0.04572221  	0.10000172  	0.08427519  
2023-09-02 15:01:36.155: [iter 159 : loss : -0.1212 = 0.0953 + -0.2438 + 0.0286 + -0.0012, time: 25.838278]
2023-09-02 15:01:36.879: epoch 159:	0.04578029  	0.10011216  	0.08443882  
2023-09-02 15:01:36.879: Find a better model.
2023-09-02 15:02:02.730: [iter 160 : loss : -0.1211 = 0.0964 + -0.2450 + 0.0288 + -0.0012, time: 25.825221]
2023-09-02 15:02:03.439: epoch 160:	0.04585125  	0.10021602  	0.08436903  
2023-09-02 15:02:03.440: Find a better model.
2023-09-02 15:02:29.198: [iter 161 : loss : -0.1226 = 0.0963 + -0.2467 + 0.0290 + -0.0012, time: 25.727757]
2023-09-02 15:02:29.813: epoch 161:	0.04588996  	0.10036422  	0.08439989  
2023-09-02 15:02:29.813: Find a better model.
2023-09-02 15:02:55.573: [iter 162 : loss : -0.1246 = 0.0960 + -0.2485 + 0.0291 + -0.0012, time: 25.733214]
2023-09-02 15:02:56.272: epoch 162:	0.04596094  	0.10051320  	0.08453161  
2023-09-02 15:02:56.272: Find a better model.
2023-09-02 15:03:22.067: [iter 163 : loss : -0.1266 = 0.0953 + -0.2500 + 0.0293 + -0.0012, time: 25.769988]
2023-09-02 15:03:22.699: epoch 163:	0.04597383  	0.10049410  	0.08462407  
2023-09-02 15:03:49.168: [iter 164 : loss : -0.1277 = 0.0963 + -0.2522 + 0.0295 + -0.0012, time: 26.446162]
2023-09-02 15:03:49.818: epoch 164:	0.04596740  	0.10038098  	0.08469449  
2023-09-02 15:04:16.070: [iter 165 : loss : -0.1291 = 0.0964 + -0.2540 + 0.0297 + -0.0013, time: 26.227320]
2023-09-02 15:04:16.781: epoch 165:	0.04598675  	0.10046821  	0.08469300  
2023-09-02 15:04:43.063: [iter 166 : loss : -0.1300 = 0.0969 + -0.2556 + 0.0299 + -0.0013, time: 26.253819]
2023-09-02 15:04:43.794: epoch 166:	0.04599964  	0.10038598  	0.08463792  
2023-09-02 15:05:09.587: [iter 167 : loss : -0.1306 = 0.0978 + -0.2572 + 0.0301 + -0.0013, time: 25.762163]
2023-09-02 15:05:10.254: epoch 167:	0.04622541  	0.10093469  	0.08500334  
2023-09-02 15:05:10.254: Find a better model.
2023-09-02 15:05:36.648: [iter 168 : loss : -0.1345 = 0.0953 + -0.2588 + 0.0303 + -0.0013, time: 26.365323]
2023-09-02 15:05:37.349: epoch 168:	0.04611574  	0.10073587  	0.08492597  
2023-09-02 15:06:03.467: [iter 169 : loss : -0.1319 = 0.0997 + -0.2608 + 0.0305 + -0.0013, time: 26.094400]
2023-09-02 15:06:04.123: epoch 169:	0.04625124  	0.10108083  	0.08513650  
2023-09-02 15:06:04.123: Find a better model.
2023-09-02 15:06:30.140: [iter 170 : loss : -0.1375 = 0.0947 + -0.2617 + 0.0307 + -0.0013, time: 25.991879]
2023-09-02 15:06:30.792: epoch 170:	0.04619320  	0.10100250  	0.08514797  
2023-09-02 15:06:56.977: [iter 171 : loss : -0.1373 = 0.0967 + -0.2636 + 0.0309 + -0.0013, time: 26.157174]
2023-09-02 15:06:57.655: epoch 171:	0.04625770  	0.10109781  	0.08518232  
2023-09-02 15:06:57.656: Find a better model.
2023-09-02 15:07:23.789: [iter 172 : loss : -0.1400 = 0.0954 + -0.2653 + 0.0311 + -0.0013, time: 26.105748]
2023-09-02 15:07:24.430: epoch 172:	0.04621900  	0.10102441  	0.08518644  
2023-09-02 15:07:50.563: [iter 173 : loss : -0.1398 = 0.0971 + -0.2669 + 0.0313 + -0.0013, time: 26.109351]
2023-09-02 15:07:51.203: epoch 173:	0.04643834  	0.10148866  	0.08545339  
2023-09-02 15:07:51.203: Find a better model.
2023-09-02 15:08:17.178: [iter 174 : loss : -0.1438 = 0.0949 + -0.2689 + 0.0315 + -0.0013, time: 25.951595]
2023-09-02 15:08:17.867: epoch 174:	0.04640606  	0.10123322  	0.08526906  
2023-09-02 15:08:44.198: [iter 175 : loss : -0.1409 = 0.0989 + -0.2702 + 0.0317 + -0.0013, time: 26.299858]
2023-09-02 15:08:44.843: epoch 175:	0.04647058  	0.10142983  	0.08539544  
2023-09-02 15:09:11.105: [iter 176 : loss : -0.1451 = 0.0961 + -0.2717 + 0.0319 + -0.0013, time: 26.234316]
2023-09-02 15:09:11.778: epoch 176:	0.04643833  	0.10153839  	0.08551604  
2023-09-02 15:09:11.779: Find a better model.
2023-09-02 15:09:37.946: [iter 177 : loss : -0.1440 = 0.0986 + -0.2734 + 0.0321 + -0.0014, time: 26.140639]
2023-09-02 15:09:38.613: epoch 177:	0.04641896  	0.10154295  	0.08555786  
2023-09-02 15:09:38.614: Find a better model.
2023-09-02 15:10:04.918: [iter 178 : loss : -0.1505 = 0.0936 + -0.2750 + 0.0323 + -0.0014, time: 26.280945]
2023-09-02 15:10:05.624: epoch 178:	0.04659316  	0.10182521  	0.08576438  
2023-09-02 15:10:05.624: Find a better model.
2023-09-02 15:10:31.505: [iter 179 : loss : -0.1484 = 0.0967 + -0.2762 + 0.0325 + -0.0014, time: 25.854501]
2023-09-02 15:10:32.184: epoch 179:	0.04656090  	0.10176780  	0.08577964  
2023-09-02 15:10:58.424: [iter 180 : loss : -0.1488 = 0.0979 + -0.2780 + 0.0327 + -0.0014, time: 26.206606]
2023-09-02 15:10:59.068: epoch 180:	0.04661252  	0.10178216  	0.08576702  
2023-09-02 15:11:25.364: [iter 181 : loss : -0.1498 = 0.0982 + -0.2795 + 0.0329 + -0.0014, time: 26.266201]
2023-09-02 15:11:26.031: epoch 181:	0.04674800  	0.10201839  	0.08592630  
2023-09-02 15:11:26.031: Find a better model.
2023-09-02 15:11:52.449: [iter 182 : loss : -0.1525 = 0.0970 + -0.2812 + 0.0330 + -0.0014, time: 26.385268]
2023-09-02 15:11:53.101: epoch 182:	0.04665767  	0.10177580  	0.08590657  
2023-09-02 15:12:19.193: [iter 183 : loss : -0.1557 = 0.0955 + -0.2830 + 0.0333 + -0.0014, time: 26.061779]
2023-09-02 15:12:19.839: epoch 183:	0.04649642  	0.10159613  	0.08584025  
2023-09-02 15:12:45.958: [iter 184 : loss : -0.1558 = 0.0961 + -0.2839 + 0.0335 + -0.0014, time: 26.084692]
2023-09-02 15:12:46.597: epoch 184:	0.04660609  	0.10163500  	0.08594821  
2023-09-02 15:13:12.540: [iter 185 : loss : -0.1586 = 0.0950 + -0.2859 + 0.0337 + -0.0014, time: 25.913041]
2023-09-02 15:13:13.225: epoch 185:	0.04667706  	0.10188144  	0.08606257  
2023-09-02 15:13:39.600: [iter 186 : loss : -0.1586 = 0.0960 + -0.2870 + 0.0338 + -0.0014, time: 26.343982]
2023-09-02 15:13:40.218: epoch 186:	0.04663832  	0.10173824  	0.08604254  
2023-09-02 15:14:06.595: [iter 187 : loss : -0.1591 = 0.0969 + -0.2886 + 0.0340 + -0.0014, time: 26.352006]
2023-09-02 15:14:07.304: epoch 187:	0.04667704  	0.10180675  	0.08608466  
2023-09-02 15:14:33.411: [iter 188 : loss : -0.1583 = 0.0993 + -0.2904 + 0.0342 + -0.0014, time: 26.080586]
2023-09-02 15:14:34.052: epoch 188:	0.04681252  	0.10205696  	0.08625305  
2023-09-02 15:14:34.052: Find a better model.
2023-09-02 15:15:00.167: [iter 189 : loss : -0.1620 = 0.0968 + -0.2918 + 0.0344 + -0.0014, time: 26.085014]
2023-09-02 15:15:00.806: epoch 189:	0.04688992  	0.10237230  	0.08631558  
2023-09-02 15:15:00.806: Find a better model.
2023-09-02 15:15:26.937: [iter 190 : loss : -0.1656 = 0.0946 + -0.2933 + 0.0346 + -0.0015, time: 26.102870]
2023-09-02 15:15:27.580: epoch 190:	0.04703831  	0.10256526  	0.08654509  
2023-09-02 15:15:27.580: Find a better model.
2023-09-02 15:15:53.537: [iter 191 : loss : -0.1648 = 0.0968 + -0.2949 + 0.0348 + -0.0015, time: 25.925889]
2023-09-02 15:15:54.157: epoch 191:	0.04693509  	0.10237231  	0.08645732  
2023-09-02 15:16:20.198: [iter 192 : loss : -0.1649 = 0.0977 + -0.2961 + 0.0350 + -0.0015, time: 26.018867]
2023-09-02 15:16:20.836: epoch 192:	0.04710927  	0.10280967  	0.08660182  
2023-09-02 15:16:20.836: Find a better model.
2023-09-02 15:16:46.872: [iter 193 : loss : -0.1682 = 0.0960 + -0.2979 + 0.0352 + -0.0015, time: 26.009244]
2023-09-02 15:16:47.518: epoch 193:	0.04712861  	0.10270216  	0.08654062  
2023-09-02 15:17:13.430: [iter 194 : loss : -0.1684 = 0.0972 + -0.2996 + 0.0354 + -0.0015, time: 25.885939]
2023-09-02 15:17:14.067: epoch 194:	0.04701249  	0.10257846  	0.08641057  
2023-09-02 15:17:40.231: [iter 195 : loss : -0.1716 = 0.0952 + -0.3009 + 0.0356 + -0.0015, time: 26.142300]
2023-09-02 15:17:40.878: epoch 195:	0.04701896  	0.10255107  	0.08651513  
2023-09-02 15:18:07.006: [iter 196 : loss : -0.1721 = 0.0963 + -0.3027 + 0.0358 + -0.0015, time: 26.094469]
2023-09-02 15:18:07.639: epoch 196:	0.04703834  	0.10263254  	0.08659836  
2023-09-02 15:18:33.966: [iter 197 : loss : -0.1752 = 0.0941 + -0.3038 + 0.0360 + -0.0015, time: 26.294999]
2023-09-02 15:18:34.632: epoch 197:	0.04703831  	0.10263314  	0.08644954  
2023-09-02 15:19:00.840: [iter 198 : loss : -0.1727 = 0.0982 + -0.3055 + 0.0362 + -0.0015, time: 26.178998]
2023-09-02 15:19:01.498: epoch 198:	0.04703185  	0.10265233  	0.08646803  
2023-09-02 15:19:27.693: [iter 199 : loss : -0.1731 = 0.0990 + -0.3069 + 0.0364 + -0.0015, time: 26.166287]
2023-09-02 15:19:28.419: epoch 199:	0.04713507  	0.10281599  	0.08654918  
2023-09-02 15:19:28.419: Find a better model.
2023-09-02 15:19:54.562: [iter 200 : loss : -0.1749 = 0.0982 + -0.3081 + 0.0366 + -0.0015, time: 26.115607]
2023-09-02 15:19:55.260: epoch 200:	0.04708348  	0.10265459  	0.08655379  
2023-09-02 15:19:55.260: best_result@epoch 199:

2023-09-02 15:19:55.261: 		0.0471      	0.1028      	0.0865      
