2023-04-09 03:29:24.614: my pid: 4528
2023-04-09 03:29:24.615: model: model.general_recommender.GNNEC
2023-04-09 03:29:24.615: Dataset statistics:
Name: yelp
The number of users: 7750
The number of items: 28918
The number of ratings: 750318
Average actions of users: 96.82
Average actions of items: 25.95
The sparsity of the dataset: 99.665208%

The number of training: 678579
The number of validation: 0
The number of testing: 71739
2023-04-09 03:29:24.615: NeuRec:[NeuRec]:
recommender=GNNEC
dataset=yelp
file_column=UI
sep=','
gpu_id=0
gpu_mem=0.99
metric=["Precision", "Recall", "NDCG"]
top_k=[20]
test_thread=8
test_batch_size=128
seed=2021
start_testing_epoch=0

GNNEC:[hyperparameters]:
mf_reg=1e-4
svd_q=5
aug_type=ND
reg=1e-4
embed_size=64
n_layers=2
ssl_reg=0.02
ssl_ratio=0.1
ssl_temp=0.8
ssl_mode=both_side
lr=1e-3
learner=adam
adj_type=pre
epochs=200
batch_size=2048
num_negatives=1
param_init=xavier_uniform
stddev=0.01
verbose=1
stop_cnt=10
pretrain_flag=0
save_flag=0

Command line:
recommender=GNNEC
dataset=yelp
epochs=200
n_layers=2
embed_size=64
batch_size=2048
lr=1e-3
aug_type=ND
reg=1e-4
ssl_reg=0.02
ssl_ratio=0.1
ssl_temp=0.8
mf_reg=1e-4
svd_q=5
2023-04-09 03:29:30.455: metrics:	Precision@20	Recall@20   	NDCG@20     
2023-04-09 03:31:47.482: [iter 1 : loss : 0.7412 = 0.3929 + 0.3464 + 0.0002 + 0.0017, time: 137.024363]
2023-04-09 03:31:48.367: epoch 1:	0.02527148  	0.05466142  	0.04642513  
2023-04-09 03:31:48.367: Find a better model.
2023-04-09 03:34:08.068: [iter 2 : loss : 0.4673 = 0.1454 + 0.3198 + 0.0005 + 0.0016, time: 139.678581]
2023-04-09 03:34:08.913: epoch 2:	0.02523278  	0.05433077  	0.04639620  
2023-04-09 03:36:08.188: [iter 3 : loss : 0.4384 = 0.1222 + 0.3139 + 0.0006 + 0.0016, time: 119.253204]
2023-04-09 03:36:08.993: epoch 3:	0.02523278  	0.05437409  	0.04608852  
2023-04-09 03:38:16.179: [iter 4 : loss : 0.4260 = 0.1134 + 0.3103 + 0.0007 + 0.0016, time: 127.163439]
2023-04-09 03:38:17.025: epoch 4:	0.02557473  	0.05520532  	0.04666623  
2023-04-09 03:38:17.025: Find a better model.
2023-04-09 03:40:37.122: [iter 5 : loss : 0.4168 = 0.1069 + 0.3075 + 0.0008 + 0.0016, time: 140.071240]
2023-04-09 03:40:37.982: epoch 5:	0.02596830  	0.05596879  	0.04695727  
2023-04-09 03:40:37.982: Find a better model.
2023-04-09 03:42:43.905: [iter 6 : loss : 0.4091 = 0.1018 + 0.3049 + 0.0009 + 0.0016, time: 125.899904]
2023-04-09 03:42:44.702: epoch 6:	0.02624572  	0.05663324  	0.04740884  
2023-04-09 03:42:44.702: Find a better model.
2023-04-09 03:44:40.138: [iter 7 : loss : 0.4002 = 0.0952 + 0.3025 + 0.0009 + 0.0015, time: 115.418489]
2023-04-09 03:44:40.891: epoch 7:	0.02647800  	0.05742460  	0.04799317  
2023-04-09 03:44:40.891: Find a better model.
2023-04-09 03:46:35.876: [iter 8 : loss : 0.3945 = 0.0915 + 0.3004 + 0.0010 + 0.0015, time: 114.960247]
2023-04-09 03:46:36.631: epoch 8:	0.02671670  	0.05782966  	0.04838594  
2023-04-09 03:46:36.632: Find a better model.
2023-04-09 03:48:24.812: [iter 9 : loss : 0.3891 = 0.0880 + 0.2985 + 0.0011 + 0.0015, time: 108.160647]
2023-04-09 03:48:25.483: epoch 9:	0.02692316  	0.05832294  	0.04879576  
2023-04-09 03:48:25.484: Find a better model.
2023-04-09 03:49:49.851: [iter 10 : loss : 0.3830 = 0.0838 + 0.2965 + 0.0011 + 0.0015, time: 84.348011]
2023-04-09 03:49:50.430: epoch 10:	0.02705221  	0.05857664  	0.04898764  
2023-04-09 03:49:50.430: Find a better model.
2023-04-09 03:51:42.836: [iter 11 : loss : 0.3789 = 0.0813 + 0.2949 + 0.0012 + 0.0015, time: 112.382689]
2023-04-09 03:51:43.617: epoch 11:	0.02732964  	0.05908788  	0.04934487  
2023-04-09 03:51:43.617: Find a better model.
2023-04-09 03:53:39.188: [iter 12 : loss : 0.3744 = 0.0785 + 0.2931 + 0.0013 + 0.0015, time: 115.548321]
2023-04-09 03:53:39.976: epoch 12:	0.02758771  	0.05979161  	0.04978421  
2023-04-09 03:53:39.976: Find a better model.
2023-04-09 03:55:12.297: [iter 13 : loss : 0.3710 = 0.0766 + 0.2916 + 0.0013 + 0.0015, time: 92.297861]
2023-04-09 03:55:13.036: epoch 13:	0.02786514  	0.06046004  	0.05021302  
2023-04-09 03:55:13.036: Find a better model.
2023-04-09 03:56:47.066: [iter 14 : loss : 0.3673 = 0.0744 + 0.2900 + 0.0014 + 0.0015, time: 94.006327]
2023-04-09 03:56:47.819: epoch 14:	0.02813614  	0.06109731  	0.05062686  
2023-04-09 03:56:47.819: Find a better model.
2023-04-09 03:58:43.119: [iter 15 : loss : 0.3644 = 0.0730 + 0.2885 + 0.0014 + 0.0015, time: 115.274278]
2023-04-09 03:58:43.899: epoch 15:	0.02803291  	0.06073979  	0.05058355  
2023-04-09 04:00:29.849: [iter 16 : loss : 0.3615 = 0.0715 + 0.2870 + 0.0015 + 0.0015, time: 105.929477]
2023-04-09 04:00:30.518: epoch 16:	0.02821356  	0.06114417  	0.05088318  
2023-04-09 04:00:30.518: Find a better model.
2023-04-09 04:01:53.093: [iter 17 : loss : 0.3575 = 0.0689 + 0.2855 + 0.0016 + 0.0015, time: 82.547907]
2023-04-09 04:01:53.866: epoch 17:	0.02865229  	0.06213873  	0.05135479  
2023-04-09 04:01:53.866: Find a better model.
2023-04-09 04:03:49.036: [iter 18 : loss : 0.3549 = 0.0679 + 0.2839 + 0.0017 + 0.0015, time: 115.147997]
2023-04-09 04:03:49.791: epoch 18:	0.02905230  	0.06306082  	0.05168121  
2023-04-09 04:03:49.791: Find a better model.
2023-04-09 04:05:45.098: [iter 19 : loss : 0.3515 = 0.0661 + 0.2822 + 0.0017 + 0.0015, time: 115.283841]
2023-04-09 04:05:45.873: epoch 19:	0.02908456  	0.06305476  	0.05205696  
2023-04-09 04:07:14.877: [iter 20 : loss : 0.3486 = 0.0646 + 0.2807 + 0.0018 + 0.0014, time: 88.980043]
2023-04-09 04:07:15.581: epoch 20:	0.02962006  	0.06432827  	0.05282658  
2023-04-09 04:07:15.581: Find a better model.
2023-04-09 04:08:55.341: [iter 21 : loss : 0.3447 = 0.0624 + 0.2790 + 0.0019 + 0.0014, time: 99.738684]
2023-04-09 04:08:56.116: epoch 21:	0.03016200  	0.06546367  	0.05367447  
2023-04-09 04:08:56.116: Find a better model.
2023-04-09 04:10:51.358: [iter 22 : loss : 0.3425 = 0.0615 + 0.2776 + 0.0020 + 0.0014, time: 115.213725]
2023-04-09 04:10:52.128: epoch 22:	0.03056202  	0.06648813  	0.05439232  
2023-04-09 04:10:52.128: Find a better model.
2023-04-09 04:12:34.113: [iter 23 : loss : 0.3394 = 0.0600 + 0.2760 + 0.0020 + 0.0014, time: 101.959480]
2023-04-09 04:12:34.776: epoch 23:	0.03080074  	0.06704415  	0.05486821  
2023-04-09 04:12:34.777: Find a better model.
2023-04-09 04:14:01.243: [iter 24 : loss : 0.3378 = 0.0598 + 0.2744 + 0.0021 + 0.0014, time: 86.442852]
2023-04-09 04:14:02.009: epoch 24:	0.03102656  	0.06761196  	0.05529054  
2023-04-09 04:14:02.010: Find a better model.
2023-04-09 04:15:57.390: [iter 25 : loss : 0.3342 = 0.0578 + 0.2728 + 0.0022 + 0.0014, time: 115.360228]
2023-04-09 04:15:58.166: epoch 25:	0.03134269  	0.06818946  	0.05580543  
2023-04-09 04:15:58.166: Find a better model.
2023-04-09 04:17:51.165: [iter 26 : loss : 0.3321 = 0.0571 + 0.2713 + 0.0023 + 0.0014, time: 112.974893]
2023-04-09 04:17:51.835: epoch 26:	0.03171691  	0.06884660  	0.05642413  
2023-04-09 04:17:51.835: Find a better model.
2023-04-09 04:19:21.171: [iter 27 : loss : 0.3285 = 0.0551 + 0.2696 + 0.0024 + 0.0014, time: 89.307311]
2023-04-09 04:19:21.834: epoch 27:	0.03205241  	0.06999130  	0.05692586  
2023-04-09 04:19:21.835: Find a better model.
2023-04-09 04:20:16.678: [iter 28 : loss : 0.3265 = 0.0546 + 0.2681 + 0.0025 + 0.0014, time: 54.821537]
2023-04-09 04:20:17.320: epoch 28:	0.03260080  	0.07110802  	0.05774736  
2023-04-09 04:20:17.320: Find a better model.
2023-04-09 04:21:11.975: [iter 29 : loss : 0.3243 = 0.0538 + 0.2666 + 0.0026 + 0.0014, time: 54.635579]
2023-04-09 04:21:12.643: epoch 29:	0.03272983  	0.07126588  	0.05812641  
2023-04-09 04:21:12.643: Find a better model.
2023-04-09 04:22:07.447: [iter 30 : loss : 0.3222 = 0.0531 + 0.2651 + 0.0027 + 0.0014, time: 54.778245]
2023-04-09 04:22:08.088: epoch 30:	0.03311048  	0.07211709  	0.05881566  
2023-04-09 04:22:08.088: Find a better model.
2023-04-09 04:23:02.700: [iter 31 : loss : 0.3193 = 0.0517 + 0.2635 + 0.0027 + 0.0014, time: 54.591394]
2023-04-09 04:23:03.321: epoch 31:	0.03343947  	0.07278769  	0.05947439  
2023-04-09 04:23:03.322: Find a better model.
2023-04-09 04:23:57.950: [iter 32 : loss : 0.3172 = 0.0511 + 0.2619 + 0.0028 + 0.0014, time: 54.607665]
2023-04-09 04:23:58.594: epoch 32:	0.03384588  	0.07371682  	0.06016478  
2023-04-09 04:23:58.594: Find a better model.
2023-04-09 04:24:52.119: [iter 33 : loss : 0.3145 = 0.0498 + 0.2604 + 0.0029 + 0.0013, time: 53.504441]
2023-04-09 04:24:52.719: epoch 33:	0.03391038  	0.07387206  	0.06042988  
2023-04-09 04:24:52.719: Find a better model.
2023-04-09 04:25:47.570: [iter 34 : loss : 0.3127 = 0.0496 + 0.2587 + 0.0030 + 0.0013, time: 54.825452]
2023-04-09 04:25:48.214: epoch 34:	0.03411035  	0.07422797  	0.06096563  
2023-04-09 04:25:48.214: Find a better model.
2023-04-09 04:26:42.825: [iter 35 : loss : 0.3103 = 0.0486 + 0.2573 + 0.0031 + 0.0013, time: 54.584959]
2023-04-09 04:26:43.455: epoch 35:	0.03443937  	0.07497681  	0.06167706  
2023-04-09 04:26:43.456: Find a better model.
2023-04-09 04:27:36.903: [iter 36 : loss : 0.3080 = 0.0476 + 0.2558 + 0.0032 + 0.0013, time: 53.422920]
2023-04-09 04:27:37.533: epoch 36:	0.03483289  	0.07582697  	0.06223949  
2023-04-09 04:27:37.534: Find a better model.
2023-04-09 04:28:31.068: [iter 37 : loss : 0.3060 = 0.0471 + 0.2542 + 0.0033 + 0.0013, time: 53.513667]
2023-04-09 04:28:31.698: epoch 37:	0.03487803  	0.07587706  	0.06265367  
2023-04-09 04:28:31.698: Find a better model.
2023-04-09 04:29:25.165: [iter 38 : loss : 0.3035 = 0.0458 + 0.2529 + 0.0034 + 0.0013, time: 53.446132]
2023-04-09 04:29:25.764: epoch 38:	0.03505866  	0.07645617  	0.06318237  
2023-04-09 04:29:25.764: Find a better model.
2023-04-09 04:30:19.287: [iter 39 : loss : 0.3014 = 0.0452 + 0.2513 + 0.0035 + 0.0013, time: 53.504450]
2023-04-09 04:30:19.922: epoch 39:	0.03536832  	0.07719273  	0.06360782  
2023-04-09 04:30:19.922: Find a better model.
2023-04-09 04:31:14.350: [iter 40 : loss : 0.2998 = 0.0450 + 0.2499 + 0.0036 + 0.0013, time: 54.404468]
2023-04-09 04:31:14.982: epoch 40:	0.03560060  	0.07768134  	0.06424225  
2023-04-09 04:31:14.982: Find a better model.
2023-04-09 04:32:09.544: [iter 41 : loss : 0.2973 = 0.0440 + 0.2483 + 0.0038 + 0.0013, time: 54.538902]
2023-04-09 04:32:10.154: epoch 41:	0.03587796  	0.07842195  	0.06466199  
2023-04-09 04:32:10.154: Find a better model.
2023-04-09 04:33:04.618: [iter 42 : loss : 0.2957 = 0.0437 + 0.2469 + 0.0039 + 0.0013, time: 54.441318]
2023-04-09 04:33:05.228: epoch 42:	0.03578767  	0.07803330  	0.06497134  
2023-04-09 04:33:59.494: [iter 43 : loss : 0.2940 = 0.0434 + 0.2454 + 0.0040 + 0.0013, time: 54.245323]
2023-04-09 04:34:00.085: epoch 43:	0.03623278  	0.07896645  	0.06563714  
2023-04-09 04:34:00.085: Find a better model.
2023-04-09 04:34:54.529: [iter 44 : loss : 0.2915 = 0.0423 + 0.2439 + 0.0041 + 0.0013, time: 54.422647]
2023-04-09 04:34:55.158: epoch 44:	0.03647147  	0.07956415  	0.06608266  
2023-04-09 04:34:55.158: Find a better model.
2023-04-09 04:35:49.556: [iter 45 : loss : 0.2901 = 0.0422 + 0.2425 + 0.0042 + 0.0013, time: 54.375929]
2023-04-09 04:35:50.172: epoch 45:	0.03680043  	0.07997830  	0.06669287  
2023-04-09 04:35:50.173: Find a better model.
2023-04-09 04:36:44.515: [iter 46 : loss : 0.2881 = 0.0416 + 0.2409 + 0.0043 + 0.0012, time: 54.321080]
2023-04-09 04:36:45.116: epoch 46:	0.03711005  	0.08091922  	0.06725387  
2023-04-09 04:36:45.116: Find a better model.
2023-04-09 04:37:39.575: [iter 47 : loss : 0.2860 = 0.0409 + 0.2394 + 0.0044 + 0.0012, time: 54.437057]
2023-04-09 04:37:40.205: epoch 47:	0.03735520  	0.08133601  	0.06756721  
2023-04-09 04:37:40.206: Find a better model.
2023-04-09 04:38:34.432: [iter 48 : loss : 0.2851 = 0.0411 + 0.2382 + 0.0045 + 0.0012, time: 54.206445]
2023-04-09 04:38:35.072: epoch 48:	0.03740035  	0.08120620  	0.06769291  
2023-04-09 04:39:29.369: [iter 49 : loss : 0.2823 = 0.0396 + 0.2368 + 0.0046 + 0.0012, time: 54.278113]
2023-04-09 04:39:30.015: epoch 49:	0.03743906  	0.08137274  	0.06820942  
2023-04-09 04:39:30.015: Find a better model.
2023-04-09 04:40:24.319: [iter 50 : loss : 0.2810 = 0.0396 + 0.2353 + 0.0048 + 0.0012, time: 54.280658]
2023-04-09 04:40:24.950: epoch 50:	0.03751005  	0.08160385  	0.06844787  
2023-04-09 04:40:24.950: Find a better model.
2023-04-09 04:41:19.293: [iter 51 : loss : 0.2792 = 0.0392 + 0.2339 + 0.0049 + 0.0012, time: 54.321471]
2023-04-09 04:41:19.943: epoch 51:	0.03787132  	0.08233969  	0.06883097  
2023-04-09 04:41:19.943: Find a better model.
2023-04-09 04:42:14.318: [iter 52 : loss : 0.2777 = 0.0389 + 0.2326 + 0.0050 + 0.0012, time: 54.353013]
2023-04-09 04:42:14.975: epoch 52:	0.03808418  	0.08275816  	0.06915022  
2023-04-09 04:42:14.975: Find a better model.
2023-04-09 04:43:09.375: [iter 53 : loss : 0.2758 = 0.0384 + 0.2311 + 0.0051 + 0.0012, time: 54.378726]
2023-04-09 04:43:10.035: epoch 53:	0.03830348  	0.08328233  	0.06970758  
2023-04-09 04:43:10.035: Find a better model.
2023-04-09 04:44:04.406: [iter 54 : loss : 0.2742 = 0.0379 + 0.2299 + 0.0052 + 0.0012, time: 54.346426]
2023-04-09 04:44:05.043: epoch 54:	0.03835507  	0.08335522  	0.06975471  
2023-04-09 04:44:05.043: Find a better model.
2023-04-09 04:44:59.446: [iter 55 : loss : 0.2732 = 0.0382 + 0.2284 + 0.0053 + 0.0012, time: 54.381552]
2023-04-09 04:45:00.076: epoch 55:	0.03866477  	0.08404678  	0.07028215  
2023-04-09 04:45:00.076: Find a better model.
2023-04-09 04:45:54.449: [iter 56 : loss : 0.2714 = 0.0376 + 0.2271 + 0.0055 + 0.0012, time: 54.351521]
2023-04-09 04:45:55.088: epoch 56:	0.03883250  	0.08456892  	0.07061748  
2023-04-09 04:45:55.088: Find a better model.
2023-04-09 04:46:49.488: [iter 57 : loss : 0.2699 = 0.0374 + 0.2258 + 0.0056 + 0.0012, time: 54.377842]
2023-04-09 04:46:50.149: epoch 57:	0.03898735  	0.08481292  	0.07073965  
2023-04-09 04:46:50.149: Find a better model.
2023-04-09 04:47:44.515: [iter 58 : loss : 0.2688 = 0.0373 + 0.2246 + 0.0057 + 0.0012, time: 54.344450]
2023-04-09 04:47:45.140: epoch 58:	0.03921956  	0.08536717  	0.07112178  
2023-04-09 04:47:45.140: Find a better model.
2023-04-09 04:48:39.581: [iter 59 : loss : 0.2667 = 0.0366 + 0.2231 + 0.0058 + 0.0012, time: 54.422672]
2023-04-09 04:48:40.210: epoch 59:	0.03941955  	0.08584218  	0.07152732  
2023-04-09 04:48:40.211: Find a better model.
2023-04-09 04:49:34.567: [iter 60 : loss : 0.2657 = 0.0366 + 0.2220 + 0.0059 + 0.0011, time: 54.337997]
2023-04-09 04:49:35.228: epoch 60:	0.03958729  	0.08616633  	0.07197959  
2023-04-09 04:49:35.228: Find a better model.
2023-04-09 04:50:29.714: [iter 61 : loss : 0.2636 = 0.0358 + 0.2206 + 0.0060 + 0.0011, time: 54.464750]
2023-04-09 04:50:30.359: epoch 61:	0.03954857  	0.08587161  	0.07208391  
2023-04-09 04:51:24.844: [iter 62 : loss : 0.2624 = 0.0359 + 0.2192 + 0.0062 + 0.0011, time: 54.456515]
2023-04-09 04:51:25.481: epoch 62:	0.03987753  	0.08665075  	0.07260813  
2023-04-09 04:51:25.481: Find a better model.
2023-04-09 04:52:19.886: [iter 63 : loss : 0.2605 = 0.0350 + 0.2181 + 0.0063 + 0.0011, time: 54.384181]
2023-04-09 04:52:20.505: epoch 63:	0.04008394  	0.08709452  	0.07287653  
2023-04-09 04:52:20.505: Find a better model.
2023-04-09 04:53:14.939: [iter 64 : loss : 0.2594 = 0.0350 + 0.2168 + 0.0064 + 0.0011, time: 54.412341]
2023-04-09 04:53:15.579: epoch 64:	0.04032265  	0.08751049  	0.07328902  
2023-04-09 04:53:15.579: Find a better model.
2023-04-09 04:54:09.982: [iter 65 : loss : 0.2581 = 0.0350 + 0.2155 + 0.0065 + 0.0011, time: 54.375735]
2023-04-09 04:54:10.585: epoch 65:	0.04025814  	0.08749114  	0.07349247  
2023-04-09 04:55:04.954: [iter 66 : loss : 0.2563 = 0.0343 + 0.2142 + 0.0067 + 0.0011, time: 54.349690]
2023-04-09 04:55:05.604: epoch 66:	0.04042586  	0.08785168  	0.07367428  
2023-04-09 04:55:05.604: Find a better model.
2023-04-09 04:55:59.934: [iter 67 : loss : 0.2552 = 0.0344 + 0.2129 + 0.0068 + 0.0011, time: 54.308851]
2023-04-09 04:56:00.590: epoch 67:	0.04043872  	0.08794270  	0.07392669  
2023-04-09 04:56:00.590: Find a better model.
2023-04-09 04:56:55.004: [iter 68 : loss : 0.2539 = 0.0341 + 0.2118 + 0.0069 + 0.0011, time: 54.395678]
2023-04-09 04:56:55.663: epoch 68:	0.04049681  	0.08818867  	0.07402511  
2023-04-09 04:56:55.663: Find a better model.
2023-04-09 04:57:50.112: [iter 69 : loss : 0.2530 = 0.0344 + 0.2105 + 0.0070 + 0.0011, time: 54.424513]
2023-04-09 04:57:50.751: epoch 69:	0.04053552  	0.08800494  	0.07409597  
2023-04-09 04:58:45.022: [iter 70 : loss : 0.2515 = 0.0339 + 0.2093 + 0.0072 + 0.0011, time: 54.252348]
2023-04-09 04:58:45.691: epoch 70:	0.04051615  	0.08798162  	0.07418548  
2023-04-09 04:59:40.114: [iter 71 : loss : 0.2496 = 0.0332 + 0.2080 + 0.0073 + 0.0011, time: 54.398150]
2023-04-09 04:59:40.749: epoch 71:	0.04056774  	0.08824775  	0.07433768  
2023-04-09 04:59:40.749: Find a better model.
2023-04-09 05:00:35.082: [iter 72 : loss : 0.2486 = 0.0333 + 0.2068 + 0.0074 + 0.0011, time: 54.310060]
2023-04-09 05:00:35.714: epoch 72:	0.04076775  	0.08867469  	0.07453023  
2023-04-09 05:00:35.714: Find a better model.
2023-04-09 05:01:30.091: [iter 73 : loss : 0.2473 = 0.0331 + 0.2056 + 0.0075 + 0.0011, time: 54.353143]
2023-04-09 05:01:30.700: epoch 73:	0.04079355  	0.08849250  	0.07454919  
2023-04-09 05:02:25.139: [iter 74 : loss : 0.2461 = 0.0330 + 0.2044 + 0.0077 + 0.0011, time: 54.417664]
2023-04-09 05:02:25.772: epoch 74:	0.04094839  	0.08878347  	0.07483453  
2023-04-09 05:02:25.772: Find a better model.
2023-04-09 05:03:20.265: [iter 75 : loss : 0.2450 = 0.0330 + 0.2032 + 0.0078 + 0.0011, time: 54.466208]
2023-04-09 05:03:20.884: epoch 75:	0.04092902  	0.08865625  	0.07482907  
2023-04-09 05:04:15.203: [iter 76 : loss : 0.2439 = 0.0327 + 0.2022 + 0.0079 + 0.0010, time: 54.300152]
2023-04-09 05:04:15.824: epoch 76:	0.04098062  	0.08879418  	0.07473555  
2023-04-09 05:04:15.824: Find a better model.
2023-04-09 05:05:10.183: [iter 77 : loss : 0.2424 = 0.0324 + 0.2009 + 0.0081 + 0.0010, time: 54.340277]
2023-04-09 05:05:10.824: epoch 77:	0.04083222  	0.08849607  	0.07465388  
2023-04-09 05:06:05.240: [iter 78 : loss : 0.2409 = 0.0320 + 0.1997 + 0.0082 + 0.0010, time: 54.392792]
2023-04-09 05:06:05.891: epoch 78:	0.04085160  	0.08851911  	0.07484957  
2023-04-09 05:07:00.226: [iter 79 : loss : 0.2394 = 0.0315 + 0.1986 + 0.0083 + 0.0010, time: 54.312645]
2023-04-09 05:07:00.862: epoch 79:	0.04095480  	0.08853471  	0.07506333  
2023-04-09 05:07:55.353: [iter 80 : loss : 0.2387 = 0.0317 + 0.1975 + 0.0084 + 0.0010, time: 54.469511]
2023-04-09 05:07:55.986: epoch 80:	0.04123865  	0.08935667  	0.07553541  
2023-04-09 05:07:55.986: Find a better model.
2023-04-09 05:08:50.353: [iter 81 : loss : 0.2373 = 0.0316 + 0.1962 + 0.0086 + 0.0010, time: 54.343212]
2023-04-09 05:08:51.000: epoch 81:	0.04123219  	0.08923223  	0.07553188  
2023-04-09 05:09:45.357: [iter 82 : loss : 0.2362 = 0.0314 + 0.1950 + 0.0087 + 0.0010, time: 54.336393]
2023-04-09 05:09:46.011: epoch 82:	0.04132900  	0.08938188  	0.07569461  
2023-04-09 05:09:46.011: Find a better model.
2023-04-09 05:10:40.452: [iter 83 : loss : 0.2348 = 0.0310 + 0.1940 + 0.0088 + 0.0010, time: 54.421301]
2023-04-09 05:10:41.077: epoch 83:	0.04141930  	0.08975472  	0.07590566  
2023-04-09 05:10:41.077: Find a better model.
2023-04-09 05:11:35.364: [iter 84 : loss : 0.2328 = 0.0300 + 0.1928 + 0.0090 + 0.0010, time: 54.268604]
2023-04-09 05:11:36.009: epoch 84:	0.04159990  	0.09021202  	0.07619175  
2023-04-09 05:11:36.009: Find a better model.
2023-04-09 05:12:30.525: [iter 85 : loss : 0.2324 = 0.0306 + 0.1917 + 0.0091 + 0.0010, time: 54.491396]
2023-04-09 05:12:31.162: epoch 85:	0.04186439  	0.09094838  	0.07667649  
2023-04-09 05:12:31.162: Find a better model.
2023-04-09 05:13:25.675: [iter 86 : loss : 0.2308 = 0.0300 + 0.1906 + 0.0092 + 0.0010, time: 54.488281]
2023-04-09 05:13:26.309: epoch 86:	0.04192244  	0.09079369  	0.07658321  
2023-04-09 05:14:20.726: [iter 87 : loss : 0.2303 = 0.0305 + 0.1895 + 0.0094 + 0.0010, time: 54.394765]
2023-04-09 05:14:21.387: epoch 87:	0.04209664  	0.09122507  	0.07695186  
2023-04-09 05:14:21.387: Find a better model.
2023-04-09 05:15:15.872: [iter 88 : loss : 0.2297 = 0.0309 + 0.1883 + 0.0095 + 0.0010, time: 54.466350]
2023-04-09 05:15:16.509: epoch 88:	0.04209663  	0.09151240  	0.07707012  
2023-04-09 05:15:16.509: Find a better model.
2023-04-09 05:16:10.862: [iter 89 : loss : 0.2285 = 0.0305 + 0.1873 + 0.0096 + 0.0010, time: 54.332443]
2023-04-09 05:16:11.496: epoch 89:	0.04215467  	0.09166038  	0.07722495  
2023-04-09 05:16:11.497: Find a better model.
2023-04-09 05:17:05.853: [iter 90 : loss : 0.2271 = 0.0302 + 0.1863 + 0.0098 + 0.0010, time: 54.338500]
2023-04-09 05:17:06.483: epoch 90:	0.04224498  	0.09175017  	0.07736073  
2023-04-09 05:17:06.483: Find a better model.
2023-04-09 05:18:00.943: [iter 91 : loss : 0.2257 = 0.0297 + 0.1851 + 0.0099 + 0.0010, time: 54.440613]
2023-04-09 05:18:01.585: epoch 91:	0.04218047  	0.09156957  	0.07733053  
2023-04-09 05:18:56.012: [iter 92 : loss : 0.2244 = 0.0294 + 0.1840 + 0.0100 + 0.0010, time: 54.402631]
2023-04-09 05:18:56.674: epoch 92:	0.04216113  	0.09160484  	0.07734858  
2023-04-09 05:19:51.097: [iter 93 : loss : 0.2233 = 0.0292 + 0.1830 + 0.0102 + 0.0009, time: 54.399512]
2023-04-09 05:19:51.702: epoch 93:	0.04227727  	0.09197412  	0.07751462  
2023-04-09 05:19:51.703: Find a better model.
2023-04-09 05:20:46.083: [iter 94 : loss : 0.2224 = 0.0293 + 0.1819 + 0.0103 + 0.0009, time: 54.360035]
2023-04-09 05:20:46.700: epoch 94:	0.04236111  	0.09219181  	0.07780047  
2023-04-09 05:20:46.700: Find a better model.
2023-04-09 05:21:41.054: [iter 95 : loss : 0.2213 = 0.0291 + 0.1808 + 0.0104 + 0.0009, time: 54.333035]
2023-04-09 05:21:41.694: epoch 95:	0.04242563  	0.09231487  	0.07783659  
2023-04-09 05:21:41.694: Find a better model.
2023-04-09 05:22:36.000: [iter 96 : loss : 0.2202 = 0.0290 + 0.1798 + 0.0106 + 0.0009, time: 54.287100]
2023-04-09 05:22:36.630: epoch 96:	0.04256755  	0.09270811  	0.07794944  
2023-04-09 05:22:36.630: Find a better model.
2023-04-09 05:23:31.057: [iter 97 : loss : 0.2199 = 0.0295 + 0.1788 + 0.0107 + 0.0009, time: 54.403088]
2023-04-09 05:23:31.702: epoch 97:	0.04269657  	0.09300633  	0.07803895  
2023-04-09 05:23:31.702: Find a better model.
2023-04-09 05:24:26.138: [iter 98 : loss : 0.2182 = 0.0288 + 0.1777 + 0.0108 + 0.0009, time: 54.413862]
2023-04-09 05:24:26.787: epoch 98:	0.04267075  	0.09284025  	0.07789181  
2023-04-09 05:25:21.338: [iter 99 : loss : 0.2167 = 0.0282 + 0.1767 + 0.0110 + 0.0009, time: 54.525198]
2023-04-09 05:25:22.030: epoch 99:	0.04270302  	0.09293849  	0.07806700  
2023-04-09 05:26:16.477: [iter 100 : loss : 0.2170 = 0.0294 + 0.1757 + 0.0111 + 0.0009, time: 54.424249]
2023-04-09 05:26:17.118: epoch 100:	0.04270947  	0.09288883  	0.07825138  
2023-04-09 05:27:11.418: [iter 101 : loss : 0.2147 = 0.0279 + 0.1747 + 0.0112 + 0.0009, time: 54.279226]
2023-04-09 05:27:12.041: epoch 101:	0.04269655  	0.09292875  	0.07816504  
2023-04-09 05:28:06.513: [iter 102 : loss : 0.2144 = 0.0286 + 0.1736 + 0.0114 + 0.0009, time: 54.450271]
2023-04-09 05:28:07.144: epoch 102:	0.04283848  	0.09318684  	0.07837528  
2023-04-09 05:28:07.144: Find a better model.
2023-04-09 05:29:01.486: [iter 103 : loss : 0.2131 = 0.0281 + 0.1727 + 0.0115 + 0.0009, time: 54.320734]
2023-04-09 05:29:02.118: epoch 103:	0.04300622  	0.09355115  	0.07853432  
2023-04-09 05:29:02.118: Find a better model.
2023-04-09 05:29:56.535: [iter 104 : loss : 0.2126 = 0.0283 + 0.1718 + 0.0116 + 0.0009, time: 54.394427]
2023-04-09 05:29:57.170: epoch 104:	0.04312233  	0.09362073  	0.07859439  
2023-04-09 05:29:57.170: Find a better model.
2023-04-09 05:30:51.573: [iter 105 : loss : 0.2107 = 0.0274 + 0.1707 + 0.0118 + 0.0009, time: 54.375862]
2023-04-09 05:30:52.208: epoch 105:	0.04321266  	0.09399438  	0.07892176  
2023-04-09 05:30:52.208: Find a better model.
2023-04-09 05:31:46.563: [iter 106 : loss : 0.2094 = 0.0270 + 0.1697 + 0.0119 + 0.0009, time: 54.335768]
2023-04-09 05:31:47.199: epoch 106:	0.04327715  	0.09393245  	0.07898853  
2023-04-09 05:32:41.635: [iter 107 : loss : 0.2093 = 0.0276 + 0.1688 + 0.0120 + 0.0009, time: 54.415668]
2023-04-09 05:32:42.260: epoch 107:	0.04319328  	0.09407250  	0.07913832  
2023-04-09 05:32:42.261: Find a better model.
2023-04-09 05:33:36.614: [iter 108 : loss : 0.2087 = 0.0279 + 0.1678 + 0.0122 + 0.0009, time: 54.333814]
2023-04-09 05:33:37.247: epoch 108:	0.04330941  	0.09413780  	0.07913323  
2023-04-09 05:33:37.247: Find a better model.
2023-04-09 05:34:31.573: [iter 109 : loss : 0.2068 = 0.0268 + 0.1668 + 0.0123 + 0.0009, time: 54.305163]
2023-04-09 05:34:32.208: epoch 109:	0.04344486  	0.09460597  	0.07941231  
2023-04-09 05:34:32.208: Find a better model.
2023-04-09 05:35:26.594: [iter 110 : loss : 0.2055 = 0.0264 + 0.1658 + 0.0124 + 0.0009, time: 54.364870]
2023-04-09 05:35:27.219: epoch 110:	0.04345775  	0.09439638  	0.07933786  
2023-04-09 05:36:21.689: [iter 111 : loss : 0.2043 = 0.0262 + 0.1648 + 0.0126 + 0.0009, time: 54.447829]
2023-04-09 05:36:22.366: epoch 111:	0.04348358  	0.09444178  	0.07940272  
2023-04-09 05:37:17.047: [iter 112 : loss : 0.2048 = 0.0271 + 0.1641 + 0.0127 + 0.0009, time: 54.657952]
2023-04-09 05:37:17.685: epoch 112:	0.04359329  	0.09473299  	0.07966658  
2023-04-09 05:37:17.685: Find a better model.
2023-04-09 05:38:12.532: [iter 113 : loss : 0.2042 = 0.0275 + 0.1630 + 0.0128 + 0.0008, time: 54.826373]
2023-04-09 05:38:13.169: epoch 113:	0.04356747  	0.09475697  	0.07960315  
2023-04-09 05:38:13.170: Find a better model.
2023-04-09 05:39:08.173: [iter 114 : loss : 0.2023 = 0.0263 + 0.1622 + 0.0130 + 0.0008, time: 54.983715]
2023-04-09 05:39:08.792: epoch 114:	0.04374165  	0.09509843  	0.07986289  
2023-04-09 05:39:08.793: Find a better model.
2023-04-09 05:40:03.673: [iter 115 : loss : 0.2019 = 0.0268 + 0.1612 + 0.0131 + 0.0008, time: 54.859015]
2023-04-09 05:40:04.309: epoch 115:	0.04379975  	0.09540844  	0.08013253  
2023-04-09 05:40:04.309: Find a better model.
2023-04-09 05:40:59.410: [iter 116 : loss : 0.1999 = 0.0256 + 0.1603 + 0.0132 + 0.0008, time: 55.082680]
2023-04-09 05:41:00.066: epoch 116:	0.04384492  	0.09536608  	0.08036493  
2023-04-09 05:41:54.759: [iter 117 : loss : 0.1994 = 0.0258 + 0.1594 + 0.0134 + 0.0008, time: 54.669443]
2023-04-09 05:41:55.412: epoch 117:	0.04381912  	0.09533039  	0.08035053  
2023-04-09 05:42:48.888: [iter 118 : loss : 0.1988 = 0.0260 + 0.1585 + 0.0135 + 0.0008, time: 53.447803]
2023-04-09 05:42:49.482: epoch 118:	0.04376751  	0.09510898  	0.08029213  
2023-04-09 05:43:44.171: [iter 119 : loss : 0.1979 = 0.0258 + 0.1576 + 0.0136 + 0.0008, time: 54.668942]
2023-04-09 05:43:44.833: epoch 119:	0.04379977  	0.09503587  	0.08049861  
2023-04-09 05:44:39.490: [iter 120 : loss : 0.1970 = 0.0258 + 0.1566 + 0.0138 + 0.0008, time: 54.636258]
2023-04-09 05:44:40.122: epoch 120:	0.04377396  	0.09503476  	0.08034281  
2023-04-09 05:45:35.288: [iter 121 : loss : 0.1964 = 0.0258 + 0.1559 + 0.0139 + 0.0008, time: 55.143557]
2023-04-09 05:45:35.972: epoch 121:	0.04379975  	0.09531724  	0.08054106  
2023-04-09 05:46:30.345: [iter 122 : loss : 0.1949 = 0.0250 + 0.1550 + 0.0140 + 0.0008, time: 54.352809]
2023-04-09 05:46:31.000: epoch 122:	0.04376752  	0.09523873  	0.08041142  
2023-04-09 05:47:25.604: [iter 123 : loss : 0.1946 = 0.0256 + 0.1541 + 0.0142 + 0.0008, time: 54.581909]
2023-04-09 05:47:26.273: epoch 123:	0.04382556  	0.09549128  	0.08049368  
2023-04-09 05:47:26.274: Find a better model.
2023-04-09 05:48:21.108: [iter 124 : loss : 0.1935 = 0.0252 + 0.1532 + 0.0143 + 0.0008, time: 54.811219]
2023-04-09 05:48:21.741: epoch 124:	0.04376103  	0.09521949  	0.08049195  
2023-04-09 05:49:16.446: [iter 125 : loss : 0.1928 = 0.0253 + 0.1524 + 0.0144 + 0.0008, time: 54.683483]
2023-04-09 05:49:17.061: epoch 125:	0.04384487  	0.09539071  	0.08056145  
2023-04-09 05:50:11.590: [iter 126 : loss : 0.1926 = 0.0257 + 0.1516 + 0.0146 + 0.0008, time: 54.509712]
2023-04-09 05:50:12.269: epoch 126:	0.04397389  	0.09579524  	0.08091743  
2023-04-09 05:50:12.270: Find a better model.
2023-04-09 05:51:06.763: [iter 127 : loss : 0.1917 = 0.0255 + 0.1507 + 0.0147 + 0.0008, time: 54.469260]
2023-04-09 05:51:07.414: epoch 127:	0.04393519  	0.09556804  	0.08072492  
2023-04-09 05:52:01.790: [iter 128 : loss : 0.1906 = 0.0251 + 0.1499 + 0.0148 + 0.0008, time: 54.348441]
2023-04-09 05:52:02.432: epoch 128:	0.04401262  	0.09597048  	0.08094720  
2023-04-09 05:52:02.432: Find a better model.
2023-04-09 05:52:56.866: [iter 129 : loss : 0.1904 = 0.0255 + 0.1492 + 0.0149 + 0.0008, time: 54.414261]
2023-04-09 05:52:57.500: epoch 129:	0.04418683  	0.09622856  	0.08111364  
2023-04-09 05:52:57.500: Find a better model.
2023-04-09 05:53:51.868: [iter 130 : loss : 0.1887 = 0.0245 + 0.1484 + 0.0151 + 0.0008, time: 54.347630]
2023-04-09 05:53:52.480: epoch 130:	0.04416748  	0.09596773  	0.08113013  
2023-04-09 05:54:46.742: [iter 131 : loss : 0.1887 = 0.0252 + 0.1475 + 0.0152 + 0.0008, time: 54.236706]
2023-04-09 05:54:47.350: epoch 131:	0.04414167  	0.09605709  	0.08127180  
2023-04-09 05:55:41.856: [iter 132 : loss : 0.1871 = 0.0242 + 0.1468 + 0.0153 + 0.0008, time: 54.484506]
2023-04-09 05:55:42.520: epoch 132:	0.04416103  	0.09600742  	0.08124207  
2023-04-09 05:56:37.041: [iter 133 : loss : 0.1865 = 0.0243 + 0.1459 + 0.0155 + 0.0008, time: 54.498755]
2023-04-09 05:56:37.676: epoch 133:	0.04426425  	0.09635026  	0.08132590  
2023-04-09 05:56:37.676: Find a better model.
2023-04-09 05:57:32.230: [iter 134 : loss : 0.1868 = 0.0252 + 0.1452 + 0.0156 + 0.0008, time: 54.529198]
2023-04-09 05:57:32.838: epoch 134:	0.04420618  	0.09613606  	0.08126162  
2023-04-09 05:58:27.528: [iter 135 : loss : 0.1852 = 0.0244 + 0.1443 + 0.0157 + 0.0007, time: 54.662632]
2023-04-09 05:58:28.125: epoch 135:	0.04424484  	0.09634101  	0.08137740  
2023-04-09 05:59:23.173: [iter 136 : loss : 0.1841 = 0.0239 + 0.1436 + 0.0158 + 0.0007, time: 55.028357]
2023-04-09 05:59:23.789: epoch 136:	0.04414809  	0.09611822  	0.08135160  
2023-04-09 06:00:18.180: [iter 137 : loss : 0.1836 = 0.0241 + 0.1428 + 0.0160 + 0.0007, time: 54.373364]
2023-04-09 06:00:18.811: epoch 137:	0.04427069  	0.09633777  	0.08157291  
2023-04-09 06:01:13.182: [iter 138 : loss : 0.1828 = 0.0239 + 0.1421 + 0.0161 + 0.0007, time: 54.351807]
2023-04-09 06:01:13.813: epoch 138:	0.04433518  	0.09624691  	0.08151685  
2023-04-09 06:02:08.122: [iter 139 : loss : 0.1823 = 0.0240 + 0.1413 + 0.0162 + 0.0007, time: 54.288197]
2023-04-09 06:02:08.790: epoch 139:	0.04433518  	0.09623372  	0.08148250  
2023-04-09 06:03:03.220: [iter 140 : loss : 0.1823 = 0.0246 + 0.1406 + 0.0163 + 0.0007, time: 54.408759]
2023-04-09 06:03:03.855: epoch 140:	0.04456741  	0.09680258  	0.08178140  
2023-04-09 06:03:03.855: Find a better model.
2023-04-09 06:03:58.278: [iter 141 : loss : 0.1814 = 0.0243 + 0.1399 + 0.0164 + 0.0007, time: 54.398839]
2023-04-09 06:03:58.911: epoch 141:	0.04450292  	0.09669129  	0.08164891  
2023-04-09 06:04:53.237: [iter 142 : loss : 0.1797 = 0.0232 + 0.1391 + 0.0166 + 0.0007, time: 54.304571]
2023-04-09 06:04:53.871: epoch 142:	0.04469643  	0.09709472  	0.08192671  
2023-04-09 06:04:53.871: Find a better model.
2023-04-09 06:05:48.237: [iter 143 : loss : 0.1796 = 0.0238 + 0.1385 + 0.0167 + 0.0007, time: 54.343674]
2023-04-09 06:05:48.853: epoch 143:	0.04474161  	0.09732691  	0.08212951  
2023-04-09 06:05:48.853: Find a better model.
2023-04-09 06:06:43.327: [iter 144 : loss : 0.1791 = 0.0239 + 0.1377 + 0.0168 + 0.0007, time: 54.447355]
2023-04-09 06:06:43.953: epoch 144:	0.04474803  	0.09733038  	0.08205967  
2023-04-09 06:06:43.953: Find a better model.
2023-04-09 06:07:38.249: [iter 145 : loss : 0.1787 = 0.0239 + 0.1372 + 0.0169 + 0.0007, time: 54.277081]
2023-04-09 06:07:38.902: epoch 145:	0.04478028  	0.09724719  	0.08204505  
2023-04-09 06:08:33.490: [iter 146 : loss : 0.1777 = 0.0236 + 0.1364 + 0.0171 + 0.0007, time: 54.565353]
2023-04-09 06:08:34.118: epoch 146:	0.04485124  	0.09749240  	0.08220390  
2023-04-09 06:08:34.118: Find a better model.
2023-04-09 06:09:28.618: [iter 147 : loss : 0.1772 = 0.0236 + 0.1357 + 0.0172 + 0.0007, time: 54.478866]
2023-04-09 06:09:29.268: epoch 147:	0.04485771  	0.09756186  	0.08233695  
2023-04-09 06:09:29.268: Find a better model.
2023-04-09 06:10:23.693: [iter 148 : loss : 0.1766 = 0.0236 + 0.1350 + 0.0173 + 0.0007, time: 54.406193]
2023-04-09 06:10:24.317: epoch 148:	0.04484480  	0.09759417  	0.08226888  
2023-04-09 06:10:24.317: Find a better model.
2023-04-09 06:11:18.867: [iter 149 : loss : 0.1752 = 0.0228 + 0.1343 + 0.0174 + 0.0007, time: 54.524776]
2023-04-09 06:11:19.489: epoch 149:	0.04499961  	0.09788248  	0.08237787  
2023-04-09 06:11:19.489: Find a better model.
2023-04-09 06:12:13.926: [iter 150 : loss : 0.1753 = 0.0234 + 0.1336 + 0.0175 + 0.0007, time: 54.418196]
2023-04-09 06:12:14.556: epoch 150:	0.04507059  	0.09794159  	0.08250388  
2023-04-09 06:12:14.557: Find a better model.
2023-04-09 06:13:09.095: [iter 151 : loss : 0.1746 = 0.0233 + 0.1330 + 0.0177 + 0.0007, time: 54.518881]
2023-04-09 06:13:09.729: epoch 151:	0.04501899  	0.09790202  	0.08239485  
2023-04-09 06:14:04.351: [iter 152 : loss : 0.1739 = 0.0231 + 0.1323 + 0.0178 + 0.0007, time: 54.603090]
2023-04-09 06:14:04.988: epoch 152:	0.04501902  	0.09798264  	0.08244087  
2023-04-09 06:14:04.988: Find a better model.
2023-04-09 06:14:59.293: [iter 153 : loss : 0.1735 = 0.0232 + 0.1317 + 0.0179 + 0.0007, time: 54.279253]
2023-04-09 06:14:59.920: epoch 153:	0.04492226  	0.09765070  	0.08222609  
2023-04-09 06:15:54.274: [iter 154 : loss : 0.1727 = 0.0229 + 0.1311 + 0.0180 + 0.0007, time: 54.333184]
2023-04-09 06:15:54.900: epoch 154:	0.04482547  	0.09737786  	0.08222585  
2023-04-09 06:16:49.249: [iter 155 : loss : 0.1721 = 0.0229 + 0.1304 + 0.0181 + 0.0007, time: 54.328024]
2023-04-09 06:16:49.873: epoch 155:	0.04490288  	0.09741589  	0.08233478  
2023-04-09 06:17:44.318: [iter 156 : loss : 0.1720 = 0.0233 + 0.1298 + 0.0182 + 0.0007, time: 54.426974]
2023-04-09 06:17:44.948: epoch 156:	0.04478678  	0.09732527  	0.08225743  
2023-04-09 06:18:39.484: [iter 157 : loss : 0.1712 = 0.0229 + 0.1293 + 0.0184 + 0.0007, time: 54.513701]
2023-04-09 06:18:40.109: epoch 157:	0.04494163  	0.09769194  	0.08248971  
2023-04-09 06:19:34.608: [iter 158 : loss : 0.1707 = 0.0230 + 0.1285 + 0.0185 + 0.0007, time: 54.473606]
2023-04-09 06:19:35.237: epoch 158:	0.04507064  	0.09807174  	0.08269078  
2023-04-09 06:19:35.237: Find a better model.
2023-04-09 06:20:29.770: [iter 159 : loss : 0.1692 = 0.0221 + 0.1278 + 0.0186 + 0.0007, time: 54.513199]
2023-04-09 06:20:30.413: epoch 159:	0.04483841  	0.09754254  	0.08265352  
2023-04-09 06:21:24.847: [iter 160 : loss : 0.1690 = 0.0222 + 0.1274 + 0.0187 + 0.0007, time: 54.407185]
2023-04-09 06:21:25.530: epoch 160:	0.04493519  	0.09774379  	0.08275352  
2023-04-09 06:22:19.945: [iter 161 : loss : 0.1686 = 0.0224 + 0.1268 + 0.0188 + 0.0007, time: 54.397804]
2023-04-09 06:22:20.575: epoch 161:	0.04487712  	0.09770109  	0.08287379  
2023-04-09 06:23:14.940: [iter 162 : loss : 0.1681 = 0.0225 + 0.1261 + 0.0189 + 0.0007, time: 54.340818]
2023-04-09 06:23:15.592: epoch 162:	0.04490937  	0.09771908  	0.08273508  
2023-04-09 06:24:09.896: [iter 163 : loss : 0.1675 = 0.0223 + 0.1255 + 0.0190 + 0.0007, time: 54.286361]
2023-04-09 06:24:10.522: epoch 163:	0.04488355  	0.09762941  	0.08273767  
2023-04-09 06:25:04.823: [iter 164 : loss : 0.1675 = 0.0228 + 0.1249 + 0.0191 + 0.0006, time: 54.276890]
2023-04-09 06:25:05.455: epoch 164:	0.04495450  	0.09776613  	0.08289825  
2023-04-09 06:25:59.834: [iter 165 : loss : 0.1670 = 0.0228 + 0.1242 + 0.0193 + 0.0006, time: 54.358983]
2023-04-09 06:26:00.454: epoch 165:	0.04483840  	0.09749502  	0.08276930  
2023-04-09 06:26:54.999: [iter 166 : loss : 0.1657 = 0.0220 + 0.1237 + 0.0194 + 0.0006, time: 54.524195]
2023-04-09 06:26:55.605: epoch 166:	0.04493519  	0.09790467  	0.08293136  
2023-04-09 06:27:50.001: [iter 167 : loss : 0.1659 = 0.0225 + 0.1232 + 0.0195 + 0.0006, time: 54.376762]
2023-04-09 06:27:50.648: epoch 167:	0.04498034  	0.09808043  	0.08290530  
2023-04-09 06:27:50.649: Find a better model.
2023-04-09 06:28:45.190: [iter 168 : loss : 0.1649 = 0.0220 + 0.1226 + 0.0196 + 0.0006, time: 54.517695]
2023-04-09 06:28:45.827: epoch 168:	0.04494811  	0.09810725  	0.08303130  
2023-04-09 06:28:45.827: Find a better model.
2023-04-09 06:29:40.373: [iter 169 : loss : 0.1645 = 0.0222 + 0.1220 + 0.0197 + 0.0006, time: 54.523123]
2023-04-09 06:29:41.013: epoch 169:	0.04504485  	0.09822559  	0.08296200  
2023-04-09 06:29:41.014: Find a better model.
2023-04-09 06:30:35.480: [iter 170 : loss : 0.1638 = 0.0219 + 0.1215 + 0.0198 + 0.0006, time: 54.445247]
2023-04-09 06:30:36.110: epoch 170:	0.04494813  	0.09801000  	0.08281453  
2023-04-09 06:31:30.612: [iter 171 : loss : 0.1633 = 0.0218 + 0.1210 + 0.0199 + 0.0006, time: 54.478498]
2023-04-09 06:31:31.263: epoch 171:	0.04487715  	0.09783919  	0.08274600  
2023-04-09 06:32:25.741: [iter 172 : loss : 0.1624 = 0.0213 + 0.1204 + 0.0200 + 0.0006, time: 54.448408]
2023-04-09 06:32:26.367: epoch 172:	0.04493520  	0.09804488  	0.08281381  
2023-04-09 06:33:20.934: [iter 173 : loss : 0.1623 = 0.0217 + 0.1198 + 0.0201 + 0.0006, time: 54.545761]
2023-04-09 06:33:21.562: epoch 173:	0.04497392  	0.09808697  	0.08267990  
2023-04-09 06:34:16.118: [iter 174 : loss : 0.1614 = 0.0213 + 0.1193 + 0.0202 + 0.0006, time: 54.535303]
2023-04-09 06:34:16.733: epoch 174:	0.04507073  	0.09826547  	0.08290134  
2023-04-09 06:34:16.733: Find a better model.
2023-04-09 06:35:11.160: [iter 175 : loss : 0.1616 = 0.0219 + 0.1187 + 0.0203 + 0.0006, time: 54.406908]
2023-04-09 06:35:11.788: epoch 175:	0.04499331  	0.09804115  	0.08282068  
2023-04-09 06:36:06.357: [iter 176 : loss : 0.1605 = 0.0212 + 0.1182 + 0.0205 + 0.0006, time: 54.547046]
2023-04-09 06:36:06.994: epoch 176:	0.04497395  	0.09790102  	0.08281842  
2023-04-09 06:37:01.403: [iter 177 : loss : 0.1602 = 0.0214 + 0.1177 + 0.0206 + 0.0006, time: 54.387470]
2023-04-09 06:37:02.031: epoch 177:	0.04501264  	0.09801535  	0.08291063  
2023-04-09 06:37:56.396: [iter 178 : loss : 0.1586 = 0.0202 + 0.1172 + 0.0207 + 0.0006, time: 54.343365]
2023-04-09 06:37:57.021: epoch 178:	0.04507713  	0.09826795  	0.08300616  
2023-04-09 06:37:57.022: Find a better model.
2023-04-09 06:38:51.462: [iter 179 : loss : 0.1592 = 0.0211 + 0.1167 + 0.0208 + 0.0006, time: 54.419146]
2023-04-09 06:38:52.074: epoch 179:	0.04514163  	0.09849537  	0.08317965  
2023-04-09 06:38:52.074: Find a better model.
2023-04-09 06:39:45.302: [iter 180 : loss : 0.1592 = 0.0217 + 0.1161 + 0.0209 + 0.0006, time: 53.206895]
2023-04-09 06:39:45.923: epoch 180:	0.04505777  	0.09811268  	0.08320618  
2023-04-09 06:40:40.424: [iter 181 : loss : 0.1587 = 0.0216 + 0.1156 + 0.0210 + 0.0006, time: 54.482400]
2023-04-09 06:40:41.050: epoch 181:	0.04501261  	0.09807705  	0.08313358  
2023-04-09 06:41:35.522: [iter 182 : loss : 0.1577 = 0.0209 + 0.1151 + 0.0211 + 0.0006, time: 54.454134]
2023-04-09 06:41:36.168: epoch 182:	0.04498681  	0.09795610  	0.08316131  
2023-04-09 06:42:30.645: [iter 183 : loss : 0.1573 = 0.0209 + 0.1145 + 0.0212 + 0.0006, time: 54.457057]
2023-04-09 06:42:31.292: epoch 183:	0.04493517  	0.09788635  	0.08310691  
2023-04-09 06:43:25.743: [iter 184 : loss : 0.1569 = 0.0209 + 0.1142 + 0.0213 + 0.0006, time: 54.427206]
2023-04-09 06:43:26.378: epoch 184:	0.04499321  	0.09797325  	0.08326096  
2023-04-09 06:44:20.891: [iter 185 : loss : 0.1561 = 0.0206 + 0.1135 + 0.0214 + 0.0006, time: 54.480330]
2023-04-09 06:44:21.600: epoch 185:	0.04505128  	0.09798674  	0.08323862  
2023-04-09 06:45:15.987: [iter 186 : loss : 0.1557 = 0.0205 + 0.1131 + 0.0215 + 0.0006, time: 54.364247]
2023-04-09 06:45:16.624: epoch 186:	0.04490937  	0.09775691  	0.08310065  
2023-04-09 06:46:10.998: [iter 187 : loss : 0.1559 = 0.0210 + 0.1127 + 0.0216 + 0.0006, time: 54.355813]
2023-04-09 06:46:11.620: epoch 187:	0.04511581  	0.09790026  	0.08307659  
2023-04-09 06:47:05.988: [iter 188 : loss : 0.1555 = 0.0211 + 0.1121 + 0.0217 + 0.0006, time: 54.347884]
2023-04-09 06:47:06.614: epoch 188:	0.04500615  	0.09779918  	0.08306716  
2023-04-09 06:48:00.952: [iter 189 : loss : 0.1544 = 0.0203 + 0.1117 + 0.0218 + 0.0006, time: 54.315532]
2023-04-09 06:48:01.622: epoch 189:	0.04484489  	0.09747182  	0.08293626  
2023-04-09 06:48:01.622: Early stopping is trigger at epoch: 189
2023-04-09 06:48:01.622: best_result@epoch 179:

2023-04-09 06:48:01.622: 		0.0451      	0.0985      	0.0832      
