2023-09-02 22:08:56.216: my pid: 35862
2023-09-02 22:08:56.216: model: model.general_recommender.GNNEC
2023-09-02 22:08:56.216: Dataset statistics:
Name: yelp
The number of users: 7750
The number of items: 28918
The number of ratings: 750318
Average actions of users: 96.82
Average actions of items: 25.95
The sparsity of the dataset: 99.665208%

The number of training: 678579
The number of validation: 0
The number of testing: 71739
2023-09-02 22:08:56.216: NeuRec:[NeuRec]:
recommender=GNNEC
dataset=yelp
file_column=UI
sep=','
gpu_id=0
gpu_mem=0.99
metric=["Precision", "Recall", "NDCG"]
top_k=[20]
test_thread=8
test_batch_size=128
seed=2021
start_testing_epoch=0

GNNEC:[hyperparameters]:
mf_reg=1e-4
svd_q=5
aug_type=ND
reg=1e-4
embed_size=64
n_layers=2
ssl_reg=0.02
ssl_ratio=0.1
ssl_temp=0.5
ssl_mode=both_side
lr=1e-3
learner=adam
adj_type=pre
epochs=200
batch_size=2048
num_negatives=1
param_init=xavier_uniform
stddev=0.01
verbose=1
stop_cnt=10
pretrain_flag=0
save_flag=0

Command line:
recommender=GNNEC
dataset=yelp
epochs=200
n_layers=2
embed_size=64
batch_size=2048
lr=1e-3
aug_type=ND
reg=1e-4
ssl_reg=0.02
ssl_ratio=0.1
ssl_temp=0.5
mf_reg=1e-4
svd_q=5
2023-09-02 22:09:00.941: metrics:	Precision@20	Recall@20   	NDCG@20     
2023-09-02 22:09:27.677: [iter 1 : loss : 0.7153 = 0.4475 + 0.2663 + 0.0001 + 0.0013, time: 26.735968]
2023-09-02 22:09:28.364: epoch 1:	0.02540697  	0.05490843  	0.04672281  
2023-09-02 22:09:28.364: Find a better model.
2023-09-02 22:09:54.037: [iter 2 : loss : 0.4219 = 0.2466 + 0.1740 + 0.0004 + 0.0009, time: 25.644463]
2023-09-02 22:09:54.705: epoch 2:	0.02539406  	0.05472754  	0.04658172  
2023-09-02 22:10:20.331: [iter 3 : loss : 0.3748 = 0.2257 + 0.1477 + 0.0006 + 0.0007, time: 25.599468]
2023-09-02 22:10:20.966: epoch 3:	0.02568441  	0.05554223  	0.04694040  
2023-09-02 22:10:20.966: Find a better model.
2023-09-02 22:10:46.636: [iter 4 : loss : 0.3447 = 0.2125 + 0.1309 + 0.0007 + 0.0007, time: 25.634207]
2023-09-02 22:10:47.245: epoch 4:	0.02648444  	0.05721740  	0.04822224  
2023-09-02 22:10:47.246: Find a better model.
2023-09-02 22:11:13.061: [iter 5 : loss : 0.3207 = 0.2019 + 0.1173 + 0.0008 + 0.0006, time: 25.775624]
2023-09-02 22:11:13.691: epoch 5:	0.02696187  	0.05822733  	0.04864216  
2023-09-02 22:11:13.691: Find a better model.
2023-09-02 22:11:39.463: [iter 6 : loss : 0.3004 = 0.1932 + 0.1056 + 0.0010 + 0.0005, time: 25.743299]
2023-09-02 22:11:40.118: epoch 6:	0.02723932  	0.05877868  	0.04940175  
2023-09-02 22:11:40.118: Find a better model.
2023-09-02 22:12:05.769: [iter 7 : loss : 0.2791 = 0.1831 + 0.0945 + 0.0011 + 0.0005, time: 25.621907]
2023-09-02 22:12:06.422: epoch 7:	0.02740706  	0.05929139  	0.04963993  
2023-09-02 22:12:06.422: Find a better model.
2023-09-02 22:12:32.142: [iter 8 : loss : 0.2623 = 0.1762 + 0.0844 + 0.0012 + 0.0004, time: 25.696386]
2023-09-02 22:12:32.774: epoch 8:	0.02776836  	0.06028007  	0.05040893  
2023-09-02 22:12:32.774: Find a better model.
2023-09-02 22:12:58.866: [iter 9 : loss : 0.2485 = 0.1716 + 0.0752 + 0.0014 + 0.0004, time: 26.068355]
2023-09-02 22:12:59.519: epoch 9:	0.02787804  	0.06050432  	0.05045789  
2023-09-02 22:12:59.519: Find a better model.
2023-09-02 22:13:25.375: [iter 10 : loss : 0.2341 = 0.1664 + 0.0658 + 0.0015 + 0.0004, time: 25.832391]
2023-09-02 22:13:26.017: epoch 10:	0.02829095  	0.06107325  	0.05089271  
2023-09-02 22:13:26.017: Find a better model.
2023-09-02 22:13:52.112: [iter 11 : loss : 0.2213 = 0.1620 + 0.0573 + 0.0017 + 0.0003, time: 26.063836]
2023-09-02 22:13:52.758: epoch 11:	0.02854901  	0.06173176  	0.05181981  
2023-09-02 22:13:52.758: Find a better model.
2023-09-02 22:14:18.851: [iter 12 : loss : 0.2085 = 0.1580 + 0.0484 + 0.0018 + 0.0003, time: 26.057280]
2023-09-02 22:14:19.517: epoch 12:	0.02887808  	0.06242004  	0.05221661  
2023-09-02 22:14:19.518: Find a better model.
2023-09-02 22:14:45.495: [iter 13 : loss : 0.1976 = 0.1552 + 0.0402 + 0.0020 + 0.0002, time: 25.947847]
2023-09-02 22:14:46.138: epoch 13:	0.02945875  	0.06389400  	0.05307325  
2023-09-02 22:14:46.139: Find a better model.
2023-09-02 22:15:12.203: [iter 14 : loss : 0.1836 = 0.1498 + 0.0315 + 0.0021 + 0.0002, time: 26.039718]
2023-09-02 22:15:12.865: epoch 14:	0.02994263  	0.06495945  	0.05389759  
2023-09-02 22:15:12.866: Find a better model.
2023-09-02 22:15:38.982: [iter 15 : loss : 0.1743 = 0.1486 + 0.0232 + 0.0023 + 0.0001, time: 26.085232]
2023-09-02 22:15:39.700: epoch 15:	0.03034912  	0.06587108  	0.05468467  
2023-09-02 22:15:39.700: Find a better model.
2023-09-02 22:16:05.842: [iter 16 : loss : 0.1641 = 0.1461 + 0.0155 + 0.0025 + 0.0001, time: 26.113855]
2023-09-02 22:16:06.529: epoch 16:	0.03075558  	0.06675005  	0.05542130  
2023-09-02 22:16:06.530: Find a better model.
2023-09-02 22:16:32.329: [iter 17 : loss : 0.1510 = 0.1418 + 0.0065 + 0.0026 + 0.0001, time: 25.766256]
2023-09-02 22:16:32.981: epoch 17:	0.03111044  	0.06748743  	0.05601262  
2023-09-02 22:16:32.981: Find a better model.
2023-09-02 22:16:58.990: [iter 18 : loss : 0.1416 = 0.1406 + -0.0018 + 0.0028 + 0.0000, time: 25.983739]
2023-09-02 22:16:59.685: epoch 18:	0.03156851  	0.06852996  	0.05705186  
2023-09-02 22:16:59.685: Find a better model.
2023-09-02 22:17:25.608: [iter 19 : loss : 0.1297 = 0.1371 + -0.0104 + 0.0030 + -0.0000, time: 25.897769]
2023-09-02 22:17:26.315: epoch 19:	0.03207821  	0.06973625  	0.05781053  
2023-09-02 22:17:26.315: Find a better model.
2023-09-02 22:17:52.203: [iter 20 : loss : 0.1202 = 0.1355 + -0.0184 + 0.0032 + -0.0001, time: 25.865671]
2023-09-02 22:17:52.927: epoch 20:	0.03232336  	0.07007729  	0.05839251  
2023-09-02 22:17:52.927: Find a better model.
2023-09-02 22:18:18.998: [iter 21 : loss : 0.1083 = 0.1321 + -0.0271 + 0.0034 + -0.0001, time: 26.038872]
2023-09-02 22:18:19.648: epoch 21:	0.03294918  	0.07170217  	0.05941971  
2023-09-02 22:18:19.648: Find a better model.
2023-09-02 22:18:45.589: [iter 22 : loss : 0.0993 = 0.1308 + -0.0349 + 0.0036 + -0.0002, time: 25.914344]
2023-09-02 22:18:46.228: epoch 22:	0.03323302  	0.07217353  	0.06007465  
2023-09-02 22:18:46.228: Find a better model.
2023-09-02 22:19:12.375: [iter 23 : loss : 0.0896 = 0.1291 + -0.0431 + 0.0038 + -0.0002, time: 26.123363]
2023-09-02 22:19:12.990: epoch 23:	0.03379426  	0.07365400  	0.06088635  
2023-09-02 22:19:12.990: Find a better model.
2023-09-02 22:19:39.005: [iter 24 : loss : 0.0823 = 0.1295 + -0.0510 + 0.0040 + -0.0002, time: 25.988118]
2023-09-02 22:19:39.660: epoch 24:	0.03397489  	0.07395571  	0.06128076  
2023-09-02 22:19:39.660: Find a better model.
2023-09-02 22:20:05.730: [iter 25 : loss : 0.0719 = 0.1268 + -0.0588 + 0.0042 + -0.0003, time: 26.041254]
2023-09-02 22:20:06.380: epoch 25:	0.03427811  	0.07442012  	0.06173591  
2023-09-02 22:20:06.380: Find a better model.
2023-09-02 22:20:32.420: [iter 26 : loss : 0.0633 = 0.1259 + -0.0667 + 0.0044 + -0.0003, time: 26.012243]
2023-09-02 22:20:33.061: epoch 26:	0.03472968  	0.07551634  	0.06264818  
2023-09-02 22:20:33.061: Find a better model.
2023-09-02 22:20:59.205: [iter 27 : loss : 0.0521 = 0.1226 + -0.0748 + 0.0046 + -0.0004, time: 26.110453]
2023-09-02 22:20:59.908: epoch 27:	0.03483290  	0.07558072  	0.06294980  
2023-09-02 22:20:59.908: Find a better model.
2023-09-02 22:21:25.988: [iter 28 : loss : 0.0453 = 0.1235 + -0.0827 + 0.0049 + -0.0004, time: 26.049852]
2023-09-02 22:21:26.662: epoch 28:	0.03541993  	0.07668690  	0.06397331  
2023-09-02 22:21:26.662: Find a better model.
2023-09-02 22:21:52.678: [iter 29 : loss : 0.0369 = 0.1227 + -0.0904 + 0.0051 + -0.0004, time: 25.989009]
2023-09-02 22:21:53.360: epoch 29:	0.03578116  	0.07780296  	0.06493044  
2023-09-02 22:21:53.360: Find a better model.
2023-09-02 22:22:19.468: [iter 30 : loss : 0.0289 = 0.1213 + -0.0973 + 0.0053 + -0.0005, time: 26.082025]
2023-09-02 22:22:20.170: epoch 30:	0.03598759  	0.07821461  	0.06535349  
2023-09-02 22:22:20.170: Find a better model.
2023-09-02 22:22:46.132: [iter 31 : loss : 0.0206 = 0.1208 + -0.1051 + 0.0055 + -0.0005, time: 25.933988]
2023-09-02 22:22:46.804: epoch 31:	0.03618113  	0.07850422  	0.06568216  
2023-09-02 22:22:46.804: Find a better model.
2023-09-02 22:23:12.864: [iter 32 : loss : 0.0113 = 0.1190 + -0.1130 + 0.0058 + -0.0005, time: 26.029747]
2023-09-02 22:23:13.588: epoch 32:	0.03663271  	0.07970353  	0.06662014  
2023-09-02 22:23:13.588: Find a better model.
2023-09-02 22:23:39.682: [iter 33 : loss : 0.0030 = 0.1181 + -0.1205 + 0.0060 + -0.0006, time: 26.061260]
2023-09-02 22:23:40.331: epoch 33:	0.03690363  	0.08035129  	0.06695707  
2023-09-02 22:23:40.331: Find a better model.
2023-09-02 22:24:06.471: [iter 34 : loss : -0.0045 = 0.1182 + -0.1283 + 0.0062 + -0.0006, time: 26.104250]
2023-09-02 22:24:07.075: epoch 34:	0.03729713  	0.08105095  	0.06749782  
2023-09-02 22:24:07.075: Find a better model.
2023-09-02 22:24:32.766: [iter 35 : loss : -0.0109 = 0.1183 + -0.1350 + 0.0065 + -0.0007, time: 25.659405]
2023-09-02 22:24:33.407: epoch 35:	0.03749714  	0.08140747  	0.06769576  
2023-09-02 22:24:33.407: Find a better model.
2023-09-02 22:24:59.104: [iter 36 : loss : -0.0188 = 0.1178 + -0.1426 + 0.0067 + -0.0007, time: 25.665911]
2023-09-02 22:24:59.801: epoch 36:	0.03776161  	0.08204598  	0.06827599  
2023-09-02 22:24:59.801: Find a better model.
2023-09-02 22:25:25.943: [iter 37 : loss : -0.0272 = 0.1161 + -0.1496 + 0.0070 + -0.0007, time: 26.119819]
2023-09-02 22:25:26.638: epoch 37:	0.03787773  	0.08232304  	0.06874733  
2023-09-02 22:25:26.638: Find a better model.
2023-09-02 22:25:53.097: [iter 38 : loss : -0.0342 = 0.1151 + -0.1558 + 0.0072 + -0.0008, time: 26.431494]
2023-09-02 22:25:53.797: epoch 38:	0.03817448  	0.08305278  	0.06931294  
2023-09-02 22:25:53.797: Find a better model.
2023-09-02 22:26:20.106: [iter 39 : loss : -0.0412 = 0.1154 + -0.1633 + 0.0074 + -0.0008, time: 26.268952]
2023-09-02 22:26:20.755: epoch 39:	0.03837445  	0.08378164  	0.06973863  
2023-09-02 22:26:20.756: Find a better model.
2023-09-02 22:26:46.790: [iter 40 : loss : -0.0482 = 0.1154 + -0.1705 + 0.0077 + -0.0008, time: 26.006349]
2023-09-02 22:26:47.423: epoch 40:	0.03853572  	0.08416291  	0.06988376  
2023-09-02 22:26:47.423: Find a better model.
2023-09-02 22:27:13.330: [iter 41 : loss : -0.0566 = 0.1138 + -0.1774 + 0.0079 + -0.0009, time: 25.880323]
2023-09-02 22:27:13.976: epoch 41:	0.03883893  	0.08466787  	0.07051671  
2023-09-02 22:27:13.977: Find a better model.
2023-09-02 22:27:39.761: [iter 42 : loss : -0.0635 = 0.1134 + -0.1842 + 0.0082 + -0.0009, time: 25.752600]
2023-09-02 22:27:40.389: epoch 42:	0.03887119  	0.08474216  	0.07046404  
2023-09-02 22:27:40.389: Find a better model.
2023-09-02 22:28:06.460: [iter 43 : loss : -0.0698 = 0.1141 + -0.1914 + 0.0085 + -0.0009, time: 26.033162]
2023-09-02 22:28:07.091: epoch 43:	0.03923890  	0.08575269  	0.07094217  
2023-09-02 22:28:07.091: Find a better model.
2023-09-02 22:28:33.620: [iter 44 : loss : -0.0767 = 0.1139 + -0.1984 + 0.0087 + -0.0010, time: 26.500123]
2023-09-02 22:28:34.266: epoch 44:	0.03921310  	0.08579093  	0.07121469  
2023-09-02 22:28:34.266: Find a better model.
2023-09-02 22:29:00.296: [iter 45 : loss : -0.0826 = 0.1142 + -0.2048 + 0.0090 + -0.0010, time: 25.998253]
2023-09-02 22:29:00.964: epoch 45:	0.03967759  	0.08677368  	0.07176717  
2023-09-02 22:29:00.965: Find a better model.
2023-09-02 22:29:26.999: [iter 46 : loss : -0.0878 = 0.1151 + -0.2111 + 0.0092 + -0.0010, time: 26.002223]
2023-09-02 22:29:27.718: epoch 46:	0.03976144  	0.08680650  	0.07219586  
2023-09-02 22:29:27.719: Find a better model.
2023-09-02 22:29:53.749: [iter 47 : loss : -0.0972 = 0.1125 + -0.2180 + 0.0095 + -0.0011, time: 25.998614]
2023-09-02 22:29:54.387: epoch 47:	0.03994852  	0.08715594  	0.07242335  
2023-09-02 22:29:54.387: Find a better model.
2023-09-02 22:30:20.459: [iter 48 : loss : -0.1021 = 0.1138 + -0.2246 + 0.0098 + -0.0011, time: 26.038133]
2023-09-02 22:30:21.087: epoch 48:	0.04009689  	0.08752365  	0.07263041  
2023-09-02 22:30:21.087: Find a better model.
2023-09-02 22:30:47.045: [iter 49 : loss : -0.1092 = 0.1127 + -0.2308 + 0.0100 + -0.0011, time: 25.933383]
2023-09-02 22:30:47.725: epoch 49:	0.04015497  	0.08759961  	0.07288891  
2023-09-02 22:30:47.726: Find a better model.
2023-09-02 22:31:13.821: [iter 50 : loss : -0.1146 = 0.1132 + -0.2369 + 0.0103 + -0.0012, time: 26.065939]
2023-09-02 22:31:14.431: epoch 50:	0.04041946  	0.08831070  	0.07334172  
2023-09-02 22:31:14.431: Find a better model.
2023-09-02 22:31:40.563: [iter 51 : loss : -0.1198 = 0.1140 + -0.2431 + 0.0105 + -0.0012, time: 26.106388]
2023-09-02 22:31:41.197: epoch 51:	0.04041946  	0.08805191  	0.07338279  
2023-09-02 22:32:07.434: [iter 52 : loss : -0.1257 = 0.1140 + -0.2493 + 0.0108 + -0.0012, time: 26.211095]
2023-09-02 22:32:08.090: epoch 52:	0.04039364  	0.08816826  	0.07366321  
2023-09-02 22:32:34.164: [iter 53 : loss : -0.1315 = 0.1143 + -0.2556 + 0.0111 + -0.0013, time: 26.041507]
2023-09-02 22:32:34.857: epoch 53:	0.04059362  	0.08857912  	0.07390196  
2023-09-02 22:32:34.857: Find a better model.
2023-09-02 22:33:00.880: [iter 54 : loss : -0.1378 = 0.1130 + -0.2608 + 0.0113 + -0.0013, time: 25.988180]
2023-09-02 22:33:01.528: epoch 54:	0.04065811  	0.08875045  	0.07424393  
2023-09-02 22:33:01.528: Find a better model.
2023-09-02 22:33:27.480: [iter 55 : loss : -0.1431 = 0.1140 + -0.2674 + 0.0116 + -0.0013, time: 25.923246]
2023-09-02 22:33:28.186: epoch 55:	0.04070326  	0.08865926  	0.07432983  
2023-09-02 22:33:54.067: [iter 56 : loss : -0.1481 = 0.1145 + -0.2731 + 0.0119 + -0.0014, time: 25.859436]
2023-09-02 22:33:54.714: epoch 56:	0.04095488  	0.08914152  	0.07470181  
2023-09-02 22:33:54.714: Find a better model.
2023-09-02 22:34:20.579: [iter 57 : loss : -0.1537 = 0.1142 + -0.2787 + 0.0121 + -0.0014, time: 25.839951]
2023-09-02 22:34:21.237: epoch 57:	0.04108391  	0.08953145  	0.07504828  
2023-09-02 22:34:21.237: Find a better model.
2023-09-02 22:34:47.330: [iter 58 : loss : -0.1568 = 0.1158 + -0.2836 + 0.0124 + -0.0014, time: 26.065909]
2023-09-02 22:34:48.028: epoch 58:	0.04107745  	0.08961007  	0.07498614  
2023-09-02 22:34:48.028: Find a better model.
2023-09-02 22:35:13.974: [iter 59 : loss : -0.1645 = 0.1149 + -0.2907 + 0.0127 + -0.0014, time: 25.916062]
2023-09-02 22:35:14.662: epoch 59:	0.04135481  	0.09019496  	0.07540553  
2023-09-02 22:35:14.662: Find a better model.
2023-09-02 22:35:40.638: [iter 60 : loss : -0.1680 = 0.1153 + -0.2948 + 0.0129 + -0.0015, time: 25.948238]
2023-09-02 22:35:41.300: epoch 60:	0.04140642  	0.09042591  	0.07564133  
2023-09-02 22:35:41.300: Find a better model.
2023-09-02 22:36:07.478: [iter 61 : loss : -0.1738 = 0.1156 + -0.3011 + 0.0132 + -0.0015, time: 26.135834]
2023-09-02 22:36:08.142: epoch 61:	0.04137415  	0.09005852  	0.07558117  
2023-09-02 22:36:34.139: [iter 62 : loss : -0.1780 = 0.1164 + -0.3063 + 0.0135 + -0.0015, time: 25.967092]
2023-09-02 22:36:34.795: epoch 62:	0.04149671  	0.09021084  	0.07556066  
2023-09-02 22:37:00.945: [iter 63 : loss : -0.1847 = 0.1146 + -0.3116 + 0.0137 + -0.0015, time: 26.119603]
2023-09-02 22:37:01.595: epoch 63:	0.04162576  	0.09058150  	0.07598682  
2023-09-02 22:37:01.596: Find a better model.
2023-09-02 22:37:27.579: [iter 64 : loss : -0.1898 = 0.1143 + -0.3166 + 0.0140 + -0.0016, time: 25.956720]
2023-09-02 22:37:28.247: epoch 64:	0.04185155  	0.09103747  	0.07626350  
2023-09-02 22:37:28.247: Find a better model.
2023-09-02 22:37:54.116: [iter 65 : loss : -0.1929 = 0.1162 + -0.3219 + 0.0143 + -0.0016, time: 25.835844]
2023-09-02 22:37:54.775: epoch 65:	0.04193540  	0.09136450  	0.07645322  
2023-09-02 22:37:54.775: Find a better model.
2023-09-02 22:38:20.616: [iter 66 : loss : -0.2005 = 0.1138 + -0.3272 + 0.0145 + -0.0016, time: 25.814265]
2023-09-02 22:38:21.255: epoch 66:	0.04211606  	0.09174805  	0.07663457  
2023-09-02 22:38:21.255: Find a better model.
2023-09-02 22:38:47.038: [iter 67 : loss : -0.2043 = 0.1148 + -0.3323 + 0.0148 + -0.0017, time: 25.761729]
2023-09-02 22:38:47.684: epoch 67:	0.04219347  	0.09217302  	0.07703646  
2023-09-02 22:38:47.685: Find a better model.
2023-09-02 22:39:13.442: [iter 68 : loss : -0.2075 = 0.1161 + -0.3371 + 0.0151 + -0.0017, time: 25.735264]
2023-09-02 22:39:14.145: epoch 68:	0.04224506  	0.09199080  	0.07684594  
2023-09-02 22:39:39.944: [iter 69 : loss : -0.2114 = 0.1171 + -0.3422 + 0.0154 + -0.0017, time: 25.772235]
2023-09-02 22:39:40.572: epoch 69:	0.04219992  	0.09196194  	0.07700060  
2023-09-02 22:40:06.298: [iter 70 : loss : -0.2157 = 0.1167 + -0.3463 + 0.0156 + -0.0017, time: 25.698377]
2023-09-02 22:40:06.966: epoch 70:	0.04212894  	0.09193404  	0.07696705  
2023-09-02 22:40:32.810: [iter 71 : loss : -0.2219 = 0.1156 + -0.3517 + 0.0159 + -0.0017, time: 25.819043]
2023-09-02 22:40:33.455: epoch 71:	0.04225150  	0.09235282  	0.07712401  
2023-09-02 22:40:33.455: Find a better model.
2023-09-02 22:40:59.229: [iter 72 : loss : -0.2262 = 0.1166 + -0.3572 + 0.0162 + -0.0018, time: 25.747399]
2023-09-02 22:40:59.955: epoch 72:	0.04221926  	0.09215786  	0.07719273  
2023-09-02 22:41:25.718: [iter 73 : loss : -0.2307 = 0.1157 + -0.3610 + 0.0164 + -0.0018, time: 25.740262]
2023-09-02 22:41:26.374: epoch 73:	0.04254178  	0.09298836  	0.07733756  
2023-09-02 22:41:26.374: Find a better model.
2023-09-02 22:41:52.206: [iter 74 : loss : -0.2353 = 0.1162 + -0.3664 + 0.0167 + -0.0018, time: 25.807566]
2023-09-02 22:41:52.873: epoch 74:	0.04269662  	0.09328274  	0.07776146  
2023-09-02 22:41:52.873: Find a better model.
2023-09-02 22:42:18.713: [iter 75 : loss : -0.2390 = 0.1171 + -0.3712 + 0.0170 + -0.0018, time: 25.808208]
2023-09-02 22:42:19.351: epoch 75:	0.04269018  	0.09327231  	0.07783008  
2023-09-02 22:42:45.524: [iter 76 : loss : -0.2416 = 0.1177 + -0.3746 + 0.0172 + -0.0019, time: 26.141603]
2023-09-02 22:42:46.168: epoch 76:	0.04270308  	0.09323625  	0.07788235  
2023-09-02 22:43:12.012: [iter 77 : loss : -0.2463 = 0.1170 + -0.3789 + 0.0175 + -0.0019, time: 25.817657]
2023-09-02 22:43:12.669: epoch 77:	0.04261273  	0.09305362  	0.07796030  
2023-09-02 22:43:38.567: [iter 78 : loss : -0.2507 = 0.1176 + -0.3842 + 0.0178 + -0.0019, time: 25.875579]
2023-09-02 22:43:39.214: epoch 78:	0.04267724  	0.09306104  	0.07804240  
2023-09-02 22:44:05.060: [iter 79 : loss : -0.2554 = 0.1169 + -0.3884 + 0.0181 + -0.0019, time: 25.824165]
2023-09-02 22:44:05.734: epoch 79:	0.04277402  	0.09308619  	0.07799850  
2023-09-02 22:44:31.571: [iter 80 : loss : -0.2583 = 0.1181 + -0.3928 + 0.0183 + -0.0020, time: 25.806355]
2023-09-02 22:44:32.233: epoch 80:	0.04278695  	0.09317091  	0.07801145  
2023-09-02 22:44:58.131: [iter 81 : loss : -0.2631 = 0.1183 + -0.3980 + 0.0186 + -0.0020, time: 25.862877]
2023-09-02 22:44:58.759: epoch 81:	0.04292886  	0.09365790  	0.07807659  
2023-09-02 22:44:58.759: Find a better model.
2023-09-02 22:45:24.374: [iter 82 : loss : -0.2671 = 0.1179 + -0.4019 + 0.0189 + -0.0020, time: 25.590772]
2023-09-02 22:45:25.019: epoch 82:	0.04308369  	0.09415829  	0.07835934  
2023-09-02 22:45:25.019: Find a better model.
2023-09-02 22:45:51.040: [iter 83 : loss : -0.2707 = 0.1182 + -0.4060 + 0.0191 + -0.0020, time: 25.987027]
2023-09-02 22:45:51.771: epoch 83:	0.04323206  	0.09418019  	0.07835461  
2023-09-02 22:45:51.771: Find a better model.
2023-09-02 22:46:17.501: [iter 84 : loss : -0.2758 = 0.1166 + -0.4097 + 0.0194 + -0.0020, time: 25.704144]
2023-09-02 22:46:18.123: epoch 84:	0.04323851  	0.09430052  	0.07866465  
2023-09-02 22:46:18.124: Find a better model.
2023-09-02 22:46:43.813: [iter 85 : loss : -0.2783 = 0.1185 + -0.4144 + 0.0197 + -0.0021, time: 25.660147]
2023-09-02 22:46:44.453: epoch 85:	0.04329013  	0.09428049  	0.07893673  
2023-09-02 22:47:10.283: [iter 86 : loss : -0.2829 = 0.1174 + -0.4181 + 0.0199 + -0.0021, time: 25.805675]
2023-09-02 22:47:10.938: epoch 86:	0.04338046  	0.09447283  	0.07896355  
2023-09-02 22:47:10.938: Find a better model.
2023-09-02 22:47:36.538: [iter 87 : loss : -0.2853 = 0.1188 + -0.4222 + 0.0202 + -0.0021, time: 25.573360]
2023-09-02 22:47:37.212: epoch 87:	0.04351593  	0.09467593  	0.07916212  
2023-09-02 22:47:37.213: Find a better model.
2023-09-02 22:48:02.892: [iter 88 : loss : -0.2882 = 0.1202 + -0.4267 + 0.0205 + -0.0021, time: 25.656880]
2023-09-02 22:48:03.532: epoch 88:	0.04346431  	0.09457111  	0.07927094  
2023-09-02 22:48:29.263: [iter 89 : loss : -0.2920 = 0.1193 + -0.4299 + 0.0207 + -0.0021, time: 25.706540]
2023-09-02 22:48:29.935: epoch 89:	0.04349012  	0.09449974  	0.07926339  
2023-09-02 22:48:55.491: [iter 90 : loss : -0.2949 = 0.1197 + -0.4334 + 0.0210 + -0.0022, time: 25.526611]
2023-09-02 22:48:56.140: epoch 90:	0.04355462  	0.09478455  	0.07943711  
2023-09-02 22:48:56.140: Find a better model.
2023-09-02 22:49:21.794: [iter 91 : loss : -0.2978 = 0.1211 + -0.4379 + 0.0213 + -0.0022, time: 25.631492]
2023-09-02 22:49:22.434: epoch 91:	0.04361914  	0.09502998  	0.07975655  
2023-09-02 22:49:22.434: Find a better model.
2023-09-02 22:49:48.199: [iter 92 : loss : -0.3022 = 0.1198 + -0.4413 + 0.0215 + -0.0022, time: 25.741624]
2023-09-02 22:49:48.912: epoch 92:	0.04343851  	0.09466051  	0.07953120  
2023-09-02 22:50:14.706: [iter 93 : loss : -0.3062 = 0.1196 + -0.4453 + 0.0218 + -0.0022, time: 25.766979]
2023-09-02 22:50:15.369: epoch 93:	0.04347075  	0.09468722  	0.07964632  
2023-09-02 22:50:41.360: [iter 94 : loss : -0.3078 = 0.1222 + -0.4498 + 0.0221 + -0.0022, time: 25.956484]
2023-09-02 22:50:42.033: epoch 94:	0.04361267  	0.09514032  	0.07999792  
2023-09-02 22:50:42.033: Find a better model.
2023-09-02 22:51:07.727: [iter 95 : loss : -0.3135 = 0.1201 + -0.4536 + 0.0223 + -0.0023, time: 25.667061]
2023-09-02 22:51:08.369: epoch 95:	0.04400619  	0.09620568  	0.08049596  
2023-09-02 22:51:08.369: Find a better model.
2023-09-02 22:51:33.967: [iter 96 : loss : -0.3153 = 0.1213 + -0.4569 + 0.0226 + -0.0023, time: 25.577406]
2023-09-02 22:51:34.622: epoch 96:	0.04395457  	0.09586009  	0.08047006  
2023-09-02 22:52:00.416: [iter 97 : loss : -0.3163 = 0.1228 + -0.4597 + 0.0228 + -0.0023, time: 25.771203]
2023-09-02 22:52:01.139: epoch 97:	0.04393524  	0.09579883  	0.08038344  
2023-09-02 22:52:26.863: [iter 98 : loss : -0.3219 = 0.1219 + -0.4646 + 0.0231 + -0.0023, time: 25.697003]
2023-09-02 22:52:27.507: epoch 98:	0.04392234  	0.09594230  	0.08064406  
2023-09-02 22:52:53.139: [iter 99 : loss : -0.3278 = 0.1187 + -0.4676 + 0.0234 + -0.0023, time: 25.604475]
2023-09-02 22:52:53.805: epoch 99:	0.04396104  	0.09580543  	0.08062766  
2023-09-02 22:53:19.592: [iter 100 : loss : -0.3281 = 0.1222 + -0.4716 + 0.0236 + -0.0024, time: 25.756573]
2023-09-02 22:53:20.300: epoch 100:	0.04408362  	0.09615690  	0.08083791  
2023-09-02 22:53:45.989: [iter 101 : loss : -0.3348 = 0.1186 + -0.4748 + 0.0239 + -0.0024, time: 25.666723]
2023-09-02 22:53:46.607: epoch 101:	0.04409654  	0.09633043  	0.08092857  
2023-09-02 22:53:46.607: Find a better model.
2023-09-02 22:54:12.344: [iter 102 : loss : -0.3327 = 0.1247 + -0.4792 + 0.0242 + -0.0024, time: 25.710513]
2023-09-02 22:54:12.955: epoch 102:	0.04414814  	0.09616996  	0.08103384  
2023-09-02 22:54:38.973: [iter 103 : loss : -0.3367 = 0.1238 + -0.4825 + 0.0244 + -0.0024, time: 25.996103]
2023-09-02 22:54:39.615: epoch 103:	0.04422554  	0.09641212  	0.08108589  
2023-09-02 22:54:39.615: Find a better model.
2023-09-02 22:55:05.473: [iter 104 : loss : -0.3384 = 0.1243 + -0.4850 + 0.0247 + -0.0024, time: 25.828120]
2023-09-02 22:55:06.137: epoch 104:	0.04428362  	0.09654130  	0.08114662  
2023-09-02 22:55:06.137: Find a better model.
2023-09-02 22:55:31.974: [iter 105 : loss : -0.3453 = 0.1208 + -0.4886 + 0.0249 + -0.0024, time: 25.805374]
2023-09-02 22:55:32.646: epoch 105:	0.04444487  	0.09701264  	0.08139392  
2023-09-02 22:55:32.646: Find a better model.
2023-09-02 22:55:58.623: [iter 106 : loss : -0.3516 = 0.1179 + -0.4923 + 0.0252 + -0.0025, time: 25.945458]
2023-09-02 22:55:59.361: epoch 106:	0.04431585  	0.09660525  	0.08131465  
2023-09-02 22:56:25.199: [iter 107 : loss : -0.3511 = 0.1219 + -0.4961 + 0.0255 + -0.0025, time: 25.812834]
2023-09-02 22:56:25.916: epoch 107:	0.04441261  	0.09676640  	0.08135559  
2023-09-02 22:56:51.389: [iter 108 : loss : -0.3524 = 0.1236 + -0.4992 + 0.0257 + -0.0025, time: 25.447601]
2023-09-02 22:56:52.025: epoch 108:	0.04430937  	0.09651671  	0.08121537  
2023-09-02 22:57:17.908: [iter 109 : loss : -0.3573 = 0.1223 + -0.5031 + 0.0260 + -0.0025, time: 25.858290]
2023-09-02 22:57:18.550: epoch 109:	0.04441260  	0.09683054  	0.08139138  
2023-09-02 22:57:44.390: [iter 110 : loss : -0.3608 = 0.1212 + -0.5058 + 0.0263 + -0.0025, time: 25.815584]
2023-09-02 22:57:45.105: epoch 110:	0.04450292  	0.09717095  	0.08155748  
2023-09-02 22:57:45.105: Find a better model.
2023-09-02 22:58:10.891: [iter 111 : loss : -0.3656 = 0.1202 + -0.5098 + 0.0265 + -0.0025, time: 25.764131]
2023-09-02 22:58:11.605: epoch 111:	0.04461258  	0.09718766  	0.08160610  
2023-09-02 22:58:11.605: Find a better model.
2023-09-02 22:58:37.350: [iter 112 : loss : -0.3648 = 0.1232 + -0.5122 + 0.0268 + -0.0026, time: 25.721931]
2023-09-02 22:58:37.989: epoch 112:	0.04441902  	0.09676915  	0.08157825  
2023-09-02 22:59:03.770: [iter 113 : loss : -0.3648 = 0.1264 + -0.5157 + 0.0271 + -0.0026, time: 25.756150]
2023-09-02 22:59:04.485: epoch 113:	0.04454807  	0.09712263  	0.08172017  
2023-09-02 22:59:30.283: [iter 114 : loss : -0.3721 = 0.1215 + -0.5183 + 0.0273 + -0.0026, time: 25.776427]
2023-09-02 22:59:30.994: epoch 114:	0.04473516  	0.09754880  	0.08198842  
2023-09-02 22:59:30.994: Find a better model.
2023-09-02 22:59:56.856: [iter 115 : loss : -0.3733 = 0.1246 + -0.5229 + 0.0276 + -0.0026, time: 25.833455]
2023-09-02 22:59:57.555: epoch 115:	0.04473516  	0.09748795  	0.08205334  
2023-09-02 23:00:23.390: [iter 116 : loss : -0.3788 = 0.1216 + -0.5257 + 0.0279 + -0.0026, time: 25.810420]
2023-09-02 23:00:24.038: epoch 116:	0.04494805  	0.09791008  	0.08225086  
2023-09-02 23:00:24.038: Find a better model.
2023-09-02 23:00:49.972: [iter 117 : loss : -0.3812 = 0.1222 + -0.5288 + 0.0281 + -0.0026, time: 25.905311]
2023-09-02 23:00:50.636: epoch 117:	0.04484483  	0.09766713  	0.08197676  
2023-09-02 23:01:16.523: [iter 118 : loss : -0.3810 = 0.1245 + -0.5313 + 0.0284 + -0.0027, time: 25.859578]
2023-09-02 23:01:17.139: epoch 118:	0.04482550  	0.09754600  	0.08198552  
2023-09-02 23:01:42.998: [iter 119 : loss : -0.3871 = 0.1223 + -0.5354 + 0.0286 + -0.0027, time: 25.825959]
2023-09-02 23:01:43.633: epoch 119:	0.04490934  	0.09781827  	0.08216380  
2023-09-02 23:02:09.490: [iter 120 : loss : -0.3881 = 0.1244 + -0.5387 + 0.0289 + -0.0027, time: 25.827744]
2023-09-02 23:02:10.213: epoch 120:	0.04490935  	0.09801538  	0.08233724  
2023-09-02 23:02:10.213: Find a better model.
2023-09-02 23:02:36.076: [iter 121 : loss : -0.3901 = 0.1246 + -0.5412 + 0.0292 + -0.0027, time: 25.828968]
2023-09-02 23:02:36.745: epoch 121:	0.04481258  	0.09764049  	0.08234846  
2023-09-02 23:03:02.578: [iter 122 : loss : -0.3956 = 0.1221 + -0.5444 + 0.0295 + -0.0027, time: 25.799788]
2023-09-02 23:03:03.316: epoch 122:	0.04482547  	0.09773903  	0.08230670  
2023-09-02 23:03:29.136: [iter 123 : loss : -0.3955 = 0.1251 + -0.5475 + 0.0297 + -0.0027, time: 25.787772]
2023-09-02 23:03:29.804: epoch 123:	0.04480610  	0.09782481  	0.08240876  
2023-09-02 23:03:55.892: [iter 124 : loss : -0.3996 = 0.1241 + -0.5509 + 0.0300 + -0.0028, time: 26.062522]
2023-09-02 23:03:56.642: epoch 124:	0.04507708  	0.09830263  	0.08270893  
2023-09-02 23:03:56.642: Find a better model.
2023-09-02 23:04:22.417: [iter 125 : loss : -0.4022 = 0.1244 + -0.5541 + 0.0302 + -0.0028, time: 25.748446]
2023-09-02 23:04:23.055: epoch 125:	0.04499969  	0.09809310  	0.08266675  
2023-09-02 23:04:48.884: [iter 126 : loss : -0.4030 = 0.1262 + -0.5570 + 0.0305 + -0.0028, time: 25.806875]
2023-09-02 23:04:49.559: epoch 126:	0.04499323  	0.09800091  	0.08246262  
2023-09-02 23:05:15.384: [iter 127 : loss : -0.4043 = 0.1278 + -0.5601 + 0.0308 + -0.0028, time: 25.800530]
2023-09-02 23:05:16.060: epoch 127:	0.04497387  	0.09791627  	0.08249155  
2023-09-02 23:05:42.143: [iter 128 : loss : -0.4086 = 0.1267 + -0.5634 + 0.0310 + -0.0028, time: 26.055466]
2023-09-02 23:05:42.832: epoch 128:	0.04503193  	0.09801298  	0.08280616  
2023-09-02 23:06:08.739: [iter 129 : loss : -0.4106 = 0.1268 + -0.5659 + 0.0313 + -0.0028, time: 25.879506]
2023-09-02 23:06:09.417: epoch 129:	0.04512870  	0.09816361  	0.08285653  
2023-09-02 23:06:35.452: [iter 130 : loss : -0.4149 = 0.1246 + -0.5682 + 0.0315 + -0.0028, time: 26.007207]
2023-09-02 23:06:36.170: epoch 130:	0.04516101  	0.09824962  	0.08283471  
2023-09-02 23:07:01.845: [iter 131 : loss : -0.4141 = 0.1289 + -0.5720 + 0.0318 + -0.0029, time: 25.638524]
2023-09-02 23:07:02.490: epoch 131:	0.04510935  	0.09830365  	0.08284707  
2023-09-02 23:07:02.490: Find a better model.
2023-09-02 23:07:28.351: [iter 132 : loss : -0.4213 = 0.1236 + -0.5740 + 0.0321 + -0.0029, time: 25.824818]
2023-09-02 23:07:28.976: epoch 132:	0.04507067  	0.09828149  	0.08289352  
2023-09-02 23:07:54.668: [iter 133 : loss : -0.4236 = 0.1250 + -0.5780 + 0.0323 + -0.0029, time: 25.664203]
2023-09-02 23:07:55.359: epoch 133:	0.04525129  	0.09881611  	0.08321141  
2023-09-02 23:07:55.360: Find a better model.
2023-09-02 23:08:21.265: [iter 134 : loss : -0.4233 = 0.1275 + -0.5805 + 0.0326 + -0.0029, time: 25.883268]
2023-09-02 23:08:21.901: epoch 134:	0.04516741  	0.09835175  	0.08309230  
2023-09-02 23:08:47.861: [iter 135 : loss : -0.4276 = 0.1265 + -0.5840 + 0.0329 + -0.0029, time: 25.938564]
2023-09-02 23:08:48.507: epoch 135:	0.04512873  	0.09825344  	0.08302332  
2023-09-02 23:09:14.466: [iter 136 : loss : -0.4302 = 0.1259 + -0.5863 + 0.0331 + -0.0029, time: 25.928769]
2023-09-02 23:09:15.135: epoch 136:	0.04529643  	0.09871255  	0.08319976  
2023-09-02 23:09:41.038: [iter 137 : loss : -0.4336 = 0.1253 + -0.5893 + 0.0334 + -0.0029, time: 25.878110]
2023-09-02 23:09:41.675: epoch 137:	0.04533513  	0.09873469  	0.08325151  
2023-09-02 23:10:07.783: [iter 138 : loss : -0.4330 = 0.1284 + -0.5920 + 0.0337 + -0.0030, time: 26.071335]
2023-09-02 23:10:08.495: epoch 138:	0.04538676  	0.09895461  	0.08337414  
2023-09-02 23:10:08.496: Find a better model.
2023-09-02 23:10:34.235: [iter 139 : loss : -0.4389 = 0.1254 + -0.5952 + 0.0339 + -0.0030, time: 25.716902]
2023-09-02 23:10:34.896: epoch 139:	0.04545774  	0.09908736  	0.08338863  
2023-09-02 23:10:34.896: Find a better model.
2023-09-02 23:11:00.705: [iter 140 : loss : -0.4383 = 0.1286 + -0.5981 + 0.0342 + -0.0030, time: 25.785127]
2023-09-02 23:11:01.430: epoch 140:	0.04538677  	0.09890415  	0.08323666  
2023-09-02 23:11:27.143: [iter 141 : loss : -0.4395 = 0.1296 + -0.6006 + 0.0345 + -0.0030, time: 25.679240]
2023-09-02 23:11:27.804: epoch 141:	0.04545129  	0.09917077  	0.08330167  
2023-09-02 23:11:27.804: Find a better model.
2023-09-02 23:11:53.754: [iter 142 : loss : -0.4469 = 0.1258 + -0.6044 + 0.0347 + -0.0030, time: 25.924295]
2023-09-02 23:11:54.416: epoch 142:	0.04558029  	0.09941813  	0.08354738  
2023-09-02 23:11:54.416: Find a better model.
2023-09-02 23:12:20.211: [iter 143 : loss : -0.4468 = 0.1277 + -0.6065 + 0.0350 + -0.0030, time: 25.770864]
2023-09-02 23:12:20.940: epoch 143:	0.04563192  	0.09959515  	0.08367166  
2023-09-02 23:12:20.940: Find a better model.
2023-09-02 23:12:46.799: [iter 144 : loss : -0.4483 = 0.1288 + -0.6092 + 0.0352 + -0.0030, time: 25.831469]
2023-09-02 23:12:47.437: epoch 144:	0.04561903  	0.09955570  	0.08367560  
2023-09-02 23:13:13.320: [iter 145 : loss : -0.4493 = 0.1305 + -0.6122 + 0.0355 + -0.0031, time: 25.854144]
2023-09-02 23:13:13.963: epoch 145:	0.04561903  	0.09966476  	0.08363686  
2023-09-02 23:13:13.963: Find a better model.
2023-09-02 23:13:39.918: [iter 146 : loss : -0.4530 = 0.1293 + -0.6150 + 0.0358 + -0.0031, time: 25.931922]
2023-09-02 23:13:40.612: epoch 146:	0.04572223  	0.09983227  	0.08380417  
2023-09-02 23:13:40.613: Find a better model.
2023-09-02 23:14:06.482: [iter 147 : loss : -0.4539 = 0.1298 + -0.6166 + 0.0360 + -0.0031, time: 25.846524]
2023-09-02 23:14:07.126: epoch 147:	0.04568352  	0.09977138  	0.08371446  
2023-09-02 23:14:32.992: [iter 148 : loss : -0.4563 = 0.1304 + -0.6200 + 0.0363 + -0.0031, time: 25.842093]
2023-09-02 23:14:33.650: epoch 148:	0.04570289  	0.09980083  	0.08381616  
2023-09-02 23:14:59.444: [iter 149 : loss : -0.4638 = 0.1258 + -0.6230 + 0.0366 + -0.0031, time: 25.761000]
2023-09-02 23:15:00.113: epoch 149:	0.04568354  	0.09998337  	0.08392809  
2023-09-02 23:15:00.113: Find a better model.
2023-09-02 23:15:25.969: [iter 150 : loss : -0.4606 = 0.1307 + -0.6251 + 0.0368 + -0.0031, time: 25.832740]
2023-09-02 23:15:26.618: epoch 150:	0.04572223  	0.09981445  	0.08387726  
2023-09-02 23:15:52.454: [iter 151 : loss : -0.4634 = 0.1312 + -0.6286 + 0.0371 + -0.0031, time: 25.809861]
2023-09-02 23:15:53.118: epoch 151:	0.04583193  	0.10016440  	0.08408678  
2023-09-02 23:15:53.118: Find a better model.
2023-09-02 23:16:19.170: [iter 152 : loss : -0.4658 = 0.1306 + -0.6306 + 0.0374 + -0.0032, time: 26.021585]
2023-09-02 23:16:19.830: epoch 152:	0.04594160  	0.10036252  	0.08424538  
2023-09-02 23:16:19.830: Find a better model.
2023-09-02 23:16:45.619: [iter 153 : loss : -0.4680 = 0.1312 + -0.6337 + 0.0376 + -0.0032, time: 25.766164]
2023-09-02 23:16:46.357: epoch 153:	0.04591581  	0.10055327  	0.08432741  
2023-09-02 23:16:46.357: Find a better model.
2023-09-02 23:17:12.134: [iter 154 : loss : -0.4714 = 0.1302 + -0.6363 + 0.0379 + -0.0032, time: 25.752246]
2023-09-02 23:17:12.794: epoch 154:	0.04587708  	0.10047171  	0.08433158  
2023-09-02 23:17:38.536: [iter 155 : loss : -0.4749 = 0.1296 + -0.6394 + 0.0382 + -0.0032, time: 25.719017]
2023-09-02 23:17:39.193: epoch 155:	0.04579323  	0.10023321  	0.08422518  
2023-09-02 23:18:05.067: [iter 156 : loss : -0.4741 = 0.1316 + -0.6409 + 0.0384 + -0.0032, time: 25.847729]
2023-09-02 23:18:05.715: epoch 156:	0.04590936  	0.10023870  	0.08440366  
2023-09-02 23:18:31.659: [iter 157 : loss : -0.4789 = 0.1299 + -0.6442 + 0.0387 + -0.0032, time: 25.912625]
2023-09-02 23:18:32.373: epoch 157:	0.04583193  	0.09989928  	0.08441198  
2023-09-02 23:18:58.942: [iter 158 : loss : -0.4768 = 0.1347 + -0.6472 + 0.0389 + -0.0032, time: 26.541509]
2023-09-02 23:18:59.606: epoch 158:	0.04565126  	0.09950589  	0.08408541  
2023-09-02 23:19:25.801: [iter 159 : loss : -0.4840 = 0.1300 + -0.6500 + 0.0392 + -0.0032, time: 26.167178]
2023-09-02 23:19:26.532: epoch 159:	0.04590933  	0.10015759  	0.08449963  
2023-09-02 23:19:52.928: [iter 160 : loss : -0.4832 = 0.1317 + -0.6511 + 0.0395 + -0.0033, time: 26.366923]
2023-09-02 23:19:53.622: epoch 160:	0.04594804  	0.10023278  	0.08444768  
2023-09-02 23:20:20.080: [iter 161 : loss : -0.4867 = 0.1307 + -0.6539 + 0.0397 + -0.0033, time: 26.434897]
2023-09-02 23:20:20.718: epoch 161:	0.04587064  	0.10016374  	0.08462026  
2023-09-02 23:20:47.050: [iter 162 : loss : -0.4889 = 0.1312 + -0.6567 + 0.0400 + -0.0033, time: 26.307286]
2023-09-02 23:20:47.710: epoch 162:	0.04599966  	0.10039152  	0.08473930  
2023-09-02 23:21:14.497: [iter 163 : loss : -0.4919 = 0.1301 + -0.6589 + 0.0403 + -0.0033, time: 26.761698]
2023-09-02 23:21:15.123: epoch 163:	0.04590931  	0.10010967  	0.08450729  
2023-09-02 23:21:15.123: Early stopping is trigger at epoch: 163
2023-09-02 23:21:15.123: best_result@epoch 153:

2023-09-02 23:21:15.123: 		0.0459      	0.1006      	0.0843      
