2023-04-29 19:38:47.372: my pid: 1468
2023-04-29 19:38:47.372: model: model.general_recommender.GNNEC
2023-04-29 19:38:47.373: Dataset statistics:
Name: yelp
The number of users: 7750
The number of items: 28918
The number of ratings: 750318
Average actions of users: 96.82
Average actions of items: 25.95
The sparsity of the dataset: 99.665208%

The number of training: 678579
The number of validation: 0
The number of testing: 71739
2023-04-29 19:38:47.373: NeuRec:[NeuRec]:
recommender=GNNEC
dataset=yelp
file_column=UI
sep=','
gpu_id=0
gpu_mem=0.99
metric=["Precision", "Recall", "NDCG"]
top_k=[20]
test_thread=8
test_batch_size=128
seed=2021
start_testing_epoch=0

GNNEC:[hyperparameters]:
mf_reg=1e-4
svd_q=5
aug_type=ND
reg=1e-4
embed_size=64
n_layers=2
ssl_reg=0.02
ssl_ratio=0.1
ssl_temp=0.8
ssl_mode=both_side
lr=1e-3
learner=adam
adj_type=pre
epochs=200
batch_size=2048
num_negatives=1
param_init=xavier_uniform
stddev=0.01
verbose=1
stop_cnt=10
pretrain_flag=0
save_flag=0

Command line:
recommender=GNNEC
dataset=yelp
epochs=200
n_layers=2
embed_size=64
batch_size=2048
lr=1e-3
aug_type=ND
reg=1e-4
ssl_reg=0.02
ssl_ratio=0.1
ssl_temp=0.8
mf_reg=1e-4
svd_q=5
2023-04-29 19:38:57.192: metrics:	Precision@20	Recall@20   	NDCG@20     
2023-04-29 19:41:24.618: [iter 1 : loss : 0.7412 = 0.3929 + 0.3464 + 0.0002 + 0.0017, time: 147.424791]
2023-04-29 19:41:25.627: epoch 1:	0.02527148  	0.05466142  	0.04642513  
2023-04-29 19:41:25.627: Find a better model.
2023-04-29 19:43:38.597: [iter 2 : loss : 0.4673 = 0.1454 + 0.3198 + 0.0005 + 0.0016, time: 132.927818]
2023-04-29 19:43:39.576: epoch 2:	0.02523278  	0.05433077  	0.04639620  
2023-04-29 19:45:49.268: [iter 3 : loss : 0.4384 = 0.1222 + 0.3139 + 0.0006 + 0.0016, time: 129.649607]
2023-04-29 19:45:49.992: epoch 3:	0.02523278  	0.05437409  	0.04608852  
2023-04-29 19:48:16.403: [iter 4 : loss : 0.4260 = 0.1134 + 0.3103 + 0.0007 + 0.0016, time: 146.373248]
2023-04-29 19:48:17.399: epoch 4:	0.02557473  	0.05520532  	0.04666623  
2023-04-29 19:48:17.399: Find a better model.
2023-04-29 19:50:39.714: [iter 5 : loss : 0.4168 = 0.1069 + 0.3075 + 0.0008 + 0.0016, time: 142.287775]
2023-04-29 19:50:40.662: epoch 5:	0.02596830  	0.05596879  	0.04695727  
2023-04-29 19:50:40.662: Find a better model.
2023-04-29 19:53:08.206: [iter 6 : loss : 0.4091 = 0.1018 + 0.3049 + 0.0009 + 0.0016, time: 147.510190]
2023-04-29 19:53:09.214: epoch 6:	0.02624572  	0.05663324  	0.04740884  
2023-04-29 19:53:09.220: Find a better model.
2023-04-29 19:55:35.939: [iter 7 : loss : 0.4002 = 0.0952 + 0.3025 + 0.0009 + 0.0015, time: 146.692501]
2023-04-29 19:55:36.910: epoch 7:	0.02647800  	0.05742460  	0.04799317  
2023-04-29 19:55:36.911: Find a better model.
2023-04-29 19:58:02.317: [iter 8 : loss : 0.3945 = 0.0915 + 0.3004 + 0.0010 + 0.0015, time: 145.369900]
2023-04-29 19:58:03.296: epoch 8:	0.02671670  	0.05782966  	0.04838575  
2023-04-29 19:58:03.297: Find a better model.
2023-04-29 20:00:31.873: [iter 9 : loss : 0.3891 = 0.0880 + 0.2985 + 0.0011 + 0.0015, time: 148.540091]
2023-04-29 20:00:32.854: epoch 9:	0.02692316  	0.05832294  	0.04879576  
2023-04-29 20:00:32.854: Find a better model.
2023-04-29 20:02:59.574: [iter 10 : loss : 0.3830 = 0.0838 + 0.2965 + 0.0011 + 0.0015, time: 146.682649]
2023-04-29 20:03:00.584: epoch 10:	0.02705221  	0.05857664  	0.04898737  
2023-04-29 20:03:00.584: Find a better model.
2023-04-29 20:05:26.456: [iter 11 : loss : 0.3789 = 0.0813 + 0.2949 + 0.0012 + 0.0015, time: 145.835185]
2023-04-29 20:05:27.458: epoch 11:	0.02732964  	0.05908788  	0.04934487  
2023-04-29 20:05:27.458: Find a better model.
2023-04-29 20:07:56.285: [iter 12 : loss : 0.3744 = 0.0785 + 0.2931 + 0.0013 + 0.0015, time: 148.794613]
2023-04-29 20:07:57.265: epoch 12:	0.02758771  	0.05979161  	0.04978421  
2023-04-29 20:07:57.265: Find a better model.
2023-04-29 20:10:20.739: [iter 13 : loss : 0.3710 = 0.0766 + 0.2916 + 0.0013 + 0.0015, time: 143.434184]
2023-04-29 20:10:21.675: epoch 13:	0.02785869  	0.06045287  	0.05020872  
2023-04-29 20:10:21.675: Find a better model.
2023-04-29 20:12:49.048: [iter 14 : loss : 0.3673 = 0.0744 + 0.2900 + 0.0014 + 0.0015, time: 147.340883]
2023-04-29 20:12:50.045: epoch 14:	0.02813614  	0.06109731  	0.05062786  
2023-04-29 20:12:50.045: Find a better model.
2023-04-29 20:15:16.809: [iter 15 : loss : 0.3644 = 0.0730 + 0.2885 + 0.0014 + 0.0015, time: 146.726665]
2023-04-29 20:15:17.795: epoch 15:	0.02803291  	0.06073979  	0.05058355  
2023-04-29 20:17:44.170: [iter 16 : loss : 0.3615 = 0.0715 + 0.2870 + 0.0015 + 0.0015, time: 146.341419]
2023-04-29 20:17:45.134: epoch 16:	0.02821356  	0.06114417  	0.05088318  
2023-04-29 20:17:45.134: Find a better model.
2023-04-29 20:20:12.923: [iter 17 : loss : 0.3575 = 0.0689 + 0.2855 + 0.0016 + 0.0015, time: 147.759056]
2023-04-29 20:20:13.951: epoch 17:	0.02865229  	0.06213873  	0.05135479  
2023-04-29 20:20:13.951: Find a better model.
2023-04-29 20:22:40.480: [iter 18 : loss : 0.3549 = 0.0679 + 0.2839 + 0.0017 + 0.0015, time: 146.483927]
2023-04-29 20:22:41.443: epoch 18:	0.02905230  	0.06306082  	0.05168142  
2023-04-29 20:22:41.443: Find a better model.
2023-04-29 20:25:07.422: [iter 19 : loss : 0.3515 = 0.0661 + 0.2822 + 0.0017 + 0.0015, time: 145.941585]
2023-04-29 20:25:08.403: epoch 19:	0.02908456  	0.06305476  	0.05205602  
2023-04-29 20:27:34.880: [iter 20 : loss : 0.3486 = 0.0646 + 0.2807 + 0.0018 + 0.0014, time: 146.442301]
2023-04-29 20:27:35.890: epoch 20:	0.02962006  	0.06432827  	0.05282621  
2023-04-29 20:27:35.895: Find a better model.
2023-04-29 20:29:58.277: [iter 21 : loss : 0.3447 = 0.0624 + 0.2790 + 0.0019 + 0.0014, time: 142.345238]
2023-04-29 20:29:59.263: epoch 21:	0.03016200  	0.06546367  	0.05367447  
2023-04-29 20:29:59.268: Find a better model.
2023-04-29 20:32:27.630: [iter 22 : loss : 0.3425 = 0.0615 + 0.2776 + 0.0020 + 0.0014, time: 148.334056]
2023-04-29 20:32:28.656: epoch 22:	0.03056202  	0.06648813  	0.05439270  
2023-04-29 20:32:28.656: Find a better model.
2023-04-29 20:34:55.641: [iter 23 : loss : 0.3394 = 0.0600 + 0.2760 + 0.0020 + 0.0014, time: 146.945280]
2023-04-29 20:34:56.627: epoch 23:	0.03080074  	0.06704415  	0.05486924  
2023-04-29 20:34:56.633: Find a better model.
2023-04-29 20:37:24.182: [iter 24 : loss : 0.3378 = 0.0598 + 0.2744 + 0.0021 + 0.0014, time: 147.515170]
2023-04-29 20:37:25.004: epoch 24:	0.03102656  	0.06761196  	0.05529100  
2023-04-29 20:37:25.004: Find a better model.
2023-04-29 20:39:53.686: [iter 25 : loss : 0.3342 = 0.0578 + 0.2728 + 0.0022 + 0.0014, time: 148.648165]
2023-04-29 20:39:54.698: epoch 25:	0.03134269  	0.06818946  	0.05580417  
2023-04-29 20:39:54.698: Find a better model.
2023-04-29 20:42:18.467: [iter 26 : loss : 0.3321 = 0.0571 + 0.2713 + 0.0023 + 0.0014, time: 143.732751]
2023-04-29 20:42:19.441: epoch 26:	0.03172336  	0.06885247  	0.05642944  
2023-04-29 20:42:19.442: Find a better model.
2023-04-29 20:44:47.574: [iter 27 : loss : 0.3285 = 0.0551 + 0.2696 + 0.0024 + 0.0014, time: 148.104927]
2023-04-29 20:44:48.544: epoch 27:	0.03205241  	0.06999130  	0.05692497  
2023-04-29 20:44:48.545: Find a better model.
2023-04-29 20:47:12.284: [iter 28 : loss : 0.3265 = 0.0546 + 0.2681 + 0.0025 + 0.0014, time: 143.712665]
2023-04-29 20:47:13.264: epoch 28:	0.03260080  	0.07110802  	0.05774725  
2023-04-29 20:47:13.264: Find a better model.
2023-04-29 20:49:40.036: [iter 29 : loss : 0.3243 = 0.0538 + 0.2666 + 0.0026 + 0.0014, time: 146.728650]
2023-04-29 20:49:40.981: epoch 29:	0.03272983  	0.07126588  	0.05812624  
2023-04-29 20:49:40.981: Find a better model.
2023-04-29 20:52:08.690: [iter 30 : loss : 0.3222 = 0.0531 + 0.2651 + 0.0027 + 0.0014, time: 147.680640]
2023-04-29 20:52:09.660: epoch 30:	0.03311048  	0.07211709  	0.05881543  
2023-04-29 20:52:09.660: Find a better model.
2023-04-29 20:54:36.108: [iter 31 : loss : 0.3193 = 0.0517 + 0.2635 + 0.0027 + 0.0014, time: 146.404744]
2023-04-29 20:54:37.054: epoch 31:	0.03343947  	0.07278769  	0.05947487  
2023-04-29 20:54:37.054: Find a better model.
2023-04-29 20:57:01.792: [iter 32 : loss : 0.3172 = 0.0511 + 0.2619 + 0.0028 + 0.0014, time: 144.710840]
2023-04-29 20:57:02.776: epoch 32:	0.03384588  	0.07371682  	0.06016462  
2023-04-29 20:57:02.776: Find a better model.
2023-04-29 20:59:30.608: [iter 33 : loss : 0.3145 = 0.0498 + 0.2604 + 0.0029 + 0.0013, time: 147.798890]
2023-04-29 20:59:31.613: epoch 33:	0.03391038  	0.07387206  	0.06042637  
2023-04-29 20:59:31.613: Find a better model.
2023-04-29 21:01:54.328: [iter 34 : loss : 0.3127 = 0.0496 + 0.2587 + 0.0030 + 0.0013, time: 142.681744]
2023-04-29 21:01:55.308: epoch 34:	0.03411680  	0.07422981  	0.06096945  
2023-04-29 21:01:55.308: Find a better model.
2023-04-29 21:04:23.085: [iter 35 : loss : 0.3103 = 0.0486 + 0.2573 + 0.0031 + 0.0013, time: 147.742075]
2023-04-29 21:04:24.107: epoch 35:	0.03443937  	0.07497681  	0.06167715  
2023-04-29 21:04:24.107: Find a better model.
2023-04-29 21:06:50.684: [iter 36 : loss : 0.3080 = 0.0476 + 0.2558 + 0.0032 + 0.0013, time: 146.536131]
2023-04-29 21:06:51.725: epoch 36:	0.03483289  	0.07582697  	0.06223949  
2023-04-29 21:06:51.726: Find a better model.
2023-04-29 21:09:18.074: [iter 37 : loss : 0.3060 = 0.0471 + 0.2542 + 0.0033 + 0.0013, time: 146.318048]
2023-04-29 21:09:18.824: epoch 37:	0.03487803  	0.07587706  	0.06265426  
2023-04-29 21:09:18.824: Find a better model.
2023-04-29 21:11:44.599: [iter 38 : loss : 0.3035 = 0.0458 + 0.2529 + 0.0034 + 0.0013, time: 145.746369]
2023-04-29 21:11:45.557: epoch 38:	0.03505866  	0.07645617  	0.06318169  
2023-04-29 21:11:45.558: Find a better model.
2023-04-29 21:14:11.903: [iter 39 : loss : 0.3014 = 0.0452 + 0.2513 + 0.0035 + 0.0013, time: 146.313283]
2023-04-29 21:14:12.870: epoch 39:	0.03536832  	0.07719273  	0.06360787  
2023-04-29 21:14:12.870: Find a better model.
2023-04-29 21:16:26.539: [iter 40 : loss : 0.2998 = 0.0450 + 0.2499 + 0.0036 + 0.0013, time: 133.634579]
2023-04-29 21:16:27.532: epoch 40:	0.03560060  	0.07768134  	0.06424245  
2023-04-29 21:16:27.532: Find a better model.
2023-04-29 21:18:39.193: [iter 41 : loss : 0.2973 = 0.0440 + 0.2483 + 0.0038 + 0.0013, time: 131.630271]
2023-04-29 21:18:40.108: epoch 41:	0.03587796  	0.07842195  	0.06466227  
2023-04-29 21:18:40.109: Find a better model.
2023-04-29 21:20:56.936: [iter 42 : loss : 0.2957 = 0.0437 + 0.2469 + 0.0039 + 0.0013, time: 136.797078]
2023-04-29 21:20:57.904: epoch 42:	0.03578767  	0.07803330  	0.06497092  
2023-04-29 21:23:25.789: [iter 43 : loss : 0.2940 = 0.0434 + 0.2454 + 0.0040 + 0.0013, time: 147.864970]
2023-04-29 21:23:26.776: epoch 43:	0.03622634  	0.07895570  	0.06563510  
2023-04-29 21:23:26.776: Find a better model.
2023-04-29 21:25:46.708: [iter 44 : loss : 0.2915 = 0.0423 + 0.2439 + 0.0041 + 0.0013, time: 139.897870]
2023-04-29 21:25:47.695: epoch 44:	0.03647147  	0.07956415  	0.06608270  
2023-04-29 21:25:47.695: Find a better model.
2023-04-29 21:28:15.876: [iter 45 : loss : 0.2901 = 0.0422 + 0.2425 + 0.0042 + 0.0013, time: 148.147075]
2023-04-29 21:28:16.864: epoch 45:	0.03680043  	0.07997830  	0.06669299  
2023-04-29 21:28:16.864: Find a better model.
2023-04-29 21:30:43.042: [iter 46 : loss : 0.2881 = 0.0416 + 0.2409 + 0.0043 + 0.0012, time: 146.142614]
2023-04-29 21:30:44.005: epoch 46:	0.03710360  	0.08089090  	0.06724443  
2023-04-29 21:30:44.006: Find a better model.
2023-04-29 21:33:10.164: [iter 47 : loss : 0.2860 = 0.0409 + 0.2394 + 0.0044 + 0.0012, time: 146.132545]
2023-04-29 21:33:11.138: epoch 47:	0.03735520  	0.08133601  	0.06757881  
2023-04-29 21:33:11.138: Find a better model.
2023-04-29 21:35:39.115: [iter 48 : loss : 0.2851 = 0.0411 + 0.2382 + 0.0045 + 0.0012, time: 147.943805]
2023-04-29 21:35:40.032: epoch 48:	0.03739390  	0.08119448  	0.06768801  
2023-04-29 21:38:05.800: [iter 49 : loss : 0.2823 = 0.0396 + 0.2368 + 0.0046 + 0.0012, time: 145.743090]
2023-04-29 21:38:06.775: epoch 49:	0.03744551  	0.08137459  	0.06821390  
2023-04-29 21:38:06.776: Find a better model.
2023-04-29 21:40:29.940: [iter 50 : loss : 0.2810 = 0.0396 + 0.2353 + 0.0048 + 0.0012, time: 143.133121]
2023-04-29 21:40:30.921: epoch 50:	0.03751005  	0.08160385  	0.06844752  
2023-04-29 21:40:30.921: Find a better model.
2023-04-29 21:42:58.973: [iter 51 : loss : 0.2792 = 0.0392 + 0.2339 + 0.0049 + 0.0012, time: 148.022679]
2023-04-29 21:43:00.000: epoch 51:	0.03787132  	0.08233969  	0.06882918  
2023-04-29 21:43:00.000: Find a better model.
2023-04-29 21:45:23.092: [iter 52 : loss : 0.2777 = 0.0389 + 0.2326 + 0.0050 + 0.0012, time: 143.061458]
2023-04-29 21:45:24.070: epoch 52:	0.03809063  	0.08275999  	0.06916249  
2023-04-29 21:45:24.076: Find a better model.
2023-04-29 21:47:51.840: [iter 53 : loss : 0.2758 = 0.0384 + 0.2311 + 0.0051 + 0.0012, time: 147.732278]
2023-04-29 21:47:52.856: epoch 53:	0.03830348  	0.08328233  	0.06970686  
2023-04-29 21:47:52.857: Find a better model.
2023-04-29 21:50:18.906: [iter 54 : loss : 0.2742 = 0.0379 + 0.2299 + 0.0052 + 0.0012, time: 146.020739]
2023-04-29 21:50:19.898: epoch 54:	0.03835507  	0.08335522  	0.06975439  
2023-04-29 21:50:19.898: Find a better model.
2023-04-29 21:52:40.427: [iter 55 : loss : 0.2732 = 0.0382 + 0.2284 + 0.0053 + 0.0012, time: 140.497544]
2023-04-29 21:52:41.139: epoch 55:	0.03866477  	0.08404678  	0.07028136  
2023-04-29 21:52:41.139: Find a better model.
2023-04-29 21:54:11.039: [iter 56 : loss : 0.2714 = 0.0376 + 0.2271 + 0.0055 + 0.0012, time: 89.875728]
2023-04-29 21:54:11.747: epoch 56:	0.03883250  	0.08456892  	0.07061726  
2023-04-29 21:54:11.747: Find a better model.
2023-04-29 21:55:41.998: [iter 57 : loss : 0.2699 = 0.0374 + 0.2258 + 0.0056 + 0.0012, time: 90.222190]
2023-04-29 21:55:42.724: epoch 57:	0.03898735  	0.08480001  	0.07073565  
2023-04-29 21:55:42.724: Find a better model.
2023-04-29 21:57:08.511: [iter 58 : loss : 0.2688 = 0.0373 + 0.2246 + 0.0057 + 0.0012, time: 85.757503]
2023-04-29 21:57:09.251: epoch 58:	0.03921956  	0.08536717  	0.07112265  
2023-04-29 21:57:09.251: Find a better model.
2023-04-29 21:58:39.677: [iter 59 : loss : 0.2667 = 0.0366 + 0.2231 + 0.0058 + 0.0012, time: 90.402748]
2023-04-29 21:58:40.392: epoch 59:	0.03941955  	0.08584218  	0.07153537  
2023-04-29 21:58:40.392: Find a better model.
2023-04-29 22:00:10.800: [iter 60 : loss : 0.2657 = 0.0366 + 0.2220 + 0.0059 + 0.0011, time: 90.377330]
2023-04-29 22:00:11.511: epoch 60:	0.03958729  	0.08616633  	0.07197837  
2023-04-29 22:00:11.511: Find a better model.
2023-04-29 22:01:37.065: [iter 61 : loss : 0.2636 = 0.0358 + 0.2206 + 0.0060 + 0.0011, time: 85.520027]
2023-04-29 22:01:37.784: epoch 61:	0.03954857  	0.08587161  	0.07208342  
2023-04-29 22:03:07.892: [iter 62 : loss : 0.2624 = 0.0359 + 0.2192 + 0.0062 + 0.0011, time: 90.077401]
2023-04-29 22:03:08.601: epoch 62:	0.03987108  	0.08664082  	0.07260027  
2023-04-29 22:03:08.601: Find a better model.
2023-04-29 22:04:38.323: [iter 63 : loss : 0.2605 = 0.0350 + 0.2181 + 0.0063 + 0.0011, time: 89.692242]
2023-04-29 22:04:39.040: epoch 63:	0.04008394  	0.08709452  	0.07287406  
2023-04-29 22:04:39.040: Find a better model.
2023-04-29 22:06:08.296: [iter 64 : loss : 0.2594 = 0.0350 + 0.2168 + 0.0064 + 0.0011, time: 89.231951]
2023-04-29 22:06:08.997: epoch 64:	0.04031619  	0.08749758  	0.07328937  
2023-04-29 22:06:08.997: Find a better model.
2023-04-29 22:07:38.668: [iter 65 : loss : 0.2581 = 0.0350 + 0.2155 + 0.0065 + 0.0011, time: 89.639817]
2023-04-29 22:07:39.392: epoch 65:	0.04027104  	0.08753129  	0.07351363  
2023-04-29 22:07:39.392: Find a better model.
2023-04-29 22:09:09.309: [iter 66 : loss : 0.2563 = 0.0343 + 0.2142 + 0.0067 + 0.0011, time: 89.888776]
2023-04-29 22:09:10.092: epoch 66:	0.04041941  	0.08782587  	0.07366445  
2023-04-29 22:09:10.092: Find a better model.
2023-04-29 22:10:44.695: [iter 67 : loss : 0.2552 = 0.0344 + 0.2129 + 0.0068 + 0.0011, time: 94.573671]
2023-04-29 22:10:45.659: epoch 67:	0.04043872  	0.08794270  	0.07392596  
2023-04-29 22:10:45.659: Find a better model.
2023-04-29 22:13:03.793: [iter 68 : loss : 0.2539 = 0.0341 + 0.2118 + 0.0069 + 0.0011, time: 138.097455]
2023-04-29 22:13:04.858: epoch 68:	0.04050326  	0.08819626  	0.07403006  
2023-04-29 22:13:04.864: Find a better model.
2023-04-29 22:15:23.575: [iter 69 : loss : 0.2530 = 0.0344 + 0.2105 + 0.0070 + 0.0011, time: 138.679664]
2023-04-29 22:15:24.523: epoch 69:	0.04053552  	0.08800494  	0.07409843  
2023-04-29 22:17:39.654: [iter 70 : loss : 0.2515 = 0.0339 + 0.2093 + 0.0072 + 0.0011, time: 135.107295]
2023-04-29 22:17:40.545: epoch 70:	0.04050970  	0.08796318  	0.07417575  
2023-04-29 22:20:01.721: [iter 71 : loss : 0.2496 = 0.0332 + 0.2080 + 0.0073 + 0.0011, time: 141.142404]
2023-04-29 22:20:02.702: epoch 71:	0.04056774  	0.08824775  	0.07433781  
2023-04-29 22:20:02.702: Find a better model.
2023-04-29 22:22:23.823: [iter 72 : loss : 0.2486 = 0.0333 + 0.2068 + 0.0074 + 0.0011, time: 141.091678]
2023-04-29 22:22:24.852: epoch 72:	0.04076130  	0.08865318  	0.07452089  
2023-04-29 22:22:24.858: Find a better model.
2023-04-29 22:24:41.190: [iter 73 : loss : 0.2473 = 0.0331 + 0.2056 + 0.0075 + 0.0011, time: 136.290504]
2023-04-29 22:24:42.174: epoch 73:	0.04080000  	0.08851399  	0.07456253  
2023-04-29 22:27:01.643: [iter 74 : loss : 0.2461 = 0.0330 + 0.2044 + 0.0077 + 0.0011, time: 139.430611]
2023-04-29 22:27:02.605: epoch 74:	0.04094839  	0.08878347  	0.07482828  
2023-04-29 22:27:02.605: Find a better model.
2023-04-29 22:29:21.644: [iter 75 : loss : 0.2450 = 0.0330 + 0.2032 + 0.0078 + 0.0011, time: 138.997866]
2023-04-29 22:29:22.633: epoch 75:	0.04090966  	0.08860914  	0.07481409  
2023-04-29 22:31:39.344: [iter 76 : loss : 0.2439 = 0.0327 + 0.2022 + 0.0079 + 0.0010, time: 136.678105]
2023-04-29 22:31:40.264: epoch 76:	0.04097417  	0.08877806  	0.07473153  
2023-04-29 22:33:58.005: [iter 77 : loss : 0.2424 = 0.0324 + 0.2009 + 0.0081 + 0.0010, time: 137.709470]
2023-04-29 22:33:58.969: epoch 77:	0.04082577  	0.08847763  	0.07464688  
2023-04-29 22:36:18.726: [iter 78 : loss : 0.2409 = 0.0320 + 0.1997 + 0.0082 + 0.0010, time: 139.724822]
2023-04-29 22:36:19.750: epoch 78:	0.04085805  	0.08854491  	0.07486040  
2023-04-29 22:38:37.933: [iter 79 : loss : 0.2394 = 0.0315 + 0.1986 + 0.0083 + 0.0010, time: 138.151525]
2023-04-29 22:38:38.933: epoch 79:	0.04094835  	0.08850891  	0.07506366  
2023-04-29 22:40:58.523: [iter 80 : loss : 0.2387 = 0.0317 + 0.1975 + 0.0084 + 0.0010, time: 139.538527]
2023-04-29 22:40:59.511: epoch 80:	0.04122575  	0.08934229  	0.07552499  
2023-04-29 22:40:59.511: Find a better model.
2023-04-29 22:43:15.250: [iter 81 : loss : 0.2373 = 0.0316 + 0.1962 + 0.0086 + 0.0010, time: 135.695833]
2023-04-29 22:43:16.208: epoch 81:	0.04123865  	0.08925372  	0.07554129  
2023-04-29 22:45:32.090: [iter 82 : loss : 0.2362 = 0.0314 + 0.1950 + 0.0087 + 0.0010, time: 135.848815]
2023-04-29 22:45:33.151: epoch 82:	0.04132900  	0.08935966  	0.07567024  
2023-04-29 22:45:33.151: Find a better model.
2023-04-29 22:47:39.442: [iter 83 : loss : 0.2348 = 0.0310 + 0.1940 + 0.0088 + 0.0010, time: 126.257622]
2023-04-29 22:47:40.478: epoch 83:	0.04141930  	0.08973506  	0.07590128  
2023-04-29 22:47:40.479: Find a better model.
2023-04-29 22:49:43.888: [iter 84 : loss : 0.2328 = 0.0300 + 0.1928 + 0.0090 + 0.0010, time: 123.362875]
2023-04-29 22:49:44.743: epoch 84:	0.04161280  	0.09021900  	0.07620303  
2023-04-29 22:49:44.743: Find a better model.
2023-04-29 22:51:48.960: [iter 85 : loss : 0.2324 = 0.0306 + 0.1917 + 0.0091 + 0.0010, time: 124.180064]
2023-04-29 22:51:49.880: epoch 85:	0.04186439  	0.09094838  	0.07667590  
2023-04-29 22:51:49.880: Find a better model.
2023-04-29 22:53:55.655: [iter 86 : loss : 0.2308 = 0.0300 + 0.1906 + 0.0092 + 0.0010, time: 125.744148]
2023-04-29 22:53:56.553: epoch 86:	0.04192889  	0.09081519  	0.07658990  
2023-04-29 22:56:02.384: [iter 87 : loss : 0.2303 = 0.0305 + 0.1895 + 0.0094 + 0.0010, time: 125.793201]
2023-04-29 22:56:03.272: epoch 87:	0.04210309  	0.09124658  	0.07696148  
2023-04-29 22:56:03.272: Find a better model.
2023-04-29 22:58:09.059: [iter 88 : loss : 0.2297 = 0.0309 + 0.1883 + 0.0095 + 0.0010, time: 125.750528]
2023-04-29 22:58:09.973: epoch 88:	0.04208373  	0.09147476  	0.07705066  
2023-04-29 22:58:09.974: Find a better model.
2023-04-29 23:00:16.286: [iter 89 : loss : 0.2285 = 0.0305 + 0.1873 + 0.0096 + 0.0010, time: 126.277264]
2023-04-29 23:00:17.177: epoch 89:	0.04217403  	0.09170984  	0.07725118  
2023-04-29 23:00:17.177: Find a better model.
2023-04-29 23:02:23.100: [iter 90 : loss : 0.2271 = 0.0302 + 0.1863 + 0.0098 + 0.0010, time: 125.888334]
2023-04-29 23:02:23.966: epoch 90:	0.04225143  	0.09176860  	0.07737197  
2023-04-29 23:02:23.966: Find a better model.
2023-04-29 23:04:29.029: [iter 91 : loss : 0.2257 = 0.0297 + 0.1851 + 0.0099 + 0.0010, time: 125.028182]
2023-04-29 23:04:29.920: epoch 91:	0.04218047  	0.09156957  	0.07733662  
2023-04-29 23:06:36.336: [iter 92 : loss : 0.2244 = 0.0294 + 0.1840 + 0.0100 + 0.0010, time: 126.386590]
2023-04-29 23:06:37.231: epoch 92:	0.04217403  	0.09162593  	0.07736143  
2023-04-29 23:08:40.094: [iter 93 : loss : 0.2233 = 0.0292 + 0.1830 + 0.0102 + 0.0009, time: 122.836827]
2023-04-29 23:08:40.824: epoch 93:	0.04228372  	0.09199563  	0.07752159  
2023-04-29 23:08:40.824: Find a better model.
2023-04-29 23:10:48.267: [iter 94 : loss : 0.2224 = 0.0293 + 0.1819 + 0.0103 + 0.0009, time: 127.407527]
2023-04-29 23:10:49.132: epoch 94:	0.04234820  	0.09216531  	0.07778546  
2023-04-29 23:10:49.132: Find a better model.
2023-04-29 23:12:56.410: [iter 95 : loss : 0.2213 = 0.0291 + 0.1808 + 0.0104 + 0.0009, time: 127.244073]
2023-04-29 23:12:57.327: epoch 95:	0.04243853  	0.09232475  	0.07783005  
2023-04-29 23:12:57.327: Find a better model.
2023-04-29 23:15:04.016: [iter 96 : loss : 0.2202 = 0.0290 + 0.1798 + 0.0106 + 0.0009, time: 126.653271]
2023-04-29 23:15:04.941: epoch 96:	0.04257400  	0.09270995  	0.07795254  
2023-04-29 23:15:04.942: Find a better model.
2023-04-29 23:17:11.420: [iter 97 : loss : 0.2199 = 0.0295 + 0.1788 + 0.0107 + 0.0009, time: 126.444087]
2023-04-29 23:17:12.322: epoch 97:	0.04269012  	0.09296331  	0.07803392  
2023-04-29 23:17:12.323: Find a better model.
2023-04-29 23:19:18.571: [iter 98 : loss : 0.2182 = 0.0288 + 0.1777 + 0.0108 + 0.0009, time: 126.215830]
2023-04-29 23:19:19.498: epoch 98:	0.04266430  	0.09283265  	0.07788593  
2023-04-29 23:21:25.383: [iter 99 : loss : 0.2167 = 0.0282 + 0.1767 + 0.0110 + 0.0009, time: 125.853857]
2023-04-29 23:21:26.304: epoch 99:	0.04270302  	0.09294258  	0.07807334  
2023-04-29 23:23:32.605: [iter 100 : loss : 0.2170 = 0.0294 + 0.1757 + 0.0111 + 0.0009, time: 126.266128]
2023-04-29 23:23:33.520: epoch 100:	0.04271592  	0.09288551  	0.07825130  
2023-04-29 23:25:35.629: [iter 101 : loss : 0.2147 = 0.0279 + 0.1747 + 0.0112 + 0.0009, time: 122.069271]
2023-04-29 23:25:36.566: epoch 101:	0.04269655  	0.09289424  	0.07816229  
2023-04-29 23:27:42.742: [iter 102 : loss : 0.2144 = 0.0286 + 0.1736 + 0.0114 + 0.0009, time: 126.142043]
2023-04-29 23:27:43.621: epoch 102:	0.04283848  	0.09318684  	0.07837274  
2023-04-29 23:27:43.622: Find a better model.
2023-04-29 23:29:50.062: [iter 103 : loss : 0.2131 = 0.0281 + 0.1727 + 0.0115 + 0.0009, time: 126.411941]
2023-04-29 23:29:50.976: epoch 103:	0.04301267  	0.09357788  	0.07852893  
2023-04-29 23:29:50.976: Find a better model.
2023-04-29 23:31:57.317: [iter 104 : loss : 0.2126 = 0.0283 + 0.1718 + 0.0116 + 0.0009, time: 126.312289]
2023-04-29 23:31:58.198: epoch 104:	0.04312878  	0.09364543  	0.07860991  
2023-04-29 23:31:58.198: Find a better model.
2023-04-29 23:34:04.453: [iter 105 : loss : 0.2107 = 0.0274 + 0.1707 + 0.0118 + 0.0009, time: 126.225392]
2023-04-29 23:34:05.395: epoch 105:	0.04321266  	0.09399189  	0.07892063  
2023-04-29 23:34:05.395: Find a better model.
2023-04-29 23:36:13.381: [iter 106 : loss : 0.2094 = 0.0270 + 0.1697 + 0.0119 + 0.0009, time: 127.956864]
2023-04-29 23:36:14.171: epoch 106:	0.04328360  	0.09395089  	0.07900323  
2023-04-29 23:38:21.998: [iter 107 : loss : 0.2093 = 0.0276 + 0.1688 + 0.0120 + 0.0009, time: 127.794082]
2023-04-29 23:38:22.927: epoch 107:	0.04318683  	0.09406637  	0.07913516  
2023-04-29 23:38:22.927: Find a better model.
2023-04-29 23:40:29.859: [iter 108 : loss : 0.2087 = 0.0279 + 0.1678 + 0.0122 + 0.0009, time: 126.898556]
2023-04-29 23:40:30.848: epoch 108:	0.04330295  	0.09413099  	0.07912470  
2023-04-29 23:40:30.848: Find a better model.
2023-04-29 23:42:42.465: [iter 109 : loss : 0.2068 = 0.0268 + 0.1668 + 0.0123 + 0.0009, time: 131.576280]
2023-04-29 23:42:43.426: epoch 109:	0.04344486  	0.09461126  	0.07941859  
2023-04-29 23:42:43.426: Find a better model.
2023-04-29 23:45:04.359: [iter 110 : loss : 0.2055 = 0.0264 + 0.1658 + 0.0124 + 0.0009, time: 140.892670]
2023-04-29 23:45:05.328: epoch 110:	0.04345131  	0.09439278  	0.07933946  
2023-04-29 23:47:24.831: [iter 111 : loss : 0.2043 = 0.0262 + 0.1648 + 0.0126 + 0.0009, time: 139.468360]
2023-04-29 23:47:25.824: epoch 111:	0.04349003  	0.09445438  	0.07942332  
2023-04-29 23:49:45.499: [iter 112 : loss : 0.2048 = 0.0271 + 0.1641 + 0.0127 + 0.0009, time: 139.642432]
2023-04-29 23:49:46.451: epoch 112:	0.04361909  	0.09481282  	0.07970028  
2023-04-29 23:49:46.451: Find a better model.
2023-04-29 23:52:07.598: [iter 113 : loss : 0.2042 = 0.0275 + 0.1630 + 0.0128 + 0.0008, time: 141.113524]
2023-04-29 23:52:08.559: epoch 113:	0.04357392  	0.09476557  	0.07960678  
2023-04-29 23:54:29.433: [iter 114 : loss : 0.2023 = 0.0263 + 0.1622 + 0.0130 + 0.0008, time: 140.842029]
2023-04-29 23:54:30.363: epoch 114:	0.04374165  	0.09509843  	0.07986322  
2023-04-29 23:54:30.363: Find a better model.
2023-04-29 23:56:48.369: [iter 115 : loss : 0.2019 = 0.0268 + 0.1612 + 0.0131 + 0.0008, time: 137.974215]
2023-04-29 23:56:49.297: epoch 115:	0.04380620  	0.09542457  	0.08014236  
2023-04-29 23:56:49.297: Find a better model.
2023-04-29 23:59:09.751: [iter 116 : loss : 0.1999 = 0.0256 + 0.1603 + 0.0132 + 0.0008, time: 140.422197]
2023-04-29 23:59:10.620: epoch 116:	0.04384492  	0.09536608  	0.08036222  
2023-04-30 00:01:31.864: [iter 117 : loss : 0.1994 = 0.0258 + 0.1594 + 0.0134 + 0.0008, time: 141.224918]
2023-04-30 00:01:32.610: epoch 117:	0.04381267  	0.09532280  	0.08034616  
2023-04-30 00:03:54.210: [iter 118 : loss : 0.1988 = 0.0260 + 0.1585 + 0.0135 + 0.0008, time: 141.571739]
2023-04-30 00:03:55.135: epoch 118:	0.04376751  	0.09511042  	0.08029183  
2023-04-30 00:06:16.231: [iter 119 : loss : 0.1979 = 0.0258 + 0.1576 + 0.0136 + 0.0008, time: 141.061700]
2023-04-30 00:06:17.184: epoch 119:	0.04380623  	0.09506383  	0.08051407  
2023-04-30 00:08:38.016: [iter 120 : loss : 0.1970 = 0.0258 + 0.1566 + 0.0138 + 0.0008, time: 140.804572]
2023-04-30 00:08:38.979: epoch 120:	0.04378042  	0.09504357  	0.08035112  
2023-04-30 00:10:56.419: [iter 121 : loss : 0.1964 = 0.0258 + 0.1559 + 0.0139 + 0.0008, time: 137.412287]
2023-04-30 00:10:57.429: epoch 121:	0.04379975  	0.09529118  	0.08054382  
2023-04-30 00:13:16.593: [iter 122 : loss : 0.1949 = 0.0250 + 0.1550 + 0.0140 + 0.0008, time: 139.128203]
2023-04-30 00:13:17.555: epoch 122:	0.04376106  	0.09523012  	0.08040509  
2023-04-30 00:15:27.970: [iter 123 : loss : 0.1946 = 0.0256 + 0.1541 + 0.0142 + 0.0008, time: 130.384382]
2023-04-30 00:15:28.800: epoch 123:	0.04383201  	0.09549139  	0.08049987  
2023-04-30 00:15:28.800: Find a better model.
2023-04-30 00:17:34.655: [iter 124 : loss : 0.1935 = 0.0252 + 0.1532 + 0.0143 + 0.0008, time: 125.825517]
2023-04-30 00:17:35.529: epoch 124:	0.04374813  	0.09517646  	0.08047954  
2023-04-30 00:19:42.220: [iter 125 : loss : 0.1928 = 0.0253 + 0.1524 + 0.0144 + 0.0008, time: 126.663287]
2023-04-30 00:19:42.908: epoch 125:	0.04381908  	0.09533381  	0.08053737  
2023-04-30 00:22:03.843: [iter 126 : loss : 0.1926 = 0.0257 + 0.1516 + 0.0146 + 0.0008, time: 140.901570]
2023-04-30 00:22:04.752: epoch 126:	0.04394808  	0.09572366  	0.08088748  
2023-04-30 00:22:04.753: Find a better model.
2023-04-30 00:24:23.855: [iter 127 : loss : 0.1917 = 0.0255 + 0.1507 + 0.0147 + 0.0008, time: 139.067567]
2023-04-30 00:24:24.821: epoch 127:	0.04393519  	0.09557058  	0.08072893  
2023-04-30 00:26:43.485: [iter 128 : loss : 0.1906 = 0.0251 + 0.1499 + 0.0148 + 0.0008, time: 138.639757]
2023-04-30 00:26:44.435: epoch 128:	0.04401262  	0.09598707  	0.08095320  
2023-04-30 00:26:44.436: Find a better model.
2023-04-30 00:29:04.008: [iter 129 : loss : 0.1904 = 0.0255 + 0.1492 + 0.0149 + 0.0008, time: 139.540934]
2023-04-30 00:29:04.900: epoch 129:	0.04419327  	0.09624641  	0.08114160  
2023-04-30 00:29:04.901: Find a better model.
2023-04-30 00:31:22.030: [iter 130 : loss : 0.1887 = 0.0245 + 0.1484 + 0.0151 + 0.0008, time: 137.104855]
2023-04-30 00:31:22.997: epoch 130:	0.04416749  	0.09597151  	0.08112605  
2023-04-30 00:33:42.328: [iter 131 : loss : 0.1887 = 0.0252 + 0.1475 + 0.0152 + 0.0008, time: 139.296014]
2023-04-30 00:33:43.263: epoch 131:	0.04414167  	0.09606425  	0.08126323  
2023-04-30 00:36:02.662: [iter 132 : loss : 0.1871 = 0.0242 + 0.1468 + 0.0153 + 0.0008, time: 139.366647]
2023-04-30 00:36:03.562: epoch 132:	0.04416748  	0.09602995  	0.08124325  
2023-04-30 00:38:23.676: [iter 133 : loss : 0.1865 = 0.0243 + 0.1459 + 0.0155 + 0.0008, time: 140.090145]
2023-04-30 00:38:24.521: epoch 133:	0.04423199  	0.09631217  	0.08128289  
2023-04-30 00:38:24.521: Find a better model.
2023-04-30 00:40:41.744: [iter 134 : loss : 0.1868 = 0.0252 + 0.1452 + 0.0156 + 0.0008, time: 137.190889]
2023-04-30 00:40:42.679: epoch 134:	0.04421908  	0.09616867  	0.08129465  
2023-04-30 00:43:01.259: [iter 135 : loss : 0.1852 = 0.0244 + 0.1443 + 0.0157 + 0.0007, time: 138.548239]
2023-04-30 00:43:02.189: epoch 135:	0.04425130  	0.09638530  	0.08138567  
2023-04-30 00:43:02.190: Find a better model.
2023-04-30 00:45:20.765: [iter 136 : loss : 0.1841 = 0.0239 + 0.1436 + 0.0158 + 0.0007, time: 138.541710]
2023-04-30 00:45:21.734: epoch 136:	0.04414809  	0.09613556  	0.08137197  
2023-04-30 00:47:40.894: [iter 137 : loss : 0.1836 = 0.0241 + 0.1428 + 0.0160 + 0.0007, time: 139.134991]
2023-04-30 00:47:41.858: epoch 137:	0.04425133  	0.09629134  	0.08155117  
2023-04-30 00:50:00.642: [iter 138 : loss : 0.1828 = 0.0239 + 0.1421 + 0.0161 + 0.0007, time: 138.762892]
2023-04-30 00:50:01.566: epoch 138:	0.04433518  	0.09627708  	0.08153123  
2023-04-30 00:52:20.527: [iter 139 : loss : 0.1823 = 0.0240 + 0.1413 + 0.0162 + 0.0007, time: 138.930461]
2023-04-30 00:52:21.466: epoch 139:	0.04434808  	0.09628426  	0.08149678  
2023-04-30 00:54:40.812: [iter 140 : loss : 0.1823 = 0.0246 + 0.1406 + 0.0163 + 0.0007, time: 139.317822]
2023-04-30 00:54:41.737: epoch 140:	0.04457387  	0.09680785  	0.08178337  
2023-04-30 00:54:41.737: Find a better model.
2023-04-30 00:57:02.631: [iter 141 : loss : 0.1814 = 0.0243 + 0.1399 + 0.0164 + 0.0007, time: 140.857834]
2023-04-30 00:57:03.547: epoch 141:	0.04450937  	0.09669382  	0.08164939  
2023-04-30 00:59:21.186: [iter 142 : loss : 0.1797 = 0.0232 + 0.1391 + 0.0166 + 0.0007, time: 137.607305]
2023-04-30 00:59:22.128: epoch 142:	0.04468998  	0.09708481  	0.08192769  
2023-04-30 00:59:22.128: Find a better model.
2023-04-30 01:01:40.719: [iter 143 : loss : 0.1796 = 0.0238 + 0.1385 + 0.0167 + 0.0007, time: 138.562944]
2023-04-30 01:01:41.625: epoch 143:	0.04474160  	0.09731545  	0.08213706  
2023-04-30 01:01:41.631: Find a better model.
2023-04-30 01:03:59.160: [iter 144 : loss : 0.1791 = 0.0239 + 0.1377 + 0.0168 + 0.0007, time: 137.506756]
2023-04-30 01:04:00.096: epoch 144:	0.04474803  	0.09733038  	0.08205616  
2023-04-30 01:04:00.096: Find a better model.
2023-04-30 01:06:19.374: [iter 145 : loss : 0.1787 = 0.0239 + 0.1372 + 0.0169 + 0.0007, time: 139.252970]
2023-04-30 01:06:20.359: epoch 145:	0.04479964  	0.09726977  	0.08206359  
2023-04-30 01:08:40.029: [iter 146 : loss : 0.1777 = 0.0236 + 0.1364 + 0.0171 + 0.0007, time: 139.645610]
2023-04-30 01:08:41.055: epoch 146:	0.04484478  	0.09749879  	0.08220053  
2023-04-30 01:08:41.055: Find a better model.
2023-04-30 01:11:01.066: [iter 147 : loss : 0.1772 = 0.0236 + 0.1357 + 0.0172 + 0.0007, time: 139.976314]
2023-04-30 01:11:02.078: epoch 147:	0.04487061  	0.09758265  	0.08234717  
2023-04-30 01:11:02.078: Find a better model.
2023-04-30 01:13:22.894: [iter 148 : loss : 0.1766 = 0.0236 + 0.1350 + 0.0173 + 0.0007, time: 140.781085]
2023-04-30 01:13:23.855: epoch 148:	0.04484480  	0.09759102  	0.08225070  
2023-04-30 01:13:23.855: Find a better model.
2023-04-30 01:15:44.878: [iter 149 : loss : 0.1752 = 0.0228 + 0.1343 + 0.0174 + 0.0007, time: 140.998620]
2023-04-30 01:15:45.892: epoch 149:	0.04499316  	0.09786671  	0.08236752  
2023-04-30 01:15:45.893: Find a better model.
2023-04-30 01:18:04.838: [iter 150 : loss : 0.1753 = 0.0234 + 0.1336 + 0.0175 + 0.0007, time: 138.919664]
2023-04-30 01:18:05.629: epoch 150:	0.04505769  	0.09789429  	0.08247462  
2023-04-30 01:18:05.629: Find a better model.
2023-04-30 01:20:28.331: [iter 151 : loss : 0.1746 = 0.0233 + 0.1330 + 0.0177 + 0.0007, time: 142.669554]
2023-04-30 01:20:29.345: epoch 151:	0.04501899  	0.09789875  	0.08239331  
2023-04-30 01:20:29.345: Find a better model.
2023-04-30 01:22:51.314: [iter 152 : loss : 0.1739 = 0.0231 + 0.1323 + 0.0178 + 0.0007, time: 141.937153]
2023-04-30 01:22:52.335: epoch 152:	0.04500612  	0.09793951  	0.08242178  
2023-04-30 01:22:52.335: Find a better model.
2023-04-30 01:25:12.767: [iter 153 : loss : 0.1735 = 0.0232 + 0.1317 + 0.0179 + 0.0007, time: 140.388430]
2023-04-30 01:25:13.808: epoch 153:	0.04491581  	0.09763688  	0.08222342  
2023-04-30 01:27:35.156: [iter 154 : loss : 0.1727 = 0.0229 + 0.1311 + 0.0180 + 0.0007, time: 141.303442]
2023-04-30 01:27:36.166: epoch 154:	0.04483837  	0.09738865  	0.08223120  
2023-04-30 01:29:56.451: [iter 155 : loss : 0.1721 = 0.0229 + 0.1304 + 0.0181 + 0.0007, time: 140.244172]
2023-04-30 01:29:57.507: epoch 155:	0.04491578  	0.09743081  	0.08234752  
2023-04-30 01:32:16.079: [iter 156 : loss : 0.1720 = 0.0233 + 0.1298 + 0.0182 + 0.0007, time: 138.533958]
2023-04-30 01:32:17.083: epoch 156:	0.04479323  	0.09732024  	0.08226136  
2023-04-30 01:34:37.992: [iter 157 : loss : 0.1712 = 0.0229 + 0.1293 + 0.0184 + 0.0007, time: 140.874707]
2023-04-30 01:34:39.035: epoch 157:	0.04496098  	0.09775788  	0.08252890  
2023-04-30 01:36:59.955: [iter 158 : loss : 0.1707 = 0.0230 + 0.1285 + 0.0185 + 0.0007, time: 140.862658]
2023-04-30 01:37:00.976: epoch 158:	0.04508999  	0.09811742  	0.08271660  
2023-04-30 01:37:00.976: Find a better model.
2023-04-30 01:39:21.930: [iter 159 : loss : 0.1692 = 0.0221 + 0.1278 + 0.0186 + 0.0007, time: 140.908655]
2023-04-30 01:39:22.967: epoch 159:	0.04483841  	0.09753934  	0.08264724  
2023-04-30 01:41:43.199: [iter 160 : loss : 0.1690 = 0.0222 + 0.1274 + 0.0187 + 0.0007, time: 140.181723]
2023-04-30 01:41:44.232: epoch 160:	0.04492873  	0.09770077  	0.08273396  
2023-04-30 01:44:04.375: [iter 161 : loss : 0.1686 = 0.0224 + 0.1268 + 0.0188 + 0.0007, time: 140.099773]
2023-04-30 01:44:05.405: epoch 161:	0.04488357  	0.09770680  	0.08288157  
2023-04-30 01:46:22.662: [iter 162 : loss : 0.1681 = 0.0225 + 0.1261 + 0.0189 + 0.0007, time: 137.214930]
2023-04-30 01:46:23.673: epoch 162:	0.04492226  	0.09773838  	0.08275259  
2023-04-30 01:48:45.795: [iter 163 : loss : 0.1675 = 0.0223 + 0.1255 + 0.0190 + 0.0007, time: 142.080090]
2023-04-30 01:48:46.702: epoch 163:	0.04488355  	0.09762941  	0.08274366  
2023-04-30 01:51:09.052: [iter 164 : loss : 0.1675 = 0.0228 + 0.1249 + 0.0191 + 0.0006, time: 142.311431]
2023-04-30 01:51:10.075: epoch 164:	0.04494160  	0.09772484  	0.08289047  
2023-04-30 01:53:30.622: [iter 165 : loss : 0.1670 = 0.0228 + 0.1242 + 0.0193 + 0.0006, time: 140.510910]
2023-04-30 01:53:31.590: epoch 165:	0.04484485  	0.09750117  	0.08276912  
2023-04-30 01:55:51.114: [iter 166 : loss : 0.1657 = 0.0220 + 0.1237 + 0.0194 + 0.0006, time: 139.486489]
2023-04-30 01:55:52.075: epoch 166:	0.04491583  	0.09786741  	0.08290432  
2023-04-30 01:58:03.043: [iter 167 : loss : 0.1659 = 0.0225 + 0.1232 + 0.0195 + 0.0006, time: 130.932489]
2023-04-30 01:58:03.972: epoch 167:	0.04497389  	0.09806054  	0.08289440  
2023-04-30 02:00:08.476: [iter 168 : loss : 0.1649 = 0.0220 + 0.1226 + 0.0196 + 0.0006, time: 124.474337]
2023-04-30 02:00:09.350: epoch 168:	0.04493520  	0.09805604  	0.08300947  
2023-04-30 02:00:09.350: Early stopping is trigger at epoch: 168
2023-04-30 02:00:09.350: best_result@epoch 158:

2023-04-30 02:00:09.350: 		0.0451      	0.0981      	0.0827      
