2023-09-01 14:20:53.080: my pid: 9469
2023-09-01 14:20:53.080: model: model.general_recommender.GNNEC
2023-09-01 14:20:53.080: Dataset statistics:
Name: ml1m
The number of users: 6040
The number of items: 3706
The number of ratings: 1000209
Average actions of users: 165.60
Average actions of items: 269.89
The sparsity of the dataset: 95.531637%

The number of training: 902826
The number of validation: 0
The number of testing: 97383
2023-09-01 14:20:53.080: NeuRec:[NeuRec]:
recommender=GNNEC
dataset=ml1m
file_column=UI
sep=','
gpu_id=0
gpu_mem=0.99
metric=["Precision", "Recall", "NDCG"]
top_k=[20]
test_thread=8
test_batch_size=128
seed=2021
start_testing_epoch=0

GNNEC:[hyperparameters]:
mf_reg=0.02
svd_q=5
aug_type=ND
reg=1e-4
embed_size=32
n_layers=2
ssl_reg=0.02
ssl_ratio=0.1
ssl_temp=0.5
ssl_mode=both_side
lr=1e-3
learner=adam
adj_type=pre
epochs=200
batch_size=2048
num_negatives=1
param_init=xavier_uniform
stddev=0.01
verbose=1
stop_cnt=10
pretrain_flag=0
save_flag=0

Command line:
recommender=GNNEC
dataset=ml1m
epochs=200
n_layers=2
embed_size=32
batch_size=2048
lr=1e-3
aug_type=ND
reg=1e-4
ssl_reg=0.02
ssl_ratio=0.1
ssl_temp=0.5
mf_reg=0.02
svd_q=5
2023-09-01 14:20:57.823: metrics:	Precision@20	Recall@20   	NDCG@20     
