2023-09-01 15:51:34.494: my pid: 19941
2023-09-01 15:51:34.494: model: model.general_recommender.GNNEC
2023-09-01 15:51:34.494: Dataset statistics:
Name: ml1m
The number of users: 6040
The number of items: 3706
The number of ratings: 1000209
Average actions of users: 165.60
Average actions of items: 269.89
The sparsity of the dataset: 95.531637%

The number of training: 902826
The number of validation: 0
The number of testing: 97383
2023-09-01 15:51:34.494: NeuRec:[NeuRec]:
recommender=GNNEC
dataset=ml1m
file_column=UI
sep=','
gpu_id=0
gpu_mem=0.99
metric=["Precision", "Recall", "NDCG"]
top_k=[20]
test_thread=8
test_batch_size=128
seed=2021
start_testing_epoch=0

GNNEC:[hyperparameters]:
mf_reg=0.02
svd_q=5
aug_type=ND
reg=1e-4
embed_size=32
n_layers=2
ssl_reg=0.02
ssl_ratio=0.1
ssl_temp=0.1
ssl_mode=both_side
lr=1e-3
learner=adam
adj_type=pre
epochs=200
batch_size=2048
num_negatives=1
param_init=xavier_uniform
stddev=0.01
verbose=1
stop_cnt=10
pretrain_flag=0
save_flag=0

Command line:
recommender=GNNEC
dataset=ml1m
epochs=200
n_layers=2
embed_size=32
batch_size=2048
lr=1e-3
aug_type=ND
reg=1e-4
ssl_reg=0.02
ssl_ratio=0.1
ssl_temp=0.1
mf_reg=0.02
svd_q=5
2023-09-01 15:51:39.252: metrics:	Precision@20	Recall@20   	NDCG@20     
2023-09-01 15:52:06.756: [iter 1 : loss : 0.7071 = 0.6286 + 0.0498 + 0.0001 + 0.0285, time: 27.503287]
2023-09-01 15:52:06.991: epoch 1:	0.11258933  	0.17210591  	0.18499227  
2023-09-01 15:52:06.991: Find a better model.
2023-09-01 15:52:33.896: [iter 2 : loss : -0.2206 = 0.4695 + -0.3240 + 0.0007 + -0.3669, time: 26.862945]
2023-09-01 15:52:34.135: epoch 2:	0.12099984  	0.18835881  	0.19731870  
2023-09-01 15:52:34.135: Find a better model.
2023-09-01 15:53:01.197: [iter 3 : loss : -0.7863 = 0.4154 + -0.5841 + 0.0015 + -0.6191, time: 27.008655]
2023-09-01 15:53:01.433: epoch 3:	0.12507264  	0.19687450  	0.20515521  
2023-09-01 15:53:01.434: Find a better model.
2023-09-01 15:53:28.456: [iter 4 : loss : -1.1761 = 0.4158 + -0.7813 + 0.0023 + -0.8128, time: 26.971586]
2023-09-01 15:53:28.691: epoch 4:	0.12864062  	0.20226483  	0.21185204  
2023-09-01 15:53:28.692: Find a better model.
2023-09-01 15:53:56.129: [iter 5 : loss : -1.4845 = 0.4348 + -0.9470 + 0.0031 + -0.9753, time: 27.383344]
2023-09-01 15:53:56.364: epoch 5:	0.13147999  	0.20692737  	0.21789941  
2023-09-01 15:53:56.364: Find a better model.
2023-09-01 15:54:23.446: [iter 6 : loss : -1.7463 = 0.4616 + -1.0948 + 0.0040 + -1.1170, time: 27.042981]
2023-09-01 15:54:23.677: epoch 6:	0.13377309  	0.21046078  	0.22115164  
2023-09-01 15:54:23.677: Find a better model.
2023-09-01 15:54:50.849: [iter 7 : loss : -1.9613 = 0.4965 + -1.2204 + 0.0049 + -1.2423, time: 27.123568]
2023-09-01 15:54:51.085: epoch 7:	0.13561906  	0.21281609  	0.22400741  
2023-09-01 15:54:51.085: Find a better model.
2023-09-01 15:55:17.713: [iter 8 : loss : -2.1569 = 0.5251 + -1.3319 + 0.0058 + -1.3558, time: 26.587959]
2023-09-01 15:55:17.944: epoch 8:	0.13686909  	0.21407574  	0.22594081  
2023-09-01 15:55:17.944: Find a better model.
2023-09-01 15:55:44.753: [iter 9 : loss : -2.3330 = 0.5537 + -1.4344 + 0.0067 + -1.4590, time: 26.772620]
2023-09-01 15:55:44.991: epoch 9:	0.13760585  	0.21513133  	0.22777770  
2023-09-01 15:55:44.992: Find a better model.
2023-09-01 15:56:11.656: [iter 10 : loss : nan = nan + nan + nan + nan, time: 26.624771]
2023-09-01 15:56:11.867: epoch 10:	0.00782278  	0.00840017  	0.01173091  
2023-09-01 15:56:38.916: [iter 11 : loss : nan = nan + nan + nan + nan, time: 27.015909]
2023-09-01 15:56:39.150: epoch 11:	0.00782278  	0.00840017  	0.01173091  
2023-09-01 15:57:06.203: [iter 12 : loss : nan = nan + nan + nan + nan, time: 27.003145]
2023-09-01 15:57:06.440: epoch 12:	0.00782278  	0.00840017  	0.01173091  
2023-09-01 15:57:33.158: [iter 13 : loss : nan = nan + nan + nan + nan, time: 26.668224]
2023-09-01 15:57:33.395: epoch 13:	0.00782278  	0.00840017  	0.01173091  
2023-09-01 15:58:00.322: [iter 14 : loss : nan = nan + nan + nan + nan, time: 26.887465]
2023-09-01 15:58:00.557: epoch 14:	0.00782278  	0.00840017  	0.01173091  
2023-09-01 15:58:27.519: [iter 15 : loss : nan = nan + nan + nan + nan, time: 26.921763]
2023-09-01 15:58:27.755: epoch 15:	0.00782278  	0.00840017  	0.01173091  
